INFO:trainer_layer_backward:CNNEx | mnist
INFO:trainer_layer_backward:in_size : 256 | epochs : 1 | batch : 1
INFO:trainer_layer_backward:kernel_l1 : 129 | kernel_l2 : 65 | kernel_l3 : 33 
INFO:trainer_layer_backward:o_channels_l1 : 5 | o_channels_l2 : 5 | o_channels_l3 : 5 
INFO:trainer_layer_backward::::::::::::::::::::::::::::::::::::::::::::::::::::::::::::
INFO:trainer_layer_backward:message : cnn_all_layer 
INFO:trainer_layer_backward::::::::::::::::::::::::::::::::::::::::::::::::::::::::::::
INFO:trainer_layer_backward:Ave_Time : 17.413303316855917
INFO:trainer_layer_backward::::::::::::::::::::::::::::::::::::::::::::::::::::::::::::
INFO:trainer_layer_backward:17.82083511352539
INFO:trainer_layer_backward:17.314672470092773
INFO:trainer_layer_backward:17.852306365966797
INFO:trainer_layer_backward:17.57955551147461
INFO:trainer_layer_backward:17.36307144165039
INFO:trainer_layer_backward:16.78776741027832
INFO:trainer_layer_backward:17.4407958984375
INFO:trainer_layer_backward:17.014265060424805
INFO:trainer_layer_backward:17.38715171813965
INFO:trainer_layer_backward:17.719268798828125
INFO:trainer_layer_backward:28.03349494934082
INFO:trainer_layer_backward:16.56794548034668
INFO:trainer_layer_backward:17.43936538696289
INFO:trainer_layer_backward:17.30489730834961
INFO:trainer_layer_backward:16.937732696533203
INFO:trainer_layer_backward:17.3037052154541
INFO:trainer_layer_backward:17.462730407714844
INFO:trainer_layer_backward:17.481327056884766
INFO:trainer_layer_backward:17.4868106842041
INFO:trainer_layer_backward:17.369508743286133
INFO:trainer_layer_backward:17.003536224365234
INFO:trainer_layer_backward:17.339706420898438
INFO:trainer_layer_backward:17.47417449951172
INFO:trainer_layer_backward:17.480850219726562
INFO:trainer_layer_backward:17.077207565307617
INFO:trainer_layer_backward:17.299652099609375
INFO:trainer_layer_backward:17.25172996520996
INFO:trainer_layer_backward:17.258167266845703
INFO:trainer_layer_backward:17.575740814208984
INFO:trainer_layer_backward:17.310142517089844
INFO:trainer_layer_backward:16.982078552246094
INFO:trainer_layer_backward:16.87455177307129
INFO:trainer_layer_backward:17.308712005615234
INFO:trainer_layer_backward:17.66514778137207
INFO:trainer_layer_backward:18.158674240112305
INFO:trainer_layer_backward:17.37666130065918
INFO:trainer_layer_backward:16.947031021118164
INFO:trainer_layer_backward:16.84713363647461
INFO:trainer_layer_backward:17.68660545349121
INFO:trainer_layer_backward:17.727136611938477
INFO:trainer_layer_backward:17.499923706054688
INFO:trainer_layer_backward:16.57700538635254
INFO:trainer_layer_backward:17.07625389099121
INFO:trainer_layer_backward:16.805410385131836
INFO:trainer_layer_backward:17.372846603393555
INFO:trainer_layer_backward:17.893075942993164
INFO:trainer_layer_backward:17.423391342163086
INFO:trainer_layer_backward:16.904592514038086
INFO:trainer_layer_backward:17.18616485595703
INFO:trainer_layer_backward:17.127275466918945
INFO:trainer_layer_backward:17.743349075317383
INFO:trainer_layer_backward:17.49897003173828
INFO:trainer_layer_backward:17.492055892944336
INFO:trainer_layer_backward:16.689777374267578
INFO:trainer_layer_backward:16.55745506286621
INFO:trainer_layer_backward:17.12203025817871
INFO:trainer_layer_backward:17.232894897460938
INFO:trainer_layer_backward:17.252206802368164
INFO:trainer_layer_backward:17.625808715820312
INFO:trainer_layer_backward:16.597270965576172
INFO:trainer_layer_backward:17.531156539916992
INFO:trainer_layer_backward:17.276287078857422
INFO:trainer_layer_backward:17.05002784729004
INFO:trainer_layer_backward:17.43292808532715
INFO:trainer_layer_backward:17.632246017456055
INFO:trainer_layer_backward:18.016815185546875
INFO:trainer_layer_backward:17.02117919921875
INFO:trainer_layer_backward:17.002582550048828
INFO:trainer_layer_backward:16.311168670654297
INFO:trainer_layer_backward:17.81296730041504
INFO:trainer_layer_backward:17.28343963623047
INFO:trainer_layer_backward:16.928911209106445
INFO:trainer_layer_backward:16.58344268798828
INFO:trainer_layer_backward:17.15540885925293
INFO:trainer_layer_backward:17.986536026000977
INFO:trainer_layer_backward:17.665863037109375
INFO:trainer_layer_backward:16.750335693359375
INFO:trainer_layer_backward:17.06552505493164
INFO:trainer_layer_backward:16.845226287841797
INFO:trainer_layer_backward:17.49563217163086
INFO:trainer_layer_backward:17.7152156829834
INFO:trainer_layer_backward:17.73810386657715
INFO:trainer_layer_backward:17.28653907775879
INFO:trainer_layer_backward:17.125606536865234
INFO:trainer_layer_backward:16.898393630981445
INFO:trainer_layer_backward:17.559289932250977
INFO:trainer_layer_backward:17.910003662109375
INFO:trainer_layer_backward:16.651630401611328
INFO:trainer_layer_backward:17.171382904052734
INFO:trainer_layer_backward:16.997814178466797
INFO:trainer_layer_backward:17.22240447998047
INFO:trainer_layer_backward:16.896963119506836
INFO:trainer_layer_backward:17.62557029724121
INFO:trainer_layer_backward:17.96269416809082
INFO:trainer_layer_backward:17.822265625
INFO:trainer_layer_backward:17.182111740112305
INFO:trainer_layer_backward:16.565322875976562
INFO:trainer_layer_backward:17.264604568481445
INFO:trainer_layer_backward:17.791032791137695
INFO:trainer_layer_backward:17.632722854614258
INFO:trainer_layer_backward:17.253398895263672
INFO:trainer_layer_backward:17.055034637451172
INFO:trainer_layer_backward:17.27151870727539
INFO:trainer_layer_backward:17.908334732055664
INFO:trainer_layer_backward:17.848491668701172
INFO:trainer_layer_backward:17.81630516052246
INFO:trainer_layer_backward:17.41480827331543
INFO:trainer_layer_backward:17.57073402404785
INFO:trainer_layer_backward:17.821311950683594
INFO:trainer_layer_backward:17.79007911682129
INFO:trainer_layer_backward:17.556190490722656
INFO:trainer_layer_backward:17.03047752380371
INFO:trainer_layer_backward:16.761064529418945
INFO:trainer_layer_backward:17.979860305786133
INFO:trainer_layer_backward:17.68183708190918
INFO:trainer_layer_backward:18.214941024780273
INFO:trainer_layer_backward:16.401052474975586
INFO:trainer_layer_backward:17.57526397705078
INFO:trainer_layer_backward:17.43769645690918
INFO:trainer_layer_backward:17.26508140563965
INFO:trainer_layer_backward:17.666339874267578
INFO:trainer_layer_backward:17.334938049316406
INFO:trainer_layer_backward:18.188953399658203
INFO:trainer_layer_backward:17.208337783813477
INFO:trainer_layer_backward:17.53830909729004
INFO:trainer_layer_backward:17.508268356323242
INFO:trainer_layer_backward:17.64655113220215
INFO:trainer_layer_backward:17.181873321533203
INFO:trainer_layer_backward:16.64423942565918
INFO:trainer_layer_backward:17.528295516967773
INFO:trainer_layer_backward:17.599821090698242
INFO:trainer_layer_backward:17.70186424255371
INFO:trainer_layer_backward:17.204761505126953
INFO:trainer_layer_backward:17.895221710205078
INFO:trainer_layer_backward:16.88361167907715
INFO:trainer_layer_backward:17.518997192382812
INFO:trainer_layer_backward:17.743349075317383
INFO:trainer_layer_backward:17.424821853637695
INFO:trainer_layer_backward:16.594886779785156
INFO:trainer_layer_backward:17.772912979125977
INFO:trainer_layer_backward:16.368389129638672
INFO:trainer_layer_backward:17.240047454833984
INFO:trainer_layer_backward:17.17543601989746
INFO:trainer_layer_backward:26.642322540283203
INFO:trainer_layer_backward:17.64845848083496
INFO:trainer_layer_backward:17.45915412902832
INFO:trainer_layer_backward:17.345905303955078
INFO:trainer_layer_backward:17.762422561645508
INFO:trainer_layer_backward:17.553329467773438
INFO:trainer_layer_backward:16.967296600341797
INFO:trainer_layer_backward:17.41647720336914
INFO:trainer_layer_backward:17.031431198120117
INFO:trainer_layer_backward:17.13109016418457
INFO:trainer_layer_backward:16.91436767578125
INFO:trainer_layer_backward:17.460107803344727
INFO:trainer_layer_backward:16.931533813476562
INFO:trainer_layer_backward:17.282962799072266
INFO:trainer_layer_backward:17.58599281311035
INFO:trainer_layer_backward:17.412662506103516
INFO:trainer_layer_backward:17.93813705444336
INFO:trainer_layer_backward:16.98589324951172
INFO:trainer_layer_backward:17.218351364135742
INFO:trainer_layer_backward:17.03929901123047
INFO:trainer_layer_backward:17.432689666748047
INFO:trainer_layer_backward:17.4863338470459
INFO:trainer_layer_backward:17.156362533569336
INFO:trainer_layer_backward:16.56341552734375
INFO:trainer_layer_backward:17.293930053710938
INFO:trainer_layer_backward:17.638683319091797
INFO:trainer_layer_backward:17.764568328857422
INFO:trainer_layer_backward:16.90220832824707
INFO:trainer_layer_backward:16.951560974121094
INFO:trainer_layer_backward:17.018556594848633
INFO:trainer_layer_backward:17.615556716918945
INFO:trainer_layer_backward:17.240285873413086
INFO:trainer_layer_backward:17.464876174926758
INFO:trainer_layer_backward:17.372846603393555
INFO:trainer_layer_backward:17.279386520385742
INFO:trainer_layer_backward:17.023324966430664
INFO:trainer_layer_backward:17.493247985839844
INFO:trainer_layer_backward:17.002105712890625
INFO:trainer_layer_backward:17.378568649291992
INFO:trainer_layer_backward:17.627954483032227
INFO:trainer_layer_backward:17.577171325683594
INFO:trainer_layer_backward:17.03476905822754
INFO:trainer_layer_backward:17.41337776184082
INFO:trainer_layer_backward:17.727375030517578
INFO:trainer_layer_backward:17.40741729736328
INFO:trainer_layer_backward:17.491817474365234
INFO:trainer_layer_backward:17.075777053833008
INFO:trainer_layer_backward:16.91579818725586
INFO:trainer_layer_backward:17.3799991607666
INFO:trainer_layer_backward:17.38762855529785
INFO:trainer_layer_backward:17.004728317260742
INFO:trainer_layer_backward:17.43006706237793
INFO:trainer_layer_backward:17.586708068847656
INFO:trainer_layer_backward:16.993999481201172
INFO:trainer_layer_backward:17.023324966430664
INFO:trainer_layer_backward:17.03810691833496
INFO:trainer_layer_backward:17.725229263305664
INFO:trainer_layer_backward:17.284870147705078
INFO:trainer_layer_backward:17.707347869873047
INFO:trainer_layer_backward:16.79515838623047
INFO:trainer_layer_backward:16.71600341796875
INFO:trainer_layer_backward:17.41957664489746
INFO:trainer_layer_backward:17.649412155151367
INFO:trainer_layer_backward:17.218351364135742
INFO:trainer_layer_backward:17.718076705932617
INFO:trainer_layer_backward:17.870187759399414
INFO:trainer_layer_backward:17.56119728088379
INFO:trainer_layer_backward:17.0290470123291
INFO:trainer_layer_backward:17.736434936523438
INFO:trainer_layer_backward:17.913341522216797
INFO:trainer_layer_backward:17.372846603393555
INFO:trainer_layer_backward:17.21668243408203
INFO:trainer_layer_backward:23.63729476928711
INFO:trainer_layer_backward:17.754793167114258
INFO:trainer_layer_backward:16.930818557739258
INFO:trainer_layer_backward:17.235994338989258
INFO:trainer_layer_backward:17.98391342163086
INFO:trainer_layer_backward:18.05901527404785
INFO:trainer_layer_backward:17.923593521118164
INFO:trainer_layer_backward:17.251253128051758
INFO:trainer_layer_backward:17.2576904296875
INFO:trainer_layer_backward:17.305850982666016
INFO:trainer_layer_backward:17.4257755279541
INFO:trainer_layer_backward:17.69232749938965
INFO:trainer_layer_backward:17.806291580200195
INFO:trainer_layer_backward:17.133712768554688
INFO:trainer_layer_backward:17.543792724609375
INFO:trainer_layer_backward:17.730236053466797
INFO:trainer_layer_backward:17.60101318359375
INFO:trainer_layer_backward:17.354965209960938
INFO:trainer_layer_backward:17.73357391357422
INFO:trainer_layer_backward:16.835689544677734
INFO:trainer_layer_backward:16.665935516357422
INFO:trainer_layer_backward:17.458677291870117
INFO:trainer_layer_backward:17.809629440307617
INFO:trainer_layer_backward:17.708301544189453
INFO:trainer_layer_backward:18.461942672729492
INFO:trainer_layer_backward:18.080949783325195
INFO:trainer_layer_backward:16.660451889038086
INFO:trainer_layer_backward:17.45295524597168
INFO:trainer_layer_backward:16.915321350097656
INFO:trainer_layer_backward:17.04883575439453
INFO:trainer_layer_backward:17.012834548950195
INFO:trainer_layer_backward:17.49134063720703
INFO:trainer_layer_backward:16.967058181762695
INFO:trainer_layer_backward:17.40097999572754
INFO:trainer_layer_backward:17.467260360717773
INFO:trainer_layer_backward:17.28677749633789
INFO:trainer_layer_backward:17.128944396972656
INFO:trainer_layer_backward:17.410993576049805
INFO:trainer_layer_backward:17.498254776000977
INFO:trainer_layer_backward:17.03357696533203
INFO:trainer_layer_backward:17.418384552001953
INFO:trainer_layer_backward:17.447710037231445
INFO:trainer_layer_backward:16.710281372070312
INFO:trainer_layer_backward:16.481637954711914
INFO:trainer_layer_backward:17.23337173461914
INFO:trainer_layer_backward:16.878843307495117
INFO:trainer_layer_backward:17.287492752075195
INFO:trainer_layer_backward:17.349720001220703
INFO:trainer_layer_backward:17.153024673461914
INFO:trainer_layer_backward:16.981124877929688
INFO:trainer_layer_backward:17.482519149780273
INFO:trainer_layer_backward:17.011165618896484
INFO:trainer_layer_backward:17.57502555847168
INFO:trainer_layer_backward:17.522811889648438
INFO:trainer_layer_backward:17.484188079833984
INFO:trainer_layer_backward:17.225265502929688
INFO:trainer_layer_backward:17.4252986907959
INFO:trainer_layer_backward:17.34137535095215
INFO:trainer_layer_backward:17.009735107421875
INFO:trainer_layer_backward:17.273426055908203
INFO:trainer_layer_backward:16.90983772277832
INFO:trainer_layer_backward:16.983747482299805
INFO:trainer_layer_backward:16.884326934814453
INFO:trainer_layer_backward:17.438888549804688
INFO:trainer_layer_backward:17.357349395751953
INFO:trainer_layer_backward:17.19069480895996
INFO:trainer_layer_backward:17.590761184692383
INFO:trainer_layer_backward:17.345905303955078
INFO:trainer_layer_backward:16.946077346801758
INFO:trainer_layer_backward:17.54617691040039
INFO:trainer_layer_backward:17.950057983398438
INFO:trainer_layer_backward:17.87734031677246
INFO:trainer_layer_backward:18.0203914642334
INFO:trainer_layer_backward:18.163442611694336
INFO:trainer_layer_backward:16.467571258544922
INFO:trainer_layer_backward:17.390012741088867
INFO:trainer_layer_backward:17.810821533203125
INFO:trainer_layer_backward:17.59624481201172
INFO:trainer_layer_backward:17.224788665771484
INFO:trainer_layer_backward:16.710996627807617
INFO:trainer_layer_backward:17.292499542236328
INFO:trainer_layer_backward:17.65727996826172
INFO:trainer_layer_backward:17.954111099243164
INFO:trainer_layer_backward:17.83919334411621
INFO:trainer_layer_backward:16.688108444213867
INFO:trainer_layer_backward:17.798185348510742
INFO:trainer_layer_backward:17.70162582397461
INFO:trainer_layer_backward:17.323732376098633
INFO:trainer_layer_backward:17.08245277404785
INFO:trainer_layer_backward:17.998456954956055
INFO:trainer_layer_backward:17.14348793029785
INFO:trainer_layer_backward:17.370939254760742
INFO:trainer_layer_backward:17.38262176513672
INFO:trainer_layer_backward:17.19808578491211
INFO:trainer_layer_backward:17.405033111572266
INFO:trainer_layer_backward:17.788410186767578
INFO:trainer_layer_backward:17.20285415649414
INFO:trainer_layer_backward:17.370223999023438
INFO:trainer_layer_backward:17.175674438476562
INFO:trainer_layer_backward:17.8678035736084
INFO:trainer_layer_backward:17.8067684173584
INFO:trainer_layer_backward:16.971111297607422
INFO:trainer_layer_backward:16.698837280273438
INFO:trainer_layer_backward:17.392873764038086
INFO:trainer_layer_backward:17.846345901489258
INFO:trainer_layer_backward:17.191410064697266
INFO:trainer_layer_backward:17.537355422973633
INFO:trainer_layer_backward:18.216848373413086
INFO:trainer_layer_backward:17.424821853637695
INFO:trainer_layer_backward:16.87335968017578
INFO:trainer_layer_backward:17.503976821899414
INFO:trainer_layer_backward:17.857074737548828
INFO:trainer_layer_backward:17.136573791503906
INFO:trainer_layer_backward:16.59369468688965
INFO:trainer_layer_backward:17.49444007873535
INFO:trainer_layer_backward:18.366098403930664
INFO:trainer_layer_backward:17.586708068847656
INFO:trainer_layer_backward:16.81208610534668
INFO:trainer_layer_backward:17.288923263549805
INFO:trainer_layer_backward:17.392635345458984
INFO:trainer_layer_backward:17.871379852294922
INFO:trainer_layer_backward:18.096923828125
INFO:trainer_layer_backward:17.69876480102539
INFO:trainer_layer_backward:17.637014389038086
INFO:trainer_layer_backward:17.513275146484375
INFO:trainer_layer_backward:17.46964454650879
INFO:trainer_layer_backward:17.350435256958008
INFO:trainer_layer_backward:17.290830612182617
INFO:trainer_layer_backward:17.49396324157715
INFO:trainer_layer_backward:16.663551330566406
INFO:trainer_layer_backward:18.285512924194336
INFO:trainer_layer_backward:17.801284790039062
INFO:trainer_layer_backward:17.69423484802246
INFO:trainer_layer_backward:17.97032356262207
INFO:trainer_layer_backward:16.592025756835938
INFO:trainer_layer_backward:18.06640625
INFO:trainer_layer_backward:16.976594924926758
INFO:trainer_layer_backward:17.533063888549805
INFO:trainer_layer_backward:17.84062385559082
INFO:trainer_layer_backward:17.648696899414062
INFO:trainer_layer_backward:16.878604888916016
INFO:trainer_layer_backward:17.98391342163086
INFO:trainer_layer_backward:17.318010330200195
INFO:trainer_layer_backward:17.779111862182617
INFO:trainer_layer_backward:17.641782760620117
INFO:trainer_layer_backward:17.74001121520996
INFO:trainer_layer_backward:16.51930809020996
INFO:trainer_layer_backward:17.274856567382812
INFO:trainer_layer_backward:16.98613166809082
INFO:trainer_layer_backward:17.426490783691406
INFO:trainer_layer_backward:17.865657806396484
INFO:trainer_layer_backward:17.5931453704834
INFO:trainer_layer_backward:17.949581146240234
INFO:trainer_layer_backward:17.255544662475586
INFO:trainer_layer_backward:17.06719398498535
INFO:trainer_layer_backward:17.014026641845703
INFO:trainer_layer_backward:17.87281036376953
INFO:trainer_layer_backward:17.95339584350586
INFO:trainer_layer_backward:17.250776290893555
INFO:trainer_layer_backward:17.293691635131836
INFO:trainer_layer_backward:16.98160171508789
INFO:trainer_layer_backward:17.737150192260742
INFO:trainer_layer_backward:17.64082908630371
INFO:trainer_layer_backward:18.204212188720703
INFO:trainer_layer_backward:16.761064529418945
INFO:trainer_layer_backward:17.289400100708008
INFO:trainer_layer_backward:17.693281173706055
INFO:trainer_layer_backward:17.186641693115234
INFO:trainer_layer_backward:17.415761947631836
INFO:trainer_layer_backward:16.955852508544922
INFO:trainer_layer_backward:17.12489128112793
INFO:trainer_layer_backward:17.58885383605957
INFO:trainer_layer_backward:17.70639419555664
INFO:trainer_layer_backward:17.191410064697266
INFO:trainer_layer_backward:17.232894897460938
INFO:trainer_layer_backward:17.514705657958984
INFO:trainer_layer_backward:16.91579818725586
INFO:trainer_layer_backward:17.862558364868164
INFO:trainer_layer_backward:17.62080192565918
INFO:trainer_layer_backward:17.293930053710938
INFO:trainer_layer_backward:17.50016212463379
INFO:trainer_layer_backward:17.148971557617188
INFO:trainer_layer_backward:17.44222640991211
INFO:trainer_layer_backward:17.716646194458008
INFO:trainer_layer_backward:17.88330078125
INFO:trainer_layer_backward:17.766952514648438
INFO:trainer_layer_backward:16.860008239746094
INFO:trainer_layer_backward:17.43483543395996
INFO:trainer_layer_backward:17.455101013183594
INFO:trainer_layer_backward:17.917633056640625
INFO:trainer_layer_backward:17.603635787963867
INFO:trainer_layer_backward:16.852855682373047
INFO:trainer_layer_backward:16.660690307617188
INFO:trainer_layer_backward:18.03755760192871
INFO:trainer_layer_backward:16.891956329345703
INFO:trainer_layer_backward:17.483234405517578
INFO:trainer_layer_backward:17.873525619506836
INFO:trainer_layer_backward:17.832517623901367
INFO:trainer_layer_backward:16.692638397216797
INFO:trainer_layer_backward:17.231225967407227
INFO:trainer_layer_backward:17.942428588867188
INFO:trainer_layer_backward:18.012285232543945
INFO:trainer_layer_backward:17.940282821655273
INFO:trainer_layer_backward:16.710519790649414
INFO:trainer_layer_backward:17.48037338256836
INFO:trainer_layer_backward:17.41647720336914
INFO:trainer_layer_backward:16.95847511291504
INFO:trainer_layer_backward:16.976118087768555
INFO:trainer_layer_backward:17.00139045715332
INFO:trainer_layer_backward:17.348766326904297
INFO:trainer_layer_backward:17.289161682128906
INFO:trainer_layer_backward:16.902685165405273
INFO:trainer_layer_backward:17.067432403564453
INFO:trainer_layer_backward:16.859054565429688
INFO:trainer_layer_backward:16.919851303100586
INFO:trainer_layer_backward:17.254352569580078
INFO:trainer_layer_backward:17.632007598876953
INFO:trainer_layer_backward:17.30823516845703
INFO:trainer_layer_backward:17.02094078063965
INFO:trainer_layer_backward:16.97254180908203
INFO:trainer_layer_backward:17.420530319213867
INFO:trainer_layer_backward:17.643451690673828
INFO:trainer_layer_backward:17.331600189208984
INFO:trainer_layer_backward:16.9525146484375
INFO:trainer_layer_backward:16.931772232055664
INFO:trainer_layer_backward:16.904592514038086
INFO:trainer_layer_backward:17.37356185913086
INFO:trainer_layer_backward:17.64702796936035
INFO:trainer_layer_backward:17.349720001220703
INFO:trainer_layer_backward:16.918659210205078
INFO:trainer_layer_backward:16.916751861572266
INFO:trainer_layer_backward:16.91603660583496
INFO:trainer_layer_backward:17.3492431640625
INFO:trainer_layer_backward:17.151832580566406
INFO:trainer_layer_backward:17.254352569580078
INFO:trainer_layer_backward:17.305850982666016
INFO:trainer_layer_backward:17.249345779418945
INFO:trainer_layer_backward:16.896486282348633
INFO:trainer_layer_backward:17.397642135620117
INFO:trainer_layer_backward:17.70639419555664
INFO:trainer_layer_backward:17.46964454650879
INFO:trainer_layer_backward:17.61174201965332
INFO:trainer_layer_backward:16.86549186706543
INFO:trainer_layer_backward:17.75956153869629
INFO:trainer_layer_backward:17.02427864074707
INFO:trainer_layer_backward:17.828702926635742
INFO:trainer_layer_backward:17.599105834960938
INFO:trainer_layer_backward:17.373085021972656
INFO:trainer_layer_backward:17.38142967224121
INFO:trainer_layer_backward:17.015933990478516
INFO:trainer_layer_backward:17.79961585998535
INFO:trainer_layer_backward:17.745494842529297
INFO:trainer_layer_backward:16.804218292236328
INFO:trainer_layer_backward:17.174959182739258
INFO:trainer_layer_backward:17.316341400146484
INFO:trainer_layer_backward:16.99972152709961
INFO:trainer_layer_backward:17.544984817504883
INFO:trainer_layer_backward:17.725229263305664
INFO:trainer_layer_backward:17.273902893066406
INFO:trainer_layer_backward:17.09604263305664
INFO:trainer_layer_backward:16.672849655151367
INFO:trainer_layer_backward:17.30060577392578
INFO:trainer_layer_backward:17.84348487854004
INFO:trainer_layer_backward:17.53091812133789
INFO:trainer_layer_backward:16.899824142456055
INFO:trainer_layer_backward:17.190217971801758
INFO:trainer_layer_backward:17.783641815185547
INFO:trainer_layer_backward:17.71235466003418
INFO:trainer_layer_backward:17.254114151000977
INFO:trainer_layer_backward:17.609834671020508
INFO:trainer_layer_backward:17.15683937072754
INFO:trainer_layer_backward:17.54593849182129
INFO:trainer_layer_backward:17.582416534423828
INFO:trainer_layer_backward:17.089366912841797
INFO:trainer_layer_backward:17.91834831237793
