INFO:trainer_layer_backward:CNNEx | mnist
INFO:trainer_layer_backward:in_size : 128 | epochs : 1 | batch : 1
INFO:trainer_layer_backward:kernel_l1 : 65 | kernel_l2 : 33 | kernel_l3 : 17 
INFO:trainer_layer_backward:o_channels_l1 : 5 | o_channels_l2 : 5 | o_channels_l3 : 5 
INFO:trainer_layer_backward::::::::::::::::::::::::::::::::::::::::::::::::::::::::::::
INFO:trainer_layer_backward:message : cnn_all_layer 
INFO:trainer_layer_backward::::::::::::::::::::::::::::::::::::::::::::::::::::::::::::
INFO:trainer_layer_backward:Ave_Time : 2.361403679361149
INFO:trainer_layer_backward::::::::::::::::::::::::::::::::::::::::::::::::::::::::::::
INFO:trainer_layer_backward:2.2614002227783203
INFO:trainer_layer_backward:3.4003257751464844
INFO:trainer_layer_backward:4.69970703125
INFO:trainer_layer_backward:4.648685455322266
INFO:trainer_layer_backward:2.64739990234375
INFO:trainer_layer_backward:2.3000240325927734
INFO:trainer_layer_backward:2.3779869079589844
INFO:trainer_layer_backward:2.2232532501220703
INFO:trainer_layer_backward:2.240896224975586
INFO:trainer_layer_backward:3.041982650756836
INFO:trainer_layer_backward:2.286195755004883
INFO:trainer_layer_backward:2.285480499267578
INFO:trainer_layer_backward:3.3693313598632812
INFO:trainer_layer_backward:2.2737979888916016
INFO:trainer_layer_backward:2.307415008544922
INFO:trainer_layer_backward:3.8154125213623047
INFO:trainer_layer_backward:2.8657913208007812
INFO:trainer_layer_backward:2.8192996978759766
INFO:trainer_layer_backward:2.4573802947998047
INFO:trainer_layer_backward:2.639293670654297
INFO:trainer_layer_backward:2.527475357055664
INFO:trainer_layer_backward:2.3632049560546875
INFO:trainer_layer_backward:2.2416114807128906
INFO:trainer_layer_backward:2.865314483642578
INFO:trainer_layer_backward:2.713441848754883
INFO:trainer_layer_backward:2.4445056915283203
INFO:trainer_layer_backward:2.825021743774414
INFO:trainer_layer_backward:2.4785995483398438
INFO:trainer_layer_backward:2.8829574584960938
INFO:trainer_layer_backward:2.558469772338867
INFO:trainer_layer_backward:2.7985572814941406
INFO:trainer_layer_backward:2.452850341796875
INFO:trainer_layer_backward:2.7141571044921875
INFO:trainer_layer_backward:2.710103988647461
INFO:trainer_layer_backward:2.4836063385009766
INFO:trainer_layer_backward:2.7375221252441406
INFO:trainer_layer_backward:3.549814224243164
INFO:trainer_layer_backward:2.9273033142089844
INFO:trainer_layer_backward:2.5370121002197266
INFO:trainer_layer_backward:2.2547245025634766
INFO:trainer_layer_backward:2.5436878204345703
INFO:trainer_layer_backward:2.227783203125
INFO:trainer_layer_backward:2.5131702423095703
INFO:trainer_layer_backward:2.2306442260742188
INFO:trainer_layer_backward:2.198457717895508
INFO:trainer_layer_backward:2.229452133178711
INFO:trainer_layer_backward:2.146482467651367
INFO:trainer_layer_backward:2.331256866455078
INFO:trainer_layer_backward:1.9724369049072266
INFO:trainer_layer_backward:1.9245147705078125
INFO:trainer_layer_backward:2.122163772583008
INFO:trainer_layer_backward:1.9974708557128906
INFO:trainer_layer_backward:2.2161006927490234
INFO:trainer_layer_backward:2.096414566040039
INFO:trainer_layer_backward:2.379894256591797
INFO:trainer_layer_backward:2.166748046875
INFO:trainer_layer_backward:2.4209022521972656
INFO:trainer_layer_backward:2.1653175354003906
INFO:trainer_layer_backward:2.376556396484375
INFO:trainer_layer_backward:1.9726753234863281
INFO:trainer_layer_backward:2.0322799682617188
INFO:trainer_layer_backward:1.7163753509521484
INFO:trainer_layer_backward:2.1202564239501953
INFO:trainer_layer_backward:2.143383026123047
INFO:trainer_layer_backward:2.3546218872070312
INFO:trainer_layer_backward:2.0911693572998047
INFO:trainer_layer_backward:2.102375030517578
INFO:trainer_layer_backward:2.645730972290039
INFO:trainer_layer_backward:2.0949840545654297
INFO:trainer_layer_backward:1.7862319946289062
INFO:trainer_layer_backward:2.012014389038086
INFO:trainer_layer_backward:2.1772384643554688
INFO:trainer_layer_backward:2.2954940795898438
INFO:trainer_layer_backward:1.7533302307128906
INFO:trainer_layer_backward:1.8115043640136719
INFO:trainer_layer_backward:4.169702529907227
INFO:trainer_layer_backward:2.1283626556396484
INFO:trainer_layer_backward:3.4551620483398438
INFO:trainer_layer_backward:2.785205841064453
INFO:trainer_layer_backward:4.799604415893555
INFO:trainer_layer_backward:2.0797252655029297
INFO:trainer_layer_backward:2.696514129638672
INFO:trainer_layer_backward:2.374410629272461
INFO:trainer_layer_backward:2.4805068969726562
INFO:trainer_layer_backward:2.2394657135009766
INFO:trainer_layer_backward:2.0494461059570312
INFO:trainer_layer_backward:1.9984245300292969
INFO:trainer_layer_backward:2.209186553955078
INFO:trainer_layer_backward:1.9054412841796875
INFO:trainer_layer_backward:2.1126270294189453
INFO:trainer_layer_backward:2.332925796508789
INFO:trainer_layer_backward:2.059459686279297
INFO:trainer_layer_backward:2.2683143615722656
INFO:trainer_layer_backward:2.9332637786865234
INFO:trainer_layer_backward:2.1076202392578125
INFO:trainer_layer_backward:2.253293991088867
INFO:trainer_layer_backward:2.3801326751708984
INFO:trainer_layer_backward:2.3927688598632812
INFO:trainer_layer_backward:2.4499893188476562
INFO:trainer_layer_backward:2.52532958984375
INFO:trainer_layer_backward:2.4492740631103516
INFO:trainer_layer_backward:2.6068687438964844
INFO:trainer_layer_backward:2.2420883178710938
INFO:trainer_layer_backward:2.6175975799560547
INFO:trainer_layer_backward:3.101348876953125
INFO:trainer_layer_backward:2.5877952575683594
INFO:trainer_layer_backward:2.4139881134033203
INFO:trainer_layer_backward:2.2661685943603516
INFO:trainer_layer_backward:2.2780895233154297
INFO:trainer_layer_backward:2.3288726806640625
INFO:trainer_layer_backward:2.4442672729492188
INFO:trainer_layer_backward:3.3311843872070312
INFO:trainer_layer_backward:2.7627944946289062
INFO:trainer_layer_backward:2.206087112426758
INFO:trainer_layer_backward:2.2776126861572266
INFO:trainer_layer_backward:2.2313594818115234
INFO:trainer_layer_backward:1.9826889038085938
INFO:trainer_layer_backward:2.0492076873779297
INFO:trainer_layer_backward:2.349853515625
INFO:trainer_layer_backward:1.9490718841552734
INFO:trainer_layer_backward:2.0623207092285156
INFO:trainer_layer_backward:1.8901824951171875
INFO:trainer_layer_backward:2.7799606323242188
INFO:trainer_layer_backward:2.5696754455566406
INFO:trainer_layer_backward:2.8934478759765625
INFO:trainer_layer_backward:2.3429393768310547
INFO:trainer_layer_backward:2.7418136596679688
INFO:trainer_layer_backward:2.106189727783203
INFO:trainer_layer_backward:2.449512481689453
INFO:trainer_layer_backward:2.3038387298583984
INFO:trainer_layer_backward:2.3255348205566406
INFO:trainer_layer_backward:2.253293991088867
INFO:trainer_layer_backward:2.4411678314208984
INFO:trainer_layer_backward:1.8322467803955078
INFO:trainer_layer_backward:2.3076534271240234
INFO:trainer_layer_backward:2.179384231567383
INFO:trainer_layer_backward:2.6819705963134766
INFO:trainer_layer_backward:2.6628971099853516
INFO:trainer_layer_backward:2.20489501953125
INFO:trainer_layer_backward:2.3450851440429688
INFO:trainer_layer_backward:2.127408981323242
INFO:trainer_layer_backward:2.3338794708251953
INFO:trainer_layer_backward:2.6121139526367188
INFO:trainer_layer_backward:2.3679733276367188
INFO:trainer_layer_backward:2.6612281799316406
INFO:trainer_layer_backward:2.907991409301758
INFO:trainer_layer_backward:2.431631088256836
INFO:trainer_layer_backward:2.2034645080566406
INFO:trainer_layer_backward:2.671957015991211
INFO:trainer_layer_backward:3.0472278594970703
INFO:trainer_layer_backward:1.8486976623535156
INFO:trainer_layer_backward:1.9295215606689453
INFO:trainer_layer_backward:1.8916130065917969
INFO:trainer_layer_backward:2.6731491088867188
INFO:trainer_layer_backward:2.0983219146728516
INFO:trainer_layer_backward:1.9962787628173828
INFO:trainer_layer_backward:2.191305160522461
INFO:trainer_layer_backward:3.0264854431152344
INFO:trainer_layer_backward:2.0558834075927734
INFO:trainer_layer_backward:2.0966529846191406
INFO:trainer_layer_backward:1.9021034240722656
INFO:trainer_layer_backward:2.4929046630859375
INFO:trainer_layer_backward:2.2399425506591797
INFO:trainer_layer_backward:2.037525177001953
INFO:trainer_layer_backward:2.237558364868164
INFO:trainer_layer_backward:2.3550987243652344
INFO:trainer_layer_backward:2.034902572631836
INFO:trainer_layer_backward:2.068042755126953
INFO:trainer_layer_backward:2.2592544555664062
INFO:trainer_layer_backward:2.1162033081054688
INFO:trainer_layer_backward:2.1309852600097656
INFO:trainer_layer_backward:1.83868408203125
INFO:trainer_layer_backward:2.1102428436279297
INFO:trainer_layer_backward:2.441883087158203
INFO:trainer_layer_backward:2.229452133178711
INFO:trainer_layer_backward:1.7845630645751953
INFO:trainer_layer_backward:2.276182174682617
INFO:trainer_layer_backward:2.8944015502929688
INFO:trainer_layer_backward:2.210378646850586
INFO:trainer_layer_backward:2.00653076171875
INFO:trainer_layer_backward:2.084970474243164
INFO:trainer_layer_backward:2.4368762969970703
INFO:trainer_layer_backward:1.7750263214111328
INFO:trainer_layer_backward:2.121448516845703
INFO:trainer_layer_backward:3.049135208129883
INFO:trainer_layer_backward:2.246856689453125
INFO:trainer_layer_backward:2.25067138671875
INFO:trainer_layer_backward:1.8610954284667969
INFO:trainer_layer_backward:2.424955368041992
INFO:trainer_layer_backward:1.8913745880126953
INFO:trainer_layer_backward:1.8873214721679688
INFO:trainer_layer_backward:1.8239021301269531
INFO:trainer_layer_backward:2.1104812622070312
INFO:trainer_layer_backward:1.8172264099121094
INFO:trainer_layer_backward:2.2101402282714844
INFO:trainer_layer_backward:2.6552677154541016
INFO:trainer_layer_backward:2.2306442260742188
INFO:trainer_layer_backward:2.104520797729492
INFO:trainer_layer_backward:2.1572113037109375
INFO:trainer_layer_backward:4.748821258544922
INFO:trainer_layer_backward:2.2652149200439453
INFO:trainer_layer_backward:2.740144729614258
INFO:trainer_layer_backward:2.5038719177246094
INFO:trainer_layer_backward:2.4199485778808594
INFO:trainer_layer_backward:2.679109573364258
INFO:trainer_layer_backward:1.9989013671875
INFO:trainer_layer_backward:1.9643306732177734
INFO:trainer_layer_backward:2.086639404296875
INFO:trainer_layer_backward:3.065824508666992
INFO:trainer_layer_backward:2.1114349365234375
INFO:trainer_layer_backward:2.760171890258789
INFO:trainer_layer_backward:1.924276351928711
INFO:trainer_layer_backward:1.8849372863769531
INFO:trainer_layer_backward:2.6056766510009766
INFO:trainer_layer_backward:2.0017623901367188
INFO:trainer_layer_backward:2.1657943725585938
INFO:trainer_layer_backward:1.8055438995361328
INFO:trainer_layer_backward:1.8992424011230469
INFO:trainer_layer_backward:2.746105194091797
INFO:trainer_layer_backward:2.290010452270508
INFO:trainer_layer_backward:2.1238327026367188
INFO:trainer_layer_backward:2.8061866760253906
INFO:trainer_layer_backward:2.5053024291992188
INFO:trainer_layer_backward:2.0787715911865234
INFO:trainer_layer_backward:2.2025108337402344
INFO:trainer_layer_backward:2.791881561279297
INFO:trainer_layer_backward:2.1088123321533203
INFO:trainer_layer_backward:2.381563186645508
INFO:trainer_layer_backward:2.1615028381347656
INFO:trainer_layer_backward:2.5491714477539062
INFO:trainer_layer_backward:2.0971298217773438
INFO:trainer_layer_backward:2.263307571411133
INFO:trainer_layer_backward:2.754688262939453
INFO:trainer_layer_backward:2.2389888763427734
INFO:trainer_layer_backward:2.2034645080566406
INFO:trainer_layer_backward:2.698183059692383
INFO:trainer_layer_backward:2.6311874389648438
INFO:trainer_layer_backward:1.8961429595947266
INFO:trainer_layer_backward:2.0732879638671875
INFO:trainer_layer_backward:2.2966861724853516
INFO:trainer_layer_backward:2.051115036010742
INFO:trainer_layer_backward:2.2530555725097656
INFO:trainer_layer_backward:2.1300315856933594
INFO:trainer_layer_backward:2.5784969329833984
INFO:trainer_layer_backward:2.2192001342773438
INFO:trainer_layer_backward:2.1886825561523438
INFO:trainer_layer_backward:2.244710922241211
INFO:trainer_layer_backward:2.440929412841797
INFO:trainer_layer_backward:2.4957656860351562
INFO:trainer_layer_backward:2.5687217712402344
INFO:trainer_layer_backward:2.1114349365234375
INFO:trainer_layer_backward:1.9140243530273438
INFO:trainer_layer_backward:1.8622875213623047
INFO:trainer_layer_backward:2.3283958435058594
INFO:trainer_layer_backward:2.03704833984375
INFO:trainer_layer_backward:2.117633819580078
INFO:trainer_layer_backward:1.9409656524658203
INFO:trainer_layer_backward:2.6552677154541016
INFO:trainer_layer_backward:2.0818710327148438
INFO:trainer_layer_backward:2.017974853515625
INFO:trainer_layer_backward:1.9581317901611328
INFO:trainer_layer_backward:2.770662307739258
INFO:trainer_layer_backward:2.1774768829345703
INFO:trainer_layer_backward:1.966714859008789
INFO:trainer_layer_backward:1.9218921661376953
INFO:trainer_layer_backward:2.644777297973633
INFO:trainer_layer_backward:2.2346973419189453
INFO:trainer_layer_backward:2.0487308502197266
INFO:trainer_layer_backward:2.535104751586914
INFO:trainer_layer_backward:2.154111862182617
INFO:trainer_layer_backward:2.0885467529296875
INFO:trainer_layer_backward:2.2344589233398438
INFO:trainer_layer_backward:2.531766891479492
INFO:trainer_layer_backward:2.1882057189941406
INFO:trainer_layer_backward:2.015352249145508
INFO:trainer_layer_backward:2.172231674194336
INFO:trainer_layer_backward:2.582550048828125
INFO:trainer_layer_backward:2.1805763244628906
INFO:trainer_layer_backward:1.966238021850586
INFO:trainer_layer_backward:2.0067691802978516
INFO:trainer_layer_backward:2.3479461669921875
INFO:trainer_layer_backward:1.9659996032714844
INFO:trainer_layer_backward:1.9905567169189453
INFO:trainer_layer_backward:1.9011497497558594
INFO:trainer_layer_backward:2.3560523986816406
INFO:trainer_layer_backward:1.9469261169433594
INFO:trainer_layer_backward:1.8792152404785156
INFO:trainer_layer_backward:2.3605823516845703
INFO:trainer_layer_backward:2.544403076171875
INFO:trainer_layer_backward:2.103567123413086
INFO:trainer_layer_backward:2.053976058959961
INFO:trainer_layer_backward:2.3784637451171875
INFO:trainer_layer_backward:2.6493072509765625
INFO:trainer_layer_backward:2.234935760498047
INFO:trainer_layer_backward:2.204418182373047
INFO:trainer_layer_backward:2.711772918701172
INFO:trainer_layer_backward:2.1505355834960938
INFO:trainer_layer_backward:1.9555091857910156
INFO:trainer_layer_backward:1.8727779388427734
INFO:trainer_layer_backward:2.817392349243164
INFO:trainer_layer_backward:1.8579959869384766
INFO:trainer_layer_backward:2.1784305572509766
INFO:trainer_layer_backward:2.344846725463867
INFO:trainer_layer_backward:2.673625946044922
INFO:trainer_layer_backward:2.126455307006836
INFO:trainer_layer_backward:2.1724700927734375
INFO:trainer_layer_backward:2.656698226928711
INFO:trainer_layer_backward:2.0508766174316406
INFO:trainer_layer_backward:2.503633499145508
INFO:trainer_layer_backward:2.4318695068359375
INFO:trainer_layer_backward:2.5255680084228516
INFO:trainer_layer_backward:1.9080638885498047
INFO:trainer_layer_backward:1.8241405487060547
INFO:trainer_layer_backward:2.1390914916992188
INFO:trainer_layer_backward:2.4471282958984375
INFO:trainer_layer_backward:1.8696784973144531
INFO:trainer_layer_backward:1.8711090087890625
INFO:trainer_layer_backward:2.488374710083008
INFO:trainer_layer_backward:2.1164417266845703
INFO:trainer_layer_backward:1.9752979278564453
INFO:trainer_layer_backward:1.8000602722167969
INFO:trainer_layer_backward:2.392292022705078
INFO:trainer_layer_backward:2.1209716796875
INFO:trainer_layer_backward:1.8877983093261719
INFO:trainer_layer_backward:1.8687248229980469
INFO:trainer_layer_backward:1.9257068634033203
INFO:trainer_layer_backward:2.064943313598633
INFO:trainer_layer_backward:2.499818801879883
INFO:trainer_layer_backward:2.0983219146728516
INFO:trainer_layer_backward:2.2492408752441406
INFO:trainer_layer_backward:2.1126270294189453
INFO:trainer_layer_backward:1.973867416381836
INFO:trainer_layer_backward:2.0318031311035156
INFO:trainer_layer_backward:3.089427947998047
INFO:trainer_layer_backward:2.2323131561279297
INFO:trainer_layer_backward:2.138376235961914
INFO:trainer_layer_backward:2.633333206176758
INFO:trainer_layer_backward:2.2993087768554688
INFO:trainer_layer_backward:2.44140625
INFO:trainer_layer_backward:2.453327178955078
INFO:trainer_layer_backward:2.1386146545410156
INFO:trainer_layer_backward:2.0918846130371094
INFO:trainer_layer_backward:2.239704132080078
INFO:trainer_layer_backward:3.7326812744140625
INFO:trainer_layer_backward:2.3937225341796875
INFO:trainer_layer_backward:1.970052719116211
INFO:trainer_layer_backward:3.6635398864746094
INFO:trainer_layer_backward:2.599477767944336
INFO:trainer_layer_backward:1.8482208251953125
INFO:trainer_layer_backward:2.8884410858154297
INFO:trainer_layer_backward:2.4683475494384766
INFO:trainer_layer_backward:2.2139549255371094
INFO:trainer_layer_backward:2.600431442260742
INFO:trainer_layer_backward:1.9583702087402344
INFO:trainer_layer_backward:2.0055770874023438
INFO:trainer_layer_backward:1.7244815826416016
INFO:trainer_layer_backward:2.6917457580566406
INFO:trainer_layer_backward:2.7000904083251953
INFO:trainer_layer_backward:2.374410629272461
INFO:trainer_layer_backward:2.2225379943847656
INFO:trainer_layer_backward:2.0821094512939453
INFO:trainer_layer_backward:2.115488052368164
INFO:trainer_layer_backward:2.2821426391601562
INFO:trainer_layer_backward:2.4001598358154297
INFO:trainer_layer_backward:2.004861831665039
INFO:trainer_layer_backward:2.5336742401123047
INFO:trainer_layer_backward:2.8235912322998047
INFO:trainer_layer_backward:2.4459362030029297
INFO:trainer_layer_backward:2.2492408752441406
INFO:trainer_layer_backward:2.623319625854492
INFO:trainer_layer_backward:2.463817596435547
INFO:trainer_layer_backward:2.446889877319336
INFO:trainer_layer_backward:2.8657913208007812
INFO:trainer_layer_backward:3.3032894134521484
INFO:trainer_layer_backward:2.3336410522460938
INFO:trainer_layer_backward:2.289295196533203
INFO:trainer_layer_backward:2.413034439086914
INFO:trainer_layer_backward:2.317190170288086
INFO:trainer_layer_backward:2.3195743560791016
INFO:trainer_layer_backward:2.5696754455566406
INFO:trainer_layer_backward:2.58636474609375
INFO:trainer_layer_backward:1.8908977508544922
INFO:trainer_layer_backward:1.8231868743896484
INFO:trainer_layer_backward:2.152681350708008
INFO:trainer_layer_backward:2.616405487060547
INFO:trainer_layer_backward:2.157449722290039
INFO:trainer_layer_backward:2.1331310272216797
INFO:trainer_layer_backward:2.315044403076172
INFO:trainer_layer_backward:2.9125213623046875
INFO:trainer_layer_backward:2.276897430419922
INFO:trainer_layer_backward:2.4199485778808594
INFO:trainer_layer_backward:2.6373863220214844
INFO:trainer_layer_backward:2.432107925415039
INFO:trainer_layer_backward:2.134084701538086
INFO:trainer_layer_backward:2.698659896850586
INFO:trainer_layer_backward:2.7735233306884766
INFO:trainer_layer_backward:2.902507781982422
INFO:trainer_layer_backward:2.5229454040527344
INFO:trainer_layer_backward:3.2548904418945312
INFO:trainer_layer_backward:1.7232894897460938
INFO:trainer_layer_backward:2.431631088256836
INFO:trainer_layer_backward:2.8374195098876953
INFO:trainer_layer_backward:2.1653175354003906
INFO:trainer_layer_backward:2.461671829223633
INFO:trainer_layer_backward:2.1414756774902344
INFO:trainer_layer_backward:2.7332305908203125
INFO:trainer_layer_backward:2.106189727783203
INFO:trainer_layer_backward:2.016782760620117
INFO:trainer_layer_backward:3.0357837677001953
INFO:trainer_layer_backward:2.3827552795410156
INFO:trainer_layer_backward:2.1245479583740234
INFO:trainer_layer_backward:2.045869827270508
INFO:trainer_layer_backward:2.7806758880615234
INFO:trainer_layer_backward:4.565715789794922
INFO:trainer_layer_backward:2.189159393310547
INFO:trainer_layer_backward:3.036022186279297
INFO:trainer_layer_backward:1.7163753509521484
INFO:trainer_layer_backward:1.6601085662841797
INFO:trainer_layer_backward:2.0880699157714844
INFO:trainer_layer_backward:2.6793479919433594
INFO:trainer_layer_backward:2.162456512451172
INFO:trainer_layer_backward:2.025604248046875
INFO:trainer_layer_backward:2.8760433197021484
INFO:trainer_layer_backward:2.4085044860839844
INFO:trainer_layer_backward:2.3903846740722656
INFO:trainer_layer_backward:2.3376941680908203
INFO:trainer_layer_backward:2.4576187133789062
INFO:trainer_layer_backward:2.2733211517333984
INFO:trainer_layer_backward:2.660989761352539
INFO:trainer_layer_backward:3.112316131591797
INFO:trainer_layer_backward:2.6373863220214844
INFO:trainer_layer_backward:2.3474693298339844
INFO:trainer_layer_backward:2.8018951416015625
INFO:trainer_layer_backward:2.5014877319335938
INFO:trainer_layer_backward:2.6938915252685547
INFO:trainer_layer_backward:2.6254653930664062
INFO:trainer_layer_backward:2.215147018432617
INFO:trainer_layer_backward:2.0782947540283203
INFO:trainer_layer_backward:2.7887821197509766
INFO:trainer_layer_backward:2.555370330810547
INFO:trainer_layer_backward:2.3522377014160156
INFO:trainer_layer_backward:2.2592544555664062
INFO:trainer_layer_backward:2.218008041381836
INFO:trainer_layer_backward:2.5360584259033203
INFO:trainer_layer_backward:2.5064945220947266
INFO:trainer_layer_backward:2.4945735931396484
INFO:trainer_layer_backward:2.177715301513672
INFO:trainer_layer_backward:2.0117759704589844
INFO:trainer_layer_backward:2.1657943725585938
INFO:trainer_layer_backward:3.0837059020996094
INFO:trainer_layer_backward:2.314329147338867
INFO:trainer_layer_backward:2.4755001068115234
INFO:trainer_layer_backward:2.7229785919189453
INFO:trainer_layer_backward:2.2983551025390625
INFO:trainer_layer_backward:2.0515918731689453
INFO:trainer_layer_backward:2.082347869873047
INFO:trainer_layer_backward:2.783060073852539
INFO:trainer_layer_backward:2.506732940673828
INFO:trainer_layer_backward:2.399444580078125
INFO:trainer_layer_backward:2.3419857025146484
INFO:trainer_layer_backward:2.4242401123046875
INFO:trainer_layer_backward:2.119302749633789
INFO:trainer_layer_backward:1.9230842590332031
INFO:trainer_layer_backward:2.5701522827148438
INFO:trainer_layer_backward:2.288818359375
INFO:trainer_layer_backward:2.122163772583008
INFO:trainer_layer_backward:2.1009445190429688
INFO:trainer_layer_backward:2.1314620971679688
INFO:trainer_layer_backward:2.376556396484375
INFO:trainer_layer_backward:2.301931381225586
INFO:trainer_layer_backward:2.1698474884033203
INFO:trainer_layer_backward:2.218008041381836
INFO:trainer_layer_backward:2.2935867309570312
INFO:trainer_layer_backward:2.080202102661133
INFO:trainer_layer_backward:2.315521240234375
INFO:trainer_layer_backward:2.081632614135742
INFO:trainer_layer_backward:2.5506019592285156
INFO:trainer_layer_backward:4.1103363037109375
INFO:trainer_layer_backward:2.408742904663086
INFO:trainer_layer_backward:2.8488636016845703
INFO:trainer_layer_backward:2.646923065185547
INFO:trainer_layer_backward:1.9428730010986328
INFO:trainer_layer_backward:2.530813217163086
INFO:trainer_layer_backward:2.0961761474609375
INFO:trainer_layer_backward:1.9810199737548828
INFO:trainer_layer_backward:1.8835067749023438
INFO:trainer_layer_backward:2.2161006927490234
INFO:trainer_layer_backward:1.9161701202392578
INFO:trainer_layer_backward:2.1398067474365234
INFO:trainer_layer_backward:2.135038375854492
