INFO:trainer_layer_backward:CNNEx | mnist
INFO:trainer_layer_backward:in_size : 512 | epochs : 1 | batch : 1
INFO:trainer_layer_backward:kernel_l1 : 257 | kernel_l2 : 129 | kernel_l3 : 65 
INFO:trainer_layer_backward:o_channels_l1 : 5 | o_channels_l2 : 5 | o_channels_l3 : 5 
INFO:trainer_layer_backward::::::::::::::::::::::::::::::::::::::::::::::::::::::::::::
INFO:trainer_layer_backward:message : cnn_all_layer 
INFO:trainer_layer_backward::::::::::::::::::::::::::::::::::::::::::::::::::::::::::::
INFO:trainer_layer_backward:Ave_Time : 315.57105998603663
INFO:trainer_layer_backward::::::::::::::::::::::::::::::::::::::::::::::::::::::::::::
INFO:trainer_layer_backward:311.5379810333252
INFO:trainer_layer_backward:315.50002098083496
INFO:trainer_layer_backward:310.8494281768799
INFO:trainer_layer_backward:313.1685256958008
INFO:trainer_layer_backward:314.24903869628906
INFO:trainer_layer_backward:320.3239440917969
INFO:trainer_layer_backward:313.05623054504395
INFO:trainer_layer_backward:313.8906955718994
INFO:trainer_layer_backward:315.1512145996094
INFO:trainer_layer_backward:310.17160415649414
INFO:trainer_layer_backward:316.0088062286377
INFO:trainer_layer_backward:315.2656555175781
INFO:trainer_layer_backward:323.6238956451416
INFO:trainer_layer_backward:310.76788902282715
INFO:trainer_layer_backward:311.3720417022705
INFO:trainer_layer_backward:311.54894828796387
INFO:trainer_layer_backward:309.63659286499023
INFO:trainer_layer_backward:314.3439292907715
INFO:trainer_layer_backward:310.43171882629395
INFO:trainer_layer_backward:312.3664855957031
INFO:trainer_layer_backward:312.7610683441162
INFO:trainer_layer_backward:311.5503787994385
INFO:trainer_layer_backward:315.99903106689453
INFO:trainer_layer_backward:319.26965713500977
INFO:trainer_layer_backward:310.4288578033447
INFO:trainer_layer_backward:319.01025772094727
INFO:trainer_layer_backward:322.3552703857422
INFO:trainer_layer_backward:312.5472068786621
INFO:trainer_layer_backward:326.63846015930176
INFO:trainer_layer_backward:317.0809745788574
INFO:trainer_layer_backward:316.3900375366211
INFO:trainer_layer_backward:311.9087219238281
INFO:trainer_layer_backward:312.95084953308105
INFO:trainer_layer_backward:316.9064521789551
INFO:trainer_layer_backward:313.75932693481445
INFO:trainer_layer_backward:307.1482181549072
INFO:trainer_layer_backward:314.2364025115967
INFO:trainer_layer_backward:315.0522708892822
INFO:trainer_layer_backward:310.4374408721924
INFO:trainer_layer_backward:311.0237121582031
INFO:trainer_layer_backward:312.35384941101074
INFO:trainer_layer_backward:312.6535415649414
INFO:trainer_layer_backward:310.2710247039795
INFO:trainer_layer_backward:312.72220611572266
INFO:trainer_layer_backward:310.99748611450195
INFO:trainer_layer_backward:312.3600482940674
INFO:trainer_layer_backward:310.41908264160156
INFO:trainer_layer_backward:314.8319721221924
INFO:trainer_layer_backward:316.6062831878662
INFO:trainer_layer_backward:312.42823600769043
INFO:trainer_layer_backward:313.6105537414551
INFO:trainer_layer_backward:313.8244152069092
INFO:trainer_layer_backward:310.9240531921387
INFO:trainer_layer_backward:314.666748046875
INFO:trainer_layer_backward:312.2131824493408
INFO:trainer_layer_backward:313.86446952819824
INFO:trainer_layer_backward:314.3959045410156
INFO:trainer_layer_backward:312.4969005584717
INFO:trainer_layer_backward:314.07880783081055
INFO:trainer_layer_backward:312.9241466522217
INFO:trainer_layer_backward:314.53800201416016
INFO:trainer_layer_backward:316.75243377685547
INFO:trainer_layer_backward:316.18285179138184
INFO:trainer_layer_backward:311.6934299468994
INFO:trainer_layer_backward:315.1063919067383
INFO:trainer_layer_backward:312.66117095947266
INFO:trainer_layer_backward:311.7103576660156
INFO:trainer_layer_backward:314.1059875488281
INFO:trainer_layer_backward:313.94052505493164
INFO:trainer_layer_backward:311.5684986114502
INFO:trainer_layer_backward:315.22631645202637
INFO:trainer_layer_backward:312.1986389160156
INFO:trainer_layer_backward:317.26741790771484
INFO:trainer_layer_backward:313.2476806640625
INFO:trainer_layer_backward:311.85388565063477
INFO:trainer_layer_backward:320.13416290283203
INFO:trainer_layer_backward:338.3369445800781
INFO:trainer_layer_backward:338.98448944091797
INFO:trainer_layer_backward:319.2915916442871
INFO:trainer_layer_backward:318.36557388305664
INFO:trainer_layer_backward:312.8547668457031
INFO:trainer_layer_backward:316.788911819458
INFO:trainer_layer_backward:311.0640048980713
INFO:trainer_layer_backward:314.1160011291504
INFO:trainer_layer_backward:313.3203983306885
INFO:trainer_layer_backward:313.42530250549316
INFO:trainer_layer_backward:313.69471549987793
INFO:trainer_layer_backward:316.1346912384033
INFO:trainer_layer_backward:311.2003803253174
INFO:trainer_layer_backward:316.29085540771484
INFO:trainer_layer_backward:311.62405014038086
INFO:trainer_layer_backward:313.9758110046387
INFO:trainer_layer_backward:313.6880397796631
INFO:trainer_layer_backward:313.1546974182129
INFO:trainer_layer_backward:316.1120414733887
INFO:trainer_layer_backward:315.6092166900635
INFO:trainer_layer_backward:312.9544258117676
INFO:trainer_layer_backward:313.74478340148926
INFO:trainer_layer_backward:314.70680236816406
INFO:trainer_layer_backward:312.6254081726074
INFO:trainer_layer_backward:315.36388397216797
INFO:trainer_layer_backward:310.2412223815918
INFO:trainer_layer_backward:316.3268566131592
INFO:trainer_layer_backward:313.0602836608887
INFO:trainer_layer_backward:316.4949417114258
INFO:trainer_layer_backward:314.0068054199219
INFO:trainer_layer_backward:316.2522315979004
INFO:trainer_layer_backward:311.57374382019043
INFO:trainer_layer_backward:315.0296211242676
INFO:trainer_layer_backward:311.80882453918457
INFO:trainer_layer_backward:316.33877754211426
INFO:trainer_layer_backward:314.0566349029541
INFO:trainer_layer_backward:314.2743110656738
INFO:trainer_layer_backward:314.94641304016113
INFO:trainer_layer_backward:313.42148780822754
INFO:trainer_layer_backward:314.61381912231445
INFO:trainer_layer_backward:317.80290603637695
INFO:trainer_layer_backward:313.7521743774414
INFO:trainer_layer_backward:311.3093376159668
INFO:trainer_layer_backward:315.476655960083
INFO:trainer_layer_backward:311.7208480834961
INFO:trainer_layer_backward:318.24231147766113
INFO:trainer_layer_backward:313.9195442199707
INFO:trainer_layer_backward:318.65763664245605
INFO:trainer_layer_backward:313.7247562408447
INFO:trainer_layer_backward:314.2528533935547
INFO:trainer_layer_backward:312.4537467956543
INFO:trainer_layer_backward:316.1945343017578
INFO:trainer_layer_backward:314.9840831756592
INFO:trainer_layer_backward:313.91191482543945
INFO:trainer_layer_backward:316.35522842407227
INFO:trainer_layer_backward:312.6702308654785
INFO:trainer_layer_backward:312.7560615539551
INFO:trainer_layer_backward:313.37809562683105
INFO:trainer_layer_backward:313.0035400390625
INFO:trainer_layer_backward:314.3727779388428
INFO:trainer_layer_backward:314.502477645874
INFO:trainer_layer_backward:312.4361038208008
INFO:trainer_layer_backward:315.3517246246338
INFO:trainer_layer_backward:312.1798038482666
INFO:trainer_layer_backward:315.5186176300049
INFO:trainer_layer_backward:314.5599365234375
INFO:trainer_layer_backward:314.15724754333496
INFO:trainer_layer_backward:313.4486675262451
INFO:trainer_layer_backward:314.6209716796875
INFO:trainer_layer_backward:312.5004768371582
INFO:trainer_layer_backward:316.18714332580566
INFO:trainer_layer_backward:313.97223472595215
INFO:trainer_layer_backward:313.5979175567627
INFO:trainer_layer_backward:316.359281539917
INFO:trainer_layer_backward:311.2452030181885
INFO:trainer_layer_backward:314.7716522216797
INFO:trainer_layer_backward:314.0718936920166
INFO:trainer_layer_backward:314.9220943450928
INFO:trainer_layer_backward:312.4690055847168
INFO:trainer_layer_backward:316.6987895965576
INFO:trainer_layer_backward:311.62118911743164
INFO:trainer_layer_backward:316.3118362426758
INFO:trainer_layer_backward:314.1059875488281
INFO:trainer_layer_backward:316.7915344238281
INFO:trainer_layer_backward:315.14883041381836
INFO:trainer_layer_backward:314.3768310546875
INFO:trainer_layer_backward:313.07387351989746
INFO:trainer_layer_backward:316.3309097290039
INFO:trainer_layer_backward:313.8256072998047
INFO:trainer_layer_backward:318.07398796081543
INFO:trainer_layer_backward:316.91670417785645
INFO:trainer_layer_backward:310.99677085876465
INFO:trainer_layer_backward:315.80638885498047
INFO:trainer_layer_backward:313.57479095458984
INFO:trainer_layer_backward:315.3867721557617
INFO:trainer_layer_backward:314.34059143066406
INFO:trainer_layer_backward:312.5112056732178
INFO:trainer_layer_backward:313.8880729675293
INFO:trainer_layer_backward:317.12818145751953
INFO:trainer_layer_backward:312.0579719543457
INFO:trainer_layer_backward:319.40698623657227
INFO:trainer_layer_backward:314.6085739135742
INFO:trainer_layer_backward:312.5324249267578
INFO:trainer_layer_backward:314.237117767334
INFO:trainer_layer_backward:314.99242782592773
INFO:trainer_layer_backward:314.5613670349121
INFO:trainer_layer_backward:315.6557083129883
INFO:trainer_layer_backward:313.7514591217041
INFO:trainer_layer_backward:315.427303314209
INFO:trainer_layer_backward:318.24779510498047
INFO:trainer_layer_backward:312.59965896606445
INFO:trainer_layer_backward:316.70093536376953
INFO:trainer_layer_backward:314.91613388061523
INFO:trainer_layer_backward:315.72556495666504
INFO:trainer_layer_backward:316.2078857421875
INFO:trainer_layer_backward:317.52872467041016
INFO:trainer_layer_backward:315.3233528137207
INFO:trainer_layer_backward:317.2636032104492
INFO:trainer_layer_backward:314.19873237609863
INFO:trainer_layer_backward:317.5663948059082
INFO:trainer_layer_backward:315.5782222747803
INFO:trainer_layer_backward:318.4165954589844
INFO:trainer_layer_backward:315.58990478515625
INFO:trainer_layer_backward:318.8061714172363
INFO:trainer_layer_backward:316.98012351989746
INFO:trainer_layer_backward:317.23713874816895
INFO:trainer_layer_backward:315.7989978790283
INFO:trainer_layer_backward:314.56446647644043
INFO:trainer_layer_backward:317.7809715270996
INFO:trainer_layer_backward:314.1980171203613
INFO:trainer_layer_backward:317.40665435791016
INFO:trainer_layer_backward:314.79525566101074
INFO:trainer_layer_backward:314.2514228820801
INFO:trainer_layer_backward:315.86742401123047
INFO:trainer_layer_backward:318.88556480407715
INFO:trainer_layer_backward:314.44621086120605
INFO:trainer_layer_backward:320.6496238708496
INFO:trainer_layer_backward:314.3296241760254
INFO:trainer_layer_backward:316.72024726867676
INFO:trainer_layer_backward:316.03455543518066
INFO:trainer_layer_backward:315.8900737762451
INFO:trainer_layer_backward:318.3012008666992
INFO:trainer_layer_backward:316.49041175842285
INFO:trainer_layer_backward:315.1073455810547
INFO:trainer_layer_backward:317.00897216796875
INFO:trainer_layer_backward:319.05579566955566
INFO:trainer_layer_backward:314.162015914917
INFO:trainer_layer_backward:318.5570240020752
INFO:trainer_layer_backward:315.77229499816895
INFO:trainer_layer_backward:316.450834274292
INFO:trainer_layer_backward:316.20287895202637
INFO:trainer_layer_backward:316.99299812316895
INFO:trainer_layer_backward:317.28291511535645
INFO:trainer_layer_backward:318.85313987731934
INFO:trainer_layer_backward:316.30992889404297
INFO:trainer_layer_backward:317.86108016967773
INFO:trainer_layer_backward:316.9255256652832
INFO:trainer_layer_backward:315.8564567565918
INFO:trainer_layer_backward:317.4159526824951
INFO:trainer_layer_backward:317.42358207702637
INFO:trainer_layer_backward:317.9280757904053
INFO:trainer_layer_backward:316.85328483581543
INFO:trainer_layer_backward:315.66405296325684
INFO:trainer_layer_backward:312.5646114349365
INFO:trainer_layer_backward:319.7021484375
INFO:trainer_layer_backward:313.8546943664551
INFO:trainer_layer_backward:316.77818298339844
INFO:trainer_layer_backward:316.6959285736084
INFO:trainer_layer_backward:315.6282901763916
INFO:trainer_layer_backward:315.2909278869629
INFO:trainer_layer_backward:316.65754318237305
INFO:trainer_layer_backward:315.8571720123291
INFO:trainer_layer_backward:319.12970542907715
INFO:trainer_layer_backward:317.20829010009766
INFO:trainer_layer_backward:317.3699378967285
INFO:trainer_layer_backward:317.46792793273926
INFO:trainer_layer_backward:313.07411193847656
INFO:trainer_layer_backward:317.39330291748047
INFO:trainer_layer_backward:315.6752586364746
INFO:trainer_layer_backward:316.33901596069336
INFO:trainer_layer_backward:314.1045570373535
INFO:trainer_layer_backward:317.2786235809326
INFO:trainer_layer_backward:314.4102096557617
INFO:trainer_layer_backward:318.76373291015625
INFO:trainer_layer_backward:312.7284049987793
INFO:trainer_layer_backward:315.8078193664551
INFO:trainer_layer_backward:316.913366317749
INFO:trainer_layer_backward:316.2398338317871
INFO:trainer_layer_backward:317.06762313842773
INFO:trainer_layer_backward:316.7738914489746
INFO:trainer_layer_backward:316.4975643157959
INFO:trainer_layer_backward:319.52714920043945
INFO:trainer_layer_backward:317.13390350341797
INFO:trainer_layer_backward:315.71292877197266
INFO:trainer_layer_backward:318.70245933532715
INFO:trainer_layer_backward:315.2914047241211
INFO:trainer_layer_backward:317.94190406799316
INFO:trainer_layer_backward:314.5172595977783
INFO:trainer_layer_backward:315.37890434265137
INFO:trainer_layer_backward:313.8546943664551
INFO:trainer_layer_backward:318.64070892333984
INFO:trainer_layer_backward:312.4878406524658
INFO:trainer_layer_backward:317.0919418334961
INFO:trainer_layer_backward:314.82410430908203
INFO:trainer_layer_backward:317.20638275146484
INFO:trainer_layer_backward:317.4576759338379
INFO:trainer_layer_backward:314.896821975708
INFO:trainer_layer_backward:318.41588020324707
INFO:trainer_layer_backward:315.962553024292
INFO:trainer_layer_backward:315.17720222473145
INFO:trainer_layer_backward:315.105676651001
INFO:trainer_layer_backward:317.2786235809326
INFO:trainer_layer_backward:312.99495697021484
INFO:trainer_layer_backward:319.86236572265625
INFO:trainer_layer_backward:316.2381649017334
INFO:trainer_layer_backward:314.4512176513672
INFO:trainer_layer_backward:317.3174858093262
INFO:trainer_layer_backward:315.6113624572754
INFO:trainer_layer_backward:315.7169818878174
INFO:trainer_layer_backward:314.7845268249512
INFO:trainer_layer_backward:316.359281539917
INFO:trainer_layer_backward:315.3355121612549
INFO:trainer_layer_backward:317.7053928375244
INFO:trainer_layer_backward:314.44430351257324
INFO:trainer_layer_backward:316.91861152648926
INFO:trainer_layer_backward:316.57981872558594
INFO:trainer_layer_backward:319.45013999938965
INFO:trainer_layer_backward:317.2752857208252
INFO:trainer_layer_backward:316.42675399780273
INFO:trainer_layer_backward:315.5498504638672
INFO:trainer_layer_backward:318.2663917541504
INFO:trainer_layer_backward:314.56470489501953
INFO:trainer_layer_backward:317.7318572998047
INFO:trainer_layer_backward:315.78516960144043
INFO:trainer_layer_backward:315.5050277709961
INFO:trainer_layer_backward:314.4035339355469
INFO:trainer_layer_backward:316.4350986480713
INFO:trainer_layer_backward:314.866304397583
INFO:trainer_layer_backward:317.25335121154785
INFO:trainer_layer_backward:316.79606437683105
INFO:trainer_layer_backward:314.6953582763672
INFO:trainer_layer_backward:317.86155700683594
INFO:trainer_layer_backward:312.6397132873535
INFO:trainer_layer_backward:317.60644912719727
INFO:trainer_layer_backward:314.5029544830322
INFO:trainer_layer_backward:315.4463768005371
INFO:trainer_layer_backward:316.63966178894043
INFO:trainer_layer_backward:316.59603118896484
INFO:trainer_layer_backward:311.840295791626
INFO:trainer_layer_backward:316.2250518798828
INFO:trainer_layer_backward:314.59546089172363
INFO:trainer_layer_backward:318.25828552246094
INFO:trainer_layer_backward:317.04115867614746
INFO:trainer_layer_backward:316.23005867004395
INFO:trainer_layer_backward:315.68312644958496
INFO:trainer_layer_backward:315.22536277770996
INFO:trainer_layer_backward:314.21542167663574
INFO:trainer_layer_backward:314.20087814331055
INFO:trainer_layer_backward:318.32432746887207
INFO:trainer_layer_backward:313.99083137512207
INFO:trainer_layer_backward:318.77827644348145
INFO:trainer_layer_backward:312.8540515899658
INFO:trainer_layer_backward:317.9788589477539
INFO:trainer_layer_backward:316.45917892456055
INFO:trainer_layer_backward:315.4120445251465
INFO:trainer_layer_backward:314.1489028930664
INFO:trainer_layer_backward:316.8003559112549
INFO:trainer_layer_backward:313.4639263153076
INFO:trainer_layer_backward:315.0343894958496
INFO:trainer_layer_backward:316.82419776916504
INFO:trainer_layer_backward:314.67652320861816
INFO:trainer_layer_backward:317.19231605529785
INFO:trainer_layer_backward:311.8901252746582
INFO:trainer_layer_backward:319.87667083740234
INFO:trainer_layer_backward:315.8724308013916
INFO:trainer_layer_backward:318.58301162719727
INFO:trainer_layer_backward:313.9340877532959
INFO:trainer_layer_backward:317.4893856048584
INFO:trainer_layer_backward:313.5037422180176
INFO:trainer_layer_backward:319.4539546966553
INFO:trainer_layer_backward:316.65587425231934
INFO:trainer_layer_backward:317.9430961608887
INFO:trainer_layer_backward:315.9196376800537
INFO:trainer_layer_backward:314.21542167663574
INFO:trainer_layer_backward:318.99571418762207
INFO:trainer_layer_backward:315.07086753845215
INFO:trainer_layer_backward:314.0978813171387
INFO:trainer_layer_backward:315.6557083129883
INFO:trainer_layer_backward:317.8524971008301
INFO:trainer_layer_backward:312.288761138916
INFO:trainer_layer_backward:319.51379776000977
INFO:trainer_layer_backward:316.9729709625244
INFO:trainer_layer_backward:314.80884552001953
INFO:trainer_layer_backward:316.0982131958008
INFO:trainer_layer_backward:314.72229957580566
INFO:trainer_layer_backward:314.9704933166504
INFO:trainer_layer_backward:317.2039985656738
INFO:trainer_layer_backward:312.5162124633789
INFO:trainer_layer_backward:319.01049613952637
INFO:trainer_layer_backward:315.8903121948242
INFO:trainer_layer_backward:315.4017925262451
INFO:trainer_layer_backward:317.89565086364746
INFO:trainer_layer_backward:317.63505935668945
INFO:trainer_layer_backward:315.8304691314697
INFO:trainer_layer_backward:314.8655891418457
INFO:trainer_layer_backward:316.3132667541504
INFO:trainer_layer_backward:313.37833404541016
INFO:trainer_layer_backward:316.48826599121094
INFO:trainer_layer_backward:315.4933452606201
INFO:trainer_layer_backward:318.47596168518066
INFO:trainer_layer_backward:314.81289863586426
INFO:trainer_layer_backward:315.6318664550781
INFO:trainer_layer_backward:317.74377822875977
INFO:trainer_layer_backward:318.3612823486328
INFO:trainer_layer_backward:314.1803741455078
INFO:trainer_layer_backward:318.33481788635254
INFO:trainer_layer_backward:314.164400100708
INFO:trainer_layer_backward:316.06578826904297
INFO:trainer_layer_backward:316.8625831604004
INFO:trainer_layer_backward:316.84303283691406
INFO:trainer_layer_backward:317.9774284362793
INFO:trainer_layer_backward:314.6944046020508
INFO:trainer_layer_backward:317.122220993042
INFO:trainer_layer_backward:316.03312492370605
INFO:trainer_layer_backward:317.3370361328125
INFO:trainer_layer_backward:312.96706199645996
INFO:trainer_layer_backward:316.44296646118164
INFO:trainer_layer_backward:313.779354095459
INFO:trainer_layer_backward:315.3114318847656
INFO:trainer_layer_backward:315.5670166015625
INFO:trainer_layer_backward:314.2266273498535
INFO:trainer_layer_backward:315.9949779510498
INFO:trainer_layer_backward:317.63482093811035
INFO:trainer_layer_backward:314.5902156829834
INFO:trainer_layer_backward:319.02551651000977
INFO:trainer_layer_backward:315.6287670135498
INFO:trainer_layer_backward:314.9900436401367
INFO:trainer_layer_backward:316.8671131134033
INFO:trainer_layer_backward:314.1615390777588
INFO:trainer_layer_backward:316.87307357788086
INFO:trainer_layer_backward:314.35465812683105
INFO:trainer_layer_backward:315.6323432922363
INFO:trainer_layer_backward:316.8504238128662
INFO:trainer_layer_backward:317.4092769622803
INFO:trainer_layer_backward:316.042423248291
INFO:trainer_layer_backward:320.6615447998047
INFO:trainer_layer_backward:318.1178569793701
INFO:trainer_layer_backward:317.97099113464355
INFO:trainer_layer_backward:316.3590431213379
INFO:trainer_layer_backward:314.5265579223633
INFO:trainer_layer_backward:315.2644634246826
INFO:trainer_layer_backward:317.8749084472656
INFO:trainer_layer_backward:315.9620761871338
INFO:trainer_layer_backward:313.8997554779053
INFO:trainer_layer_backward:320.54591178894043
INFO:trainer_layer_backward:314.17346000671387
INFO:trainer_layer_backward:319.3819522857666
INFO:trainer_layer_backward:316.5929317474365
INFO:trainer_layer_backward:316.00284576416016
INFO:trainer_layer_backward:318.01843643188477
INFO:trainer_layer_backward:319.6432590484619
INFO:trainer_layer_backward:316.36571884155273
INFO:trainer_layer_backward:317.13271141052246
INFO:trainer_layer_backward:312.52288818359375
INFO:trainer_layer_backward:318.218469619751
INFO:trainer_layer_backward:315.11759757995605
INFO:trainer_layer_backward:314.30625915527344
INFO:trainer_layer_backward:317.94261932373047
INFO:trainer_layer_backward:316.4529800415039
INFO:trainer_layer_backward:316.2102699279785
INFO:trainer_layer_backward:316.65706634521484
INFO:trainer_layer_backward:317.7828788757324
INFO:trainer_layer_backward:314.82481956481934
INFO:trainer_layer_backward:318.53532791137695
INFO:trainer_layer_backward:313.04049491882324
INFO:trainer_layer_backward:315.8714771270752
INFO:trainer_layer_backward:316.76363945007324
INFO:trainer_layer_backward:317.1870708465576
INFO:trainer_layer_backward:316.34974479675293
INFO:trainer_layer_backward:319.34452056884766
INFO:trainer_layer_backward:315.1731491088867
INFO:trainer_layer_backward:316.3151741027832
INFO:trainer_layer_backward:315.7169818878174
INFO:trainer_layer_backward:314.36777114868164
INFO:trainer_layer_backward:318.36605072021484
INFO:trainer_layer_backward:313.9190673828125
INFO:trainer_layer_backward:316.6227340698242
INFO:trainer_layer_backward:315.3378963470459
INFO:trainer_layer_backward:315.3502941131592
INFO:trainer_layer_backward:317.2717094421387
INFO:trainer_layer_backward:317.7480697631836
INFO:trainer_layer_backward:314.7614002227783
INFO:trainer_layer_backward:320.19972801208496
INFO:trainer_layer_backward:315.69886207580566
INFO:trainer_layer_backward:314.49317932128906
INFO:trainer_layer_backward:315.95325469970703
INFO:trainer_layer_backward:315.95468521118164
INFO:trainer_layer_backward:314.1770362854004
INFO:trainer_layer_backward:316.0393238067627
INFO:trainer_layer_backward:314.7561550140381
INFO:trainer_layer_backward:318.4778690338135
INFO:trainer_layer_backward:318.1796073913574
INFO:trainer_layer_backward:315.40608406066895
INFO:trainer_layer_backward:317.0278072357178
INFO:trainer_layer_backward:316.27917289733887
INFO:trainer_layer_backward:317.67916679382324
INFO:trainer_layer_backward:316.2813186645508
INFO:trainer_layer_backward:315.5362606048584
INFO:trainer_layer_backward:316.38336181640625
INFO:trainer_layer_backward:317.8856372833252
INFO:trainer_layer_backward:313.3525848388672
INFO:trainer_layer_backward:317.5232410430908
INFO:trainer_layer_backward:315.57369232177734
INFO:trainer_layer_backward:314.78261947631836
