INFO:trainer_layer_backward:FFT_CNNEx | mnist
INFO:trainer_layer_backward:in_size : 512 | epochs : 1 | batch : 1
INFO:trainer_layer_backward:kernel_l1 : 257 | kernel_l2 : 129 | kernel_l3 : 65 
INFO:trainer_layer_backward:o_channels_l1 : 5 | o_channels_l2 : 5 | o_channels_l3 : 5 
INFO:trainer_layer_backward::::::::::::::::::::::::::::::::::::::::::::::::::::::::::::
INFO:trainer_layer_backward:message : fft_all_layer 
INFO:trainer_layer_backward::::::::::::::::::::::::::::::::::::::::::::::::::::::::::::
INFO:trainer_layer_backward:Ave_Time : 17.095626616964534
INFO:trainer_layer_backward::::::::::::::::::::::::::::::::::::::::::::::::::::::::::::
INFO:trainer_layer_backward:19.658565521240234
INFO:trainer_layer_backward:16.83497428894043
INFO:trainer_layer_backward:16.62921905517578
INFO:trainer_layer_backward:17.284870147705078
INFO:trainer_layer_backward:17.259597778320312
INFO:trainer_layer_backward:17.500877380371094
INFO:trainer_layer_backward:16.31784439086914
INFO:trainer_layer_backward:17.1968936920166
INFO:trainer_layer_backward:17.10367202758789
INFO:trainer_layer_backward:17.515897750854492
INFO:trainer_layer_backward:17.144441604614258
INFO:trainer_layer_backward:17.337799072265625
INFO:trainer_layer_backward:16.95561408996582
INFO:trainer_layer_backward:17.02880859375
INFO:trainer_layer_backward:17.792701721191406
INFO:trainer_layer_backward:17.32158660888672
INFO:trainer_layer_backward:16.996145248413086
INFO:trainer_layer_backward:17.419099807739258
INFO:trainer_layer_backward:17.48204231262207
INFO:trainer_layer_backward:16.72077178955078
INFO:trainer_layer_backward:16.78180694580078
INFO:trainer_layer_backward:16.884326934814453
INFO:trainer_layer_backward:17.418861389160156
INFO:trainer_layer_backward:16.69454574584961
INFO:trainer_layer_backward:16.659975051879883
INFO:trainer_layer_backward:17.118215560913086
INFO:trainer_layer_backward:17.198801040649414
INFO:trainer_layer_backward:17.28510856628418
INFO:trainer_layer_backward:18.169403076171875
INFO:trainer_layer_backward:17.195463180541992
INFO:trainer_layer_backward:16.55268669128418
INFO:trainer_layer_backward:17.33994483947754
INFO:trainer_layer_backward:17.117977142333984
INFO:trainer_layer_backward:18.025875091552734
INFO:trainer_layer_backward:17.247915267944336
INFO:trainer_layer_backward:17.47918128967285
INFO:trainer_layer_backward:17.070531845092773
INFO:trainer_layer_backward:17.047643661499023
INFO:trainer_layer_backward:17.37213134765625
INFO:trainer_layer_backward:17.32468605041504
INFO:trainer_layer_backward:17.125844955444336
INFO:trainer_layer_backward:17.223596572875977
INFO:trainer_layer_backward:16.89457893371582
INFO:trainer_layer_backward:17.131567001342773
INFO:trainer_layer_backward:16.676664352416992
INFO:trainer_layer_backward:16.823768615722656
INFO:trainer_layer_backward:16.701698303222656
INFO:trainer_layer_backward:16.603946685791016
INFO:trainer_layer_backward:17.01045036315918
INFO:trainer_layer_backward:16.902446746826172
INFO:trainer_layer_backward:17.133474349975586
INFO:trainer_layer_backward:17.138004302978516
INFO:trainer_layer_backward:16.67308807373047
INFO:trainer_layer_backward:17.050504684448242
INFO:trainer_layer_backward:16.758441925048828
INFO:trainer_layer_backward:17.043113708496094
INFO:trainer_layer_backward:17.63629913330078
INFO:trainer_layer_backward:16.898632049560547
INFO:trainer_layer_backward:17.268896102905273
INFO:trainer_layer_backward:16.70694351196289
INFO:trainer_layer_backward:17.025470733642578
INFO:trainer_layer_backward:17.240524291992188
INFO:trainer_layer_backward:16.894102096557617
INFO:trainer_layer_backward:19.066333770751953
INFO:trainer_layer_backward:17.421245574951172
INFO:trainer_layer_backward:16.683578491210938
INFO:trainer_layer_backward:18.17631721496582
INFO:trainer_layer_backward:17.101764678955078
INFO:trainer_layer_backward:16.665935516357422
INFO:trainer_layer_backward:16.90983772277832
INFO:trainer_layer_backward:17.425060272216797
INFO:trainer_layer_backward:17.116069793701172
INFO:trainer_layer_backward:17.407894134521484
INFO:trainer_layer_backward:17.169475555419922
INFO:trainer_layer_backward:17.11440086364746
INFO:trainer_layer_backward:18.15056800842285
INFO:trainer_layer_backward:17.232656478881836
INFO:trainer_layer_backward:16.76154136657715
INFO:trainer_layer_backward:16.982316970825195
INFO:trainer_layer_backward:17.330169677734375
INFO:trainer_layer_backward:17.42696762084961
INFO:trainer_layer_backward:16.931533813476562
INFO:trainer_layer_backward:16.231775283813477
INFO:trainer_layer_backward:17.00735092163086
INFO:trainer_layer_backward:17.063140869140625
INFO:trainer_layer_backward:17.229795455932617
INFO:trainer_layer_backward:17.32635498046875
INFO:trainer_layer_backward:16.9064998626709
INFO:trainer_layer_backward:17.16327667236328
INFO:trainer_layer_backward:16.63517951965332
INFO:trainer_layer_backward:17.260074615478516
INFO:trainer_layer_backward:17.139196395874023
INFO:trainer_layer_backward:17.110109329223633
INFO:trainer_layer_backward:16.45207405090332
INFO:trainer_layer_backward:16.988754272460938
INFO:trainer_layer_backward:16.552448272705078
INFO:trainer_layer_backward:17.07005500793457
INFO:trainer_layer_backward:17.35401153564453
INFO:trainer_layer_backward:17.432451248168945
INFO:trainer_layer_backward:17.09604263305664
INFO:trainer_layer_backward:17.356395721435547
INFO:trainer_layer_backward:17.127275466918945
INFO:trainer_layer_backward:16.66569709777832
INFO:trainer_layer_backward:16.911029815673828
INFO:trainer_layer_backward:19.306421279907227
INFO:trainer_layer_backward:17.414331436157227
INFO:trainer_layer_backward:18.499135971069336
INFO:trainer_layer_backward:16.24751091003418
INFO:trainer_layer_backward:16.615629196166992
INFO:trainer_layer_backward:17.229318618774414
INFO:trainer_layer_backward:16.613006591796875
INFO:trainer_layer_backward:16.716480255126953
INFO:trainer_layer_backward:16.344070434570312
INFO:trainer_layer_backward:16.904354095458984
INFO:trainer_layer_backward:17.122983932495117
INFO:trainer_layer_backward:16.55101776123047
INFO:trainer_layer_backward:17.138004302978516
INFO:trainer_layer_backward:16.66259765625
INFO:trainer_layer_backward:16.753673553466797
INFO:trainer_layer_backward:17.029762268066406
INFO:trainer_layer_backward:16.647815704345703
INFO:trainer_layer_backward:17.53854751586914
INFO:trainer_layer_backward:17.142295837402344
INFO:trainer_layer_backward:16.53146743774414
INFO:trainer_layer_backward:16.983985900878906
INFO:trainer_layer_backward:16.810178756713867
INFO:trainer_layer_backward:17.299890518188477
INFO:trainer_layer_backward:16.60609245300293
INFO:trainer_layer_backward:17.17376708984375
INFO:trainer_layer_backward:16.644001007080078
INFO:trainer_layer_backward:16.926288604736328
INFO:trainer_layer_backward:16.58034324645996
INFO:trainer_layer_backward:17.151832580566406
INFO:trainer_layer_backward:17.074108123779297
INFO:trainer_layer_backward:17.17209815979004
INFO:trainer_layer_backward:16.4642333984375
INFO:trainer_layer_backward:16.767263412475586
INFO:trainer_layer_backward:16.558408737182617
INFO:trainer_layer_backward:16.681194305419922
INFO:trainer_layer_backward:17.17066764831543
INFO:trainer_layer_backward:17.174720764160156
INFO:trainer_layer_backward:16.654014587402344
INFO:trainer_layer_backward:17.766237258911133
INFO:trainer_layer_backward:17.266511917114258
INFO:trainer_layer_backward:16.676902770996094
INFO:trainer_layer_backward:17.335176467895508
INFO:trainer_layer_backward:17.432212829589844
INFO:trainer_layer_backward:16.55745506286621
INFO:trainer_layer_backward:16.93892478942871
INFO:trainer_layer_backward:16.972780227661133
INFO:trainer_layer_backward:17.3037052154541
INFO:trainer_layer_backward:17.882823944091797
INFO:trainer_layer_backward:16.592741012573242
INFO:trainer_layer_backward:16.693115234375
INFO:trainer_layer_backward:16.934633255004883
INFO:trainer_layer_backward:17.35997200012207
INFO:trainer_layer_backward:18.031835556030273
INFO:trainer_layer_backward:16.559839248657227
INFO:trainer_layer_backward:16.8759822845459
INFO:trainer_layer_backward:16.56794548034668
INFO:trainer_layer_backward:17.134904861450195
INFO:trainer_layer_backward:17.060041427612305
INFO:trainer_layer_backward:16.65639877319336
INFO:trainer_layer_backward:16.486167907714844
INFO:trainer_layer_backward:17.164230346679688
INFO:trainer_layer_backward:16.613483428955078
INFO:trainer_layer_backward:16.956567764282227
INFO:trainer_layer_backward:17.275571823120117
INFO:trainer_layer_backward:17.064809799194336
INFO:trainer_layer_backward:16.26276969909668
INFO:trainer_layer_backward:17.255783081054688
INFO:trainer_layer_backward:17.09127426147461
INFO:trainer_layer_backward:17.163515090942383
INFO:trainer_layer_backward:17.04239845275879
INFO:trainer_layer_backward:16.27945899963379
INFO:trainer_layer_backward:17.00901985168457
INFO:trainer_layer_backward:16.978979110717773
INFO:trainer_layer_backward:17.251968383789062
INFO:trainer_layer_backward:16.557693481445312
INFO:trainer_layer_backward:19.914627075195312
INFO:trainer_layer_backward:17.312288284301758
INFO:trainer_layer_backward:17.900943756103516
INFO:trainer_layer_backward:18.721818923950195
INFO:trainer_layer_backward:16.948223114013672
INFO:trainer_layer_backward:17.042160034179688
INFO:trainer_layer_backward:17.289400100708008
INFO:trainer_layer_backward:17.107009887695312
INFO:trainer_layer_backward:17.313003540039062
INFO:trainer_layer_backward:17.06218719482422
INFO:trainer_layer_backward:16.652584075927734
INFO:trainer_layer_backward:16.948938369750977
INFO:trainer_layer_backward:17.16160774230957
INFO:trainer_layer_backward:17.076492309570312
INFO:trainer_layer_backward:16.470909118652344
INFO:trainer_layer_backward:17.500638961791992
INFO:trainer_layer_backward:17.11130142211914
INFO:trainer_layer_backward:16.962051391601562
INFO:trainer_layer_backward:16.69144630432129
INFO:trainer_layer_backward:17.106294631958008
INFO:trainer_layer_backward:16.99090003967285
INFO:trainer_layer_backward:16.428232192993164
INFO:trainer_layer_backward:17.094135284423828
INFO:trainer_layer_backward:17.277956008911133
INFO:trainer_layer_backward:17.122983932495117
INFO:trainer_layer_backward:16.23392105102539
INFO:trainer_layer_backward:16.73102378845215
INFO:trainer_layer_backward:17.12942123413086
INFO:trainer_layer_backward:16.994476318359375
INFO:trainer_layer_backward:17.188549041748047
INFO:trainer_layer_backward:17.086267471313477
INFO:trainer_layer_backward:17.635822296142578
INFO:trainer_layer_backward:17.411470413208008
INFO:trainer_layer_backward:17.569303512573242
INFO:trainer_layer_backward:16.786813735961914
INFO:trainer_layer_backward:16.546964645385742
INFO:trainer_layer_backward:21.648883819580078
INFO:trainer_layer_backward:17.41790771484375
INFO:trainer_layer_backward:17.228364944458008
INFO:trainer_layer_backward:16.999483108520508
INFO:trainer_layer_backward:16.572237014770508
INFO:trainer_layer_backward:17.15230941772461
INFO:trainer_layer_backward:16.74818992614746
INFO:trainer_layer_backward:16.54219627380371
INFO:trainer_layer_backward:16.68381690979004
INFO:trainer_layer_backward:17.178773880004883
INFO:trainer_layer_backward:17.26365089416504
INFO:trainer_layer_backward:16.727924346923828
INFO:trainer_layer_backward:16.34383201599121
INFO:trainer_layer_backward:16.991615295410156
INFO:trainer_layer_backward:16.788482666015625
INFO:trainer_layer_backward:17.28057861328125
INFO:trainer_layer_backward:17.437219619750977
INFO:trainer_layer_backward:16.785860061645508
INFO:trainer_layer_backward:16.951799392700195
INFO:trainer_layer_backward:16.718626022338867
INFO:trainer_layer_backward:17.226219177246094
INFO:trainer_layer_backward:16.713619232177734
INFO:trainer_layer_backward:17.1353816986084
INFO:trainer_layer_backward:16.83521270751953
INFO:trainer_layer_backward:16.67475700378418
INFO:trainer_layer_backward:17.11416244506836
INFO:trainer_layer_backward:17.42386817932129
INFO:trainer_layer_backward:16.766071319580078
INFO:trainer_layer_backward:16.795873641967773
INFO:trainer_layer_backward:16.734838485717773
INFO:trainer_layer_backward:16.650915145874023
INFO:trainer_layer_backward:17.14181900024414
INFO:trainer_layer_backward:16.69144630432129
INFO:trainer_layer_backward:17.09604263305664
INFO:trainer_layer_backward:16.74652099609375
INFO:trainer_layer_backward:16.6628360748291
INFO:trainer_layer_backward:16.69001579284668
INFO:trainer_layer_backward:17.289400100708008
INFO:trainer_layer_backward:17.059326171875
INFO:trainer_layer_backward:16.496658325195312
INFO:trainer_layer_backward:16.13450050354004
INFO:trainer_layer_backward:17.055511474609375
INFO:trainer_layer_backward:17.201900482177734
INFO:trainer_layer_backward:17.124652862548828
INFO:trainer_layer_backward:17.315149307250977
INFO:trainer_layer_backward:17.284393310546875
INFO:trainer_layer_backward:17.17352867126465
INFO:trainer_layer_backward:17.10343360900879
INFO:trainer_layer_backward:17.44532585144043
INFO:trainer_layer_backward:17.338275909423828
INFO:trainer_layer_backward:16.796588897705078
INFO:trainer_layer_backward:16.681909561157227
INFO:trainer_layer_backward:17.282485961914062
INFO:trainer_layer_backward:17.123937606811523
INFO:trainer_layer_backward:17.268896102905273
INFO:trainer_layer_backward:16.789674758911133
INFO:trainer_layer_backward:16.870737075805664
INFO:trainer_layer_backward:17.13871955871582
INFO:trainer_layer_backward:17.187118530273438
INFO:trainer_layer_backward:17.193317413330078
INFO:trainer_layer_backward:16.84737205505371
INFO:trainer_layer_backward:17.173051834106445
INFO:trainer_layer_backward:17.321348190307617
INFO:trainer_layer_backward:17.240285873413086
INFO:trainer_layer_backward:17.432451248168945
INFO:trainer_layer_backward:16.853809356689453
INFO:trainer_layer_backward:17.15993881225586
INFO:trainer_layer_backward:16.92986488342285
INFO:trainer_layer_backward:17.149925231933594
INFO:trainer_layer_backward:16.659021377563477
INFO:trainer_layer_backward:16.861438751220703
INFO:trainer_layer_backward:17.090320587158203
INFO:trainer_layer_backward:17.21358299255371
INFO:trainer_layer_backward:18.30005645751953
INFO:trainer_layer_backward:17.44222640991211
INFO:trainer_layer_backward:16.654491424560547
INFO:trainer_layer_backward:17.10963249206543
INFO:trainer_layer_backward:16.689300537109375
INFO:trainer_layer_backward:16.919851303100586
INFO:trainer_layer_backward:17.055034637451172
INFO:trainer_layer_backward:18.324613571166992
INFO:trainer_layer_backward:17.170190811157227
INFO:trainer_layer_backward:17.29130744934082
INFO:trainer_layer_backward:17.213821411132812
INFO:trainer_layer_backward:16.93105697631836
INFO:trainer_layer_backward:16.678571701049805
INFO:trainer_layer_backward:17.32349395751953
INFO:trainer_layer_backward:17.184019088745117
INFO:trainer_layer_backward:17.374038696289062
INFO:trainer_layer_backward:16.59679412841797
INFO:trainer_layer_backward:16.989707946777344
INFO:trainer_layer_backward:16.89743995666504
INFO:trainer_layer_backward:16.649484634399414
INFO:trainer_layer_backward:16.887903213500977
INFO:trainer_layer_backward:17.75813102722168
INFO:trainer_layer_backward:16.567468643188477
INFO:trainer_layer_backward:17.286062240600586
INFO:trainer_layer_backward:16.968488693237305
INFO:trainer_layer_backward:17.36903190612793
INFO:trainer_layer_backward:17.000675201416016
INFO:trainer_layer_backward:16.691923141479492
INFO:trainer_layer_backward:17.53973960876465
INFO:trainer_layer_backward:16.575336456298828
INFO:trainer_layer_backward:17.03786849975586
INFO:trainer_layer_backward:17.514705657958984
INFO:trainer_layer_backward:17.625093460083008
INFO:trainer_layer_backward:16.787052154541016
INFO:trainer_layer_backward:17.323970794677734
INFO:trainer_layer_backward:16.80612564086914
INFO:trainer_layer_backward:16.753673553466797
INFO:trainer_layer_backward:17.421245574951172
INFO:trainer_layer_backward:17.661571502685547
INFO:trainer_layer_backward:16.657114028930664
INFO:trainer_layer_backward:17.960071563720703
INFO:trainer_layer_backward:18.026113510131836
INFO:trainer_layer_backward:17.12203025817871
INFO:trainer_layer_backward:17.258882522583008
INFO:trainer_layer_backward:17.242431640625
INFO:trainer_layer_backward:16.997814178466797
INFO:trainer_layer_backward:17.51232147216797
INFO:trainer_layer_backward:17.719745635986328
INFO:trainer_layer_backward:17.225265502929688
INFO:trainer_layer_backward:17.120361328125
INFO:trainer_layer_backward:17.140626907348633
INFO:trainer_layer_backward:17.225980758666992
INFO:trainer_layer_backward:17.011165618896484
INFO:trainer_layer_backward:16.60299301147461
INFO:trainer_layer_backward:16.977787017822266
INFO:trainer_layer_backward:17.211198806762695
INFO:trainer_layer_backward:16.940593719482422
INFO:trainer_layer_backward:17.22884178161621
INFO:trainer_layer_backward:17.107725143432617
INFO:trainer_layer_backward:17.266035079956055
INFO:trainer_layer_backward:17.294883728027344
INFO:trainer_layer_backward:17.641305923461914
INFO:trainer_layer_backward:16.257047653198242
INFO:trainer_layer_backward:17.011642456054688
INFO:trainer_layer_backward:17.20118522644043
INFO:trainer_layer_backward:17.362594604492188
INFO:trainer_layer_backward:17.03667640686035
INFO:trainer_layer_backward:16.846895217895508
INFO:trainer_layer_backward:17.230749130249023
INFO:trainer_layer_backward:17.246723175048828
INFO:trainer_layer_backward:17.20595359802246
INFO:trainer_layer_backward:17.22240447998047
INFO:trainer_layer_backward:17.069339752197266
INFO:trainer_layer_backward:17.159223556518555
INFO:trainer_layer_backward:17.141103744506836
INFO:trainer_layer_backward:16.527414321899414
INFO:trainer_layer_backward:17.040729522705078
INFO:trainer_layer_backward:17.2576904296875
INFO:trainer_layer_backward:16.704559326171875
INFO:trainer_layer_backward:16.684293746948242
INFO:trainer_layer_backward:17.693758010864258
INFO:trainer_layer_backward:17.474889755249023
INFO:trainer_layer_backward:17.342567443847656
INFO:trainer_layer_backward:17.165184020996094
INFO:trainer_layer_backward:16.875028610229492
INFO:trainer_layer_backward:17.067432403564453
INFO:trainer_layer_backward:16.645431518554688
INFO:trainer_layer_backward:16.8764591217041
INFO:trainer_layer_backward:17.047882080078125
INFO:trainer_layer_backward:17.201662063598633
INFO:trainer_layer_backward:18.35465431213379
INFO:trainer_layer_backward:18.717050552368164
INFO:trainer_layer_backward:16.2503719329834
INFO:trainer_layer_backward:17.48514175415039
INFO:trainer_layer_backward:16.51477813720703
INFO:trainer_layer_backward:17.093420028686523
INFO:trainer_layer_backward:17.344236373901367
INFO:trainer_layer_backward:17.891407012939453
INFO:trainer_layer_backward:17.199039459228516
INFO:trainer_layer_backward:16.07656478881836
INFO:trainer_layer_backward:17.09723472595215
INFO:trainer_layer_backward:17.288684844970703
INFO:trainer_layer_backward:17.138957977294922
INFO:trainer_layer_backward:17.231464385986328
INFO:trainer_layer_backward:17.302751541137695
INFO:trainer_layer_backward:16.986846923828125
INFO:trainer_layer_backward:17.27914810180664
INFO:trainer_layer_backward:17.43173599243164
INFO:trainer_layer_backward:16.80135726928711
INFO:trainer_layer_backward:17.375946044921875
INFO:trainer_layer_backward:16.745328903198242
INFO:trainer_layer_backward:16.77727699279785
INFO:trainer_layer_backward:16.702890396118164
INFO:trainer_layer_backward:17.18425750732422
INFO:trainer_layer_backward:17.437219619750977
INFO:trainer_layer_backward:17.610788345336914
INFO:trainer_layer_backward:18.187522888183594
INFO:trainer_layer_backward:17.751693725585938
INFO:trainer_layer_backward:17.30942726135254
INFO:trainer_layer_backward:16.414403915405273
INFO:trainer_layer_backward:17.934322357177734
INFO:trainer_layer_backward:16.155481338500977
INFO:trainer_layer_backward:17.206430435180664
INFO:trainer_layer_backward:17.006874084472656
INFO:trainer_layer_backward:16.7849063873291
INFO:trainer_layer_backward:17.03023910522461
INFO:trainer_layer_backward:17.519474029541016
INFO:trainer_layer_backward:17.03333854675293
INFO:trainer_layer_backward:17.682552337646484
INFO:trainer_layer_backward:17.160415649414062
INFO:trainer_layer_backward:17.00878143310547
INFO:trainer_layer_backward:16.259431838989258
INFO:trainer_layer_backward:16.904354095458984
INFO:trainer_layer_backward:17.191410064697266
INFO:trainer_layer_backward:17.487764358520508
INFO:trainer_layer_backward:17.035484313964844
INFO:trainer_layer_backward:17.045974731445312
INFO:trainer_layer_backward:17.09151268005371
INFO:trainer_layer_backward:16.601085662841797
INFO:trainer_layer_backward:17.029285430908203
INFO:trainer_layer_backward:16.915559768676758
INFO:trainer_layer_backward:16.516923904418945
INFO:trainer_layer_backward:17.022132873535156
INFO:trainer_layer_backward:17.180442810058594
INFO:trainer_layer_backward:16.99686050415039
INFO:trainer_layer_backward:17.227649688720703
INFO:trainer_layer_backward:16.72530174255371
INFO:trainer_layer_backward:17.10343360900879
INFO:trainer_layer_backward:17.663240432739258
INFO:trainer_layer_backward:17.27294921875
INFO:trainer_layer_backward:17.125844955444336
INFO:trainer_layer_backward:17.233610153198242
INFO:trainer_layer_backward:17.25029945373535
INFO:trainer_layer_backward:16.57557487487793
INFO:trainer_layer_backward:16.83974266052246
INFO:trainer_layer_backward:17.688512802124023
INFO:trainer_layer_backward:17.575740814208984
INFO:trainer_layer_backward:17.414093017578125
INFO:trainer_layer_backward:17.2426700592041
INFO:trainer_layer_backward:16.640424728393555
INFO:trainer_layer_backward:16.701698303222656
INFO:trainer_layer_backward:16.65973663330078
INFO:trainer_layer_backward:16.642093658447266
INFO:trainer_layer_backward:17.124176025390625
INFO:trainer_layer_backward:16.61992073059082
INFO:trainer_layer_backward:17.626523971557617
INFO:trainer_layer_backward:17.217397689819336
INFO:trainer_layer_backward:17.095088958740234
INFO:trainer_layer_backward:17.199039459228516
INFO:trainer_layer_backward:17.220258712768555
INFO:trainer_layer_backward:17.14348793029785
INFO:trainer_layer_backward:16.667604446411133
INFO:trainer_layer_backward:17.04692840576172
INFO:trainer_layer_backward:16.698598861694336
INFO:trainer_layer_backward:17.389297485351562
INFO:trainer_layer_backward:16.698837280273438
INFO:trainer_layer_backward:16.7388916015625
INFO:trainer_layer_backward:16.724586486816406
INFO:trainer_layer_backward:17.11273193359375
INFO:trainer_layer_backward:17.220258712768555
INFO:trainer_layer_backward:16.980886459350586
INFO:trainer_layer_backward:17.381668090820312
INFO:trainer_layer_backward:16.541004180908203
INFO:trainer_layer_backward:16.649484634399414
INFO:trainer_layer_backward:17.2116756439209
INFO:trainer_layer_backward:16.661643981933594
INFO:trainer_layer_backward:17.230510711669922
INFO:trainer_layer_backward:19.045591354370117
INFO:trainer_layer_backward:16.860485076904297
INFO:trainer_layer_backward:16.721487045288086
INFO:trainer_layer_backward:17.301559448242188
INFO:trainer_layer_backward:16.771554946899414
INFO:trainer_layer_backward:16.582489013671875
INFO:trainer_layer_backward:16.77227020263672
INFO:trainer_layer_backward:17.267942428588867
INFO:trainer_layer_backward:16.81351661682129
INFO:trainer_layer_backward:16.95394515991211
INFO:trainer_layer_backward:17.25625991821289
INFO:trainer_layer_backward:17.080307006835938
INFO:trainer_layer_backward:16.556501388549805
INFO:trainer_layer_backward:16.803264617919922
INFO:trainer_layer_backward:16.517162322998047
