INFO:trainer_layer_backward:FFT_CNNEx | mnist
INFO:trainer_layer_backward:in_size : 256 | epochs : 1 | batch : 1
INFO:trainer_layer_backward:kernel_l1 : 129 | kernel_l2 : 65 | kernel_l3 : 33 
INFO:trainer_layer_backward:o_channels_l1 : 5 | o_channels_l2 : 5 | o_channels_l3 : 5 
INFO:trainer_layer_backward::::::::::::::::::::::::::::::::::::::::::::::::::::::::::::
INFO:trainer_layer_backward:message : fft_all_layer 
INFO:trainer_layer_backward::::::::::::::::::::::::::::::::::::::::::::::::::::::::::::
INFO:trainer_layer_backward:Ave_Time : 9.257397359731247
INFO:trainer_layer_backward::::::::::::::::::::::::::::::::::::::::::::::::::::::::::::
INFO:trainer_layer_backward:10.171890258789062
INFO:trainer_layer_backward:7.710456848144531
INFO:trainer_layer_backward:9.272575378417969
INFO:trainer_layer_backward:14.198064804077148
INFO:trainer_layer_backward:10.494470596313477
INFO:trainer_layer_backward:10.399103164672852
INFO:trainer_layer_backward:8.933067321777344
INFO:trainer_layer_backward:11.215448379516602
INFO:trainer_layer_backward:9.613990783691406
INFO:trainer_layer_backward:13.952970504760742
INFO:trainer_layer_backward:8.09168815612793
INFO:trainer_layer_backward:8.633852005004883
INFO:trainer_layer_backward:9.298324584960938
INFO:trainer_layer_backward:8.873701095581055
INFO:trainer_layer_backward:6.965875625610352
INFO:trainer_layer_backward:9.27424430847168
INFO:trainer_layer_backward:10.571718215942383
INFO:trainer_layer_backward:9.977340698242188
INFO:trainer_layer_backward:7.1926116943359375
INFO:trainer_layer_backward:7.416486740112305
INFO:trainer_layer_backward:6.712913513183594
INFO:trainer_layer_backward:7.177591323852539
INFO:trainer_layer_backward:7.620573043823242
INFO:trainer_layer_backward:8.37397575378418
INFO:trainer_layer_backward:7.259845733642578
INFO:trainer_layer_backward:7.510900497436523
INFO:trainer_layer_backward:9.105920791625977
INFO:trainer_layer_backward:13.822317123413086
INFO:trainer_layer_backward:8.92329216003418
INFO:trainer_layer_backward:8.645057678222656
INFO:trainer_layer_backward:8.59975814819336
INFO:trainer_layer_backward:9.422779083251953
INFO:trainer_layer_backward:6.079196929931641
INFO:trainer_layer_backward:6.344318389892578
INFO:trainer_layer_backward:8.152484893798828
INFO:trainer_layer_backward:11.041641235351562
INFO:trainer_layer_backward:6.880283355712891
INFO:trainer_layer_backward:11.503219604492188
INFO:trainer_layer_backward:5.929470062255859
INFO:trainer_layer_backward:8.028984069824219
INFO:trainer_layer_backward:6.412744522094727
INFO:trainer_layer_backward:7.570028305053711
INFO:trainer_layer_backward:8.312225341796875
INFO:trainer_layer_backward:7.742404937744141
INFO:trainer_layer_backward:12.145519256591797
INFO:trainer_layer_backward:10.007619857788086
INFO:trainer_layer_backward:10.800600051879883
INFO:trainer_layer_backward:6.4525604248046875
INFO:trainer_layer_backward:9.82522964477539
INFO:trainer_layer_backward:10.236024856567383
INFO:trainer_layer_backward:6.386280059814453
INFO:trainer_layer_backward:13.649702072143555
INFO:trainer_layer_backward:6.830692291259766
INFO:trainer_layer_backward:9.641885757446289
INFO:trainer_layer_backward:11.056184768676758
INFO:trainer_layer_backward:10.629892349243164
INFO:trainer_layer_backward:12.918233871459961
INFO:trainer_layer_backward:14.160394668579102
INFO:trainer_layer_backward:6.859302520751953
INFO:trainer_layer_backward:9.745121002197266
INFO:trainer_layer_backward:12.394905090332031
INFO:trainer_layer_backward:9.851694107055664
INFO:trainer_layer_backward:9.509086608886719
INFO:trainer_layer_backward:10.218381881713867
INFO:trainer_layer_backward:8.05521011352539
INFO:trainer_layer_backward:7.88426399230957
INFO:trainer_layer_backward:9.736776351928711
INFO:trainer_layer_backward:8.681058883666992
INFO:trainer_layer_backward:12.58993148803711
INFO:trainer_layer_backward:12.74418830871582
INFO:trainer_layer_backward:8.562326431274414
INFO:trainer_layer_backward:10.88571548461914
INFO:trainer_layer_backward:7.683992385864258
INFO:trainer_layer_backward:8.364200592041016
INFO:trainer_layer_backward:9.1400146484375
INFO:trainer_layer_backward:9.603738784790039
INFO:trainer_layer_backward:6.528139114379883
INFO:trainer_layer_backward:12.97760009765625
INFO:trainer_layer_backward:8.997440338134766
INFO:trainer_layer_backward:8.175373077392578
INFO:trainer_layer_backward:9.107589721679688
INFO:trainer_layer_backward:11.771440505981445
INFO:trainer_layer_backward:8.733272552490234
INFO:trainer_layer_backward:9.933710098266602
INFO:trainer_layer_backward:10.83683967590332
INFO:trainer_layer_backward:7.279157638549805
INFO:trainer_layer_backward:9.700775146484375
INFO:trainer_layer_backward:6.774425506591797
INFO:trainer_layer_backward:12.653827667236328
INFO:trainer_layer_backward:13.967514038085938
INFO:trainer_layer_backward:9.797334671020508
INFO:trainer_layer_backward:6.8302154541015625
INFO:trainer_layer_backward:9.032487869262695
INFO:trainer_layer_backward:10.545730590820312
INFO:trainer_layer_backward:8.905410766601562
INFO:trainer_layer_backward:10.084152221679688
INFO:trainer_layer_backward:10.226249694824219
INFO:trainer_layer_backward:7.17926025390625
INFO:trainer_layer_backward:10.743141174316406
INFO:trainer_layer_backward:13.143539428710938
INFO:trainer_layer_backward:7.986545562744141
INFO:trainer_layer_backward:12.917757034301758
INFO:trainer_layer_backward:9.056568145751953
INFO:trainer_layer_backward:7.225751876831055
INFO:trainer_layer_backward:6.599903106689453
INFO:trainer_layer_backward:11.883735656738281
INFO:trainer_layer_backward:11.646509170532227
INFO:trainer_layer_backward:6.687402725219727
INFO:trainer_layer_backward:6.431341171264648
INFO:trainer_layer_backward:6.141901016235352
INFO:trainer_layer_backward:9.090185165405273
INFO:trainer_layer_backward:6.4697265625
INFO:trainer_layer_backward:9.064674377441406
INFO:trainer_layer_backward:12.859821319580078
INFO:trainer_layer_backward:6.435155868530273
INFO:trainer_layer_backward:8.868694305419922
INFO:trainer_layer_backward:11.744022369384766
INFO:trainer_layer_backward:12.058496475219727
INFO:trainer_layer_backward:6.602764129638672
INFO:trainer_layer_backward:12.447357177734375
INFO:trainer_layer_backward:6.397008895874023
INFO:trainer_layer_backward:6.386995315551758
INFO:trainer_layer_backward:6.469488143920898
INFO:trainer_layer_backward:9.793519973754883
INFO:trainer_layer_backward:10.17904281616211
INFO:trainer_layer_backward:9.331941604614258
INFO:trainer_layer_backward:8.033037185668945
INFO:trainer_layer_backward:9.017705917358398
INFO:trainer_layer_backward:7.671356201171875
INFO:trainer_layer_backward:9.847164154052734
INFO:trainer_layer_backward:13.69476318359375
INFO:trainer_layer_backward:6.624698638916016
INFO:trainer_layer_backward:6.335735321044922
INFO:trainer_layer_backward:10.491132736206055
INFO:trainer_layer_backward:6.550073623657227
INFO:trainer_layer_backward:7.358074188232422
INFO:trainer_layer_backward:6.839513778686523
INFO:trainer_layer_backward:6.301403045654297
INFO:trainer_layer_backward:9.05299186706543
INFO:trainer_layer_backward:8.056402206420898
INFO:trainer_layer_backward:9.502649307250977
INFO:trainer_layer_backward:11.939525604248047
INFO:trainer_layer_backward:7.330179214477539
INFO:trainer_layer_backward:9.178400039672852
INFO:trainer_layer_backward:12.609720230102539
INFO:trainer_layer_backward:12.300968170166016
INFO:trainer_layer_backward:8.745193481445312
INFO:trainer_layer_backward:8.602380752563477
INFO:trainer_layer_backward:6.814241409301758
INFO:trainer_layer_backward:11.574029922485352
INFO:trainer_layer_backward:10.251522064208984
INFO:trainer_layer_backward:8.814573287963867
INFO:trainer_layer_backward:11.09623908996582
INFO:trainer_layer_backward:9.680032730102539
INFO:trainer_layer_backward:10.272741317749023
INFO:trainer_layer_backward:9.21487808227539
INFO:trainer_layer_backward:10.493993759155273
INFO:trainer_layer_backward:12.442588806152344
INFO:trainer_layer_backward:10.973930358886719
INFO:trainer_layer_backward:8.769035339355469
INFO:trainer_layer_backward:8.769512176513672
INFO:trainer_layer_backward:14.024496078491211
INFO:trainer_layer_backward:10.96034049987793
INFO:trainer_layer_backward:13.791322708129883
INFO:trainer_layer_backward:6.678104400634766
INFO:trainer_layer_backward:11.795759201049805
INFO:trainer_layer_backward:7.804393768310547
INFO:trainer_layer_backward:7.086277008056641
INFO:trainer_layer_backward:10.063648223876953
INFO:trainer_layer_backward:8.522987365722656
INFO:trainer_layer_backward:10.493040084838867
INFO:trainer_layer_backward:13.08298110961914
INFO:trainer_layer_backward:6.554126739501953
INFO:trainer_layer_backward:8.53276252746582
INFO:trainer_layer_backward:9.71078872680664
INFO:trainer_layer_backward:10.970115661621094
INFO:trainer_layer_backward:9.106636047363281
INFO:trainer_layer_backward:9.675264358520508
INFO:trainer_layer_backward:8.804082870483398
INFO:trainer_layer_backward:12.277364730834961
INFO:trainer_layer_backward:10.267972946166992
INFO:trainer_layer_backward:12.032508850097656
INFO:trainer_layer_backward:12.654781341552734
INFO:trainer_layer_backward:11.540412902832031
INFO:trainer_layer_backward:11.801481246948242
INFO:trainer_layer_backward:8.661270141601562
INFO:trainer_layer_backward:6.953954696655273
INFO:trainer_layer_backward:7.689476013183594
INFO:trainer_layer_backward:7.738590240478516
INFO:trainer_layer_backward:12.426137924194336
INFO:trainer_layer_backward:9.968042373657227
INFO:trainer_layer_backward:8.846521377563477
INFO:trainer_layer_backward:12.695074081420898
INFO:trainer_layer_backward:10.751485824584961
INFO:trainer_layer_backward:12.067079544067383
INFO:trainer_layer_backward:19.385576248168945
INFO:trainer_layer_backward:8.11910629272461
INFO:trainer_layer_backward:9.664058685302734
INFO:trainer_layer_backward:10.599374771118164
INFO:trainer_layer_backward:10.057926177978516
INFO:trainer_layer_backward:6.691455841064453
INFO:trainer_layer_backward:6.437540054321289
INFO:trainer_layer_backward:6.403923034667969
INFO:trainer_layer_backward:7.024049758911133
INFO:trainer_layer_backward:9.630441665649414
INFO:trainer_layer_backward:11.74163818359375
INFO:trainer_layer_backward:6.364107131958008
INFO:trainer_layer_backward:12.352228164672852
INFO:trainer_layer_backward:9.296178817749023
INFO:trainer_layer_backward:12.344598770141602
INFO:trainer_layer_backward:6.577253341674805
INFO:trainer_layer_backward:9.433269500732422
INFO:trainer_layer_backward:10.473012924194336
INFO:trainer_layer_backward:10.286808013916016
INFO:trainer_layer_backward:9.663820266723633
INFO:trainer_layer_backward:10.640382766723633
INFO:trainer_layer_backward:7.691144943237305
INFO:trainer_layer_backward:13.244390487670898
INFO:trainer_layer_backward:9.724140167236328
INFO:trainer_layer_backward:8.869409561157227
INFO:trainer_layer_backward:6.352424621582031
INFO:trainer_layer_backward:9.741783142089844
INFO:trainer_layer_backward:13.867378234863281
INFO:trainer_layer_backward:9.416341781616211
INFO:trainer_layer_backward:8.946418762207031
INFO:trainer_layer_backward:7.148981094360352
INFO:trainer_layer_backward:10.896921157836914
INFO:trainer_layer_backward:9.34743881225586
INFO:trainer_layer_backward:7.527589797973633
INFO:trainer_layer_backward:9.904146194458008
INFO:trainer_layer_backward:11.701822280883789
INFO:trainer_layer_backward:8.365869522094727
INFO:trainer_layer_backward:9.049177169799805
INFO:trainer_layer_backward:9.045600891113281
INFO:trainer_layer_backward:8.707523345947266
INFO:trainer_layer_backward:9.721994400024414
INFO:trainer_layer_backward:8.557796478271484
INFO:trainer_layer_backward:6.929636001586914
INFO:trainer_layer_backward:7.812261581420898
INFO:trainer_layer_backward:9.905815124511719
INFO:trainer_layer_backward:11.817693710327148
INFO:trainer_layer_backward:8.857488632202148
INFO:trainer_layer_backward:9.646892547607422
INFO:trainer_layer_backward:8.163928985595703
INFO:trainer_layer_backward:6.616353988647461
INFO:trainer_layer_backward:6.166219711303711
INFO:trainer_layer_backward:6.574153900146484
INFO:trainer_layer_backward:6.103515625
INFO:trainer_layer_backward:8.82267951965332
INFO:trainer_layer_backward:5.835294723510742
INFO:trainer_layer_backward:9.488344192504883
INFO:trainer_layer_backward:10.982036590576172
INFO:trainer_layer_backward:5.912542343139648
INFO:trainer_layer_backward:9.152889251708984
INFO:trainer_layer_backward:6.806612014770508
INFO:trainer_layer_backward:8.456230163574219
INFO:trainer_layer_backward:11.583328247070312
INFO:trainer_layer_backward:9.663581848144531
INFO:trainer_layer_backward:12.104272842407227
INFO:trainer_layer_backward:6.476879119873047
INFO:trainer_layer_backward:8.065938949584961
INFO:trainer_layer_backward:10.646581649780273
INFO:trainer_layer_backward:11.224031448364258
INFO:trainer_layer_backward:21.045207977294922
INFO:trainer_layer_backward:7.878303527832031
INFO:trainer_layer_backward:7.376909255981445
INFO:trainer_layer_backward:9.467601776123047
INFO:trainer_layer_backward:10.219812393188477
INFO:trainer_layer_backward:8.903980255126953
INFO:trainer_layer_backward:9.360790252685547
INFO:trainer_layer_backward:8.714437484741211
INFO:trainer_layer_backward:9.450435638427734
INFO:trainer_layer_backward:12.797355651855469
INFO:trainer_layer_backward:6.085872650146484
INFO:trainer_layer_backward:11.243581771850586
INFO:trainer_layer_backward:8.997201919555664
INFO:trainer_layer_backward:8.962631225585938
INFO:trainer_layer_backward:12.608766555786133
INFO:trainer_layer_backward:7.77125358581543
INFO:trainer_layer_backward:8.991003036499023
INFO:trainer_layer_backward:12.513875961303711
INFO:trainer_layer_backward:8.473396301269531
INFO:trainer_layer_backward:10.428190231323242
INFO:trainer_layer_backward:6.2503814697265625
INFO:trainer_layer_backward:9.784460067749023
INFO:trainer_layer_backward:7.248401641845703
INFO:trainer_layer_backward:8.045196533203125
INFO:trainer_layer_backward:9.695053100585938
INFO:trainer_layer_backward:8.463144302368164
INFO:trainer_layer_backward:10.2996826171875
INFO:trainer_layer_backward:8.046627044677734
INFO:trainer_layer_backward:12.528657913208008
INFO:trainer_layer_backward:7.817506790161133
INFO:trainer_layer_backward:9.847164154052734
INFO:trainer_layer_backward:13.962984085083008
INFO:trainer_layer_backward:8.664846420288086
INFO:trainer_layer_backward:9.54127311706543
INFO:trainer_layer_backward:8.521556854248047
INFO:trainer_layer_backward:8.862018585205078
INFO:trainer_layer_backward:10.618209838867188
INFO:trainer_layer_backward:8.709430694580078
INFO:trainer_layer_backward:11.41667366027832
INFO:trainer_layer_backward:6.336688995361328
INFO:trainer_layer_backward:10.290861129760742
INFO:trainer_layer_backward:11.868476867675781
INFO:trainer_layer_backward:9.794473648071289
INFO:trainer_layer_backward:13.090372085571289
INFO:trainer_layer_backward:10.94818115234375
INFO:trainer_layer_backward:9.061574935913086
INFO:trainer_layer_backward:8.562326431274414
INFO:trainer_layer_backward:11.55233383178711
INFO:trainer_layer_backward:7.060527801513672
INFO:trainer_layer_backward:11.331796646118164
INFO:trainer_layer_backward:10.531425476074219
INFO:trainer_layer_backward:9.32002067565918
INFO:trainer_layer_backward:8.269309997558594
INFO:trainer_layer_backward:11.432647705078125
INFO:trainer_layer_backward:8.432865142822266
INFO:trainer_layer_backward:9.165287017822266
INFO:trainer_layer_backward:12.104988098144531
INFO:trainer_layer_backward:12.564420700073242
INFO:trainer_layer_backward:7.056474685668945
INFO:trainer_layer_backward:8.691549301147461
INFO:trainer_layer_backward:6.421566009521484
INFO:trainer_layer_backward:8.423805236816406
INFO:trainer_layer_backward:9.528160095214844
INFO:trainer_layer_backward:12.47859001159668
INFO:trainer_layer_backward:9.607553482055664
INFO:trainer_layer_backward:8.793830871582031
INFO:trainer_layer_backward:9.068012237548828
INFO:trainer_layer_backward:7.753610610961914
INFO:trainer_layer_backward:12.008190155029297
INFO:trainer_layer_backward:10.407447814941406
INFO:trainer_layer_backward:6.524324417114258
INFO:trainer_layer_backward:9.350299835205078
INFO:trainer_layer_backward:5.953311920166016
INFO:trainer_layer_backward:6.579160690307617
INFO:trainer_layer_backward:5.949735641479492
INFO:trainer_layer_backward:6.122589111328125
INFO:trainer_layer_backward:5.936145782470703
INFO:trainer_layer_backward:6.309270858764648
INFO:trainer_layer_backward:7.643938064575195
INFO:trainer_layer_backward:6.701946258544922
INFO:trainer_layer_backward:7.320880889892578
INFO:trainer_layer_backward:9.114503860473633
INFO:trainer_layer_backward:9.595394134521484
INFO:trainer_layer_backward:7.7152252197265625
INFO:trainer_layer_backward:6.030082702636719
INFO:trainer_layer_backward:9.258747100830078
INFO:trainer_layer_backward:10.004997253417969
INFO:trainer_layer_backward:6.946802139282227
INFO:trainer_layer_backward:5.919933319091797
INFO:trainer_layer_backward:5.965709686279297
INFO:trainer_layer_backward:8.136272430419922
INFO:trainer_layer_backward:8.85462760925293
INFO:trainer_layer_backward:8.23211669921875
INFO:trainer_layer_backward:5.994558334350586
INFO:trainer_layer_backward:8.177518844604492
INFO:trainer_layer_backward:10.639429092407227
INFO:trainer_layer_backward:5.964994430541992
INFO:trainer_layer_backward:7.104158401489258
INFO:trainer_layer_backward:8.048057556152344
INFO:trainer_layer_backward:8.179903030395508
INFO:trainer_layer_backward:8.020639419555664
INFO:trainer_layer_backward:8.438825607299805
INFO:trainer_layer_backward:11.740684509277344
INFO:trainer_layer_backward:8.208036422729492
INFO:trainer_layer_backward:9.064912796020508
INFO:trainer_layer_backward:8.209228515625
INFO:trainer_layer_backward:8.030891418457031
INFO:trainer_layer_backward:11.826753616333008
INFO:trainer_layer_backward:6.033420562744141
INFO:trainer_layer_backward:10.791301727294922
INFO:trainer_layer_backward:7.665157318115234
INFO:trainer_layer_backward:8.708953857421875
INFO:trainer_layer_backward:9.554147720336914
INFO:trainer_layer_backward:11.597394943237305
INFO:trainer_layer_backward:7.547855377197266
INFO:trainer_layer_backward:6.989240646362305
INFO:trainer_layer_backward:8.051395416259766
INFO:trainer_layer_backward:9.104728698730469
INFO:trainer_layer_backward:11.763572692871094
INFO:trainer_layer_backward:7.51805305480957
INFO:trainer_layer_backward:7.849454879760742
INFO:trainer_layer_backward:9.10043716430664
INFO:trainer_layer_backward:9.04083251953125
INFO:trainer_layer_backward:6.555080413818359
INFO:trainer_layer_backward:8.901119232177734
INFO:trainer_layer_backward:7.531642913818359
INFO:trainer_layer_backward:9.491443634033203
INFO:trainer_layer_backward:9.95326042175293
INFO:trainer_layer_backward:8.109807968139648
INFO:trainer_layer_backward:9.510517120361328
INFO:trainer_layer_backward:8.362770080566406
INFO:trainer_layer_backward:8.877277374267578
INFO:trainer_layer_backward:11.553525924682617
INFO:trainer_layer_backward:10.193347930908203
INFO:trainer_layer_backward:8.671760559082031
INFO:trainer_layer_backward:8.76760482788086
INFO:trainer_layer_backward:11.684179306030273
INFO:trainer_layer_backward:11.136531829833984
INFO:trainer_layer_backward:7.347822189331055
INFO:trainer_layer_backward:9.200572967529297
INFO:trainer_layer_backward:8.049964904785156
INFO:trainer_layer_backward:9.537458419799805
INFO:trainer_layer_backward:13.24605941772461
INFO:trainer_layer_backward:9.279727935791016
INFO:trainer_layer_backward:9.093761444091797
INFO:trainer_layer_backward:8.933544158935547
INFO:trainer_layer_backward:8.620738983154297
INFO:trainer_layer_backward:6.093502044677734
INFO:trainer_layer_backward:11.883258819580078
INFO:trainer_layer_backward:5.980014801025391
INFO:trainer_layer_backward:6.885766983032227
INFO:trainer_layer_backward:6.821155548095703
INFO:trainer_layer_backward:6.211996078491211
INFO:trainer_layer_backward:9.44209098815918
INFO:trainer_layer_backward:13.230085372924805
INFO:trainer_layer_backward:5.797624588012695
INFO:trainer_layer_backward:12.77923583984375
INFO:trainer_layer_backward:11.935234069824219
INFO:trainer_layer_backward:9.110450744628906
INFO:trainer_layer_backward:5.904436111450195
INFO:trainer_layer_backward:10.258197784423828
INFO:trainer_layer_backward:11.185646057128906
INFO:trainer_layer_backward:9.439945220947266
INFO:trainer_layer_backward:9.029150009155273
INFO:trainer_layer_backward:12.480974197387695
INFO:trainer_layer_backward:9.847402572631836
INFO:trainer_layer_backward:10.488271713256836
INFO:trainer_layer_backward:8.075475692749023
INFO:trainer_layer_backward:9.79924201965332
INFO:trainer_layer_backward:8.825302124023438
INFO:trainer_layer_backward:8.82411003112793
INFO:trainer_layer_backward:9.112119674682617
INFO:trainer_layer_backward:8.45646858215332
INFO:trainer_layer_backward:6.817102432250977
INFO:trainer_layer_backward:6.106376647949219
INFO:trainer_layer_backward:6.778240203857422
INFO:trainer_layer_backward:5.839347839355469
INFO:trainer_layer_backward:6.444454193115234
INFO:trainer_layer_backward:6.179332733154297
INFO:trainer_layer_backward:8.644819259643555
INFO:trainer_layer_backward:11.249542236328125
INFO:trainer_layer_backward:10.092973709106445
INFO:trainer_layer_backward:8.632421493530273
INFO:trainer_layer_backward:9.182929992675781
INFO:trainer_layer_backward:7.919073104858398
INFO:trainer_layer_backward:11.081695556640625
INFO:trainer_layer_backward:10.342836380004883
INFO:trainer_layer_backward:8.741140365600586
INFO:trainer_layer_backward:5.824804306030273
INFO:trainer_layer_backward:8.334875106811523
INFO:trainer_layer_backward:7.947206497192383
INFO:trainer_layer_backward:11.139392852783203
INFO:trainer_layer_backward:13.144493103027344
INFO:trainer_layer_backward:7.086277008056641
INFO:trainer_layer_backward:8.986949920654297
INFO:trainer_layer_backward:9.756088256835938
INFO:trainer_layer_backward:9.293794631958008
INFO:trainer_layer_backward:7.51185417175293
INFO:trainer_layer_backward:10.002613067626953
INFO:trainer_layer_backward:9.095907211303711
INFO:trainer_layer_backward:11.04593276977539
INFO:trainer_layer_backward:10.127067565917969
INFO:trainer_layer_backward:11.748790740966797
INFO:trainer_layer_backward:11.353015899658203
INFO:trainer_layer_backward:11.862993240356445
INFO:trainer_layer_backward:10.680675506591797
INFO:trainer_layer_backward:9.215354919433594
INFO:trainer_layer_backward:7.061004638671875
INFO:trainer_layer_backward:9.906291961669922
INFO:trainer_layer_backward:7.0648193359375
INFO:trainer_layer_backward:10.010480880737305
INFO:trainer_layer_backward:12.529134750366211
INFO:trainer_layer_backward:7.323026657104492
INFO:trainer_layer_backward:7.000446319580078
INFO:trainer_layer_backward:6.767749786376953
INFO:trainer_layer_backward:6.515741348266602
INFO:trainer_layer_backward:8.891820907592773
INFO:trainer_layer_backward:11.374950408935547
INFO:trainer_layer_backward:9.702682495117188
INFO:trainer_layer_backward:9.91058349609375
INFO:trainer_layer_backward:10.064840316772461
INFO:trainer_layer_backward:11.235713958740234
INFO:trainer_layer_backward:12.761831283569336
INFO:trainer_layer_backward:8.467674255371094
INFO:trainer_layer_backward:13.064384460449219
INFO:trainer_layer_backward:9.596109390258789
INFO:trainer_layer_backward:9.965181350708008
