INFO:trainer_layer_backward:FFT_CNNEx | mnist
INFO:trainer_layer_backward:in_size : 1024 | epochs : 1 | batch : 1
INFO:trainer_layer_backward:kernel_l1 : 513 | kernel_l2 : 257 | kernel_l3 : 129 
INFO:trainer_layer_backward:o_channels_l1 : 5 | o_channels_l2 : 5 | o_channels_l3 : 5 
INFO:trainer_layer_backward::::::::::::::::::::::::::::::::::::::::::::::::::::::::::::
INFO:trainer_layer_backward:message : fft_all_layer 
INFO:trainer_layer_backward::::::::::::::::::::::::::::::::::::::::::::::::::::::::::::
INFO:trainer_layer_backward:Ave_Time : 67.09251111867476
INFO:trainer_layer_backward::::::::::::::::::::::::::::::::::::::::::::::::::::::::::::
INFO:trainer_layer_backward:66.28251075744629
INFO:trainer_layer_backward:66.9410228729248
INFO:trainer_layer_backward:65.59538841247559
INFO:trainer_layer_backward:65.67502021789551
INFO:trainer_layer_backward:66.30349159240723
INFO:trainer_layer_backward:68.10855865478516
INFO:trainer_layer_backward:66.21265411376953
INFO:trainer_layer_backward:65.54484367370605
INFO:trainer_layer_backward:67.58642196655273
INFO:trainer_layer_backward:66.42317771911621
INFO:trainer_layer_backward:65.99307060241699
INFO:trainer_layer_backward:67.49272346496582
INFO:trainer_layer_backward:66.14112854003906
INFO:trainer_layer_backward:67.23809242248535
INFO:trainer_layer_backward:65.99974632263184
INFO:trainer_layer_backward:66.05386734008789
INFO:trainer_layer_backward:67.78645515441895
INFO:trainer_layer_backward:67.88206100463867
INFO:trainer_layer_backward:66.59460067749023
INFO:trainer_layer_backward:67.19112396240234
INFO:trainer_layer_backward:65.78183174133301
INFO:trainer_layer_backward:68.48382949829102
INFO:trainer_layer_backward:69.71478462219238
INFO:trainer_layer_backward:68.96448135375977
INFO:trainer_layer_backward:66.20383262634277
INFO:trainer_layer_backward:66.6191577911377
INFO:trainer_layer_backward:66.8632984161377
INFO:trainer_layer_backward:66.92028045654297
INFO:trainer_layer_backward:66.53952598571777
INFO:trainer_layer_backward:67.64698028564453
INFO:trainer_layer_backward:67.52514839172363
INFO:trainer_layer_backward:69.31829452514648
INFO:trainer_layer_backward:70.63603401184082
INFO:trainer_layer_backward:69.41461563110352
INFO:trainer_layer_backward:69.81563568115234
INFO:trainer_layer_backward:71.1674690246582
INFO:trainer_layer_backward:70.27077674865723
INFO:trainer_layer_backward:70.30177116394043
INFO:trainer_layer_backward:69.46372985839844
INFO:trainer_layer_backward:69.81134414672852
INFO:trainer_layer_backward:70.45888900756836
INFO:trainer_layer_backward:68.72320175170898
INFO:trainer_layer_backward:70.97148895263672
INFO:trainer_layer_backward:66.79463386535645
INFO:trainer_layer_backward:66.10822677612305
INFO:trainer_layer_backward:66.13826751708984
INFO:trainer_layer_backward:66.44344329833984
INFO:trainer_layer_backward:68.90988349914551
INFO:trainer_layer_backward:67.83866882324219
INFO:trainer_layer_backward:67.07453727722168
INFO:trainer_layer_backward:65.64903259277344
INFO:trainer_layer_backward:66.14518165588379
INFO:trainer_layer_backward:65.70148468017578
INFO:trainer_layer_backward:66.12968444824219
INFO:trainer_layer_backward:66.0409927368164
INFO:trainer_layer_backward:66.2989616394043
INFO:trainer_layer_backward:66.75863265991211
INFO:trainer_layer_backward:65.62137603759766
INFO:trainer_layer_backward:66.02931022644043
INFO:trainer_layer_backward:65.75226783752441
INFO:trainer_layer_backward:66.12634658813477
INFO:trainer_layer_backward:66.19596481323242
INFO:trainer_layer_backward:66.79368019104004
INFO:trainer_layer_backward:67.20471382141113
INFO:trainer_layer_backward:66.33830070495605
INFO:trainer_layer_backward:66.68353080749512
INFO:trainer_layer_backward:65.89698791503906
INFO:trainer_layer_backward:66.30396842956543
INFO:trainer_layer_backward:65.53387641906738
INFO:trainer_layer_backward:67.28935241699219
INFO:trainer_layer_backward:66.02621078491211
INFO:trainer_layer_backward:68.9079761505127
INFO:trainer_layer_backward:67.08860397338867
INFO:trainer_layer_backward:67.01421737670898
INFO:trainer_layer_backward:67.16799736022949
INFO:trainer_layer_backward:66.13898277282715
INFO:trainer_layer_backward:67.14606285095215
INFO:trainer_layer_backward:66.83039665222168
INFO:trainer_layer_backward:66.50662422180176
INFO:trainer_layer_backward:66.9553279876709
INFO:trainer_layer_backward:65.71817398071289
INFO:trainer_layer_backward:67.6584243774414
INFO:trainer_layer_backward:67.2140121459961
INFO:trainer_layer_backward:66.41101837158203
INFO:trainer_layer_backward:65.52243232727051
INFO:trainer_layer_backward:67.11983680725098
INFO:trainer_layer_backward:62.35957145690918
INFO:trainer_layer_backward:65.44780731201172
INFO:trainer_layer_backward:67.47889518737793
INFO:trainer_layer_backward:67.12579727172852
INFO:trainer_layer_backward:68.634033203125
INFO:trainer_layer_backward:65.77897071838379
INFO:trainer_layer_backward:67.7332878112793
INFO:trainer_layer_backward:67.84892082214355
INFO:trainer_layer_backward:66.85042381286621
INFO:trainer_layer_backward:66.20049476623535
INFO:trainer_layer_backward:66.29133224487305
INFO:trainer_layer_backward:75.68812370300293
INFO:trainer_layer_backward:67.72971153259277
INFO:trainer_layer_backward:66.2684440612793
INFO:trainer_layer_backward:68.99690628051758
INFO:trainer_layer_backward:70.2219009399414
INFO:trainer_layer_backward:70.21903991699219
INFO:trainer_layer_backward:68.91274452209473
INFO:trainer_layer_backward:66.46895408630371
INFO:trainer_layer_backward:66.35236740112305
INFO:trainer_layer_backward:67.34442710876465
INFO:trainer_layer_backward:68.11165809631348
INFO:trainer_layer_backward:67.16728210449219
INFO:trainer_layer_backward:65.4761791229248
INFO:trainer_layer_backward:67.98672676086426
INFO:trainer_layer_backward:65.89555740356445
INFO:trainer_layer_backward:66.15495681762695
INFO:trainer_layer_backward:67.21138954162598
INFO:trainer_layer_backward:65.72484970092773
INFO:trainer_layer_backward:67.54159927368164
INFO:trainer_layer_backward:66.50662422180176
INFO:trainer_layer_backward:66.70522689819336
INFO:trainer_layer_backward:67.27051734924316
INFO:trainer_layer_backward:66.68496131896973
INFO:trainer_layer_backward:66.38026237487793
INFO:trainer_layer_backward:66.19882583618164
INFO:trainer_layer_backward:66.14160537719727
INFO:trainer_layer_backward:68.92013549804688
INFO:trainer_layer_backward:66.52212142944336
INFO:trainer_layer_backward:66.8034553527832
INFO:trainer_layer_backward:68.20297241210938
INFO:trainer_layer_backward:67.24143028259277
INFO:trainer_layer_backward:66.66278839111328
INFO:trainer_layer_backward:66.98369979858398
INFO:trainer_layer_backward:65.91439247131348
INFO:trainer_layer_backward:65.86074829101562
INFO:trainer_layer_backward:68.33481788635254
INFO:trainer_layer_backward:67.35444068908691
INFO:trainer_layer_backward:67.12985038757324
INFO:trainer_layer_backward:67.29483604431152
INFO:trainer_layer_backward:66.21193885803223
INFO:trainer_layer_backward:67.75069236755371
INFO:trainer_layer_backward:67.49796867370605
INFO:trainer_layer_backward:66.8032169342041
INFO:trainer_layer_backward:66.18237495422363
INFO:trainer_layer_backward:66.69759750366211
INFO:trainer_layer_backward:68.91798973083496
INFO:trainer_layer_backward:66.41054153442383
INFO:trainer_layer_backward:66.56169891357422
INFO:trainer_layer_backward:66.44678115844727
INFO:trainer_layer_backward:66.53213500976562
INFO:trainer_layer_backward:65.9492015838623
INFO:trainer_layer_backward:67.42167472839355
INFO:trainer_layer_backward:67.01207160949707
INFO:trainer_layer_backward:68.31765174865723
INFO:trainer_layer_backward:65.8731460571289
INFO:trainer_layer_backward:67.31057167053223
INFO:trainer_layer_backward:67.05236434936523
INFO:trainer_layer_backward:66.1921501159668
INFO:trainer_layer_backward:65.72604179382324
INFO:trainer_layer_backward:67.54088401794434
INFO:trainer_layer_backward:66.09797477722168
INFO:trainer_layer_backward:66.97654724121094
INFO:trainer_layer_backward:68.60113143920898
INFO:trainer_layer_backward:68.68815422058105
INFO:trainer_layer_backward:65.80042839050293
INFO:trainer_layer_backward:67.25454330444336
INFO:trainer_layer_backward:69.34285163879395
INFO:trainer_layer_backward:66.48659706115723
INFO:trainer_layer_backward:66.98727607727051
INFO:trainer_layer_backward:68.61066818237305
INFO:trainer_layer_backward:66.9550895690918
INFO:trainer_layer_backward:69.18525695800781
INFO:trainer_layer_backward:66.62750244140625
INFO:trainer_layer_backward:67.38972663879395
INFO:trainer_layer_backward:65.65713882446289
INFO:trainer_layer_backward:69.42510604858398
INFO:trainer_layer_backward:66.10989570617676
INFO:trainer_layer_backward:69.27824020385742
INFO:trainer_layer_backward:66.89786911010742
INFO:trainer_layer_backward:66.25747680664062
INFO:trainer_layer_backward:66.53976440429688
INFO:trainer_layer_backward:66.67709350585938
INFO:trainer_layer_backward:67.10505485534668
INFO:trainer_layer_backward:66.93625450134277
INFO:trainer_layer_backward:66.83468818664551
INFO:trainer_layer_backward:66.50304794311523
INFO:trainer_layer_backward:66.497802734375
INFO:trainer_layer_backward:66.82157516479492
INFO:trainer_layer_backward:67.16179847717285
INFO:trainer_layer_backward:67.41976737976074
INFO:trainer_layer_backward:67.52705574035645
INFO:trainer_layer_backward:65.9480094909668
INFO:trainer_layer_backward:67.12031364440918
INFO:trainer_layer_backward:68.41039657592773
INFO:trainer_layer_backward:68.91942024230957
INFO:trainer_layer_backward:67.73495674133301
INFO:trainer_layer_backward:66.99752807617188
INFO:trainer_layer_backward:65.81258773803711
INFO:trainer_layer_backward:68.58539581298828
INFO:trainer_layer_backward:68.15004348754883
INFO:trainer_layer_backward:67.11220741271973
INFO:trainer_layer_backward:67.47174263000488
INFO:trainer_layer_backward:67.22044944763184
INFO:trainer_layer_backward:66.23196601867676
INFO:trainer_layer_backward:67.09098815917969
INFO:trainer_layer_backward:65.78779220581055
INFO:trainer_layer_backward:70.60527801513672
INFO:trainer_layer_backward:66.27011299133301
INFO:trainer_layer_backward:66.78104400634766
INFO:trainer_layer_backward:66.16735458374023
INFO:trainer_layer_backward:65.73629379272461
INFO:trainer_layer_backward:66.16044044494629
INFO:trainer_layer_backward:66.99728965759277
INFO:trainer_layer_backward:65.75274467468262
INFO:trainer_layer_backward:67.5048828125
INFO:trainer_layer_backward:66.94960594177246
INFO:trainer_layer_backward:67.15035438537598
INFO:trainer_layer_backward:68.55511665344238
INFO:trainer_layer_backward:67.29316711425781
INFO:trainer_layer_backward:67.03519821166992
INFO:trainer_layer_backward:66.2393569946289
INFO:trainer_layer_backward:65.94014167785645
INFO:trainer_layer_backward:68.02845001220703
INFO:trainer_layer_backward:66.62726402282715
INFO:trainer_layer_backward:67.28768348693848
INFO:trainer_layer_backward:69.05555725097656
INFO:trainer_layer_backward:66.95938110351562
INFO:trainer_layer_backward:66.90573692321777
INFO:trainer_layer_backward:67.66366958618164
INFO:trainer_layer_backward:67.5363540649414
INFO:trainer_layer_backward:68.50075721740723
INFO:trainer_layer_backward:68.3290958404541
INFO:trainer_layer_backward:67.80385971069336
INFO:trainer_layer_backward:67.27099418640137
INFO:trainer_layer_backward:67.7180290222168
INFO:trainer_layer_backward:68.3600902557373
INFO:trainer_layer_backward:69.00739669799805
INFO:trainer_layer_backward:67.3074722290039
INFO:trainer_layer_backward:65.91653823852539
INFO:trainer_layer_backward:66.48111343383789
INFO:trainer_layer_backward:68.40085983276367
INFO:trainer_layer_backward:67.33059883117676
INFO:trainer_layer_backward:68.29476356506348
INFO:trainer_layer_backward:66.27392768859863
INFO:trainer_layer_backward:67.04425811767578
INFO:trainer_layer_backward:70.21164894104004
INFO:trainer_layer_backward:67.15083122253418
INFO:trainer_layer_backward:65.7341480255127
INFO:trainer_layer_backward:68.42398643493652
INFO:trainer_layer_backward:67.98863410949707
INFO:trainer_layer_backward:67.02995300292969
INFO:trainer_layer_backward:66.1475658416748
INFO:trainer_layer_backward:66.89190864562988
INFO:trainer_layer_backward:67.10600852966309
INFO:trainer_layer_backward:65.22369384765625
INFO:trainer_layer_backward:69.94152069091797
INFO:trainer_layer_backward:66.77675247192383
INFO:trainer_layer_backward:66.90192222595215
INFO:trainer_layer_backward:67.13008880615234
INFO:trainer_layer_backward:67.05737113952637
INFO:trainer_layer_backward:67.00491905212402
INFO:trainer_layer_backward:67.0771598815918
INFO:trainer_layer_backward:67.21043586730957
INFO:trainer_layer_backward:67.05880165100098
INFO:trainer_layer_backward:66.95103645324707
INFO:trainer_layer_backward:67.16561317443848
INFO:trainer_layer_backward:65.90867042541504
INFO:trainer_layer_backward:65.73271751403809
INFO:trainer_layer_backward:67.12055206298828
INFO:trainer_layer_backward:68.3603286743164
INFO:trainer_layer_backward:68.45378875732422
INFO:trainer_layer_backward:65.99283218383789
INFO:trainer_layer_backward:67.31057167053223
INFO:trainer_layer_backward:66.30992889404297
INFO:trainer_layer_backward:67.2004222869873
INFO:trainer_layer_backward:65.8109188079834
INFO:trainer_layer_backward:67.60072708129883
INFO:trainer_layer_backward:67.63315200805664
INFO:trainer_layer_backward:67.9616928100586
INFO:trainer_layer_backward:67.44146347045898
INFO:trainer_layer_backward:67.12889671325684
INFO:trainer_layer_backward:66.22958183288574
INFO:trainer_layer_backward:67.1994686126709
INFO:trainer_layer_backward:66.58720970153809
INFO:trainer_layer_backward:65.9325122833252
INFO:trainer_layer_backward:67.33107566833496
INFO:trainer_layer_backward:66.01619720458984
INFO:trainer_layer_backward:68.19963455200195
INFO:trainer_layer_backward:65.16003608703613
INFO:trainer_layer_backward:68.20082664489746
INFO:trainer_layer_backward:66.5130615234375
INFO:trainer_layer_backward:66.53594970703125
INFO:trainer_layer_backward:66.15090370178223
INFO:trainer_layer_backward:67.37494468688965
INFO:trainer_layer_backward:67.0464038848877
INFO:trainer_layer_backward:66.31994247436523
INFO:trainer_layer_backward:68.21608543395996
INFO:trainer_layer_backward:67.36350059509277
INFO:trainer_layer_backward:66.89190864562988
INFO:trainer_layer_backward:66.93696975708008
INFO:trainer_layer_backward:66.47801399230957
INFO:trainer_layer_backward:66.30802154541016
INFO:trainer_layer_backward:66.31064414978027
INFO:trainer_layer_backward:66.12086296081543
INFO:trainer_layer_backward:68.21990013122559
INFO:trainer_layer_backward:68.68815422058105
INFO:trainer_layer_backward:65.89102745056152
INFO:trainer_layer_backward:66.23697280883789
INFO:trainer_layer_backward:67.08979606628418
INFO:trainer_layer_backward:66.16568565368652
INFO:trainer_layer_backward:66.70022010803223
INFO:trainer_layer_backward:66.73312187194824
INFO:trainer_layer_backward:68.43185424804688
INFO:trainer_layer_backward:67.52753257751465
INFO:trainer_layer_backward:66.54214859008789
INFO:trainer_layer_backward:66.44964218139648
INFO:trainer_layer_backward:67.25096702575684
INFO:trainer_layer_backward:66.21336936950684
INFO:trainer_layer_backward:67.28124618530273
INFO:trainer_layer_backward:67.45624542236328
INFO:trainer_layer_backward:66.75171852111816
INFO:trainer_layer_backward:66.56861305236816
INFO:trainer_layer_backward:69.2434310913086
INFO:trainer_layer_backward:68.14217567443848
INFO:trainer_layer_backward:67.34251976013184
INFO:trainer_layer_backward:65.61017036437988
INFO:trainer_layer_backward:67.40522384643555
INFO:trainer_layer_backward:67.02828407287598
INFO:trainer_layer_backward:67.2907829284668
INFO:trainer_layer_backward:68.42613220214844
INFO:trainer_layer_backward:67.98434257507324
INFO:trainer_layer_backward:67.08669662475586
INFO:trainer_layer_backward:66.78318977355957
INFO:trainer_layer_backward:67.20542907714844
INFO:trainer_layer_backward:66.76363945007324
INFO:trainer_layer_backward:66.96653366088867
INFO:trainer_layer_backward:65.69027900695801
INFO:trainer_layer_backward:66.1463737487793
INFO:trainer_layer_backward:67.39616394042969
INFO:trainer_layer_backward:66.02025032043457
INFO:trainer_layer_backward:68.04108619689941
INFO:trainer_layer_backward:67.00897216796875
INFO:trainer_layer_backward:66.69306755065918
INFO:trainer_layer_backward:67.99149513244629
INFO:trainer_layer_backward:65.41609764099121
INFO:trainer_layer_backward:68.18175315856934
INFO:trainer_layer_backward:67.00801849365234
INFO:trainer_layer_backward:68.29500198364258
INFO:trainer_layer_backward:67.02256202697754
INFO:trainer_layer_backward:66.16592407226562
INFO:trainer_layer_backward:67.03734397888184
INFO:trainer_layer_backward:68.22776794433594
INFO:trainer_layer_backward:68.1149959564209
INFO:trainer_layer_backward:66.21932983398438
INFO:trainer_layer_backward:67.21758842468262
INFO:trainer_layer_backward:66.00356101989746
INFO:trainer_layer_backward:67.57640838623047
INFO:trainer_layer_backward:66.88499450683594
INFO:trainer_layer_backward:67.0468807220459
INFO:trainer_layer_backward:68.76707077026367
INFO:trainer_layer_backward:66.6513442993164
INFO:trainer_layer_backward:66.0707950592041
INFO:trainer_layer_backward:65.02270698547363
INFO:trainer_layer_backward:68.56942176818848
INFO:trainer_layer_backward:67.1546459197998
INFO:trainer_layer_backward:67.1083927154541
INFO:trainer_layer_backward:67.8551197052002
INFO:trainer_layer_backward:66.28584861755371
INFO:trainer_layer_backward:67.29912757873535
INFO:trainer_layer_backward:66.99728965759277
INFO:trainer_layer_backward:67.07358360290527
INFO:trainer_layer_backward:65.90485572814941
INFO:trainer_layer_backward:67.58522987365723
INFO:trainer_layer_backward:67.46029853820801
INFO:trainer_layer_backward:67.40450859069824
INFO:trainer_layer_backward:67.16227531433105
INFO:trainer_layer_backward:67.26264953613281
INFO:trainer_layer_backward:66.61272048950195
INFO:trainer_layer_backward:66.72167778015137
INFO:trainer_layer_backward:66.23196601867676
INFO:trainer_layer_backward:68.19272041320801
INFO:trainer_layer_backward:67.0311450958252
INFO:trainer_layer_backward:66.19381904602051
INFO:trainer_layer_backward:66.94889068603516
INFO:trainer_layer_backward:65.92464447021484
INFO:trainer_layer_backward:67.33942031860352
INFO:trainer_layer_backward:66.04123115539551
INFO:trainer_layer_backward:67.72804260253906
INFO:trainer_layer_backward:69.36407089233398
INFO:trainer_layer_backward:71.55036926269531
INFO:trainer_layer_backward:69.45919990539551
INFO:trainer_layer_backward:67.78264045715332
INFO:trainer_layer_backward:65.83023071289062
INFO:trainer_layer_backward:66.25008583068848
INFO:trainer_layer_backward:67.35849380493164
INFO:trainer_layer_backward:65.61565399169922
INFO:trainer_layer_backward:67.14558601379395
INFO:trainer_layer_backward:65.95659255981445
INFO:trainer_layer_backward:69.87524032592773
INFO:trainer_layer_backward:65.32740592956543
INFO:trainer_layer_backward:67.69061088562012
INFO:trainer_layer_backward:66.03789329528809
INFO:trainer_layer_backward:67.2004222869873
INFO:trainer_layer_backward:66.19477272033691
INFO:trainer_layer_backward:67.1074390411377
INFO:trainer_layer_backward:66.83897972106934
INFO:trainer_layer_backward:66.39790534973145
INFO:trainer_layer_backward:67.34299659729004
INFO:trainer_layer_backward:66.58220291137695
INFO:trainer_layer_backward:67.0161247253418
INFO:trainer_layer_backward:66.83492660522461
INFO:trainer_layer_backward:66.63250923156738
INFO:trainer_layer_backward:66.7715072631836
INFO:trainer_layer_backward:66.47968292236328
INFO:trainer_layer_backward:66.9412612915039
INFO:trainer_layer_backward:67.86346435546875
INFO:trainer_layer_backward:66.14041328430176
INFO:trainer_layer_backward:66.87378883361816
INFO:trainer_layer_backward:67.07382202148438
INFO:trainer_layer_backward:66.94936752319336
INFO:trainer_layer_backward:66.23435020446777
INFO:trainer_layer_backward:67.50988960266113
INFO:trainer_layer_backward:66.84732437133789
INFO:trainer_layer_backward:69.0164566040039
INFO:trainer_layer_backward:66.8036937713623
INFO:trainer_layer_backward:66.13874435424805
INFO:trainer_layer_backward:66.99085235595703
INFO:trainer_layer_backward:66.64609909057617
INFO:trainer_layer_backward:67.29650497436523
INFO:trainer_layer_backward:68.79162788391113
INFO:trainer_layer_backward:66.15686416625977
INFO:trainer_layer_backward:67.7342414855957
INFO:trainer_layer_backward:67.02613830566406
INFO:trainer_layer_backward:66.2384033203125
INFO:trainer_layer_backward:67.20447540283203
INFO:trainer_layer_backward:65.87576866149902
INFO:trainer_layer_backward:65.40441513061523
INFO:trainer_layer_backward:68.16601753234863
INFO:trainer_layer_backward:67.12818145751953
INFO:trainer_layer_backward:62.60943412780762
INFO:trainer_layer_backward:67.37875938415527
INFO:trainer_layer_backward:67.8863525390625
INFO:trainer_layer_backward:66.54024124145508
INFO:trainer_layer_backward:66.79129600524902
INFO:trainer_layer_backward:67.16179847717285
INFO:trainer_layer_backward:66.28060340881348
INFO:trainer_layer_backward:66.47801399230957
INFO:trainer_layer_backward:66.20168685913086
INFO:trainer_layer_backward:65.92035293579102
INFO:trainer_layer_backward:66.86758995056152
INFO:trainer_layer_backward:65.58823585510254
INFO:trainer_layer_backward:66.5273666381836
INFO:trainer_layer_backward:66.41268730163574
INFO:trainer_layer_backward:67.2154426574707
INFO:trainer_layer_backward:66.7879581451416
INFO:trainer_layer_backward:66.51711463928223
INFO:trainer_layer_backward:66.84684753417969
INFO:trainer_layer_backward:66.2086009979248
INFO:trainer_layer_backward:68.72320175170898
INFO:trainer_layer_backward:66.28942489624023
INFO:trainer_layer_backward:66.89286231994629
INFO:trainer_layer_backward:66.12968444824219
INFO:trainer_layer_backward:65.93632698059082
INFO:trainer_layer_backward:67.14200973510742
INFO:trainer_layer_backward:65.89889526367188
INFO:trainer_layer_backward:67.76762008666992
INFO:trainer_layer_backward:67.11697578430176
INFO:trainer_layer_backward:68.28761100769043
INFO:trainer_layer_backward:66.45083427429199
INFO:trainer_layer_backward:66.70260429382324
INFO:trainer_layer_backward:67.16680526733398
INFO:trainer_layer_backward:66.24531745910645
INFO:trainer_layer_backward:68.29667091369629
INFO:trainer_layer_backward:67.27290153503418
INFO:trainer_layer_backward:65.83094596862793
INFO:trainer_layer_backward:68.15052032470703
INFO:trainer_layer_backward:67.0018196105957
INFO:trainer_layer_backward:65.72723388671875
INFO:trainer_layer_backward:67.36230850219727
INFO:trainer_layer_backward:66.72525405883789
INFO:trainer_layer_backward:66.4980411529541
INFO:trainer_layer_backward:66.92147254943848
INFO:trainer_layer_backward:66.44749641418457
INFO:trainer_layer_backward:67.07429885864258
INFO:trainer_layer_backward:67.98768043518066
INFO:trainer_layer_backward:67.04926490783691
INFO:trainer_layer_backward:66.2546157836914
INFO:trainer_layer_backward:68.63999366760254
INFO:trainer_layer_backward:66.20454788208008
INFO:trainer_layer_backward:67.24023818969727
INFO:trainer_layer_backward:66.60151481628418
INFO:trainer_layer_backward:66.29395484924316
INFO:trainer_layer_backward:66.90073013305664
