INFO:trainer_layer_backward:FFT_CNNEx | mnist
INFO:trainer_layer_backward:in_size : 128 | epochs : 1 | batch : 1
INFO:trainer_layer_backward:kernel_l1 : 65 | kernel_l2 : 33 | kernel_l3 : 17 
INFO:trainer_layer_backward:o_channels_l1 : 5 | o_channels_l2 : 5 | o_channels_l3 : 5 
INFO:trainer_layer_backward::::::::::::::::::::::::::::::::::::::::::::::::::::::::::::
INFO:trainer_layer_backward:message : fft_all_layer 
INFO:trainer_layer_backward::::::::::::::::::::::::::::::::::::::::::::::::::::::::::::
INFO:trainer_layer_backward:Ave_Time : 9.22313320393465
INFO:trainer_layer_backward::::::::::::::::::::::::::::::::::::::::::::::::::::::::::::
INFO:trainer_layer_backward:8.402347564697266
INFO:trainer_layer_backward:6.309986114501953
INFO:trainer_layer_backward:11.69133186340332
INFO:trainer_layer_backward:6.407976150512695
INFO:trainer_layer_backward:6.246805191040039
INFO:trainer_layer_backward:5.925655364990234
INFO:trainer_layer_backward:6.858587265014648
INFO:trainer_layer_backward:5.842924118041992
INFO:trainer_layer_backward:6.499052047729492
INFO:trainer_layer_backward:6.37054443359375
INFO:trainer_layer_backward:6.690025329589844
INFO:trainer_layer_backward:9.77945327758789
INFO:trainer_layer_backward:11.474609375
INFO:trainer_layer_backward:9.469985961914062
INFO:trainer_layer_backward:11.671781539916992
INFO:trainer_layer_backward:5.490303039550781
INFO:trainer_layer_backward:7.997274398803711
INFO:trainer_layer_backward:6.397724151611328
INFO:trainer_layer_backward:5.511283874511719
INFO:trainer_layer_backward:6.15692138671875
INFO:trainer_layer_backward:8.511543273925781
INFO:trainer_layer_backward:5.846500396728516
INFO:trainer_layer_backward:5.542278289794922
INFO:trainer_layer_backward:9.729385375976562
INFO:trainer_layer_backward:5.470037460327148
INFO:trainer_layer_backward:9.892702102661133
INFO:trainer_layer_backward:5.586385726928711
INFO:trainer_layer_backward:9.857416152954102
INFO:trainer_layer_backward:6.149053573608398
INFO:trainer_layer_backward:5.489826202392578
INFO:trainer_layer_backward:5.586862564086914
INFO:trainer_layer_backward:5.3863525390625
INFO:trainer_layer_backward:10.796308517456055
INFO:trainer_layer_backward:5.850076675415039
INFO:trainer_layer_backward:9.57942008972168
INFO:trainer_layer_backward:6.126642227172852
INFO:trainer_layer_backward:6.3877105712890625
INFO:trainer_layer_backward:5.878925323486328
INFO:trainer_layer_backward:5.480766296386719
INFO:trainer_layer_backward:5.553007125854492
INFO:trainer_layer_backward:5.310773849487305
INFO:trainer_layer_backward:6.936073303222656
INFO:trainer_layer_backward:10.789632797241211
INFO:trainer_layer_backward:5.535364151000977
INFO:trainer_layer_backward:8.31747055053711
INFO:trainer_layer_backward:6.445407867431641
INFO:trainer_layer_backward:8.651256561279297
INFO:trainer_layer_backward:5.606889724731445
INFO:trainer_layer_backward:9.768009185791016
INFO:trainer_layer_backward:11.799812316894531
INFO:trainer_layer_backward:5.411386489868164
INFO:trainer_layer_backward:8.209943771362305
INFO:trainer_layer_backward:5.815029144287109
INFO:trainer_layer_backward:10.612964630126953
INFO:trainer_layer_backward:5.7659149169921875
INFO:trainer_layer_backward:8.639335632324219
INFO:trainer_layer_backward:12.044906616210938
INFO:trainer_layer_backward:7.560253143310547
INFO:trainer_layer_backward:8.705615997314453
INFO:trainer_layer_backward:6.374835968017578
INFO:trainer_layer_backward:7.620096206665039
INFO:trainer_layer_backward:11.087179183959961
INFO:trainer_layer_backward:5.876302719116211
INFO:trainer_layer_backward:6.615161895751953
INFO:trainer_layer_backward:7.010221481323242
INFO:trainer_layer_backward:5.445003509521484
INFO:trainer_layer_backward:10.014057159423828
INFO:trainer_layer_backward:8.438825607299805
INFO:trainer_layer_backward:8.448123931884766
INFO:trainer_layer_backward:7.507562637329102
INFO:trainer_layer_backward:9.661197662353516
INFO:trainer_layer_backward:6.986141204833984
INFO:trainer_layer_backward:8.403539657592773
INFO:trainer_layer_backward:10.594606399536133
INFO:trainer_layer_backward:5.545854568481445
INFO:trainer_layer_backward:9.290456771850586
INFO:trainer_layer_backward:6.3323974609375
INFO:trainer_layer_backward:8.36944580078125
INFO:trainer_layer_backward:6.473064422607422
INFO:trainer_layer_backward:6.679296493530273
INFO:trainer_layer_backward:6.647825241088867
INFO:trainer_layer_backward:9.844303131103516
INFO:trainer_layer_backward:7.863044738769531
INFO:trainer_layer_backward:8.702516555786133
INFO:trainer_layer_backward:7.666349411010742
INFO:trainer_layer_backward:8.337259292602539
INFO:trainer_layer_backward:10.671138763427734
INFO:trainer_layer_backward:8.630752563476562
INFO:trainer_layer_backward:9.290456771850586
INFO:trainer_layer_backward:5.366325378417969
INFO:trainer_layer_backward:6.86335563659668
INFO:trainer_layer_backward:7.026195526123047
INFO:trainer_layer_backward:9.213447570800781
INFO:trainer_layer_backward:9.222269058227539
INFO:trainer_layer_backward:8.193492889404297
INFO:trainer_layer_backward:8.744239807128906
INFO:trainer_layer_backward:8.69131088256836
INFO:trainer_layer_backward:8.436441421508789
INFO:trainer_layer_backward:9.660720825195312
INFO:trainer_layer_backward:10.433673858642578
INFO:trainer_layer_backward:10.34235954284668
INFO:trainer_layer_backward:6.338357925415039
INFO:trainer_layer_backward:9.69552993774414
INFO:trainer_layer_backward:10.101318359375
INFO:trainer_layer_backward:10.706663131713867
INFO:trainer_layer_backward:8.624553680419922
INFO:trainer_layer_backward:6.564617156982422
INFO:trainer_layer_backward:12.103080749511719
INFO:trainer_layer_backward:6.2961578369140625
INFO:trainer_layer_backward:6.645917892456055
INFO:trainer_layer_backward:9.978771209716797
INFO:trainer_layer_backward:9.98067855834961
INFO:trainer_layer_backward:6.736040115356445
INFO:trainer_layer_backward:9.3536376953125
INFO:trainer_layer_backward:10.776281356811523
INFO:trainer_layer_backward:10.37287712097168
INFO:trainer_layer_backward:9.83738899230957
INFO:trainer_layer_backward:8.88371467590332
INFO:trainer_layer_backward:6.026029586791992
INFO:trainer_layer_backward:10.529279708862305
INFO:trainer_layer_backward:8.440017700195312
INFO:trainer_layer_backward:9.473085403442383
INFO:trainer_layer_backward:11.061906814575195
INFO:trainer_layer_backward:11.091470718383789
INFO:trainer_layer_backward:8.838653564453125
INFO:trainer_layer_backward:7.141590118408203
INFO:trainer_layer_backward:10.887384414672852
INFO:trainer_layer_backward:10.13636589050293
INFO:trainer_layer_backward:6.614208221435547
INFO:trainer_layer_backward:10.733604431152344
INFO:trainer_layer_backward:9.553194046020508
INFO:trainer_layer_backward:6.762504577636719
INFO:trainer_layer_backward:9.943962097167969
INFO:trainer_layer_backward:12.674093246459961
INFO:trainer_layer_backward:6.580114364624023
INFO:trainer_layer_backward:9.041547775268555
INFO:trainer_layer_backward:9.368419647216797
INFO:trainer_layer_backward:12.595415115356445
INFO:trainer_layer_backward:9.21320915222168
INFO:trainer_layer_backward:13.899803161621094
INFO:trainer_layer_backward:6.358623504638672
INFO:trainer_layer_backward:10.155200958251953
INFO:trainer_layer_backward:8.695363998413086
INFO:trainer_layer_backward:7.025718688964844
INFO:trainer_layer_backward:8.135318756103516
INFO:trainer_layer_backward:9.00721549987793
INFO:trainer_layer_backward:9.54127311706543
INFO:trainer_layer_backward:9.330034255981445
INFO:trainer_layer_backward:11.819124221801758
INFO:trainer_layer_backward:13.683080673217773
INFO:trainer_layer_backward:6.717920303344727
INFO:trainer_layer_backward:9.903669357299805
INFO:trainer_layer_backward:7.22050666809082
INFO:trainer_layer_backward:7.078886032104492
INFO:trainer_layer_backward:9.07588005065918
INFO:trainer_layer_backward:12.361526489257812
INFO:trainer_layer_backward:7.857084274291992
INFO:trainer_layer_backward:6.072998046875
INFO:trainer_layer_backward:10.477542877197266
INFO:trainer_layer_backward:9.699106216430664
INFO:trainer_layer_backward:12.91513442993164
INFO:trainer_layer_backward:9.9029541015625
INFO:trainer_layer_backward:8.632659912109375
INFO:trainer_layer_backward:10.25700569152832
INFO:trainer_layer_backward:13.482809066772461
INFO:trainer_layer_backward:9.151697158813477
INFO:trainer_layer_backward:11.948108673095703
INFO:trainer_layer_backward:5.944967269897461
INFO:trainer_layer_backward:12.208223342895508
INFO:trainer_layer_backward:11.752605438232422
INFO:trainer_layer_backward:8.615732192993164
INFO:trainer_layer_backward:8.96310806274414
INFO:trainer_layer_backward:8.77833366394043
INFO:trainer_layer_backward:7.910490036010742
INFO:trainer_layer_backward:7.054805755615234
INFO:trainer_layer_backward:12.313365936279297
INFO:trainer_layer_backward:9.268045425415039
INFO:trainer_layer_backward:6.688117980957031
INFO:trainer_layer_backward:12.33673095703125
INFO:trainer_layer_backward:8.989334106445312
INFO:trainer_layer_backward:10.872840881347656
INFO:trainer_layer_backward:8.73708724975586
INFO:trainer_layer_backward:8.844137191772461
INFO:trainer_layer_backward:8.87751579284668
INFO:trainer_layer_backward:9.38105583190918
INFO:trainer_layer_backward:6.183862686157227
INFO:trainer_layer_backward:10.136604309082031
INFO:trainer_layer_backward:7.926702499389648
INFO:trainer_layer_backward:6.672143936157227
INFO:trainer_layer_backward:13.34238052368164
INFO:trainer_layer_backward:11.176109313964844
INFO:trainer_layer_backward:8.51297378540039
INFO:trainer_layer_backward:6.047487258911133
INFO:trainer_layer_backward:10.545492172241211
INFO:trainer_layer_backward:11.428117752075195
INFO:trainer_layer_backward:10.014772415161133
INFO:trainer_layer_backward:9.309053421020508
INFO:trainer_layer_backward:11.024951934814453
INFO:trainer_layer_backward:11.149406433105469
INFO:trainer_layer_backward:8.965730667114258
INFO:trainer_layer_backward:8.55398178100586
INFO:trainer_layer_backward:9.336471557617188
INFO:trainer_layer_backward:12.330770492553711
INFO:trainer_layer_backward:9.963274002075195
INFO:trainer_layer_backward:9.875059127807617
INFO:trainer_layer_backward:12.096166610717773
INFO:trainer_layer_backward:9.898185729980469
INFO:trainer_layer_backward:12.404441833496094
INFO:trainer_layer_backward:6.19959831237793
INFO:trainer_layer_backward:9.294271469116211
INFO:trainer_layer_backward:12.465953826904297
INFO:trainer_layer_backward:13.330936431884766
INFO:trainer_layer_backward:6.698369979858398
INFO:trainer_layer_backward:9.042739868164062
INFO:trainer_layer_backward:9.32168960571289
INFO:trainer_layer_backward:8.599996566772461
INFO:trainer_layer_backward:8.99815559387207
INFO:trainer_layer_backward:9.824752807617188
INFO:trainer_layer_backward:9.067296981811523
INFO:trainer_layer_backward:5.960941314697266
INFO:trainer_layer_backward:8.9111328125
INFO:trainer_layer_backward:12.529134750366211
INFO:trainer_layer_backward:8.493900299072266
INFO:trainer_layer_backward:10.045766830444336
INFO:trainer_layer_backward:10.113716125488281
INFO:trainer_layer_backward:9.264230728149414
INFO:trainer_layer_backward:6.660938262939453
INFO:trainer_layer_backward:5.708217620849609
INFO:trainer_layer_backward:14.30201530456543
INFO:trainer_layer_backward:12.526273727416992
INFO:trainer_layer_backward:12.052297592163086
INFO:trainer_layer_backward:9.004592895507812
INFO:trainer_layer_backward:9.850263595581055
INFO:trainer_layer_backward:13.060808181762695
INFO:trainer_layer_backward:9.549617767333984
INFO:trainer_layer_backward:10.49351692199707
INFO:trainer_layer_backward:6.456851959228516
INFO:trainer_layer_backward:10.238170623779297
INFO:trainer_layer_backward:12.912750244140625
INFO:trainer_layer_backward:10.16998291015625
INFO:trainer_layer_backward:12.457847595214844
INFO:trainer_layer_backward:6.625890731811523
INFO:trainer_layer_backward:7.918834686279297
INFO:trainer_layer_backward:6.659984588623047
INFO:trainer_layer_backward:12.581825256347656
INFO:trainer_layer_backward:8.658885955810547
INFO:trainer_layer_backward:10.013103485107422
INFO:trainer_layer_backward:11.944055557250977
INFO:trainer_layer_backward:6.8149566650390625
INFO:trainer_layer_backward:9.186267852783203
INFO:trainer_layer_backward:6.275177001953125
INFO:trainer_layer_backward:10.559558868408203
INFO:trainer_layer_backward:11.864662170410156
INFO:trainer_layer_backward:11.60120964050293
INFO:trainer_layer_backward:8.797645568847656
INFO:trainer_layer_backward:9.256839752197266
INFO:trainer_layer_backward:12.205123901367188
INFO:trainer_layer_backward:12.744903564453125
INFO:trainer_layer_backward:12.723445892333984
INFO:trainer_layer_backward:11.49129867553711
INFO:trainer_layer_backward:8.772134780883789
INFO:trainer_layer_backward:7.05265998840332
INFO:trainer_layer_backward:12.708902359008789
INFO:trainer_layer_backward:9.996414184570312
INFO:trainer_layer_backward:9.760856628417969
INFO:trainer_layer_backward:12.673139572143555
INFO:trainer_layer_backward:10.76364517211914
INFO:trainer_layer_backward:7.793903350830078
INFO:trainer_layer_backward:8.807897567749023
INFO:trainer_layer_backward:8.70060920715332
INFO:trainer_layer_backward:10.442733764648438
INFO:trainer_layer_backward:8.91256332397461
INFO:trainer_layer_backward:10.565042495727539
INFO:trainer_layer_backward:8.8958740234375
INFO:trainer_layer_backward:6.863117218017578
INFO:trainer_layer_backward:10.033845901489258
INFO:trainer_layer_backward:9.192705154418945
INFO:trainer_layer_backward:9.333372116088867
INFO:trainer_layer_backward:9.35053825378418
INFO:trainer_layer_backward:7.025480270385742
INFO:trainer_layer_backward:6.629467010498047
INFO:trainer_layer_backward:10.416984558105469
INFO:trainer_layer_backward:9.161233901977539
INFO:trainer_layer_backward:8.527755737304688
INFO:trainer_layer_backward:9.140729904174805
INFO:trainer_layer_backward:7.591009140014648
INFO:trainer_layer_backward:6.749153137207031
INFO:trainer_layer_backward:11.709451675415039
INFO:trainer_layer_backward:9.493589401245117
INFO:trainer_layer_backward:9.702205657958984
INFO:trainer_layer_backward:11.677980422973633
INFO:trainer_layer_backward:9.893178939819336
INFO:trainer_layer_backward:8.327722549438477
INFO:trainer_layer_backward:8.975028991699219
INFO:trainer_layer_backward:9.969472885131836
INFO:trainer_layer_backward:9.189844131469727
INFO:trainer_layer_backward:11.627912521362305
INFO:trainer_layer_backward:12.843847274780273
INFO:trainer_layer_backward:8.81338119506836
INFO:trainer_layer_backward:6.189584732055664
INFO:trainer_layer_backward:10.424375534057617
INFO:trainer_layer_backward:8.667707443237305
INFO:trainer_layer_backward:10.477781295776367
INFO:trainer_layer_backward:11.080503463745117
INFO:trainer_layer_backward:10.939359664916992
INFO:trainer_layer_backward:8.155107498168945
INFO:trainer_layer_backward:10.69331169128418
INFO:trainer_layer_backward:9.842157363891602
INFO:trainer_layer_backward:8.020162582397461
INFO:trainer_layer_backward:6.436586380004883
INFO:trainer_layer_backward:7.746458053588867
INFO:trainer_layer_backward:6.2389373779296875
INFO:trainer_layer_backward:7.49516487121582
INFO:trainer_layer_backward:6.719112396240234
INFO:trainer_layer_backward:7.311105728149414
INFO:trainer_layer_backward:6.774663925170898
INFO:trainer_layer_backward:8.873224258422852
INFO:trainer_layer_backward:8.574485778808594
INFO:trainer_layer_backward:12.591361999511719
INFO:trainer_layer_backward:10.70713996887207
INFO:trainer_layer_backward:9.82666015625
INFO:trainer_layer_backward:6.939888000488281
INFO:trainer_layer_backward:11.241912841796875
INFO:trainer_layer_backward:9.858369827270508
INFO:trainer_layer_backward:8.366823196411133
INFO:trainer_layer_backward:6.161689758300781
INFO:trainer_layer_backward:9.805679321289062
INFO:trainer_layer_backward:9.591341018676758
INFO:trainer_layer_backward:12.102127075195312
INFO:trainer_layer_backward:8.619070053100586
INFO:trainer_layer_backward:12.830018997192383
INFO:trainer_layer_backward:10.732889175415039
INFO:trainer_layer_backward:9.01651382446289
INFO:trainer_layer_backward:6.876707077026367
INFO:trainer_layer_backward:9.114980697631836
INFO:trainer_layer_backward:5.906343460083008
INFO:trainer_layer_backward:6.185054779052734
INFO:trainer_layer_backward:9.061813354492188
INFO:trainer_layer_backward:11.25645637512207
INFO:trainer_layer_backward:9.623050689697266
INFO:trainer_layer_backward:7.600307464599609
INFO:trainer_layer_backward:8.65483283996582
INFO:trainer_layer_backward:11.379718780517578
INFO:trainer_layer_backward:13.637304306030273
INFO:trainer_layer_backward:13.027429580688477
INFO:trainer_layer_backward:9.843826293945312
INFO:trainer_layer_backward:11.438131332397461
INFO:trainer_layer_backward:13.30423355102539
INFO:trainer_layer_backward:9.63282585144043
INFO:trainer_layer_backward:8.33439826965332
INFO:trainer_layer_backward:12.250900268554688
INFO:trainer_layer_backward:12.34889030456543
INFO:trainer_layer_backward:9.978771209716797
INFO:trainer_layer_backward:5.870580673217773
INFO:trainer_layer_backward:9.547710418701172
INFO:trainer_layer_backward:12.607574462890625
INFO:trainer_layer_backward:8.764028549194336
INFO:trainer_layer_backward:9.150505065917969
INFO:trainer_layer_backward:8.770942687988281
INFO:trainer_layer_backward:9.663820266723633
INFO:trainer_layer_backward:15.964508056640625
INFO:trainer_layer_backward:9.108781814575195
INFO:trainer_layer_backward:8.951425552368164
INFO:trainer_layer_backward:12.378215789794922
INFO:trainer_layer_backward:6.845712661743164
INFO:trainer_layer_backward:6.464958190917969
INFO:trainer_layer_backward:9.64045524597168
INFO:trainer_layer_backward:11.928319931030273
INFO:trainer_layer_backward:9.181976318359375
INFO:trainer_layer_backward:9.868860244750977
INFO:trainer_layer_backward:6.036996841430664
INFO:trainer_layer_backward:11.712312698364258
INFO:trainer_layer_backward:7.979393005371094
INFO:trainer_layer_backward:10.226726531982422
INFO:trainer_layer_backward:6.967782974243164
INFO:trainer_layer_backward:8.672952651977539
INFO:trainer_layer_backward:8.941411972045898
INFO:trainer_layer_backward:6.11424446105957
INFO:trainer_layer_backward:6.148815155029297
INFO:trainer_layer_backward:9.166240692138672
INFO:trainer_layer_backward:9.42683219909668
INFO:trainer_layer_backward:10.171651840209961
INFO:trainer_layer_backward:6.188631057739258
INFO:trainer_layer_backward:6.653547286987305
INFO:trainer_layer_backward:5.465984344482422
INFO:trainer_layer_backward:6.256580352783203
INFO:trainer_layer_backward:8.340835571289062
INFO:trainer_layer_backward:5.618095397949219
INFO:trainer_layer_backward:5.72657585144043
INFO:trainer_layer_backward:8.092403411865234
INFO:trainer_layer_backward:5.613803863525391
INFO:trainer_layer_backward:10.064840316772461
INFO:trainer_layer_backward:5.815982818603516
INFO:trainer_layer_backward:9.903907775878906
INFO:trainer_layer_backward:5.295515060424805
INFO:trainer_layer_backward:11.294364929199219
INFO:trainer_layer_backward:9.492874145507812
INFO:trainer_layer_backward:10.03885269165039
INFO:trainer_layer_backward:7.67827033996582
INFO:trainer_layer_backward:13.093948364257812
INFO:trainer_layer_backward:8.748054504394531
INFO:trainer_layer_backward:11.423349380493164
INFO:trainer_layer_backward:9.287595748901367
INFO:trainer_layer_backward:6.299018859863281
INFO:trainer_layer_backward:9.929656982421875
INFO:trainer_layer_backward:6.1798095703125
INFO:trainer_layer_backward:10.558843612670898
INFO:trainer_layer_backward:9.094476699829102
INFO:trainer_layer_backward:8.216381072998047
INFO:trainer_layer_backward:13.602733612060547
INFO:trainer_layer_backward:8.283376693725586
INFO:trainer_layer_backward:12.649774551391602
INFO:trainer_layer_backward:6.16765022277832
INFO:trainer_layer_backward:8.82267951965332
INFO:trainer_layer_backward:8.26883316040039
INFO:trainer_layer_backward:9.912729263305664
INFO:trainer_layer_backward:13.689041137695312
INFO:trainer_layer_backward:12.185811996459961
INFO:trainer_layer_backward:6.486654281616211
INFO:trainer_layer_backward:8.295774459838867
INFO:trainer_layer_backward:11.48533821105957
INFO:trainer_layer_backward:10.199785232543945
INFO:trainer_layer_backward:10.174751281738281
INFO:trainer_layer_backward:8.443832397460938
INFO:trainer_layer_backward:6.155252456665039
INFO:trainer_layer_backward:10.24770736694336
INFO:trainer_layer_backward:11.975526809692383
INFO:trainer_layer_backward:11.626482009887695
INFO:trainer_layer_backward:6.376504898071289
INFO:trainer_layer_backward:13.234615325927734
INFO:trainer_layer_backward:8.520364761352539
INFO:trainer_layer_backward:9.673357009887695
INFO:trainer_layer_backward:9.018659591674805
INFO:trainer_layer_backward:11.814594268798828
INFO:trainer_layer_backward:11.821508407592773
INFO:trainer_layer_backward:13.448953628540039
INFO:trainer_layer_backward:7.193088531494141
INFO:trainer_layer_backward:7.477283477783203
INFO:trainer_layer_backward:12.62354850769043
INFO:trainer_layer_backward:6.436347961425781
INFO:trainer_layer_backward:9.88626480102539
INFO:trainer_layer_backward:13.42463493347168
INFO:trainer_layer_backward:9.628057479858398
INFO:trainer_layer_backward:11.12818717956543
INFO:trainer_layer_backward:13.866424560546875
INFO:trainer_layer_backward:6.100893020629883
INFO:trainer_layer_backward:11.549711227416992
INFO:trainer_layer_backward:13.910770416259766
INFO:trainer_layer_backward:11.893749237060547
INFO:trainer_layer_backward:10.289907455444336
INFO:trainer_layer_backward:6.107807159423828
INFO:trainer_layer_backward:11.395692825317383
INFO:trainer_layer_backward:11.428117752075195
INFO:trainer_layer_backward:13.839960098266602
INFO:trainer_layer_backward:9.084939956665039
INFO:trainer_layer_backward:11.174201965332031
INFO:trainer_layer_backward:7.260322570800781
INFO:trainer_layer_backward:10.95128059387207
INFO:trainer_layer_backward:12.114763259887695
INFO:trainer_layer_backward:12.089252471923828
INFO:trainer_layer_backward:8.688211441040039
INFO:trainer_layer_backward:9.439468383789062
INFO:trainer_layer_backward:7.2078704833984375
INFO:trainer_layer_backward:9.860038757324219
INFO:trainer_layer_backward:13.483047485351562
INFO:trainer_layer_backward:13.523340225219727
INFO:trainer_layer_backward:7.304668426513672
INFO:trainer_layer_backward:8.964061737060547
INFO:trainer_layer_backward:12.265205383300781
INFO:trainer_layer_backward:10.329484939575195
INFO:trainer_layer_backward:12.969970703125
INFO:trainer_layer_backward:8.372306823730469
INFO:trainer_layer_backward:11.237144470214844
INFO:trainer_layer_backward:13.913631439208984
INFO:trainer_layer_backward:10.596275329589844
INFO:trainer_layer_backward:13.408422470092773
INFO:trainer_layer_backward:12.684106826782227
INFO:trainer_layer_backward:9.769439697265625
INFO:trainer_layer_backward:14.24098014831543
INFO:trainer_layer_backward:11.4288330078125
INFO:trainer_layer_backward:9.114265441894531
INFO:trainer_layer_backward:8.191108703613281
INFO:trainer_layer_backward:11.557817459106445
INFO:trainer_layer_backward:8.704900741577148
INFO:trainer_layer_backward:10.246753692626953
INFO:trainer_layer_backward:6.8645477294921875
INFO:trainer_layer_backward:11.599302291870117
INFO:trainer_layer_backward:10.43081283569336
INFO:trainer_layer_backward:13.534307479858398
INFO:trainer_layer_backward:12.217283248901367
