INFO:trainer_layer:CNNEx | mnist
INFO:trainer_layer:in_size : 512 | epochs : 1 | batch : 1
INFO:trainer_layer:kernel_l1 : 257 | 
INFO:trainer_layer:o_channels_l1 : 2 | 
INFO:trainer_layer:learn_num_train : 1000 | learn_num_validate : 0 
INFO:trainer_layer::::::::::::::::::::::::::::::::::::::::::::::::::::::::::::
INFO:trainer_layer:message : fft_conv1 
INFO:trainer_layer::::::::::::::::::::::::::::::::::::::::::::::::::::::::::::
INFO:trainer_layer:Ave_Time : 91.73180214082352
INFO:trainer_layer::::::::::::::::::::::::::::::::::::::::::::::::::::::::::::
INFO:trainer_layer:90.32487869262695
INFO:trainer_layer:98.56772422790527
INFO:trainer_layer:95.0310230255127
INFO:trainer_layer:93.38498115539551
INFO:trainer_layer:95.48115730285645
INFO:trainer_layer:95.45207023620605
INFO:trainer_layer:95.52001953125
INFO:trainer_layer:97.28026390075684
INFO:trainer_layer:94.99120712280273
INFO:trainer_layer:90.88897705078125
INFO:trainer_layer:88.10615539550781
INFO:trainer_layer:90.37590026855469
INFO:trainer_layer:92.19074249267578
INFO:trainer_layer:92.06581115722656
INFO:trainer_layer:91.2771224975586
INFO:trainer_layer:88.66143226623535
INFO:trainer_layer:88.98735046386719
INFO:trainer_layer:89.54310417175293
INFO:trainer_layer:92.55123138427734
INFO:trainer_layer:89.43557739257812
INFO:trainer_layer:88.9885425567627
INFO:trainer_layer:88.65737915039062
INFO:trainer_layer:88.53745460510254
INFO:trainer_layer:91.13597869873047
INFO:trainer_layer:89.23935890197754
INFO:trainer_layer:90.09146690368652
INFO:trainer_layer:89.813232421875
INFO:trainer_layer:91.34769439697266
INFO:trainer_layer:90.57927131652832
INFO:trainer_layer:91.4926528930664
INFO:trainer_layer:89.84041213989258
INFO:trainer_layer:89.37406539916992
INFO:trainer_layer:95.54839134216309
INFO:trainer_layer:90.93332290649414
INFO:trainer_layer:90.1947021484375
INFO:trainer_layer:89.22362327575684
INFO:trainer_layer:90.67153930664062
INFO:trainer_layer:89.20931816101074
INFO:trainer_layer:90.4395580291748
INFO:trainer_layer:92.20504760742188
INFO:trainer_layer:90.23809432983398
INFO:trainer_layer:88.99807929992676
INFO:trainer_layer:89.10393714904785
INFO:trainer_layer:90.19875526428223
INFO:trainer_layer:89.87593650817871
INFO:trainer_layer:89.94388580322266
INFO:trainer_layer:91.06326103210449
INFO:trainer_layer:89.0817642211914
INFO:trainer_layer:89.51663970947266
INFO:trainer_layer:89.60938453674316
INFO:trainer_layer:91.20965003967285
INFO:trainer_layer:90.6212329864502
INFO:trainer_layer:89.31660652160645
INFO:trainer_layer:93.4438705444336
INFO:trainer_layer:89.70165252685547
INFO:trainer_layer:90.24167060852051
INFO:trainer_layer:91.53890609741211
INFO:trainer_layer:89.98918533325195
INFO:trainer_layer:90.31987190246582
INFO:trainer_layer:91.0196304321289
INFO:trainer_layer:90.99292755126953
INFO:trainer_layer:91.84670448303223
INFO:trainer_layer:88.97829055786133
INFO:trainer_layer:90.18468856811523
INFO:trainer_layer:90.45100212097168
INFO:trainer_layer:89.88690376281738
INFO:trainer_layer:91.88413619995117
INFO:trainer_layer:91.13430976867676
INFO:trainer_layer:90.51346778869629
INFO:trainer_layer:85.18266677856445
INFO:trainer_layer:90.39521217346191
INFO:trainer_layer:90.48771858215332
INFO:trainer_layer:90.45767784118652
INFO:trainer_layer:90.98529815673828
INFO:trainer_layer:90.75117111206055
INFO:trainer_layer:89.93983268737793
INFO:trainer_layer:89.60700035095215
INFO:trainer_layer:92.36574172973633
INFO:trainer_layer:89.76864814758301
INFO:trainer_layer:91.38226509094238
INFO:trainer_layer:89.92266654968262
INFO:trainer_layer:89.59603309631348
INFO:trainer_layer:89.88595008850098
INFO:trainer_layer:89.10775184631348
INFO:trainer_layer:90.70181846618652
INFO:trainer_layer:91.09902381896973
INFO:trainer_layer:89.81490135192871
INFO:trainer_layer:90.79742431640625
INFO:trainer_layer:91.31407737731934
INFO:trainer_layer:89.81728553771973
INFO:trainer_layer:89.68257904052734
INFO:trainer_layer:91.02487564086914
INFO:trainer_layer:90.40284156799316
INFO:trainer_layer:90.55805206298828
INFO:trainer_layer:91.26543998718262
INFO:trainer_layer:90.91997146606445
INFO:trainer_layer:89.04647827148438
INFO:trainer_layer:90.0106430053711
INFO:trainer_layer:90.60168266296387
INFO:trainer_layer:90.97862243652344
INFO:trainer_layer:89.74504470825195
INFO:trainer_layer:92.28277206420898
INFO:trainer_layer:89.96057510375977
INFO:trainer_layer:89.57362174987793
INFO:trainer_layer:91.93158149719238
INFO:trainer_layer:90.99411964416504
INFO:trainer_layer:90.5616283416748
INFO:trainer_layer:90.5296802520752
INFO:trainer_layer:89.77127075195312
INFO:trainer_layer:89.66660499572754
INFO:trainer_layer:91.03202819824219
INFO:trainer_layer:92.19646453857422
INFO:trainer_layer:90.01374244689941
INFO:trainer_layer:90.69657325744629
INFO:trainer_layer:90.24357795715332
INFO:trainer_layer:90.78383445739746
INFO:trainer_layer:90.89541435241699
INFO:trainer_layer:90.22736549377441
INFO:trainer_layer:86.84492111206055
INFO:trainer_layer:90.42930603027344
INFO:trainer_layer:90.11507034301758
INFO:trainer_layer:89.7369384765625
INFO:trainer_layer:89.89310264587402
INFO:trainer_layer:90.74282646179199
INFO:trainer_layer:91.31956100463867
INFO:trainer_layer:90.05355834960938
INFO:trainer_layer:92.74792671203613
INFO:trainer_layer:90.10148048400879
INFO:trainer_layer:88.73558044433594
INFO:trainer_layer:90.87991714477539
INFO:trainer_layer:89.61844444274902
INFO:trainer_layer:90.7583236694336
INFO:trainer_layer:91.08233451843262
INFO:trainer_layer:91.08948707580566
INFO:trainer_layer:89.11967277526855
INFO:trainer_layer:90.9430980682373
INFO:trainer_layer:89.47086334228516
INFO:trainer_layer:92.58627891540527
INFO:trainer_layer:90.5458927154541
INFO:trainer_layer:90.25311470031738
INFO:trainer_layer:90.42930603027344
INFO:trainer_layer:90.74044227600098
INFO:trainer_layer:89.93840217590332
INFO:trainer_layer:92.22579002380371
INFO:trainer_layer:92.24319458007812
INFO:trainer_layer:90.54946899414062
INFO:trainer_layer:89.48683738708496
INFO:trainer_layer:90.7139778137207
INFO:trainer_layer:91.69411659240723
INFO:trainer_layer:89.6596908569336
INFO:trainer_layer:92.16666221618652
INFO:trainer_layer:90.57831764221191
INFO:trainer_layer:89.4169807434082
INFO:trainer_layer:91.5229320526123
INFO:trainer_layer:92.23580360412598
INFO:trainer_layer:90.09385108947754
INFO:trainer_layer:90.80243110656738
INFO:trainer_layer:89.9503231048584
INFO:trainer_layer:89.53118324279785
INFO:trainer_layer:92.04459190368652
INFO:trainer_layer:89.77532386779785
INFO:trainer_layer:89.40267562866211
INFO:trainer_layer:90.90447425842285
INFO:trainer_layer:91.78566932678223
INFO:trainer_layer:92.03577041625977
INFO:trainer_layer:91.18151664733887
INFO:trainer_layer:90.01898765563965
INFO:trainer_layer:91.2172794342041
INFO:trainer_layer:90.40069580078125
INFO:trainer_layer:90.83676338195801
INFO:trainer_layer:91.41755104064941
INFO:trainer_layer:89.58768844604492
INFO:trainer_layer:90.09790420532227
INFO:trainer_layer:90.14201164245605
INFO:trainer_layer:88.99617195129395
INFO:trainer_layer:92.17953681945801
INFO:trainer_layer:92.09418296813965
INFO:trainer_layer:90.59572219848633
INFO:trainer_layer:91.28475189208984
INFO:trainer_layer:90.29793739318848
INFO:trainer_layer:91.4299488067627
INFO:trainer_layer:92.00263023376465
INFO:trainer_layer:90.16633033752441
INFO:trainer_layer:90.91949462890625
INFO:trainer_layer:89.14327621459961
INFO:trainer_layer:89.14375305175781
INFO:trainer_layer:91.66979789733887
INFO:trainer_layer:89.62297439575195
INFO:trainer_layer:90.75641632080078
INFO:trainer_layer:91.91179275512695
INFO:trainer_layer:89.37239646911621
INFO:trainer_layer:93.74737739562988
INFO:trainer_layer:89.81990814208984
INFO:trainer_layer:89.82276916503906
INFO:trainer_layer:90.86728096008301
INFO:trainer_layer:89.70451354980469
INFO:trainer_layer:91.83812141418457
INFO:trainer_layer:90.72017669677734
INFO:trainer_layer:93.40310096740723
INFO:trainer_layer:89.42627906799316
INFO:trainer_layer:91.45069122314453
INFO:trainer_layer:90.92497825622559
INFO:trainer_layer:92.08464622497559
INFO:trainer_layer:89.84088897705078
INFO:trainer_layer:90.27504920959473
INFO:trainer_layer:89.4474983215332
INFO:trainer_layer:91.29762649536133
INFO:trainer_layer:91.99786186218262
INFO:trainer_layer:91.89486503601074
INFO:trainer_layer:91.09854698181152
INFO:trainer_layer:90.02852439880371
INFO:trainer_layer:91.10021591186523
INFO:trainer_layer:89.85686302185059
INFO:trainer_layer:91.81976318359375
INFO:trainer_layer:90.85750579833984
INFO:trainer_layer:90.33370018005371
INFO:trainer_layer:91.52340888977051
INFO:trainer_layer:91.17603302001953
INFO:trainer_layer:92.3151969909668
INFO:trainer_layer:90.27314186096191
INFO:trainer_layer:91.3228988647461
INFO:trainer_layer:93.25003623962402
INFO:trainer_layer:90.74044227600098
INFO:trainer_layer:91.92323684692383
INFO:trainer_layer:91.37749671936035
INFO:trainer_layer:89.45775032043457
INFO:trainer_layer:90.99483489990234
INFO:trainer_layer:91.10307693481445
INFO:trainer_layer:91.30191802978516
INFO:trainer_layer:89.31684494018555
INFO:trainer_layer:90.28983116149902
INFO:trainer_layer:90.95335006713867
INFO:trainer_layer:90.58260917663574
INFO:trainer_layer:91.08257293701172
INFO:trainer_layer:93.06764602661133
INFO:trainer_layer:89.96033668518066
INFO:trainer_layer:89.93363380432129
INFO:trainer_layer:89.8900032043457
INFO:trainer_layer:91.63928031921387
INFO:trainer_layer:90.65890312194824
INFO:trainer_layer:91.73130989074707
INFO:trainer_layer:92.3147201538086
INFO:trainer_layer:92.22841262817383
INFO:trainer_layer:89.84971046447754
INFO:trainer_layer:90.74258804321289
INFO:trainer_layer:91.75252914428711
INFO:trainer_layer:90.10457992553711
INFO:trainer_layer:92.24724769592285
INFO:trainer_layer:85.17956733703613
INFO:trainer_layer:92.27252006530762
INFO:trainer_layer:91.82524681091309
INFO:trainer_layer:92.3311710357666
INFO:trainer_layer:90.20090103149414
INFO:trainer_layer:91.65072441101074
INFO:trainer_layer:91.86601638793945
INFO:trainer_layer:89.9362564086914
INFO:trainer_layer:90.99745750427246
INFO:trainer_layer:90.79217910766602
INFO:trainer_layer:90.8510684967041
INFO:trainer_layer:90.6984806060791
INFO:trainer_layer:93.72568130493164
INFO:trainer_layer:91.61233901977539
INFO:trainer_layer:91.2024974822998
INFO:trainer_layer:90.2707576751709
INFO:trainer_layer:89.90812301635742
INFO:trainer_layer:92.6666259765625
INFO:trainer_layer:89.76507186889648
INFO:trainer_layer:93.29843521118164
INFO:trainer_layer:90.52324295043945
INFO:trainer_layer:89.74003791809082
INFO:trainer_layer:92.8342342376709
INFO:trainer_layer:90.71040153503418
INFO:trainer_layer:91.48025512695312
INFO:trainer_layer:94.35915946960449
INFO:trainer_layer:94.60663795471191
INFO:trainer_layer:90.83724021911621
INFO:trainer_layer:90.91067314147949
INFO:trainer_layer:95.64757347106934
INFO:trainer_layer:93.24836730957031
INFO:trainer_layer:90.61646461486816
INFO:trainer_layer:91.38846397399902
INFO:trainer_layer:91.11881256103516
INFO:trainer_layer:90.7895565032959
INFO:trainer_layer:91.96233749389648
INFO:trainer_layer:89.96105194091797
INFO:trainer_layer:90.56329727172852
INFO:trainer_layer:90.28244018554688
INFO:trainer_layer:90.64412117004395
INFO:trainer_layer:91.7973518371582
INFO:trainer_layer:90.54756164550781
INFO:trainer_layer:91.02034568786621
INFO:trainer_layer:90.39497375488281
INFO:trainer_layer:93.04523468017578
INFO:trainer_layer:91.31312370300293
INFO:trainer_layer:90.43169021606445
INFO:trainer_layer:90.20829200744629
INFO:trainer_layer:90.88659286499023
INFO:trainer_layer:90.40975570678711
INFO:trainer_layer:90.65890312194824
INFO:trainer_layer:90.81435203552246
INFO:trainer_layer:90.89159965515137
INFO:trainer_layer:90.51322937011719
INFO:trainer_layer:90.5303955078125
INFO:trainer_layer:90.47126770019531
INFO:trainer_layer:91.82047843933105
INFO:trainer_layer:92.254638671875
INFO:trainer_layer:91.25304222106934
INFO:trainer_layer:91.0654067993164
INFO:trainer_layer:90.79885482788086
INFO:trainer_layer:89.68949317932129
INFO:trainer_layer:91.83025360107422
INFO:trainer_layer:89.87784385681152
INFO:trainer_layer:92.2689437866211
INFO:trainer_layer:89.69354629516602
INFO:trainer_layer:90.6069278717041
INFO:trainer_layer:92.77796745300293
INFO:trainer_layer:89.99109268188477
INFO:trainer_layer:90.2559757232666
INFO:trainer_layer:94.48623657226562
INFO:trainer_layer:90.27719497680664
INFO:trainer_layer:91.3844108581543
INFO:trainer_layer:90.70563316345215
INFO:trainer_layer:93.02186965942383
INFO:trainer_layer:89.71309661865234
INFO:trainer_layer:91.49956703186035
INFO:trainer_layer:92.14186668395996
INFO:trainer_layer:93.28365325927734
INFO:trainer_layer:90.55590629577637
INFO:trainer_layer:90.3172492980957
INFO:trainer_layer:91.9499397277832
INFO:trainer_layer:91.13764762878418
INFO:trainer_layer:91.85028076171875
INFO:trainer_layer:90.23904800415039
INFO:trainer_layer:90.69395065307617
INFO:trainer_layer:90.32845497131348
INFO:trainer_layer:90.11483192443848
INFO:trainer_layer:90.47245979309082
INFO:trainer_layer:92.63920783996582
INFO:trainer_layer:91.43495559692383
INFO:trainer_layer:93.13631057739258
INFO:trainer_layer:90.43550491333008
INFO:trainer_layer:91.21489524841309
INFO:trainer_layer:90.00849723815918
INFO:trainer_layer:90.5299186706543
INFO:trainer_layer:91.00103378295898
INFO:trainer_layer:91.05825424194336
INFO:trainer_layer:90.35897254943848
INFO:trainer_layer:90.52634239196777
INFO:trainer_layer:90.30270576477051
INFO:trainer_layer:90.23094177246094
INFO:trainer_layer:92.66448020935059
INFO:trainer_layer:91.25971794128418
INFO:trainer_layer:90.96384048461914
INFO:trainer_layer:90.67368507385254
INFO:trainer_layer:90.5911922454834
INFO:trainer_layer:91.11642837524414
INFO:trainer_layer:90.55042266845703
INFO:trainer_layer:91.49956703186035
INFO:trainer_layer:90.38281440734863
INFO:trainer_layer:94.81596946716309
INFO:trainer_layer:90.24333953857422
INFO:trainer_layer:94.74706649780273
INFO:trainer_layer:94.42782402038574
INFO:trainer_layer:91.91775321960449
INFO:trainer_layer:90.26765823364258
INFO:trainer_layer:92.55266189575195
INFO:trainer_layer:91.83049201965332
INFO:trainer_layer:93.93477439880371
INFO:trainer_layer:90.76476097106934
INFO:trainer_layer:90.76690673828125
INFO:trainer_layer:92.25726127624512
INFO:trainer_layer:94.61402893066406
INFO:trainer_layer:88.9582633972168
INFO:trainer_layer:96.41218185424805
INFO:trainer_layer:92.32211112976074
INFO:trainer_layer:94.2542552947998
INFO:trainer_layer:91.02916717529297
INFO:trainer_layer:92.44704246520996
INFO:trainer_layer:93.12248229980469
INFO:trainer_layer:91.51959419250488
INFO:trainer_layer:91.4762020111084
INFO:trainer_layer:90.92187881469727
INFO:trainer_layer:90.03019332885742
INFO:trainer_layer:92.1640396118164
INFO:trainer_layer:90.57259559631348
INFO:trainer_layer:90.41547775268555
INFO:trainer_layer:91.10832214355469
INFO:trainer_layer:92.06652641296387
INFO:trainer_layer:91.00961685180664
INFO:trainer_layer:93.05977821350098
INFO:trainer_layer:90.68608283996582
INFO:trainer_layer:91.49670600891113
INFO:trainer_layer:90.30580520629883
INFO:trainer_layer:91.17698669433594
INFO:trainer_layer:90.32297134399414
INFO:trainer_layer:91.0649299621582
INFO:trainer_layer:89.60533142089844
INFO:trainer_layer:89.88690376281738
INFO:trainer_layer:90.15798568725586
INFO:trainer_layer:87.34345436096191
INFO:trainer_layer:91.16482734680176
INFO:trainer_layer:90.27338027954102
INFO:trainer_layer:91.19176864624023
INFO:trainer_layer:90.30747413635254
INFO:trainer_layer:90.26384353637695
INFO:trainer_layer:92.23031997680664
INFO:trainer_layer:92.13662147521973
INFO:trainer_layer:90.64269065856934
INFO:trainer_layer:91.02773666381836
INFO:trainer_layer:90.19136428833008
INFO:trainer_layer:92.2091007232666
INFO:trainer_layer:90.00658988952637
INFO:trainer_layer:90.84701538085938
INFO:trainer_layer:92.37265586853027
INFO:trainer_layer:90.11650085449219
INFO:trainer_layer:91.99213981628418
INFO:trainer_layer:92.87047386169434
INFO:trainer_layer:90.9421443939209
INFO:trainer_layer:92.89693832397461
INFO:trainer_layer:90.65675735473633
INFO:trainer_layer:90.21377563476562
INFO:trainer_layer:92.48518943786621
INFO:trainer_layer:91.13883972167969
INFO:trainer_layer:90.3780460357666
INFO:trainer_layer:90.86966514587402
INFO:trainer_layer:93.26291084289551
INFO:trainer_layer:91.24970436096191
INFO:trainer_layer:91.94707870483398
INFO:trainer_layer:90.87395668029785
INFO:trainer_layer:90.06476402282715
INFO:trainer_layer:91.16792678833008
INFO:trainer_layer:91.08471870422363
INFO:trainer_layer:92.35548973083496
INFO:trainer_layer:90.60525894165039
INFO:trainer_layer:90.77858924865723
INFO:trainer_layer:90.35062789916992
INFO:trainer_layer:90.61789512634277
INFO:trainer_layer:93.21713447570801
INFO:trainer_layer:92.7884578704834
INFO:trainer_layer:90.21735191345215
INFO:trainer_layer:91.04657173156738
INFO:trainer_layer:90.09051322937012
INFO:trainer_layer:92.34499931335449
INFO:trainer_layer:92.99802780151367
INFO:trainer_layer:90.75260162353516
INFO:trainer_layer:93.32561492919922
INFO:trainer_layer:90.43502807617188
INFO:trainer_layer:90.49153327941895
INFO:trainer_layer:90.2853012084961
INFO:trainer_layer:91.03059768676758
INFO:trainer_layer:89.86520767211914
INFO:trainer_layer:92.34833717346191
INFO:trainer_layer:89.70904350280762
INFO:trainer_layer:92.81778335571289
INFO:trainer_layer:92.67711639404297
INFO:trainer_layer:90.1632308959961
INFO:trainer_layer:90.82174301147461
INFO:trainer_layer:90.77286720275879
INFO:trainer_layer:92.50402450561523
INFO:trainer_layer:93.69182586669922
INFO:trainer_layer:89.60795402526855
INFO:trainer_layer:90.74950218200684
INFO:trainer_layer:90.52109718322754
INFO:trainer_layer:90.91544151306152
INFO:trainer_layer:92.82469749450684
INFO:trainer_layer:90.38043022155762
INFO:trainer_layer:90.41547775268555
INFO:trainer_layer:89.50281143188477
INFO:trainer_layer:92.49019622802734
INFO:trainer_layer:90.62743186950684
INFO:trainer_layer:91.35842323303223
INFO:trainer_layer:92.91481971740723
INFO:trainer_layer:89.98942375183105
INFO:trainer_layer:92.90885925292969
INFO:trainer_layer:90.13199806213379
INFO:trainer_layer:92.48232841491699
INFO:trainer_layer:91.20750427246094
INFO:trainer_layer:91.85409545898438
INFO:trainer_layer:92.05198287963867
INFO:trainer_layer:89.9658203125
INFO:trainer_layer:93.53756904602051
INFO:trainer_layer:90.20304679870605
INFO:trainer_layer:90.43216705322266
INFO:trainer_layer:91.56131744384766
INFO:trainer_layer:91.51911735534668
INFO:trainer_layer:90.88587760925293
INFO:trainer_layer:90.95430374145508
INFO:trainer_layer:90.44981002807617
INFO:trainer_layer:90.34967422485352
INFO:trainer_layer:90.76833724975586
INFO:trainer_layer:89.96033668518066
INFO:trainer_layer:92.4069881439209
INFO:trainer_layer:89.7684097290039
INFO:trainer_layer:90.76166152954102
INFO:trainer_layer:90.90328216552734
INFO:trainer_layer:89.93768692016602
INFO:trainer_layer:94.9411392211914
INFO:trainer_layer:90.73472023010254
INFO:trainer_layer:90.90328216552734
INFO:trainer_layer:90.33060073852539
INFO:trainer_layer:90.10004997253418
INFO:trainer_layer:90.48724174499512
INFO:trainer_layer:91.80784225463867
INFO:trainer_layer:91.96019172668457
INFO:trainer_layer:91.60327911376953
INFO:trainer_layer:90.66271781921387
INFO:trainer_layer:90.50321578979492
INFO:trainer_layer:93.0016040802002
INFO:trainer_layer:90.25740623474121
INFO:trainer_layer:92.78106689453125
INFO:trainer_layer:90.77715873718262
INFO:trainer_layer:91.25375747680664
INFO:trainer_layer:89.78557586669922
INFO:trainer_layer:92.79942512512207
INFO:trainer_layer:90.95525741577148
INFO:trainer_layer:92.85092353820801
INFO:trainer_layer:91.24231338500977
INFO:trainer_layer:90.63053131103516
INFO:trainer_layer:93.0941104888916
INFO:trainer_layer:91.36295318603516
INFO:trainer_layer:92.62228012084961
INFO:trainer_layer:90.00492095947266
INFO:trainer_layer:92.48852729797363
INFO:trainer_layer:93.12295913696289
INFO:trainer_layer:92.63420104980469
INFO:trainer_layer:90.71540832519531
INFO:trainer_layer:90.32440185546875
INFO:trainer_layer:90.98172187805176
INFO:trainer_layer:89.55979347229004
INFO:trainer_layer:92.85259246826172
INFO:trainer_layer:90.00420570373535
INFO:trainer_layer:90.42215347290039
INFO:trainer_layer:90.77644348144531
INFO:trainer_layer:90.18492698669434
INFO:trainer_layer:93.56236457824707
INFO:trainer_layer:91.99380874633789
INFO:trainer_layer:91.16291999816895
INFO:trainer_layer:92.67783164978027
INFO:trainer_layer:91.80068969726562
INFO:trainer_layer:93.28079223632812
INFO:trainer_layer:91.14694595336914
INFO:trainer_layer:91.55511856079102
INFO:trainer_layer:92.16690063476562
INFO:trainer_layer:91.41206741333008
INFO:trainer_layer:90.7430648803711
INFO:trainer_layer:93.15371513366699
INFO:trainer_layer:89.19978141784668
INFO:trainer_layer:90.77620506286621
INFO:trainer_layer:89.92576599121094
INFO:trainer_layer:90.47389030456543
INFO:trainer_layer:92.6060676574707
INFO:trainer_layer:90.54398536682129
INFO:trainer_layer:92.0100212097168
INFO:trainer_layer:89.90073204040527
INFO:trainer_layer:92.97752380371094
INFO:trainer_layer:91.69697761535645
INFO:trainer_layer:90.24453163146973
INFO:trainer_layer:90.27433395385742
INFO:trainer_layer:89.42818641662598
INFO:trainer_layer:90.05260467529297
INFO:trainer_layer:89.88189697265625
INFO:trainer_layer:93.35803985595703
INFO:trainer_layer:89.89763259887695
INFO:trainer_layer:92.6363468170166
INFO:trainer_layer:89.47491645812988
INFO:trainer_layer:91.14646911621094
INFO:trainer_layer:91.84813499450684
INFO:trainer_layer:92.24534034729004
INFO:trainer_layer:91.47238731384277
INFO:trainer_layer:89.50972557067871
INFO:trainer_layer:90.29269218444824
INFO:trainer_layer:91.34197235107422
INFO:trainer_layer:92.10920333862305
INFO:trainer_layer:103.82890701293945
INFO:trainer_layer:91.01295471191406
INFO:trainer_layer:89.94030952453613
INFO:trainer_layer:90.8057689666748
INFO:trainer_layer:90.1787281036377
INFO:trainer_layer:90.67702293395996
INFO:trainer_layer:90.12126922607422
INFO:trainer_layer:92.6356315612793
INFO:trainer_layer:91.09258651733398
INFO:trainer_layer:91.89558029174805
INFO:trainer_layer:92.09370613098145
INFO:trainer_layer:89.82467651367188
INFO:trainer_layer:91.51482582092285
INFO:trainer_layer:91.29738807678223
INFO:trainer_layer:92.55838394165039
INFO:trainer_layer:90.54780006408691
INFO:trainer_layer:89.94245529174805
INFO:trainer_layer:90.63315391540527
INFO:trainer_layer:89.77103233337402
INFO:trainer_layer:89.98394012451172
INFO:trainer_layer:91.67838096618652
INFO:trainer_layer:90.05093574523926
INFO:trainer_layer:90.67249298095703
INFO:trainer_layer:89.93101119995117
INFO:trainer_layer:89.36333656311035
INFO:trainer_layer:90.92116355895996
INFO:trainer_layer:92.49234199523926
INFO:trainer_layer:92.14186668395996
INFO:trainer_layer:92.39649772644043
INFO:trainer_layer:89.81156349182129
INFO:trainer_layer:91.5079116821289
INFO:trainer_layer:90.6684398651123
INFO:trainer_layer:89.86663818359375
INFO:trainer_layer:92.73409843444824
INFO:trainer_layer:89.35999870300293
INFO:trainer_layer:90.81840515136719
INFO:trainer_layer:92.47303009033203
INFO:trainer_layer:91.21298789978027
INFO:trainer_layer:89.77508544921875
INFO:trainer_layer:90.65437316894531
INFO:trainer_layer:92.69928932189941
INFO:trainer_layer:91.18342399597168
INFO:trainer_layer:91.65167808532715
INFO:trainer_layer:92.46468544006348
INFO:trainer_layer:91.03775024414062
INFO:trainer_layer:90.14129638671875
INFO:trainer_layer:90.90995788574219
INFO:trainer_layer:94.59662437438965
INFO:trainer_layer:96.12131118774414
INFO:trainer_layer:96.11988067626953
INFO:trainer_layer:95.23701667785645
INFO:trainer_layer:93.67489814758301
INFO:trainer_layer:97.36084938049316
INFO:trainer_layer:95.78466415405273
INFO:trainer_layer:97.3212718963623
INFO:trainer_layer:95.37839889526367
INFO:trainer_layer:90.44647216796875
INFO:trainer_layer:94.57921981811523
INFO:trainer_layer:91.93944931030273
INFO:trainer_layer:90.8360481262207
INFO:trainer_layer:94.18296813964844
INFO:trainer_layer:93.43552589416504
INFO:trainer_layer:91.23802185058594
INFO:trainer_layer:91.82071685791016
INFO:trainer_layer:89.73002433776855
INFO:trainer_layer:93.23549270629883
INFO:trainer_layer:90.45052528381348
INFO:trainer_layer:90.01302719116211
INFO:trainer_layer:103.66320610046387
INFO:trainer_layer:90.77715873718262
INFO:trainer_layer:90.77811241149902
INFO:trainer_layer:93.27101707458496
INFO:trainer_layer:91.2020206451416
INFO:trainer_layer:94.3293571472168
INFO:trainer_layer:90.58952331542969
INFO:trainer_layer:90.53611755371094
INFO:trainer_layer:91.24350547790527
INFO:trainer_layer:92.22292900085449
INFO:trainer_layer:92.84710884094238
INFO:trainer_layer:91.34435653686523
INFO:trainer_layer:90.87681770324707
INFO:trainer_layer:91.06087684631348
INFO:trainer_layer:91.11928939819336
INFO:trainer_layer:91.30048751831055
INFO:trainer_layer:92.39912033081055
INFO:trainer_layer:90.50846099853516
INFO:trainer_layer:91.02225303649902
INFO:trainer_layer:92.3299789428711
INFO:trainer_layer:90.7447338104248
INFO:trainer_layer:93.46628189086914
INFO:trainer_layer:92.01407432556152
INFO:trainer_layer:91.89486503601074
INFO:trainer_layer:91.72391891479492
INFO:trainer_layer:92.11254119873047
INFO:trainer_layer:91.96114540100098
INFO:trainer_layer:95.24369239807129
INFO:trainer_layer:93.84346008300781
INFO:trainer_layer:94.45929527282715
INFO:trainer_layer:91.65215492248535
INFO:trainer_layer:94.50387954711914
INFO:trainer_layer:91.50385856628418
INFO:trainer_layer:91.75515174865723
INFO:trainer_layer:95.86429595947266
INFO:trainer_layer:92.20457077026367
INFO:trainer_layer:90.87347984313965
INFO:trainer_layer:92.96822547912598
INFO:trainer_layer:90.32273292541504
INFO:trainer_layer:90.76738357543945
INFO:trainer_layer:93.3072566986084
INFO:trainer_layer:91.85099601745605
INFO:trainer_layer:92.65923500061035
INFO:trainer_layer:91.89653396606445
INFO:trainer_layer:91.12095832824707
INFO:trainer_layer:91.85576438903809
INFO:trainer_layer:90.85488319396973
INFO:trainer_layer:92.6363468170166
INFO:trainer_layer:91.22824668884277
INFO:trainer_layer:91.82453155517578
INFO:trainer_layer:91.21131896972656
INFO:trainer_layer:90.76786041259766
INFO:trainer_layer:91.36795997619629
INFO:trainer_layer:92.72551536560059
INFO:trainer_layer:93.25742721557617
INFO:trainer_layer:90.9571647644043
INFO:trainer_layer:92.19193458557129
INFO:trainer_layer:93.14417839050293
INFO:trainer_layer:90.64602851867676
INFO:trainer_layer:91.7668342590332
INFO:trainer_layer:92.74888038635254
INFO:trainer_layer:91.08424186706543
INFO:trainer_layer:91.71819686889648
INFO:trainer_layer:91.89701080322266
INFO:trainer_layer:90.4538631439209
INFO:trainer_layer:90.99888801574707
INFO:trainer_layer:91.15314483642578
INFO:trainer_layer:92.7271842956543
INFO:trainer_layer:89.58029747009277
INFO:trainer_layer:94.29359436035156
INFO:trainer_layer:90.98172187805176
INFO:trainer_layer:90.89112281799316
INFO:trainer_layer:92.48900413513184
INFO:trainer_layer:92.2842025756836
INFO:trainer_layer:91.12215042114258
INFO:trainer_layer:91.90583229064941
INFO:trainer_layer:94.24710273742676
INFO:trainer_layer:94.41518783569336
INFO:trainer_layer:91.25733375549316
INFO:trainer_layer:90.61336517333984
INFO:trainer_layer:90.61670303344727
INFO:trainer_layer:91.70746803283691
INFO:trainer_layer:90.41619300842285
INFO:trainer_layer:93.1556224822998
INFO:trainer_layer:91.35222434997559
INFO:trainer_layer:94.04706954956055
INFO:trainer_layer:93.06836128234863
INFO:trainer_layer:99.49231147766113
INFO:trainer_layer:96.38452529907227
INFO:trainer_layer:99.70378875732422
INFO:trainer_layer:97.6870059967041
INFO:trainer_layer:95.78728675842285
INFO:trainer_layer:95.00694274902344
INFO:trainer_layer:95.7024097442627
INFO:trainer_layer:96.46296501159668
INFO:trainer_layer:98.99735450744629
INFO:trainer_layer:97.87154197692871
INFO:trainer_layer:94.25902366638184
INFO:trainer_layer:93.38712692260742
INFO:trainer_layer:94.29502487182617
INFO:trainer_layer:92.96751022338867
INFO:trainer_layer:93.32394599914551
INFO:trainer_layer:93.22094917297363
INFO:trainer_layer:93.12772750854492
INFO:trainer_layer:92.68498420715332
INFO:trainer_layer:91.80116653442383
INFO:trainer_layer:91.42327308654785
INFO:trainer_layer:90.67368507385254
INFO:trainer_layer:92.6361083984375
INFO:trainer_layer:90.1646614074707
INFO:trainer_layer:91.93134307861328
INFO:trainer_layer:92.31042861938477
INFO:trainer_layer:91.2010669708252
INFO:trainer_layer:91.54105186462402
INFO:trainer_layer:92.90480613708496
INFO:trainer_layer:90.33775329589844
INFO:trainer_layer:91.77422523498535
INFO:trainer_layer:93.31274032592773
INFO:trainer_layer:91.33648872375488
INFO:trainer_layer:91.68410301208496
INFO:trainer_layer:90.80672264099121
INFO:trainer_layer:91.29524230957031
INFO:trainer_layer:92.15378761291504
INFO:trainer_layer:90.79384803771973
INFO:trainer_layer:90.43288230895996
INFO:trainer_layer:90.24930000305176
INFO:trainer_layer:92.13542938232422
INFO:trainer_layer:94.3448543548584
INFO:trainer_layer:90.8823013305664
INFO:trainer_layer:93.2168960571289
INFO:trainer_layer:95.92962265014648
INFO:trainer_layer:92.2842025756836
INFO:trainer_layer:91.39633178710938
INFO:trainer_layer:92.07940101623535
INFO:trainer_layer:91.95947647094727
INFO:trainer_layer:92.85712242126465
INFO:trainer_layer:91.28737449645996
INFO:trainer_layer:91.7513370513916
INFO:trainer_layer:92.76866912841797
INFO:trainer_layer:91.42732620239258
INFO:trainer_layer:92.26465225219727
INFO:trainer_layer:94.18392181396484
INFO:trainer_layer:92.27228164672852
INFO:trainer_layer:94.19417381286621
INFO:trainer_layer:94.7883129119873
INFO:trainer_layer:96.69256210327148
INFO:trainer_layer:93.28269958496094
INFO:trainer_layer:91.05944633483887
INFO:trainer_layer:94.50459480285645
INFO:trainer_layer:90.63172340393066
INFO:trainer_layer:91.24302864074707
INFO:trainer_layer:93.69206428527832
INFO:trainer_layer:91.31574630737305
INFO:trainer_layer:92.50497817993164
INFO:trainer_layer:92.18692779541016
INFO:trainer_layer:92.56792068481445
INFO:trainer_layer:93.41907501220703
INFO:trainer_layer:90.4853343963623
INFO:trainer_layer:91.3846492767334
INFO:trainer_layer:92.5130844116211
INFO:trainer_layer:90.95239639282227
INFO:trainer_layer:92.71574020385742
INFO:trainer_layer:93.03689002990723
INFO:trainer_layer:92.27108955383301
INFO:trainer_layer:90.78502655029297
INFO:trainer_layer:90.69347381591797
INFO:trainer_layer:93.56284141540527
INFO:trainer_layer:92.43440628051758
INFO:trainer_layer:92.50903129577637
INFO:trainer_layer:91.6743278503418
INFO:trainer_layer:91.77255630493164
INFO:trainer_layer:94.50292587280273
INFO:trainer_layer:91.54701232910156
INFO:trainer_layer:91.33601188659668
INFO:trainer_layer:91.33052825927734
INFO:trainer_layer:90.82317352294922
INFO:trainer_layer:91.13383293151855
INFO:trainer_layer:93.0182933807373
INFO:trainer_layer:93.5068130493164
INFO:trainer_layer:91.07327461242676
INFO:trainer_layer:91.07828140258789
INFO:trainer_layer:91.52984619140625
INFO:trainer_layer:90.72566032409668
INFO:trainer_layer:90.70253372192383
INFO:trainer_layer:91.46976470947266
INFO:trainer_layer:94.21324729919434
INFO:trainer_layer:90.71159362792969
INFO:trainer_layer:90.55972099304199
INFO:trainer_layer:92.42486953735352
INFO:trainer_layer:92.19050407409668
INFO:trainer_layer:92.52595901489258
INFO:trainer_layer:93.17660331726074
INFO:trainer_layer:89.86139297485352
INFO:trainer_layer:91.17650985717773
INFO:trainer_layer:93.47224235534668
INFO:trainer_layer:92.7119255065918
INFO:trainer_layer:91.18914604187012
INFO:trainer_layer:91.88461303710938
INFO:trainer_layer:92.49997138977051
INFO:trainer_layer:91.34268760681152
INFO:trainer_layer:92.51713752746582
INFO:trainer_layer:91.33362770080566
INFO:trainer_layer:91.65382385253906
INFO:trainer_layer:90.78192710876465
INFO:trainer_layer:93.85228157043457
INFO:trainer_layer:93.35970878601074
INFO:trainer_layer:102.51545906066895
INFO:trainer_layer:98.5860824584961
INFO:trainer_layer:95.25370597839355
INFO:trainer_layer:97.19967842102051
INFO:trainer_layer:95.15094757080078
INFO:trainer_layer:95.81255912780762
INFO:trainer_layer:94.6199893951416
INFO:trainer_layer:96.09127044677734
INFO:trainer_layer:93.42074394226074
INFO:trainer_layer:90.93332290649414
INFO:trainer_layer:91.81046485900879
INFO:trainer_layer:90.68679809570312
INFO:trainer_layer:91.78018569946289
INFO:trainer_layer:91.13049507141113
INFO:trainer_layer:89.75887298583984
INFO:trainer_layer:92.06128120422363
INFO:trainer_layer:94.39682960510254
INFO:trainer_layer:90.01636505126953
INFO:trainer_layer:90.8501148223877
INFO:trainer_layer:92.18335151672363
INFO:trainer_layer:93.0023193359375
INFO:trainer_layer:91.69292449951172
INFO:trainer_layer:90.43264389038086
INFO:trainer_layer:91.52984619140625
INFO:trainer_layer:94.68221664428711
INFO:trainer_layer:101.806640625
INFO:trainer_layer:97.1229076385498
INFO:trainer_layer:95.23916244506836
INFO:trainer_layer:95.3359603881836
INFO:trainer_layer:94.96903419494629
INFO:trainer_layer:92.18692779541016
INFO:trainer_layer:91.95780754089355
INFO:trainer_layer:92.33617782592773
INFO:trainer_layer:100.18253326416016
INFO:trainer_layer:98.92416000366211
INFO:trainer_layer:93.09196472167969
INFO:trainer_layer:92.58675575256348
INFO:trainer_layer:93.03975105285645
INFO:trainer_layer:96.9240665435791
INFO:trainer_layer:93.56570243835449
INFO:trainer_layer:92.4081802368164
INFO:trainer_layer:92.34976768493652
INFO:trainer_layer:93.14894676208496
INFO:trainer_layer:90.25716781616211
INFO:trainer_layer:93.69421005249023
INFO:trainer_layer:91.08424186706543
INFO:trainer_layer:91.13955497741699
INFO:trainer_layer:92.06700325012207
INFO:trainer_layer:90.70563316345215
INFO:trainer_layer:91.54152870178223
INFO:trainer_layer:96.00830078125
INFO:trainer_layer:103.43122482299805
INFO:trainer_layer:97.02324867248535
INFO:trainer_layer:92.34309196472168
INFO:trainer_layer:94.22779083251953
INFO:trainer_layer:92.03243255615234
INFO:trainer_layer:90.18754959106445
INFO:trainer_layer:91.77184104919434
INFO:trainer_layer:97.93281555175781
INFO:trainer_layer:93.10412406921387
INFO:trainer_layer:91.23945236206055
INFO:trainer_layer:92.72289276123047
INFO:trainer_layer:95.04938125610352
INFO:trainer_layer:99.44748878479004
INFO:trainer_layer:101.88889503479004
INFO:trainer_layer:96.67134284973145
INFO:trainer_layer:98.36387634277344
INFO:trainer_layer:96.87638282775879
INFO:trainer_layer:97.12076187133789
INFO:trainer_layer:97.25737571716309
INFO:trainer_layer:97.26500511169434
INFO:trainer_layer:97.49984741210938
INFO:trainer_layer:97.0466136932373
INFO:trainer_layer:94.64311599731445
INFO:trainer_layer:96.50683403015137
INFO:trainer_layer:90.71946144104004
INFO:trainer_layer:90.68918228149414
INFO:trainer_layer:92.5297737121582
INFO:trainer_layer:101.67431831359863
INFO:trainer_layer:92.73600578308105
INFO:trainer_layer:91.08400344848633
INFO:trainer_layer:95.55530548095703
INFO:trainer_layer:94.3899154663086
INFO:trainer_layer:94.37870979309082
INFO:trainer_layer:90.3024673461914
INFO:trainer_layer:92.94390678405762
INFO:trainer_layer:93.14370155334473
INFO:trainer_layer:92.17596054077148
INFO:trainer_layer:95.48711776733398
INFO:trainer_layer:94.94495391845703
INFO:trainer_layer:93.14227104187012
INFO:trainer_layer:94.6342945098877
INFO:trainer_layer:99.60746765136719
INFO:trainer_layer:93.42288970947266
INFO:trainer_layer:91.23539924621582
INFO:trainer_layer:92.00525283813477
INFO:trainer_layer:92.06247329711914
INFO:trainer_layer:90.38519859313965
INFO:trainer_layer:91.68648719787598
INFO:trainer_layer:90.98148345947266
INFO:trainer_layer:90.56973457336426
INFO:trainer_layer:94.81930732727051
INFO:trainer_layer:92.68546104431152
INFO:trainer_layer:90.38805961608887
INFO:trainer_layer:91.97092056274414
INFO:trainer_layer:90.69466590881348
INFO:trainer_layer:92.71955490112305
INFO:trainer_layer:92.5900936126709
INFO:trainer_layer:90.91496467590332
INFO:trainer_layer:92.19646453857422
INFO:trainer_layer:90.69037437438965
INFO:trainer_layer:91.45474433898926
INFO:trainer_layer:90.54160118103027
INFO:trainer_layer:91.36652946472168
INFO:trainer_layer:91.07446670532227
INFO:trainer_layer:91.24898910522461
INFO:trainer_layer:90.22808074951172
INFO:trainer_layer:90.70038795471191
INFO:trainer_layer:91.08877182006836
INFO:trainer_layer:94.34270858764648
INFO:trainer_layer:92.926025390625
INFO:trainer_layer:93.12176704406738
INFO:trainer_layer:89.80298042297363
INFO:trainer_layer:92.69022941589355
INFO:trainer_layer:91.30430221557617
INFO:trainer_layer:89.71261978149414
INFO:trainer_layer:90.94381332397461
INFO:trainer_layer:90.4693603515625
INFO:trainer_layer:91.6590690612793
INFO:trainer_layer:91.93277359008789
INFO:trainer_layer:90.8350944519043
INFO:trainer_layer:92.10443496704102
INFO:trainer_layer:90.84749221801758
INFO:trainer_layer:90.65365791320801
INFO:trainer_layer:92.8804874420166
INFO:trainer_layer:92.42939949035645
INFO:trainer_layer:95.55935859680176
INFO:trainer_layer:91.16888046264648
INFO:trainer_layer:92.43416786193848
INFO:trainer_layer:92.80514717102051
INFO:trainer_layer:92.5452709197998
INFO:trainer_layer:90.70849418640137
INFO:trainer_layer:92.30780601501465
