INFO:trainer_layer:CNNEx | mnist
INFO:trainer_layer:in_size : 1024 | epochs : 1 | batch : 1
INFO:trainer_layer:kernel_l1 : 513 | 
INFO:trainer_layer:o_channels_l1 : 2 | 
INFO:trainer_layer::::::::::::::::::::::::::::::::::::::::::::::::::::::::::::
INFO:trainer_layer:message : fft_conv1 
INFO:trainer_layer::::::::::::::::::::::::::::::::::::::::::::::::::::::::::::
INFO:trainer_layer:Ave_Time : 417.9110473516036
INFO:trainer_layer::::::::::::::::::::::::::::::::::::::::::::::::::::::::::::
INFO:trainer_layer:404.9670696258545
INFO:trainer_layer:408.405065536499
INFO:trainer_layer:407.8631401062012
INFO:trainer_layer:405.2870273590088
INFO:trainer_layer:407.1691036224365
INFO:trainer_layer:406.12149238586426
INFO:trainer_layer:407.2413444519043
INFO:trainer_layer:407.1805477142334
INFO:trainer_layer:408.56385231018066
INFO:trainer_layer:407.46426582336426
INFO:trainer_layer:404.67238426208496
INFO:trainer_layer:406.7840576171875
INFO:trainer_layer:406.8310260772705
INFO:trainer_layer:407.11402893066406
INFO:trainer_layer:408.8425636291504
INFO:trainer_layer:408.27488899230957
INFO:trainer_layer:405.08198738098145
INFO:trainer_layer:408.85257720947266
INFO:trainer_layer:409.49296951293945
INFO:trainer_layer:405.7879447937012
INFO:trainer_layer:409.7006320953369
INFO:trainer_layer:408.2159996032715
INFO:trainer_layer:404.2222499847412
INFO:trainer_layer:409.2545509338379
INFO:trainer_layer:409.44671630859375
INFO:trainer_layer:408.0531597137451
INFO:trainer_layer:409.44671630859375
INFO:trainer_layer:408.57720375061035
INFO:trainer_layer:405.60460090637207
INFO:trainer_layer:409.2996120452881
INFO:trainer_layer:408.9796543121338
INFO:trainer_layer:407.69052505493164
INFO:trainer_layer:407.7796936035156
INFO:trainer_layer:409.5759391784668
INFO:trainer_layer:409.0869426727295
INFO:trainer_layer:408.0824851989746
INFO:trainer_layer:409.63053703308105
INFO:trainer_layer:408.83398056030273
INFO:trainer_layer:407.0284366607666
INFO:trainer_layer:410.8586311340332
INFO:trainer_layer:408.57934951782227
INFO:trainer_layer:407.6700210571289
INFO:trainer_layer:412.40596771240234
INFO:trainer_layer:411.6477966308594
INFO:trainer_layer:408.6282253265381
INFO:trainer_layer:411.09371185302734
INFO:trainer_layer:413.15507888793945
INFO:trainer_layer:409.1479778289795
INFO:trainer_layer:410.24208068847656
INFO:trainer_layer:411.51905059814453
INFO:trainer_layer:411.0381603240967
INFO:trainer_layer:409.40141677856445
INFO:trainer_layer:411.01861000061035
INFO:trainer_layer:412.1513366699219
INFO:trainer_layer:409.9276065826416
INFO:trainer_layer:410.46857833862305
INFO:trainer_layer:409.70301628112793
INFO:trainer_layer:410.5827808380127
INFO:trainer_layer:412.43910789489746
INFO:trainer_layer:412.25385665893555
INFO:trainer_layer:409.15894508361816
INFO:trainer_layer:409.64651107788086
INFO:trainer_layer:409.67559814453125
INFO:trainer_layer:410.59303283691406
INFO:trainer_layer:410.71343421936035
INFO:trainer_layer:413.4678840637207
INFO:trainer_layer:411.29565238952637
INFO:trainer_layer:409.40165519714355
INFO:trainer_layer:411.00311279296875
INFO:trainer_layer:411.5433692932129
INFO:trainer_layer:408.9319705963135
INFO:trainer_layer:412.68181800842285
INFO:trainer_layer:410.83765029907227
INFO:trainer_layer:409.5935821533203
INFO:trainer_layer:412.4429225921631
INFO:trainer_layer:411.85617446899414
INFO:trainer_layer:410.14838218688965
INFO:trainer_layer:410.9632968902588
INFO:trainer_layer:409.78384017944336
INFO:trainer_layer:411.08155250549316
INFO:trainer_layer:410.40587425231934
INFO:trainer_layer:412.11676597595215
INFO:trainer_layer:412.23788261413574
INFO:trainer_layer:411.1597537994385
INFO:trainer_layer:410.36462783813477
INFO:trainer_layer:409.1527462005615
INFO:trainer_layer:410.6278419494629
INFO:trainer_layer:412.57286071777344
INFO:trainer_layer:412.51540184020996
INFO:trainer_layer:411.00025177001953
INFO:trainer_layer:409.8334312438965
INFO:trainer_layer:410.3379249572754
INFO:trainer_layer:411.3130569458008
INFO:trainer_layer:411.9081497192383
INFO:trainer_layer:412.42265701293945
INFO:trainer_layer:411.818265914917
INFO:trainer_layer:408.7090492248535
INFO:trainer_layer:412.5862121582031
INFO:trainer_layer:412.04118728637695
INFO:trainer_layer:410.34865379333496
INFO:trainer_layer:411.7436408996582
INFO:trainer_layer:411.43798828125
INFO:trainer_layer:409.54017639160156
INFO:trainer_layer:411.9992256164551
INFO:trainer_layer:412.3549461364746
INFO:trainer_layer:409.9998474121094
INFO:trainer_layer:412.5957489013672
INFO:trainer_layer:410.3405475616455
INFO:trainer_layer:412.5227928161621
INFO:trainer_layer:411.57078742980957
INFO:trainer_layer:411.53740882873535
INFO:trainer_layer:412.8875732421875
INFO:trainer_layer:410.24065017700195
INFO:trainer_layer:410.77589988708496
INFO:trainer_layer:410.794734954834
INFO:trainer_layer:410.65144538879395
INFO:trainer_layer:412.2447967529297
INFO:trainer_layer:413.7458801269531
INFO:trainer_layer:410.4282855987549
INFO:trainer_layer:410.4738235473633
INFO:trainer_layer:412.2292995452881
INFO:trainer_layer:411.7298126220703
INFO:trainer_layer:411.81039810180664
INFO:trainer_layer:411.98205947875977
INFO:trainer_layer:413.42997550964355
INFO:trainer_layer:408.8764190673828
INFO:trainer_layer:412.2152328491211
INFO:trainer_layer:412.5854969024658
INFO:trainer_layer:410.1123809814453
INFO:trainer_layer:412.88089752197266
INFO:trainer_layer:411.97919845581055
INFO:trainer_layer:409.04712677001953
INFO:trainer_layer:412.59026527404785
INFO:trainer_layer:432.85584449768066
INFO:trainer_layer:412.8446578979492
INFO:trainer_layer:411.13996505737305
INFO:trainer_layer:413.0873680114746
INFO:trainer_layer:410.3999137878418
INFO:trainer_layer:410.02631187438965
INFO:trainer_layer:412.0643138885498
INFO:trainer_layer:413.022518157959
INFO:trainer_layer:411.5769863128662
INFO:trainer_layer:412.59217262268066
INFO:trainer_layer:409.6846580505371
INFO:trainer_layer:411.85903549194336
INFO:trainer_layer:412.54520416259766
INFO:trainer_layer:414.51287269592285
INFO:trainer_layer:410.28571128845215
INFO:trainer_layer:410.05492210388184
INFO:trainer_layer:410.7661247253418
INFO:trainer_layer:412.2910499572754
INFO:trainer_layer:410.0301265716553
INFO:trainer_layer:412.1978282928467
INFO:trainer_layer:413.00225257873535
INFO:trainer_layer:407.92036056518555
INFO:trainer_layer:412.7798080444336
INFO:trainer_layer:414.20769691467285
INFO:trainer_layer:411.35478019714355
INFO:trainer_layer:413.3467674255371
INFO:trainer_layer:411.729097366333
INFO:trainer_layer:409.20257568359375
INFO:trainer_layer:410.92562675476074
INFO:trainer_layer:414.1707420349121
INFO:trainer_layer:412.9674434661865
INFO:trainer_layer:410.6872081756592
INFO:trainer_layer:413.3343696594238
INFO:trainer_layer:410.0379943847656
INFO:trainer_layer:410.77709197998047
INFO:trainer_layer:413.9246940612793
INFO:trainer_layer:413.6056900024414
INFO:trainer_layer:410.642147064209
INFO:trainer_layer:412.16373443603516
INFO:trainer_layer:410.0759029388428
INFO:trainer_layer:412.15014457702637
INFO:trainer_layer:410.60638427734375
INFO:trainer_layer:413.8195514678955
INFO:trainer_layer:413.1360054016113
INFO:trainer_layer:408.9627265930176
INFO:trainer_layer:413.4514331817627
INFO:trainer_layer:414.6099090576172
INFO:trainer_layer:411.59892082214355
INFO:trainer_layer:414.1988754272461
INFO:trainer_layer:414.11781311035156
INFO:trainer_layer:408.7677001953125
INFO:trainer_layer:413.06424140930176
INFO:trainer_layer:413.92040252685547
INFO:trainer_layer:411.2515449523926
INFO:trainer_layer:413.53392601013184
INFO:trainer_layer:416.02253913879395
INFO:trainer_layer:411.3295078277588
INFO:trainer_layer:410.54439544677734
INFO:trainer_layer:414.09945487976074
INFO:trainer_layer:412.86563873291016
INFO:trainer_layer:411.88955307006836
INFO:trainer_layer:413.7890338897705
INFO:trainer_layer:411.2691879272461
INFO:trainer_layer:411.56911849975586
INFO:trainer_layer:413.21301460266113
INFO:trainer_layer:414.3643379211426
INFO:trainer_layer:412.2786521911621
INFO:trainer_layer:412.9464626312256
INFO:trainer_layer:412.0502471923828
INFO:trainer_layer:411.2539291381836
INFO:trainer_layer:411.3912582397461
INFO:trainer_layer:412.51277923583984
INFO:trainer_layer:415.5163764953613
INFO:trainer_layer:412.5344753265381
INFO:trainer_layer:410.4347229003906
INFO:trainer_layer:410.80617904663086
INFO:trainer_layer:410.75944900512695
INFO:trainer_layer:414.54243659973145
INFO:trainer_layer:413.8343334197998
INFO:trainer_layer:412.5056266784668
INFO:trainer_layer:410.28571128845215
INFO:trainer_layer:411.90481185913086
INFO:trainer_layer:413.59710693359375
INFO:trainer_layer:413.73300552368164
INFO:trainer_layer:414.20841217041016
INFO:trainer_layer:412.39261627197266
INFO:trainer_layer:410.33053398132324
INFO:trainer_layer:414.0126705169678
INFO:trainer_layer:413.53559494018555
INFO:trainer_layer:419.04139518737793
INFO:trainer_layer:415.8024787902832
INFO:trainer_layer:417.16504096984863
INFO:trainer_layer:411.9434356689453
INFO:trainer_layer:413.8517379760742
INFO:trainer_layer:416.431188583374
INFO:trainer_layer:415.93003273010254
INFO:trainer_layer:412.63532638549805
INFO:trainer_layer:416.49746894836426
INFO:trainer_layer:413.0525588989258
INFO:trainer_layer:413.02943229675293
INFO:trainer_layer:415.752649307251
INFO:trainer_layer:416.97001457214355
INFO:trainer_layer:413.75255584716797
INFO:trainer_layer:415.47393798828125
INFO:trainer_layer:412.66441345214844
INFO:trainer_layer:414.7632122039795
INFO:trainer_layer:416.018009185791
INFO:trainer_layer:415.5902862548828
INFO:trainer_layer:416.46528244018555
INFO:trainer_layer:413.3749008178711
INFO:trainer_layer:414.5331382751465
INFO:trainer_layer:414.15977478027344
INFO:trainer_layer:414.11781311035156
INFO:trainer_layer:415.9548282623291
INFO:trainer_layer:416.40424728393555
INFO:trainer_layer:414.6885871887207
INFO:trainer_layer:414.02125358581543
INFO:trainer_layer:416.0959720611572
INFO:trainer_layer:415.8329963684082
INFO:trainer_layer:413.82575035095215
INFO:trainer_layer:416.654109954834
INFO:trainer_layer:416.593074798584
INFO:trainer_layer:412.036657333374
INFO:trainer_layer:415.0121212005615
INFO:trainer_layer:415.9688949584961
INFO:trainer_layer:413.74707221984863
INFO:trainer_layer:415.79341888427734
INFO:trainer_layer:416.61572456359863
INFO:trainer_layer:413.78092765808105
INFO:trainer_layer:414.8526191711426
INFO:trainer_layer:417.2379970550537
INFO:trainer_layer:416.3367748260498
INFO:trainer_layer:413.72108459472656
INFO:trainer_layer:416.1384105682373
INFO:trainer_layer:415.33923149108887
INFO:trainer_layer:446.04015350341797
INFO:trainer_layer:418.743371963501
INFO:trainer_layer:444.20576095581055
INFO:trainer_layer:449.082612991333
INFO:trainer_layer:415.36855697631836
INFO:trainer_layer:418.133020401001
INFO:trainer_layer:415.6162738800049
INFO:trainer_layer:412.0059013366699
INFO:trainer_layer:415.56453704833984
INFO:trainer_layer:417.682409286499
INFO:trainer_layer:431.7195415496826
INFO:trainer_layer:442.3558712005615
INFO:trainer_layer:447.3834037780762
INFO:trainer_layer:447.24440574645996
INFO:trainer_layer:428.5316467285156
INFO:trainer_layer:441.58005714416504
INFO:trainer_layer:441.20335578918457
INFO:trainer_layer:417.6161289215088
INFO:trainer_layer:416.654109954834
INFO:trainer_layer:420.17388343811035
INFO:trainer_layer:411.5283489227295
INFO:trainer_layer:412.0481014251709
INFO:trainer_layer:414.25061225891113
INFO:trainer_layer:412.8880500793457
INFO:trainer_layer:412.2354984283447
INFO:trainer_layer:413.7871265411377
INFO:trainer_layer:413.7122631072998
INFO:trainer_layer:412.339448928833
INFO:trainer_layer:414.4902229309082
INFO:trainer_layer:414.19148445129395
INFO:trainer_layer:415.13824462890625
INFO:trainer_layer:417.7708625793457
INFO:trainer_layer:413.64145278930664
INFO:trainer_layer:412.1222496032715
INFO:trainer_layer:413.7246608734131
INFO:trainer_layer:414.00694847106934
INFO:trainer_layer:414.07084465026855
INFO:trainer_layer:412.61959075927734
INFO:trainer_layer:414.54029083251953
INFO:trainer_layer:414.63160514831543
INFO:trainer_layer:412.92357444763184
INFO:trainer_layer:414.3483638763428
INFO:trainer_layer:412.994384765625
INFO:trainer_layer:412.3492240905762
INFO:trainer_layer:413.7921333312988
INFO:trainer_layer:414.10231590270996
INFO:trainer_layer:420.9403991699219
INFO:trainer_layer:414.935827255249
INFO:trainer_layer:418.475866317749
INFO:trainer_layer:417.23132133483887
INFO:trainer_layer:418.5473918914795
INFO:trainer_layer:417.1140193939209
INFO:trainer_layer:419.2781448364258
INFO:trainer_layer:413.7847423553467
INFO:trainer_layer:416.301965713501
INFO:trainer_layer:414.5658016204834
INFO:trainer_layer:414.273738861084
INFO:trainer_layer:414.1392707824707
INFO:trainer_layer:414.9184226989746
INFO:trainer_layer:415.63892364501953
INFO:trainer_layer:414.7982597351074
INFO:trainer_layer:415.7450199127197
INFO:trainer_layer:416.2290096282959
INFO:trainer_layer:413.1186008453369
INFO:trainer_layer:414.670467376709
INFO:trainer_layer:415.341854095459
INFO:trainer_layer:414.2441749572754
INFO:trainer_layer:413.5470390319824
INFO:trainer_layer:416.7172908782959
INFO:trainer_layer:416.7647361755371
INFO:trainer_layer:412.3690128326416
INFO:trainer_layer:416.3362979888916
INFO:trainer_layer:416.9764518737793
INFO:trainer_layer:421.21052742004395
INFO:trainer_layer:456.33578300476074
INFO:trainer_layer:445.59788703918457
INFO:trainer_layer:417.5240993499756
INFO:trainer_layer:415.0691032409668
INFO:trainer_layer:416.1548614501953
INFO:trainer_layer:413.9983654022217
INFO:trainer_layer:414.30091857910156
INFO:trainer_layer:421.24390602111816
INFO:trainer_layer:415.8520698547363
INFO:trainer_layer:412.3697280883789
INFO:trainer_layer:430.3138256072998
INFO:trainer_layer:434.04579162597656
INFO:trainer_layer:451.18165016174316
INFO:trainer_layer:430.47094345092773
INFO:trainer_layer:446.29526138305664
INFO:trainer_layer:438.9612674713135
INFO:trainer_layer:438.5242462158203
INFO:trainer_layer:447.08251953125
INFO:trainer_layer:418.3661937713623
INFO:trainer_layer:442.5804615020752
INFO:trainer_layer:449.0196704864502
INFO:trainer_layer:419.1093444824219
INFO:trainer_layer:413.8615131378174
INFO:trainer_layer:413.2246971130371
INFO:trainer_layer:422.562837600708
INFO:trainer_layer:411.8466377258301
INFO:trainer_layer:412.8854274749756
INFO:trainer_layer:411.8518829345703
INFO:trainer_layer:412.28175163269043
INFO:trainer_layer:414.1840934753418
INFO:trainer_layer:412.22548484802246
INFO:trainer_layer:413.5148525238037
INFO:trainer_layer:414.21985626220703
INFO:trainer_layer:412.3396873474121
INFO:trainer_layer:411.84091567993164
INFO:trainer_layer:427.1097183227539
INFO:trainer_layer:417.8652763366699
INFO:trainer_layer:439.64290618896484
INFO:trainer_layer:427.5641441345215
INFO:trainer_layer:426.922082901001
INFO:trainer_layer:430.23133277893066
INFO:trainer_layer:426.9859790802002
INFO:trainer_layer:443.2046413421631
INFO:trainer_layer:426.9571304321289
INFO:trainer_layer:426.2356758117676
INFO:trainer_layer:440.65093994140625
INFO:trainer_layer:455.64770698547363
INFO:trainer_layer:442.9776668548584
INFO:trainer_layer:441.5092468261719
INFO:trainer_layer:438.73095512390137
INFO:trainer_layer:439.11051750183105
INFO:trainer_layer:441.5936470031738
INFO:trainer_layer:437.755823135376
INFO:trainer_layer:445.7852840423584
INFO:trainer_layer:432.10577964782715
INFO:trainer_layer:431.0746192932129
INFO:trainer_layer:439.0063285827637
INFO:trainer_layer:438.51470947265625
INFO:trainer_layer:431.05077743530273
INFO:trainer_layer:449.5728015899658
INFO:trainer_layer:452.8055191040039
INFO:trainer_layer:435.14204025268555
INFO:trainer_layer:435.7142448425293
INFO:trainer_layer:430.4373264312744
INFO:trainer_layer:425.8899688720703
INFO:trainer_layer:428.4060001373291
INFO:trainer_layer:425.9316921234131
INFO:trainer_layer:430.5543899536133
INFO:trainer_layer:428.2054901123047
INFO:trainer_layer:426.9216060638428
INFO:trainer_layer:430.12547492980957
INFO:trainer_layer:430.57703971862793
INFO:trainer_layer:431.7638874053955
INFO:trainer_layer:431.1859607696533
INFO:trainer_layer:425.52971839904785
INFO:trainer_layer:429.29840087890625
INFO:trainer_layer:431.42080307006836
INFO:trainer_layer:432.82079696655273
INFO:trainer_layer:431.1227798461914
INFO:trainer_layer:430.8638572692871
INFO:trainer_layer:431.52427673339844
INFO:trainer_layer:427.4482727050781
INFO:trainer_layer:428.286075592041
INFO:trainer_layer:441.60962104797363
INFO:trainer_layer:425.78744888305664
INFO:trainer_layer:427.66809463500977
INFO:trainer_layer:427.8066158294678
INFO:trainer_layer:429.80313301086426
INFO:trainer_layer:427.21009254455566
INFO:trainer_layer:425.5785942077637
INFO:trainer_layer:427.2634983062744
INFO:trainer_layer:425.4906177520752
INFO:trainer_layer:432.26075172424316
INFO:trainer_layer:436.373233795166
INFO:trainer_layer:428.52139472961426
INFO:trainer_layer:428.8592338562012
INFO:trainer_layer:429.37779426574707
INFO:trainer_layer:426.18799209594727
INFO:trainer_layer:432.77549743652344
INFO:trainer_layer:434.2689514160156
INFO:trainer_layer:428.1809329986572
INFO:trainer_layer:430.88316917419434
INFO:trainer_layer:429.5969009399414
INFO:trainer_layer:428.97748947143555
INFO:trainer_layer:429.28004264831543
INFO:trainer_layer:428.1027317047119
INFO:trainer_layer:429.03780937194824
INFO:trainer_layer:429.9323558807373
INFO:trainer_layer:430.46021461486816
INFO:trainer_layer:428.12108993530273
INFO:trainer_layer:443.4177875518799
INFO:trainer_layer:436.7485046386719
INFO:trainer_layer:443.281888961792
INFO:trainer_layer:448.3201503753662
INFO:trainer_layer:433.41064453125
INFO:trainer_layer:439.23449516296387
INFO:trainer_layer:420.05014419555664
INFO:trainer_layer:424.22032356262207
INFO:trainer_layer:452.5413513183594
INFO:trainer_layer:435.3766441345215
INFO:trainer_layer:412.8527641296387
INFO:trainer_layer:414.0617847442627
INFO:trainer_layer:428.44247817993164
INFO:trainer_layer:412.54591941833496
INFO:trainer_layer:414.1960144042969
INFO:trainer_layer:411.9265079498291
INFO:trainer_layer:414.72864151000977
INFO:trainer_layer:412.5809669494629
INFO:trainer_layer:414.93988037109375
INFO:trainer_layer:433.9160919189453
INFO:trainer_layer:436.6106986999512
INFO:trainer_layer:446.96497917175293
INFO:trainer_layer:447.979211807251
INFO:trainer_layer:429.2137622833252
INFO:trainer_layer:417.0699119567871
INFO:trainer_layer:415.5595302581787
INFO:trainer_layer:416.98312759399414
INFO:trainer_layer:417.15264320373535
INFO:trainer_layer:419.0480709075928
INFO:trainer_layer:416.323184967041
INFO:trainer_layer:413.52319717407227
INFO:trainer_layer:425.9343147277832
INFO:trainer_layer:423.24066162109375
INFO:trainer_layer:417.6337718963623
INFO:trainer_layer:427.66261100769043
INFO:trainer_layer:424.67522621154785
INFO:trainer_layer:414.24036026000977
INFO:trainer_layer:426.0420799255371
