INFO:trainer_layer:FFT_CNNEx | mnist
INFO:trainer_layer:in_size : 1024 | epochs : 1 | batch : 1
INFO:trainer_layer:kernel_l1 : 513 | 
INFO:trainer_layer:o_channels_l1 : 2 | 
INFO:trainer_layer::::::::::::::::::::::::::::::::::::::::::::::::::::::::::::
INFO:trainer_layer:message : fft_conv1 
INFO:trainer_layer::::::::::::::::::::::::::::::::::::::::::::::::::::::::::::
INFO:trainer_layer:Ave_Time : 14.75704543444575
INFO:trainer_layer::::::::::::::::::::::::::::::::::::::::::::::::::::::::::::
INFO:trainer_layer:16.66092872619629
INFO:trainer_layer:16.717195510864258
INFO:trainer_layer:16.257286071777344
INFO:trainer_layer:16.160964965820312
INFO:trainer_layer:15.50912857055664
INFO:trainer_layer:15.059709548950195
INFO:trainer_layer:14.578819274902344
INFO:trainer_layer:13.804197311401367
INFO:trainer_layer:14.786243438720703
INFO:trainer_layer:14.550447463989258
INFO:trainer_layer:14.637947082519531
INFO:trainer_layer:14.359712600708008
INFO:trainer_layer:14.709949493408203
INFO:trainer_layer:14.557123184204102
INFO:trainer_layer:14.412403106689453
INFO:trainer_layer:14.603614807128906
INFO:trainer_layer:15.001058578491211
INFO:trainer_layer:15.129566192626953
INFO:trainer_layer:15.411138534545898
INFO:trainer_layer:15.48457145690918
INFO:trainer_layer:15.837430953979492
INFO:trainer_layer:14.944314956665039
INFO:trainer_layer:14.972925186157227
INFO:trainer_layer:15.696048736572266
INFO:trainer_layer:13.648271560668945
INFO:trainer_layer:14.379739761352539
INFO:trainer_layer:14.446258544921875
INFO:trainer_layer:14.383792877197266
INFO:trainer_layer:14.479875564575195
INFO:trainer_layer:14.135599136352539
INFO:trainer_layer:14.084339141845703
INFO:trainer_layer:14.356851577758789
INFO:trainer_layer:14.066457748413086
INFO:trainer_layer:14.063119888305664
INFO:trainer_layer:14.110803604125977
INFO:trainer_layer:14.121055603027344
INFO:trainer_layer:14.191389083862305
INFO:trainer_layer:14.05191421508789
INFO:trainer_layer:14.178752899169922
INFO:trainer_layer:14.101505279541016
INFO:trainer_layer:14.077186584472656
INFO:trainer_layer:14.21666145324707
INFO:trainer_layer:22.27473258972168
INFO:trainer_layer:14.333248138427734
INFO:trainer_layer:15.13528823852539
INFO:trainer_layer:15.482664108276367
INFO:trainer_layer:15.240907669067383
INFO:trainer_layer:15.99431037902832
INFO:trainer_layer:14.471054077148438
INFO:trainer_layer:14.430761337280273
INFO:trainer_layer:14.48512077331543
INFO:trainer_layer:14.442682266235352
INFO:trainer_layer:14.800310134887695
INFO:trainer_layer:14.708757400512695
INFO:trainer_layer:14.626264572143555
INFO:trainer_layer:14.173507690429688
INFO:trainer_layer:14.212608337402344
INFO:trainer_layer:14.178752899169922
INFO:trainer_layer:14.111757278442383
INFO:trainer_layer:14.295578002929688
INFO:trainer_layer:14.039754867553711
INFO:trainer_layer:14.173746109008789
INFO:trainer_layer:14.093399047851562
INFO:trainer_layer:14.202356338500977
INFO:trainer_layer:14.03665542602539
INFO:trainer_layer:14.675140380859375
INFO:trainer_layer:14.924049377441406
INFO:trainer_layer:14.644384384155273
INFO:trainer_layer:15.274286270141602
INFO:trainer_layer:14.912843704223633
INFO:trainer_layer:15.48314094543457
INFO:trainer_layer:14.904022216796875
INFO:trainer_layer:15.453815460205078
INFO:trainer_layer:15.700578689575195
INFO:trainer_layer:15.525579452514648
INFO:trainer_layer:15.399456024169922
INFO:trainer_layer:15.13218879699707
INFO:trainer_layer:15.196800231933594
INFO:trainer_layer:14.711618423461914
INFO:trainer_layer:14.763593673706055
INFO:trainer_layer:14.33873176574707
INFO:trainer_layer:14.554500579833984
INFO:trainer_layer:14.80555534362793
INFO:trainer_layer:14.600515365600586
INFO:trainer_layer:14.73689079284668
INFO:trainer_layer:14.127731323242188
INFO:trainer_layer:14.216184616088867
INFO:trainer_layer:14.236927032470703
INFO:trainer_layer:14.099597930908203
INFO:trainer_layer:14.544486999511719
INFO:trainer_layer:14.519929885864258
INFO:trainer_layer:14.503002166748047
INFO:trainer_layer:14.575719833374023
INFO:trainer_layer:14.832019805908203
INFO:trainer_layer:14.572620391845703
INFO:trainer_layer:14.776468276977539
INFO:trainer_layer:14.454126358032227
INFO:trainer_layer:14.827728271484375
INFO:trainer_layer:15.358448028564453
INFO:trainer_layer:15.402793884277344
INFO:trainer_layer:15.480756759643555
INFO:trainer_layer:14.917135238647461
INFO:trainer_layer:15.256166458129883
INFO:trainer_layer:15.402793884277344
INFO:trainer_layer:14.959335327148438
INFO:trainer_layer:15.279054641723633
INFO:trainer_layer:15.610456466674805
INFO:trainer_layer:14.916419982910156
INFO:trainer_layer:14.649629592895508
INFO:trainer_layer:14.646053314208984
INFO:trainer_layer:14.804363250732422
INFO:trainer_layer:14.52183723449707
INFO:trainer_layer:14.33420181274414
INFO:trainer_layer:14.481306076049805
INFO:trainer_layer:14.528036117553711
INFO:trainer_layer:14.32943344116211
INFO:trainer_layer:14.604568481445312
INFO:trainer_layer:14.201164245605469
INFO:trainer_layer:14.450788497924805
INFO:trainer_layer:14.203071594238281
INFO:trainer_layer:14.083147048950195
INFO:trainer_layer:14.569997787475586
INFO:trainer_layer:14.907360076904297
INFO:trainer_layer:14.88351821899414
INFO:trainer_layer:15.40827751159668
INFO:trainer_layer:15.25425910949707
INFO:trainer_layer:14.835834503173828
INFO:trainer_layer:15.157938003540039
INFO:trainer_layer:15.262842178344727
INFO:trainer_layer:15.321016311645508
INFO:trainer_layer:14.814376831054688
INFO:trainer_layer:15.323162078857422
INFO:trainer_layer:15.264749526977539
INFO:trainer_layer:14.801263809204102
INFO:trainer_layer:15.206336975097656
INFO:trainer_layer:15.455484390258789
INFO:trainer_layer:15.31219482421875
INFO:trainer_layer:15.043497085571289
INFO:trainer_layer:15.288829803466797
INFO:trainer_layer:15.133142471313477
INFO:trainer_layer:15.038490295410156
INFO:trainer_layer:14.697551727294922
INFO:trainer_layer:14.411211013793945
INFO:trainer_layer:14.512300491333008
INFO:trainer_layer:14.473915100097656
INFO:trainer_layer:14.450788497924805
INFO:trainer_layer:14.458179473876953
INFO:trainer_layer:14.278888702392578
INFO:trainer_layer:14.796018600463867
INFO:trainer_layer:14.166831970214844
INFO:trainer_layer:14.153003692626953
INFO:trainer_layer:14.133214950561523
INFO:trainer_layer:14.179229736328125
INFO:trainer_layer:14.179229736328125
INFO:trainer_layer:14.012575149536133
INFO:trainer_layer:14.125347137451172
INFO:trainer_layer:14.114141464233398
INFO:trainer_layer:14.115095138549805
INFO:trainer_layer:14.106035232543945
INFO:trainer_layer:14.188051223754883
INFO:trainer_layer:14.748573303222656
INFO:trainer_layer:14.145851135253906
INFO:trainer_layer:14.719963073730469
INFO:trainer_layer:14.148235321044922
INFO:trainer_layer:14.182329177856445
INFO:trainer_layer:14.751672744750977
INFO:trainer_layer:14.181375503540039
INFO:trainer_layer:14.158010482788086
INFO:trainer_layer:14.622211456298828
INFO:trainer_layer:14.725923538208008
INFO:trainer_layer:14.156818389892578
INFO:trainer_layer:14.19377326965332
INFO:trainer_layer:14.194965362548828
INFO:trainer_layer:14.153480529785156
INFO:trainer_layer:14.01376724243164
INFO:trainer_layer:14.171123504638672
INFO:trainer_layer:14.19973373413086
INFO:trainer_layer:14.031648635864258
INFO:trainer_layer:14.132261276245117
INFO:trainer_layer:14.148712158203125
INFO:trainer_layer:14.103174209594727
INFO:trainer_layer:14.163494110107422
INFO:trainer_layer:14.363765716552734
INFO:trainer_layer:14.126300811767578
INFO:trainer_layer:14.770984649658203
INFO:trainer_layer:14.643430709838867
INFO:trainer_layer:14.885663986206055
INFO:trainer_layer:14.554738998413086
INFO:trainer_layer:14.762163162231445
INFO:trainer_layer:15.29550552368164
INFO:trainer_layer:15.278100967407227
INFO:trainer_layer:15.494346618652344
INFO:trainer_layer:15.07878303527832
INFO:trainer_layer:15.21921157836914
INFO:trainer_layer:15.416383743286133
INFO:trainer_layer:15.219926834106445
INFO:trainer_layer:15.450716018676758
INFO:trainer_layer:14.975309371948242
INFO:trainer_layer:15.381813049316406
INFO:trainer_layer:15.02227783203125
INFO:trainer_layer:14.706850051879883
INFO:trainer_layer:14.53399658203125
INFO:trainer_layer:14.546632766723633
INFO:trainer_layer:14.593362808227539
INFO:trainer_layer:14.482259750366211
INFO:trainer_layer:14.42575454711914
INFO:trainer_layer:14.39976692199707
INFO:trainer_layer:13.677597045898438
INFO:trainer_layer:14.103174209594727
INFO:trainer_layer:14.810562133789062
INFO:trainer_layer:14.196395874023438
INFO:trainer_layer:14.67752456665039
INFO:trainer_layer:14.153718948364258
INFO:trainer_layer:14.173030853271484
INFO:trainer_layer:14.968156814575195
INFO:trainer_layer:14.916419982910156
INFO:trainer_layer:15.484809875488281
INFO:trainer_layer:15.354633331298828
INFO:trainer_layer:15.240192413330078
INFO:trainer_layer:15.398740768432617
INFO:trainer_layer:14.963865280151367
INFO:trainer_layer:15.514850616455078
INFO:trainer_layer:15.647649765014648
INFO:trainer_layer:15.810728073120117
INFO:trainer_layer:15.44809341430664
INFO:trainer_layer:14.963150024414062
INFO:trainer_layer:14.678001403808594
INFO:trainer_layer:14.489889144897461
INFO:trainer_layer:14.529943466186523
INFO:trainer_layer:14.820098876953125
INFO:trainer_layer:14.867067337036133
INFO:trainer_layer:14.084577560424805
INFO:trainer_layer:15.015602111816406
INFO:trainer_layer:14.862775802612305
INFO:trainer_layer:15.22970199584961
INFO:trainer_layer:15.19465446472168
INFO:trainer_layer:14.576911926269531
INFO:trainer_layer:15.35177230834961
INFO:trainer_layer:14.91999626159668
INFO:trainer_layer:15.410900115966797
INFO:trainer_layer:15.611886978149414
INFO:trainer_layer:15.662431716918945
INFO:trainer_layer:15.154838562011719
INFO:trainer_layer:14.824867248535156
INFO:trainer_layer:14.677286148071289
INFO:trainer_layer:14.801740646362305
INFO:trainer_layer:14.378547668457031
INFO:trainer_layer:15.272855758666992
INFO:trainer_layer:14.171361923217773
INFO:trainer_layer:14.206409454345703
INFO:trainer_layer:14.152288436889648
INFO:trainer_layer:14.203071594238281
INFO:trainer_layer:14.030218124389648
INFO:trainer_layer:14.196395874023438
INFO:trainer_layer:14.06097412109375
INFO:trainer_layer:14.569282531738281
INFO:trainer_layer:14.70327377319336
INFO:trainer_layer:14.60409164428711
INFO:trainer_layer:15.245199203491211
INFO:trainer_layer:15.430688858032227
INFO:trainer_layer:15.575885772705078
INFO:trainer_layer:14.928817749023438
INFO:trainer_layer:15.299081802368164
INFO:trainer_layer:15.64788818359375
INFO:trainer_layer:15.500783920288086
INFO:trainer_layer:15.062332153320312
INFO:trainer_layer:15.21444320678711
INFO:trainer_layer:15.018463134765625
INFO:trainer_layer:14.938116073608398
INFO:trainer_layer:14.822721481323242
INFO:trainer_layer:14.81318473815918
INFO:trainer_layer:14.459848403930664
INFO:trainer_layer:14.725208282470703
INFO:trainer_layer:14.920949935913086
INFO:trainer_layer:14.153718948364258
INFO:trainer_layer:14.049291610717773
INFO:trainer_layer:14.519929885864258
INFO:trainer_layer:14.466524124145508
INFO:trainer_layer:14.521360397338867
INFO:trainer_layer:14.868736267089844
INFO:trainer_layer:14.812707901000977
INFO:trainer_layer:14.742136001586914
INFO:trainer_layer:14.700889587402344
INFO:trainer_layer:15.218734741210938
INFO:trainer_layer:15.251398086547852
INFO:trainer_layer:15.506982803344727
INFO:trainer_layer:15.410900115966797
INFO:trainer_layer:15.493392944335938
INFO:trainer_layer:15.545129776000977
INFO:trainer_layer:15.586137771606445
INFO:trainer_layer:15.127897262573242
INFO:trainer_layer:15.274286270141602
INFO:trainer_layer:15.247821807861328
INFO:trainer_layer:14.273405075073242
INFO:trainer_layer:13.957977294921875
INFO:trainer_layer:14.369487762451172
INFO:trainer_layer:14.622926712036133
INFO:trainer_layer:14.552116394042969
INFO:trainer_layer:14.479875564575195
INFO:trainer_layer:14.443635940551758
INFO:trainer_layer:14.114141464233398
INFO:trainer_layer:14.193296432495117
INFO:trainer_layer:14.142274856567383
INFO:trainer_layer:14.096736907958984
INFO:trainer_layer:14.10818099975586
INFO:trainer_layer:14.076471328735352
INFO:trainer_layer:14.103412628173828
INFO:trainer_layer:14.081001281738281
INFO:trainer_layer:14.202117919921875
INFO:trainer_layer:14.068603515625
INFO:trainer_layer:14.276742935180664
INFO:trainer_layer:14.419794082641602
INFO:trainer_layer:14.58430290222168
INFO:trainer_layer:14.940977096557617
INFO:trainer_layer:14.567375183105469
INFO:trainer_layer:14.716625213623047
INFO:trainer_layer:14.474868774414062
INFO:trainer_layer:14.730691909790039
INFO:trainer_layer:15.209197998046875
INFO:trainer_layer:15.228271484375
INFO:trainer_layer:14.867782592773438
INFO:trainer_layer:15.342235565185547
INFO:trainer_layer:15.510320663452148
INFO:trainer_layer:14.966726303100586
INFO:trainer_layer:14.999151229858398
INFO:trainer_layer:15.645742416381836
INFO:trainer_layer:15.743494033813477
INFO:trainer_layer:15.534400939941406
INFO:trainer_layer:15.221357345581055
INFO:trainer_layer:14.855384826660156
INFO:trainer_layer:14.708518981933594
INFO:trainer_layer:14.70041275024414
INFO:trainer_layer:14.745950698852539
INFO:trainer_layer:14.333963394165039
INFO:trainer_layer:14.15872573852539
INFO:trainer_layer:14.688491821289062
INFO:trainer_layer:14.48512077331543
INFO:trainer_layer:14.498233795166016
INFO:trainer_layer:14.486312866210938
INFO:trainer_layer:14.95671272277832
INFO:trainer_layer:14.812946319580078
INFO:trainer_layer:14.829635620117188
INFO:trainer_layer:14.472246170043945
INFO:trainer_layer:14.760017395019531
INFO:trainer_layer:14.49441909790039
INFO:trainer_layer:14.99319076538086
INFO:trainer_layer:15.247583389282227
INFO:trainer_layer:15.363693237304688
INFO:trainer_layer:14.525890350341797
INFO:trainer_layer:14.442920684814453
INFO:trainer_layer:15.431404113769531
INFO:trainer_layer:15.391826629638672
INFO:trainer_layer:15.047311782836914
INFO:trainer_layer:15.439510345458984
INFO:trainer_layer:15.56086540222168
INFO:trainer_layer:15.557050704956055
INFO:trainer_layer:14.915704727172852
INFO:trainer_layer:15.798330307006836
INFO:trainer_layer:14.992237091064453
INFO:trainer_layer:14.995336532592773
INFO:trainer_layer:14.494657516479492
INFO:trainer_layer:14.502763748168945
INFO:trainer_layer:14.55068588256836
INFO:trainer_layer:14.431476593017578
INFO:trainer_layer:15.41447639465332
INFO:trainer_layer:14.130830764770508
INFO:trainer_layer:14.180421829223633
INFO:trainer_layer:14.79339599609375
INFO:trainer_layer:14.536857604980469
INFO:trainer_layer:14.920949935913086
INFO:trainer_layer:14.547109603881836
INFO:trainer_layer:14.957189559936523
INFO:trainer_layer:15.257120132446289
INFO:trainer_layer:15.514135360717773
INFO:trainer_layer:15.308141708374023
INFO:trainer_layer:14.946699142456055
INFO:trainer_layer:15.147686004638672
INFO:trainer_layer:15.554189682006836
INFO:trainer_layer:14.840126037597656
INFO:trainer_layer:15.537500381469727
INFO:trainer_layer:15.395641326904297
INFO:trainer_layer:15.253067016601562
INFO:trainer_layer:14.913558959960938
INFO:trainer_layer:14.42718505859375
INFO:trainer_layer:14.456748962402344
INFO:trainer_layer:14.419078826904297
INFO:trainer_layer:14.409542083740234
INFO:trainer_layer:14.488697052001953
INFO:trainer_layer:14.451980590820312
INFO:trainer_layer:14.498710632324219
INFO:trainer_layer:14.280557632446289
INFO:trainer_layer:14.280080795288086
INFO:trainer_layer:14.901161193847656
INFO:trainer_layer:14.72783088684082
INFO:trainer_layer:14.644622802734375
INFO:trainer_layer:14.197826385498047
INFO:trainer_layer:14.121055603027344
INFO:trainer_layer:14.105558395385742
INFO:trainer_layer:14.110803604125977
INFO:trainer_layer:14.234304428100586
INFO:trainer_layer:14.198541641235352
INFO:trainer_layer:14.250993728637695
INFO:trainer_layer:14.011383056640625
INFO:trainer_layer:14.211654663085938
INFO:trainer_layer:14.787912368774414
INFO:trainer_layer:14.815568923950195
INFO:trainer_layer:14.8162841796875
INFO:trainer_layer:14.545202255249023
INFO:trainer_layer:14.750003814697266
INFO:trainer_layer:15.14434814453125
INFO:trainer_layer:15.280961990356445
INFO:trainer_layer:15.290260314941406
INFO:trainer_layer:14.987707138061523
INFO:trainer_layer:15.499114990234375
INFO:trainer_layer:15.002727508544922
INFO:trainer_layer:15.435218811035156
INFO:trainer_layer:15.623092651367188
INFO:trainer_layer:15.23447036743164
INFO:trainer_layer:14.651775360107422
INFO:trainer_layer:14.442920684814453
INFO:trainer_layer:14.566659927368164
INFO:trainer_layer:14.058113098144531
INFO:trainer_layer:14.412641525268555
INFO:trainer_layer:14.215707778930664
INFO:trainer_layer:14.64533805847168
INFO:trainer_layer:14.767885208129883
INFO:trainer_layer:14.612913131713867
INFO:trainer_layer:14.209985733032227
INFO:trainer_layer:14.249801635742188
INFO:trainer_layer:14.138221740722656
INFO:trainer_layer:14.151811599731445
INFO:trainer_layer:14.748334884643555
INFO:trainer_layer:14.15252685546875
INFO:trainer_layer:14.152288436889648
INFO:trainer_layer:14.754533767700195
INFO:trainer_layer:14.150619506835938
INFO:trainer_layer:14.271020889282227
INFO:trainer_layer:14.247655868530273
INFO:trainer_layer:14.162063598632812
INFO:trainer_layer:14.199495315551758
INFO:trainer_layer:14.11890983581543
INFO:trainer_layer:14.188289642333984
INFO:trainer_layer:14.153003692626953
INFO:trainer_layer:14.763355255126953
INFO:trainer_layer:14.275312423706055
INFO:trainer_layer:14.674901962280273
INFO:trainer_layer:14.868736267089844
INFO:trainer_layer:14.21213150024414
INFO:trainer_layer:14.495849609375
INFO:trainer_layer:14.851093292236328
INFO:trainer_layer:15.378952026367188
INFO:trainer_layer:15.405654907226562
INFO:trainer_layer:15.560388565063477
INFO:trainer_layer:14.93072509765625
INFO:trainer_layer:15.644073486328125
INFO:trainer_layer:15.38228988647461
INFO:trainer_layer:14.929771423339844
INFO:trainer_layer:15.283346176147461
INFO:trainer_layer:14.844179153442383
INFO:trainer_layer:14.704227447509766
INFO:trainer_layer:14.709234237670898
INFO:trainer_layer:14.866113662719727
INFO:trainer_layer:14.37997817993164
INFO:trainer_layer:14.98556137084961
INFO:trainer_layer:14.749288558959961
INFO:trainer_layer:14.056205749511719
INFO:trainer_layer:15.88749885559082
INFO:trainer_layer:15.05732536315918
INFO:trainer_layer:14.536857604980469
INFO:trainer_layer:15.187263488769531
INFO:trainer_layer:15.327930450439453
INFO:trainer_layer:15.666007995605469
INFO:trainer_layer:14.901161193847656
INFO:trainer_layer:15.509605407714844
INFO:trainer_layer:15.001296997070312
INFO:trainer_layer:15.533924102783203
INFO:trainer_layer:15.17343521118164
INFO:trainer_layer:14.79792594909668
INFO:trainer_layer:14.725685119628906
INFO:trainer_layer:14.410257339477539
INFO:trainer_layer:15.691280364990234
INFO:trainer_layer:14.810800552368164
INFO:trainer_layer:14.157295227050781
INFO:trainer_layer:14.175176620483398
INFO:trainer_layer:14.166831970214844
INFO:trainer_layer:14.708280563354492
INFO:trainer_layer:14.47916030883789
INFO:trainer_layer:14.219045639038086
INFO:trainer_layer:14.223098754882812
INFO:trainer_layer:14.152050018310547
