INFO:trainer_layer:FFT_CNNEx | mnist
INFO:trainer_layer:in_size : 512 | epochs : 1 | batch : 1
INFO:trainer_layer:kernel_l1 : 257 | 
INFO:trainer_layer:o_channels_l1 : 2 | 
INFO:trainer_layer:learn_num_train : 1000 | learn_num_validate : 0 
INFO:trainer_layer::::::::::::::::::::::::::::::::::::::::::::::::::::::::::::
INFO:trainer_layer:message : fft_conv1 
INFO:trainer_layer::::::::::::::::::::::::::::::::::::::::::::::::::::::::::::
INFO:trainer_layer:Ave_Time : 3.9791779084639116
INFO:trainer_layer::::::::::::::::::::::::::::::::::::::::::::::::::::::::::::
INFO:trainer_layer:5.721330642700195
INFO:trainer_layer:4.848718643188477
INFO:trainer_layer:6.557703018188477
INFO:trainer_layer:4.707574844360352
INFO:trainer_layer:4.730701446533203
INFO:trainer_layer:5.087137222290039
INFO:trainer_layer:4.906654357910156
INFO:trainer_layer:6.689310073852539
INFO:trainer_layer:4.880666732788086
INFO:trainer_layer:5.855798721313477
INFO:trainer_layer:4.660844802856445
INFO:trainer_layer:6.102800369262695
INFO:trainer_layer:4.681587219238281
INFO:trainer_layer:4.799365997314453
INFO:trainer_layer:5.602359771728516
INFO:trainer_layer:5.190134048461914
INFO:trainer_layer:5.623340606689453
INFO:trainer_layer:4.709482192993164
INFO:trainer_layer:5.432367324829102
INFO:trainer_layer:5.377054214477539
INFO:trainer_layer:4.651308059692383
INFO:trainer_layer:5.700826644897461
INFO:trainer_layer:4.685878753662109
INFO:trainer_layer:4.6443939208984375
INFO:trainer_layer:5.87153434753418
INFO:trainer_layer:4.644155502319336
INFO:trainer_layer:5.944490432739258
INFO:trainer_layer:4.664421081542969
INFO:trainer_layer:4.677534103393555
INFO:trainer_layer:5.730867385864258
INFO:trainer_layer:4.65083122253418
INFO:trainer_layer:5.754709243774414
INFO:trainer_layer:4.686594009399414
INFO:trainer_layer:4.633426666259766
INFO:trainer_layer:4.952669143676758
INFO:trainer_layer:3.6160945892333984
INFO:trainer_layer:3.632783889770508
INFO:trainer_layer:4.47392463684082
INFO:trainer_layer:3.676176071166992
INFO:trainer_layer:3.634214401245117
INFO:trainer_layer:4.382133483886719
INFO:trainer_layer:3.711223602294922
INFO:trainer_layer:3.6509037017822266
INFO:trainer_layer:4.105329513549805
INFO:trainer_layer:3.622293472290039
INFO:trainer_layer:3.6385059356689453
INFO:trainer_layer:4.285573959350586
INFO:trainer_layer:3.6191940307617188
INFO:trainer_layer:3.621816635131836
INFO:trainer_layer:4.374027252197266
INFO:trainer_layer:3.647327423095703
INFO:trainer_layer:3.7407875061035156
INFO:trainer_layer:4.195451736450195
INFO:trainer_layer:3.6995410919189453
INFO:trainer_layer:3.6203861236572266
INFO:trainer_layer:4.4689178466796875
INFO:trainer_layer:3.6079883575439453
INFO:trainer_layer:3.5963058471679688
INFO:trainer_layer:4.389047622680664
INFO:trainer_layer:3.650188446044922
INFO:trainer_layer:3.588438034057617
INFO:trainer_layer:4.059791564941406
INFO:trainer_layer:3.6330223083496094
INFO:trainer_layer:3.652811050415039
INFO:trainer_layer:4.111289978027344
INFO:trainer_layer:3.585338592529297
INFO:trainer_layer:3.9072036743164062
INFO:trainer_layer:4.055500030517578
INFO:trainer_layer:4.16111946105957
INFO:trainer_layer:3.6284923553466797
INFO:trainer_layer:4.302740097045898
INFO:trainer_layer:3.621816635131836
INFO:trainer_layer:3.6339759826660156
INFO:trainer_layer:4.016637802124023
INFO:trainer_layer:4.079103469848633
INFO:trainer_layer:3.603696823120117
INFO:trainer_layer:4.105329513549805
INFO:trainer_layer:4.0035247802734375
INFO:trainer_layer:3.614664077758789
INFO:trainer_layer:4.091978073120117
INFO:trainer_layer:4.347085952758789
INFO:trainer_layer:3.8051605224609375
INFO:trainer_layer:3.787994384765625
INFO:trainer_layer:4.646778106689453
INFO:trainer_layer:3.786802291870117
INFO:trainer_layer:3.7140846252441406
INFO:trainer_layer:4.700899124145508
INFO:trainer_layer:3.8022994995117188
INFO:trainer_layer:3.6547183990478516
INFO:trainer_layer:4.276275634765625
INFO:trainer_layer:3.643512725830078
INFO:trainer_layer:3.6509037017822266
INFO:trainer_layer:4.564046859741211
INFO:trainer_layer:4.009723663330078
INFO:trainer_layer:3.6258697509765625
INFO:trainer_layer:4.205226898193359
INFO:trainer_layer:3.6606788635253906
INFO:trainer_layer:3.6067962646484375
INFO:trainer_layer:4.081964492797852
INFO:trainer_layer:3.681182861328125
INFO:trainer_layer:3.6191940307617188
INFO:trainer_layer:4.534244537353516
INFO:trainer_layer:3.7238597869873047
INFO:trainer_layer:3.6134719848632812
INFO:trainer_layer:4.364252090454102
INFO:trainer_layer:3.625154495239258
INFO:trainer_layer:3.6759376525878906
INFO:trainer_layer:4.229545593261719
INFO:trainer_layer:3.7169456481933594
INFO:trainer_layer:3.6118030548095703
INFO:trainer_layer:4.302024841308594
INFO:trainer_layer:3.6194324493408203
INFO:trainer_layer:3.6575794219970703
INFO:trainer_layer:4.203081130981445
INFO:trainer_layer:3.6706924438476562
INFO:trainer_layer:3.725290298461914
INFO:trainer_layer:4.302263259887695
INFO:trainer_layer:3.620624542236328
INFO:trainer_layer:3.638029098510742
INFO:trainer_layer:4.108428955078125
INFO:trainer_layer:3.9434432983398438
INFO:trainer_layer:3.618478775024414
INFO:trainer_layer:4.185676574707031
INFO:trainer_layer:3.662109375
INFO:trainer_layer:3.675699234008789
INFO:trainer_layer:4.151582717895508
INFO:trainer_layer:3.785848617553711
INFO:trainer_layer:3.639698028564453
INFO:trainer_layer:4.118680953979492
INFO:trainer_layer:3.8993358612060547
INFO:trainer_layer:3.7980079650878906
INFO:trainer_layer:4.0912628173828125
INFO:trainer_layer:4.142999649047852
INFO:trainer_layer:3.610372543334961
INFO:trainer_layer:3.6020278930664062
INFO:trainer_layer:4.317522048950195
INFO:trainer_layer:3.654003143310547
INFO:trainer_layer:3.6377906799316406
INFO:trainer_layer:4.273653030395508
INFO:trainer_layer:3.7949085235595703
INFO:trainer_layer:3.782033920288086
INFO:trainer_layer:4.23741340637207
INFO:trainer_layer:3.6394596099853516
INFO:trainer_layer:3.6051273345947266
INFO:trainer_layer:4.251718521118164
INFO:trainer_layer:3.767251968383789
INFO:trainer_layer:4.415035247802734
INFO:trainer_layer:3.902435302734375
INFO:trainer_layer:3.7839412689208984
INFO:trainer_layer:4.253625869750977
INFO:trainer_layer:3.6802291870117188
INFO:trainer_layer:3.5965442657470703
INFO:trainer_layer:4.416942596435547
INFO:trainer_layer:3.8421154022216797
INFO:trainer_layer:3.8771629333496094
INFO:trainer_layer:4.310369491577148
INFO:trainer_layer:3.718137741088867
INFO:trainer_layer:3.690481185913086
INFO:trainer_layer:4.599809646606445
INFO:trainer_layer:3.6115646362304688
INFO:trainer_layer:3.6134719848632812
INFO:trainer_layer:4.426717758178711
INFO:trainer_layer:3.604888916015625
INFO:trainer_layer:3.6144256591796875
INFO:trainer_layer:4.273176193237305
INFO:trainer_layer:3.5932064056396484
INFO:trainer_layer:3.581523895263672
INFO:trainer_layer:4.0912628173828125
INFO:trainer_layer:3.604888916015625
INFO:trainer_layer:3.5905838012695312
INFO:trainer_layer:4.202365875244141
INFO:trainer_layer:3.6072731018066406
INFO:trainer_layer:3.6568641662597656
INFO:trainer_layer:4.200220108032227
INFO:trainer_layer:3.7841796875
INFO:trainer_layer:3.6411285400390625
INFO:trainer_layer:4.180669784545898
INFO:trainer_layer:4.088640213012695
INFO:trainer_layer:3.786325454711914
INFO:trainer_layer:3.613710403442383
INFO:trainer_layer:4.265069961547852
INFO:trainer_layer:3.5860538482666016
INFO:trainer_layer:3.6661624908447266
INFO:trainer_layer:4.209756851196289
INFO:trainer_layer:3.690481185913086
INFO:trainer_layer:3.626585006713867
INFO:trainer_layer:4.331111907958984
INFO:trainer_layer:3.6427974700927734
INFO:trainer_layer:3.6623477935791016
INFO:trainer_layer:4.422903060913086
INFO:trainer_layer:3.6966800689697266
INFO:trainer_layer:3.6458969116210938
INFO:trainer_layer:4.103422164916992
INFO:trainer_layer:3.5982131958007812
INFO:trainer_layer:3.5982131958007812
INFO:trainer_layer:4.062891006469727
INFO:trainer_layer:4.059314727783203
INFO:trainer_layer:3.720998764038086
INFO:trainer_layer:4.151582717895508
INFO:trainer_layer:4.03285026550293
INFO:trainer_layer:3.597736358642578
INFO:trainer_layer:3.6211013793945312
INFO:trainer_layer:4.182338714599609
INFO:trainer_layer:3.6232471466064453
INFO:trainer_layer:3.582477569580078
INFO:trainer_layer:4.308462142944336
INFO:trainer_layer:3.622293472290039
INFO:trainer_layer:3.5784244537353516
INFO:trainer_layer:4.336357116699219
INFO:trainer_layer:3.6346912384033203
INFO:trainer_layer:3.6063194274902344
INFO:trainer_layer:4.347562789916992
INFO:trainer_layer:3.7467479705810547
INFO:trainer_layer:3.57818603515625
INFO:trainer_layer:4.068136215209961
INFO:trainer_layer:3.584146499633789
INFO:trainer_layer:3.5877227783203125
INFO:trainer_layer:4.144430160522461
INFO:trainer_layer:3.6399364471435547
INFO:trainer_layer:3.592252731323242
INFO:trainer_layer:4.00853157043457
INFO:trainer_layer:4.011869430541992
INFO:trainer_layer:3.5886764526367188
INFO:trainer_layer:3.941059112548828
INFO:trainer_layer:4.487276077270508
INFO:trainer_layer:3.583669662475586
INFO:trainer_layer:3.629922866821289
INFO:trainer_layer:4.31370735168457
INFO:trainer_layer:3.7152767181396484
INFO:trainer_layer:3.5758018493652344
INFO:trainer_layer:4.385948181152344
INFO:trainer_layer:3.6001205444335938
INFO:trainer_layer:3.589153289794922
INFO:trainer_layer:4.512548446655273
INFO:trainer_layer:3.6153793334960938
INFO:trainer_layer:3.628969192504883
INFO:trainer_layer:4.394292831420898
INFO:trainer_layer:3.725767135620117
INFO:trainer_layer:3.717660903930664
INFO:trainer_layer:4.530429840087891
INFO:trainer_layer:3.710031509399414
INFO:trainer_layer:3.751993179321289
INFO:trainer_layer:4.360437393188477
INFO:trainer_layer:3.7310123443603516
INFO:trainer_layer:3.703594207763672
INFO:trainer_layer:4.254817962646484
INFO:trainer_layer:3.6339759826660156
INFO:trainer_layer:3.615140914916992
INFO:trainer_layer:4.26483154296875
INFO:trainer_layer:3.862142562866211
INFO:trainer_layer:3.9327144622802734
INFO:trainer_layer:4.520416259765625
INFO:trainer_layer:3.818988800048828
INFO:trainer_layer:3.771543502807617
INFO:trainer_layer:4.156351089477539
INFO:trainer_layer:3.728628158569336
INFO:trainer_layer:4.197120666503906
INFO:trainer_layer:4.255533218383789
INFO:trainer_layer:3.621339797973633
INFO:trainer_layer:4.221677780151367
INFO:trainer_layer:4.297018051147461
INFO:trainer_layer:3.774404525756836
INFO:trainer_layer:4.2133331298828125
INFO:trainer_layer:3.6907196044921875
INFO:trainer_layer:3.7848949432373047
INFO:trainer_layer:4.3087005615234375
INFO:trainer_layer:4.163503646850586
INFO:trainer_layer:3.62396240234375
INFO:trainer_layer:4.328489303588867
INFO:trainer_layer:3.7627220153808594
INFO:trainer_layer:3.7622451782226562
INFO:trainer_layer:4.422903060913086
INFO:trainer_layer:3.7136077880859375
INFO:trainer_layer:3.8232803344726562
INFO:trainer_layer:4.389047622680664
INFO:trainer_layer:3.787994384765625
INFO:trainer_layer:3.688812255859375
INFO:trainer_layer:4.385709762573242
INFO:trainer_layer:3.6020278930664062
INFO:trainer_layer:3.603696823120117
INFO:trainer_layer:4.415273666381836
INFO:trainer_layer:3.6401748657226562
INFO:trainer_layer:3.604412078857422
INFO:trainer_layer:4.239320755004883
INFO:trainer_layer:3.6170482635498047
INFO:trainer_layer:3.709077835083008
INFO:trainer_layer:4.689216613769531
INFO:trainer_layer:3.74603271484375
INFO:trainer_layer:3.650188446044922
INFO:trainer_layer:4.515171051025391
INFO:trainer_layer:3.6339759826660156
INFO:trainer_layer:3.7064552307128906
INFO:trainer_layer:4.27699089050293
INFO:trainer_layer:3.8564205169677734
INFO:trainer_layer:4.382610321044922
INFO:trainer_layer:3.8559436798095703
INFO:trainer_layer:3.8831233978271484
INFO:trainer_layer:7.458925247192383
INFO:trainer_layer:3.8535594940185547
INFO:trainer_layer:4.549741744995117
INFO:trainer_layer:4.241704940795898
INFO:trainer_layer:3.9200782775878906
INFO:trainer_layer:4.600763320922852
INFO:trainer_layer:3.7856101989746094
INFO:trainer_layer:3.6907196044921875
INFO:trainer_layer:4.336833953857422
INFO:trainer_layer:3.6458969116210938
INFO:trainer_layer:3.754854202270508
INFO:trainer_layer:4.331827163696289
INFO:trainer_layer:3.7496089935302734
INFO:trainer_layer:3.63922119140625
INFO:trainer_layer:4.555940628051758
INFO:trainer_layer:3.755331039428711
INFO:trainer_layer:3.7419795989990234
INFO:trainer_layer:4.376888275146484
INFO:trainer_layer:3.6928653717041016
INFO:trainer_layer:3.6449432373046875
INFO:trainer_layer:4.67991828918457
INFO:trainer_layer:3.6287307739257812
INFO:trainer_layer:3.693819046020508
INFO:trainer_layer:4.511117935180664
INFO:trainer_layer:3.7016868591308594
INFO:trainer_layer:3.621816635131836
INFO:trainer_layer:4.393577575683594
INFO:trainer_layer:3.7508010864257812
INFO:trainer_layer:3.688812255859375
INFO:trainer_layer:4.359245300292969
INFO:trainer_layer:3.679990768432617
INFO:trainer_layer:3.6935806274414062
INFO:trainer_layer:4.208087921142578
INFO:trainer_layer:3.617525100708008
INFO:trainer_layer:3.6780834197998047
INFO:trainer_layer:4.151105880737305
INFO:trainer_layer:3.694772720336914
INFO:trainer_layer:3.625154495239258
INFO:trainer_layer:4.046201705932617
INFO:trainer_layer:3.9420127868652344
INFO:trainer_layer:3.809690475463867
INFO:trainer_layer:4.177570343017578
INFO:trainer_layer:4.121541976928711
INFO:trainer_layer:3.927469253540039
INFO:trainer_layer:4.351615905761719
INFO:trainer_layer:3.633260726928711
INFO:trainer_layer:3.625631332397461
INFO:trainer_layer:4.02069091796875
INFO:trainer_layer:4.0493011474609375
INFO:trainer_layer:3.615856170654297
INFO:trainer_layer:4.2285919189453125
INFO:trainer_layer:3.673076629638672
INFO:trainer_layer:3.684520721435547
INFO:trainer_layer:3.660917282104492
INFO:trainer_layer:4.268884658813477
INFO:trainer_layer:3.7615299224853516
INFO:trainer_layer:3.6962032318115234
INFO:trainer_layer:4.367351531982422
INFO:trainer_layer:3.659963607788086
INFO:trainer_layer:3.6275386810302734
INFO:trainer_layer:4.222869873046875
INFO:trainer_layer:3.623485565185547
INFO:trainer_layer:3.6361217498779297
INFO:trainer_layer:4.355907440185547
INFO:trainer_layer:3.613710403442383
INFO:trainer_layer:3.6516189575195312
INFO:trainer_layer:4.361152648925781
INFO:trainer_layer:3.7949085235595703
INFO:trainer_layer:3.835439682006836
INFO:trainer_layer:4.407405853271484
INFO:trainer_layer:3.6733150482177734
INFO:trainer_layer:3.6003589630126953
INFO:trainer_layer:4.113197326660156
INFO:trainer_layer:3.618478775024414
INFO:trainer_layer:3.68499755859375
INFO:trainer_layer:4.248857498168945
INFO:trainer_layer:3.685474395751953
INFO:trainer_layer:3.7097930908203125
INFO:trainer_layer:4.143714904785156
INFO:trainer_layer:3.879070281982422
INFO:trainer_layer:3.6687850952148438
INFO:trainer_layer:4.279136657714844
INFO:trainer_layer:3.743410110473633
INFO:trainer_layer:3.6749839782714844
INFO:trainer_layer:4.174232482910156
INFO:trainer_layer:3.6818981170654297
INFO:trainer_layer:3.6890506744384766
INFO:trainer_layer:4.250049591064453
INFO:trainer_layer:3.735780715942383
INFO:trainer_layer:3.6754608154296875
INFO:trainer_layer:4.183053970336914
INFO:trainer_layer:4.08482551574707
INFO:trainer_layer:3.6830902099609375
INFO:trainer_layer:3.6699771881103516
INFO:trainer_layer:4.470586776733398
INFO:trainer_layer:3.651142120361328
INFO:trainer_layer:4.10008430480957
INFO:trainer_layer:4.165887832641602
INFO:trainer_layer:3.6215782165527344
INFO:trainer_layer:4.32586669921875
INFO:trainer_layer:4.0340423583984375
INFO:trainer_layer:3.635883331298828
INFO:trainer_layer:4.195690155029297
INFO:trainer_layer:4.095792770385742
INFO:trainer_layer:3.6597251892089844
INFO:trainer_layer:4.248142242431641
INFO:trainer_layer:4.192829132080078
INFO:trainer_layer:3.972768783569336
INFO:trainer_layer:4.272699356079102
INFO:trainer_layer:3.851175308227539
INFO:trainer_layer:4.328250885009766
INFO:trainer_layer:3.8526058197021484
INFO:trainer_layer:3.7114620208740234
INFO:trainer_layer:4.209995269775391
INFO:trainer_layer:3.7772655487060547
INFO:trainer_layer:4.090309143066406
INFO:trainer_layer:3.707408905029297
INFO:trainer_layer:3.7317276000976562
INFO:trainer_layer:3.640890121459961
INFO:trainer_layer:4.46772575378418
INFO:trainer_layer:3.6792755126953125
INFO:trainer_layer:3.6487579345703125
INFO:trainer_layer:4.24504280090332
INFO:trainer_layer:3.6954879760742188
INFO:trainer_layer:3.720521926879883
INFO:trainer_layer:4.441738128662109
INFO:trainer_layer:3.7124156951904297
INFO:trainer_layer:3.660440444946289
INFO:trainer_layer:4.379987716674805
INFO:trainer_layer:3.604412078857422
INFO:trainer_layer:3.6253929138183594
INFO:trainer_layer:4.1370391845703125
INFO:trainer_layer:3.6542415618896484
INFO:trainer_layer:3.5970211029052734
INFO:trainer_layer:4.019975662231445
INFO:trainer_layer:3.6466121673583984
INFO:trainer_layer:3.6530494689941406
INFO:trainer_layer:4.10151481628418
INFO:trainer_layer:3.7527084350585938
INFO:trainer_layer:3.660440444946289
INFO:trainer_layer:4.306793212890625
INFO:trainer_layer:4.367589950561523
INFO:trainer_layer:3.7109851837158203
INFO:trainer_layer:3.6411285400390625
INFO:trainer_layer:4.262447357177734
INFO:trainer_layer:3.6301612854003906
INFO:trainer_layer:3.7195682525634766
INFO:trainer_layer:4.304409027099609
INFO:trainer_layer:3.6211013793945312
INFO:trainer_layer:3.595590591430664
INFO:trainer_layer:4.280567169189453
INFO:trainer_layer:3.6149024963378906
INFO:trainer_layer:3.667593002319336
INFO:trainer_layer:4.515409469604492
INFO:trainer_layer:3.6323070526123047
INFO:trainer_layer:3.7355422973632812
INFO:trainer_layer:4.352331161499023
INFO:trainer_layer:3.6818981170654297
INFO:trainer_layer:3.6160945892333984
INFO:trainer_layer:4.635334014892578
INFO:trainer_layer:3.7047863006591797
INFO:trainer_layer:3.696441650390625
INFO:trainer_layer:4.6443939208984375
INFO:trainer_layer:3.7450790405273438
INFO:trainer_layer:3.631114959716797
INFO:trainer_layer:4.326581954956055
INFO:trainer_layer:3.698587417602539
INFO:trainer_layer:3.688812255859375
INFO:trainer_layer:3.9620399475097656
INFO:trainer_layer:3.9892196655273438
INFO:trainer_layer:3.7508010864257812
INFO:trainer_layer:4.320383071899414
INFO:trainer_layer:3.650188446044922
INFO:trainer_layer:3.612041473388672
INFO:trainer_layer:4.857063293457031
INFO:trainer_layer:3.9718151092529297
INFO:trainer_layer:3.6399364471435547
INFO:trainer_layer:4.501819610595703
INFO:trainer_layer:3.665447235107422
INFO:trainer_layer:3.5996437072753906
INFO:trainer_layer:4.31370735168457
INFO:trainer_layer:3.6690235137939453
INFO:trainer_layer:3.628969192504883
INFO:trainer_layer:4.2285919189453125
INFO:trainer_layer:3.6172866821289062
INFO:trainer_layer:3.5996437072753906
INFO:trainer_layer:4.281520843505859
INFO:trainer_layer:3.7565231323242188
INFO:trainer_layer:3.615140914916992
INFO:trainer_layer:4.041433334350586
INFO:trainer_layer:3.673076629638672
INFO:trainer_layer:3.6237239837646484
INFO:trainer_layer:4.195451736450195
INFO:trainer_layer:3.811359405517578
INFO:trainer_layer:3.6458969116210938
INFO:trainer_layer:4.230260848999023
INFO:trainer_layer:3.7860870361328125
INFO:trainer_layer:3.659963607788086
INFO:trainer_layer:4.204511642456055
INFO:trainer_layer:3.8025379180908203
INFO:trainer_layer:3.6525726318359375
INFO:trainer_layer:4.232883453369141
INFO:trainer_layer:3.6611557006835938
INFO:trainer_layer:3.6780834197998047
INFO:trainer_layer:4.596471786499023
INFO:trainer_layer:3.9873123168945312
INFO:trainer_layer:3.7271976470947266
INFO:trainer_layer:4.138469696044922
INFO:trainer_layer:3.713846206665039
INFO:trainer_layer:3.651857376098633
INFO:trainer_layer:4.282951354980469
INFO:trainer_layer:3.634929656982422
INFO:trainer_layer:3.6733150482177734
INFO:trainer_layer:4.102945327758789
INFO:trainer_layer:3.7746429443359375
INFO:trainer_layer:3.6444664001464844
INFO:trainer_layer:4.352331161499023
INFO:trainer_layer:3.8738250732421875
INFO:trainer_layer:3.8754940032958984
INFO:trainer_layer:3.880023956298828
INFO:trainer_layer:4.311084747314453
INFO:trainer_layer:3.633260726928711
INFO:trainer_layer:3.59344482421875
INFO:trainer_layer:3.688335418701172
INFO:trainer_layer:3.687620162963867
INFO:trainer_layer:3.9730072021484375
INFO:trainer_layer:4.0302276611328125
INFO:trainer_layer:3.744363784790039
INFO:trainer_layer:3.918886184692383
INFO:trainer_layer:4.242181777954102
INFO:trainer_layer:3.6745071411132812
INFO:trainer_layer:3.9975643157958984
INFO:trainer_layer:3.9031505584716797
INFO:trainer_layer:3.6318302154541016
INFO:trainer_layer:3.70025634765625
INFO:trainer_layer:4.216194152832031
INFO:trainer_layer:3.618955612182617
INFO:trainer_layer:4.061460494995117
INFO:trainer_layer:4.078388214111328
INFO:trainer_layer:3.7505626678466797
INFO:trainer_layer:3.8499832153320312
INFO:trainer_layer:4.673480987548828
INFO:trainer_layer:3.6749839782714844
INFO:trainer_layer:3.979206085205078
INFO:trainer_layer:4.302501678466797
INFO:trainer_layer:3.7789344787597656
INFO:trainer_layer:4.030704498291016
INFO:trainer_layer:4.148244857788086
INFO:trainer_layer:3.864288330078125
INFO:trainer_layer:4.171848297119141
INFO:trainer_layer:4.139900207519531
INFO:trainer_layer:3.8521289825439453
INFO:trainer_layer:4.1790008544921875
INFO:trainer_layer:3.6842823028564453
INFO:trainer_layer:3.8471221923828125
INFO:trainer_layer:4.1790008544921875
INFO:trainer_layer:3.671884536743164
INFO:trainer_layer:3.8352012634277344
INFO:trainer_layer:4.156351089477539
INFO:trainer_layer:3.751993179321289
INFO:trainer_layer:3.812551498413086
INFO:trainer_layer:4.046440124511719
INFO:trainer_layer:4.12440299987793
INFO:trainer_layer:3.671407699584961
INFO:trainer_layer:3.9348602294921875
INFO:trainer_layer:3.867626190185547
INFO:trainer_layer:3.9114952087402344
INFO:trainer_layer:4.213571548461914
INFO:trainer_layer:3.9474964141845703
INFO:trainer_layer:3.933429718017578
INFO:trainer_layer:4.357337951660156
INFO:trainer_layer:3.652334213256836
INFO:trainer_layer:3.9479732513427734
INFO:trainer_layer:4.29534912109375
INFO:trainer_layer:3.6516189575195312
INFO:trainer_layer:4.567384719848633
INFO:trainer_layer:4.055500030517578
INFO:trainer_layer:3.9358139038085938
INFO:trainer_layer:4.442691802978516
INFO:trainer_layer:3.812074661254883
INFO:trainer_layer:3.946065902709961
INFO:trainer_layer:4.481315612792969
INFO:trainer_layer:3.668069839477539
INFO:trainer_layer:3.8979053497314453
INFO:trainer_layer:4.494905471801758
INFO:trainer_layer:3.688335418701172
INFO:trainer_layer:3.635883331298828
INFO:trainer_layer:4.3430328369140625
INFO:trainer_layer:3.682374954223633
INFO:trainer_layer:3.6711692810058594
INFO:trainer_layer:4.121303558349609
INFO:trainer_layer:3.6449432373046875
INFO:trainer_layer:3.6749839782714844
INFO:trainer_layer:4.531145095825195
INFO:trainer_layer:3.7145614624023438
INFO:trainer_layer:4.210948944091797
INFO:trainer_layer:4.171133041381836
INFO:trainer_layer:3.7527084350585938
INFO:trainer_layer:4.250526428222656
INFO:trainer_layer:3.894329071044922
INFO:trainer_layer:3.677845001220703
INFO:trainer_layer:4.266977310180664
INFO:trainer_layer:3.622293472290039
INFO:trainer_layer:3.764629364013672
INFO:trainer_layer:4.252195358276367
INFO:trainer_layer:3.8585662841796875
INFO:trainer_layer:3.6203861236572266
INFO:trainer_layer:4.327058792114258
INFO:trainer_layer:3.6437511444091797
INFO:trainer_layer:3.7779808044433594
INFO:trainer_layer:4.092216491699219
INFO:trainer_layer:3.770112991333008
INFO:trainer_layer:3.6287307739257812
INFO:trainer_layer:4.261493682861328
INFO:trainer_layer:3.726482391357422
INFO:trainer_layer:3.7200450897216797
INFO:trainer_layer:4.299163818359375
INFO:trainer_layer:3.8993358612060547
INFO:trainer_layer:3.7870407104492188
INFO:trainer_layer:4.460811614990234
INFO:trainer_layer:3.9179325103759766
INFO:trainer_layer:4.330635070800781
INFO:trainer_layer:3.8328170776367188
INFO:trainer_layer:3.8056373596191406
INFO:trainer_layer:3.8912296295166016
INFO:trainer_layer:4.204511642456055
INFO:trainer_layer:3.816843032836914
INFO:trainer_layer:4.585027694702148
INFO:trainer_layer:3.8309097290039062
INFO:trainer_layer:4.286050796508789
INFO:trainer_layer:3.6492347717285156
INFO:trainer_layer:3.6690235137939453
INFO:trainer_layer:4.248380661010742
INFO:trainer_layer:3.873586654663086
INFO:trainer_layer:3.6537647247314453
INFO:trainer_layer:4.239320755004883
INFO:trainer_layer:3.6449432373046875
INFO:trainer_layer:3.725767135620117
INFO:trainer_layer:4.34112548828125
INFO:trainer_layer:3.8962364196777344
INFO:trainer_layer:3.65447998046875
INFO:trainer_layer:4.255771636962891
INFO:trainer_layer:3.668546676635742
INFO:trainer_layer:3.6580562591552734
INFO:trainer_layer:4.118680953979492
INFO:trainer_layer:4.0683746337890625
INFO:trainer_layer:3.8461685180664062
INFO:trainer_layer:4.520893096923828
INFO:trainer_layer:3.7190914154052734
INFO:trainer_layer:3.851175308227539
INFO:trainer_layer:4.552602767944336
INFO:trainer_layer:3.8106441497802734
INFO:trainer_layer:3.7925243377685547
INFO:trainer_layer:4.74238395690918
INFO:trainer_layer:3.8182735443115234
INFO:trainer_layer:4.151821136474609
INFO:trainer_layer:3.6995410919189453
INFO:trainer_layer:3.649473190307617
INFO:trainer_layer:4.180908203125
INFO:trainer_layer:3.7729740142822266
INFO:trainer_layer:3.633260726928711
INFO:trainer_layer:4.204750061035156
INFO:trainer_layer:3.6797523498535156
INFO:trainer_layer:3.6346912384033203
INFO:trainer_layer:4.328250885009766
INFO:trainer_layer:4.034757614135742
INFO:trainer_layer:3.991365432739258
INFO:trainer_layer:4.391193389892578
INFO:trainer_layer:3.644227981567383
INFO:trainer_layer:4.169702529907227
INFO:trainer_layer:4.199028015136719
INFO:trainer_layer:3.7183761596679688
INFO:trainer_layer:4.266500473022461
INFO:trainer_layer:3.665447235107422
INFO:trainer_layer:3.6144256591796875
INFO:trainer_layer:4.186391830444336
INFO:trainer_layer:4.274606704711914
INFO:trainer_layer:3.975391387939453
INFO:trainer_layer:4.29844856262207
INFO:trainer_layer:3.686666488647461
INFO:trainer_layer:4.538297653198242
INFO:trainer_layer:3.9391517639160156
INFO:trainer_layer:3.6520957946777344
INFO:trainer_layer:4.239320755004883
INFO:trainer_layer:3.7496089935302734
INFO:trainer_layer:3.6382675170898438
INFO:trainer_layer:4.496335983276367
INFO:trainer_layer:3.677845001220703
INFO:trainer_layer:3.6649703979492188
INFO:trainer_layer:4.244565963745117
INFO:trainer_layer:4.00996208190918
INFO:trainer_layer:3.6416053771972656
INFO:trainer_layer:4.242181777954102
INFO:trainer_layer:3.6649703979492188
INFO:trainer_layer:3.660917282104492
INFO:trainer_layer:4.209756851196289
INFO:trainer_layer:3.6411285400390625
INFO:trainer_layer:3.6122798919677734
INFO:trainer_layer:4.073143005371094
INFO:trainer_layer:3.62396240234375
INFO:trainer_layer:3.6220550537109375
INFO:trainer_layer:4.438877105712891
INFO:trainer_layer:3.660917282104492
INFO:trainer_layer:3.7889480590820312
INFO:trainer_layer:4.045009613037109
INFO:trainer_layer:3.706693649291992
INFO:trainer_layer:3.704547882080078
INFO:trainer_layer:4.159688949584961
INFO:trainer_layer:4.135608673095703
INFO:trainer_layer:3.6132335662841797
INFO:trainer_layer:4.279851913452148
INFO:trainer_layer:3.8862228393554688
INFO:trainer_layer:3.9963722229003906
INFO:trainer_layer:4.307746887207031
INFO:trainer_layer:3.8094520568847656
INFO:trainer_layer:4.148721694946289
INFO:trainer_layer:4.075527191162109
INFO:trainer_layer:3.6368370056152344
INFO:trainer_layer:4.1351318359375
INFO:trainer_layer:3.9529800415039062
INFO:trainer_layer:3.9958953857421875
INFO:trainer_layer:4.139184951782227
INFO:trainer_layer:3.720998764038086
INFO:trainer_layer:3.6394596099853516
INFO:trainer_layer:4.456043243408203
INFO:trainer_layer:3.6971569061279297
INFO:trainer_layer:3.695249557495117
INFO:trainer_layer:4.303932189941406
INFO:trainer_layer:4.768610000610352
INFO:trainer_layer:4.397153854370117
INFO:trainer_layer:3.8063526153564453
INFO:trainer_layer:3.8995742797851562
INFO:trainer_layer:4.480838775634766
INFO:trainer_layer:3.744840621948242
INFO:trainer_layer:3.690481185913086
INFO:trainer_layer:4.231929779052734
INFO:trainer_layer:3.842592239379883
INFO:trainer_layer:3.687143325805664
INFO:trainer_layer:4.260778427124023
INFO:trainer_layer:3.7026405334472656
INFO:trainer_layer:3.667116165161133
INFO:trainer_layer:4.231929779052734
INFO:trainer_layer:3.6323070526123047
INFO:trainer_layer:4.194974899291992
INFO:trainer_layer:4.174709320068359
INFO:trainer_layer:3.804922103881836
INFO:trainer_layer:4.23121452331543
INFO:trainer_layer:3.7593841552734375
INFO:trainer_layer:3.6437511444091797
INFO:trainer_layer:4.203319549560547
INFO:trainer_layer:3.6749839782714844
INFO:trainer_layer:3.6606788635253906
INFO:trainer_layer:4.153728485107422
INFO:trainer_layer:3.6852359771728516
INFO:trainer_layer:3.643512725830078
INFO:trainer_layer:4.277229309082031
INFO:trainer_layer:3.9756298065185547
INFO:trainer_layer:3.689289093017578
INFO:trainer_layer:4.295587539672852
INFO:trainer_layer:3.930330276489258
INFO:trainer_layer:3.7326812744140625
INFO:trainer_layer:4.22215461730957
INFO:trainer_layer:3.702402114868164
INFO:trainer_layer:3.7679672241210938
INFO:trainer_layer:4.08625602722168
INFO:trainer_layer:3.685474395751953
INFO:trainer_layer:3.66973876953125
INFO:trainer_layer:4.371881484985352
INFO:trainer_layer:3.8301944732666016
INFO:trainer_layer:3.7283897399902344
INFO:trainer_layer:4.60362434387207
INFO:trainer_layer:4.033088684082031
INFO:trainer_layer:3.7119388580322266
INFO:trainer_layer:4.329204559326172
INFO:trainer_layer:3.6458969116210938
INFO:trainer_layer:4.173755645751953
INFO:trainer_layer:4.1656494140625
INFO:trainer_layer:3.8132667541503906
INFO:trainer_layer:4.218339920043945
INFO:trainer_layer:3.7512779235839844
INFO:trainer_layer:3.6575794219970703
INFO:trainer_layer:4.246711730957031
INFO:trainer_layer:4.019021987915039
INFO:trainer_layer:3.6797523498535156
INFO:trainer_layer:4.446506500244141
INFO:trainer_layer:3.6423206329345703
INFO:trainer_layer:3.8242340087890625
INFO:trainer_layer:4.365444183349609
INFO:trainer_layer:3.8313865661621094
INFO:trainer_layer:3.663301467895508
INFO:trainer_layer:4.645586013793945
INFO:trainer_layer:3.9436817169189453
INFO:trainer_layer:4.656314849853516
INFO:trainer_layer:3.879547119140625
INFO:trainer_layer:3.6847591400146484
INFO:trainer_layer:4.4612884521484375
INFO:trainer_layer:3.6764144897460938
INFO:trainer_layer:3.6208629608154297
INFO:trainer_layer:4.2552947998046875
INFO:trainer_layer:3.6499500274658203
INFO:trainer_layer:3.6466121673583984
INFO:trainer_layer:4.300832748413086
INFO:trainer_layer:3.878355026245117
INFO:trainer_layer:3.7488937377929688
INFO:trainer_layer:4.157543182373047
INFO:trainer_layer:3.718852996826172
INFO:trainer_layer:3.681659698486328
INFO:trainer_layer:4.142999649047852
INFO:trainer_layer:3.668069839477539
INFO:trainer_layer:3.6804676055908203
INFO:trainer_layer:4.177093505859375
INFO:trainer_layer:3.7927627563476562
INFO:trainer_layer:3.704071044921875
INFO:trainer_layer:4.345893859863281
INFO:trainer_layer:3.9818286895751953
INFO:trainer_layer:3.761768341064453
INFO:trainer_layer:4.195690155029297
INFO:trainer_layer:3.705263137817383
INFO:trainer_layer:3.6525726318359375
INFO:trainer_layer:4.035472869873047
INFO:trainer_layer:3.7186145782470703
INFO:trainer_layer:3.625631332397461
INFO:trainer_layer:4.3544769287109375
INFO:trainer_layer:3.7310123443603516
INFO:trainer_layer:3.6351680755615234
INFO:trainer_layer:4.283905029296875
INFO:trainer_layer:3.8585662841796875
INFO:trainer_layer:3.7479400634765625
INFO:trainer_layer:4.388570785522461
INFO:trainer_layer:3.671884536743164
INFO:trainer_layer:3.647327423095703
INFO:trainer_layer:4.466772079467773
INFO:trainer_layer:3.6973953247070312
INFO:trainer_layer:3.8831233978271484
INFO:trainer_layer:4.355430603027344
INFO:trainer_layer:3.838062286376953
INFO:trainer_layer:4.271507263183594
INFO:trainer_layer:4.322528839111328
INFO:trainer_layer:3.742218017578125
INFO:trainer_layer:4.279375076293945
INFO:trainer_layer:3.8328170776367188
INFO:trainer_layer:3.8611888885498047
INFO:trainer_layer:4.541158676147461
INFO:trainer_layer:3.7043094635009766
INFO:trainer_layer:4.296779632568359
INFO:trainer_layer:4.017353057861328
INFO:trainer_layer:3.836393356323242
INFO:trainer_layer:4.20689582824707
INFO:trainer_layer:4.129171371459961
INFO:trainer_layer:3.6160945892333984
INFO:trainer_layer:4.198551177978516
INFO:trainer_layer:3.740549087524414
INFO:trainer_layer:3.732919692993164
INFO:trainer_layer:4.286289215087891
INFO:trainer_layer:3.7801265716552734
INFO:trainer_layer:3.818511962890625
INFO:trainer_layer:4.419565200805664
INFO:trainer_layer:3.6246776580810547
INFO:trainer_layer:3.6771297454833984
INFO:trainer_layer:4.469394683837891
INFO:trainer_layer:3.9479732513427734
INFO:trainer_layer:3.818988800048828
INFO:trainer_layer:4.25267219543457
INFO:trainer_layer:3.6711692810058594
INFO:trainer_layer:3.626108169555664
INFO:trainer_layer:4.403114318847656
INFO:trainer_layer:3.7932395935058594
INFO:trainer_layer:4.515409469604492
INFO:trainer_layer:4.128217697143555
INFO:trainer_layer:3.6246776580810547
INFO:trainer_layer:4.235029220581055
INFO:trainer_layer:3.6809444427490234
INFO:trainer_layer:3.6361217498779297
INFO:trainer_layer:4.175901412963867
INFO:trainer_layer:3.720998764038086
INFO:trainer_layer:3.628253936767578
INFO:trainer_layer:4.390478134155273
INFO:trainer_layer:3.648042678833008
INFO:trainer_layer:3.632783889770508
INFO:trainer_layer:4.087686538696289
INFO:trainer_layer:3.758668899536133
INFO:trainer_layer:3.664731979370117
INFO:trainer_layer:4.137516021728516
INFO:trainer_layer:3.6880970001220703
INFO:trainer_layer:3.732442855834961
INFO:trainer_layer:4.273891448974609
INFO:trainer_layer:3.7660598754882812
INFO:trainer_layer:3.6416053771972656
INFO:trainer_layer:4.0760040283203125
INFO:trainer_layer:3.6835670471191406
INFO:trainer_layer:3.6537647247314453
INFO:trainer_layer:4.199981689453125
INFO:trainer_layer:4.0340423583984375
INFO:trainer_layer:3.638029098510742
INFO:trainer_layer:4.471302032470703
INFO:trainer_layer:3.6458969116210938
INFO:trainer_layer:3.625154495239258
INFO:trainer_layer:4.445075988769531
INFO:trainer_layer:3.6766529083251953
INFO:trainer_layer:3.932476043701172
INFO:trainer_layer:4.648685455322266
INFO:trainer_layer:3.6427974700927734
INFO:trainer_layer:3.6330223083496094
INFO:trainer_layer:4.681110382080078
INFO:trainer_layer:3.671884536743164
INFO:trainer_layer:4.140138626098633
INFO:trainer_layer:3.715038299560547
INFO:trainer_layer:3.6427974700927734
INFO:trainer_layer:4.141569137573242
INFO:trainer_layer:3.667593002319336
INFO:trainer_layer:3.62396240234375
INFO:trainer_layer:4.114627838134766
INFO:trainer_layer:4.147768020629883
INFO:trainer_layer:3.646373748779297
INFO:trainer_layer:4.222393035888672
INFO:trainer_layer:3.6516189575195312
INFO:trainer_layer:3.679990768432617
INFO:trainer_layer:4.18543815612793
INFO:trainer_layer:3.7660598754882812
INFO:trainer_layer:3.6439895629882812
INFO:trainer_layer:4.18400764465332
INFO:trainer_layer:3.7348270416259766
INFO:trainer_layer:3.6821365356445312
INFO:trainer_layer:4.195690155029297
INFO:trainer_layer:3.7543773651123047
INFO:trainer_layer:3.6742687225341797
INFO:trainer_layer:4.304170608520508
INFO:trainer_layer:3.6878585815429688
INFO:trainer_layer:3.6809444427490234
INFO:trainer_layer:4.334211349487305
INFO:trainer_layer:3.662586212158203
INFO:trainer_layer:3.6318302154541016
INFO:trainer_layer:4.258632659912109
INFO:trainer_layer:3.656148910522461
INFO:trainer_layer:3.614187240600586
INFO:trainer_layer:4.301309585571289
INFO:trainer_layer:3.628969192504883
INFO:trainer_layer:3.6766529083251953
INFO:trainer_layer:4.27699089050293
INFO:trainer_layer:3.6742687225341797
INFO:trainer_layer:3.645658493041992
INFO:trainer_layer:4.388093948364258
INFO:trainer_layer:3.9653778076171875
INFO:trainer_layer:3.9186477661132812
INFO:trainer_layer:4.307270050048828
INFO:trainer_layer:3.891468048095703
INFO:trainer_layer:4.393577575683594
INFO:trainer_layer:3.784656524658203
INFO:trainer_layer:3.751993179321289
INFO:trainer_layer:4.143714904785156
INFO:trainer_layer:3.7097930908203125
INFO:trainer_layer:3.702878952026367
INFO:trainer_layer:4.377603530883789
INFO:trainer_layer:3.877401351928711
INFO:trainer_layer:4.0378570556640625
INFO:trainer_layer:4.364728927612305
INFO:trainer_layer:3.8814544677734375
INFO:trainer_layer:4.332065582275391
INFO:trainer_layer:4.308938980102539
INFO:trainer_layer:3.709077835083008
INFO:trainer_layer:4.025459289550781
INFO:trainer_layer:3.6292076110839844
INFO:trainer_layer:3.6394596099853516
INFO:trainer_layer:3.676176071166992
INFO:trainer_layer:4.295825958251953
INFO:trainer_layer:3.6363601684570312
INFO:trainer_layer:3.65447998046875
INFO:trainer_layer:4.286289215087891
INFO:trainer_layer:3.755807876586914
INFO:trainer_layer:3.625154495239258
INFO:trainer_layer:4.340410232543945
INFO:trainer_layer:4.044771194458008
INFO:trainer_layer:4.7016143798828125
INFO:trainer_layer:4.145145416259766
INFO:trainer_layer:3.7355422973632812
INFO:trainer_layer:4.163265228271484
INFO:trainer_layer:3.746509552001953
INFO:trainer_layer:3.6797523498535156
INFO:trainer_layer:4.372835159301758
INFO:trainer_layer:3.72314453125
INFO:trainer_layer:3.73077392578125
INFO:trainer_layer:4.129648208618164
INFO:trainer_layer:3.8309097290039062
INFO:trainer_layer:3.6773681640625
INFO:trainer_layer:4.79888916015625
INFO:trainer_layer:3.8454532623291016
INFO:trainer_layer:3.8025379180908203
INFO:trainer_layer:4.382610321044922
INFO:trainer_layer:3.8378238677978516
INFO:trainer_layer:3.870248794555664
INFO:trainer_layer:4.316806793212891
INFO:trainer_layer:3.823995590209961
INFO:trainer_layer:3.693103790283203
