INFO:trainer_layer_forward:CNNEx | mnist
INFO:trainer_layer_forward:in_size : 512 | epochs : 1 | batch : 1
INFO:trainer_layer_forward:kernel_l1 : 257 | 
INFO:trainer_layer_forward:o_channels_l1 : 20 | 
INFO:trainer_layer_forward:learn_num_train : 1000 | learn_num_validate : 0 
INFO:trainer_layer_forward::::::::::::::::::::::::::::::::::::::::::::::::::::::::::::
INFO:trainer_layer_forward:message : conv1 
INFO:trainer_layer_forward::::::::::::::::::::::::::::::::::::::::::::::::::::::::::::
INFO:trainer_layer_forward:Ave_Time : 105.71257755009815
INFO:trainer_layer_forward::::::::::::::::::::::::::::::::::::::::::::::::::::::::::::
INFO:trainer_layer_forward:106.77981376647949
INFO:trainer_layer_forward:104.98261451721191
INFO:trainer_layer_forward:102.5383472442627
INFO:trainer_layer_forward:108.58631134033203
INFO:trainer_layer_forward:102.64825820922852
INFO:trainer_layer_forward:103.61051559448242
INFO:trainer_layer_forward:106.82082176208496
INFO:trainer_layer_forward:102.27346420288086
INFO:trainer_layer_forward:101.72390937805176
INFO:trainer_layer_forward:102.9655933380127
INFO:trainer_layer_forward:102.04434394836426
INFO:trainer_layer_forward:104.7825813293457
INFO:trainer_layer_forward:104.42972183227539
INFO:trainer_layer_forward:102.2329330444336
INFO:trainer_layer_forward:102.53167152404785
INFO:trainer_layer_forward:102.20026969909668
INFO:trainer_layer_forward:101.54438018798828
INFO:trainer_layer_forward:105.0112247467041
INFO:trainer_layer_forward:104.23898696899414
INFO:trainer_layer_forward:108.79707336425781
INFO:trainer_layer_forward:106.47988319396973
INFO:trainer_layer_forward:101.9752025604248
INFO:trainer_layer_forward:104.2025089263916
INFO:trainer_layer_forward:103.41644287109375
INFO:trainer_layer_forward:102.04029083251953
INFO:trainer_layer_forward:102.89931297302246
INFO:trainer_layer_forward:102.65326499938965
INFO:trainer_layer_forward:104.92253303527832
INFO:trainer_layer_forward:104.13980484008789
INFO:trainer_layer_forward:102.57887840270996
INFO:trainer_layer_forward:103.6081314086914
INFO:trainer_layer_forward:107.01227188110352
INFO:trainer_layer_forward:102.61917114257812
INFO:trainer_layer_forward:102.59795188903809
INFO:trainer_layer_forward:104.0799617767334
INFO:trainer_layer_forward:102.74338722229004
INFO:trainer_layer_forward:103.40714454650879
INFO:trainer_layer_forward:103.3024787902832
INFO:trainer_layer_forward:107.4674129486084
INFO:trainer_layer_forward:102.69451141357422
INFO:trainer_layer_forward:104.79307174682617
INFO:trainer_layer_forward:102.86879539489746
INFO:trainer_layer_forward:107.34081268310547
INFO:trainer_layer_forward:112.61534690856934
INFO:trainer_layer_forward:108.18266868591309
INFO:trainer_layer_forward:103.61838340759277
INFO:trainer_layer_forward:102.71930694580078
INFO:trainer_layer_forward:103.51085662841797
INFO:trainer_layer_forward:105.1793098449707
INFO:trainer_layer_forward:102.1566390991211
INFO:trainer_layer_forward:101.88770294189453
INFO:trainer_layer_forward:106.51087760925293
INFO:trainer_layer_forward:104.04539108276367
INFO:trainer_layer_forward:103.42144966125488
INFO:trainer_layer_forward:102.60462760925293
INFO:trainer_layer_forward:102.6148796081543
INFO:trainer_layer_forward:104.20870780944824
INFO:trainer_layer_forward:104.71320152282715
INFO:trainer_layer_forward:104.3100357055664
INFO:trainer_layer_forward:102.94651985168457
INFO:trainer_layer_forward:102.40292549133301
INFO:trainer_layer_forward:102.86879539489746
INFO:trainer_layer_forward:105.96036911010742
INFO:trainer_layer_forward:103.75785827636719
INFO:trainer_layer_forward:102.6458740234375
INFO:trainer_layer_forward:106.1701774597168
INFO:trainer_layer_forward:102.77676582336426
INFO:trainer_layer_forward:102.90408134460449
INFO:trainer_layer_forward:103.9724349975586
INFO:trainer_layer_forward:106.59241676330566
INFO:trainer_layer_forward:107.59186744689941
INFO:trainer_layer_forward:103.64031791687012
INFO:trainer_layer_forward:114.9911880493164
INFO:trainer_layer_forward:105.1175594329834
INFO:trainer_layer_forward:105.33285140991211
INFO:trainer_layer_forward:104.56442832946777
INFO:trainer_layer_forward:106.02116584777832
INFO:trainer_layer_forward:103.96122932434082
INFO:trainer_layer_forward:106.91356658935547
INFO:trainer_layer_forward:102.71096229553223
INFO:trainer_layer_forward:102.7226448059082
INFO:trainer_layer_forward:107.13434219360352
INFO:trainer_layer_forward:104.18343544006348
INFO:trainer_layer_forward:103.18565368652344
INFO:trainer_layer_forward:101.64451599121094
INFO:trainer_layer_forward:102.84924507141113
INFO:trainer_layer_forward:104.1874885559082
INFO:trainer_layer_forward:103.13248634338379
INFO:trainer_layer_forward:109.4059944152832
INFO:trainer_layer_forward:103.96289825439453
INFO:trainer_layer_forward:104.4461727142334
INFO:trainer_layer_forward:110.82839965820312
INFO:trainer_layer_forward:103.43027114868164
INFO:trainer_layer_forward:105.7133674621582
INFO:trainer_layer_forward:104.21156883239746
INFO:trainer_layer_forward:103.30939292907715
INFO:trainer_layer_forward:108.96062850952148
INFO:trainer_layer_forward:104.93350028991699
INFO:trainer_layer_forward:103.00707817077637
INFO:trainer_layer_forward:105.84640502929688
INFO:trainer_layer_forward:104.4149398803711
INFO:trainer_layer_forward:105.50665855407715
INFO:trainer_layer_forward:103.48844528198242
INFO:trainer_layer_forward:103.5614013671875
INFO:trainer_layer_forward:104.46047782897949
INFO:trainer_layer_forward:107.90753364562988
INFO:trainer_layer_forward:102.9207706451416
INFO:trainer_layer_forward:102.83708572387695
INFO:trainer_layer_forward:111.55509948730469
INFO:trainer_layer_forward:105.8051586151123
INFO:trainer_layer_forward:106.47225379943848
INFO:trainer_layer_forward:102.36167907714844
INFO:trainer_layer_forward:104.17366027832031
INFO:trainer_layer_forward:103.29127311706543
INFO:trainer_layer_forward:108.50930213928223
INFO:trainer_layer_forward:106.46486282348633
INFO:trainer_layer_forward:103.51443290710449
INFO:trainer_layer_forward:104.51602935791016
INFO:trainer_layer_forward:101.99618339538574
INFO:trainer_layer_forward:104.57444190979004
INFO:trainer_layer_forward:102.91028022766113
INFO:trainer_layer_forward:105.68070411682129
INFO:trainer_layer_forward:104.80785369873047
INFO:trainer_layer_forward:104.74395751953125
INFO:trainer_layer_forward:103.93071174621582
INFO:trainer_layer_forward:102.34451293945312
INFO:trainer_layer_forward:103.10673713684082
INFO:trainer_layer_forward:105.26823997497559
INFO:trainer_layer_forward:107.35130310058594
INFO:trainer_layer_forward:105.17168045043945
INFO:trainer_layer_forward:108.70933532714844
INFO:trainer_layer_forward:111.52839660644531
INFO:trainer_layer_forward:108.25347900390625
INFO:trainer_layer_forward:107.1321964263916
INFO:trainer_layer_forward:104.04610633850098
INFO:trainer_layer_forward:103.88445854187012
INFO:trainer_layer_forward:106.5216064453125
INFO:trainer_layer_forward:107.62143135070801
INFO:trainer_layer_forward:101.84431076049805
INFO:trainer_layer_forward:105.38744926452637
INFO:trainer_layer_forward:105.96060752868652
INFO:trainer_layer_forward:103.62911224365234
INFO:trainer_layer_forward:107.83195495605469
INFO:trainer_layer_forward:103.9268970489502
INFO:trainer_layer_forward:103.1804084777832
INFO:trainer_layer_forward:103.7449836730957
INFO:trainer_layer_forward:105.05008697509766
INFO:trainer_layer_forward:104.7964096069336
INFO:trainer_layer_forward:103.77335548400879
INFO:trainer_layer_forward:103.95145416259766
INFO:trainer_layer_forward:104.18939590454102
INFO:trainer_layer_forward:105.09061813354492
INFO:trainer_layer_forward:103.64389419555664
INFO:trainer_layer_forward:105.22079467773438
INFO:trainer_layer_forward:103.10554504394531
INFO:trainer_layer_forward:103.32250595092773
INFO:trainer_layer_forward:104.40707206726074
INFO:trainer_layer_forward:102.4782657623291
INFO:trainer_layer_forward:102.7829647064209
INFO:trainer_layer_forward:106.77599906921387
INFO:trainer_layer_forward:103.72519493103027
INFO:trainer_layer_forward:104.11429405212402
INFO:trainer_layer_forward:108.55555534362793
INFO:trainer_layer_forward:104.68816757202148
INFO:trainer_layer_forward:104.82144355773926
INFO:trainer_layer_forward:103.50990295410156
INFO:trainer_layer_forward:104.4921875
INFO:trainer_layer_forward:103.12724113464355
INFO:trainer_layer_forward:102.59366035461426
INFO:trainer_layer_forward:103.20520401000977
INFO:trainer_layer_forward:103.70969772338867
INFO:trainer_layer_forward:105.93771934509277
INFO:trainer_layer_forward:105.35883903503418
INFO:trainer_layer_forward:108.60157012939453
INFO:trainer_layer_forward:105.37028312683105
INFO:trainer_layer_forward:107.97667503356934
INFO:trainer_layer_forward:107.75971412658691
INFO:trainer_layer_forward:104.24065589904785
INFO:trainer_layer_forward:109.61174964904785
INFO:trainer_layer_forward:108.13665390014648
INFO:trainer_layer_forward:106.63294792175293
INFO:trainer_layer_forward:102.83780097961426
INFO:trainer_layer_forward:106.19330406188965
INFO:trainer_layer_forward:105.40127754211426
INFO:trainer_layer_forward:103.55186462402344
INFO:trainer_layer_forward:104.49051856994629
INFO:trainer_layer_forward:103.07765007019043
INFO:trainer_layer_forward:107.34248161315918
INFO:trainer_layer_forward:102.8740406036377
INFO:trainer_layer_forward:103.44505310058594
INFO:trainer_layer_forward:103.66153717041016
INFO:trainer_layer_forward:108.32834243774414
INFO:trainer_layer_forward:101.61948204040527
INFO:trainer_layer_forward:107.70726203918457
INFO:trainer_layer_forward:104.75349426269531
INFO:trainer_layer_forward:105.81851005554199
INFO:trainer_layer_forward:107.25545883178711
INFO:trainer_layer_forward:103.73973846435547
INFO:trainer_layer_forward:106.35495185852051
INFO:trainer_layer_forward:103.76143455505371
INFO:trainer_layer_forward:103.0881404876709
INFO:trainer_layer_forward:105.05247116088867
INFO:trainer_layer_forward:103.57379913330078
INFO:trainer_layer_forward:104.36701774597168
INFO:trainer_layer_forward:107.81717300415039
INFO:trainer_layer_forward:105.46326637268066
INFO:trainer_layer_forward:108.27946662902832
INFO:trainer_layer_forward:103.17134857177734
INFO:trainer_layer_forward:111.82284355163574
INFO:trainer_layer_forward:102.53238677978516
INFO:trainer_layer_forward:100.88062286376953
INFO:trainer_layer_forward:103.5149097442627
INFO:trainer_layer_forward:102.49710083007812
INFO:trainer_layer_forward:103.28388214111328
INFO:trainer_layer_forward:103.42645645141602
INFO:trainer_layer_forward:103.80959510803223
INFO:trainer_layer_forward:104.64882850646973
INFO:trainer_layer_forward:103.37305068969727
INFO:trainer_layer_forward:103.52325439453125
INFO:trainer_layer_forward:104.75659370422363
INFO:trainer_layer_forward:102.86521911621094
INFO:trainer_layer_forward:106.89854621887207
INFO:trainer_layer_forward:101.78160667419434
INFO:trainer_layer_forward:107.34891891479492
INFO:trainer_layer_forward:111.91439628601074
INFO:trainer_layer_forward:103.61957550048828
INFO:trainer_layer_forward:102.56242752075195
INFO:trainer_layer_forward:105.87334632873535
INFO:trainer_layer_forward:103.25026512145996
INFO:trainer_layer_forward:104.63070869445801
INFO:trainer_layer_forward:102.59294509887695
INFO:trainer_layer_forward:112.90359497070312
INFO:trainer_layer_forward:103.97124290466309
INFO:trainer_layer_forward:104.6452522277832
INFO:trainer_layer_forward:106.40621185302734
INFO:trainer_layer_forward:103.31869125366211
INFO:trainer_layer_forward:104.92277145385742
INFO:trainer_layer_forward:103.74045372009277
INFO:trainer_layer_forward:108.22510719299316
INFO:trainer_layer_forward:103.82080078125
INFO:trainer_layer_forward:110.21184921264648
INFO:trainer_layer_forward:111.63473129272461
INFO:trainer_layer_forward:107.7737808227539
INFO:trainer_layer_forward:103.70707511901855
INFO:trainer_layer_forward:103.2412052154541
INFO:trainer_layer_forward:104.57801818847656
INFO:trainer_layer_forward:103.0580997467041
INFO:trainer_layer_forward:108.06107521057129
INFO:trainer_layer_forward:109.41147804260254
INFO:trainer_layer_forward:105.41558265686035
INFO:trainer_layer_forward:102.63562202453613
INFO:trainer_layer_forward:106.18948936462402
INFO:trainer_layer_forward:105.84020614624023
INFO:trainer_layer_forward:104.80546951293945
INFO:trainer_layer_forward:103.05547714233398
INFO:trainer_layer_forward:105.17764091491699
INFO:trainer_layer_forward:102.64730453491211
INFO:trainer_layer_forward:103.82699966430664
INFO:trainer_layer_forward:103.32584381103516
INFO:trainer_layer_forward:103.23667526245117
INFO:trainer_layer_forward:104.71177101135254
INFO:trainer_layer_forward:103.67655754089355
INFO:trainer_layer_forward:104.79474067687988
INFO:trainer_layer_forward:103.35850715637207
INFO:trainer_layer_forward:103.65438461303711
INFO:trainer_layer_forward:103.15918922424316
INFO:trainer_layer_forward:104.54344749450684
INFO:trainer_layer_forward:104.32553291320801
INFO:trainer_layer_forward:102.70380973815918
INFO:trainer_layer_forward:103.50728034973145
INFO:trainer_layer_forward:103.71899604797363
INFO:trainer_layer_forward:106.08386993408203
INFO:trainer_layer_forward:105.27729988098145
INFO:trainer_layer_forward:103.37376594543457
INFO:trainer_layer_forward:103.04474830627441
INFO:trainer_layer_forward:103.55949401855469
INFO:trainer_layer_forward:104.3088436126709
INFO:trainer_layer_forward:110.18872261047363
INFO:trainer_layer_forward:104.29239273071289
INFO:trainer_layer_forward:103.81054878234863
INFO:trainer_layer_forward:104.62594032287598
INFO:trainer_layer_forward:103.72257232666016
INFO:trainer_layer_forward:103.19137573242188
INFO:trainer_layer_forward:106.47749900817871
INFO:trainer_layer_forward:102.2493839263916
INFO:trainer_layer_forward:105.18836975097656
INFO:trainer_layer_forward:104.30288314819336
INFO:trainer_layer_forward:103.67202758789062
INFO:trainer_layer_forward:103.72757911682129
INFO:trainer_layer_forward:104.7050952911377
INFO:trainer_layer_forward:106.71401023864746
INFO:trainer_layer_forward:103.07526588439941
INFO:trainer_layer_forward:103.14369201660156
INFO:trainer_layer_forward:103.76501083374023
INFO:trainer_layer_forward:102.81133651733398
INFO:trainer_layer_forward:105.91959953308105
INFO:trainer_layer_forward:103.09076309204102
INFO:trainer_layer_forward:104.1100025177002
INFO:trainer_layer_forward:104.6915054321289
INFO:trainer_layer_forward:105.61132431030273
INFO:trainer_layer_forward:104.51841354370117
INFO:trainer_layer_forward:104.60853576660156
INFO:trainer_layer_forward:102.88882255554199
INFO:trainer_layer_forward:103.27434539794922
INFO:trainer_layer_forward:106.69732093811035
INFO:trainer_layer_forward:103.26433181762695
INFO:trainer_layer_forward:106.62436485290527
INFO:trainer_layer_forward:103.41763496398926
INFO:trainer_layer_forward:102.72860527038574
INFO:trainer_layer_forward:106.15134239196777
INFO:trainer_layer_forward:103.42001914978027
INFO:trainer_layer_forward:103.89447212219238
INFO:trainer_layer_forward:106.08291625976562
INFO:trainer_layer_forward:103.64103317260742
INFO:trainer_layer_forward:104.5677661895752
INFO:trainer_layer_forward:103.08074951171875
INFO:trainer_layer_forward:103.82366180419922
INFO:trainer_layer_forward:105.18455505371094
INFO:trainer_layer_forward:104.91085052490234
INFO:trainer_layer_forward:104.77828979492188
INFO:trainer_layer_forward:103.62958908081055
INFO:trainer_layer_forward:104.08616065979004
INFO:trainer_layer_forward:103.5146713256836
INFO:trainer_layer_forward:107.76972770690918
INFO:trainer_layer_forward:103.95336151123047
INFO:trainer_layer_forward:104.27331924438477
INFO:trainer_layer_forward:103.55901718139648
INFO:trainer_layer_forward:104.60543632507324
INFO:trainer_layer_forward:104.8734188079834
INFO:trainer_layer_forward:104.60710525512695
INFO:trainer_layer_forward:103.49154472351074
INFO:trainer_layer_forward:103.48176956176758
INFO:trainer_layer_forward:105.48090934753418
INFO:trainer_layer_forward:103.87372970581055
INFO:trainer_layer_forward:105.42607307434082
INFO:trainer_layer_forward:104.0654182434082
INFO:trainer_layer_forward:103.88851165771484
INFO:trainer_layer_forward:106.05382919311523
INFO:trainer_layer_forward:103.52683067321777
INFO:trainer_layer_forward:103.81507873535156
INFO:trainer_layer_forward:107.50317573547363
INFO:trainer_layer_forward:103.23309898376465
INFO:trainer_layer_forward:105.5750846862793
INFO:trainer_layer_forward:103.84774208068848
INFO:trainer_layer_forward:104.10046577453613
INFO:trainer_layer_forward:105.21388053894043
INFO:trainer_layer_forward:103.95073890686035
INFO:trainer_layer_forward:104.70342636108398
INFO:trainer_layer_forward:104.49576377868652
INFO:trainer_layer_forward:105.58271408081055
INFO:trainer_layer_forward:103.8215160369873
INFO:trainer_layer_forward:107.28168487548828
INFO:trainer_layer_forward:105.31377792358398
INFO:trainer_layer_forward:103.32965850830078
INFO:trainer_layer_forward:103.73520851135254
INFO:trainer_layer_forward:104.25877571105957
INFO:trainer_layer_forward:108.07609558105469
INFO:trainer_layer_forward:106.08959197998047
INFO:trainer_layer_forward:102.75626182556152
INFO:trainer_layer_forward:103.1486988067627
INFO:trainer_layer_forward:104.00652885437012
INFO:trainer_layer_forward:105.87215423583984
INFO:trainer_layer_forward:103.63912582397461
INFO:trainer_layer_forward:105.11445999145508
INFO:trainer_layer_forward:104.17413711547852
INFO:trainer_layer_forward:105.06439208984375
INFO:trainer_layer_forward:104.82597351074219
INFO:trainer_layer_forward:104.91394996643066
INFO:trainer_layer_forward:107.0556640625
INFO:trainer_layer_forward:103.8200855255127
INFO:trainer_layer_forward:105.87191581726074
INFO:trainer_layer_forward:103.2717227935791
INFO:trainer_layer_forward:103.97648811340332
INFO:trainer_layer_forward:103.17540168762207
INFO:trainer_layer_forward:105.34191131591797
INFO:trainer_layer_forward:103.62458229064941
INFO:trainer_layer_forward:105.53717613220215
INFO:trainer_layer_forward:103.53207588195801
INFO:trainer_layer_forward:102.81753540039062
INFO:trainer_layer_forward:105.00574111938477
INFO:trainer_layer_forward:106.11104965209961
INFO:trainer_layer_forward:104.29239273071289
INFO:trainer_layer_forward:104.0041446685791
INFO:trainer_layer_forward:104.14576530456543
INFO:trainer_layer_forward:107.9556941986084
INFO:trainer_layer_forward:104.74157333374023
INFO:trainer_layer_forward:105.03482818603516
INFO:trainer_layer_forward:103.90663146972656
INFO:trainer_layer_forward:102.02956199645996
INFO:trainer_layer_forward:106.33420944213867
INFO:trainer_layer_forward:105.23724555969238
INFO:trainer_layer_forward:104.35366630554199
INFO:trainer_layer_forward:103.3782958984375
INFO:trainer_layer_forward:102.5846004486084
INFO:trainer_layer_forward:105.58271408081055
INFO:trainer_layer_forward:103.7752628326416
INFO:trainer_layer_forward:104.75420951843262
INFO:trainer_layer_forward:104.8574447631836
INFO:trainer_layer_forward:104.36463356018066
INFO:trainer_layer_forward:103.7745475769043
INFO:trainer_layer_forward:103.78789901733398
INFO:trainer_layer_forward:104.7217845916748
INFO:trainer_layer_forward:106.00519180297852
INFO:trainer_layer_forward:105.6365966796875
INFO:trainer_layer_forward:104.28237915039062
INFO:trainer_layer_forward:104.68339920043945
INFO:trainer_layer_forward:104.6457290649414
INFO:trainer_layer_forward:103.76167297363281
INFO:trainer_layer_forward:103.56497764587402
INFO:trainer_layer_forward:104.45904731750488
INFO:trainer_layer_forward:104.2170524597168
INFO:trainer_layer_forward:104.02965545654297
INFO:trainer_layer_forward:105.41868209838867
INFO:trainer_layer_forward:106.61554336547852
INFO:trainer_layer_forward:105.33022880554199
INFO:trainer_layer_forward:104.3710708618164
INFO:trainer_layer_forward:103.82819175720215
INFO:trainer_layer_forward:106.7037582397461
INFO:trainer_layer_forward:103.69491577148438
INFO:trainer_layer_forward:105.9269905090332
INFO:trainer_layer_forward:104.52771186828613
INFO:trainer_layer_forward:104.78591918945312
INFO:trainer_layer_forward:107.47694969177246
INFO:trainer_layer_forward:103.15489768981934
INFO:trainer_layer_forward:105.22627830505371
INFO:trainer_layer_forward:104.5219898223877
INFO:trainer_layer_forward:103.91783714294434
INFO:trainer_layer_forward:105.24296760559082
INFO:trainer_layer_forward:103.74593734741211
INFO:trainer_layer_forward:103.40714454650879
INFO:trainer_layer_forward:108.47330093383789
INFO:trainer_layer_forward:106.64939880371094
INFO:trainer_layer_forward:103.90973091125488
INFO:trainer_layer_forward:104.38156127929688
INFO:trainer_layer_forward:103.52420806884766
INFO:trainer_layer_forward:104.37774658203125
INFO:trainer_layer_forward:108.20937156677246
INFO:trainer_layer_forward:104.0647029876709
INFO:trainer_layer_forward:103.057861328125
INFO:trainer_layer_forward:104.01391983032227
INFO:trainer_layer_forward:103.0435562133789
INFO:trainer_layer_forward:104.78806495666504
INFO:trainer_layer_forward:106.43911361694336
INFO:trainer_layer_forward:103.70302200317383
INFO:trainer_layer_forward:103.39975357055664
INFO:trainer_layer_forward:106.97317123413086
INFO:trainer_layer_forward:104.00080680847168
INFO:trainer_layer_forward:105.51643371582031
INFO:trainer_layer_forward:104.30669784545898
INFO:trainer_layer_forward:104.0346622467041
INFO:trainer_layer_forward:106.73236846923828
INFO:trainer_layer_forward:103.56855392456055
INFO:trainer_layer_forward:102.8892993927002
INFO:trainer_layer_forward:105.35168647766113
INFO:trainer_layer_forward:103.35969924926758
INFO:trainer_layer_forward:105.59678077697754
INFO:trainer_layer_forward:104.00152206420898
INFO:trainer_layer_forward:104.9506664276123
INFO:trainer_layer_forward:103.62601280212402
INFO:trainer_layer_forward:107.79476165771484
INFO:trainer_layer_forward:104.37321662902832
INFO:trainer_layer_forward:103.90543937683105
INFO:trainer_layer_forward:104.05230522155762
INFO:trainer_layer_forward:104.88677024841309
INFO:trainer_layer_forward:108.50906372070312
INFO:trainer_layer_forward:104.16650772094727
INFO:trainer_layer_forward:102.76150703430176
INFO:trainer_layer_forward:103.4243106842041
INFO:trainer_layer_forward:103.66177558898926
INFO:trainer_layer_forward:105.7589054107666
INFO:trainer_layer_forward:103.9271354675293
INFO:trainer_layer_forward:104.60782051086426
INFO:trainer_layer_forward:104.28357124328613
INFO:trainer_layer_forward:104.23803329467773
INFO:trainer_layer_forward:105.86977005004883
INFO:trainer_layer_forward:106.96864128112793
INFO:trainer_layer_forward:104.80523109436035
INFO:trainer_layer_forward:103.5912036895752
INFO:trainer_layer_forward:106.02426528930664
INFO:trainer_layer_forward:104.34126853942871
INFO:trainer_layer_forward:104.14719581604004
INFO:trainer_layer_forward:105.87716102600098
INFO:trainer_layer_forward:103.36565971374512
INFO:trainer_layer_forward:107.64431953430176
INFO:trainer_layer_forward:105.37385940551758
INFO:trainer_layer_forward:104.1421890258789
INFO:trainer_layer_forward:104.22825813293457
INFO:trainer_layer_forward:105.9420108795166
INFO:trainer_layer_forward:104.55489158630371
INFO:trainer_layer_forward:103.36852073669434
INFO:trainer_layer_forward:106.39452934265137
INFO:trainer_layer_forward:103.66630554199219
INFO:trainer_layer_forward:106.92787170410156
INFO:trainer_layer_forward:103.7747859954834
INFO:trainer_layer_forward:103.71923446655273
INFO:trainer_layer_forward:104.56657409667969
INFO:trainer_layer_forward:103.80315780639648
INFO:trainer_layer_forward:107.88130760192871
INFO:trainer_layer_forward:106.51826858520508
INFO:trainer_layer_forward:104.70008850097656
INFO:trainer_layer_forward:103.72710227966309
INFO:trainer_layer_forward:103.76787185668945
INFO:trainer_layer_forward:105.1173210144043
INFO:trainer_layer_forward:104.31694984436035
INFO:trainer_layer_forward:104.62236404418945
INFO:trainer_layer_forward:105.01766204833984
INFO:trainer_layer_forward:105.87263107299805
INFO:trainer_layer_forward:103.96671295166016
INFO:trainer_layer_forward:104.26449775695801
INFO:trainer_layer_forward:105.62753677368164
INFO:trainer_layer_forward:103.6834716796875
INFO:trainer_layer_forward:106.92143440246582
INFO:trainer_layer_forward:104.86078262329102
INFO:trainer_layer_forward:104.19416427612305
INFO:trainer_layer_forward:102.65731811523438
INFO:trainer_layer_forward:107.9397201538086
INFO:trainer_layer_forward:103.64151000976562
INFO:trainer_layer_forward:103.99460792541504
INFO:trainer_layer_forward:103.04832458496094
INFO:trainer_layer_forward:102.9212474822998
INFO:trainer_layer_forward:107.6197624206543
INFO:trainer_layer_forward:104.91704940795898
INFO:trainer_layer_forward:106.4751148223877
INFO:trainer_layer_forward:104.01415824890137
INFO:trainer_layer_forward:104.74348068237305
INFO:trainer_layer_forward:107.89275169372559
INFO:trainer_layer_forward:106.15849494934082
INFO:trainer_layer_forward:104.37417030334473
INFO:trainer_layer_forward:103.36446762084961
INFO:trainer_layer_forward:104.37250137329102
INFO:trainer_layer_forward:105.21841049194336
INFO:trainer_layer_forward:104.71892356872559
INFO:trainer_layer_forward:103.51276397705078
INFO:trainer_layer_forward:103.90233993530273
INFO:trainer_layer_forward:103.69706153869629
INFO:trainer_layer_forward:105.15189170837402
INFO:trainer_layer_forward:104.65550422668457
INFO:trainer_layer_forward:105.93056678771973
INFO:trainer_layer_forward:104.87842559814453
INFO:trainer_layer_forward:105.18097877502441
INFO:trainer_layer_forward:107.97905921936035
INFO:trainer_layer_forward:103.4395694732666
INFO:trainer_layer_forward:105.51309585571289
INFO:trainer_layer_forward:106.3225269317627
INFO:trainer_layer_forward:106.37569427490234
INFO:trainer_layer_forward:103.88731956481934
INFO:trainer_layer_forward:104.42900657653809
INFO:trainer_layer_forward:103.14249992370605
INFO:trainer_layer_forward:104.42709922790527
INFO:trainer_layer_forward:105.1645278930664
INFO:trainer_layer_forward:103.80697250366211
INFO:trainer_layer_forward:105.48996925354004
INFO:trainer_layer_forward:103.69658470153809
INFO:trainer_layer_forward:104.53081130981445
INFO:trainer_layer_forward:108.16097259521484
INFO:trainer_layer_forward:104.66313362121582
INFO:trainer_layer_forward:104.74419593811035
INFO:trainer_layer_forward:104.73299026489258
INFO:trainer_layer_forward:107.0101261138916
INFO:trainer_layer_forward:103.82556915283203
INFO:trainer_layer_forward:106.6744327545166
INFO:trainer_layer_forward:104.1862964630127
INFO:trainer_layer_forward:103.9588451385498
INFO:trainer_layer_forward:106.60219192504883
INFO:trainer_layer_forward:103.98721694946289
INFO:trainer_layer_forward:105.12232780456543
INFO:trainer_layer_forward:104.8741340637207
INFO:trainer_layer_forward:106.50205612182617
INFO:trainer_layer_forward:103.85513305664062
INFO:trainer_layer_forward:102.71286964416504
INFO:trainer_layer_forward:102.7069091796875
INFO:trainer_layer_forward:105.49521446228027
INFO:trainer_layer_forward:106.7509651184082
INFO:trainer_layer_forward:104.43639755249023
INFO:trainer_layer_forward:103.8055419921875
INFO:trainer_layer_forward:104.30264472961426
INFO:trainer_layer_forward:103.57046127319336
INFO:trainer_layer_forward:106.65202140808105
INFO:trainer_layer_forward:103.96313667297363
INFO:trainer_layer_forward:104.2335033416748
INFO:trainer_layer_forward:104.65717315673828
INFO:trainer_layer_forward:104.05349731445312
INFO:trainer_layer_forward:106.41860961914062
INFO:trainer_layer_forward:104.43592071533203
INFO:trainer_layer_forward:104.9344539642334
INFO:trainer_layer_forward:104.45523262023926
INFO:trainer_layer_forward:105.89933395385742
INFO:trainer_layer_forward:104.04729843139648
INFO:trainer_layer_forward:106.64248466491699
INFO:trainer_layer_forward:103.37114334106445
INFO:trainer_layer_forward:105.22913932800293
INFO:trainer_layer_forward:105.74030876159668
INFO:trainer_layer_forward:103.03449630737305
INFO:trainer_layer_forward:104.25281524658203
INFO:trainer_layer_forward:106.43935203552246
INFO:trainer_layer_forward:104.48503494262695
INFO:trainer_layer_forward:103.94763946533203
INFO:trainer_layer_forward:104.87031936645508
INFO:trainer_layer_forward:103.99723052978516
INFO:trainer_layer_forward:106.49299621582031
INFO:trainer_layer_forward:105.03935813903809
INFO:trainer_layer_forward:104.90560531616211
INFO:trainer_layer_forward:107.24234580993652
INFO:trainer_layer_forward:103.8062572479248
INFO:trainer_layer_forward:104.52795028686523
INFO:trainer_layer_forward:106.08863830566406
INFO:trainer_layer_forward:103.73497009277344
INFO:trainer_layer_forward:106.1398983001709
INFO:trainer_layer_forward:104.20346260070801
INFO:trainer_layer_forward:104.4168472290039
INFO:trainer_layer_forward:104.7053337097168
INFO:trainer_layer_forward:104.50482368469238
INFO:trainer_layer_forward:104.20942306518555
INFO:trainer_layer_forward:104.01487350463867
INFO:trainer_layer_forward:105.4844856262207
INFO:trainer_layer_forward:106.2462329864502
INFO:trainer_layer_forward:108.74629020690918
INFO:trainer_layer_forward:103.72543334960938
INFO:trainer_layer_forward:103.72281074523926
INFO:trainer_layer_forward:105.4372787475586
INFO:trainer_layer_forward:104.76493835449219
INFO:trainer_layer_forward:104.95734214782715
INFO:trainer_layer_forward:107.818603515625
INFO:trainer_layer_forward:103.51967811584473
INFO:trainer_layer_forward:107.26070404052734
INFO:trainer_layer_forward:104.8123836517334
INFO:trainer_layer_forward:105.23867607116699
INFO:trainer_layer_forward:111.27614974975586
INFO:trainer_layer_forward:114.7146224975586
INFO:trainer_layer_forward:113.82794380187988
INFO:trainer_layer_forward:114.17078971862793
INFO:trainer_layer_forward:111.20080947875977
INFO:trainer_layer_forward:109.98201370239258
INFO:trainer_layer_forward:110.88681221008301
INFO:trainer_layer_forward:118.7436580657959
INFO:trainer_layer_forward:107.22231864929199
INFO:trainer_layer_forward:104.01344299316406
INFO:trainer_layer_forward:103.09648513793945
INFO:trainer_layer_forward:105.23724555969238
INFO:trainer_layer_forward:109.32660102844238
INFO:trainer_layer_forward:113.98720741271973
INFO:trainer_layer_forward:112.09702491760254
INFO:trainer_layer_forward:112.98322677612305
INFO:trainer_layer_forward:113.67201805114746
INFO:trainer_layer_forward:113.79241943359375
INFO:trainer_layer_forward:113.84272575378418
INFO:trainer_layer_forward:106.76050186157227
INFO:trainer_layer_forward:105.3924560546875
INFO:trainer_layer_forward:103.32393646240234
INFO:trainer_layer_forward:103.94549369812012
INFO:trainer_layer_forward:103.85560989379883
INFO:trainer_layer_forward:103.06572914123535
INFO:trainer_layer_forward:105.01670837402344
INFO:trainer_layer_forward:104.14624214172363
INFO:trainer_layer_forward:103.83129119873047
INFO:trainer_layer_forward:103.88469696044922
INFO:trainer_layer_forward:103.97005081176758
INFO:trainer_layer_forward:115.05866050720215
INFO:trainer_layer_forward:115.87715148925781
INFO:trainer_layer_forward:114.10665512084961
INFO:trainer_layer_forward:114.49670791625977
INFO:trainer_layer_forward:110.95094680786133
INFO:trainer_layer_forward:103.93500328063965
INFO:trainer_layer_forward:104.24280166625977
INFO:trainer_layer_forward:102.96082496643066
INFO:trainer_layer_forward:103.6980152130127
INFO:trainer_layer_forward:108.36982727050781
INFO:trainer_layer_forward:103.40046882629395
INFO:trainer_layer_forward:103.00016403198242
INFO:trainer_layer_forward:111.17434501647949
INFO:trainer_layer_forward:103.47652435302734
INFO:trainer_layer_forward:108.0625057220459
INFO:trainer_layer_forward:105.19218444824219
INFO:trainer_layer_forward:104.30383682250977
INFO:trainer_layer_forward:108.74295234680176
INFO:trainer_layer_forward:114.00270462036133
INFO:trainer_layer_forward:113.0368709564209
INFO:trainer_layer_forward:113.00110816955566
INFO:trainer_layer_forward:112.85781860351562
INFO:trainer_layer_forward:105.47709465026855
INFO:trainer_layer_forward:104.76541519165039
INFO:trainer_layer_forward:103.9419174194336
INFO:trainer_layer_forward:104.22420501708984
INFO:trainer_layer_forward:104.01320457458496
INFO:trainer_layer_forward:103.81937026977539
INFO:trainer_layer_forward:104.81667518615723
INFO:trainer_layer_forward:106.78219795227051
INFO:trainer_layer_forward:103.87516021728516
INFO:trainer_layer_forward:106.33707046508789
INFO:trainer_layer_forward:104.10547256469727
INFO:trainer_layer_forward:104.76922988891602
INFO:trainer_layer_forward:106.5359115600586
INFO:trainer_layer_forward:104.81643676757812
INFO:trainer_layer_forward:107.88083076477051
INFO:trainer_layer_forward:109.01975631713867
INFO:trainer_layer_forward:104.36892509460449
INFO:trainer_layer_forward:104.56371307373047
INFO:trainer_layer_forward:106.21500015258789
INFO:trainer_layer_forward:104.05087471008301
INFO:trainer_layer_forward:104.85482215881348
INFO:trainer_layer_forward:103.48129272460938
INFO:trainer_layer_forward:103.56569290161133
INFO:trainer_layer_forward:105.18598556518555
INFO:trainer_layer_forward:103.8503646850586
INFO:trainer_layer_forward:104.56442832946777
INFO:trainer_layer_forward:104.38990592956543
INFO:trainer_layer_forward:105.23748397827148
INFO:trainer_layer_forward:103.81579399108887
INFO:trainer_layer_forward:105.3314208984375
INFO:trainer_layer_forward:104.69508171081543
INFO:trainer_layer_forward:103.54852676391602
INFO:trainer_layer_forward:109.35211181640625
INFO:trainer_layer_forward:104.2628288269043
INFO:trainer_layer_forward:106.4918041229248
INFO:trainer_layer_forward:103.67941856384277
INFO:trainer_layer_forward:104.32147979736328
INFO:trainer_layer_forward:104.02369499206543
INFO:trainer_layer_forward:104.55131530761719
INFO:trainer_layer_forward:112.52450942993164
INFO:trainer_layer_forward:113.03305625915527
INFO:trainer_layer_forward:112.61844635009766
INFO:trainer_layer_forward:110.92829704284668
INFO:trainer_layer_forward:113.5408878326416
INFO:trainer_layer_forward:112.13874816894531
INFO:trainer_layer_forward:113.18063735961914
INFO:trainer_layer_forward:103.32608222961426
INFO:trainer_layer_forward:104.81071472167969
INFO:trainer_layer_forward:104.30669784545898
INFO:trainer_layer_forward:112.23101615905762
INFO:trainer_layer_forward:112.49685287475586
INFO:trainer_layer_forward:111.29975318908691
INFO:trainer_layer_forward:109.33947563171387
INFO:trainer_layer_forward:106.21380805969238
INFO:trainer_layer_forward:103.50751876831055
INFO:trainer_layer_forward:107.05280303955078
INFO:trainer_layer_forward:104.9339771270752
INFO:trainer_layer_forward:106.35709762573242
INFO:trainer_layer_forward:104.28953170776367
INFO:trainer_layer_forward:106.8871021270752
INFO:trainer_layer_forward:110.8236312866211
INFO:trainer_layer_forward:109.24005508422852
INFO:trainer_layer_forward:108.22653770446777
INFO:trainer_layer_forward:110.14723777770996
INFO:trainer_layer_forward:104.86507415771484
INFO:trainer_layer_forward:109.67183113098145
INFO:trainer_layer_forward:106.90164566040039
INFO:trainer_layer_forward:102.50163078308105
INFO:trainer_layer_forward:105.34286499023438
INFO:trainer_layer_forward:109.08985137939453
INFO:trainer_layer_forward:111.58466339111328
INFO:trainer_layer_forward:111.34743690490723
INFO:trainer_layer_forward:107.76710510253906
INFO:trainer_layer_forward:106.33134841918945
INFO:trainer_layer_forward:105.0252914428711
INFO:trainer_layer_forward:107.53917694091797
INFO:trainer_layer_forward:107.92946815490723
INFO:trainer_layer_forward:104.3236255645752
INFO:trainer_layer_forward:103.16848754882812
INFO:trainer_layer_forward:104.86602783203125
INFO:trainer_layer_forward:111.33122444152832
INFO:trainer_layer_forward:111.56153678894043
INFO:trainer_layer_forward:111.63020133972168
INFO:trainer_layer_forward:113.00301551818848
INFO:trainer_layer_forward:110.19206047058105
INFO:trainer_layer_forward:109.69734191894531
INFO:trainer_layer_forward:110.78810691833496
INFO:trainer_layer_forward:114.20702934265137
INFO:trainer_layer_forward:106.6293716430664
INFO:trainer_layer_forward:113.85440826416016
INFO:trainer_layer_forward:110.80050468444824
INFO:trainer_layer_forward:116.64843559265137
INFO:trainer_layer_forward:112.04409599304199
INFO:trainer_layer_forward:106.28557205200195
INFO:trainer_layer_forward:103.97028923034668
INFO:trainer_layer_forward:104.25019264221191
INFO:trainer_layer_forward:107.1615219116211
INFO:trainer_layer_forward:111.85669898986816
INFO:trainer_layer_forward:113.4800910949707
INFO:trainer_layer_forward:112.15758323669434
INFO:trainer_layer_forward:111.10305786132812
INFO:trainer_layer_forward:108.38079452514648
INFO:trainer_layer_forward:106.32181167602539
INFO:trainer_layer_forward:103.82556915283203
INFO:trainer_layer_forward:103.424072265625
INFO:trainer_layer_forward:104.40635681152344
INFO:trainer_layer_forward:112.57076263427734
INFO:trainer_layer_forward:113.19255828857422
INFO:trainer_layer_forward:114.95161056518555
INFO:trainer_layer_forward:113.39044570922852
INFO:trainer_layer_forward:115.54074287414551
INFO:trainer_layer_forward:117.48313903808594
INFO:trainer_layer_forward:114.66312408447266
INFO:trainer_layer_forward:115.17810821533203
INFO:trainer_layer_forward:114.13359642028809
INFO:trainer_layer_forward:114.61663246154785
INFO:trainer_layer_forward:114.67123031616211
INFO:trainer_layer_forward:111.7854118347168
INFO:trainer_layer_forward:108.0174446105957
INFO:trainer_layer_forward:106.65130615234375
INFO:trainer_layer_forward:103.69038581848145
INFO:trainer_layer_forward:104.36630249023438
INFO:trainer_layer_forward:104.98833656311035
INFO:trainer_layer_forward:103.41477394104004
INFO:trainer_layer_forward:104.19297218322754
INFO:trainer_layer_forward:103.53302955627441
INFO:trainer_layer_forward:106.18996620178223
INFO:trainer_layer_forward:104.58540916442871
INFO:trainer_layer_forward:104.84576225280762
INFO:trainer_layer_forward:105.2546501159668
INFO:trainer_layer_forward:104.68530654907227
INFO:trainer_layer_forward:105.66091537475586
INFO:trainer_layer_forward:104.29978370666504
INFO:trainer_layer_forward:109.83586311340332
INFO:trainer_layer_forward:105.45635223388672
INFO:trainer_layer_forward:108.37173461914062
INFO:trainer_layer_forward:103.90353202819824
INFO:trainer_layer_forward:103.48296165466309
INFO:trainer_layer_forward:107.24520683288574
INFO:trainer_layer_forward:108.42180252075195
INFO:trainer_layer_forward:103.73854637145996
INFO:trainer_layer_forward:104.04539108276367
INFO:trainer_layer_forward:104.60519790649414
INFO:trainer_layer_forward:110.7025146484375
INFO:trainer_layer_forward:113.1429672241211
INFO:trainer_layer_forward:104.31694984436035
INFO:trainer_layer_forward:108.78968238830566
INFO:trainer_layer_forward:112.9462718963623
INFO:trainer_layer_forward:108.8871955871582
INFO:trainer_layer_forward:110.75830459594727
INFO:trainer_layer_forward:106.37927055358887
INFO:trainer_layer_forward:104.46524620056152
INFO:trainer_layer_forward:105.1340103149414
INFO:trainer_layer_forward:104.36725616455078
INFO:trainer_layer_forward:104.53271865844727
INFO:trainer_layer_forward:107.16533660888672
INFO:trainer_layer_forward:105.99827766418457
INFO:trainer_layer_forward:103.63245010375977
INFO:trainer_layer_forward:104.30765151977539
INFO:trainer_layer_forward:103.26671600341797
INFO:trainer_layer_forward:105.07321357727051
INFO:trainer_layer_forward:110.35728454589844
INFO:trainer_layer_forward:110.9933853149414
INFO:trainer_layer_forward:107.59377479553223
INFO:trainer_layer_forward:103.55949401855469
INFO:trainer_layer_forward:104.47478294372559
INFO:trainer_layer_forward:105.9417724609375
INFO:trainer_layer_forward:104.17389869689941
INFO:trainer_layer_forward:105.42917251586914
INFO:trainer_layer_forward:103.81221771240234
INFO:trainer_layer_forward:107.1767807006836
INFO:trainer_layer_forward:104.78663444519043
INFO:trainer_layer_forward:108.66475105285645
INFO:trainer_layer_forward:105.4682731628418
INFO:trainer_layer_forward:105.31497001647949
INFO:trainer_layer_forward:104.05421257019043
INFO:trainer_layer_forward:103.10077667236328
INFO:trainer_layer_forward:104.41875457763672
INFO:trainer_layer_forward:106.19640350341797
INFO:trainer_layer_forward:108.91938209533691
INFO:trainer_layer_forward:116.40381813049316
INFO:trainer_layer_forward:112.98704147338867
INFO:trainer_layer_forward:113.90924453735352
INFO:trainer_layer_forward:112.70308494567871
INFO:trainer_layer_forward:111.01436614990234
INFO:trainer_layer_forward:108.54530334472656
INFO:trainer_layer_forward:107.81049728393555
INFO:trainer_layer_forward:112.6563549041748
INFO:trainer_layer_forward:110.52560806274414
INFO:trainer_layer_forward:113.63482475280762
INFO:trainer_layer_forward:106.16898536682129
INFO:trainer_layer_forward:112.20955848693848
INFO:trainer_layer_forward:111.81187629699707
INFO:trainer_layer_forward:111.75537109375
INFO:trainer_layer_forward:105.73887825012207
INFO:trainer_layer_forward:110.33153533935547
INFO:trainer_layer_forward:107.87010192871094
INFO:trainer_layer_forward:103.41835021972656
INFO:trainer_layer_forward:106.2464714050293
INFO:trainer_layer_forward:104.69245910644531
INFO:trainer_layer_forward:103.39879989624023
INFO:trainer_layer_forward:105.64565658569336
INFO:trainer_layer_forward:112.5328540802002
INFO:trainer_layer_forward:116.59765243530273
INFO:trainer_layer_forward:105.78584671020508
INFO:trainer_layer_forward:105.20195960998535
INFO:trainer_layer_forward:103.87110710144043
INFO:trainer_layer_forward:104.04348373413086
INFO:trainer_layer_forward:106.47082328796387
INFO:trainer_layer_forward:108.3686351776123
INFO:trainer_layer_forward:105.46994209289551
INFO:trainer_layer_forward:103.61862182617188
INFO:trainer_layer_forward:104.47335243225098
INFO:trainer_layer_forward:104.03251647949219
INFO:trainer_layer_forward:104.61020469665527
INFO:trainer_layer_forward:108.90316963195801
INFO:trainer_layer_forward:113.00277709960938
INFO:trainer_layer_forward:105.37290573120117
INFO:trainer_layer_forward:110.9917163848877
INFO:trainer_layer_forward:114.93706703186035
INFO:trainer_layer_forward:112.58625984191895
INFO:trainer_layer_forward:114.27140235900879
INFO:trainer_layer_forward:107.02276229858398
INFO:trainer_layer_forward:107.8345775604248
INFO:trainer_layer_forward:104.74133491516113
INFO:trainer_layer_forward:105.14450073242188
INFO:trainer_layer_forward:108.53886604309082
INFO:trainer_layer_forward:113.79075050354004
INFO:trainer_layer_forward:113.02065849304199
INFO:trainer_layer_forward:114.40372467041016
INFO:trainer_layer_forward:108.47330093383789
INFO:trainer_layer_forward:113.37399482727051
INFO:trainer_layer_forward:113.56711387634277
INFO:trainer_layer_forward:115.22960662841797
INFO:trainer_layer_forward:109.57169532775879
INFO:trainer_layer_forward:105.46684265136719
INFO:trainer_layer_forward:103.6832332611084
INFO:trainer_layer_forward:113.55280876159668
INFO:trainer_layer_forward:116.30511283874512
INFO:trainer_layer_forward:114.04228210449219
INFO:trainer_layer_forward:114.44759368896484
INFO:trainer_layer_forward:103.71088981628418
INFO:trainer_layer_forward:106.49919509887695
INFO:trainer_layer_forward:103.55019569396973
INFO:trainer_layer_forward:104.5691967010498
INFO:trainer_layer_forward:104.92134094238281
INFO:trainer_layer_forward:105.16071319580078
INFO:trainer_layer_forward:103.56259346008301
INFO:trainer_layer_forward:104.53057289123535
INFO:trainer_layer_forward:111.19937896728516
INFO:trainer_layer_forward:110.32748222351074
INFO:trainer_layer_forward:104.13670539855957
INFO:trainer_layer_forward:104.83264923095703
INFO:trainer_layer_forward:104.63452339172363
INFO:trainer_layer_forward:104.7062873840332
INFO:trainer_layer_forward:103.69682312011719
INFO:trainer_layer_forward:105.8969497680664
INFO:trainer_layer_forward:104.1421890258789
INFO:trainer_layer_forward:105.3321361541748
INFO:trainer_layer_forward:104.93254661560059
INFO:trainer_layer_forward:104.39705848693848
INFO:trainer_layer_forward:104.10189628601074
INFO:trainer_layer_forward:105.35931587219238
INFO:trainer_layer_forward:103.15108299255371
INFO:trainer_layer_forward:104.04205322265625
INFO:trainer_layer_forward:103.98578643798828
INFO:trainer_layer_forward:104.17604446411133
INFO:trainer_layer_forward:103.70612144470215
INFO:trainer_layer_forward:103.25479507446289
INFO:trainer_layer_forward:103.56712341308594
INFO:trainer_layer_forward:104.28309440612793
INFO:trainer_layer_forward:103.63554954528809
INFO:trainer_layer_forward:105.03602027893066
INFO:trainer_layer_forward:104.30550575256348
INFO:trainer_layer_forward:104.24208641052246
INFO:trainer_layer_forward:103.72495651245117
INFO:trainer_layer_forward:104.51459884643555
INFO:trainer_layer_forward:103.4543514251709
INFO:trainer_layer_forward:106.40883445739746
INFO:trainer_layer_forward:105.02886772155762
INFO:trainer_layer_forward:104.71248626708984
INFO:trainer_layer_forward:106.04453086853027
INFO:trainer_layer_forward:104.20012474060059
INFO:trainer_layer_forward:104.68912124633789
INFO:trainer_layer_forward:104.89463806152344
INFO:trainer_layer_forward:104.21466827392578
INFO:trainer_layer_forward:107.72204399108887
INFO:trainer_layer_forward:103.50918769836426
INFO:trainer_layer_forward:103.87229919433594
INFO:trainer_layer_forward:104.40564155578613
INFO:trainer_layer_forward:104.52651977539062
INFO:trainer_layer_forward:103.93929481506348
INFO:trainer_layer_forward:104.85243797302246
INFO:trainer_layer_forward:103.93571853637695
INFO:trainer_layer_forward:105.86428642272949
INFO:trainer_layer_forward:104.55489158630371
INFO:trainer_layer_forward:104.50577735900879
INFO:trainer_layer_forward:104.44378852844238
INFO:trainer_layer_forward:104.38418388366699
INFO:trainer_layer_forward:104.07614707946777
INFO:trainer_layer_forward:104.78782653808594
INFO:trainer_layer_forward:104.03919219970703
INFO:trainer_layer_forward:103.80768775939941
INFO:trainer_layer_forward:104.94542121887207
INFO:trainer_layer_forward:104.05492782592773
INFO:trainer_layer_forward:104.73394393920898
INFO:trainer_layer_forward:104.66623306274414
INFO:trainer_layer_forward:103.58667373657227
INFO:trainer_layer_forward:105.3924560546875
INFO:trainer_layer_forward:104.30908203125
INFO:trainer_layer_forward:104.25853729248047
