INFO:trainer_layer_forward:FFT_CNNEx | mnist
INFO:trainer_layer_forward:in_size : 1024 | epochs : 1 | batch : 1
INFO:trainer_layer_forward:kernel_l1 : 513 | 
INFO:trainer_layer_forward:o_channels_l1 : 20 | 
INFO:trainer_layer_forward:learn_num_train : 1000 | learn_num_validate : 0 
INFO:trainer_layer_forward::::::::::::::::::::::::::::::::::::::::::::::::::::::::::::
INFO:trainer_layer_forward:message : FFT_conv1 
INFO:trainer_layer_forward::::::::::::::::::::::::::::::::::::::::::::::::::::::::::::
INFO:trainer_layer_forward:Ave_Time : 36.83924626822424
INFO:trainer_layer_forward::::::::::::::::::::::::::::::::::::::::::::::::::::::::::::
INFO:trainer_layer_forward:43.140411376953125
INFO:trainer_layer_forward:37.029266357421875
INFO:trainer_layer_forward:37.37044334411621
INFO:trainer_layer_forward:38.66147994995117
INFO:trainer_layer_forward:36.965131759643555
INFO:trainer_layer_forward:37.21451759338379
INFO:trainer_layer_forward:36.37886047363281
INFO:trainer_layer_forward:37.01448440551758
INFO:trainer_layer_forward:39.33835029602051
INFO:trainer_layer_forward:37.687063217163086
INFO:trainer_layer_forward:37.07075119018555
INFO:trainer_layer_forward:38.37156295776367
INFO:trainer_layer_forward:36.79180145263672
INFO:trainer_layer_forward:37.32419013977051
INFO:trainer_layer_forward:37.15014457702637
INFO:trainer_layer_forward:36.47732734680176
INFO:trainer_layer_forward:37.48965263366699
INFO:trainer_layer_forward:36.913156509399414
INFO:trainer_layer_forward:35.3856086730957
INFO:trainer_layer_forward:35.680532455444336
INFO:trainer_layer_forward:35.85243225097656
INFO:trainer_layer_forward:37.490129470825195
INFO:trainer_layer_forward:37.40429878234863
INFO:trainer_layer_forward:37.19687461853027
INFO:trainer_layer_forward:35.978078842163086
INFO:trainer_layer_forward:36.710262298583984
INFO:trainer_layer_forward:37.21499443054199
INFO:trainer_layer_forward:36.563873291015625
INFO:trainer_layer_forward:36.26394271850586
INFO:trainer_layer_forward:37.04476356506348
INFO:trainer_layer_forward:35.93564033508301
INFO:trainer_layer_forward:36.295413970947266
INFO:trainer_layer_forward:35.95471382141113
INFO:trainer_layer_forward:37.06526756286621
INFO:trainer_layer_forward:36.17739677429199
INFO:trainer_layer_forward:36.026954650878906
INFO:trainer_layer_forward:37.57786750793457
INFO:trainer_layer_forward:36.51237487792969
INFO:trainer_layer_forward:37.227630615234375
INFO:trainer_layer_forward:36.026954650878906
INFO:trainer_layer_forward:36.27729415893555
INFO:trainer_layer_forward:37.09673881530762
INFO:trainer_layer_forward:35.802364349365234
INFO:trainer_layer_forward:36.505699157714844
INFO:trainer_layer_forward:37.175655364990234
INFO:trainer_layer_forward:35.855770111083984
INFO:trainer_layer_forward:37.75477409362793
INFO:trainer_layer_forward:37.36424446105957
INFO:trainer_layer_forward:36.577701568603516
INFO:trainer_layer_forward:37.28461265563965
INFO:trainer_layer_forward:36.867380142211914
INFO:trainer_layer_forward:37.22214698791504
INFO:trainer_layer_forward:36.898136138916016
INFO:trainer_layer_forward:37.12582588195801
INFO:trainer_layer_forward:36.416053771972656
INFO:trainer_layer_forward:37.575483322143555
INFO:trainer_layer_forward:36.54313087463379
INFO:trainer_layer_forward:40.288686752319336
INFO:trainer_layer_forward:37.22357749938965
INFO:trainer_layer_forward:36.649465560913086
INFO:trainer_layer_forward:35.82000732421875
INFO:trainer_layer_forward:36.96727752685547
INFO:trainer_layer_forward:37.282466888427734
INFO:trainer_layer_forward:39.05344009399414
INFO:trainer_layer_forward:37.497520446777344
INFO:trainer_layer_forward:36.20004653930664
INFO:trainer_layer_forward:37.137508392333984
INFO:trainer_layer_forward:36.82374954223633
INFO:trainer_layer_forward:36.28134727478027
INFO:trainer_layer_forward:37.48297691345215
INFO:trainer_layer_forward:36.83638572692871
INFO:trainer_layer_forward:36.585330963134766
INFO:trainer_layer_forward:36.5293025970459
INFO:trainer_layer_forward:36.493539810180664
INFO:trainer_layer_forward:36.742448806762695
INFO:trainer_layer_forward:36.51881217956543
INFO:trainer_layer_forward:36.79156303405762
INFO:trainer_layer_forward:36.295413970947266
INFO:trainer_layer_forward:35.961151123046875
INFO:trainer_layer_forward:36.71908378601074
INFO:trainer_layer_forward:37.33658790588379
INFO:trainer_layer_forward:35.7661247253418
INFO:trainer_layer_forward:37.56260871887207
INFO:trainer_layer_forward:37.33563423156738
INFO:trainer_layer_forward:36.04292869567871
INFO:trainer_layer_forward:37.49442100524902
INFO:trainer_layer_forward:36.57388687133789
INFO:trainer_layer_forward:37.50252723693848
INFO:trainer_layer_forward:38.861751556396484
INFO:trainer_layer_forward:36.99493408203125
INFO:trainer_layer_forward:36.28873825073242
INFO:trainer_layer_forward:37.7039909362793
INFO:trainer_layer_forward:36.762237548828125
INFO:trainer_layer_forward:38.44952583312988
INFO:trainer_layer_forward:36.229848861694336
INFO:trainer_layer_forward:38.110971450805664
INFO:trainer_layer_forward:37.17517852783203
INFO:trainer_layer_forward:37.53662109375
INFO:trainer_layer_forward:35.711050033569336
INFO:trainer_layer_forward:37.41264343261719
INFO:trainer_layer_forward:37.46461868286133
INFO:trainer_layer_forward:36.03363037109375
INFO:trainer_layer_forward:36.47804260253906
INFO:trainer_layer_forward:38.19537162780762
INFO:trainer_layer_forward:35.40515899658203
INFO:trainer_layer_forward:36.684513092041016
INFO:trainer_layer_forward:35.92729568481445
INFO:trainer_layer_forward:38.08283805847168
INFO:trainer_layer_forward:35.99381446838379
INFO:trainer_layer_forward:36.55099868774414
INFO:trainer_layer_forward:37.00566291809082
INFO:trainer_layer_forward:37.44673728942871
INFO:trainer_layer_forward:35.6755256652832
INFO:trainer_layer_forward:36.68403625488281
INFO:trainer_layer_forward:36.923885345458984
INFO:trainer_layer_forward:35.51530838012695
INFO:trainer_layer_forward:36.04888916015625
INFO:trainer_layer_forward:37.12320327758789
INFO:trainer_layer_forward:36.24534606933594
INFO:trainer_layer_forward:36.05365753173828
INFO:trainer_layer_forward:37.11700439453125
INFO:trainer_layer_forward:38.001060485839844
INFO:trainer_layer_forward:36.797523498535156
INFO:trainer_layer_forward:37.573814392089844
INFO:trainer_layer_forward:37.966012954711914
INFO:trainer_layer_forward:36.11397743225098
INFO:trainer_layer_forward:36.42773628234863
INFO:trainer_layer_forward:36.511898040771484
INFO:trainer_layer_forward:35.61568260192871
INFO:trainer_layer_forward:37.44029998779297
INFO:trainer_layer_forward:37.42361068725586
INFO:trainer_layer_forward:36.30995750427246
INFO:trainer_layer_forward:37.616729736328125
INFO:trainer_layer_forward:37.322044372558594
INFO:trainer_layer_forward:36.37385368347168
INFO:trainer_layer_forward:37.26363182067871
INFO:trainer_layer_forward:36.42845153808594
INFO:trainer_layer_forward:36.904096603393555
INFO:trainer_layer_forward:37.18280792236328
INFO:trainer_layer_forward:36.89432144165039
INFO:trainer_layer_forward:37.99772262573242
INFO:trainer_layer_forward:37.027597427368164
INFO:trainer_layer_forward:37.14251518249512
INFO:trainer_layer_forward:38.625240325927734
INFO:trainer_layer_forward:37.31989860534668
INFO:trainer_layer_forward:37.592411041259766
INFO:trainer_layer_forward:36.30208969116211
INFO:trainer_layer_forward:37.198781967163086
INFO:trainer_layer_forward:37.69731521606445
INFO:trainer_layer_forward:36.058902740478516
INFO:trainer_layer_forward:37.24479675292969
INFO:trainer_layer_forward:36.468505859375
INFO:trainer_layer_forward:37.34421730041504
INFO:trainer_layer_forward:46.950578689575195
INFO:trainer_layer_forward:36.03625297546387
INFO:trainer_layer_forward:37.18280792236328
INFO:trainer_layer_forward:36.50856018066406
INFO:trainer_layer_forward:37.984371185302734
INFO:trainer_layer_forward:36.28420829772949
INFO:trainer_layer_forward:35.33768653869629
INFO:trainer_layer_forward:34.60407257080078
INFO:trainer_layer_forward:38.2695198059082
INFO:trainer_layer_forward:36.51595115661621
INFO:trainer_layer_forward:37.48607635498047
INFO:trainer_layer_forward:36.470651626586914
INFO:trainer_layer_forward:37.05430030822754
INFO:trainer_layer_forward:36.498069763183594
INFO:trainer_layer_forward:36.609649658203125
INFO:trainer_layer_forward:40.34256935119629
INFO:trainer_layer_forward:38.10477256774902
INFO:trainer_layer_forward:37.64653205871582
INFO:trainer_layer_forward:37.32109069824219
INFO:trainer_layer_forward:37.54687309265137
INFO:trainer_layer_forward:38.535356521606445
INFO:trainer_layer_forward:37.58716583251953
INFO:trainer_layer_forward:38.85245323181152
INFO:trainer_layer_forward:37.24193572998047
INFO:trainer_layer_forward:38.100242614746094
INFO:trainer_layer_forward:37.95909881591797
INFO:trainer_layer_forward:37.25934028625488
INFO:trainer_layer_forward:38.39516639709473
INFO:trainer_layer_forward:37.66441345214844
INFO:trainer_layer_forward:38.202762603759766
INFO:trainer_layer_forward:37.682533264160156
INFO:trainer_layer_forward:37.53805160522461
INFO:trainer_layer_forward:38.435935974121094
INFO:trainer_layer_forward:37.637948989868164
INFO:trainer_layer_forward:38.190603256225586
INFO:trainer_layer_forward:37.23716735839844
INFO:trainer_layer_forward:38.350820541381836
INFO:trainer_layer_forward:37.74857521057129
INFO:trainer_layer_forward:38.10858726501465
INFO:trainer_layer_forward:37.076473236083984
INFO:trainer_layer_forward:36.797285079956055
INFO:trainer_layer_forward:37.69230842590332
INFO:trainer_layer_forward:36.23223304748535
INFO:trainer_layer_forward:37.04237937927246
INFO:trainer_layer_forward:38.70749473571777
INFO:trainer_layer_forward:36.45515441894531
INFO:trainer_layer_forward:36.98849678039551
INFO:trainer_layer_forward:36.609649658203125
INFO:trainer_layer_forward:37.0023250579834
INFO:trainer_layer_forward:37.87970542907715
INFO:trainer_layer_forward:36.92173957824707
INFO:trainer_layer_forward:37.04476356506348
INFO:trainer_layer_forward:37.73164749145508
INFO:trainer_layer_forward:36.18478775024414
INFO:trainer_layer_forward:36.92936897277832
INFO:trainer_layer_forward:37.18376159667969
INFO:trainer_layer_forward:37.13202476501465
INFO:trainer_layer_forward:37.45889663696289
INFO:trainer_layer_forward:36.453962326049805
INFO:trainer_layer_forward:36.96489334106445
INFO:trainer_layer_forward:37.88495063781738
INFO:trainer_layer_forward:35.920143127441406
INFO:trainer_layer_forward:36.66257858276367
INFO:trainer_layer_forward:37.110090255737305
INFO:trainer_layer_forward:36.04722023010254
INFO:trainer_layer_forward:36.79299354553223
INFO:trainer_layer_forward:36.328792572021484
INFO:trainer_layer_forward:36.53979301452637
INFO:trainer_layer_forward:38.67030143737793
INFO:trainer_layer_forward:35.269737243652344
INFO:trainer_layer_forward:37.19353675842285
INFO:trainer_layer_forward:35.05992889404297
INFO:trainer_layer_forward:35.40349006652832
INFO:trainer_layer_forward:36.39841079711914
INFO:trainer_layer_forward:37.11223602294922
INFO:trainer_layer_forward:36.455392837524414
INFO:trainer_layer_forward:37.34135627746582
INFO:trainer_layer_forward:35.993337631225586
INFO:trainer_layer_forward:37.13560104370117
INFO:trainer_layer_forward:36.37528419494629
INFO:trainer_layer_forward:35.871267318725586
INFO:trainer_layer_forward:36.83304786682129
INFO:trainer_layer_forward:37.19019889831543
INFO:trainer_layer_forward:36.70954704284668
INFO:trainer_layer_forward:37.08767890930176
INFO:trainer_layer_forward:37.13059425354004
INFO:trainer_layer_forward:35.69769859313965
INFO:trainer_layer_forward:36.82208061218262
INFO:trainer_layer_forward:38.22135925292969
INFO:trainer_layer_forward:36.31138801574707
INFO:trainer_layer_forward:37.389278411865234
INFO:trainer_layer_forward:36.08107566833496
INFO:trainer_layer_forward:36.38505935668945
INFO:trainer_layer_forward:37.11104393005371
INFO:trainer_layer_forward:35.99429130554199
INFO:trainer_layer_forward:36.43989562988281
INFO:trainer_layer_forward:37.209510803222656
INFO:trainer_layer_forward:35.94374656677246
INFO:trainer_layer_forward:36.55576705932617
INFO:trainer_layer_forward:36.53407096862793
INFO:trainer_layer_forward:35.694122314453125
INFO:trainer_layer_forward:37.467002868652344
INFO:trainer_layer_forward:37.425994873046875
INFO:trainer_layer_forward:35.73489189147949
INFO:trainer_layer_forward:36.88335418701172
INFO:trainer_layer_forward:36.516427993774414
INFO:trainer_layer_forward:35.47930717468262
INFO:trainer_layer_forward:37.1701717376709
INFO:trainer_layer_forward:36.24892234802246
INFO:trainer_layer_forward:37.622928619384766
INFO:trainer_layer_forward:36.99684143066406
INFO:trainer_layer_forward:36.08560562133789
INFO:trainer_layer_forward:36.70191764831543
INFO:trainer_layer_forward:36.778926849365234
INFO:trainer_layer_forward:38.04969787597656
INFO:trainer_layer_forward:36.01861000061035
INFO:trainer_layer_forward:37.35804557800293
INFO:trainer_layer_forward:35.97879409790039
INFO:trainer_layer_forward:36.342620849609375
INFO:trainer_layer_forward:37.65058517456055
INFO:trainer_layer_forward:35.92729568481445
INFO:trainer_layer_forward:36.53979301452637
INFO:trainer_layer_forward:37.36281394958496
INFO:trainer_layer_forward:35.87460517883301
INFO:trainer_layer_forward:36.59558296203613
INFO:trainer_layer_forward:37.300825119018555
INFO:trainer_layer_forward:35.87794303894043
INFO:trainer_layer_forward:36.60893440246582
INFO:trainer_layer_forward:36.96799278259277
INFO:trainer_layer_forward:36.981821060180664
INFO:trainer_layer_forward:37.224769592285156
INFO:trainer_layer_forward:38.544654846191406
INFO:trainer_layer_forward:35.948991775512695
INFO:trainer_layer_forward:37.207603454589844
INFO:trainer_layer_forward:37.80245780944824
INFO:trainer_layer_forward:36.29136085510254
INFO:trainer_layer_forward:37.111759185791016
INFO:trainer_layer_forward:34.56902503967285
INFO:trainer_layer_forward:36.98587417602539
INFO:trainer_layer_forward:37.19282150268555
INFO:trainer_layer_forward:35.77756881713867
INFO:trainer_layer_forward:36.26203536987305
INFO:trainer_layer_forward:37.24527359008789
INFO:trainer_layer_forward:35.82143783569336
INFO:trainer_layer_forward:36.22603416442871
INFO:trainer_layer_forward:37.239789962768555
INFO:trainer_layer_forward:35.811424255371094
INFO:trainer_layer_forward:37.37139701843262
INFO:trainer_layer_forward:37.816524505615234
INFO:trainer_layer_forward:36.057233810424805
INFO:trainer_layer_forward:37.462472915649414
INFO:trainer_layer_forward:36.01384162902832
INFO:trainer_layer_forward:36.036014556884766
INFO:trainer_layer_forward:37.20593452453613
INFO:trainer_layer_forward:37.92214393615723
INFO:trainer_layer_forward:36.76962852478027
INFO:trainer_layer_forward:37.4302864074707
INFO:trainer_layer_forward:35.7058048248291
INFO:trainer_layer_forward:36.3306999206543
INFO:trainer_layer_forward:36.908864974975586
INFO:trainer_layer_forward:36.47160530090332
INFO:trainer_layer_forward:37.35661506652832
INFO:trainer_layer_forward:38.1624698638916
INFO:trainer_layer_forward:36.07010841369629
INFO:trainer_layer_forward:37.51516342163086
INFO:trainer_layer_forward:38.283586502075195
INFO:trainer_layer_forward:36.83280944824219
INFO:trainer_layer_forward:37.50252723693848
INFO:trainer_layer_forward:48.86770248413086
INFO:trainer_layer_forward:36.078691482543945
INFO:trainer_layer_forward:37.44101524353027
INFO:trainer_layer_forward:37.485361099243164
INFO:trainer_layer_forward:38.10882568359375
INFO:trainer_layer_forward:35.735130310058594
INFO:trainer_layer_forward:37.16015815734863
INFO:trainer_layer_forward:36.666154861450195
INFO:trainer_layer_forward:37.12320327758789
INFO:trainer_layer_forward:35.80951690673828
INFO:trainer_layer_forward:36.522626876831055
INFO:trainer_layer_forward:35.70389747619629
INFO:trainer_layer_forward:36.60988807678223
INFO:trainer_layer_forward:37.04977035522461
INFO:trainer_layer_forward:35.85386276245117
INFO:trainer_layer_forward:37.2166633605957
INFO:trainer_layer_forward:35.83383560180664
INFO:trainer_layer_forward:37.53805160522461
INFO:trainer_layer_forward:37.7345085144043
INFO:trainer_layer_forward:35.9807014465332
INFO:trainer_layer_forward:36.284446716308594
INFO:trainer_layer_forward:37.320613861083984
INFO:trainer_layer_forward:36.934614181518555
INFO:trainer_layer_forward:37.45913505554199
INFO:trainer_layer_forward:36.29112243652344
INFO:trainer_layer_forward:37.28914260864258
INFO:trainer_layer_forward:36.10706329345703
INFO:trainer_layer_forward:37.55307197570801
INFO:trainer_layer_forward:35.58921813964844
INFO:trainer_layer_forward:37.43577003479004
INFO:trainer_layer_forward:36.98468208312988
INFO:trainer_layer_forward:36.04912757873535
INFO:trainer_layer_forward:37.941932678222656
INFO:trainer_layer_forward:34.17825698852539
INFO:trainer_layer_forward:35.74252128601074
INFO:trainer_layer_forward:36.47351264953613
INFO:trainer_layer_forward:36.87453269958496
INFO:trainer_layer_forward:36.88168525695801
INFO:trainer_layer_forward:37.14442253112793
INFO:trainer_layer_forward:36.91673278808594
INFO:trainer_layer_forward:37.433624267578125
INFO:trainer_layer_forward:36.035776138305664
INFO:trainer_layer_forward:36.12065315246582
INFO:trainer_layer_forward:35.83669662475586
INFO:trainer_layer_forward:37.57190704345703
INFO:trainer_layer_forward:36.168575286865234
INFO:trainer_layer_forward:37.13798522949219
INFO:trainer_layer_forward:35.93158721923828
INFO:trainer_layer_forward:36.15689277648926
INFO:trainer_layer_forward:35.90869903564453
INFO:trainer_layer_forward:37.45245933532715
INFO:trainer_layer_forward:36.18788719177246
INFO:trainer_layer_forward:35.970211029052734
INFO:trainer_layer_forward:37.41049766540527
INFO:trainer_layer_forward:36.12780570983887
INFO:trainer_layer_forward:36.95869445800781
INFO:trainer_layer_forward:36.670684814453125
INFO:trainer_layer_forward:36.81755065917969
INFO:trainer_layer_forward:38.28835487365723
INFO:trainer_layer_forward:36.24415397644043
INFO:trainer_layer_forward:37.35160827636719
INFO:trainer_layer_forward:38.50245475769043
INFO:trainer_layer_forward:35.95614433288574
INFO:trainer_layer_forward:37.20974922180176
INFO:trainer_layer_forward:37.21189498901367
INFO:trainer_layer_forward:35.707950592041016
INFO:trainer_layer_forward:36.41319274902344
INFO:trainer_layer_forward:37.122488021850586
INFO:trainer_layer_forward:35.66408157348633
INFO:trainer_layer_forward:36.93890571594238
INFO:trainer_layer_forward:37.62197494506836
INFO:trainer_layer_forward:36.79847717285156
INFO:trainer_layer_forward:38.1009578704834
INFO:trainer_layer_forward:35.4306697845459
INFO:trainer_layer_forward:37.14299201965332
INFO:trainer_layer_forward:36.85474395751953
INFO:trainer_layer_forward:37.60409355163574
INFO:trainer_layer_forward:37.522077560424805
INFO:trainer_layer_forward:36.12661361694336
INFO:trainer_layer_forward:35.64095497131348
INFO:trainer_layer_forward:37.123680114746094
INFO:trainer_layer_forward:37.11581230163574
INFO:trainer_layer_forward:35.904884338378906
INFO:trainer_layer_forward:36.604881286621094
INFO:trainer_layer_forward:37.13059425354004
INFO:trainer_layer_forward:36.798715591430664
INFO:trainer_layer_forward:37.275075912475586
INFO:trainer_layer_forward:37.3384952545166
INFO:trainer_layer_forward:37.08982467651367
INFO:trainer_layer_forward:35.98523139953613
INFO:trainer_layer_forward:36.38648986816406
INFO:trainer_layer_forward:37.367820739746094
INFO:trainer_layer_forward:36.09204292297363
INFO:trainer_layer_forward:38.03682327270508
INFO:trainer_layer_forward:37.37020492553711
INFO:trainer_layer_forward:35.07566452026367
INFO:trainer_layer_forward:37.009239196777344
INFO:trainer_layer_forward:37.723541259765625
INFO:trainer_layer_forward:35.89820861816406
INFO:trainer_layer_forward:36.25226020812988
INFO:trainer_layer_forward:37.050724029541016
INFO:trainer_layer_forward:37.53304481506348
INFO:trainer_layer_forward:37.045955657958984
INFO:trainer_layer_forward:38.202524185180664
INFO:trainer_layer_forward:36.10539436340332
INFO:trainer_layer_forward:37.021636962890625
INFO:trainer_layer_forward:35.96162796020508
INFO:trainer_layer_forward:37.47248649597168
INFO:trainer_layer_forward:37.31846809387207
INFO:trainer_layer_forward:37.75215148925781
INFO:trainer_layer_forward:36.86165809631348
INFO:trainer_layer_forward:37.67037391662598
INFO:trainer_layer_forward:36.039113998413086
INFO:trainer_layer_forward:37.28938102722168
INFO:trainer_layer_forward:37.84346580505371
INFO:trainer_layer_forward:36.813974380493164
INFO:trainer_layer_forward:37.184953689575195
INFO:trainer_layer_forward:35.77303886413574
INFO:trainer_layer_forward:36.25845909118652
INFO:trainer_layer_forward:35.804033279418945
INFO:trainer_layer_forward:37.83297538757324
INFO:trainer_layer_forward:36.32187843322754
INFO:trainer_layer_forward:35.70199012756348
INFO:trainer_layer_forward:37.03641891479492
INFO:trainer_layer_forward:35.79401969909668
INFO:trainer_layer_forward:36.06104850769043
INFO:trainer_layer_forward:36.99159622192383
INFO:trainer_layer_forward:36.740779876708984
INFO:trainer_layer_forward:36.74960136413574
INFO:trainer_layer_forward:37.4753475189209
INFO:trainer_layer_forward:35.773515701293945
INFO:trainer_layer_forward:36.1788272857666
INFO:trainer_layer_forward:36.34905815124512
INFO:trainer_layer_forward:37.312984466552734
INFO:trainer_layer_forward:36.10634803771973
INFO:trainer_layer_forward:36.83114051818848
INFO:trainer_layer_forward:37.06026077270508
INFO:trainer_layer_forward:37.776947021484375
INFO:trainer_layer_forward:36.209821701049805
INFO:trainer_layer_forward:37.26339340209961
INFO:trainer_layer_forward:35.6755256652832
INFO:trainer_layer_forward:36.6978645324707
INFO:trainer_layer_forward:37.21308708190918
INFO:trainer_layer_forward:37.642478942871094
INFO:trainer_layer_forward:36.757707595825195
INFO:trainer_layer_forward:36.68379783630371
INFO:trainer_layer_forward:37.7960205078125
INFO:trainer_layer_forward:35.619258880615234
INFO:trainer_layer_forward:37.66918182373047
INFO:trainer_layer_forward:36.2241268157959
INFO:trainer_layer_forward:37.400245666503906
INFO:trainer_layer_forward:35.919904708862305
INFO:trainer_layer_forward:37.633657455444336
INFO:trainer_layer_forward:38.02204132080078
INFO:trainer_layer_forward:35.45379638671875
INFO:trainer_layer_forward:35.60805320739746
INFO:trainer_layer_forward:35.82477569580078
INFO:trainer_layer_forward:36.33618354797363
INFO:trainer_layer_forward:37.09673881530762
INFO:trainer_layer_forward:38.055419921875
INFO:trainer_layer_forward:36.26537322998047
INFO:trainer_layer_forward:35.52603721618652
INFO:trainer_layer_forward:36.328792572021484
INFO:trainer_layer_forward:36.7588996887207
INFO:trainer_layer_forward:36.84568405151367
INFO:trainer_layer_forward:37.60838508605957
INFO:trainer_layer_forward:36.705970764160156
INFO:trainer_layer_forward:36.112308502197266
INFO:trainer_layer_forward:38.513898849487305
INFO:trainer_layer_forward:37.026166915893555
INFO:trainer_layer_forward:36.1332893371582
INFO:trainer_layer_forward:36.89908981323242
INFO:trainer_layer_forward:36.88549995422363
INFO:trainer_layer_forward:39.01052474975586
INFO:trainer_layer_forward:35.64047813415527
INFO:trainer_layer_forward:37.31346130371094
INFO:trainer_layer_forward:35.86435317993164
INFO:trainer_layer_forward:36.269426345825195
INFO:trainer_layer_forward:37.16564178466797
INFO:trainer_layer_forward:35.928964614868164
INFO:trainer_layer_forward:36.1943244934082
INFO:trainer_layer_forward:37.198781967163086
INFO:trainer_layer_forward:35.83073616027832
INFO:trainer_layer_forward:36.18907928466797
INFO:trainer_layer_forward:35.92634201049805
INFO:trainer_layer_forward:37.73617744445801
INFO:trainer_layer_forward:36.342620849609375
INFO:trainer_layer_forward:35.819292068481445
INFO:trainer_layer_forward:36.81302070617676
INFO:trainer_layer_forward:36.53764724731445
INFO:trainer_layer_forward:37.08839416503906
INFO:trainer_layer_forward:36.77868843078613
INFO:trainer_layer_forward:37.31584548950195
INFO:trainer_layer_forward:36.02313995361328
INFO:trainer_layer_forward:37.28508949279785
INFO:trainer_layer_forward:35.76350212097168
INFO:trainer_layer_forward:36.92817687988281
INFO:trainer_layer_forward:37.621498107910156
INFO:trainer_layer_forward:37.12582588195801
INFO:trainer_layer_forward:36.05198860168457
INFO:trainer_layer_forward:36.3314151763916
INFO:trainer_layer_forward:37.25171089172363
INFO:trainer_layer_forward:37.93692588806152
INFO:trainer_layer_forward:37.00375556945801
INFO:trainer_layer_forward:37.20879554748535
INFO:trainer_layer_forward:35.857200622558594
INFO:trainer_layer_forward:36.37099266052246
INFO:trainer_layer_forward:35.94231605529785
INFO:trainer_layer_forward:37.001609802246094
INFO:trainer_layer_forward:35.447120666503906
INFO:trainer_layer_forward:37.60576248168945
INFO:trainer_layer_forward:37.401676177978516
INFO:trainer_layer_forward:37.06002235412598
INFO:trainer_layer_forward:37.70279884338379
INFO:trainer_layer_forward:37.31060028076172
INFO:trainer_layer_forward:36.841392517089844
INFO:trainer_layer_forward:37.7192497253418
INFO:trainer_layer_forward:36.1177921295166
INFO:trainer_layer_forward:35.67242622375488
INFO:trainer_layer_forward:37.007808685302734
INFO:trainer_layer_forward:37.14776039123535
INFO:trainer_layer_forward:37.26649284362793
INFO:trainer_layer_forward:35.92085838317871
INFO:trainer_layer_forward:36.3771915435791
INFO:trainer_layer_forward:37.569284439086914
INFO:trainer_layer_forward:35.88724136352539
INFO:trainer_layer_forward:36.40937805175781
INFO:trainer_layer_forward:37.068843841552734
INFO:trainer_layer_forward:37.50753402709961
INFO:trainer_layer_forward:36.766767501831055
INFO:trainer_layer_forward:37.41955757141113
INFO:trainer_layer_forward:36.072492599487305
INFO:trainer_layer_forward:37.14466094970703
INFO:trainer_layer_forward:38.67459297180176
INFO:trainer_layer_forward:36.086320877075195
INFO:trainer_layer_forward:37.3685359954834
INFO:trainer_layer_forward:37.079811096191406
INFO:trainer_layer_forward:35.735368728637695
INFO:trainer_layer_forward:36.28182411193848
INFO:trainer_layer_forward:37.172794342041016
INFO:trainer_layer_forward:37.00566291809082
INFO:trainer_layer_forward:37.23788261413574
INFO:trainer_layer_forward:36.40103340148926
INFO:trainer_layer_forward:37.82796859741211
INFO:trainer_layer_forward:37.713050842285156
INFO:trainer_layer_forward:36.437273025512695
INFO:trainer_layer_forward:36.803245544433594
INFO:trainer_layer_forward:37.06526756286621
INFO:trainer_layer_forward:36.83876991271973
INFO:trainer_layer_forward:37.096261978149414
INFO:trainer_layer_forward:36.47351264953613
INFO:trainer_layer_forward:39.80207443237305
INFO:trainer_layer_forward:36.53383255004883
INFO:trainer_layer_forward:37.4453067779541
INFO:trainer_layer_forward:36.04865074157715
INFO:trainer_layer_forward:37.447214126586914
INFO:trainer_layer_forward:36.18764877319336
INFO:trainer_layer_forward:38.460731506347656
INFO:trainer_layer_forward:36.7434024810791
INFO:trainer_layer_forward:37.428855895996094
INFO:trainer_layer_forward:37.48631477355957
INFO:trainer_layer_forward:36.82708740234375
INFO:trainer_layer_forward:37.177085876464844
INFO:trainer_layer_forward:37.6582145690918
INFO:trainer_layer_forward:34.917593002319336
INFO:trainer_layer_forward:36.240577697753906
INFO:trainer_layer_forward:37.5065803527832
INFO:trainer_layer_forward:34.800052642822266
INFO:trainer_layer_forward:36.18907928466797
INFO:trainer_layer_forward:36.788225173950195
INFO:trainer_layer_forward:36.40294075012207
INFO:trainer_layer_forward:36.36598587036133
INFO:trainer_layer_forward:37.5370979309082
INFO:trainer_layer_forward:36.63468360900879
INFO:trainer_layer_forward:37.259578704833984
INFO:trainer_layer_forward:36.86714172363281
INFO:trainer_layer_forward:36.26108169555664
INFO:trainer_layer_forward:35.14742851257324
INFO:trainer_layer_forward:37.047624588012695
INFO:trainer_layer_forward:36.90075874328613
INFO:trainer_layer_forward:35.77399253845215
INFO:trainer_layer_forward:37.7194881439209
INFO:trainer_layer_forward:37.74881362915039
INFO:trainer_layer_forward:35.91513633728027
INFO:trainer_layer_forward:37.119150161743164
INFO:trainer_layer_forward:38.35606575012207
INFO:trainer_layer_forward:36.463260650634766
INFO:trainer_layer_forward:38.18511962890625
INFO:trainer_layer_forward:37.22119331359863
INFO:trainer_layer_forward:36.35525703430176
INFO:trainer_layer_forward:36.002159118652344
INFO:trainer_layer_forward:37.00661659240723
INFO:trainer_layer_forward:35.89463233947754
INFO:trainer_layer_forward:37.090301513671875
INFO:trainer_layer_forward:38.8033390045166
INFO:trainer_layer_forward:37.78576850891113
INFO:trainer_layer_forward:36.876678466796875
INFO:trainer_layer_forward:36.74197196960449
INFO:trainer_layer_forward:35.080909729003906
INFO:trainer_layer_forward:37.02950477600098
INFO:trainer_layer_forward:35.69197654724121
INFO:trainer_layer_forward:37.29581832885742
INFO:trainer_layer_forward:37.186384201049805
INFO:trainer_layer_forward:36.77654266357422
INFO:trainer_layer_forward:36.209821701049805
INFO:trainer_layer_forward:36.782264709472656
INFO:trainer_layer_forward:36.90767288208008
INFO:trainer_layer_forward:37.023305892944336
INFO:trainer_layer_forward:37.54782676696777
INFO:trainer_layer_forward:36.557674407958984
INFO:trainer_layer_forward:36.70907020568848
INFO:trainer_layer_forward:37.37592697143555
INFO:trainer_layer_forward:37.13726997375488
INFO:trainer_layer_forward:38.15412521362305
INFO:trainer_layer_forward:34.651756286621094
INFO:trainer_layer_forward:36.81540489196777
INFO:trainer_layer_forward:37.02497482299805
INFO:trainer_layer_forward:34.143686294555664
INFO:trainer_layer_forward:37.010908126831055
INFO:trainer_layer_forward:36.79490089416504
INFO:trainer_layer_forward:36.84878349304199
INFO:trainer_layer_forward:36.56268119812012
INFO:trainer_layer_forward:35.71295738220215
INFO:trainer_layer_forward:36.75651550292969
INFO:trainer_layer_forward:37.19758987426758
INFO:trainer_layer_forward:37.85824775695801
INFO:trainer_layer_forward:37.20259666442871
INFO:trainer_layer_forward:37.650346755981445
INFO:trainer_layer_forward:35.17436981201172
INFO:trainer_layer_forward:36.968231201171875
INFO:trainer_layer_forward:35.96091270446777
INFO:trainer_layer_forward:37.60862350463867
INFO:trainer_layer_forward:36.01193428039551
INFO:trainer_layer_forward:38.4058952331543
INFO:trainer_layer_forward:37.032127380371094
INFO:trainer_layer_forward:35.78376770019531
INFO:trainer_layer_forward:37.316083908081055
INFO:trainer_layer_forward:36.93389892578125
INFO:trainer_layer_forward:36.99064254760742
INFO:trainer_layer_forward:37.216901779174805
INFO:trainer_layer_forward:35.88461875915527
INFO:trainer_layer_forward:37.017107009887695
INFO:trainer_layer_forward:36.475419998168945
INFO:trainer_layer_forward:35.87198257446289
INFO:trainer_layer_forward:37.152767181396484
INFO:trainer_layer_forward:36.490440368652344
INFO:trainer_layer_forward:37.12129592895508
INFO:trainer_layer_forward:37.93644905090332
INFO:trainer_layer_forward:36.8800163269043
INFO:trainer_layer_forward:35.72344779968262
INFO:trainer_layer_forward:36.957740783691406
INFO:trainer_layer_forward:36.23366355895996
INFO:trainer_layer_forward:37.32442855834961
INFO:trainer_layer_forward:35.82143783569336
INFO:trainer_layer_forward:36.222219467163086
INFO:trainer_layer_forward:37.04643249511719
INFO:trainer_layer_forward:35.758256912231445
INFO:trainer_layer_forward:36.168575286865234
INFO:trainer_layer_forward:37.25004196166992
INFO:trainer_layer_forward:36.26871109008789
INFO:trainer_layer_forward:36.37290000915527
INFO:trainer_layer_forward:35.99405288696289
INFO:trainer_layer_forward:36.8351936340332
INFO:trainer_layer_forward:36.35549545288086
INFO:trainer_layer_forward:36.59796714782715
INFO:trainer_layer_forward:37.509918212890625
INFO:trainer_layer_forward:35.544395446777344
INFO:trainer_layer_forward:36.35120391845703
INFO:trainer_layer_forward:37.68730163574219
INFO:trainer_layer_forward:36.28349304199219
INFO:trainer_layer_forward:37.492990493774414
INFO:trainer_layer_forward:36.17548942565918
INFO:trainer_layer_forward:36.440134048461914
INFO:trainer_layer_forward:37.08195686340332
INFO:trainer_layer_forward:36.20338439941406
INFO:trainer_layer_forward:37.38999366760254
INFO:trainer_layer_forward:35.99047660827637
INFO:trainer_layer_forward:36.81373596191406
INFO:trainer_layer_forward:35.56108474731445
INFO:trainer_layer_forward:36.87596321105957
INFO:trainer_layer_forward:36.983489990234375
INFO:trainer_layer_forward:36.6055965423584
INFO:trainer_layer_forward:36.32998466491699
INFO:trainer_layer_forward:36.11564636230469
INFO:trainer_layer_forward:36.246299743652344
INFO:trainer_layer_forward:36.82422637939453
INFO:trainer_layer_forward:36.21339797973633
INFO:trainer_layer_forward:35.8426570892334
INFO:trainer_layer_forward:37.133216857910156
INFO:trainer_layer_forward:37.67561912536621
INFO:trainer_layer_forward:36.45515441894531
INFO:trainer_layer_forward:37.528038024902344
INFO:trainer_layer_forward:36.427974700927734
INFO:trainer_layer_forward:36.920785903930664
INFO:trainer_layer_forward:37.554025650024414
INFO:trainer_layer_forward:36.91458702087402
INFO:trainer_layer_forward:37.96696662902832
INFO:trainer_layer_forward:36.7276668548584
INFO:trainer_layer_forward:36.8351936340332
INFO:trainer_layer_forward:36.5910530090332
INFO:trainer_layer_forward:36.02957725524902
INFO:trainer_layer_forward:36.881208419799805
INFO:trainer_layer_forward:37.099599838256836
INFO:trainer_layer_forward:37.07766532897949
INFO:trainer_layer_forward:37.181854248046875
INFO:trainer_layer_forward:37.68038749694824
INFO:trainer_layer_forward:37.04023361206055
INFO:trainer_layer_forward:37.88352012634277
INFO:trainer_layer_forward:36.14377975463867
INFO:trainer_layer_forward:37.178754806518555
INFO:trainer_layer_forward:36.26871109008789
INFO:trainer_layer_forward:36.482810974121094
INFO:trainer_layer_forward:36.0407829284668
INFO:trainer_layer_forward:37.30154037475586
INFO:trainer_layer_forward:35.53962707519531
INFO:trainer_layer_forward:37.16611862182617
INFO:trainer_layer_forward:38.11240196228027
INFO:trainer_layer_forward:37.34469413757324
INFO:trainer_layer_forward:39.11733627319336
INFO:trainer_layer_forward:37.3384952545166
INFO:trainer_layer_forward:37.3835563659668
INFO:trainer_layer_forward:37.3532772064209
INFO:trainer_layer_forward:36.8046760559082
INFO:trainer_layer_forward:37.85538673400879
INFO:trainer_layer_forward:35.970449447631836
INFO:trainer_layer_forward:35.793304443359375
INFO:trainer_layer_forward:37.544965744018555
INFO:trainer_layer_forward:36.06772422790527
INFO:trainer_layer_forward:36.06605529785156
INFO:trainer_layer_forward:37.87660598754883
INFO:trainer_layer_forward:35.47930717468262
INFO:trainer_layer_forward:36.208152770996094
INFO:trainer_layer_forward:37.46819496154785
INFO:trainer_layer_forward:35.57276725769043
INFO:trainer_layer_forward:36.37862205505371
INFO:trainer_layer_forward:38.04945945739746
INFO:trainer_layer_forward:35.66861152648926
INFO:trainer_layer_forward:37.050724029541016
INFO:trainer_layer_forward:37.14132308959961
INFO:trainer_layer_forward:37.13655471801758
INFO:trainer_layer_forward:36.40556335449219
INFO:trainer_layer_forward:37.749528884887695
INFO:trainer_layer_forward:35.87746620178223
INFO:trainer_layer_forward:37.40811347961426
INFO:trainer_layer_forward:36.57674789428711
INFO:trainer_layer_forward:36.922454833984375
INFO:trainer_layer_forward:36.99994087219238
INFO:trainer_layer_forward:35.95399856567383
INFO:trainer_layer_forward:36.947011947631836
INFO:trainer_layer_forward:37.43171691894531
INFO:trainer_layer_forward:36.68069839477539
INFO:trainer_layer_forward:36.76724433898926
INFO:trainer_layer_forward:35.79139709472656
INFO:trainer_layer_forward:36.24272346496582
INFO:trainer_layer_forward:35.60495376586914
INFO:trainer_layer_forward:37.25552558898926
INFO:trainer_layer_forward:35.903215408325195
INFO:trainer_layer_forward:35.869598388671875
INFO:trainer_layer_forward:37.374019622802734
INFO:trainer_layer_forward:36.91697120666504
INFO:trainer_layer_forward:35.69650650024414
INFO:trainer_layer_forward:37.22357749938965
INFO:trainer_layer_forward:36.00645065307617
INFO:trainer_layer_forward:37.13393211364746
INFO:trainer_layer_forward:38.32197189331055
INFO:trainer_layer_forward:36.133527755737305
INFO:trainer_layer_forward:36.29565238952637
INFO:trainer_layer_forward:35.72559356689453
INFO:trainer_layer_forward:36.03792190551758
INFO:trainer_layer_forward:35.722970962524414
INFO:trainer_layer_forward:36.67712211608887
INFO:trainer_layer_forward:35.83264350891113
INFO:trainer_layer_forward:35.47930717468262
INFO:trainer_layer_forward:36.56148910522461
INFO:trainer_layer_forward:36.88955307006836
INFO:trainer_layer_forward:35.820960998535156
INFO:trainer_layer_forward:36.52667999267578
INFO:trainer_layer_forward:37.047624588012695
INFO:trainer_layer_forward:35.674095153808594
INFO:trainer_layer_forward:36.88454627990723
INFO:trainer_layer_forward:37.224531173706055
INFO:trainer_layer_forward:35.698890686035156
INFO:trainer_layer_forward:36.59701347351074
INFO:trainer_layer_forward:36.96608543395996
INFO:trainer_layer_forward:37.07385063171387
INFO:trainer_layer_forward:37.390708923339844
INFO:trainer_layer_forward:35.81714630126953
INFO:trainer_layer_forward:36.557912826538086
INFO:trainer_layer_forward:37.17470169067383
INFO:trainer_layer_forward:37.865638732910156
INFO:trainer_layer_forward:37.04357147216797
INFO:trainer_layer_forward:37.13107109069824
INFO:trainer_layer_forward:35.73489189147949
INFO:trainer_layer_forward:36.60893440246582
INFO:trainer_layer_forward:37.1546745300293
INFO:trainer_layer_forward:36.962032318115234
INFO:trainer_layer_forward:38.13481330871582
INFO:trainer_layer_forward:35.84575653076172
INFO:trainer_layer_forward:36.93532943725586
INFO:trainer_layer_forward:37.67704963684082
INFO:trainer_layer_forward:36.95535659790039
INFO:trainer_layer_forward:37.55640983581543
INFO:trainer_layer_forward:35.8586311340332
INFO:trainer_layer_forward:36.179304122924805
INFO:trainer_layer_forward:37.82796859741211
INFO:trainer_layer_forward:36.06462478637695
INFO:trainer_layer_forward:37.154436111450195
INFO:trainer_layer_forward:36.60845756530762
INFO:trainer_layer_forward:38.47479820251465
INFO:trainer_layer_forward:35.596370697021484
INFO:trainer_layer_forward:36.559104919433594
INFO:trainer_layer_forward:37.145137786865234
INFO:trainer_layer_forward:37.775278091430664
INFO:trainer_layer_forward:37.96076774597168
INFO:trainer_layer_forward:36.429405212402344
INFO:trainer_layer_forward:37.14561462402344
INFO:trainer_layer_forward:38.04421424865723
INFO:trainer_layer_forward:37.82153129577637
INFO:trainer_layer_forward:35.648345947265625
INFO:trainer_layer_forward:36.328792572021484
INFO:trainer_layer_forward:38.10524940490723
INFO:trainer_layer_forward:35.94827651977539
INFO:trainer_layer_forward:35.80331802368164
INFO:trainer_layer_forward:37.01353073120117
INFO:trainer_layer_forward:37.60814666748047
INFO:trainer_layer_forward:36.55695915222168
INFO:trainer_layer_forward:36.93222999572754
INFO:trainer_layer_forward:36.99946403503418
INFO:trainer_layer_forward:35.68577766418457
INFO:trainer_layer_forward:36.20719909667969
INFO:trainer_layer_forward:36.29112243652344
INFO:trainer_layer_forward:35.8731746673584
INFO:trainer_layer_forward:36.7426872253418
INFO:trainer_layer_forward:37.72687911987305
INFO:trainer_layer_forward:36.02933883666992
INFO:trainer_layer_forward:36.50665283203125
INFO:trainer_layer_forward:36.47589683532715
INFO:trainer_layer_forward:36.86833381652832
INFO:trainer_layer_forward:36.31711006164551
INFO:trainer_layer_forward:36.385536193847656
INFO:trainer_layer_forward:37.262678146362305
INFO:trainer_layer_forward:36.27943992614746
INFO:trainer_layer_forward:36.83209419250488
INFO:trainer_layer_forward:35.918474197387695
INFO:trainer_layer_forward:36.25750541687012
INFO:trainer_layer_forward:37.24932670593262
INFO:trainer_layer_forward:36.02027893066406
INFO:trainer_layer_forward:37.11891174316406
INFO:trainer_layer_forward:36.21363639831543
INFO:trainer_layer_forward:35.91561317443848
INFO:trainer_layer_forward:36.82994842529297
INFO:trainer_layer_forward:37.320613861083984
INFO:trainer_layer_forward:35.87508201599121
INFO:trainer_layer_forward:37.114858627319336
INFO:trainer_layer_forward:36.402225494384766
INFO:trainer_layer_forward:35.86578369140625
INFO:trainer_layer_forward:36.92030906677246
INFO:trainer_layer_forward:37.297725677490234
INFO:trainer_layer_forward:37.0943546295166
INFO:trainer_layer_forward:35.8734130859375
INFO:trainer_layer_forward:37.37688064575195
INFO:trainer_layer_forward:36.876678466796875
INFO:trainer_layer_forward:38.9406681060791
INFO:trainer_layer_forward:35.3846549987793
INFO:trainer_layer_forward:36.30328178405762
INFO:trainer_layer_forward:37.43934631347656
INFO:trainer_layer_forward:37.034034729003906
INFO:trainer_layer_forward:38.15889358520508
INFO:trainer_layer_forward:38.4058952331543
INFO:trainer_layer_forward:35.875558853149414
INFO:trainer_layer_forward:37.67251968383789
INFO:trainer_layer_forward:36.48829460144043
INFO:trainer_layer_forward:37.36543655395508
INFO:trainer_layer_forward:35.72654724121094
INFO:trainer_layer_forward:36.736249923706055
INFO:trainer_layer_forward:37.871360778808594
INFO:trainer_layer_forward:35.87937355041504
INFO:trainer_layer_forward:36.45920753479004
INFO:trainer_layer_forward:36.89408302307129
INFO:trainer_layer_forward:35.991668701171875
INFO:trainer_layer_forward:34.853219985961914
INFO:trainer_layer_forward:36.190032958984375
INFO:trainer_layer_forward:36.90290451049805
INFO:trainer_layer_forward:36.566972732543945
INFO:trainer_layer_forward:36.672115325927734
INFO:trainer_layer_forward:35.7820987701416
INFO:trainer_layer_forward:36.70048713684082
INFO:trainer_layer_forward:36.72313690185547
INFO:trainer_layer_forward:35.97402572631836
INFO:trainer_layer_forward:36.15522384643555
INFO:trainer_layer_forward:36.95106506347656
INFO:trainer_layer_forward:36.023855209350586
INFO:trainer_layer_forward:37.40811347961426
INFO:trainer_layer_forward:37.45317459106445
INFO:trainer_layer_forward:36.03482246398926
INFO:trainer_layer_forward:37.97149658203125
INFO:trainer_layer_forward:37.24336624145508
INFO:trainer_layer_forward:37.12129592895508
INFO:trainer_layer_forward:36.91554069519043
INFO:trainer_layer_forward:37.438392639160156
INFO:trainer_layer_forward:36.90838813781738
INFO:trainer_layer_forward:36.01980209350586
INFO:trainer_layer_forward:37.02354431152344
INFO:trainer_layer_forward:35.85696220397949
INFO:trainer_layer_forward:36.85474395751953
INFO:trainer_layer_forward:37.21117973327637
INFO:trainer_layer_forward:35.66431999206543
INFO:trainer_layer_forward:36.992788314819336
INFO:trainer_layer_forward:37.44220733642578
INFO:trainer_layer_forward:36.38577461242676
INFO:trainer_layer_forward:38.237810134887695
INFO:trainer_layer_forward:36.780357360839844
INFO:trainer_layer_forward:37.11724281311035
INFO:trainer_layer_forward:35.94350814819336
INFO:trainer_layer_forward:37.70732879638672
INFO:trainer_layer_forward:36.31734848022461
INFO:trainer_layer_forward:37.53161430358887
INFO:trainer_layer_forward:36.21649742126465
INFO:trainer_layer_forward:37.197113037109375
INFO:trainer_layer_forward:35.75778007507324
INFO:trainer_layer_forward:36.325931549072266
INFO:trainer_layer_forward:37.16135025024414
INFO:trainer_layer_forward:35.79998016357422
INFO:trainer_layer_forward:36.255598068237305
INFO:trainer_layer_forward:37.50777244567871
INFO:trainer_layer_forward:35.81380844116211
INFO:trainer_layer_forward:35.48288345336914
INFO:trainer_layer_forward:36.38339042663574
INFO:trainer_layer_forward:37.354230880737305
INFO:trainer_layer_forward:35.94613075256348
INFO:trainer_layer_forward:37.04094886779785
INFO:trainer_layer_forward:37.10675239562988
INFO:trainer_layer_forward:36.969661712646484
INFO:trainer_layer_forward:36.95988655090332
INFO:trainer_layer_forward:37.94097900390625
INFO:trainer_layer_forward:35.84003448486328
INFO:trainer_layer_forward:36.4840030670166
INFO:trainer_layer_forward:37.72544860839844
INFO:trainer_layer_forward:36.008358001708984
INFO:trainer_layer_forward:37.455081939697266
INFO:trainer_layer_forward:36.83900833129883
INFO:trainer_layer_forward:35.91632843017578
INFO:trainer_layer_forward:36.830902099609375
INFO:trainer_layer_forward:36.536216735839844
INFO:trainer_layer_forward:35.77923774719238
INFO:trainer_layer_forward:36.856651306152344
INFO:trainer_layer_forward:35.81953048706055
INFO:trainer_layer_forward:37.050724029541016
INFO:trainer_layer_forward:36.96250915527344
INFO:trainer_layer_forward:36.1323356628418
INFO:trainer_layer_forward:37.076711654663086
INFO:trainer_layer_forward:36.74650192260742
INFO:trainer_layer_forward:35.709381103515625
INFO:trainer_layer_forward:37.238121032714844
INFO:trainer_layer_forward:37.146568298339844
INFO:trainer_layer_forward:36.89122200012207
INFO:trainer_layer_forward:35.96949577331543
INFO:trainer_layer_forward:37.627458572387695
INFO:trainer_layer_forward:35.62045097351074
INFO:trainer_layer_forward:37.14275360107422
INFO:trainer_layer_forward:37.73617744445801
INFO:trainer_layer_forward:37.22381591796875
INFO:trainer_layer_forward:35.95137596130371
INFO:trainer_layer_forward:37.630558013916016
INFO:trainer_layer_forward:35.93873977661133
INFO:trainer_layer_forward:37.49418258666992
INFO:trainer_layer_forward:35.42375564575195
INFO:trainer_layer_forward:37.01329231262207
INFO:trainer_layer_forward:36.97919845581055
