INFO:trainer_layer_forward:FFT_CNNEx | mnist
INFO:trainer_layer_forward:in_size : 512 | epochs : 1 | batch : 1
INFO:trainer_layer_forward:kernel_l1 : 257 | 
INFO:trainer_layer_forward:o_channels_l1 : 20 | 
INFO:trainer_layer_forward:learn_num_train : 1000 | learn_num_validate : 0 
INFO:trainer_layer_forward::::::::::::::::::::::::::::::::::::::::::::::::::::::::::::
INFO:trainer_layer_forward:message : fft_conv1 
INFO:trainer_layer_forward::::::::::::::::::::::::::::::::::::::::::::::::::::::::::::
INFO:trainer_layer_forward:Ave_Time : 8.670486825885195
INFO:trainer_layer_forward::::::::::::::::::::::::::::::::::::::::::::::::::::::::::::
INFO:trainer_layer_forward:10.659456253051758
INFO:trainer_layer_forward:10.23101806640625
INFO:trainer_layer_forward:10.21718978881836
INFO:trainer_layer_forward:9.234428405761719
INFO:trainer_layer_forward:9.174585342407227
INFO:trainer_layer_forward:8.680343627929688
INFO:trainer_layer_forward:8.530139923095703
INFO:trainer_layer_forward:9.277582168579102
INFO:trainer_layer_forward:8.532524108886719
INFO:trainer_layer_forward:8.893728256225586
INFO:trainer_layer_forward:9.347915649414062
INFO:trainer_layer_forward:8.506298065185547
INFO:trainer_layer_forward:9.10329818725586
INFO:trainer_layer_forward:9.11092758178711
INFO:trainer_layer_forward:8.796930313110352
INFO:trainer_layer_forward:9.047508239746094
INFO:trainer_layer_forward:8.481740951538086
INFO:trainer_layer_forward:8.389472961425781
INFO:trainer_layer_forward:9.233236312866211
INFO:trainer_layer_forward:7.976293563842773
INFO:trainer_layer_forward:9.030342102050781
INFO:trainer_layer_forward:8.742570877075195
INFO:trainer_layer_forward:8.795499801635742
INFO:trainer_layer_forward:9.086847305297852
INFO:trainer_layer_forward:8.367776870727539
INFO:trainer_layer_forward:8.91876220703125
INFO:trainer_layer_forward:8.73565673828125
INFO:trainer_layer_forward:7.977962493896484
INFO:trainer_layer_forward:8.947372436523438
INFO:trainer_layer_forward:13.260126113891602
INFO:trainer_layer_forward:8.476972579956055
INFO:trainer_layer_forward:8.942842483520508
INFO:trainer_layer_forward:9.473800659179688
INFO:trainer_layer_forward:8.026838302612305
INFO:trainer_layer_forward:8.686542510986328
INFO:trainer_layer_forward:9.529829025268555
INFO:trainer_layer_forward:8.246421813964844
INFO:trainer_layer_forward:7.9975128173828125
INFO:trainer_layer_forward:8.370161056518555
INFO:trainer_layer_forward:7.986545562744141
INFO:trainer_layer_forward:9.415864944458008
INFO:trainer_layer_forward:7.980585098266602
INFO:trainer_layer_forward:9.007692337036133
INFO:trainer_layer_forward:9.248018264770508
INFO:trainer_layer_forward:8.22305679321289
INFO:trainer_layer_forward:9.387731552124023
INFO:trainer_layer_forward:8.577346801757812
INFO:trainer_layer_forward:7.9784393310546875
INFO:trainer_layer_forward:9.6588134765625
INFO:trainer_layer_forward:8.29625129699707
INFO:trainer_layer_forward:9.057283401489258
INFO:trainer_layer_forward:9.15670394897461
INFO:trainer_layer_forward:8.008003234863281
INFO:trainer_layer_forward:9.245634078979492
INFO:trainer_layer_forward:8.477210998535156
INFO:trainer_layer_forward:7.988452911376953
INFO:trainer_layer_forward:9.476900100708008
INFO:trainer_layer_forward:7.993936538696289
INFO:trainer_layer_forward:8.749961853027344
INFO:trainer_layer_forward:9.193658828735352
INFO:trainer_layer_forward:8.014440536499023
INFO:trainer_layer_forward:9.443044662475586
INFO:trainer_layer_forward:8.527994155883789
INFO:trainer_layer_forward:8.023262023925781
INFO:trainer_layer_forward:9.629249572753906
INFO:trainer_layer_forward:7.985353469848633
INFO:trainer_layer_forward:9.064912796020508
INFO:trainer_layer_forward:8.867025375366211
INFO:trainer_layer_forward:7.964611053466797
INFO:trainer_layer_forward:9.701967239379883
INFO:trainer_layer_forward:8.52060317993164
INFO:trainer_layer_forward:8.622407913208008
INFO:trainer_layer_forward:9.724855422973633
INFO:trainer_layer_forward:7.998943328857422
INFO:trainer_layer_forward:9.146690368652344
INFO:trainer_layer_forward:9.274005889892578
INFO:trainer_layer_forward:7.997989654541016
INFO:trainer_layer_forward:9.395360946655273
INFO:trainer_layer_forward:8.508443832397461
INFO:trainer_layer_forward:8.09335708618164
INFO:trainer_layer_forward:9.65571403503418
INFO:trainer_layer_forward:8.030414581298828
INFO:trainer_layer_forward:8.620262145996094
INFO:trainer_layer_forward:8.910655975341797
INFO:trainer_layer_forward:7.982492446899414
INFO:trainer_layer_forward:9.05752182006836
INFO:trainer_layer_forward:9.245872497558594
INFO:trainer_layer_forward:7.979393005371094
INFO:trainer_layer_forward:9.380817413330078
INFO:trainer_layer_forward:8.454322814941406
INFO:trainer_layer_forward:7.995128631591797
INFO:trainer_layer_forward:9.680747985839844
INFO:trainer_layer_forward:8.472681045532227
INFO:trainer_layer_forward:8.621692657470703
INFO:trainer_layer_forward:8.860111236572266
INFO:trainer_layer_forward:7.980108261108398
INFO:trainer_layer_forward:9.537220001220703
INFO:trainer_layer_forward:8.5296630859375
INFO:trainer_layer_forward:7.962942123413086
INFO:trainer_layer_forward:9.514808654785156
INFO:trainer_layer_forward:7.974863052368164
INFO:trainer_layer_forward:8.760213851928711
INFO:trainer_layer_forward:8.821725845336914
INFO:trainer_layer_forward:8.008480072021484
INFO:trainer_layer_forward:20.920753479003906
INFO:trainer_layer_forward:7.987499237060547
INFO:trainer_layer_forward:9.504318237304688
INFO:trainer_layer_forward:8.001565933227539
INFO:trainer_layer_forward:8.183956146240234
INFO:trainer_layer_forward:9.27591323852539
INFO:trainer_layer_forward:7.999897003173828
INFO:trainer_layer_forward:9.776830673217773
INFO:trainer_layer_forward:8.472442626953125
INFO:trainer_layer_forward:9.072065353393555
INFO:trainer_layer_forward:9.26065444946289
INFO:trainer_layer_forward:8.003711700439453
INFO:trainer_layer_forward:8.672714233398438
INFO:trainer_layer_forward:9.78231430053711
INFO:trainer_layer_forward:8.040904998779297
INFO:trainer_layer_forward:8.677959442138672
INFO:trainer_layer_forward:8.821964263916016
INFO:trainer_layer_forward:7.977485656738281
INFO:trainer_layer_forward:9.201526641845703
INFO:trainer_layer_forward:8.372068405151367
INFO:trainer_layer_forward:8.472442626953125
INFO:trainer_layer_forward:8.839130401611328
INFO:trainer_layer_forward:8.046150207519531
INFO:trainer_layer_forward:9.270668029785156
INFO:trainer_layer_forward:8.458614349365234
INFO:trainer_layer_forward:8.054971694946289
INFO:trainer_layer_forward:9.533882141113281
INFO:trainer_layer_forward:7.981538772583008
INFO:trainer_layer_forward:8.60452651977539
INFO:trainer_layer_forward:8.780479431152344
INFO:trainer_layer_forward:7.994651794433594
INFO:trainer_layer_forward:9.199142456054688
INFO:trainer_layer_forward:8.017539978027344
INFO:trainer_layer_forward:8.57686996459961
INFO:trainer_layer_forward:9.213447570800781
INFO:trainer_layer_forward:7.968902587890625
INFO:trainer_layer_forward:9.345769882202148
INFO:trainer_layer_forward:8.47482681274414
INFO:trainer_layer_forward:8.445024490356445
INFO:trainer_layer_forward:9.55057144165039
INFO:trainer_layer_forward:8.008241653442383
INFO:trainer_layer_forward:8.634805679321289
INFO:trainer_layer_forward:9.203195571899414
INFO:trainer_layer_forward:7.963657379150391
INFO:trainer_layer_forward:9.253978729248047
INFO:trainer_layer_forward:8.446455001831055
INFO:trainer_layer_forward:8.009910583496094
INFO:trainer_layer_forward:9.621858596801758
INFO:trainer_layer_forward:7.993459701538086
INFO:trainer_layer_forward:8.807897567749023
INFO:trainer_layer_forward:8.817434310913086
INFO:trainer_layer_forward:7.966518402099609
INFO:trainer_layer_forward:9.24372673034668
INFO:trainer_layer_forward:7.985353469848633
INFO:trainer_layer_forward:8.648157119750977
INFO:trainer_layer_forward:9.142637252807617
INFO:trainer_layer_forward:7.999897003173828
INFO:trainer_layer_forward:9.39631462097168
INFO:trainer_layer_forward:8.473873138427734
INFO:trainer_layer_forward:8.017301559448242
INFO:trainer_layer_forward:9.258508682250977
INFO:trainer_layer_forward:7.985591888427734
INFO:trainer_layer_forward:8.824348449707031
INFO:trainer_layer_forward:8.795022964477539
INFO:trainer_layer_forward:8.021116256713867
INFO:trainer_layer_forward:9.171009063720703
INFO:trainer_layer_forward:8.376121520996094
INFO:trainer_layer_forward:8.625984191894531
INFO:trainer_layer_forward:8.827924728393555
INFO:trainer_layer_forward:7.982730865478516
INFO:trainer_layer_forward:9.28044319152832
INFO:trainer_layer_forward:8.440256118774414
INFO:trainer_layer_forward:8.001327514648438
INFO:trainer_layer_forward:9.59467887878418
INFO:trainer_layer_forward:7.997035980224609
INFO:trainer_layer_forward:8.797645568847656
INFO:trainer_layer_forward:9.163856506347656
INFO:trainer_layer_forward:7.966756820678711
INFO:trainer_layer_forward:9.404897689819336
INFO:trainer_layer_forward:8.435249328613281
INFO:trainer_layer_forward:7.963657379150391
INFO:trainer_layer_forward:9.58108901977539
INFO:trainer_layer_forward:7.961273193359375
INFO:trainer_layer_forward:8.77237319946289
INFO:trainer_layer_forward:8.7890625
INFO:trainer_layer_forward:7.977724075317383
INFO:trainer_layer_forward:9.668350219726562
INFO:trainer_layer_forward:8.441686630249023
INFO:trainer_layer_forward:8.548259735107422
INFO:trainer_layer_forward:8.801937103271484
INFO:trainer_layer_forward:7.977008819580078
INFO:trainer_layer_forward:9.326457977294922
INFO:trainer_layer_forward:8.871078491210938
INFO:trainer_layer_forward:7.976293563842773
INFO:trainer_layer_forward:9.692907333374023
INFO:trainer_layer_forward:8.461713790893555
INFO:trainer_layer_forward:8.544206619262695
INFO:trainer_layer_forward:8.79526138305664
INFO:trainer_layer_forward:7.961511611938477
INFO:trainer_layer_forward:9.304285049438477
INFO:trainer_layer_forward:8.426189422607422
INFO:trainer_layer_forward:7.981538772583008
INFO:trainer_layer_forward:9.569168090820312
INFO:trainer_layer_forward:7.969856262207031
INFO:trainer_layer_forward:8.841514587402344
INFO:trainer_layer_forward:8.86225700378418
INFO:trainer_layer_forward:8.010387420654297
INFO:trainer_layer_forward:9.279012680053711
INFO:trainer_layer_forward:8.014202117919922
INFO:trainer_layer_forward:8.634567260742188
INFO:trainer_layer_forward:9.161949157714844
INFO:trainer_layer_forward:8.02159309387207
INFO:trainer_layer_forward:9.280204772949219
INFO:trainer_layer_forward:8.506536483764648
INFO:trainer_layer_forward:7.99250602722168
INFO:trainer_layer_forward:9.641647338867188
INFO:trainer_layer_forward:7.964611053466797
INFO:trainer_layer_forward:8.821487426757812
INFO:trainer_layer_forward:9.214401245117188
INFO:trainer_layer_forward:7.961750030517578
INFO:trainer_layer_forward:9.31549072265625
INFO:trainer_layer_forward:8.449077606201172
INFO:trainer_layer_forward:8.041620254516602
INFO:trainer_layer_forward:8.890151977539062
INFO:trainer_layer_forward:8.078575134277344
INFO:trainer_layer_forward:9.020090103149414
INFO:trainer_layer_forward:8.896350860595703
INFO:trainer_layer_forward:8.02922248840332
INFO:trainer_layer_forward:9.290695190429688
INFO:trainer_layer_forward:8.471250534057617
INFO:trainer_layer_forward:8.423566818237305
INFO:trainer_layer_forward:8.832931518554688
INFO:trainer_layer_forward:8.009195327758789
INFO:trainer_layer_forward:9.304285049438477
INFO:trainer_layer_forward:8.47482681274414
INFO:trainer_layer_forward:8.008003234863281
INFO:trainer_layer_forward:9.631156921386719
INFO:trainer_layer_forward:8.009672164916992
INFO:trainer_layer_forward:8.647918701171875
INFO:trainer_layer_forward:9.217023849487305
INFO:trainer_layer_forward:7.971525192260742
INFO:trainer_layer_forward:9.301900863647461
INFO:trainer_layer_forward:8.35418701171875
INFO:trainer_layer_forward:8.100509643554688
INFO:trainer_layer_forward:9.250402450561523
INFO:trainer_layer_forward:7.977962493896484
INFO:trainer_layer_forward:9.329557418823242
INFO:trainer_layer_forward:8.487701416015625
INFO:trainer_layer_forward:7.990360260009766
INFO:trainer_layer_forward:9.582281112670898
INFO:trainer_layer_forward:7.992029190063477
INFO:trainer_layer_forward:8.939743041992188
INFO:trainer_layer_forward:9.199380874633789
INFO:trainer_layer_forward:8.023500442504883
INFO:trainer_layer_forward:9.23609733581543
INFO:trainer_layer_forward:8.49008560180664
INFO:trainer_layer_forward:8.054018020629883
INFO:trainer_layer_forward:9.14454460144043
INFO:trainer_layer_forward:8.013248443603516
INFO:trainer_layer_forward:9.24229621887207
INFO:trainer_layer_forward:8.804082870483398
INFO:trainer_layer_forward:7.967710494995117
INFO:trainer_layer_forward:9.254693984985352
INFO:trainer_layer_forward:7.9822540283203125
INFO:trainer_layer_forward:8.659124374389648
INFO:trainer_layer_forward:9.244203567504883
INFO:trainer_layer_forward:7.95292854309082
INFO:trainer_layer_forward:9.402275085449219
INFO:trainer_layer_forward:8.472681045532227
INFO:trainer_layer_forward:8.09788703918457
INFO:trainer_layer_forward:9.66787338256836
INFO:trainer_layer_forward:7.95435905456543
INFO:trainer_layer_forward:8.764266967773438
INFO:trainer_layer_forward:8.834123611450195
INFO:trainer_layer_forward:8.042097091674805
INFO:trainer_layer_forward:8.786678314208984
INFO:trainer_layer_forward:8.984565734863281
INFO:trainer_layer_forward:7.9708099365234375
INFO:trainer_layer_forward:9.236812591552734
INFO:trainer_layer_forward:8.474349975585938
INFO:trainer_layer_forward:7.986545562744141
INFO:trainer_layer_forward:9.460210800170898
INFO:trainer_layer_forward:7.962942123413086
INFO:trainer_layer_forward:9.052038192749023
INFO:trainer_layer_forward:8.989095687866211
INFO:trainer_layer_forward:7.973194122314453
INFO:trainer_layer_forward:9.185552597045898
INFO:trainer_layer_forward:8.028984069824219
INFO:trainer_layer_forward:8.634567260742188
INFO:trainer_layer_forward:8.94474983215332
INFO:trainer_layer_forward:7.968664169311523
INFO:trainer_layer_forward:9.251832962036133
INFO:trainer_layer_forward:8.522748947143555
INFO:trainer_layer_forward:8.028984069824219
INFO:trainer_layer_forward:9.716987609863281
INFO:trainer_layer_forward:7.9803466796875
INFO:trainer_layer_forward:9.017705917358398
INFO:trainer_layer_forward:9.114503860473633
INFO:trainer_layer_forward:7.968664169311523
INFO:trainer_layer_forward:9.294748306274414
INFO:trainer_layer_forward:8.484840393066406
INFO:trainer_layer_forward:7.976770401000977
INFO:trainer_layer_forward:9.596586227416992
INFO:trainer_layer_forward:8.494853973388672
INFO:trainer_layer_forward:8.171558380126953
INFO:trainer_layer_forward:8.832931518554688
INFO:trainer_layer_forward:7.97581672668457
INFO:trainer_layer_forward:9.196043014526367
INFO:trainer_layer_forward:8.448600769042969
INFO:trainer_layer_forward:8.003473281860352
INFO:trainer_layer_forward:8.831977844238281
INFO:trainer_layer_forward:7.973194122314453
INFO:trainer_layer_forward:9.284019470214844
INFO:trainer_layer_forward:8.485555648803711
INFO:trainer_layer_forward:8.025169372558594
INFO:trainer_layer_forward:9.671211242675781
INFO:trainer_layer_forward:8.00323486328125
INFO:trainer_layer_forward:8.932352066040039
INFO:trainer_layer_forward:9.010791778564453
INFO:trainer_layer_forward:7.962226867675781
INFO:trainer_layer_forward:9.280920028686523
INFO:trainer_layer_forward:8.354902267456055
INFO:trainer_layer_forward:8.423328399658203
INFO:trainer_layer_forward:8.836746215820312
INFO:trainer_layer_forward:8.002281188964844
INFO:trainer_layer_forward:9.258031845092773
INFO:trainer_layer_forward:8.496999740600586
INFO:trainer_layer_forward:8.016586303710938
INFO:trainer_layer_forward:9.651422500610352
INFO:trainer_layer_forward:8.003711700439453
INFO:trainer_layer_forward:8.762359619140625
INFO:trainer_layer_forward:9.207010269165039
INFO:trainer_layer_forward:8.002281188964844
INFO:trainer_layer_forward:9.1400146484375
INFO:trainer_layer_forward:8.359193801879883
INFO:trainer_layer_forward:8.108139038085938
INFO:trainer_layer_forward:8.817911148071289
INFO:trainer_layer_forward:7.990121841430664
INFO:trainer_layer_forward:9.611129760742188
INFO:trainer_layer_forward:8.538961410522461
INFO:trainer_layer_forward:7.945775985717773
INFO:trainer_layer_forward:9.47427749633789
INFO:trainer_layer_forward:7.972478866577148
INFO:trainer_layer_forward:8.59832763671875
INFO:trainer_layer_forward:8.972883224487305
INFO:trainer_layer_forward:7.962465286254883
INFO:trainer_layer_forward:9.235382080078125
INFO:trainer_layer_forward:8.357524871826172
INFO:trainer_layer_forward:8.655786514282227
INFO:trainer_layer_forward:8.800506591796875
INFO:trainer_layer_forward:7.981300354003906
INFO:trainer_layer_forward:9.278535842895508
INFO:trainer_layer_forward:8.510112762451172
INFO:trainer_layer_forward:8.104801177978516
INFO:trainer_layer_forward:9.683847427368164
INFO:trainer_layer_forward:7.985115051269531
INFO:trainer_layer_forward:8.829593658447266
INFO:trainer_layer_forward:8.820772171020508
INFO:trainer_layer_forward:7.9822540283203125
INFO:trainer_layer_forward:9.763240814208984
INFO:trainer_layer_forward:8.484363555908203
INFO:trainer_layer_forward:8.628129959106445
INFO:trainer_layer_forward:8.837699890136719
INFO:trainer_layer_forward:7.98344612121582
INFO:trainer_layer_forward:9.293794631958008
INFO:trainer_layer_forward:8.49771499633789
INFO:trainer_layer_forward:8.089065551757812
INFO:trainer_layer_forward:9.708642959594727
INFO:trainer_layer_forward:7.967710494995117
INFO:trainer_layer_forward:8.990764617919922
INFO:trainer_layer_forward:8.792877197265625
INFO:trainer_layer_forward:8.015871047973633
INFO:trainer_layer_forward:9.744882583618164
INFO:trainer_layer_forward:8.008003234863281
INFO:trainer_layer_forward:9.135007858276367
INFO:trainer_layer_forward:9.254217147827148
INFO:trainer_layer_forward:7.9746246337890625
INFO:trainer_layer_forward:9.262800216674805
INFO:trainer_layer_forward:8.48078727722168
INFO:trainer_layer_forward:8.211851119995117
INFO:trainer_layer_forward:9.590625762939453
INFO:trainer_layer_forward:7.986307144165039
INFO:trainer_layer_forward:9.15980339050293
INFO:trainer_layer_forward:9.23299789428711
INFO:trainer_layer_forward:8.009910583496094
INFO:trainer_layer_forward:9.368419647216797
INFO:trainer_layer_forward:8.382320404052734
INFO:trainer_layer_forward:8.100271224975586
INFO:trainer_layer_forward:9.191751480102539
INFO:trainer_layer_forward:7.973909378051758
INFO:trainer_layer_forward:9.451627731323242
INFO:trainer_layer_forward:8.50367546081543
INFO:trainer_layer_forward:8.662700653076172
INFO:trainer_layer_forward:9.023666381835938
INFO:trainer_layer_forward:8.902788162231445
INFO:trainer_layer_forward:7.960081100463867
INFO:trainer_layer_forward:9.282112121582031
INFO:trainer_layer_forward:8.451223373413086
INFO:trainer_layer_forward:8.012056350708008
INFO:trainer_layer_forward:8.810281753540039
INFO:trainer_layer_forward:7.966041564941406
INFO:trainer_layer_forward:9.212493896484375
INFO:trainer_layer_forward:8.422136306762695
INFO:trainer_layer_forward:7.992267608642578
INFO:trainer_layer_forward:9.451866149902344
INFO:trainer_layer_forward:7.976293563842773
INFO:trainer_layer_forward:8.628368377685547
INFO:trainer_layer_forward:9.125709533691406
INFO:trainer_layer_forward:7.94672966003418
INFO:trainer_layer_forward:9.729862213134766
INFO:trainer_layer_forward:8.47005844116211
INFO:trainer_layer_forward:8.001327514648438
INFO:trainer_layer_forward:8.814334869384766
INFO:trainer_layer_forward:7.941722869873047
INFO:trainer_layer_forward:9.228944778442383
INFO:trainer_layer_forward:8.432388305664062
INFO:trainer_layer_forward:7.977962493896484
INFO:trainer_layer_forward:9.105443954467773
INFO:trainer_layer_forward:7.962226867675781
INFO:trainer_layer_forward:9.248971939086914
INFO:trainer_layer_forward:8.452415466308594
INFO:trainer_layer_forward:8.018016815185547
INFO:trainer_layer_forward:8.780479431152344
INFO:trainer_layer_forward:7.940530776977539
INFO:trainer_layer_forward:9.204864501953125
INFO:trainer_layer_forward:8.440256118774414
INFO:trainer_layer_forward:8.113622665405273
INFO:trainer_layer_forward:8.78763198852539
INFO:trainer_layer_forward:7.95435905456543
INFO:trainer_layer_forward:9.197473526000977
INFO:trainer_layer_forward:8.448362350463867
INFO:trainer_layer_forward:7.972478866577148
INFO:trainer_layer_forward:8.806943893432617
INFO:trainer_layer_forward:7.946968078613281
INFO:trainer_layer_forward:9.171247482299805
INFO:trainer_layer_forward:8.439779281616211
INFO:trainer_layer_forward:7.992029190063477
INFO:trainer_layer_forward:8.835077285766602
INFO:trainer_layer_forward:7.948637008666992
INFO:trainer_layer_forward:9.319067001342773
INFO:trainer_layer_forward:8.434057235717773
INFO:trainer_layer_forward:8.065223693847656
INFO:trainer_layer_forward:8.799552917480469
INFO:trainer_layer_forward:7.983207702636719
INFO:trainer_layer_forward:9.197235107421875
INFO:trainer_layer_forward:8.465290069580078
INFO:trainer_layer_forward:7.985353469848633
INFO:trainer_layer_forward:8.817434310913086
INFO:trainer_layer_forward:7.952213287353516
INFO:trainer_layer_forward:9.231328964233398
INFO:trainer_layer_forward:8.587360382080078
INFO:trainer_layer_forward:7.95435905456543
INFO:trainer_layer_forward:9.496927261352539
INFO:trainer_layer_forward:7.962465286254883
INFO:trainer_layer_forward:8.941650390625
INFO:trainer_layer_forward:8.790016174316406
INFO:trainer_layer_forward:7.94529914855957
INFO:trainer_layer_forward:9.24062728881836
INFO:trainer_layer_forward:8.316278457641602
INFO:trainer_layer_forward:8.627176284790039
INFO:trainer_layer_forward:8.966684341430664
INFO:trainer_layer_forward:7.9479217529296875
INFO:trainer_layer_forward:9.470224380493164
INFO:trainer_layer_forward:8.468151092529297
INFO:trainer_layer_forward:7.983207702636719
INFO:trainer_layer_forward:8.794784545898438
INFO:trainer_layer_forward:7.952451705932617
INFO:trainer_layer_forward:9.383440017700195
INFO:trainer_layer_forward:8.435487747192383
INFO:trainer_layer_forward:8.016586303710938
INFO:trainer_layer_forward:9.044170379638672
INFO:trainer_layer_forward:7.972955703735352
INFO:trainer_layer_forward:9.184598922729492
INFO:trainer_layer_forward:8.492231369018555
INFO:trainer_layer_forward:7.968425750732422
INFO:trainer_layer_forward:9.108304977416992
INFO:trainer_layer_forward:7.959127426147461
INFO:trainer_layer_forward:9.050130844116211
INFO:trainer_layer_forward:8.459329605102539
INFO:trainer_layer_forward:7.979869842529297
INFO:trainer_layer_forward:9.528160095214844
INFO:trainer_layer_forward:7.990837097167969
INFO:trainer_layer_forward:9.100914001464844
INFO:trainer_layer_forward:8.90970230102539
INFO:trainer_layer_forward:7.9517364501953125
INFO:trainer_layer_forward:9.718894958496094
INFO:trainer_layer_forward:7.972478866577148
INFO:trainer_layer_forward:8.93855094909668
INFO:trainer_layer_forward:9.000539779663086
INFO:trainer_layer_forward:8.12530517578125
INFO:trainer_layer_forward:9.269237518310547
INFO:trainer_layer_forward:8.513450622558594
INFO:trainer_layer_forward:7.973194122314453
INFO:trainer_layer_forward:9.39035415649414
INFO:trainer_layer_forward:7.950305938720703
INFO:trainer_layer_forward:9.164810180664062
INFO:trainer_layer_forward:8.778572082519531
INFO:trainer_layer_forward:7.971525192260742
INFO:trainer_layer_forward:9.747743606567383
INFO:trainer_layer_forward:7.968425750732422
INFO:trainer_layer_forward:8.74185562133789
INFO:trainer_layer_forward:8.953094482421875
INFO:trainer_layer_forward:7.991790771484375
INFO:trainer_layer_forward:9.124994277954102
INFO:trainer_layer_forward:8.441686630249023
INFO:trainer_layer_forward:7.974147796630859
INFO:trainer_layer_forward:9.451627731323242
INFO:trainer_layer_forward:7.9975128173828125
INFO:trainer_layer_forward:8.616447448730469
INFO:trainer_layer_forward:9.175777435302734
INFO:trainer_layer_forward:7.965087890625
INFO:trainer_layer_forward:9.249210357666016
INFO:trainer_layer_forward:8.412837982177734
INFO:trainer_layer_forward:7.997751235961914
INFO:trainer_layer_forward:8.970260620117188
INFO:trainer_layer_forward:7.9822540283203125
INFO:trainer_layer_forward:9.012222290039062
INFO:trainer_layer_forward:8.803129196166992
INFO:trainer_layer_forward:7.971048355102539
INFO:trainer_layer_forward:9.603738784790039
INFO:trainer_layer_forward:8.512735366821289
INFO:trainer_layer_forward:8.589029312133789
INFO:trainer_layer_forward:8.912801742553711
INFO:trainer_layer_forward:8.041143417358398
INFO:trainer_layer_forward:9.256839752197266
INFO:trainer_layer_forward:8.509159088134766
INFO:trainer_layer_forward:8.28099250793457
INFO:trainer_layer_forward:9.679794311523438
INFO:trainer_layer_forward:8.284807205200195
INFO:trainer_layer_forward:8.156776428222656
INFO:trainer_layer_forward:8.85772705078125
INFO:trainer_layer_forward:7.959604263305664
INFO:trainer_layer_forward:9.271383285522461
INFO:trainer_layer_forward:8.355855941772461
INFO:trainer_layer_forward:8.658647537231445
INFO:trainer_layer_forward:9.304046630859375
INFO:trainer_layer_forward:7.978677749633789
INFO:trainer_layer_forward:9.105920791625977
INFO:trainer_layer_forward:8.542537689208984
INFO:trainer_layer_forward:7.987499237060547
INFO:trainer_layer_forward:9.673595428466797
INFO:trainer_layer_forward:8.038997650146484
INFO:trainer_layer_forward:8.713483810424805
INFO:trainer_layer_forward:9.804010391235352
INFO:trainer_layer_forward:8.008718490600586
INFO:trainer_layer_forward:9.113073348999023
INFO:trainer_layer_forward:9.255647659301758
INFO:trainer_layer_forward:7.99870491027832
INFO:trainer_layer_forward:9.449005126953125
INFO:trainer_layer_forward:8.444070816040039
INFO:trainer_layer_forward:8.011102676391602
INFO:trainer_layer_forward:8.92782211303711
INFO:trainer_layer_forward:8.016347885131836
INFO:trainer_layer_forward:9.290933609008789
INFO:trainer_layer_forward:8.476018905639648
INFO:trainer_layer_forward:7.98797607421875
INFO:trainer_layer_forward:9.461164474487305
INFO:trainer_layer_forward:7.981538772583008
INFO:trainer_layer_forward:9.026765823364258
INFO:trainer_layer_forward:9.28807258605957
INFO:trainer_layer_forward:7.9441070556640625
INFO:trainer_layer_forward:9.427785873413086
INFO:trainer_layer_forward:8.44120979309082
INFO:trainer_layer_forward:7.995128631591797
INFO:trainer_layer_forward:8.791208267211914
INFO:trainer_layer_forward:7.944822311401367
INFO:trainer_layer_forward:9.29880142211914
INFO:trainer_layer_forward:8.448123931884766
INFO:trainer_layer_forward:8.1329345703125
INFO:trainer_layer_forward:9.81450080871582
INFO:trainer_layer_forward:8.277654647827148
INFO:trainer_layer_forward:8.415937423706055
INFO:trainer_layer_forward:9.21177864074707
INFO:trainer_layer_forward:7.979631423950195
INFO:trainer_layer_forward:9.286642074584961
INFO:trainer_layer_forward:8.358955383300781
INFO:trainer_layer_forward:8.0413818359375
INFO:trainer_layer_forward:9.243011474609375
INFO:trainer_layer_forward:7.946014404296875
INFO:trainer_layer_forward:9.376287460327148
INFO:trainer_layer_forward:8.42142105102539
INFO:trainer_layer_forward:7.990837097167969
INFO:trainer_layer_forward:8.98289680480957
INFO:trainer_layer_forward:7.986307144165039
INFO:trainer_layer_forward:9.35220718383789
INFO:trainer_layer_forward:8.493900299072266
INFO:trainer_layer_forward:7.961273193359375
INFO:trainer_layer_forward:9.629011154174805
INFO:trainer_layer_forward:7.959842681884766
INFO:trainer_layer_forward:9.069204330444336
INFO:trainer_layer_forward:8.800029754638672
INFO:trainer_layer_forward:7.986307144165039
INFO:trainer_layer_forward:9.723663330078125
INFO:trainer_layer_forward:7.995367050170898
INFO:trainer_layer_forward:8.760690689086914
INFO:trainer_layer_forward:9.012222290039062
INFO:trainer_layer_forward:7.965564727783203
INFO:trainer_layer_forward:9.263277053833008
INFO:trainer_layer_forward:8.46719741821289
INFO:trainer_layer_forward:7.987022399902344
INFO:trainer_layer_forward:8.814811706542969
INFO:trainer_layer_forward:7.996797561645508
INFO:trainer_layer_forward:9.241104125976562
INFO:trainer_layer_forward:8.546590805053711
INFO:trainer_layer_forward:8.002281188964844
INFO:trainer_layer_forward:9.597301483154297
INFO:trainer_layer_forward:7.961273193359375
INFO:trainer_layer_forward:9.076118469238281
INFO:trainer_layer_forward:8.808612823486328
INFO:trainer_layer_forward:7.967472076416016
INFO:trainer_layer_forward:9.850502014160156
INFO:trainer_layer_forward:8.459091186523438
INFO:trainer_layer_forward:7.976293563842773
INFO:trainer_layer_forward:9.192943572998047
INFO:trainer_layer_forward:7.945537567138672
INFO:trainer_layer_forward:9.268522262573242
INFO:trainer_layer_forward:8.47172737121582
INFO:trainer_layer_forward:7.998943328857422
INFO:trainer_layer_forward:9.688138961791992
INFO:trainer_layer_forward:7.9803466796875
INFO:trainer_layer_forward:9.149312973022461
INFO:trainer_layer_forward:9.236812591552734
INFO:trainer_layer_forward:7.963418960571289
INFO:trainer_layer_forward:9.357929229736328
INFO:trainer_layer_forward:8.341789245605469
INFO:trainer_layer_forward:8.120298385620117
INFO:trainer_layer_forward:9.228706359863281
INFO:trainer_layer_forward:7.997751235961914
INFO:trainer_layer_forward:9.39321517944336
INFO:trainer_layer_forward:8.513212203979492
INFO:trainer_layer_forward:8.340597152709961
INFO:trainer_layer_forward:9.634971618652344
INFO:trainer_layer_forward:7.979631423950195
INFO:trainer_layer_forward:9.009361267089844
INFO:trainer_layer_forward:9.221076965332031
INFO:trainer_layer_forward:7.974386215209961
INFO:trainer_layer_forward:9.333372116088867
INFO:trainer_layer_forward:8.366107940673828
INFO:trainer_layer_forward:8.088827133178711
INFO:trainer_layer_forward:9.192228317260742
INFO:trainer_layer_forward:7.960319519042969
INFO:trainer_layer_forward:9.296655654907227
INFO:trainer_layer_forward:8.447408676147461
INFO:trainer_layer_forward:7.985353469848633
INFO:trainer_layer_forward:9.665966033935547
INFO:trainer_layer_forward:7.958173751831055
INFO:trainer_layer_forward:8.624076843261719
INFO:trainer_layer_forward:8.838415145874023
INFO:trainer_layer_forward:7.971525192260742
INFO:trainer_layer_forward:9.257793426513672
INFO:trainer_layer_forward:7.999897003173828
INFO:trainer_layer_forward:8.612871170043945
INFO:trainer_layer_forward:9.245634078979492
INFO:trainer_layer_forward:7.960796356201172
INFO:trainer_layer_forward:9.331703186035156
INFO:trainer_layer_forward:8.507490158081055
INFO:trainer_layer_forward:7.985591888427734
INFO:trainer_layer_forward:9.452581405639648
INFO:trainer_layer_forward:8.006572723388672
INFO:trainer_layer_forward:9.050369262695312
INFO:trainer_layer_forward:8.804798126220703
INFO:trainer_layer_forward:7.982015609741211
INFO:trainer_layer_forward:9.70149040222168
INFO:trainer_layer_forward:8.517980575561523
INFO:trainer_layer_forward:7.987260818481445
INFO:trainer_layer_forward:8.961915969848633
INFO:trainer_layer_forward:7.957220077514648
INFO:trainer_layer_forward:9.282112121582031
INFO:trainer_layer_forward:8.471488952636719
INFO:trainer_layer_forward:7.980585098266602
INFO:trainer_layer_forward:9.629964828491211
INFO:trainer_layer_forward:8.003950119018555
INFO:trainer_layer_forward:9.049415588378906
INFO:trainer_layer_forward:8.858442306518555
INFO:trainer_layer_forward:7.960319519042969
INFO:trainer_layer_forward:9.670734405517578
INFO:trainer_layer_forward:8.477449417114258
INFO:trainer_layer_forward:8.619070053100586
INFO:trainer_layer_forward:9.221076965332031
INFO:trainer_layer_forward:7.999420166015625
INFO:trainer_layer_forward:8.843421936035156
INFO:trainer_layer_forward:8.906364440917969
INFO:trainer_layer_forward:7.971286773681641
INFO:trainer_layer_forward:9.731769561767578
INFO:trainer_layer_forward:8.48388671875
INFO:trainer_layer_forward:8.017778396606445
INFO:trainer_layer_forward:8.841753005981445
INFO:trainer_layer_forward:7.943630218505859
INFO:trainer_layer_forward:9.343147277832031
INFO:trainer_layer_forward:8.819580078125
INFO:trainer_layer_forward:7.946252822875977
INFO:trainer_layer_forward:9.25302505493164
INFO:trainer_layer_forward:8.414030075073242
INFO:trainer_layer_forward:8.601188659667969
INFO:trainer_layer_forward:9.705543518066406
INFO:trainer_layer_forward:7.991790771484375
INFO:trainer_layer_forward:8.804559707641602
INFO:trainer_layer_forward:8.816003799438477
INFO:trainer_layer_forward:7.975578308105469
INFO:trainer_layer_forward:9.479999542236328
INFO:trainer_layer_forward:8.353471755981445
INFO:trainer_layer_forward:7.956743240356445
INFO:trainer_layer_forward:9.482145309448242
INFO:trainer_layer_forward:7.969141006469727
INFO:trainer_layer_forward:8.978843688964844
INFO:trainer_layer_forward:8.814811706542969
INFO:trainer_layer_forward:7.966518402099609
INFO:trainer_layer_forward:9.628534317016602
INFO:trainer_layer_forward:8.453845977783203
INFO:trainer_layer_forward:8.39376449584961
INFO:trainer_layer_forward:8.838176727294922
INFO:trainer_layer_forward:7.9441070556640625
INFO:trainer_layer_forward:9.21010971069336
INFO:trainer_layer_forward:8.467674255371094
INFO:trainer_layer_forward:8.021831512451172
INFO:trainer_layer_forward:9.624004364013672
INFO:trainer_layer_forward:7.960081100463867
INFO:trainer_layer_forward:8.666038513183594
INFO:trainer_layer_forward:8.77523422241211
INFO:trainer_layer_forward:7.997989654541016
INFO:trainer_layer_forward:9.219884872436523
INFO:trainer_layer_forward:8.395910263061523
INFO:trainer_layer_forward:8.549690246582031
INFO:trainer_layer_forward:8.813619613647461
INFO:trainer_layer_forward:7.980108261108398
INFO:trainer_layer_forward:9.398937225341797
INFO:trainer_layer_forward:8.505582809448242
INFO:trainer_layer_forward:8.008480072021484
INFO:trainer_layer_forward:9.679079055786133
INFO:trainer_layer_forward:8.009195327758789
INFO:trainer_layer_forward:8.991241455078125
INFO:trainer_layer_forward:9.014129638671875
INFO:trainer_layer_forward:7.982969284057617
INFO:trainer_layer_forward:9.280204772949219
INFO:trainer_layer_forward:8.367061614990234
INFO:trainer_layer_forward:8.036136627197266
INFO:trainer_layer_forward:9.20867919921875
INFO:trainer_layer_forward:8.008718490600586
INFO:trainer_layer_forward:9.310007095336914
INFO:trainer_layer_forward:8.511543273925781
INFO:trainer_layer_forward:7.980823516845703
INFO:trainer_layer_forward:9.501457214355469
INFO:trainer_layer_forward:7.957696914672852
INFO:trainer_layer_forward:9.04989242553711
INFO:trainer_layer_forward:9.173154830932617
INFO:trainer_layer_forward:7.954597473144531
INFO:trainer_layer_forward:9.215593338012695
INFO:trainer_layer_forward:8.428573608398438
INFO:trainer_layer_forward:7.997274398803711
INFO:trainer_layer_forward:8.810758590698242
INFO:trainer_layer_forward:7.96198844909668
INFO:trainer_layer_forward:9.207963943481445
INFO:trainer_layer_forward:8.453369140625
INFO:trainer_layer_forward:7.979393005371094
INFO:trainer_layer_forward:9.508609771728516
INFO:trainer_layer_forward:7.977962493896484
INFO:trainer_layer_forward:8.823633193969727
INFO:trainer_layer_forward:9.096145629882812
INFO:trainer_layer_forward:7.946968078613281
INFO:trainer_layer_forward:9.238719940185547
INFO:trainer_layer_forward:8.440971374511719
INFO:trainer_layer_forward:8.006811141967773
INFO:trainer_layer_forward:9.541511535644531
INFO:trainer_layer_forward:7.960319519042969
INFO:trainer_layer_forward:9.101152420043945
INFO:trainer_layer_forward:9.185075759887695
INFO:trainer_layer_forward:7.9669952392578125
INFO:trainer_layer_forward:9.51528549194336
INFO:trainer_layer_forward:8.575201034545898
INFO:trainer_layer_forward:7.976531982421875
INFO:trainer_layer_forward:9.58561897277832
INFO:trainer_layer_forward:8.061885833740234
INFO:trainer_layer_forward:8.712053298950195
INFO:trainer_layer_forward:9.065628051757812
INFO:trainer_layer_forward:8.00180435180664
INFO:trainer_layer_forward:9.497404098510742
INFO:trainer_layer_forward:8.579492568969727
INFO:trainer_layer_forward:7.979869842529297
INFO:trainer_layer_forward:9.578466415405273
INFO:trainer_layer_forward:7.98797607421875
INFO:trainer_layer_forward:8.760452270507812
INFO:trainer_layer_forward:8.939027786254883
INFO:trainer_layer_forward:8.024454116821289
INFO:trainer_layer_forward:9.324073791503906
INFO:trainer_layer_forward:8.487939834594727
INFO:trainer_layer_forward:8.157491683959961
INFO:trainer_layer_forward:9.715795516967773
INFO:trainer_layer_forward:8.341789245605469
INFO:trainer_layer_forward:7.973909378051758
INFO:trainer_layer_forward:8.975982666015625
INFO:trainer_layer_forward:8.012056350708008
INFO:trainer_layer_forward:9.429454803466797
INFO:trainer_layer_forward:8.453130722045898
INFO:trainer_layer_forward:7.967233657836914
INFO:trainer_layer_forward:9.796142578125
INFO:trainer_layer_forward:7.978677749633789
INFO:trainer_layer_forward:8.760690689086914
INFO:trainer_layer_forward:9.041070938110352
INFO:trainer_layer_forward:8.001089096069336
INFO:trainer_layer_forward:9.304523468017578
INFO:trainer_layer_forward:8.37254524230957
INFO:trainer_layer_forward:8.434772491455078
INFO:trainer_layer_forward:8.890867233276367
INFO:trainer_layer_forward:7.967233657836914
INFO:trainer_layer_forward:9.313821792602539
INFO:trainer_layer_forward:8.595943450927734
INFO:trainer_layer_forward:8.04901123046875
INFO:trainer_layer_forward:9.557962417602539
INFO:trainer_layer_forward:8.044958114624023
INFO:trainer_layer_forward:8.7432861328125
INFO:trainer_layer_forward:8.99195671081543
INFO:trainer_layer_forward:7.957220077514648
INFO:trainer_layer_forward:9.491682052612305
INFO:trainer_layer_forward:8.493185043334961
INFO:trainer_layer_forward:7.964611053466797
INFO:trainer_layer_forward:9.60993766784668
INFO:trainer_layer_forward:7.994651794433594
INFO:trainer_layer_forward:9.000062942504883
INFO:trainer_layer_forward:9.233951568603516
INFO:trainer_layer_forward:7.970094680786133
INFO:trainer_layer_forward:9.271621704101562
INFO:trainer_layer_forward:8.542537689208984
INFO:trainer_layer_forward:7.9517364501953125
INFO:trainer_layer_forward:9.627342224121094
INFO:trainer_layer_forward:7.985830307006836
INFO:trainer_layer_forward:9.112834930419922
INFO:trainer_layer_forward:9.26065444946289
INFO:trainer_layer_forward:8.015632629394531
INFO:trainer_layer_forward:9.307146072387695
INFO:trainer_layer_forward:8.516550064086914
INFO:trainer_layer_forward:8.170366287231445
INFO:trainer_layer_forward:9.790897369384766
INFO:trainer_layer_forward:8.508682250976562
INFO:trainer_layer_forward:8.643865585327148
INFO:trainer_layer_forward:8.875131607055664
INFO:trainer_layer_forward:7.982492446899414
INFO:trainer_layer_forward:9.40561294555664
INFO:trainer_layer_forward:8.473396301269531
INFO:trainer_layer_forward:7.994174957275391
INFO:trainer_layer_forward:9.680747985839844
INFO:trainer_layer_forward:8.45026969909668
INFO:trainer_layer_forward:8.543729782104492
INFO:trainer_layer_forward:8.85629653930664
INFO:trainer_layer_forward:7.965803146362305
INFO:trainer_layer_forward:9.320497512817383
INFO:trainer_layer_forward:8.50057601928711
INFO:trainer_layer_forward:7.975339889526367
INFO:trainer_layer_forward:9.662866592407227
INFO:trainer_layer_forward:7.962465286254883
INFO:trainer_layer_forward:8.793115615844727
INFO:trainer_layer_forward:8.796453475952148
INFO:trainer_layer_forward:8.095502853393555
INFO:trainer_layer_forward:9.450435638427734
INFO:trainer_layer_forward:8.426427841186523
INFO:trainer_layer_forward:8.001327514648438
INFO:trainer_layer_forward:9.608983993530273
INFO:trainer_layer_forward:7.952451705932617
INFO:trainer_layer_forward:8.970975875854492
INFO:trainer_layer_forward:9.130716323852539
INFO:trainer_layer_forward:7.946014404296875
INFO:trainer_layer_forward:9.67264175415039
INFO:trainer_layer_forward:8.423566818237305
INFO:trainer_layer_forward:7.9593658447265625
INFO:trainer_layer_forward:8.77523422241211
INFO:trainer_layer_forward:7.953882217407227
INFO:trainer_layer_forward:9.234189987182617
INFO:trainer_layer_forward:8.429527282714844
INFO:trainer_layer_forward:8.027315139770508
INFO:trainer_layer_forward:9.516000747680664
INFO:trainer_layer_forward:7.971048355102539
INFO:trainer_layer_forward:8.958816528320312
INFO:trainer_layer_forward:9.19961929321289
INFO:trainer_layer_forward:7.99250602722168
INFO:trainer_layer_forward:9.219884872436523
INFO:trainer_layer_forward:8.378982543945312
INFO:trainer_layer_forward:7.997274398803711
INFO:trainer_layer_forward:9.22083854675293
INFO:trainer_layer_forward:7.978677749633789
INFO:trainer_layer_forward:9.201288223266602
INFO:trainer_layer_forward:8.893489837646484
INFO:trainer_layer_forward:7.961750030517578
INFO:trainer_layer_forward:9.645223617553711
INFO:trainer_layer_forward:7.999897003173828
INFO:trainer_layer_forward:8.773565292358398
INFO:trainer_layer_forward:9.142398834228516
INFO:trainer_layer_forward:7.981300354003906
INFO:trainer_layer_forward:9.39035415649414
INFO:trainer_layer_forward:8.925437927246094
INFO:trainer_layer_forward:8.119821548461914
INFO:trainer_layer_forward:9.471654891967773
INFO:trainer_layer_forward:8.504390716552734
INFO:trainer_layer_forward:8.050680160522461
INFO:trainer_layer_forward:9.536027908325195
INFO:trainer_layer_forward:8.043766021728516
INFO:trainer_layer_forward:8.660078048706055
INFO:trainer_layer_forward:9.119987487792969
INFO:trainer_layer_forward:7.946491241455078
INFO:trainer_layer_forward:9.348392486572266
INFO:trainer_layer_forward:8.45026969909668
INFO:trainer_layer_forward:7.982015609741211
INFO:trainer_layer_forward:8.794546127319336
INFO:trainer_layer_forward:7.9479217529296875
INFO:trainer_layer_forward:9.2315673828125
INFO:trainer_layer_forward:8.456945419311523
INFO:trainer_layer_forward:8.054733276367188
INFO:trainer_layer_forward:9.631872177124023
INFO:trainer_layer_forward:7.947206497192383
INFO:trainer_layer_forward:8.908748626708984
INFO:trainer_layer_forward:8.858203887939453
INFO:trainer_layer_forward:7.984399795532227
INFO:trainer_layer_forward:9.216785430908203
INFO:trainer_layer_forward:8.002996444702148
INFO:trainer_layer_forward:8.65316390991211
INFO:trainer_layer_forward:9.198427200317383
INFO:trainer_layer_forward:7.962942123413086
INFO:trainer_layer_forward:9.454965591430664
INFO:trainer_layer_forward:8.442401885986328
INFO:trainer_layer_forward:8.028745651245117
INFO:trainer_layer_forward:8.940458297729492
INFO:trainer_layer_forward:8.00776481628418
INFO:trainer_layer_forward:9.256839752197266
INFO:trainer_layer_forward:8.471012115478516
INFO:trainer_layer_forward:8.012771606445312
INFO:trainer_layer_forward:9.423494338989258
INFO:trainer_layer_forward:7.964611053466797
INFO:trainer_layer_forward:9.006738662719727
INFO:trainer_layer_forward:9.135007858276367
INFO:trainer_layer_forward:7.976293563842773
INFO:trainer_layer_forward:9.532928466796875
INFO:trainer_layer_forward:8.462667465209961
INFO:trainer_layer_forward:8.003711700439453
INFO:trainer_layer_forward:9.546279907226562
INFO:trainer_layer_forward:7.960319519042969
INFO:trainer_layer_forward:8.84389877319336
INFO:trainer_layer_forward:9.205102920532227
INFO:trainer_layer_forward:7.962465286254883
INFO:trainer_layer_forward:9.229660034179688
INFO:trainer_layer_forward:8.332014083862305
INFO:trainer_layer_forward:8.438825607299805
INFO:trainer_layer_forward:8.986949920654297
INFO:trainer_layer_forward:7.977008819580078
INFO:trainer_layer_forward:9.358882904052734
INFO:trainer_layer_forward:8.505105972290039
INFO:trainer_layer_forward:7.97581672668457
INFO:trainer_layer_forward:8.822202682495117
INFO:trainer_layer_forward:7.979154586791992
INFO:trainer_layer_forward:9.310483932495117
INFO:trainer_layer_forward:8.518218994140625
INFO:trainer_layer_forward:8.008241653442383
INFO:trainer_layer_forward:9.670019149780273
INFO:trainer_layer_forward:7.990121841430664
INFO:trainer_layer_forward:9.053468704223633
INFO:trainer_layer_forward:9.02700424194336
INFO:trainer_layer_forward:8.086442947387695
INFO:trainer_layer_forward:9.449481964111328
INFO:trainer_layer_forward:8.504629135131836
INFO:trainer_layer_forward:8.02159309387207
INFO:trainer_layer_forward:9.599924087524414
INFO:trainer_layer_forward:8.01849365234375
INFO:trainer_layer_forward:9.153127670288086
INFO:trainer_layer_forward:8.876323699951172
INFO:trainer_layer_forward:8.048534393310547
INFO:trainer_layer_forward:9.299039840698242
INFO:trainer_layer_forward:8.52513313293457
INFO:trainer_layer_forward:7.960796356201172
INFO:trainer_layer_forward:9.615898132324219
INFO:trainer_layer_forward:8.01396369934082
INFO:trainer_layer_forward:9.294271469116211
INFO:trainer_layer_forward:9.067535400390625
INFO:trainer_layer_forward:7.954835891723633
INFO:trainer_layer_forward:9.404420852661133
INFO:trainer_layer_forward:8.342504501342773
INFO:trainer_layer_forward:8.62264633178711
INFO:trainer_layer_forward:9.109735488891602
INFO:trainer_layer_forward:7.9936981201171875
INFO:trainer_layer_forward:9.522438049316406
INFO:trainer_layer_forward:8.531570434570312
INFO:trainer_layer_forward:7.968902587890625
INFO:trainer_layer_forward:9.526729583740234
INFO:trainer_layer_forward:7.964372634887695
INFO:trainer_layer_forward:9.209871292114258
INFO:trainer_layer_forward:8.817672729492188
INFO:trainer_layer_forward:7.961034774780273
INFO:trainer_layer_forward:9.74893569946289
INFO:trainer_layer_forward:8.492231369018555
INFO:trainer_layer_forward:8.629798889160156
