INFO:trainer_layer_forward:CNNEx | mnist
INFO:trainer_layer_forward:in_size : 512 | epochs : 1 | batch : 1
INFO:trainer_layer_forward:kernel_l1 : 257 | 
INFO:trainer_layer_forward:o_channels_l1 : 20 | 
INFO:trainer_layer_forward:learn_num_train : 1000 | learn_num_validate : 0 
INFO:trainer_layer_forward::::::::::::::::::::::::::::::::::::::::::::::::::::::::::::
INFO:trainer_layer_forward:message : cnn_conv1 
INFO:trainer_layer_forward::::::::::::::::::::::::::::::::::::::::::::::::::::::::::::
INFO:trainer_layer_forward:Ave_Time : 106.36734119569412
INFO:trainer_layer_forward::::::::::::::::::::::::::::::::::::::::::::::::::::::::::::
INFO:trainer_layer_forward:112.66207695007324
INFO:trainer_layer_forward:108.99877548217773
INFO:trainer_layer_forward:112.07723617553711
INFO:trainer_layer_forward:108.02531242370605
INFO:trainer_layer_forward:110.97192764282227
INFO:trainer_layer_forward:109.68804359436035
INFO:trainer_layer_forward:110.1539134979248
INFO:trainer_layer_forward:102.82063484191895
INFO:trainer_layer_forward:101.09639167785645
INFO:trainer_layer_forward:105.17716407775879
INFO:trainer_layer_forward:102.52189636230469
INFO:trainer_layer_forward:104.82311248779297
INFO:trainer_layer_forward:101.08423233032227
INFO:trainer_layer_forward:103.99627685546875
INFO:trainer_layer_forward:102.0195484161377
INFO:trainer_layer_forward:101.1664867401123
INFO:trainer_layer_forward:106.16850852966309
INFO:trainer_layer_forward:105.7429313659668
INFO:trainer_layer_forward:103.74760627746582
INFO:trainer_layer_forward:105.00240325927734
INFO:trainer_layer_forward:102.37526893615723
INFO:trainer_layer_forward:101.66311264038086
INFO:trainer_layer_forward:110.73851585388184
INFO:trainer_layer_forward:109.27677154541016
INFO:trainer_layer_forward:107.52010345458984
INFO:trainer_layer_forward:106.54163360595703
INFO:trainer_layer_forward:102.17475891113281
INFO:trainer_layer_forward:103.09171676635742
INFO:trainer_layer_forward:107.20992088317871
INFO:trainer_layer_forward:110.4271411895752
INFO:trainer_layer_forward:107.96332359313965
INFO:trainer_layer_forward:102.24461555480957
INFO:trainer_layer_forward:108.10303688049316
INFO:trainer_layer_forward:101.6380786895752
INFO:trainer_layer_forward:107.2852611541748
INFO:trainer_layer_forward:103.54232788085938
INFO:trainer_layer_forward:103.84964942932129
INFO:trainer_layer_forward:103.12175750732422
INFO:trainer_layer_forward:102.87141799926758
INFO:trainer_layer_forward:102.10752487182617
INFO:trainer_layer_forward:104.58970069885254
INFO:trainer_layer_forward:103.36041450500488
INFO:trainer_layer_forward:102.18167304992676
INFO:trainer_layer_forward:103.5609245300293
INFO:trainer_layer_forward:102.34379768371582
INFO:trainer_layer_forward:103.90496253967285
INFO:trainer_layer_forward:106.63890838623047
INFO:trainer_layer_forward:104.39562797546387
INFO:trainer_layer_forward:102.94175148010254
INFO:trainer_layer_forward:101.83405876159668
INFO:trainer_layer_forward:105.1633358001709
INFO:trainer_layer_forward:102.65135765075684
INFO:trainer_layer_forward:113.40522766113281
INFO:trainer_layer_forward:105.35979270935059
INFO:trainer_layer_forward:101.99451446533203
INFO:trainer_layer_forward:103.94454002380371
INFO:trainer_layer_forward:104.1722297668457
INFO:trainer_layer_forward:102.87189483642578
INFO:trainer_layer_forward:104.92086410522461
INFO:trainer_layer_forward:104.12931442260742
INFO:trainer_layer_forward:104.68530654907227
INFO:trainer_layer_forward:103.66654396057129
INFO:trainer_layer_forward:103.6229133605957
INFO:trainer_layer_forward:103.31416130065918
INFO:trainer_layer_forward:109.20333862304688
INFO:trainer_layer_forward:103.30700874328613
INFO:trainer_layer_forward:103.2712459564209
INFO:trainer_layer_forward:103.52158546447754
INFO:trainer_layer_forward:102.65398025512695
INFO:trainer_layer_forward:104.36487197875977
INFO:trainer_layer_forward:105.49235343933105
INFO:trainer_layer_forward:105.73363304138184
INFO:trainer_layer_forward:102.30636596679688
INFO:trainer_layer_forward:103.6224365234375
INFO:trainer_layer_forward:104.84957695007324
INFO:trainer_layer_forward:103.87563705444336
INFO:trainer_layer_forward:104.19821739196777
INFO:trainer_layer_forward:102.29921340942383
INFO:trainer_layer_forward:103.92355918884277
INFO:trainer_layer_forward:104.31218147277832
INFO:trainer_layer_forward:104.66408729553223
INFO:trainer_layer_forward:105.30543327331543
INFO:trainer_layer_forward:103.36160659790039
INFO:trainer_layer_forward:105.69620132446289
INFO:trainer_layer_forward:103.97911071777344
INFO:trainer_layer_forward:103.66034507751465
INFO:trainer_layer_forward:106.13489151000977
INFO:trainer_layer_forward:105.27920722961426
INFO:trainer_layer_forward:108.57367515563965
INFO:trainer_layer_forward:109.22718048095703
INFO:trainer_layer_forward:109.3299388885498
INFO:trainer_layer_forward:109.34853553771973
INFO:trainer_layer_forward:110.15462875366211
INFO:trainer_layer_forward:107.99598693847656
INFO:trainer_layer_forward:119.36402320861816
INFO:trainer_layer_forward:112.82777786254883
INFO:trainer_layer_forward:111.8919849395752
INFO:trainer_layer_forward:108.77037048339844
INFO:trainer_layer_forward:108.63733291625977
INFO:trainer_layer_forward:103.02186012268066
INFO:trainer_layer_forward:106.26482963562012
INFO:trainer_layer_forward:111.20295524597168
INFO:trainer_layer_forward:109.91072654724121
INFO:trainer_layer_forward:110.6259822845459
INFO:trainer_layer_forward:112.3969554901123
INFO:trainer_layer_forward:110.42642593383789
INFO:trainer_layer_forward:114.16840553283691
INFO:trainer_layer_forward:111.49048805236816
INFO:trainer_layer_forward:110.15987396240234
INFO:trainer_layer_forward:102.53572463989258
INFO:trainer_layer_forward:103.41954231262207
INFO:trainer_layer_forward:103.47485542297363
INFO:trainer_layer_forward:101.51124000549316
INFO:trainer_layer_forward:103.82342338562012
INFO:trainer_layer_forward:103.90210151672363
INFO:trainer_layer_forward:102.35834121704102
INFO:trainer_layer_forward:101.55391693115234
INFO:trainer_layer_forward:104.11834716796875
INFO:trainer_layer_forward:103.19185256958008
INFO:trainer_layer_forward:102.96821594238281
INFO:trainer_layer_forward:104.58040237426758
INFO:trainer_layer_forward:103.64913940429688
INFO:trainer_layer_forward:101.77803039550781
INFO:trainer_layer_forward:102.4162769317627
INFO:trainer_layer_forward:103.20162773132324
INFO:trainer_layer_forward:103.74903678894043
INFO:trainer_layer_forward:101.6993522644043
INFO:trainer_layer_forward:103.43003273010254
INFO:trainer_layer_forward:103.39522361755371
INFO:trainer_layer_forward:103.01828384399414
INFO:trainer_layer_forward:105.58199882507324
INFO:trainer_layer_forward:109.94720458984375
INFO:trainer_layer_forward:109.96794700622559
INFO:trainer_layer_forward:112.20169067382812
INFO:trainer_layer_forward:111.4189624786377
INFO:trainer_layer_forward:109.06291007995605
INFO:trainer_layer_forward:110.42261123657227
INFO:trainer_layer_forward:109.89260673522949
INFO:trainer_layer_forward:107.19633102416992
INFO:trainer_layer_forward:102.97679901123047
INFO:trainer_layer_forward:103.41691970825195
INFO:trainer_layer_forward:103.29222679138184
INFO:trainer_layer_forward:106.67586326599121
INFO:trainer_layer_forward:103.23905944824219
INFO:trainer_layer_forward:102.70071029663086
INFO:trainer_layer_forward:103.52396965026855
INFO:trainer_layer_forward:103.49845886230469
INFO:trainer_layer_forward:104.26783561706543
INFO:trainer_layer_forward:103.67608070373535
INFO:trainer_layer_forward:107.49411582946777
INFO:trainer_layer_forward:102.8294563293457
INFO:trainer_layer_forward:103.3487319946289
INFO:trainer_layer_forward:103.04617881774902
INFO:trainer_layer_forward:103.67202758789062
INFO:trainer_layer_forward:103.26528549194336
INFO:trainer_layer_forward:103.11150550842285
INFO:trainer_layer_forward:103.66392135620117
INFO:trainer_layer_forward:104.86888885498047
INFO:trainer_layer_forward:102.48303413391113
INFO:trainer_layer_forward:103.30843925476074
INFO:trainer_layer_forward:104.00724411010742
INFO:trainer_layer_forward:102.98585891723633
INFO:trainer_layer_forward:103.54065895080566
INFO:trainer_layer_forward:103.12557220458984
INFO:trainer_layer_forward:102.47611999511719
INFO:trainer_layer_forward:103.14273834228516
INFO:trainer_layer_forward:103.62696647644043
INFO:trainer_layer_forward:103.32417488098145
INFO:trainer_layer_forward:105.74746131896973
INFO:trainer_layer_forward:103.04808616638184
INFO:trainer_layer_forward:102.6620864868164
INFO:trainer_layer_forward:103.44743728637695
INFO:trainer_layer_forward:105.02290725708008
INFO:trainer_layer_forward:104.51889038085938
INFO:trainer_layer_forward:103.39641571044922
INFO:trainer_layer_forward:103.43647003173828
INFO:trainer_layer_forward:103.11317443847656
INFO:trainer_layer_forward:103.26337814331055
INFO:trainer_layer_forward:106.62579536437988
INFO:trainer_layer_forward:103.43050956726074
INFO:trainer_layer_forward:102.97632217407227
INFO:trainer_layer_forward:103.13701629638672
INFO:trainer_layer_forward:108.39056968688965
INFO:trainer_layer_forward:106.3542366027832
INFO:trainer_layer_forward:103.17683219909668
INFO:trainer_layer_forward:104.69317436218262
INFO:trainer_layer_forward:103.22213172912598
INFO:trainer_layer_forward:109.0700626373291
INFO:trainer_layer_forward:104.17294502258301
INFO:trainer_layer_forward:103.3475399017334
INFO:trainer_layer_forward:104.16817665100098
INFO:trainer_layer_forward:103.37305068969727
INFO:trainer_layer_forward:106.82106018066406
INFO:trainer_layer_forward:105.45754432678223
INFO:trainer_layer_forward:104.87842559814453
INFO:trainer_layer_forward:103.10506820678711
INFO:trainer_layer_forward:104.34675216674805
INFO:trainer_layer_forward:107.70010948181152
INFO:trainer_layer_forward:105.44610023498535
INFO:trainer_layer_forward:103.53875160217285
INFO:trainer_layer_forward:103.29318046569824
INFO:trainer_layer_forward:104.9187183380127
INFO:trainer_layer_forward:110.34154891967773
INFO:trainer_layer_forward:104.2318344116211
INFO:trainer_layer_forward:103.80029678344727
INFO:trainer_layer_forward:104.28690910339355
INFO:trainer_layer_forward:107.63835906982422
INFO:trainer_layer_forward:106.58740997314453
INFO:trainer_layer_forward:103.35516929626465
INFO:trainer_layer_forward:102.72383689880371
INFO:trainer_layer_forward:104.65240478515625
INFO:trainer_layer_forward:108.40177536010742
INFO:trainer_layer_forward:108.24775695800781
INFO:trainer_layer_forward:103.07550430297852
INFO:trainer_layer_forward:109.91954803466797
INFO:trainer_layer_forward:104.64644432067871
INFO:trainer_layer_forward:105.15117645263672
INFO:trainer_layer_forward:103.65557670593262
INFO:trainer_layer_forward:105.09467124938965
INFO:trainer_layer_forward:104.36272621154785
INFO:trainer_layer_forward:105.73244094848633
INFO:trainer_layer_forward:111.86385154724121
INFO:trainer_layer_forward:105.89051246643066
INFO:trainer_layer_forward:105.09753227233887
INFO:trainer_layer_forward:108.85858535766602
INFO:trainer_layer_forward:111.82045936584473
INFO:trainer_layer_forward:111.91487312316895
INFO:trainer_layer_forward:105.1487922668457
INFO:trainer_layer_forward:103.42812538146973
INFO:trainer_layer_forward:102.88023948669434
INFO:trainer_layer_forward:107.93018341064453
INFO:trainer_layer_forward:106.22048377990723
INFO:trainer_layer_forward:109.47990417480469
INFO:trainer_layer_forward:102.50067710876465
INFO:trainer_layer_forward:103.73711585998535
INFO:trainer_layer_forward:103.84392738342285
INFO:trainer_layer_forward:112.43367195129395
INFO:trainer_layer_forward:107.40995407104492
INFO:trainer_layer_forward:105.18503189086914
INFO:trainer_layer_forward:103.96718978881836
INFO:trainer_layer_forward:104.8433780670166
INFO:trainer_layer_forward:110.69893836975098
INFO:trainer_layer_forward:107.84363746643066
INFO:trainer_layer_forward:106.83989524841309
INFO:trainer_layer_forward:105.33022880554199
INFO:trainer_layer_forward:106.09674453735352
INFO:trainer_layer_forward:107.34391212463379
INFO:trainer_layer_forward:108.29329490661621
INFO:trainer_layer_forward:106.51135444641113
INFO:trainer_layer_forward:108.14452171325684
INFO:trainer_layer_forward:104.01177406311035
INFO:trainer_layer_forward:105.71050643920898
INFO:trainer_layer_forward:105.21292686462402
INFO:trainer_layer_forward:103.9113998413086
INFO:trainer_layer_forward:107.03372955322266
INFO:trainer_layer_forward:106.24432563781738
INFO:trainer_layer_forward:105.71455955505371
INFO:trainer_layer_forward:103.00636291503906
INFO:trainer_layer_forward:108.49690437316895
INFO:trainer_layer_forward:111.50217056274414
INFO:trainer_layer_forward:106.91714286804199
INFO:trainer_layer_forward:103.56020927429199
INFO:trainer_layer_forward:102.62084007263184
INFO:trainer_layer_forward:105.06224632263184
INFO:trainer_layer_forward:105.56411743164062
INFO:trainer_layer_forward:108.33477973937988
INFO:trainer_layer_forward:103.74188423156738
INFO:trainer_layer_forward:107.35797882080078
INFO:trainer_layer_forward:103.86800765991211
INFO:trainer_layer_forward:105.69405555725098
INFO:trainer_layer_forward:104.5691967010498
INFO:trainer_layer_forward:106.14800453186035
INFO:trainer_layer_forward:106.26029968261719
INFO:trainer_layer_forward:105.42011260986328
INFO:trainer_layer_forward:107.3763370513916
INFO:trainer_layer_forward:105.24606704711914
INFO:trainer_layer_forward:104.16316986083984
INFO:trainer_layer_forward:102.18071937561035
INFO:trainer_layer_forward:104.56538200378418
INFO:trainer_layer_forward:103.7590503692627
INFO:trainer_layer_forward:105.69429397583008
INFO:trainer_layer_forward:104.22754287719727
INFO:trainer_layer_forward:109.34090614318848
INFO:trainer_layer_forward:102.82206535339355
INFO:trainer_layer_forward:102.46014595031738
INFO:trainer_layer_forward:105.87430000305176
INFO:trainer_layer_forward:104.76112365722656
INFO:trainer_layer_forward:103.85680198669434
INFO:trainer_layer_forward:105.32355308532715
INFO:trainer_layer_forward:106.42218589782715
INFO:trainer_layer_forward:105.76510429382324
INFO:trainer_layer_forward:107.09381103515625
INFO:trainer_layer_forward:106.74405097961426
INFO:trainer_layer_forward:121.83952331542969
INFO:trainer_layer_forward:107.97762870788574
INFO:trainer_layer_forward:110.84270477294922
INFO:trainer_layer_forward:107.94711112976074
INFO:trainer_layer_forward:110.64696311950684
INFO:trainer_layer_forward:111.66739463806152
INFO:trainer_layer_forward:105.95035552978516
INFO:trainer_layer_forward:106.00471496582031
INFO:trainer_layer_forward:104.44498062133789
INFO:trainer_layer_forward:105.8039665222168
INFO:trainer_layer_forward:109.55166816711426
INFO:trainer_layer_forward:110.12935638427734
INFO:trainer_layer_forward:108.4132194519043
INFO:trainer_layer_forward:106.66561126708984
INFO:trainer_layer_forward:106.52518272399902
INFO:trainer_layer_forward:105.23128509521484
INFO:trainer_layer_forward:106.87136650085449
INFO:trainer_layer_forward:109.02214050292969
INFO:trainer_layer_forward:107.51891136169434
INFO:trainer_layer_forward:109.1456413269043
INFO:trainer_layer_forward:108.20293426513672
INFO:trainer_layer_forward:105.02934455871582
INFO:trainer_layer_forward:107.03253746032715
INFO:trainer_layer_forward:105.21864891052246
INFO:trainer_layer_forward:109.91382598876953
INFO:trainer_layer_forward:110.52727699279785
INFO:trainer_layer_forward:111.5572452545166
INFO:trainer_layer_forward:110.56351661682129
INFO:trainer_layer_forward:107.06424713134766
INFO:trainer_layer_forward:111.60659790039062
INFO:trainer_layer_forward:110.34440994262695
INFO:trainer_layer_forward:112.20836639404297
INFO:trainer_layer_forward:110.14747619628906
INFO:trainer_layer_forward:109.71999168395996
INFO:trainer_layer_forward:104.60424423217773
INFO:trainer_layer_forward:112.27774620056152
INFO:trainer_layer_forward:106.55879974365234
INFO:trainer_layer_forward:105.36384582519531
INFO:trainer_layer_forward:105.27729988098145
INFO:trainer_layer_forward:110.12506484985352
INFO:trainer_layer_forward:108.7336540222168
INFO:trainer_layer_forward:109.29989814758301
INFO:trainer_layer_forward:103.86800765991211
INFO:trainer_layer_forward:104.93040084838867
INFO:trainer_layer_forward:108.50977897644043
INFO:trainer_layer_forward:103.9266586303711
INFO:trainer_layer_forward:106.19211196899414
INFO:trainer_layer_forward:109.56764221191406
INFO:trainer_layer_forward:108.16049575805664
INFO:trainer_layer_forward:109.24601554870605
INFO:trainer_layer_forward:102.94055938720703
INFO:trainer_layer_forward:110.59093475341797
INFO:trainer_layer_forward:103.01566123962402
INFO:trainer_layer_forward:106.54640197753906
INFO:trainer_layer_forward:105.07631301879883
INFO:trainer_layer_forward:103.64079475402832
INFO:trainer_layer_forward:103.35516929626465
INFO:trainer_layer_forward:104.70867156982422
INFO:trainer_layer_forward:104.1865348815918
INFO:trainer_layer_forward:103.9419174194336
INFO:trainer_layer_forward:104.41398620605469
INFO:trainer_layer_forward:103.31296920776367
INFO:trainer_layer_forward:103.79266738891602
INFO:trainer_layer_forward:104.29501533508301
INFO:trainer_layer_forward:103.87587547302246
INFO:trainer_layer_forward:103.95646095275879
INFO:trainer_layer_forward:104.22515869140625
INFO:trainer_layer_forward:104.68792915344238
INFO:trainer_layer_forward:104.18152809143066
INFO:trainer_layer_forward:104.63929176330566
INFO:trainer_layer_forward:104.3705940246582
INFO:trainer_layer_forward:104.1266918182373
INFO:trainer_layer_forward:104.46643829345703
INFO:trainer_layer_forward:103.84273529052734
INFO:trainer_layer_forward:104.46023941040039
INFO:trainer_layer_forward:105.04317283630371
INFO:trainer_layer_forward:103.9118766784668
INFO:trainer_layer_forward:104.02822494506836
INFO:trainer_layer_forward:105.69405555725098
INFO:trainer_layer_forward:105.38125038146973
INFO:trainer_layer_forward:104.14457321166992
INFO:trainer_layer_forward:105.88812828063965
INFO:trainer_layer_forward:104.33053970336914
INFO:trainer_layer_forward:104.3388843536377
INFO:trainer_layer_forward:103.99818420410156
INFO:trainer_layer_forward:102.82707214355469
INFO:trainer_layer_forward:104.61044311523438
INFO:trainer_layer_forward:103.79314422607422
INFO:trainer_layer_forward:103.73735427856445
INFO:trainer_layer_forward:103.68633270263672
INFO:trainer_layer_forward:103.9731502532959
INFO:trainer_layer_forward:110.57186126708984
INFO:trainer_layer_forward:111.6025447845459
INFO:trainer_layer_forward:105.99017143249512
INFO:trainer_layer_forward:106.8427562713623
INFO:trainer_layer_forward:113.62671852111816
INFO:trainer_layer_forward:112.15543746948242
INFO:trainer_layer_forward:112.45942115783691
INFO:trainer_layer_forward:111.16623878479004
INFO:trainer_layer_forward:111.36579513549805
INFO:trainer_layer_forward:107.70773887634277
INFO:trainer_layer_forward:103.63101959228516
INFO:trainer_layer_forward:103.27482223510742
INFO:trainer_layer_forward:104.29692268371582
INFO:trainer_layer_forward:103.3935546875
INFO:trainer_layer_forward:105.9865951538086
INFO:trainer_layer_forward:103.96432876586914
INFO:trainer_layer_forward:106.6739559173584
INFO:trainer_layer_forward:109.45487022399902
INFO:trainer_layer_forward:112.57266998291016
INFO:trainer_layer_forward:110.83626747131348
INFO:trainer_layer_forward:108.40320587158203
INFO:trainer_layer_forward:112.54143714904785
INFO:trainer_layer_forward:110.9471321105957
INFO:trainer_layer_forward:110.26906967163086
INFO:trainer_layer_forward:111.8476390838623
INFO:trainer_layer_forward:104.8123836517334
INFO:trainer_layer_forward:104.0499210357666
INFO:trainer_layer_forward:104.35628890991211
INFO:trainer_layer_forward:106.05406761169434
INFO:trainer_layer_forward:116.12057685852051
INFO:trainer_layer_forward:110.77404022216797
INFO:trainer_layer_forward:111.47308349609375
INFO:trainer_layer_forward:109.59458351135254
INFO:trainer_layer_forward:115.1580810546875
INFO:trainer_layer_forward:111.68956756591797
INFO:trainer_layer_forward:108.37841033935547
INFO:trainer_layer_forward:109.07721519470215
INFO:trainer_layer_forward:107.46645927429199
INFO:trainer_layer_forward:107.71560668945312
INFO:trainer_layer_forward:109.6038818359375
INFO:trainer_layer_forward:111.60469055175781
INFO:trainer_layer_forward:108.0465316772461
INFO:trainer_layer_forward:107.30695724487305
INFO:trainer_layer_forward:106.10485076904297
INFO:trainer_layer_forward:104.15530204772949
INFO:trainer_layer_forward:104.05540466308594
INFO:trainer_layer_forward:103.9280891418457
INFO:trainer_layer_forward:106.97221755981445
INFO:trainer_layer_forward:106.22143745422363
INFO:trainer_layer_forward:103.50370407104492
INFO:trainer_layer_forward:105.52620887756348
INFO:trainer_layer_forward:106.67109489440918
INFO:trainer_layer_forward:103.48010063171387
INFO:trainer_layer_forward:104.01010513305664
INFO:trainer_layer_forward:104.00223731994629
INFO:trainer_layer_forward:107.18846321105957
INFO:trainer_layer_forward:105.69095611572266
INFO:trainer_layer_forward:105.65614700317383
INFO:trainer_layer_forward:104.50506210327148
INFO:trainer_layer_forward:103.54375839233398
INFO:trainer_layer_forward:106.04596138000488
INFO:trainer_layer_forward:110.08763313293457
INFO:trainer_layer_forward:109.59029197692871
INFO:trainer_layer_forward:104.18820381164551
INFO:trainer_layer_forward:106.72259330749512
INFO:trainer_layer_forward:106.42695426940918
INFO:trainer_layer_forward:105.65924644470215
INFO:trainer_layer_forward:107.41496086120605
INFO:trainer_layer_forward:104.25305366516113
INFO:trainer_layer_forward:103.98221015930176
INFO:trainer_layer_forward:103.8661003112793
INFO:trainer_layer_forward:104.71916198730469
INFO:trainer_layer_forward:104.74777221679688
INFO:trainer_layer_forward:104.52580451965332
INFO:trainer_layer_forward:109.23218727111816
INFO:trainer_layer_forward:105.4997444152832
INFO:trainer_layer_forward:103.4696102142334
INFO:trainer_layer_forward:104.25162315368652
INFO:trainer_layer_forward:105.69906234741211
INFO:trainer_layer_forward:106.93049430847168
INFO:trainer_layer_forward:103.01733016967773
INFO:trainer_layer_forward:104.9036979675293
INFO:trainer_layer_forward:112.73741722106934
INFO:trainer_layer_forward:108.61682891845703
INFO:trainer_layer_forward:107.90252685546875
INFO:trainer_layer_forward:104.48050498962402
INFO:trainer_layer_forward:104.66623306274414
INFO:trainer_layer_forward:104.33077812194824
INFO:trainer_layer_forward:108.39962959289551
INFO:trainer_layer_forward:106.49943351745605
INFO:trainer_layer_forward:104.61878776550293
INFO:trainer_layer_forward:107.19561576843262
INFO:trainer_layer_forward:110.7320785522461
INFO:trainer_layer_forward:112.0913028717041
INFO:trainer_layer_forward:112.05458641052246
INFO:trainer_layer_forward:110.81910133361816
INFO:trainer_layer_forward:112.6713752746582
INFO:trainer_layer_forward:109.15398597717285
INFO:trainer_layer_forward:111.81640625
INFO:trainer_layer_forward:108.54649543762207
INFO:trainer_layer_forward:106.44173622131348
INFO:trainer_layer_forward:104.84075546264648
INFO:trainer_layer_forward:106.45651817321777
INFO:trainer_layer_forward:104.37202453613281
INFO:trainer_layer_forward:109.8489761352539
INFO:trainer_layer_forward:103.98721694946289
INFO:trainer_layer_forward:111.97066307067871
INFO:trainer_layer_forward:108.83951187133789
INFO:trainer_layer_forward:108.55770111083984
INFO:trainer_layer_forward:106.49609565734863
INFO:trainer_layer_forward:102.78725624084473
INFO:trainer_layer_forward:105.63373565673828
INFO:trainer_layer_forward:107.24759101867676
INFO:trainer_layer_forward:111.69934272766113
INFO:trainer_layer_forward:112.35976219177246
INFO:trainer_layer_forward:113.33084106445312
INFO:trainer_layer_forward:110.15009880065918
INFO:trainer_layer_forward:109.82465744018555
INFO:trainer_layer_forward:114.48931694030762
INFO:trainer_layer_forward:112.1983528137207
INFO:trainer_layer_forward:111.2368106842041
INFO:trainer_layer_forward:110.70466041564941
INFO:trainer_layer_forward:109.71641540527344
INFO:trainer_layer_forward:108.63590240478516
INFO:trainer_layer_forward:114.08519744873047
INFO:trainer_layer_forward:110.53061485290527
INFO:trainer_layer_forward:113.84749412536621
INFO:trainer_layer_forward:107.92207717895508
INFO:trainer_layer_forward:112.97154426574707
INFO:trainer_layer_forward:109.36832427978516
INFO:trainer_layer_forward:115.09919166564941
INFO:trainer_layer_forward:110.09788513183594
INFO:trainer_layer_forward:111.60683631896973
INFO:trainer_layer_forward:108.65998268127441
INFO:trainer_layer_forward:110.12411117553711
INFO:trainer_layer_forward:109.00235176086426
INFO:trainer_layer_forward:109.96294021606445
INFO:trainer_layer_forward:107.92255401611328
INFO:trainer_layer_forward:113.45863342285156
INFO:trainer_layer_forward:111.24658584594727
INFO:trainer_layer_forward:113.48676681518555
INFO:trainer_layer_forward:111.74464225769043
INFO:trainer_layer_forward:110.84294319152832
INFO:trainer_layer_forward:109.15207862854004
INFO:trainer_layer_forward:112.71405220031738
INFO:trainer_layer_forward:109.87424850463867
INFO:trainer_layer_forward:114.53866958618164
INFO:trainer_layer_forward:104.9034595489502
INFO:trainer_layer_forward:104.72273826599121
INFO:trainer_layer_forward:104.7964096069336
INFO:trainer_layer_forward:106.09889030456543
INFO:trainer_layer_forward:103.48868370056152
INFO:trainer_layer_forward:104.29596900939941
INFO:trainer_layer_forward:113.59405517578125
INFO:trainer_layer_forward:114.2573356628418
INFO:trainer_layer_forward:110.58402061462402
INFO:trainer_layer_forward:111.44661903381348
INFO:trainer_layer_forward:110.36324501037598
INFO:trainer_layer_forward:112.8382682800293
INFO:trainer_layer_forward:111.91630363464355
INFO:trainer_layer_forward:105.62014579772949
INFO:trainer_layer_forward:103.74307632446289
INFO:trainer_layer_forward:103.43194007873535
INFO:trainer_layer_forward:104.70724105834961
INFO:trainer_layer_forward:106.76240921020508
INFO:trainer_layer_forward:106.20927810668945
INFO:trainer_layer_forward:106.82153701782227
INFO:trainer_layer_forward:104.66194152832031
INFO:trainer_layer_forward:105.19647598266602
INFO:trainer_layer_forward:105.45134544372559
INFO:trainer_layer_forward:104.43472862243652
INFO:trainer_layer_forward:104.64978218078613
INFO:trainer_layer_forward:105.73434829711914
INFO:trainer_layer_forward:105.46565055847168
INFO:trainer_layer_forward:107.66410827636719
INFO:trainer_layer_forward:112.91742324829102
INFO:trainer_layer_forward:111.65094375610352
INFO:trainer_layer_forward:110.17990112304688
INFO:trainer_layer_forward:110.38804054260254
INFO:trainer_layer_forward:113.69466781616211
INFO:trainer_layer_forward:112.9007339477539
INFO:trainer_layer_forward:113.70444297790527
INFO:trainer_layer_forward:113.04640769958496
INFO:trainer_layer_forward:110.34440994262695
INFO:trainer_layer_forward:114.40539360046387
INFO:trainer_layer_forward:108.99496078491211
INFO:trainer_layer_forward:111.20915412902832
INFO:trainer_layer_forward:104.37369346618652
INFO:trainer_layer_forward:106.65154457092285
INFO:trainer_layer_forward:113.70038986206055
INFO:trainer_layer_forward:113.67607116699219
INFO:trainer_layer_forward:111.92011833190918
INFO:trainer_layer_forward:114.04800415039062
INFO:trainer_layer_forward:111.54961585998535
INFO:trainer_layer_forward:113.8615608215332
INFO:trainer_layer_forward:113.12246322631836
INFO:trainer_layer_forward:111.7105484008789
INFO:trainer_layer_forward:104.75945472717285
INFO:trainer_layer_forward:104.95615005493164
INFO:trainer_layer_forward:104.16007041931152
INFO:trainer_layer_forward:105.53908348083496
INFO:trainer_layer_forward:104.57611083984375
INFO:trainer_layer_forward:106.19282722473145
INFO:trainer_layer_forward:108.33954811096191
INFO:trainer_layer_forward:103.8813591003418
INFO:trainer_layer_forward:110.6255054473877
INFO:trainer_layer_forward:112.80131340026855
INFO:trainer_layer_forward:105.74817657470703
INFO:trainer_layer_forward:107.46002197265625
INFO:trainer_layer_forward:107.21731185913086
INFO:trainer_layer_forward:103.64890098571777
INFO:trainer_layer_forward:105.25798797607422
INFO:trainer_layer_forward:106.30059242248535
INFO:trainer_layer_forward:104.65240478515625
INFO:trainer_layer_forward:105.04484176635742
INFO:trainer_layer_forward:104.32791709899902
INFO:trainer_layer_forward:108.11281204223633
INFO:trainer_layer_forward:108.58464241027832
INFO:trainer_layer_forward:107.09595680236816
INFO:trainer_layer_forward:104.27355766296387
INFO:trainer_layer_forward:106.65678977966309
INFO:trainer_layer_forward:104.66575622558594
INFO:trainer_layer_forward:110.77404022216797
INFO:trainer_layer_forward:109.619140625
INFO:trainer_layer_forward:107.6657772064209
INFO:trainer_layer_forward:104.7203540802002
INFO:trainer_layer_forward:105.42726516723633
INFO:trainer_layer_forward:104.21180725097656
INFO:trainer_layer_forward:107.98239707946777
INFO:trainer_layer_forward:103.2412052154541
INFO:trainer_layer_forward:108.72364044189453
INFO:trainer_layer_forward:105.31949996948242
INFO:trainer_layer_forward:106.44102096557617
INFO:trainer_layer_forward:104.05731201171875
INFO:trainer_layer_forward:106.9340705871582
INFO:trainer_layer_forward:105.66473007202148
INFO:trainer_layer_forward:102.96082496643066
INFO:trainer_layer_forward:104.7515869140625
INFO:trainer_layer_forward:105.0267219543457
INFO:trainer_layer_forward:104.86197471618652
INFO:trainer_layer_forward:107.05327987670898
INFO:trainer_layer_forward:104.15148735046387
INFO:trainer_layer_forward:104.56132888793945
INFO:trainer_layer_forward:106.2154769897461
INFO:trainer_layer_forward:107.71465301513672
INFO:trainer_layer_forward:105.78274726867676
INFO:trainer_layer_forward:106.34970664978027
INFO:trainer_layer_forward:106.07028007507324
INFO:trainer_layer_forward:104.63809967041016
INFO:trainer_layer_forward:105.2544116973877
INFO:trainer_layer_forward:108.2010269165039
INFO:trainer_layer_forward:111.81259155273438
INFO:trainer_layer_forward:117.18630790710449
INFO:trainer_layer_forward:113.1439208984375
INFO:trainer_layer_forward:112.84971237182617
INFO:trainer_layer_forward:111.32645606994629
INFO:trainer_layer_forward:111.59086227416992
INFO:trainer_layer_forward:113.30795288085938
INFO:trainer_layer_forward:104.48336601257324
INFO:trainer_layer_forward:103.39212417602539
INFO:trainer_layer_forward:104.08520698547363
INFO:trainer_layer_forward:106.05239868164062
INFO:trainer_layer_forward:107.97715187072754
INFO:trainer_layer_forward:103.5606861114502
INFO:trainer_layer_forward:102.92577743530273
INFO:trainer_layer_forward:105.31330108642578
INFO:trainer_layer_forward:103.86061668395996
INFO:trainer_layer_forward:106.05764389038086
INFO:trainer_layer_forward:103.64031791687012
INFO:trainer_layer_forward:107.59973526000977
INFO:trainer_layer_forward:111.4192008972168
INFO:trainer_layer_forward:104.89201545715332
INFO:trainer_layer_forward:107.09476470947266
INFO:trainer_layer_forward:105.94654083251953
INFO:trainer_layer_forward:104.68506813049316
INFO:trainer_layer_forward:107.1016788482666
INFO:trainer_layer_forward:112.01715469360352
INFO:trainer_layer_forward:112.03646659851074
INFO:trainer_layer_forward:112.0901107788086
INFO:trainer_layer_forward:111.62781715393066
INFO:trainer_layer_forward:110.75019836425781
INFO:trainer_layer_forward:111.05513572692871
INFO:trainer_layer_forward:107.43379592895508
INFO:trainer_layer_forward:105.95035552978516
INFO:trainer_layer_forward:105.84545135498047
INFO:trainer_layer_forward:105.34286499023438
INFO:trainer_layer_forward:105.9119701385498
INFO:trainer_layer_forward:105.08298873901367
INFO:trainer_layer_forward:108.22415351867676
INFO:trainer_layer_forward:109.12728309631348
INFO:trainer_layer_forward:113.72160911560059
INFO:trainer_layer_forward:110.59451103210449
INFO:trainer_layer_forward:108.73818397521973
INFO:trainer_layer_forward:111.42992973327637
INFO:trainer_layer_forward:115.3414249420166
INFO:trainer_layer_forward:110.44502258300781
INFO:trainer_layer_forward:106.10699653625488
INFO:trainer_layer_forward:107.86771774291992
INFO:trainer_layer_forward:104.84004020690918
INFO:trainer_layer_forward:106.27603530883789
INFO:trainer_layer_forward:103.25884819030762
INFO:trainer_layer_forward:104.4764518737793
INFO:trainer_layer_forward:105.06486892700195
INFO:trainer_layer_forward:104.85196113586426
INFO:trainer_layer_forward:105.98206520080566
INFO:trainer_layer_forward:106.70280456542969
INFO:trainer_layer_forward:105.46469688415527
INFO:trainer_layer_forward:103.80291938781738
INFO:trainer_layer_forward:108.28638076782227
INFO:trainer_layer_forward:104.61950302124023
INFO:trainer_layer_forward:105.78680038452148
INFO:trainer_layer_forward:106.07719421386719
INFO:trainer_layer_forward:104.6590805053711
INFO:trainer_layer_forward:105.90529441833496
INFO:trainer_layer_forward:104.18915748596191
INFO:trainer_layer_forward:103.74784469604492
INFO:trainer_layer_forward:105.05461692810059
INFO:trainer_layer_forward:106.74524307250977
INFO:trainer_layer_forward:106.09936714172363
INFO:trainer_layer_forward:104.7060489654541
INFO:trainer_layer_forward:104.96139526367188
INFO:trainer_layer_forward:110.21780967712402
INFO:trainer_layer_forward:109.67826843261719
INFO:trainer_layer_forward:104.10904884338379
INFO:trainer_layer_forward:104.4168472290039
INFO:trainer_layer_forward:104.44450378417969
INFO:trainer_layer_forward:105.5307388305664
INFO:trainer_layer_forward:103.9571762084961
INFO:trainer_layer_forward:105.51023483276367
INFO:trainer_layer_forward:111.68098449707031
INFO:trainer_layer_forward:111.74297332763672
INFO:trainer_layer_forward:108.87980461120605
INFO:trainer_layer_forward:107.0566177368164
INFO:trainer_layer_forward:106.06145858764648
INFO:trainer_layer_forward:103.59811782836914
INFO:trainer_layer_forward:104.74133491516113
INFO:trainer_layer_forward:107.54251480102539
INFO:trainer_layer_forward:103.50894927978516
INFO:trainer_layer_forward:104.12955284118652
INFO:trainer_layer_forward:105.90004920959473
INFO:trainer_layer_forward:105.01480102539062
INFO:trainer_layer_forward:105.49044609069824
INFO:trainer_layer_forward:104.05659675598145
INFO:trainer_layer_forward:104.15911674499512
INFO:trainer_layer_forward:108.55746269226074
INFO:trainer_layer_forward:105.93128204345703
INFO:trainer_layer_forward:106.27245903015137
INFO:trainer_layer_forward:104.59136962890625
INFO:trainer_layer_forward:104.31480407714844
INFO:trainer_layer_forward:104.23707962036133
INFO:trainer_layer_forward:107.60784149169922
INFO:trainer_layer_forward:105.10659217834473
INFO:trainer_layer_forward:106.44054412841797
INFO:trainer_layer_forward:104.18558120727539
INFO:trainer_layer_forward:104.64930534362793
INFO:trainer_layer_forward:105.64160346984863
INFO:trainer_layer_forward:105.18121719360352
INFO:trainer_layer_forward:104.38847541809082
INFO:trainer_layer_forward:103.30724716186523
INFO:trainer_layer_forward:106.52351379394531
INFO:trainer_layer_forward:106.19306564331055
INFO:trainer_layer_forward:105.7431697845459
INFO:trainer_layer_forward:104.93016242980957
INFO:trainer_layer_forward:104.60376739501953
INFO:trainer_layer_forward:107.2087287902832
INFO:trainer_layer_forward:104.37846183776855
INFO:trainer_layer_forward:104.5842170715332
INFO:trainer_layer_forward:105.67259788513184
INFO:trainer_layer_forward:106.9180965423584
INFO:trainer_layer_forward:106.94026947021484
INFO:trainer_layer_forward:106.34565353393555
INFO:trainer_layer_forward:109.97629165649414
INFO:trainer_layer_forward:110.61215400695801
INFO:trainer_layer_forward:109.50922966003418
INFO:trainer_layer_forward:110.95643043518066
INFO:trainer_layer_forward:111.98973655700684
INFO:trainer_layer_forward:109.76529121398926
INFO:trainer_layer_forward:111.05537414550781
INFO:trainer_layer_forward:111.74511909484863
INFO:trainer_layer_forward:105.8497428894043
INFO:trainer_layer_forward:103.99389266967773
INFO:trainer_layer_forward:104.15482521057129
INFO:trainer_layer_forward:107.25212097167969
INFO:trainer_layer_forward:105.73244094848633
INFO:trainer_layer_forward:104.60209846496582
INFO:trainer_layer_forward:104.25543785095215
INFO:trainer_layer_forward:105.02457618713379
INFO:trainer_layer_forward:104.93779182434082
INFO:trainer_layer_forward:104.48169708251953
INFO:trainer_layer_forward:105.29518127441406
INFO:trainer_layer_forward:103.57141494750977
INFO:trainer_layer_forward:103.98197174072266
INFO:trainer_layer_forward:107.5284481048584
INFO:trainer_layer_forward:103.54733467102051
INFO:trainer_layer_forward:104.78043556213379
INFO:trainer_layer_forward:105.91268539428711
INFO:trainer_layer_forward:106.02569580078125
INFO:trainer_layer_forward:105.4229736328125
INFO:trainer_layer_forward:104.37798500061035
INFO:trainer_layer_forward:104.43449020385742
INFO:trainer_layer_forward:104.92396354675293
INFO:trainer_layer_forward:106.6896915435791
INFO:trainer_layer_forward:104.84170913696289
INFO:trainer_layer_forward:105.15809059143066
INFO:trainer_layer_forward:106.00733757019043
INFO:trainer_layer_forward:104.034423828125
INFO:trainer_layer_forward:106.41980171203613
INFO:trainer_layer_forward:104.66814041137695
INFO:trainer_layer_forward:104.69985008239746
INFO:trainer_layer_forward:103.96051406860352
INFO:trainer_layer_forward:106.41837120056152
INFO:trainer_layer_forward:104.36296463012695
INFO:trainer_layer_forward:105.87024688720703
INFO:trainer_layer_forward:103.79767417907715
INFO:trainer_layer_forward:106.80937767028809
INFO:trainer_layer_forward:106.1861515045166
INFO:trainer_layer_forward:105.15666007995605
INFO:trainer_layer_forward:107.05685615539551
INFO:trainer_layer_forward:103.49106788635254
INFO:trainer_layer_forward:104.78806495666504
INFO:trainer_layer_forward:106.01663589477539
INFO:trainer_layer_forward:105.80849647521973
INFO:trainer_layer_forward:104.36296463012695
INFO:trainer_layer_forward:106.42838478088379
INFO:trainer_layer_forward:107.19943046569824
INFO:trainer_layer_forward:104.22086715698242
INFO:trainer_layer_forward:105.57985305786133
INFO:trainer_layer_forward:105.02433776855469
INFO:trainer_layer_forward:105.89861869812012
INFO:trainer_layer_forward:106.5988540649414
INFO:trainer_layer_forward:104.88271713256836
INFO:trainer_layer_forward:104.6590805053711
INFO:trainer_layer_forward:104.7372817993164
INFO:trainer_layer_forward:104.31170463562012
INFO:trainer_layer_forward:105.99374771118164
INFO:trainer_layer_forward:104.02703285217285
INFO:trainer_layer_forward:103.35707664489746
INFO:trainer_layer_forward:104.93969917297363
INFO:trainer_layer_forward:106.86731338500977
INFO:trainer_layer_forward:104.8579216003418
INFO:trainer_layer_forward:105.27229309082031
INFO:trainer_layer_forward:103.82199287414551
INFO:trainer_layer_forward:104.1722297668457
INFO:trainer_layer_forward:108.25538635253906
INFO:trainer_layer_forward:103.54495048522949
INFO:trainer_layer_forward:107.18011856079102
INFO:trainer_layer_forward:103.74760627746582
INFO:trainer_layer_forward:104.66623306274414
INFO:trainer_layer_forward:105.38816452026367
INFO:trainer_layer_forward:104.06851768493652
INFO:trainer_layer_forward:104.71463203430176
INFO:trainer_layer_forward:106.44817352294922
INFO:trainer_layer_forward:104.88605499267578
INFO:trainer_layer_forward:106.69994354248047
INFO:trainer_layer_forward:103.94287109375
INFO:trainer_layer_forward:104.05421257019043
INFO:trainer_layer_forward:105.03363609313965
INFO:trainer_layer_forward:107.2089672088623
INFO:trainer_layer_forward:104.13861274719238
INFO:trainer_layer_forward:104.60233688354492
INFO:trainer_layer_forward:103.73377799987793
INFO:trainer_layer_forward:104.99048233032227
INFO:trainer_layer_forward:105.7891845703125
INFO:trainer_layer_forward:104.21252250671387
INFO:trainer_layer_forward:104.83717918395996
INFO:trainer_layer_forward:104.74634170532227
INFO:trainer_layer_forward:105.5903434753418
INFO:trainer_layer_forward:105.08298873901367
INFO:trainer_layer_forward:105.93485832214355
INFO:trainer_layer_forward:105.11398315429688
INFO:trainer_layer_forward:103.31249237060547
INFO:trainer_layer_forward:106.75978660583496
INFO:trainer_layer_forward:105.01861572265625
INFO:trainer_layer_forward:106.08386993408203
INFO:trainer_layer_forward:103.28078269958496
INFO:trainer_layer_forward:104.60019111633301
INFO:trainer_layer_forward:106.93597793579102
INFO:trainer_layer_forward:105.13186454772949
INFO:trainer_layer_forward:104.68077659606934
INFO:trainer_layer_forward:104.58159446716309
INFO:trainer_layer_forward:105.93271255493164
INFO:trainer_layer_forward:105.08084297180176
INFO:trainer_layer_forward:104.11429405212402
INFO:trainer_layer_forward:104.71534729003906
INFO:trainer_layer_forward:106.87255859375
INFO:trainer_layer_forward:106.19354248046875
INFO:trainer_layer_forward:104.37297821044922
INFO:trainer_layer_forward:104.65526580810547
INFO:trainer_layer_forward:104.79378700256348
INFO:trainer_layer_forward:104.26521301269531
INFO:trainer_layer_forward:106.90736770629883
INFO:trainer_layer_forward:108.60943794250488
INFO:trainer_layer_forward:112.69116401672363
INFO:trainer_layer_forward:104.34603691101074
INFO:trainer_layer_forward:106.70256614685059
INFO:trainer_layer_forward:106.3394546508789
INFO:trainer_layer_forward:107.45525360107422
INFO:trainer_layer_forward:104.77709770202637
INFO:trainer_layer_forward:107.45716094970703
INFO:trainer_layer_forward:107.12623596191406
INFO:trainer_layer_forward:104.1872501373291
INFO:trainer_layer_forward:106.2159538269043
INFO:trainer_layer_forward:106.11939430236816
INFO:trainer_layer_forward:109.28487777709961
INFO:trainer_layer_forward:110.35633087158203
INFO:trainer_layer_forward:104.82025146484375
INFO:trainer_layer_forward:105.52024841308594
INFO:trainer_layer_forward:106.48870468139648
INFO:trainer_layer_forward:106.8875789642334
INFO:trainer_layer_forward:104.56418991088867
INFO:trainer_layer_forward:104.99095916748047
INFO:trainer_layer_forward:104.74300384521484
INFO:trainer_layer_forward:108.9329719543457
INFO:trainer_layer_forward:107.35487937927246
INFO:trainer_layer_forward:104.52437400817871
INFO:trainer_layer_forward:104.26497459411621
INFO:trainer_layer_forward:103.98006439208984
INFO:trainer_layer_forward:105.15499114990234
INFO:trainer_layer_forward:114.13025856018066
INFO:trainer_layer_forward:104.54010963439941
INFO:trainer_layer_forward:104.66861724853516
INFO:trainer_layer_forward:105.80182075500488
INFO:trainer_layer_forward:105.5915355682373
INFO:trainer_layer_forward:107.57017135620117
INFO:trainer_layer_forward:103.62577438354492
INFO:trainer_layer_forward:105.26800155639648
INFO:trainer_layer_forward:104.40778732299805
INFO:trainer_layer_forward:105.77893257141113
INFO:trainer_layer_forward:103.74736785888672
INFO:trainer_layer_forward:106.83274269104004
INFO:trainer_layer_forward:105.37576675415039
INFO:trainer_layer_forward:103.73353958129883
INFO:trainer_layer_forward:108.19292068481445
INFO:trainer_layer_forward:104.84886169433594
INFO:trainer_layer_forward:105.80062866210938
INFO:trainer_layer_forward:106.68253898620605
INFO:trainer_layer_forward:107.18250274658203
INFO:trainer_layer_forward:103.86323928833008
INFO:trainer_layer_forward:104.61902618408203
INFO:trainer_layer_forward:103.81555557250977
INFO:trainer_layer_forward:106.41145706176758
INFO:trainer_layer_forward:107.20586776733398
INFO:trainer_layer_forward:104.40897941589355
INFO:trainer_layer_forward:104.74395751953125
INFO:trainer_layer_forward:105.09967803955078
INFO:trainer_layer_forward:105.25250434875488
INFO:trainer_layer_forward:105.43394088745117
INFO:trainer_layer_forward:104.17056083679199
INFO:trainer_layer_forward:103.4848690032959
INFO:trainer_layer_forward:103.91974449157715
INFO:trainer_layer_forward:106.50205612182617
INFO:trainer_layer_forward:104.9346923828125
INFO:trainer_layer_forward:105.35740852355957
INFO:trainer_layer_forward:104.87794876098633
INFO:trainer_layer_forward:103.40309143066406
INFO:trainer_layer_forward:105.64613342285156
INFO:trainer_layer_forward:103.73425483703613
INFO:trainer_layer_forward:106.39500617980957
INFO:trainer_layer_forward:105.12328147888184
INFO:trainer_layer_forward:103.97768020629883
INFO:trainer_layer_forward:106.8882942199707
INFO:trainer_layer_forward:104.59327697753906
INFO:trainer_layer_forward:105.58009147644043
INFO:trainer_layer_forward:106.12130165100098
INFO:trainer_layer_forward:104.77066040039062
INFO:trainer_layer_forward:104.80022430419922
INFO:trainer_layer_forward:104.07137870788574
INFO:trainer_layer_forward:105.12614250183105
INFO:trainer_layer_forward:106.85586929321289
INFO:trainer_layer_forward:106.16469383239746
INFO:trainer_layer_forward:104.57515716552734
INFO:trainer_layer_forward:104.10833358764648
INFO:trainer_layer_forward:105.30447959899902
INFO:trainer_layer_forward:104.69913482666016
INFO:trainer_layer_forward:107.3598861694336
INFO:trainer_layer_forward:103.973388671875
INFO:trainer_layer_forward:104.1102409362793
INFO:trainer_layer_forward:104.53963279724121
INFO:trainer_layer_forward:104.41040992736816
INFO:trainer_layer_forward:106.51469230651855
INFO:trainer_layer_forward:105.76510429382324
INFO:trainer_layer_forward:104.35152053833008
INFO:trainer_layer_forward:104.34913635253906
INFO:trainer_layer_forward:107.41496086120605
INFO:trainer_layer_forward:105.1025390625
INFO:trainer_layer_forward:105.44252395629883
INFO:trainer_layer_forward:104.73489761352539
INFO:trainer_layer_forward:104.69841957092285
INFO:trainer_layer_forward:104.49671745300293
INFO:trainer_layer_forward:104.2642593383789
INFO:trainer_layer_forward:104.32982444763184
INFO:trainer_layer_forward:106.25576972961426
INFO:trainer_layer_forward:105.27205467224121
INFO:trainer_layer_forward:105.09085655212402
INFO:trainer_layer_forward:104.37345504760742
INFO:trainer_layer_forward:104.3846607208252
INFO:trainer_layer_forward:105.07440567016602
INFO:trainer_layer_forward:106.82988166809082
INFO:trainer_layer_forward:106.43529891967773
INFO:trainer_layer_forward:104.66480255126953
INFO:trainer_layer_forward:104.1102409362793
INFO:trainer_layer_forward:104.56037521362305
INFO:trainer_layer_forward:107.85794258117676
INFO:trainer_layer_forward:104.14290428161621
INFO:trainer_layer_forward:104.5074462890625
INFO:trainer_layer_forward:104.47072982788086
