INFO:trainer_layer_forward:CNNEx | mnist
INFO:trainer_layer_forward:in_size : 256 | epochs : 1 | batch : 1
INFO:trainer_layer_forward:kernel_l1 : 129 | 
INFO:trainer_layer_forward:o_channels_l1 : 20 | 
INFO:trainer_layer_forward:learn_num_train : 1000 | learn_num_validate : 0 
INFO:trainer_layer_forward::::::::::::::::::::::::::::::::::::::::::::::::::::::::::::
INFO:trainer_layer_forward:message : cnn_conv1 
INFO:trainer_layer_forward::::::::::::::::::::::::::::::::::::::::::::::::::::::::::::
INFO:trainer_layer_forward:Ave_Time : 6.8707083210800635
INFO:trainer_layer_forward::::::::::::::::::::::::::::::::::::::::::::::::::::::::::::
INFO:trainer_layer_forward:8.622884750366211
INFO:trainer_layer_forward:10.804176330566406
INFO:trainer_layer_forward:6.950139999389648
INFO:trainer_layer_forward:6.918191909790039
INFO:trainer_layer_forward:6.930112838745117
INFO:trainer_layer_forward:6.644725799560547
INFO:trainer_layer_forward:6.821870803833008
INFO:trainer_layer_forward:6.654977798461914
INFO:trainer_layer_forward:7.9097747802734375
INFO:trainer_layer_forward:6.6471099853515625
INFO:trainer_layer_forward:8.08858871459961
INFO:trainer_layer_forward:6.445407867431641
INFO:trainer_layer_forward:8.306741714477539
INFO:trainer_layer_forward:6.429433822631836
INFO:trainer_layer_forward:7.25555419921875
INFO:trainer_layer_forward:6.714582443237305
INFO:trainer_layer_forward:6.593942642211914
INFO:trainer_layer_forward:6.834983825683594
INFO:trainer_layer_forward:7.300853729248047
INFO:trainer_layer_forward:6.990909576416016
INFO:trainer_layer_forward:6.381750106811523
INFO:trainer_layer_forward:6.8988800048828125
INFO:trainer_layer_forward:6.359577178955078
INFO:trainer_layer_forward:6.934642791748047
INFO:trainer_layer_forward:6.40106201171875
INFO:trainer_layer_forward:6.835222244262695
INFO:trainer_layer_forward:6.392478942871094
INFO:trainer_layer_forward:7.344722747802734
INFO:trainer_layer_forward:6.356000900268555
INFO:trainer_layer_forward:7.688999176025391
INFO:trainer_layer_forward:6.392240524291992
INFO:trainer_layer_forward:17.574071884155273
INFO:trainer_layer_forward:6.217241287231445
INFO:trainer_layer_forward:6.283044815063477
INFO:trainer_layer_forward:7.309198379516602
INFO:trainer_layer_forward:6.308078765869141
INFO:trainer_layer_forward:7.09223747253418
INFO:trainer_layer_forward:6.297111511230469
INFO:trainer_layer_forward:6.282806396484375
INFO:trainer_layer_forward:6.284475326538086
INFO:trainer_layer_forward:6.426334381103516
INFO:trainer_layer_forward:6.230592727661133
INFO:trainer_layer_forward:7.521629333496094
INFO:trainer_layer_forward:6.821632385253906
INFO:trainer_layer_forward:6.259918212890625
INFO:trainer_layer_forward:6.799459457397461
INFO:trainer_layer_forward:6.18433952331543
INFO:trainer_layer_forward:6.2618255615234375
INFO:trainer_layer_forward:6.949901580810547
INFO:trainer_layer_forward:6.5898895263671875
INFO:trainer_layer_forward:7.196664810180664
INFO:trainer_layer_forward:6.634235382080078
INFO:trainer_layer_forward:7.101297378540039
INFO:trainer_layer_forward:6.766557693481445
INFO:trainer_layer_forward:7.200717926025391
INFO:trainer_layer_forward:7.891178131103516
INFO:trainer_layer_forward:6.173849105834961
INFO:trainer_layer_forward:7.355213165283203
INFO:trainer_layer_forward:6.186008453369141
INFO:trainer_layer_forward:7.276296615600586
INFO:trainer_layer_forward:6.163120269775391
INFO:trainer_layer_forward:7.368564605712891
INFO:trainer_layer_forward:6.210565567016602
INFO:trainer_layer_forward:8.479118347167969
INFO:trainer_layer_forward:6.172418594360352
INFO:trainer_layer_forward:7.066011428833008
INFO:trainer_layer_forward:7.073402404785156
INFO:trainer_layer_forward:8.26716423034668
INFO:trainer_layer_forward:6.198406219482422
INFO:trainer_layer_forward:7.561445236206055
INFO:trainer_layer_forward:6.178379058837891
INFO:trainer_layer_forward:7.42340087890625
INFO:trainer_layer_forward:6.186723709106445
INFO:trainer_layer_forward:8.109569549560547
INFO:trainer_layer_forward:6.2694549560546875
INFO:trainer_layer_forward:7.341623306274414
INFO:trainer_layer_forward:6.206989288330078
INFO:trainer_layer_forward:6.676435470581055
INFO:trainer_layer_forward:6.472110748291016
INFO:trainer_layer_forward:6.362676620483398
INFO:trainer_layer_forward:6.378889083862305
INFO:trainer_layer_forward:6.520986557006836
INFO:trainer_layer_forward:6.72602653503418
INFO:trainer_layer_forward:6.3800811767578125
INFO:trainer_layer_forward:6.867170333862305
INFO:trainer_layer_forward:6.371498107910156
INFO:trainer_layer_forward:7.730245590209961
INFO:trainer_layer_forward:6.533384323120117
INFO:trainer_layer_forward:6.875753402709961
INFO:trainer_layer_forward:6.367683410644531
INFO:trainer_layer_forward:7.407903671264648
INFO:trainer_layer_forward:6.325244903564453
INFO:trainer_layer_forward:6.4296722412109375
INFO:trainer_layer_forward:6.346940994262695
INFO:trainer_layer_forward:7.355928421020508
INFO:trainer_layer_forward:6.31403923034668
INFO:trainer_layer_forward:7.101774215698242
INFO:trainer_layer_forward:6.740093231201172
INFO:trainer_layer_forward:7.251501083374023
INFO:trainer_layer_forward:6.853580474853516
INFO:trainer_layer_forward:6.263017654418945
INFO:trainer_layer_forward:6.927967071533203
INFO:trainer_layer_forward:6.249427795410156
INFO:trainer_layer_forward:6.855964660644531
INFO:trainer_layer_forward:6.236553192138672
INFO:trainer_layer_forward:6.898641586303711
INFO:trainer_layer_forward:7.109880447387695
INFO:trainer_layer_forward:7.004976272583008
INFO:trainer_layer_forward:6.333112716674805
INFO:trainer_layer_forward:6.67262077331543
INFO:trainer_layer_forward:6.816864013671875
INFO:trainer_layer_forward:6.813526153564453
INFO:trainer_layer_forward:6.224632263183594
INFO:trainer_layer_forward:6.807565689086914
INFO:trainer_layer_forward:6.367683410644531
INFO:trainer_layer_forward:6.907224655151367
INFO:trainer_layer_forward:7.184267044067383
INFO:trainer_layer_forward:8.497476577758789
INFO:trainer_layer_forward:6.224155426025391
INFO:trainer_layer_forward:7.4062347412109375
INFO:trainer_layer_forward:6.288290023803711
INFO:trainer_layer_forward:8.01539421081543
INFO:trainer_layer_forward:6.231784820556641
INFO:trainer_layer_forward:7.485628128051758
INFO:trainer_layer_forward:6.343841552734375
INFO:trainer_layer_forward:7.943630218505859
INFO:trainer_layer_forward:6.305456161499023
INFO:trainer_layer_forward:7.6122283935546875
INFO:trainer_layer_forward:6.952047348022461
INFO:trainer_layer_forward:6.310701370239258
INFO:trainer_layer_forward:6.609201431274414
INFO:trainer_layer_forward:6.273031234741211
INFO:trainer_layer_forward:6.764888763427734
INFO:trainer_layer_forward:6.734609603881836
INFO:trainer_layer_forward:6.788969039916992
INFO:trainer_layer_forward:6.737709045410156
INFO:trainer_layer_forward:6.84809684753418
INFO:trainer_layer_forward:6.660223007202148
INFO:trainer_layer_forward:6.663322448730469
INFO:trainer_layer_forward:6.274700164794922
INFO:trainer_layer_forward:6.808996200561523
INFO:trainer_layer_forward:6.392240524291992
INFO:trainer_layer_forward:6.73222541809082
INFO:trainer_layer_forward:6.311655044555664
INFO:trainer_layer_forward:6.658792495727539
INFO:trainer_layer_forward:6.712198257446289
INFO:trainer_layer_forward:6.819725036621094
INFO:trainer_layer_forward:6.31403923034668
INFO:trainer_layer_forward:6.705999374389648
INFO:trainer_layer_forward:6.279468536376953
INFO:trainer_layer_forward:6.760835647583008
INFO:trainer_layer_forward:6.300926208496094
INFO:trainer_layer_forward:6.6852569580078125
INFO:trainer_layer_forward:6.308794021606445
INFO:trainer_layer_forward:7.1868896484375
INFO:trainer_layer_forward:6.27899169921875
INFO:trainer_layer_forward:7.415056228637695
INFO:trainer_layer_forward:6.3495635986328125
INFO:trainer_layer_forward:7.610559463500977
INFO:trainer_layer_forward:6.345987319946289
INFO:trainer_layer_forward:8.28862190246582
INFO:trainer_layer_forward:6.304025650024414
INFO:trainer_layer_forward:7.891654968261719
INFO:trainer_layer_forward:6.285429000854492
INFO:trainer_layer_forward:7.086515426635742
INFO:trainer_layer_forward:6.206989288330078
INFO:trainer_layer_forward:7.32421875
INFO:trainer_layer_forward:6.269216537475586
INFO:trainer_layer_forward:7.653951644897461
INFO:trainer_layer_forward:6.78563117980957
INFO:trainer_layer_forward:6.229639053344727
INFO:trainer_layer_forward:6.29425048828125
INFO:trainer_layer_forward:7.1544647216796875
INFO:trainer_layer_forward:6.857156753540039
INFO:trainer_layer_forward:6.311178207397461
INFO:trainer_layer_forward:7.900238037109375
INFO:trainer_layer_forward:6.262063980102539
INFO:trainer_layer_forward:8.08262825012207
INFO:trainer_layer_forward:6.329059600830078
INFO:trainer_layer_forward:7.527828216552734
INFO:trainer_layer_forward:6.777763366699219
INFO:trainer_layer_forward:6.473541259765625
INFO:trainer_layer_forward:6.723880767822266
INFO:trainer_layer_forward:6.349086761474609
INFO:trainer_layer_forward:6.755352020263672
INFO:trainer_layer_forward:7.367610931396484
INFO:trainer_layer_forward:6.744146347045898
INFO:trainer_layer_forward:6.295680999755859
INFO:trainer_layer_forward:6.7691802978515625
INFO:trainer_layer_forward:6.31260871887207
INFO:trainer_layer_forward:6.777048110961914
INFO:trainer_layer_forward:6.29734992980957
INFO:trainer_layer_forward:6.763696670532227
INFO:trainer_layer_forward:6.283998489379883
INFO:trainer_layer_forward:6.814718246459961
INFO:trainer_layer_forward:6.298303604125977
INFO:trainer_layer_forward:6.733179092407227
INFO:trainer_layer_forward:6.2847137451171875
INFO:trainer_layer_forward:6.783008575439453
INFO:trainer_layer_forward:6.2541961669921875
INFO:trainer_layer_forward:6.783008575439453
INFO:trainer_layer_forward:6.690740585327148
INFO:trainer_layer_forward:6.72459602355957
INFO:trainer_layer_forward:6.316661834716797
INFO:trainer_layer_forward:6.843805313110352
INFO:trainer_layer_forward:6.342649459838867
INFO:trainer_layer_forward:6.776094436645508
INFO:trainer_layer_forward:6.335020065307617
INFO:trainer_layer_forward:6.79326057434082
INFO:trainer_layer_forward:6.5441131591796875
INFO:trainer_layer_forward:6.795644760131836
INFO:trainer_layer_forward:6.362199783325195
INFO:trainer_layer_forward:8.409500122070312
INFO:trainer_layer_forward:6.34765625
INFO:trainer_layer_forward:7.736444473266602
INFO:trainer_layer_forward:6.319999694824219
INFO:trainer_layer_forward:7.9345703125
INFO:trainer_layer_forward:7.936239242553711
INFO:trainer_layer_forward:7.263660430908203
INFO:trainer_layer_forward:7.115840911865234
INFO:trainer_layer_forward:6.312370300292969
INFO:trainer_layer_forward:6.880283355712891
INFO:trainer_layer_forward:6.295442581176758
INFO:trainer_layer_forward:6.968021392822266
INFO:trainer_layer_forward:6.292104721069336
INFO:trainer_layer_forward:7.323741912841797
INFO:trainer_layer_forward:6.249427795410156
INFO:trainer_layer_forward:7.509708404541016
INFO:trainer_layer_forward:6.222248077392578
INFO:trainer_layer_forward:7.273197174072266
INFO:trainer_layer_forward:6.248950958251953
INFO:trainer_layer_forward:7.314205169677734
INFO:trainer_layer_forward:6.279706954956055
INFO:trainer_layer_forward:7.956266403198242
INFO:trainer_layer_forward:6.222724914550781
INFO:trainer_layer_forward:7.289409637451172
INFO:trainer_layer_forward:6.224632263183594
INFO:trainer_layer_forward:7.352113723754883
INFO:trainer_layer_forward:6.4411163330078125
INFO:trainer_layer_forward:7.359743118286133
INFO:trainer_layer_forward:6.215095520019531
INFO:trainer_layer_forward:7.835626602172852
INFO:trainer_layer_forward:6.237030029296875
INFO:trainer_layer_forward:7.271766662597656
INFO:trainer_layer_forward:6.763458251953125
INFO:trainer_layer_forward:6.409645080566406
INFO:trainer_layer_forward:6.812810897827148
INFO:trainer_layer_forward:6.4792633056640625
INFO:trainer_layer_forward:8.492231369018555
INFO:trainer_layer_forward:6.353139877319336
INFO:trainer_layer_forward:8.204460144042969
INFO:trainer_layer_forward:6.365776062011719
INFO:trainer_layer_forward:7.915496826171875
INFO:trainer_layer_forward:6.305217742919922
INFO:trainer_layer_forward:7.905721664428711
INFO:trainer_layer_forward:6.880044937133789
INFO:trainer_layer_forward:6.220817565917969
INFO:trainer_layer_forward:6.67119026184082
INFO:trainer_layer_forward:6.654500961303711
INFO:trainer_layer_forward:6.797552108764648
INFO:trainer_layer_forward:6.709098815917969
INFO:trainer_layer_forward:6.803989410400391
INFO:trainer_layer_forward:6.321191787719727
INFO:trainer_layer_forward:6.840229034423828
INFO:trainer_layer_forward:6.272315979003906
INFO:trainer_layer_forward:6.821870803833008
INFO:trainer_layer_forward:6.365299224853516
INFO:trainer_layer_forward:6.7901611328125
INFO:trainer_layer_forward:6.223440170288086
INFO:trainer_layer_forward:6.830930709838867
INFO:trainer_layer_forward:7.08770751953125
INFO:trainer_layer_forward:6.794214248657227
INFO:trainer_layer_forward:6.412506103515625
INFO:trainer_layer_forward:6.858587265014648
INFO:trainer_layer_forward:7.214784622192383
INFO:trainer_layer_forward:6.862640380859375
INFO:trainer_layer_forward:6.388425827026367
INFO:trainer_layer_forward:6.650447845458984
INFO:trainer_layer_forward:6.259679794311523
INFO:trainer_layer_forward:6.873846054077148
INFO:trainer_layer_forward:6.264209747314453
INFO:trainer_layer_forward:6.788969039916992
INFO:trainer_layer_forward:6.253719329833984
INFO:trainer_layer_forward:6.781578063964844
INFO:trainer_layer_forward:6.3838958740234375
INFO:trainer_layer_forward:6.855249404907227
INFO:trainer_layer_forward:6.250619888305664
INFO:trainer_layer_forward:6.905555725097656
INFO:trainer_layer_forward:6.400585174560547
INFO:trainer_layer_forward:6.862640380859375
INFO:trainer_layer_forward:6.290197372436523
INFO:trainer_layer_forward:6.872892379760742
INFO:trainer_layer_forward:7.117986679077148
INFO:trainer_layer_forward:8.211851119995117
INFO:trainer_layer_forward:6.321907043457031
INFO:trainer_layer_forward:7.443904876708984
INFO:trainer_layer_forward:6.309747695922852
INFO:trainer_layer_forward:7.68733024597168
INFO:trainer_layer_forward:6.882667541503906
INFO:trainer_layer_forward:6.3495635986328125
INFO:trainer_layer_forward:6.741523742675781
INFO:trainer_layer_forward:6.823539733886719
INFO:trainer_layer_forward:6.7958831787109375
INFO:trainer_layer_forward:6.283998489379883
INFO:trainer_layer_forward:6.852626800537109
INFO:trainer_layer_forward:6.661653518676758
INFO:trainer_layer_forward:8.229970932006836
INFO:trainer_layer_forward:6.773471832275391
INFO:trainer_layer_forward:7.534980773925781
INFO:trainer_layer_forward:6.698846817016602
INFO:trainer_layer_forward:7.4672698974609375
INFO:trainer_layer_forward:6.470203399658203
INFO:trainer_layer_forward:6.28209114074707
INFO:trainer_layer_forward:6.363630294799805
INFO:trainer_layer_forward:8.034467697143555
INFO:trainer_layer_forward:6.385326385498047
INFO:trainer_layer_forward:7.674694061279297
INFO:trainer_layer_forward:6.975650787353516
INFO:trainer_layer_forward:7.49969482421875
INFO:trainer_layer_forward:6.783246994018555
INFO:trainer_layer_forward:6.804943084716797
INFO:trainer_layer_forward:6.829500198364258
INFO:trainer_layer_forward:6.292581558227539
INFO:trainer_layer_forward:6.868124008178711
INFO:trainer_layer_forward:6.227254867553711
INFO:trainer_layer_forward:6.871938705444336
INFO:trainer_layer_forward:6.247043609619141
INFO:trainer_layer_forward:6.8073272705078125
INFO:trainer_layer_forward:7.226228713989258
INFO:trainer_layer_forward:6.800651550292969
INFO:trainer_layer_forward:7.155656814575195
INFO:trainer_layer_forward:6.801605224609375
INFO:trainer_layer_forward:6.2274932861328125
INFO:trainer_layer_forward:10.685920715332031
INFO:trainer_layer_forward:7.22050666809082
INFO:trainer_layer_forward:7.0362091064453125
INFO:trainer_layer_forward:6.381988525390625
INFO:trainer_layer_forward:7.287263870239258
INFO:trainer_layer_forward:6.350517272949219
INFO:trainer_layer_forward:6.841421127319336
INFO:trainer_layer_forward:6.274700164794922
INFO:trainer_layer_forward:6.828546524047852
INFO:trainer_layer_forward:6.343364715576172
INFO:trainer_layer_forward:6.383657455444336
INFO:trainer_layer_forward:6.580114364624023
INFO:trainer_layer_forward:6.529569625854492
INFO:trainer_layer_forward:6.91986083984375
INFO:trainer_layer_forward:7.075071334838867
INFO:trainer_layer_forward:6.798505783081055
INFO:trainer_layer_forward:6.712675094604492
INFO:trainer_layer_forward:8.105993270874023
INFO:trainer_layer_forward:6.820440292358398
INFO:trainer_layer_forward:7.095098495483398
INFO:trainer_layer_forward:6.78253173828125
INFO:trainer_layer_forward:7.332324981689453
INFO:trainer_layer_forward:7.481813430786133
INFO:trainer_layer_forward:7.886648178100586
INFO:trainer_layer_forward:6.349802017211914
INFO:trainer_layer_forward:7.141590118408203
INFO:trainer_layer_forward:6.772756576538086
INFO:trainer_layer_forward:6.248235702514648
INFO:trainer_layer_forward:6.277322769165039
INFO:trainer_layer_forward:8.165836334228516
INFO:trainer_layer_forward:6.278753280639648
INFO:trainer_layer_forward:7.363080978393555
INFO:trainer_layer_forward:6.315469741821289
INFO:trainer_layer_forward:7.884740829467773
INFO:trainer_layer_forward:6.290435791015625
INFO:trainer_layer_forward:7.610321044921875
INFO:trainer_layer_forward:6.285667419433594
INFO:trainer_layer_forward:7.215023040771484
INFO:trainer_layer_forward:6.684064865112305
INFO:trainer_layer_forward:7.245063781738281
INFO:trainer_layer_forward:6.980657577514648
INFO:trainer_layer_forward:6.241798400878906
INFO:trainer_layer_forward:6.833791732788086
INFO:trainer_layer_forward:6.653547286987305
INFO:trainer_layer_forward:6.812572479248047
INFO:trainer_layer_forward:6.7615509033203125
INFO:trainer_layer_forward:6.796360015869141
INFO:trainer_layer_forward:7.622241973876953
INFO:trainer_layer_forward:6.833553314208984
INFO:trainer_layer_forward:6.656646728515625
INFO:trainer_layer_forward:6.715536117553711
INFO:trainer_layer_forward:7.182121276855469
INFO:trainer_layer_forward:6.792783737182617
INFO:trainer_layer_forward:6.736040115356445
INFO:trainer_layer_forward:8.20612907409668
INFO:trainer_layer_forward:6.238222122192383
INFO:trainer_layer_forward:7.2383880615234375
INFO:trainer_layer_forward:6.397485733032227
INFO:trainer_layer_forward:7.595539093017578
INFO:trainer_layer_forward:6.4258575439453125
INFO:trainer_layer_forward:6.71076774597168
INFO:trainer_layer_forward:6.763935089111328
INFO:trainer_layer_forward:6.788492202758789
INFO:trainer_layer_forward:6.736516952514648
INFO:trainer_layer_forward:6.317853927612305
INFO:trainer_layer_forward:7.256269454956055
INFO:trainer_layer_forward:6.253719329833984
INFO:trainer_layer_forward:7.059335708618164
INFO:trainer_layer_forward:6.486654281616211
INFO:trainer_layer_forward:6.927251815795898
INFO:trainer_layer_forward:6.315469741821289
INFO:trainer_layer_forward:6.807804107666016
INFO:trainer_layer_forward:6.283283233642578
INFO:trainer_layer_forward:7.646322250366211
INFO:trainer_layer_forward:6.32476806640625
INFO:trainer_layer_forward:8.088111877441406
INFO:trainer_layer_forward:6.259441375732422
INFO:trainer_layer_forward:8.489608764648438
INFO:trainer_layer_forward:6.273031234741211
INFO:trainer_layer_forward:8.013486862182617
INFO:trainer_layer_forward:6.273984909057617
INFO:trainer_layer_forward:7.953166961669922
INFO:trainer_layer_forward:6.277322769165039
INFO:trainer_layer_forward:7.732629776000977
INFO:trainer_layer_forward:6.309986114501953
INFO:trainer_layer_forward:7.667303085327148
INFO:trainer_layer_forward:6.285667419433594
INFO:trainer_layer_forward:7.784128189086914
INFO:trainer_layer_forward:6.708383560180664
INFO:trainer_layer_forward:6.363630294799805
INFO:trainer_layer_forward:6.827354431152344
INFO:trainer_layer_forward:6.450176239013672
INFO:trainer_layer_forward:6.824493408203125
INFO:trainer_layer_forward:6.374120712280273
INFO:trainer_layer_forward:6.814718246459961
INFO:trainer_layer_forward:6.249189376831055
INFO:trainer_layer_forward:6.697416305541992
INFO:trainer_layer_forward:6.24394416809082
INFO:trainer_layer_forward:7.411718368530273
INFO:trainer_layer_forward:6.286859512329102
INFO:trainer_layer_forward:7.322788238525391
INFO:trainer_layer_forward:6.299018859863281
INFO:trainer_layer_forward:7.4062347412109375
INFO:trainer_layer_forward:6.243228912353516
INFO:trainer_layer_forward:6.992816925048828
INFO:trainer_layer_forward:6.87861442565918
INFO:trainer_layer_forward:6.366968154907227
INFO:trainer_layer_forward:6.783723831176758
INFO:trainer_layer_forward:6.284236907958984
INFO:trainer_layer_forward:8.247613906860352
INFO:trainer_layer_forward:6.292581558227539
INFO:trainer_layer_forward:8.285999298095703
INFO:trainer_layer_forward:6.262779235839844
INFO:trainer_layer_forward:7.149934768676758
INFO:trainer_layer_forward:6.26063346862793
INFO:trainer_layer_forward:7.421255111694336
INFO:trainer_layer_forward:6.268501281738281
INFO:trainer_layer_forward:7.997035980224609
INFO:trainer_layer_forward:6.302833557128906
INFO:trainer_layer_forward:8.083343505859375
INFO:trainer_layer_forward:6.2103271484375
INFO:trainer_layer_forward:7.451295852661133
INFO:trainer_layer_forward:6.292819976806641
INFO:trainer_layer_forward:7.684230804443359
INFO:trainer_layer_forward:6.29425048828125
INFO:trainer_layer_forward:7.266759872436523
INFO:trainer_layer_forward:6.251811981201172
INFO:trainer_layer_forward:7.1086883544921875
INFO:trainer_layer_forward:6.284475326538086
INFO:trainer_layer_forward:7.2689056396484375
INFO:trainer_layer_forward:6.754159927368164
INFO:trainer_layer_forward:6.353855133056641
INFO:trainer_layer_forward:6.862878799438477
INFO:trainer_layer_forward:6.2503814697265625
INFO:trainer_layer_forward:6.781101226806641
INFO:trainer_layer_forward:6.375789642333984
INFO:trainer_layer_forward:6.908893585205078
INFO:trainer_layer_forward:6.3114166259765625
INFO:trainer_layer_forward:7.252931594848633
INFO:trainer_layer_forward:6.291627883911133
INFO:trainer_layer_forward:8.600234985351562
INFO:trainer_layer_forward:6.2694549560546875
INFO:trainer_layer_forward:7.80940055847168
INFO:trainer_layer_forward:6.293773651123047
INFO:trainer_layer_forward:7.556438446044922
INFO:trainer_layer_forward:6.736040115356445
INFO:trainer_layer_forward:6.513357162475586
INFO:trainer_layer_forward:6.762027740478516
INFO:trainer_layer_forward:6.537199020385742
INFO:trainer_layer_forward:8.221864700317383
INFO:trainer_layer_forward:7.690906524658203
INFO:trainer_layer_forward:7.1773529052734375
INFO:trainer_layer_forward:7.641792297363281
INFO:trainer_layer_forward:7.588863372802734
INFO:trainer_layer_forward:7.8678131103515625
INFO:trainer_layer_forward:6.294488906860352
INFO:trainer_layer_forward:7.095813751220703
INFO:trainer_layer_forward:6.247758865356445
INFO:trainer_layer_forward:8.065462112426758
INFO:trainer_layer_forward:6.4105987548828125
INFO:trainer_layer_forward:7.150411605834961
INFO:trainer_layer_forward:7.779359817504883
INFO:trainer_layer_forward:7.134675979614258
INFO:trainer_layer_forward:7.829189300537109
INFO:trainer_layer_forward:6.9255828857421875
INFO:trainer_layer_forward:6.207466125488281
INFO:trainer_layer_forward:7.47990608215332
INFO:trainer_layer_forward:6.229400634765625
INFO:trainer_layer_forward:7.237434387207031
INFO:trainer_layer_forward:6.228208541870117
INFO:trainer_layer_forward:7.845401763916016
INFO:trainer_layer_forward:6.788492202758789
INFO:trainer_layer_forward:7.6389312744140625
INFO:trainer_layer_forward:6.798505783081055
INFO:trainer_layer_forward:6.705045700073242
INFO:trainer_layer_forward:6.723880767822266
INFO:trainer_layer_forward:6.294488906860352
INFO:trainer_layer_forward:6.251811981201172
INFO:trainer_layer_forward:6.812095642089844
INFO:trainer_layer_forward:6.225347518920898
INFO:trainer_layer_forward:7.283449172973633
INFO:trainer_layer_forward:6.885290145874023
INFO:trainer_layer_forward:7.019758224487305
INFO:trainer_layer_forward:6.825447082519531
INFO:trainer_layer_forward:6.805181503295898
INFO:trainer_layer_forward:8.17251205444336
INFO:trainer_layer_forward:6.797552108764648
INFO:trainer_layer_forward:7.09986686706543
INFO:trainer_layer_forward:6.54911994934082
INFO:trainer_layer_forward:7.850408554077148
INFO:trainer_layer_forward:6.767749786376953
INFO:trainer_layer_forward:6.250619888305664
INFO:trainer_layer_forward:6.287336349487305
INFO:trainer_layer_forward:7.476568222045898
INFO:trainer_layer_forward:6.299257278442383
INFO:trainer_layer_forward:7.644176483154297
INFO:trainer_layer_forward:6.319999694824219
INFO:trainer_layer_forward:7.0819854736328125
INFO:trainer_layer_forward:6.285905838012695
INFO:trainer_layer_forward:7.7953338623046875
INFO:trainer_layer_forward:6.806135177612305
INFO:trainer_layer_forward:7.120847702026367
INFO:trainer_layer_forward:6.805658340454102
INFO:trainer_layer_forward:6.498813629150391
INFO:trainer_layer_forward:6.730556488037109
INFO:trainer_layer_forward:6.323337554931641
INFO:trainer_layer_forward:6.763219833374023
INFO:trainer_layer_forward:6.703615188598633
INFO:trainer_layer_forward:6.814002990722656
INFO:trainer_layer_forward:6.850719451904297
INFO:trainer_layer_forward:7.125616073608398
INFO:trainer_layer_forward:7.353305816650391
INFO:trainer_layer_forward:7.213354110717773
INFO:trainer_layer_forward:6.232023239135742
INFO:trainer_layer_forward:7.48896598815918
INFO:trainer_layer_forward:6.236553192138672
INFO:trainer_layer_forward:7.210254669189453
INFO:trainer_layer_forward:6.235599517822266
INFO:trainer_layer_forward:7.489681243896484
INFO:trainer_layer_forward:6.248235702514648
INFO:trainer_layer_forward:6.440401077270508
INFO:trainer_layer_forward:7.631063461303711
INFO:trainer_layer_forward:6.312131881713867
INFO:trainer_layer_forward:7.280588150024414
INFO:trainer_layer_forward:6.333112716674805
INFO:trainer_layer_forward:7.506132125854492
INFO:trainer_layer_forward:6.307363510131836
INFO:trainer_layer_forward:7.997751235961914
INFO:trainer_layer_forward:6.278514862060547
INFO:trainer_layer_forward:7.742166519165039
INFO:trainer_layer_forward:6.29425048828125
INFO:trainer_layer_forward:7.778644561767578
INFO:trainer_layer_forward:6.266355514526367
INFO:trainer_layer_forward:7.7342987060546875
INFO:trainer_layer_forward:6.270647048950195
INFO:trainer_layer_forward:7.849693298339844
INFO:trainer_layer_forward:6.808280944824219
INFO:trainer_layer_forward:6.354570388793945
INFO:trainer_layer_forward:6.878852844238281
INFO:trainer_layer_forward:6.354093551635742
INFO:trainer_layer_forward:7.331371307373047
INFO:trainer_layer_forward:6.266593933105469
INFO:trainer_layer_forward:8.971214294433594
INFO:trainer_layer_forward:6.26063346862793
INFO:trainer_layer_forward:7.87806510925293
INFO:trainer_layer_forward:7.867336273193359
INFO:trainer_layer_forward:6.59489631652832
INFO:trainer_layer_forward:6.608486175537109
INFO:trainer_layer_forward:6.523609161376953
INFO:trainer_layer_forward:7.481098175048828
INFO:trainer_layer_forward:6.285190582275391
INFO:trainer_layer_forward:8.337020874023438
INFO:trainer_layer_forward:6.292104721069336
INFO:trainer_layer_forward:7.038593292236328
INFO:trainer_layer_forward:7.597446441650391
INFO:trainer_layer_forward:7.60650634765625
INFO:trainer_layer_forward:7.453203201293945
INFO:trainer_layer_forward:6.26063346862793
INFO:trainer_layer_forward:7.874011993408203
INFO:trainer_layer_forward:6.445407867431641
INFO:trainer_layer_forward:6.702661514282227
INFO:trainer_layer_forward:6.46209716796875
INFO:trainer_layer_forward:7.117509841918945
INFO:trainer_layer_forward:6.2999725341796875
INFO:trainer_layer_forward:6.369113922119141
INFO:trainer_layer_forward:7.189035415649414
INFO:trainer_layer_forward:7.525205612182617
INFO:trainer_layer_forward:6.731510162353516
INFO:trainer_layer_forward:6.273508071899414
INFO:trainer_layer_forward:6.277561187744141
INFO:trainer_layer_forward:7.318019866943359
INFO:trainer_layer_forward:6.257057189941406
INFO:trainer_layer_forward:6.357908248901367
INFO:trainer_layer_forward:7.525920867919922
INFO:trainer_layer_forward:6.351947784423828
INFO:trainer_layer_forward:7.394075393676758
INFO:trainer_layer_forward:6.28352165222168
INFO:trainer_layer_forward:8.028507232666016
INFO:trainer_layer_forward:6.75654411315918
INFO:trainer_layer_forward:7.822275161743164
INFO:trainer_layer_forward:6.317377090454102
INFO:trainer_layer_forward:7.9174041748046875
INFO:trainer_layer_forward:6.288766860961914
INFO:trainer_layer_forward:6.8836212158203125
INFO:trainer_layer_forward:7.821083068847656
INFO:trainer_layer_forward:7.591485977172852
INFO:trainer_layer_forward:7.139682769775391
INFO:trainer_layer_forward:7.152080535888672
INFO:trainer_layer_forward:6.87408447265625
INFO:trainer_layer_forward:6.476402282714844
INFO:trainer_layer_forward:6.295442581176758
INFO:trainer_layer_forward:6.3495635986328125
INFO:trainer_layer_forward:7.243633270263672
INFO:trainer_layer_forward:6.224393844604492
INFO:trainer_layer_forward:8.31460952758789
INFO:trainer_layer_forward:7.601022720336914
INFO:trainer_layer_forward:7.180929183959961
INFO:trainer_layer_forward:7.079839706420898
INFO:trainer_layer_forward:7.100820541381836
INFO:trainer_layer_forward:7.745027542114258
INFO:trainer_layer_forward:7.173776626586914
INFO:trainer_layer_forward:6.842851638793945
INFO:trainer_layer_forward:6.386756896972656
INFO:trainer_layer_forward:7.190942764282227
INFO:trainer_layer_forward:6.3648223876953125
INFO:trainer_layer_forward:6.299495697021484
INFO:trainer_layer_forward:7.289409637451172
INFO:trainer_layer_forward:7.80797004699707
INFO:trainer_layer_forward:7.120609283447266
INFO:trainer_layer_forward:7.005214691162109
INFO:trainer_layer_forward:7.31968879699707
INFO:trainer_layer_forward:6.29734992980957
INFO:trainer_layer_forward:8.355379104614258
INFO:trainer_layer_forward:6.256341934204102
INFO:trainer_layer_forward:7.306575775146484
INFO:trainer_layer_forward:7.246255874633789
INFO:trainer_layer_forward:6.301164627075195
INFO:trainer_layer_forward:7.706165313720703
INFO:trainer_layer_forward:6.784915924072266
INFO:trainer_layer_forward:6.9370269775390625
INFO:trainer_layer_forward:7.092714309692383
INFO:trainer_layer_forward:6.497859954833984
INFO:trainer_layer_forward:7.625818252563477
INFO:trainer_layer_forward:6.2465667724609375
INFO:trainer_layer_forward:7.543325424194336
INFO:trainer_layer_forward:7.206201553344727
INFO:trainer_layer_forward:6.740570068359375
INFO:trainer_layer_forward:7.77125358581543
INFO:trainer_layer_forward:6.572246551513672
INFO:trainer_layer_forward:8.424520492553711
INFO:trainer_layer_forward:6.348133087158203
INFO:trainer_layer_forward:8.139610290527344
INFO:trainer_layer_forward:6.346225738525391
INFO:trainer_layer_forward:8.107662200927734
INFO:trainer_layer_forward:6.297588348388672
INFO:trainer_layer_forward:7.859468460083008
INFO:trainer_layer_forward:6.956815719604492
INFO:trainer_layer_forward:6.23321533203125
INFO:trainer_layer_forward:6.6165924072265625
INFO:trainer_layer_forward:6.4239501953125
INFO:trainer_layer_forward:6.612062454223633
INFO:trainer_layer_forward:6.253719329833984
INFO:trainer_layer_forward:6.713628768920898
INFO:trainer_layer_forward:7.350444793701172
INFO:trainer_layer_forward:8.330821990966797
INFO:trainer_layer_forward:6.33549690246582
INFO:trainer_layer_forward:7.124900817871094
INFO:trainer_layer_forward:7.921934127807617
INFO:trainer_layer_forward:6.341695785522461
INFO:trainer_layer_forward:7.605552673339844
INFO:trainer_layer_forward:6.32929801940918
INFO:trainer_layer_forward:6.3037872314453125
INFO:trainer_layer_forward:6.762266159057617
INFO:trainer_layer_forward:7.606267929077148
INFO:trainer_layer_forward:6.733894348144531
INFO:trainer_layer_forward:7.4596405029296875
INFO:trainer_layer_forward:6.719350814819336
INFO:trainer_layer_forward:7.120370864868164
INFO:trainer_layer_forward:6.750583648681641
INFO:trainer_layer_forward:6.272554397583008
INFO:trainer_layer_forward:6.307840347290039
INFO:trainer_layer_forward:7.756233215332031
INFO:trainer_layer_forward:6.264925003051758
INFO:trainer_layer_forward:7.431507110595703
INFO:trainer_layer_forward:6.791830062866211
INFO:trainer_layer_forward:6.299495697021484
INFO:trainer_layer_forward:6.861686706542969
INFO:trainer_layer_forward:6.279945373535156
INFO:trainer_layer_forward:6.808757781982422
INFO:trainer_layer_forward:6.203889846801758
INFO:trainer_layer_forward:6.884336471557617
INFO:trainer_layer_forward:6.747245788574219
INFO:trainer_layer_forward:6.839275360107422
INFO:trainer_layer_forward:6.215810775756836
INFO:trainer_layer_forward:7.016658782958984
INFO:trainer_layer_forward:6.321907043457031
INFO:trainer_layer_forward:7.210016250610352
INFO:trainer_layer_forward:6.21485710144043
INFO:trainer_layer_forward:7.196187973022461
INFO:trainer_layer_forward:6.24847412109375
INFO:trainer_layer_forward:7.18998908996582
INFO:trainer_layer_forward:6.258487701416016
INFO:trainer_layer_forward:7.198333740234375
INFO:trainer_layer_forward:6.252527236938477
INFO:trainer_layer_forward:7.628679275512695
INFO:trainer_layer_forward:6.222009658813477
INFO:trainer_layer_forward:7.606267929077148
INFO:trainer_layer_forward:6.224155426025391
INFO:trainer_layer_forward:7.596492767333984
INFO:trainer_layer_forward:6.311655044555664
INFO:trainer_layer_forward:7.641315460205078
INFO:trainer_layer_forward:6.842136383056641
INFO:trainer_layer_forward:6.363868713378906
INFO:trainer_layer_forward:6.495237350463867
INFO:trainer_layer_forward:6.438016891479492
INFO:trainer_layer_forward:6.262063980102539
INFO:trainer_layer_forward:6.428003311157227
INFO:trainer_layer_forward:6.240129470825195
INFO:trainer_layer_forward:7.552623748779297
INFO:trainer_layer_forward:6.7615509033203125
INFO:trainer_layer_forward:6.377220153808594
INFO:trainer_layer_forward:6.840705871582031
INFO:trainer_layer_forward:6.3724517822265625
INFO:trainer_layer_forward:6.777286529541016
INFO:trainer_layer_forward:6.28352165222168
INFO:trainer_layer_forward:8.556604385375977
INFO:trainer_layer_forward:6.311655044555664
INFO:trainer_layer_forward:7.523775100708008
INFO:trainer_layer_forward:6.321191787719727
INFO:trainer_layer_forward:7.551908493041992
INFO:trainer_layer_forward:6.195545196533203
INFO:trainer_layer_forward:8.028745651245117
INFO:trainer_layer_forward:6.26063346862793
INFO:trainer_layer_forward:7.30443000793457
INFO:trainer_layer_forward:6.183385848999023
INFO:trainer_layer_forward:7.375955581665039
INFO:trainer_layer_forward:6.902217864990234
INFO:trainer_layer_forward:6.335735321044922
INFO:trainer_layer_forward:6.794929504394531
INFO:trainer_layer_forward:6.292104721069336
INFO:trainer_layer_forward:6.787300109863281
INFO:trainer_layer_forward:6.334543228149414
INFO:trainer_layer_forward:7.22813606262207
INFO:trainer_layer_forward:6.254911422729492
INFO:trainer_layer_forward:7.39598274230957
INFO:trainer_layer_forward:6.235837936401367
INFO:trainer_layer_forward:7.255792617797852
INFO:trainer_layer_forward:6.238460540771484
INFO:trainer_layer_forward:7.417201995849609
INFO:trainer_layer_forward:6.514072418212891
INFO:trainer_layer_forward:6.417751312255859
INFO:trainer_layer_forward:7.372617721557617
INFO:trainer_layer_forward:6.3114166259765625
INFO:trainer_layer_forward:6.600618362426758
INFO:trainer_layer_forward:6.397247314453125
INFO:trainer_layer_forward:6.525278091430664
INFO:trainer_layer_forward:6.330251693725586
INFO:trainer_layer_forward:6.621122360229492
INFO:trainer_layer_forward:6.484508514404297
INFO:trainer_layer_forward:6.729602813720703
INFO:trainer_layer_forward:6.352901458740234
INFO:trainer_layer_forward:6.592512130737305
INFO:trainer_layer_forward:6.337404251098633
INFO:trainer_layer_forward:6.696462631225586
INFO:trainer_layer_forward:6.4544677734375
INFO:trainer_layer_forward:6.825685501098633
INFO:trainer_layer_forward:6.298303604125977
INFO:trainer_layer_forward:6.670951843261719
INFO:trainer_layer_forward:6.678342819213867
INFO:trainer_layer_forward:6.821393966674805
INFO:trainer_layer_forward:6.30497932434082
INFO:trainer_layer_forward:6.602048873901367
INFO:trainer_layer_forward:6.454944610595703
INFO:trainer_layer_forward:6.768465042114258
INFO:trainer_layer_forward:6.3076019287109375
INFO:trainer_layer_forward:6.934642791748047
INFO:trainer_layer_forward:6.270170211791992
INFO:trainer_layer_forward:8.249998092651367
INFO:trainer_layer_forward:6.275653839111328
INFO:trainer_layer_forward:7.897377014160156
INFO:trainer_layer_forward:6.275415420532227
INFO:trainer_layer_forward:8.273124694824219
INFO:trainer_layer_forward:6.281614303588867
INFO:trainer_layer_forward:7.453680038452148
INFO:trainer_layer_forward:6.387472152709961
INFO:trainer_layer_forward:7.6446533203125
INFO:trainer_layer_forward:6.2923431396484375
INFO:trainer_layer_forward:7.342338562011719
INFO:trainer_layer_forward:6.264448165893555
INFO:trainer_layer_forward:7.343053817749023
INFO:trainer_layer_forward:6.287336349487305
INFO:trainer_layer_forward:7.712602615356445
INFO:trainer_layer_forward:6.355524063110352
INFO:trainer_layer_forward:7.776737213134766
INFO:trainer_layer_forward:6.829500198364258
INFO:trainer_layer_forward:6.888866424560547
INFO:trainer_layer_forward:6.87861442565918
INFO:trainer_layer_forward:6.479501724243164
INFO:trainer_layer_forward:8.599042892456055
INFO:trainer_layer_forward:6.259918212890625
INFO:trainer_layer_forward:6.834268569946289
INFO:trainer_layer_forward:6.272554397583008
INFO:trainer_layer_forward:7.220745086669922
INFO:trainer_layer_forward:6.24537467956543
INFO:trainer_layer_forward:6.289005279541016
INFO:trainer_layer_forward:6.424188613891602
INFO:trainer_layer_forward:6.285667419433594
INFO:trainer_layer_forward:6.219387054443359
INFO:trainer_layer_forward:7.712602615356445
INFO:trainer_layer_forward:6.268978118896484
INFO:trainer_layer_forward:7.441997528076172
INFO:trainer_layer_forward:6.224632263183594
INFO:trainer_layer_forward:7.577180862426758
INFO:trainer_layer_forward:6.229877471923828
INFO:trainer_layer_forward:7.725238800048828
INFO:trainer_layer_forward:6.855010986328125
INFO:trainer_layer_forward:6.529569625854492
INFO:trainer_layer_forward:6.7291259765625
INFO:trainer_layer_forward:6.310701370239258
INFO:trainer_layer_forward:6.81757926940918
INFO:trainer_layer_forward:6.284952163696289
INFO:trainer_layer_forward:6.777763366699219
INFO:trainer_layer_forward:6.471395492553711
INFO:trainer_layer_forward:6.851434707641602
INFO:trainer_layer_forward:6.718635559082031
INFO:trainer_layer_forward:6.693124771118164
INFO:trainer_layer_forward:6.523609161376953
INFO:trainer_layer_forward:6.735086441040039
INFO:trainer_layer_forward:6.756067276000977
INFO:trainer_layer_forward:6.741762161254883
INFO:trainer_layer_forward:6.501436233520508
INFO:trainer_layer_forward:6.770849227905273
INFO:trainer_layer_forward:6.721258163452148
INFO:trainer_layer_forward:6.674289703369141
INFO:trainer_layer_forward:7.728338241577148
INFO:trainer_layer_forward:6.750583648681641
INFO:trainer_layer_forward:6.2808990478515625
INFO:trainer_layer_forward:6.879568099975586
INFO:trainer_layer_forward:6.5593719482421875
INFO:trainer_layer_forward:6.789207458496094
INFO:trainer_layer_forward:7.429838180541992
INFO:trainer_layer_forward:7.840156555175781
INFO:trainer_layer_forward:6.345987319946289
INFO:trainer_layer_forward:6.365537643432617
INFO:trainer_layer_forward:6.812095642089844
INFO:trainer_layer_forward:6.33549690246582
INFO:trainer_layer_forward:6.83283805847168
INFO:trainer_layer_forward:7.153987884521484
INFO:trainer_layer_forward:6.779193878173828
INFO:trainer_layer_forward:6.314516067504883
INFO:trainer_layer_forward:6.958961486816406
INFO:trainer_layer_forward:6.243228912353516
INFO:trainer_layer_forward:7.206201553344727
INFO:trainer_layer_forward:6.2160491943359375
INFO:trainer_layer_forward:7.261991500854492
INFO:trainer_layer_forward:6.230592727661133
INFO:trainer_layer_forward:7.570505142211914
INFO:trainer_layer_forward:6.2427520751953125
INFO:trainer_layer_forward:7.605791091918945
INFO:trainer_layer_forward:6.246328353881836
INFO:trainer_layer_forward:7.268428802490234
INFO:trainer_layer_forward:6.262540817260742
INFO:trainer_layer_forward:7.486104965209961
INFO:trainer_layer_forward:6.2274932861328125
INFO:trainer_layer_forward:7.328271865844727
INFO:trainer_layer_forward:6.2274932861328125
INFO:trainer_layer_forward:7.566690444946289
INFO:trainer_layer_forward:6.239175796508789
INFO:trainer_layer_forward:7.666349411010742
INFO:trainer_layer_forward:6.218910217285156
INFO:trainer_layer_forward:8.243799209594727
INFO:trainer_layer_forward:6.294012069702148
INFO:trainer_layer_forward:8.044958114624023
INFO:trainer_layer_forward:6.277561187744141
INFO:trainer_layer_forward:7.300853729248047
INFO:trainer_layer_forward:6.714344024658203
INFO:trainer_layer_forward:6.998777389526367
INFO:trainer_layer_forward:6.7577362060546875
INFO:trainer_layer_forward:6.270885467529297
INFO:trainer_layer_forward:6.724834442138672
INFO:trainer_layer_forward:6.2999725341796875
INFO:trainer_layer_forward:6.720781326293945
INFO:trainer_layer_forward:7.301092147827148
INFO:trainer_layer_forward:8.552789688110352
INFO:trainer_layer_forward:6.2503814697265625
INFO:trainer_layer_forward:7.712841033935547
INFO:trainer_layer_forward:6.314516067504883
INFO:trainer_layer_forward:6.32166862487793
INFO:trainer_layer_forward:6.80088996887207
INFO:trainer_layer_forward:7.997035980224609
INFO:trainer_layer_forward:7.208824157714844
INFO:trainer_layer_forward:6.265878677368164
INFO:trainer_layer_forward:7.556915283203125
INFO:trainer_layer_forward:6.300210952758789
INFO:trainer_layer_forward:6.987333297729492
INFO:trainer_layer_forward:6.214618682861328
INFO:trainer_layer_forward:7.538318634033203
INFO:trainer_layer_forward:6.285667419433594
INFO:trainer_layer_forward:7.241010665893555
INFO:trainer_layer_forward:6.268739700317383
INFO:trainer_layer_forward:7.517814636230469
INFO:trainer_layer_forward:6.252050399780273
INFO:trainer_layer_forward:8.42905044555664
INFO:trainer_layer_forward:6.249189376831055
INFO:trainer_layer_forward:8.105754852294922
INFO:trainer_layer_forward:6.273031234741211
INFO:trainer_layer_forward:7.723808288574219
INFO:trainer_layer_forward:6.250619888305664
INFO:trainer_layer_forward:7.617712020874023
INFO:trainer_layer_forward:6.251335144042969
INFO:trainer_layer_forward:6.64830207824707
INFO:trainer_layer_forward:6.262540817260742
INFO:trainer_layer_forward:6.8264007568359375
INFO:trainer_layer_forward:6.281614303588867
INFO:trainer_layer_forward:6.375551223754883
INFO:trainer_layer_forward:6.6585540771484375
INFO:trainer_layer_forward:6.330251693725586
INFO:trainer_layer_forward:6.690263748168945
INFO:trainer_layer_forward:7.706642150878906
INFO:trainer_layer_forward:6.802082061767578
INFO:trainer_layer_forward:6.286144256591797
INFO:trainer_layer_forward:6.722688674926758
INFO:trainer_layer_forward:6.726741790771484
INFO:trainer_layer_forward:6.731271743774414
INFO:trainer_layer_forward:6.391286849975586
INFO:trainer_layer_forward:6.78706169128418
INFO:trainer_layer_forward:6.381750106811523
INFO:trainer_layer_forward:6.814241409301758
INFO:trainer_layer_forward:6.320714950561523
INFO:trainer_layer_forward:8.137941360473633
INFO:trainer_layer_forward:6.340980529785156
INFO:trainer_layer_forward:7.721185684204102
INFO:trainer_layer_forward:6.738424301147461
INFO:trainer_layer_forward:7.803916931152344
INFO:trainer_layer_forward:6.911754608154297
INFO:trainer_layer_forward:6.262302398681641
INFO:trainer_layer_forward:6.816625595092773
INFO:trainer_layer_forward:6.541728973388672
INFO:trainer_layer_forward:6.844043731689453
INFO:trainer_layer_forward:7.142066955566406
INFO:trainer_layer_forward:6.778478622436523
INFO:trainer_layer_forward:6.26373291015625
INFO:trainer_layer_forward:6.890058517456055
INFO:trainer_layer_forward:6.219148635864258
INFO:trainer_layer_forward:6.869316101074219
INFO:trainer_layer_forward:7.087945938110352
INFO:trainer_layer_forward:7.1125030517578125
INFO:trainer_layer_forward:6.213188171386719
INFO:trainer_layer_forward:6.949186325073242
INFO:trainer_layer_forward:6.34455680847168
INFO:trainer_layer_forward:6.707668304443359
INFO:trainer_layer_forward:7.11822509765625
INFO:trainer_layer_forward:7.201910018920898
INFO:trainer_layer_forward:6.277799606323242
INFO:trainer_layer_forward:7.1430206298828125
INFO:trainer_layer_forward:6.240606307983398
INFO:trainer_layer_forward:7.1315765380859375
INFO:trainer_layer_forward:6.2122344970703125
INFO:trainer_layer_forward:6.814479827880859
INFO:trainer_layer_forward:6.540060043334961
INFO:trainer_layer_forward:6.7844390869140625
INFO:trainer_layer_forward:6.316184997558594
INFO:trainer_layer_forward:6.954669952392578
INFO:trainer_layer_forward:9.74893569946289
INFO:trainer_layer_forward:6.356000900268555
INFO:trainer_layer_forward:6.865024566650391
INFO:trainer_layer_forward:6.931543350219727
INFO:trainer_layer_forward:6.4601898193359375
INFO:trainer_layer_forward:7.285833358764648
INFO:trainer_layer_forward:6.373405456542969
INFO:trainer_layer_forward:6.445407867431641
INFO:trainer_layer_forward:6.9103240966796875
INFO:trainer_layer_forward:6.477832794189453
INFO:trainer_layer_forward:6.922245025634766
INFO:trainer_layer_forward:6.8302154541015625
INFO:trainer_layer_forward:6.897687911987305
INFO:trainer_layer_forward:6.8035125732421875
