INFO:trainer_layer_forward:FFT_CNNEx | mnist
INFO:trainer_layer_forward:in_size : 1024 | epochs : 1 | batch : 1
INFO:trainer_layer_forward:kernel_l1 : 513 | 
INFO:trainer_layer_forward:o_channels_l1 : 20 | 
INFO:trainer_layer_forward:learn_num_train : 1000 | learn_num_validate : 0 
INFO:trainer_layer_forward::::::::::::::::::::::::::::::::::::::::::::::::::::::::::::
INFO:trainer_layer_forward:message : fft_conv1 
INFO:trainer_layer_forward::::::::::::::::::::::::::::::::::::::::::::::::::::::::::::
INFO:trainer_layer_forward:Ave_Time : 36.00460495611634
INFO:trainer_layer_forward::::::::::::::::::::::::::::::::::::::::::::::::::::::::::::
INFO:trainer_layer_forward:37.50038146972656
INFO:trainer_layer_forward:34.37232971191406
INFO:trainer_layer_forward:37.044525146484375
INFO:trainer_layer_forward:36.705970764160156
INFO:trainer_layer_forward:35.498857498168945
INFO:trainer_layer_forward:36.75222396850586
INFO:trainer_layer_forward:37.346601486206055
INFO:trainer_layer_forward:35.89963912963867
INFO:trainer_layer_forward:36.52787208557129
INFO:trainer_layer_forward:35.28785705566406
INFO:trainer_layer_forward:36.64517402648926
INFO:trainer_layer_forward:36.88454627990723
INFO:trainer_layer_forward:35.22014617919922
INFO:trainer_layer_forward:36.089420318603516
INFO:trainer_layer_forward:34.752607345581055
INFO:trainer_layer_forward:35.199642181396484
INFO:trainer_layer_forward:37.26911544799805
INFO:trainer_layer_forward:35.93921661376953
INFO:trainer_layer_forward:35.56966781616211
INFO:trainer_layer_forward:37.225961685180664
INFO:trainer_layer_forward:36.299705505371094
INFO:trainer_layer_forward:35.561561584472656
INFO:trainer_layer_forward:35.974979400634766
INFO:trainer_layer_forward:35.49051284790039
INFO:trainer_layer_forward:35.15124320983887
INFO:trainer_layer_forward:35.70842742919922
INFO:trainer_layer_forward:36.37957572937012
INFO:trainer_layer_forward:35.103559494018555
INFO:trainer_layer_forward:35.76970100402832
INFO:trainer_layer_forward:37.28151321411133
INFO:trainer_layer_forward:35.69483757019043
INFO:trainer_layer_forward:36.55433654785156
INFO:trainer_layer_forward:37.30416297912598
INFO:trainer_layer_forward:36.2546443939209
INFO:trainer_layer_forward:35.77160835266113
INFO:trainer_layer_forward:37.235260009765625
INFO:trainer_layer_forward:36.80920600891113
INFO:trainer_layer_forward:36.66210174560547
INFO:trainer_layer_forward:35.86602210998535
INFO:trainer_layer_forward:34.70730781555176
INFO:trainer_layer_forward:35.56060791015625
INFO:trainer_layer_forward:36.65924072265625
INFO:trainer_layer_forward:36.6826057434082
INFO:trainer_layer_forward:35.67790985107422
INFO:trainer_layer_forward:35.18795967102051
INFO:trainer_layer_forward:36.07511520385742
INFO:trainer_layer_forward:36.40627861022949
INFO:trainer_layer_forward:36.37814521789551
INFO:trainer_layer_forward:35.27498245239258
INFO:trainer_layer_forward:37.247657775878906
INFO:trainer_layer_forward:36.730051040649414
INFO:trainer_layer_forward:35.09855270385742
INFO:trainer_layer_forward:36.394596099853516
INFO:trainer_layer_forward:35.14719009399414
INFO:trainer_layer_forward:37.194252014160156
INFO:trainer_layer_forward:36.57102584838867
INFO:trainer_layer_forward:35.34245491027832
INFO:trainer_layer_forward:37.162065505981445
INFO:trainer_layer_forward:36.6818904876709
INFO:trainer_layer_forward:35.68601608276367
INFO:trainer_layer_forward:36.87119483947754
INFO:trainer_layer_forward:36.66496276855469
INFO:trainer_layer_forward:36.44585609436035
INFO:trainer_layer_forward:36.47637367248535
INFO:trainer_layer_forward:36.37957572937012
INFO:trainer_layer_forward:35.15434265136719
INFO:trainer_layer_forward:37.19949722290039
INFO:trainer_layer_forward:36.77535057067871
INFO:trainer_layer_forward:35.19701957702637
INFO:trainer_layer_forward:35.70079803466797
INFO:trainer_layer_forward:36.170005798339844
INFO:trainer_layer_forward:35.80522537231445
INFO:trainer_layer_forward:34.94739532470703
INFO:trainer_layer_forward:36.52167320251465
INFO:trainer_layer_forward:36.3917350769043
INFO:trainer_layer_forward:35.38322448730469
INFO:trainer_layer_forward:36.44108772277832
INFO:trainer_layer_forward:36.336660385131836
INFO:trainer_layer_forward:34.876346588134766
INFO:trainer_layer_forward:36.17572784423828
INFO:trainer_layer_forward:36.91840171813965
INFO:trainer_layer_forward:34.865617752075195
INFO:trainer_layer_forward:35.91632843017578
INFO:trainer_layer_forward:36.9267463684082
INFO:trainer_layer_forward:35.67242622375488
INFO:trainer_layer_forward:35.2935791015625
INFO:trainer_layer_forward:36.5290641784668
INFO:trainer_layer_forward:35.17436981201172
INFO:trainer_layer_forward:35.31646728515625
INFO:trainer_layer_forward:36.22770309448242
INFO:trainer_layer_forward:36.18264198303223
INFO:trainer_layer_forward:36.176443099975586
INFO:trainer_layer_forward:35.6898307800293
INFO:trainer_layer_forward:35.459280014038086
INFO:trainer_layer_forward:36.63158416748047
INFO:trainer_layer_forward:35.25257110595703
INFO:trainer_layer_forward:36.6969108581543
INFO:trainer_layer_forward:35.80737113952637
INFO:trainer_layer_forward:35.2783203125
INFO:trainer_layer_forward:35.65335273742676
INFO:trainer_layer_forward:36.81230545043945
INFO:trainer_layer_forward:36.802053451538086
INFO:trainer_layer_forward:34.79266166687012
INFO:trainer_layer_forward:36.763668060302734
INFO:trainer_layer_forward:36.635398864746094
INFO:trainer_layer_forward:35.295963287353516
INFO:trainer_layer_forward:35.58659553527832
INFO:trainer_layer_forward:36.49020195007324
INFO:trainer_layer_forward:35.0341796875
INFO:trainer_layer_forward:36.70525550842285
INFO:trainer_layer_forward:37.31727600097656
INFO:trainer_layer_forward:35.102128982543945
INFO:trainer_layer_forward:35.77995300292969
INFO:trainer_layer_forward:36.132097244262695
INFO:trainer_layer_forward:36.71002388000488
INFO:trainer_layer_forward:35.219669342041016
INFO:trainer_layer_forward:36.24868392944336
INFO:trainer_layer_forward:36.34333610534668
INFO:trainer_layer_forward:35.04800796508789
INFO:trainer_layer_forward:37.07265853881836
INFO:trainer_layer_forward:36.30876541137695
INFO:trainer_layer_forward:36.509037017822266
INFO:trainer_layer_forward:35.34507751464844
INFO:trainer_layer_forward:36.09108924865723
INFO:trainer_layer_forward:35.93707084655762
INFO:trainer_layer_forward:35.28141975402832
INFO:trainer_layer_forward:36.58699989318848
INFO:trainer_layer_forward:36.867380142211914
INFO:trainer_layer_forward:35.74991226196289
INFO:trainer_layer_forward:35.15267372131348
INFO:trainer_layer_forward:35.822153091430664
INFO:trainer_layer_forward:35.86912155151367
INFO:trainer_layer_forward:36.748409271240234
INFO:trainer_layer_forward:35.819053649902344
INFO:trainer_layer_forward:36.1332893371582
INFO:trainer_layer_forward:37.15825080871582
INFO:trainer_layer_forward:36.39507293701172
INFO:trainer_layer_forward:35.63857078552246
INFO:trainer_layer_forward:39.453744888305664
INFO:trainer_layer_forward:36.455392837524414
INFO:trainer_layer_forward:36.870479583740234
INFO:trainer_layer_forward:35.89797019958496
INFO:trainer_layer_forward:36.50641441345215
INFO:trainer_layer_forward:35.62021255493164
INFO:trainer_layer_forward:37.06860542297363
INFO:trainer_layer_forward:34.942626953125
INFO:trainer_layer_forward:36.7891788482666
INFO:trainer_layer_forward:35.7973575592041
INFO:trainer_layer_forward:36.59558296203613
INFO:trainer_layer_forward:36.038875579833984
INFO:trainer_layer_forward:36.73195838928223
INFO:trainer_layer_forward:36.60845756530762
INFO:trainer_layer_forward:36.589860916137695
INFO:trainer_layer_forward:35.028934478759766
INFO:trainer_layer_forward:37.8422737121582
INFO:trainer_layer_forward:36.199331283569336
INFO:trainer_layer_forward:35.71629524230957
INFO:trainer_layer_forward:36.46349906921387
INFO:trainer_layer_forward:35.89677810668945
INFO:trainer_layer_forward:36.031246185302734
INFO:trainer_layer_forward:36.19551658630371
INFO:trainer_layer_forward:37.72282600402832
INFO:trainer_layer_forward:35.19558906555176
INFO:trainer_layer_forward:37.10174560546875
INFO:trainer_layer_forward:36.4987850189209
INFO:trainer_layer_forward:36.65328025817871
INFO:trainer_layer_forward:36.00573539733887
INFO:trainer_layer_forward:35.649776458740234
INFO:trainer_layer_forward:35.582780838012695
INFO:trainer_layer_forward:36.48114204406738
INFO:trainer_layer_forward:35.55560111999512
INFO:trainer_layer_forward:36.35549545288086
INFO:trainer_layer_forward:37.014007568359375
INFO:trainer_layer_forward:36.23819351196289
INFO:trainer_layer_forward:36.675453186035156
INFO:trainer_layer_forward:36.992788314819336
INFO:trainer_layer_forward:35.0337028503418
INFO:trainer_layer_forward:35.491228103637695
INFO:trainer_layer_forward:36.215782165527344
INFO:trainer_layer_forward:35.80617904663086
INFO:trainer_layer_forward:35.60233116149902
INFO:trainer_layer_forward:37.270307540893555
INFO:trainer_layer_forward:36.118268966674805
INFO:trainer_layer_forward:35.21609306335449
INFO:trainer_layer_forward:36.25202178955078
INFO:trainer_layer_forward:37.142038345336914
INFO:trainer_layer_forward:36.640167236328125
INFO:trainer_layer_forward:34.895896911621094
INFO:trainer_layer_forward:36.36455535888672
INFO:trainer_layer_forward:36.48209571838379
INFO:trainer_layer_forward:35.193443298339844
INFO:trainer_layer_forward:35.7058048248291
INFO:trainer_layer_forward:36.524295806884766
INFO:trainer_layer_forward:35.27569770812988
INFO:trainer_layer_forward:36.90838813781738
INFO:trainer_layer_forward:36.51309013366699
INFO:trainer_layer_forward:35.17913818359375
INFO:trainer_layer_forward:35.96758842468262
INFO:trainer_layer_forward:33.95891189575195
INFO:trainer_layer_forward:36.245107650756836
INFO:trainer_layer_forward:35.70055961608887
INFO:trainer_layer_forward:35.62283515930176
INFO:trainer_layer_forward:36.44990921020508
INFO:trainer_layer_forward:36.78083419799805
INFO:trainer_layer_forward:36.60893440246582
INFO:trainer_layer_forward:35.80832481384277
INFO:trainer_layer_forward:35.23731231689453
INFO:trainer_layer_forward:37.25123405456543
INFO:trainer_layer_forward:36.60249710083008
INFO:trainer_layer_forward:35.09116172790527
INFO:trainer_layer_forward:36.21816635131836
INFO:trainer_layer_forward:37.40668296813965
INFO:trainer_layer_forward:35.24184226989746
INFO:trainer_layer_forward:37.20808029174805
INFO:trainer_layer_forward:36.42606735229492
INFO:trainer_layer_forward:36.93222999572754
INFO:trainer_layer_forward:35.791635513305664
INFO:trainer_layer_forward:36.48090362548828
INFO:trainer_layer_forward:35.14838218688965
INFO:trainer_layer_forward:36.9720458984375
INFO:trainer_layer_forward:36.21482849121094
INFO:trainer_layer_forward:35.119056701660156
INFO:trainer_layer_forward:36.95487976074219
INFO:trainer_layer_forward:35.92181205749512
INFO:trainer_layer_forward:36.73911094665527
INFO:trainer_layer_forward:34.51085090637207
INFO:trainer_layer_forward:36.566734313964844
INFO:trainer_layer_forward:35.74562072753906
INFO:trainer_layer_forward:35.186767578125
INFO:trainer_layer_forward:36.19861602783203
INFO:trainer_layer_forward:35.15028953552246
INFO:trainer_layer_forward:35.53295135498047
INFO:trainer_layer_forward:36.19575500488281
INFO:trainer_layer_forward:36.983489990234375
INFO:trainer_layer_forward:35.97426414489746
INFO:trainer_layer_forward:35.29644012451172
INFO:trainer_layer_forward:35.75444221496582
INFO:trainer_layer_forward:36.07320785522461
INFO:trainer_layer_forward:35.17723083496094
INFO:trainer_layer_forward:36.982059478759766
INFO:trainer_layer_forward:35.77709197998047
INFO:trainer_layer_forward:35.26186943054199
INFO:trainer_layer_forward:38.05279731750488
INFO:trainer_layer_forward:35.866737365722656
INFO:trainer_layer_forward:35.15768051147461
INFO:trainer_layer_forward:36.76128387451172
INFO:trainer_layer_forward:35.03823280334473
INFO:trainer_layer_forward:36.130428314208984
INFO:trainer_layer_forward:36.237478256225586
INFO:trainer_layer_forward:35.976409912109375
INFO:trainer_layer_forward:35.552978515625
INFO:trainer_layer_forward:36.210060119628906
INFO:trainer_layer_forward:36.41462326049805
INFO:trainer_layer_forward:35.697221755981445
INFO:trainer_layer_forward:35.247802734375
INFO:trainer_layer_forward:36.59987449645996
INFO:trainer_layer_forward:36.82661056518555
INFO:trainer_layer_forward:35.195112228393555
INFO:trainer_layer_forward:37.107229232788086
INFO:trainer_layer_forward:36.64112091064453
INFO:trainer_layer_forward:35.08710861206055
INFO:trainer_layer_forward:36.81015968322754
INFO:trainer_layer_forward:35.77852249145508
INFO:trainer_layer_forward:35.19415855407715
INFO:trainer_layer_forward:37.29057312011719
INFO:trainer_layer_forward:36.62538528442383
INFO:trainer_layer_forward:35.166025161743164
INFO:trainer_layer_forward:37.11056709289551
INFO:trainer_layer_forward:36.31997108459473
INFO:trainer_layer_forward:35.29858589172363
INFO:trainer_layer_forward:36.70907020568848
INFO:trainer_layer_forward:36.50045394897461
INFO:trainer_layer_forward:35.66741943359375
INFO:trainer_layer_forward:36.41080856323242
INFO:trainer_layer_forward:36.550283432006836
INFO:trainer_layer_forward:35.24589538574219
INFO:trainer_layer_forward:36.605119705200195
INFO:trainer_layer_forward:36.03053092956543
INFO:trainer_layer_forward:36.25035285949707
INFO:trainer_layer_forward:36.68928146362305
INFO:trainer_layer_forward:36.23056411743164
INFO:trainer_layer_forward:36.240577697753906
INFO:trainer_layer_forward:36.661624908447266
INFO:trainer_layer_forward:36.64803504943848
INFO:trainer_layer_forward:35.35151481628418
INFO:trainer_layer_forward:38.385629653930664
INFO:trainer_layer_forward:37.29367256164551
INFO:trainer_layer_forward:35.80069541931152
INFO:trainer_layer_forward:36.357879638671875
INFO:trainer_layer_forward:36.52453422546387
INFO:trainer_layer_forward:35.382986068725586
INFO:trainer_layer_forward:35.86578369140625
INFO:trainer_layer_forward:35.57181358337402
INFO:trainer_layer_forward:34.909963607788086
INFO:trainer_layer_forward:36.08059883117676
INFO:trainer_layer_forward:37.31560707092285
INFO:trainer_layer_forward:36.31711006164551
INFO:trainer_layer_forward:36.89718246459961
INFO:trainer_layer_forward:36.599159240722656
INFO:trainer_layer_forward:35.3240966796875
INFO:trainer_layer_forward:36.21649742126465
INFO:trainer_layer_forward:36.10682487487793
INFO:trainer_layer_forward:34.10696983337402
INFO:trainer_layer_forward:36.316871643066406
INFO:trainer_layer_forward:35.475730895996094
INFO:trainer_layer_forward:36.565542221069336
INFO:trainer_layer_forward:35.064697265625
INFO:trainer_layer_forward:36.15236282348633
INFO:trainer_layer_forward:35.698890686035156
INFO:trainer_layer_forward:35.48598289489746
INFO:trainer_layer_forward:36.62729263305664
INFO:trainer_layer_forward:36.24916076660156
INFO:trainer_layer_forward:36.55600547790527
INFO:trainer_layer_forward:34.85369682312012
INFO:trainer_layer_forward:37.188053131103516
INFO:trainer_layer_forward:36.34238243103027
INFO:trainer_layer_forward:35.15815734863281
INFO:trainer_layer_forward:36.03506088256836
INFO:trainer_layer_forward:36.93652153015137
INFO:trainer_layer_forward:34.973859786987305
INFO:trainer_layer_forward:37.51373291015625
INFO:trainer_layer_forward:34.64531898498535
INFO:trainer_layer_forward:36.07749938964844
INFO:trainer_layer_forward:37.15872764587402
INFO:trainer_layer_forward:36.423444747924805
INFO:trainer_layer_forward:35.309553146362305
INFO:trainer_layer_forward:36.98873519897461
INFO:trainer_layer_forward:36.31997108459473
INFO:trainer_layer_forward:35.44306755065918
INFO:trainer_layer_forward:35.294532775878906
INFO:trainer_layer_forward:35.86697578430176
INFO:trainer_layer_forward:35.56084632873535
INFO:trainer_layer_forward:37.28675842285156
INFO:trainer_layer_forward:36.402225494384766
INFO:trainer_layer_forward:35.555124282836914
INFO:trainer_layer_forward:36.95321083068848
INFO:trainer_layer_forward:35.82358360290527
INFO:trainer_layer_forward:35.03751754760742
INFO:trainer_layer_forward:35.572052001953125
INFO:trainer_layer_forward:36.83948516845703
INFO:trainer_layer_forward:35.79878807067871
INFO:trainer_layer_forward:36.246538162231445
INFO:trainer_layer_forward:36.98873519897461
INFO:trainer_layer_forward:35.55417060852051
INFO:trainer_layer_forward:35.22610664367676
INFO:trainer_layer_forward:36.49473190307617
INFO:trainer_layer_forward:36.55123710632324
INFO:trainer_layer_forward:35.04753112792969
INFO:trainer_layer_forward:36.295175552368164
INFO:trainer_layer_forward:36.128997802734375
INFO:trainer_layer_forward:35.82024574279785
INFO:trainer_layer_forward:35.292625427246094
INFO:trainer_layer_forward:35.562753677368164
INFO:trainer_layer_forward:35.93087196350098
INFO:trainer_layer_forward:36.47732734680176
INFO:trainer_layer_forward:37.07313537597656
INFO:trainer_layer_forward:36.029815673828125
INFO:trainer_layer_forward:35.094261169433594
INFO:trainer_layer_forward:36.41986846923828
INFO:trainer_layer_forward:36.521196365356445
INFO:trainer_layer_forward:34.958600997924805
INFO:trainer_layer_forward:36.221981048583984
INFO:trainer_layer_forward:36.2703800201416
INFO:trainer_layer_forward:35.1102352142334
INFO:trainer_layer_forward:35.537004470825195
INFO:trainer_layer_forward:36.90648078918457
INFO:trainer_layer_forward:35.727500915527344
INFO:trainer_layer_forward:35.645246505737305
INFO:trainer_layer_forward:37.1859073638916
INFO:trainer_layer_forward:36.33475303649902
INFO:trainer_layer_forward:35.256147384643555
INFO:trainer_layer_forward:36.23628616333008
INFO:trainer_layer_forward:36.56959533691406
INFO:trainer_layer_forward:35.15195846557617
INFO:trainer_layer_forward:36.24320030212402
INFO:trainer_layer_forward:37.299394607543945
INFO:trainer_layer_forward:34.963369369506836
INFO:trainer_layer_forward:35.30716896057129
INFO:trainer_layer_forward:37.03594207763672
INFO:trainer_layer_forward:36.06700897216797
INFO:trainer_layer_forward:35.559892654418945
INFO:trainer_layer_forward:36.88859939575195
INFO:trainer_layer_forward:36.545515060424805
INFO:trainer_layer_forward:35.29953956604004
INFO:trainer_layer_forward:36.016225814819336
INFO:trainer_layer_forward:37.17184066772461
INFO:trainer_layer_forward:37.43481636047363
INFO:trainer_layer_forward:36.2699031829834
INFO:trainer_layer_forward:36.09943389892578
INFO:trainer_layer_forward:36.48519515991211
INFO:trainer_layer_forward:35.76993942260742
INFO:trainer_layer_forward:35.69316864013672
INFO:trainer_layer_forward:37.69421577453613
INFO:trainer_layer_forward:36.28897666931152
INFO:trainer_layer_forward:37.08076477050781
INFO:trainer_layer_forward:35.675048828125
INFO:trainer_layer_forward:35.61854362487793
INFO:trainer_layer_forward:35.276174545288086
INFO:trainer_layer_forward:35.642147064208984
INFO:trainer_layer_forward:36.50236129760742
INFO:trainer_layer_forward:36.301612854003906
INFO:trainer_layer_forward:35.92205047607422
INFO:trainer_layer_forward:36.50355339050293
INFO:trainer_layer_forward:36.76319122314453
INFO:trainer_layer_forward:37.683725357055664
INFO:trainer_layer_forward:36.36050224304199
INFO:trainer_layer_forward:35.9649658203125
INFO:trainer_layer_forward:35.38823127746582
INFO:trainer_layer_forward:35.45665740966797
INFO:trainer_layer_forward:35.49623489379883
INFO:trainer_layer_forward:35.96639633178711
INFO:trainer_layer_forward:37.5823974609375
INFO:trainer_layer_forward:35.52556037902832
INFO:trainer_layer_forward:36.023616790771484
INFO:trainer_layer_forward:34.98697280883789
INFO:trainer_layer_forward:36.806583404541016
INFO:trainer_layer_forward:35.97760200500488
INFO:trainer_layer_forward:36.31281852722168
INFO:trainer_layer_forward:36.78774833679199
INFO:trainer_layer_forward:36.14211082458496
INFO:trainer_layer_forward:35.02321243286133
INFO:trainer_layer_forward:36.01551055908203
INFO:trainer_layer_forward:35.70961952209473
INFO:trainer_layer_forward:36.21959686279297
INFO:trainer_layer_forward:36.22889518737793
INFO:trainer_layer_forward:35.56632995605469
INFO:trainer_layer_forward:36.58294677734375
INFO:trainer_layer_forward:36.03649139404297
INFO:trainer_layer_forward:35.872697830200195
INFO:trainer_layer_forward:35.34889221191406
INFO:trainer_layer_forward:36.41319274902344
INFO:trainer_layer_forward:35.8576774597168
INFO:trainer_layer_forward:36.194562911987305
INFO:trainer_layer_forward:35.25710105895996
INFO:trainer_layer_forward:36.68546676635742
INFO:trainer_layer_forward:36.17238998413086
INFO:trainer_layer_forward:36.28253936767578
INFO:trainer_layer_forward:36.39841079711914
INFO:trainer_layer_forward:37.6439094543457
INFO:trainer_layer_forward:35.12310981750488
INFO:trainer_layer_forward:36.23080253601074
INFO:trainer_layer_forward:36.989450454711914
INFO:trainer_layer_forward:36.66234016418457
INFO:trainer_layer_forward:35.070180892944336
INFO:trainer_layer_forward:37.05906867980957
INFO:trainer_layer_forward:34.32416915893555
INFO:trainer_layer_forward:36.334991455078125
INFO:trainer_layer_forward:37.20712661743164
INFO:trainer_layer_forward:36.41247749328613
INFO:trainer_layer_forward:35.143136978149414
INFO:trainer_layer_forward:36.351680755615234
INFO:trainer_layer_forward:36.339521408081055
INFO:trainer_layer_forward:36.75436973571777
INFO:trainer_layer_forward:36.515235900878906
INFO:trainer_layer_forward:35.81547737121582
INFO:trainer_layer_forward:35.105228424072266
INFO:trainer_layer_forward:35.642385482788086
INFO:trainer_layer_forward:36.12375259399414
INFO:trainer_layer_forward:35.64095497131348
INFO:trainer_layer_forward:35.172462463378906
INFO:trainer_layer_forward:36.780595779418945
INFO:trainer_layer_forward:36.57102584838867
INFO:trainer_layer_forward:34.961700439453125
INFO:trainer_layer_forward:36.31925582885742
INFO:trainer_layer_forward:36.43488883972168
INFO:trainer_layer_forward:36.44871711730957
INFO:trainer_layer_forward:36.55815124511719
INFO:trainer_layer_forward:36.55838966369629
INFO:trainer_layer_forward:34.83271598815918
INFO:trainer_layer_forward:36.86070442199707
INFO:trainer_layer_forward:36.39841079711914
INFO:trainer_layer_forward:35.047292709350586
INFO:trainer_layer_forward:35.96138954162598
INFO:trainer_layer_forward:35.800933837890625
INFO:trainer_layer_forward:35.3093147277832
INFO:trainer_layer_forward:35.950422286987305
INFO:trainer_layer_forward:37.09077835083008
INFO:trainer_layer_forward:36.41319274902344
INFO:trainer_layer_forward:35.4461669921875
INFO:trainer_layer_forward:35.92848777770996
INFO:trainer_layer_forward:35.811424255371094
INFO:trainer_layer_forward:36.41533851623535
INFO:trainer_layer_forward:36.423683166503906
INFO:trainer_layer_forward:36.177873611450195
INFO:trainer_layer_forward:35.13789176940918
INFO:trainer_layer_forward:35.498619079589844
INFO:trainer_layer_forward:36.75675392150879
INFO:trainer_layer_forward:35.7668399810791
INFO:trainer_layer_forward:35.18271446228027
INFO:trainer_layer_forward:35.753726959228516
INFO:trainer_layer_forward:36.41629219055176
INFO:trainer_layer_forward:36.61203384399414
INFO:trainer_layer_forward:34.8508358001709
INFO:trainer_layer_forward:35.8889102935791
INFO:trainer_layer_forward:36.76033020019531
INFO:trainer_layer_forward:35.1557731628418
INFO:trainer_layer_forward:35.05873680114746
INFO:trainer_layer_forward:35.85529327392578
INFO:trainer_layer_forward:34.972190856933594
INFO:trainer_layer_forward:36.45825386047363
INFO:trainer_layer_forward:37.55021095275879
INFO:trainer_layer_forward:35.99238395690918
INFO:trainer_layer_forward:35.29047966003418
INFO:trainer_layer_forward:36.161184310913086
INFO:trainer_layer_forward:34.87968444824219
INFO:trainer_layer_forward:35.65382957458496
INFO:trainer_layer_forward:36.24081611633301
INFO:trainer_layer_forward:36.43345832824707
INFO:trainer_layer_forward:35.33482551574707
INFO:trainer_layer_forward:37.106990814208984
INFO:trainer_layer_forward:36.56435012817383
INFO:trainer_layer_forward:34.85369682312012
INFO:trainer_layer_forward:35.735130310058594
INFO:trainer_layer_forward:36.03243827819824
INFO:trainer_layer_forward:35.78901290893555
INFO:trainer_layer_forward:35.16030311584473
INFO:trainer_layer_forward:36.0713005065918
INFO:trainer_layer_forward:36.59176826477051
INFO:trainer_layer_forward:35.23755073547363
INFO:trainer_layer_forward:37.08219528198242
INFO:trainer_layer_forward:34.725189208984375
INFO:trainer_layer_forward:35.66551208496094
INFO:trainer_layer_forward:36.21244430541992
INFO:trainer_layer_forward:36.00168228149414
INFO:trainer_layer_forward:36.1483097076416
INFO:trainer_layer_forward:35.373687744140625
INFO:trainer_layer_forward:36.724090576171875
INFO:trainer_layer_forward:36.48543357849121
INFO:trainer_layer_forward:35.43734550476074
INFO:trainer_layer_forward:35.925865173339844
INFO:trainer_layer_forward:35.71486473083496
INFO:trainer_layer_forward:35.15172004699707
INFO:trainer_layer_forward:37.13178634643555
INFO:trainer_layer_forward:36.24987602233887
INFO:trainer_layer_forward:34.98435020446777
INFO:trainer_layer_forward:36.676883697509766
INFO:trainer_layer_forward:36.74721717834473
INFO:trainer_layer_forward:34.73067283630371
INFO:trainer_layer_forward:35.75563430786133
INFO:trainer_layer_forward:36.93842887878418
INFO:trainer_layer_forward:35.07637977600098
INFO:trainer_layer_forward:35.74061393737793
INFO:trainer_layer_forward:35.92205047607422
INFO:trainer_layer_forward:34.80052947998047
INFO:trainer_layer_forward:36.43059730529785
INFO:trainer_layer_forward:35.8881950378418
INFO:trainer_layer_forward:35.785675048828125
INFO:trainer_layer_forward:35.70985794067383
INFO:trainer_layer_forward:35.17746925354004
INFO:trainer_layer_forward:37.04428672790527
INFO:trainer_layer_forward:35.34102439880371
INFO:trainer_layer_forward:35.69293022155762
INFO:trainer_layer_forward:37.11414337158203
INFO:trainer_layer_forward:36.64278984069824
INFO:trainer_layer_forward:35.32886505126953
INFO:trainer_layer_forward:34.082651138305664
INFO:trainer_layer_forward:35.31455993652344
INFO:trainer_layer_forward:34.97004508972168
INFO:trainer_layer_forward:35.55703163146973
INFO:trainer_layer_forward:36.86952590942383
INFO:trainer_layer_forward:35.9797477722168
INFO:trainer_layer_forward:35.05659103393555
INFO:trainer_layer_forward:34.87396240234375
INFO:trainer_layer_forward:34.696102142333984
INFO:trainer_layer_forward:35.04776954650879
INFO:trainer_layer_forward:36.30805015563965
INFO:trainer_layer_forward:36.99469566345215
INFO:trainer_layer_forward:34.94620323181152
INFO:trainer_layer_forward:35.60304641723633
INFO:trainer_layer_forward:37.1706485748291
INFO:trainer_layer_forward:36.42010688781738
INFO:trainer_layer_forward:35.11548042297363
INFO:trainer_layer_forward:36.14544868469238
INFO:trainer_layer_forward:36.28396987915039
INFO:trainer_layer_forward:35.08567810058594
INFO:trainer_layer_forward:36.88788414001465
INFO:trainer_layer_forward:36.47756576538086
INFO:trainer_layer_forward:34.86442565917969
INFO:trainer_layer_forward:35.643815994262695
INFO:trainer_layer_forward:37.05883026123047
INFO:trainer_layer_forward:35.16030311584473
INFO:trainer_layer_forward:35.58635711669922
INFO:trainer_layer_forward:36.35358810424805
INFO:trainer_layer_forward:35.00699996948242
INFO:trainer_layer_forward:35.871028900146484
INFO:trainer_layer_forward:36.932945251464844
INFO:trainer_layer_forward:36.373138427734375
INFO:trainer_layer_forward:35.18199920654297
INFO:trainer_layer_forward:36.95797920227051
INFO:trainer_layer_forward:36.39864921569824
INFO:trainer_layer_forward:35.44783592224121
INFO:trainer_layer_forward:36.79323196411133
INFO:trainer_layer_forward:36.313533782958984
INFO:trainer_layer_forward:35.629987716674805
INFO:trainer_layer_forward:37.016868591308594
INFO:trainer_layer_forward:35.56990623474121
INFO:trainer_layer_forward:35.97617149353027
INFO:trainer_layer_forward:36.9410514831543
INFO:trainer_layer_forward:35.73298454284668
INFO:trainer_layer_forward:35.99429130554199
INFO:trainer_layer_forward:35.7820987701416
INFO:trainer_layer_forward:36.3616943359375
INFO:trainer_layer_forward:35.83836555480957
INFO:trainer_layer_forward:35.96997261047363
INFO:trainer_layer_forward:37.19305992126465
INFO:trainer_layer_forward:35.24661064147949
INFO:trainer_layer_forward:35.52603721618652
INFO:trainer_layer_forward:35.490989685058594
INFO:trainer_layer_forward:35.67910194396973
INFO:trainer_layer_forward:35.4154109954834
INFO:trainer_layer_forward:37.11700439453125
INFO:trainer_layer_forward:36.04865074157715
INFO:trainer_layer_forward:35.039663314819336
INFO:trainer_layer_forward:35.69650650024414
INFO:trainer_layer_forward:35.5525016784668
INFO:trainer_layer_forward:35.74538230895996
INFO:trainer_layer_forward:34.96527671813965
INFO:trainer_layer_forward:35.63261032104492
INFO:trainer_layer_forward:36.17668151855469
INFO:trainer_layer_forward:34.99174118041992
INFO:trainer_layer_forward:36.13567352294922
INFO:trainer_layer_forward:36.42392158508301
INFO:trainer_layer_forward:36.402225494384766
INFO:trainer_layer_forward:35.05873680114746
INFO:trainer_layer_forward:36.31758689880371
INFO:trainer_layer_forward:35.75563430786133
INFO:trainer_layer_forward:34.896135330200195
INFO:trainer_layer_forward:36.30495071411133
INFO:trainer_layer_forward:36.26537322998047
INFO:trainer_layer_forward:34.97648239135742
INFO:trainer_layer_forward:36.566972732543945
INFO:trainer_layer_forward:36.41629219055176
INFO:trainer_layer_forward:35.00056266784668
INFO:trainer_layer_forward:35.564422607421875
INFO:trainer_layer_forward:35.89892387390137
INFO:trainer_layer_forward:35.77542304992676
INFO:trainer_layer_forward:34.9578857421875
INFO:trainer_layer_forward:35.53581237792969
INFO:trainer_layer_forward:34.46340560913086
INFO:trainer_layer_forward:36.12685203552246
INFO:trainer_layer_forward:36.679744720458984
INFO:trainer_layer_forward:36.32497787475586
INFO:trainer_layer_forward:35.17746925354004
INFO:trainer_layer_forward:34.96241569519043
INFO:trainer_layer_forward:36.84639930725098
INFO:trainer_layer_forward:35.09068489074707
INFO:trainer_layer_forward:35.54987907409668
INFO:trainer_layer_forward:35.69984436035156
INFO:trainer_layer_forward:35.69436073303223
INFO:trainer_layer_forward:35.06064414978027
INFO:trainer_layer_forward:36.96727752685547
INFO:trainer_layer_forward:36.53669357299805
INFO:trainer_layer_forward:35.62808036804199
INFO:trainer_layer_forward:35.55870056152344
INFO:trainer_layer_forward:35.520315170288086
INFO:trainer_layer_forward:34.735918045043945
INFO:trainer_layer_forward:36.208152770996094
INFO:trainer_layer_forward:36.18121147155762
INFO:trainer_layer_forward:35.80904006958008
INFO:trainer_layer_forward:35.037994384765625
INFO:trainer_layer_forward:35.639047622680664
INFO:trainer_layer_forward:36.096811294555664
INFO:trainer_layer_forward:35.75396537780762
INFO:trainer_layer_forward:35.071372985839844
INFO:trainer_layer_forward:36.35907173156738
INFO:trainer_layer_forward:35.794734954833984
INFO:trainer_layer_forward:36.82446479797363
INFO:trainer_layer_forward:34.24572944641113
INFO:trainer_layer_forward:35.55774688720703
INFO:trainer_layer_forward:36.30805015563965
INFO:trainer_layer_forward:35.13050079345703
INFO:trainer_layer_forward:35.70103645324707
INFO:trainer_layer_forward:35.369873046875
INFO:trainer_layer_forward:35.64167022705078
INFO:trainer_layer_forward:36.759376525878906
INFO:trainer_layer_forward:36.071062088012695
INFO:trainer_layer_forward:35.24518013000488
INFO:trainer_layer_forward:35.672664642333984
INFO:trainer_layer_forward:35.709381103515625
INFO:trainer_layer_forward:35.92562675476074
INFO:trainer_layer_forward:35.12072563171387
INFO:trainer_layer_forward:34.95931625366211
INFO:trainer_layer_forward:36.382436752319336
INFO:trainer_layer_forward:34.49845314025879
INFO:trainer_layer_forward:36.13734245300293
INFO:trainer_layer_forward:36.84353828430176
INFO:trainer_layer_forward:36.817312240600586
INFO:trainer_layer_forward:34.848928451538086
INFO:trainer_layer_forward:36.402225494384766
INFO:trainer_layer_forward:36.48495674133301
INFO:trainer_layer_forward:35.134077072143555
INFO:trainer_layer_forward:35.58707237243652
INFO:trainer_layer_forward:36.16213798522949
INFO:trainer_layer_forward:34.28769111633301
INFO:trainer_layer_forward:35.187482833862305
INFO:trainer_layer_forward:33.774614334106445
INFO:trainer_layer_forward:36.01264953613281
INFO:trainer_layer_forward:35.91012954711914
INFO:trainer_layer_forward:34.544944763183594
INFO:trainer_layer_forward:36.09585762023926
INFO:trainer_layer_forward:36.48519515991211
INFO:trainer_layer_forward:35.84623336791992
INFO:trainer_layer_forward:37.062644958496094
INFO:trainer_layer_forward:36.657094955444336
INFO:trainer_layer_forward:35.22777557373047
INFO:trainer_layer_forward:36.44824028015137
INFO:trainer_layer_forward:35.964012145996094
INFO:trainer_layer_forward:34.86442565917969
INFO:trainer_layer_forward:36.36646270751953
INFO:trainer_layer_forward:36.96584701538086
INFO:trainer_layer_forward:35.76993942260742
INFO:trainer_layer_forward:35.041093826293945
INFO:trainer_layer_forward:37.03808784484863
INFO:trainer_layer_forward:36.89312934875488
INFO:trainer_layer_forward:35.533905029296875
INFO:trainer_layer_forward:36.40890121459961
INFO:trainer_layer_forward:35.74633598327637
INFO:trainer_layer_forward:35.05396842956543
INFO:trainer_layer_forward:35.93778610229492
INFO:trainer_layer_forward:35.59064865112305
INFO:trainer_layer_forward:35.10761260986328
INFO:trainer_layer_forward:35.651445388793945
INFO:trainer_layer_forward:36.02027893066406
INFO:trainer_layer_forward:36.13567352294922
INFO:trainer_layer_forward:34.93094444274902
INFO:trainer_layer_forward:36.3306999206543
INFO:trainer_layer_forward:35.74061393737793
INFO:trainer_layer_forward:35.489797592163086
INFO:trainer_layer_forward:36.44514083862305
INFO:trainer_layer_forward:36.94653511047363
INFO:trainer_layer_forward:36.38935089111328
INFO:trainer_layer_forward:36.24081611633301
INFO:trainer_layer_forward:36.24272346496582
INFO:trainer_layer_forward:34.47437286376953
INFO:trainer_layer_forward:35.96210479736328
INFO:trainer_layer_forward:36.881446838378906
INFO:trainer_layer_forward:36.01551055908203
INFO:trainer_layer_forward:35.08734703063965
INFO:trainer_layer_forward:36.56816482543945
INFO:trainer_layer_forward:36.307573318481445
INFO:trainer_layer_forward:35.465240478515625
INFO:trainer_layer_forward:36.17215156555176
INFO:trainer_layer_forward:36.73052787780762
INFO:trainer_layer_forward:34.845829010009766
INFO:trainer_layer_forward:36.7429256439209
INFO:trainer_layer_forward:36.26418113708496
INFO:trainer_layer_forward:36.8194580078125
INFO:trainer_layer_forward:35.71796417236328
INFO:trainer_layer_forward:35.837411880493164
INFO:trainer_layer_forward:35.06350517272949
INFO:trainer_layer_forward:35.02535820007324
INFO:trainer_layer_forward:36.4689826965332
INFO:trainer_layer_forward:35.69364547729492
INFO:trainer_layer_forward:36.08226776123047
INFO:trainer_layer_forward:36.692142486572266
INFO:trainer_layer_forward:35.75944900512695
INFO:trainer_layer_forward:35.06302833557129
INFO:trainer_layer_forward:36.234378814697266
INFO:trainer_layer_forward:36.25750541687012
INFO:trainer_layer_forward:35.78686714172363
INFO:trainer_layer_forward:35.073041915893555
INFO:trainer_layer_forward:35.57753562927246
INFO:trainer_layer_forward:35.17484664916992
INFO:trainer_layer_forward:36.20171546936035
INFO:trainer_layer_forward:36.66543960571289
INFO:trainer_layer_forward:35.74347496032715
INFO:trainer_layer_forward:35.58635711669922
INFO:trainer_layer_forward:35.65788269042969
INFO:trainer_layer_forward:35.779714584350586
INFO:trainer_layer_forward:34.992218017578125
INFO:trainer_layer_forward:35.84718704223633
INFO:trainer_layer_forward:35.875797271728516
INFO:trainer_layer_forward:36.4687442779541
INFO:trainer_layer_forward:34.91091728210449
INFO:trainer_layer_forward:36.20409965515137
INFO:trainer_layer_forward:36.368608474731445
INFO:trainer_layer_forward:34.86466407775879
INFO:trainer_layer_forward:36.305904388427734
INFO:trainer_layer_forward:36.478281021118164
INFO:trainer_layer_forward:35.600900650024414
INFO:trainer_layer_forward:36.321163177490234
INFO:trainer_layer_forward:35.57705879211426
INFO:trainer_layer_forward:34.865379333496094
INFO:trainer_layer_forward:35.51936149597168
INFO:trainer_layer_forward:35.92395782470703
INFO:trainer_layer_forward:36.160945892333984
INFO:trainer_layer_forward:35.11834144592285
INFO:trainer_layer_forward:35.67218780517578
INFO:trainer_layer_forward:35.58540344238281
INFO:trainer_layer_forward:35.98475456237793
INFO:trainer_layer_forward:33.90836715698242
INFO:trainer_layer_forward:35.08496284484863
INFO:trainer_layer_forward:35.355329513549805
INFO:trainer_layer_forward:35.62116622924805
INFO:trainer_layer_forward:35.63952445983887
INFO:trainer_layer_forward:36.324262619018555
INFO:trainer_layer_forward:36.53430938720703
INFO:trainer_layer_forward:35.50839424133301
INFO:trainer_layer_forward:36.69261932373047
INFO:trainer_layer_forward:34.943580627441406
INFO:trainer_layer_forward:35.945892333984375
INFO:trainer_layer_forward:36.829471588134766
INFO:trainer_layer_forward:35.8278751373291
INFO:trainer_layer_forward:34.86967086791992
INFO:trainer_layer_forward:36.20290756225586
INFO:trainer_layer_forward:35.423994064331055
INFO:trainer_layer_forward:36.058664321899414
INFO:trainer_layer_forward:36.35859489440918
INFO:trainer_layer_forward:36.767005920410156
INFO:trainer_layer_forward:36.32974624633789
INFO:trainer_layer_forward:36.41343116760254
INFO:trainer_layer_forward:36.56125068664551
INFO:trainer_layer_forward:36.61704063415527
INFO:trainer_layer_forward:35.56537628173828
INFO:trainer_layer_forward:36.82708740234375
INFO:trainer_layer_forward:35.151004791259766
INFO:trainer_layer_forward:35.959720611572266
INFO:trainer_layer_forward:35.63046455383301
INFO:trainer_layer_forward:35.4766845703125
INFO:trainer_layer_forward:36.263227462768555
INFO:trainer_layer_forward:36.91816329956055
INFO:trainer_layer_forward:36.041259765625
INFO:trainer_layer_forward:35.274505615234375
INFO:trainer_layer_forward:36.88812255859375
INFO:trainer_layer_forward:35.723209381103516
INFO:trainer_layer_forward:35.308122634887695
INFO:trainer_layer_forward:36.52524948120117
INFO:trainer_layer_forward:35.66431999206543
INFO:trainer_layer_forward:35.78782081604004
INFO:trainer_layer_forward:34.989118576049805
INFO:trainer_layer_forward:36.787986755371094
INFO:trainer_layer_forward:35.73417663574219
INFO:trainer_layer_forward:36.25774383544922
INFO:trainer_layer_forward:37.294626235961914
INFO:trainer_layer_forward:36.8962287902832
INFO:trainer_layer_forward:35.03251075744629
INFO:trainer_layer_forward:36.97490692138672
INFO:trainer_layer_forward:36.13448143005371
INFO:trainer_layer_forward:35.21370887756348
INFO:trainer_layer_forward:36.650896072387695
INFO:trainer_layer_forward:36.74602508544922
INFO:trainer_layer_forward:35.119056701660156
INFO:trainer_layer_forward:36.30399703979492
INFO:trainer_layer_forward:36.53836250305176
INFO:trainer_layer_forward:36.37504577636719
INFO:trainer_layer_forward:36.38458251953125
INFO:trainer_layer_forward:36.51690483093262
INFO:trainer_layer_forward:36.94033622741699
INFO:trainer_layer_forward:35.66575050354004
INFO:trainer_layer_forward:36.39698028564453
INFO:trainer_layer_forward:35.222768783569336
INFO:trainer_layer_forward:36.57817840576172
INFO:trainer_layer_forward:37.03618049621582
INFO:trainer_layer_forward:36.003828048706055
INFO:trainer_layer_forward:35.28165817260742
INFO:trainer_layer_forward:36.425113677978516
INFO:trainer_layer_forward:35.40444374084473
INFO:trainer_layer_forward:36.432743072509766
INFO:trainer_layer_forward:36.9420051574707
INFO:trainer_layer_forward:35.855770111083984
INFO:trainer_layer_forward:35.1252555847168
INFO:trainer_layer_forward:36.051273345947266
INFO:trainer_layer_forward:35.47239303588867
INFO:trainer_layer_forward:34.96193885803223
INFO:trainer_layer_forward:35.59565544128418
INFO:trainer_layer_forward:36.13734245300293
INFO:trainer_layer_forward:36.08345985412598
INFO:trainer_layer_forward:35.2025032043457
INFO:trainer_layer_forward:35.69507598876953
INFO:trainer_layer_forward:36.48638725280762
INFO:trainer_layer_forward:36.15236282348633
INFO:trainer_layer_forward:36.3314151763916
INFO:trainer_layer_forward:36.97681427001953
INFO:trainer_layer_forward:34.99913215637207
INFO:trainer_layer_forward:37.192583084106445
INFO:trainer_layer_forward:36.86809539794922
INFO:trainer_layer_forward:35.897016525268555
INFO:trainer_layer_forward:35.161733627319336
INFO:trainer_layer_forward:35.7513427734375
INFO:trainer_layer_forward:36.19384765625
INFO:trainer_layer_forward:34.89232063293457
INFO:trainer_layer_forward:36.18001937866211
INFO:trainer_layer_forward:36.461591720581055
INFO:trainer_layer_forward:35.722970962524414
INFO:trainer_layer_forward:36.16809844970703
INFO:trainer_layer_forward:37.094831466674805
INFO:trainer_layer_forward:35.01725196838379
INFO:trainer_layer_forward:36.096811294555664
INFO:trainer_layer_forward:37.03045845031738
INFO:trainer_layer_forward:36.82088851928711
INFO:trainer_layer_forward:34.96837615966797
INFO:trainer_layer_forward:37.180185317993164
INFO:trainer_layer_forward:35.93611717224121
INFO:trainer_layer_forward:35.230159759521484
INFO:trainer_layer_forward:36.47565841674805
INFO:trainer_layer_forward:36.77964210510254
INFO:trainer_layer_forward:35.384416580200195
INFO:trainer_layer_forward:36.35573387145996
INFO:trainer_layer_forward:36.482810974121094
INFO:trainer_layer_forward:35.140037536621094
INFO:trainer_layer_forward:36.206960678100586
INFO:trainer_layer_forward:37.03808784484863
INFO:trainer_layer_forward:34.20710563659668
INFO:trainer_layer_forward:35.797119140625
INFO:trainer_layer_forward:37.08600997924805
INFO:trainer_layer_forward:36.70644760131836
INFO:trainer_layer_forward:35.11857986450195
INFO:trainer_layer_forward:35.86626052856445
INFO:trainer_layer_forward:36.1328125
INFO:trainer_layer_forward:35.59994697570801
INFO:trainer_layer_forward:34.53469276428223
INFO:trainer_layer_forward:35.247087478637695
INFO:trainer_layer_forward:36.25988960266113
INFO:trainer_layer_forward:35.18176078796387
INFO:trainer_layer_forward:35.72249412536621
INFO:trainer_layer_forward:36.623477935791016
INFO:trainer_layer_forward:35.15315055847168
INFO:trainer_layer_forward:37.20426559448242
INFO:trainer_layer_forward:36.40270233154297
INFO:trainer_layer_forward:35.199642181396484
INFO:trainer_layer_forward:37.13393211364746
INFO:trainer_layer_forward:36.51690483093262
INFO:trainer_layer_forward:36.22150421142578
INFO:trainer_layer_forward:36.3771915435791
INFO:trainer_layer_forward:36.16595268249512
INFO:trainer_layer_forward:36.782264709472656
INFO:trainer_layer_forward:35.86983680725098
INFO:trainer_layer_forward:36.27419471740723
INFO:trainer_layer_forward:36.83614730834961
INFO:trainer_layer_forward:34.49583053588867
INFO:trainer_layer_forward:34.75832939147949
INFO:trainer_layer_forward:36.31329536437988
INFO:trainer_layer_forward:34.987688064575195
INFO:trainer_layer_forward:36.63444519042969
INFO:trainer_layer_forward:36.46492958068848
INFO:trainer_layer_forward:35.610198974609375
INFO:trainer_layer_forward:36.29708290100098
INFO:trainer_layer_forward:35.80927848815918
INFO:trainer_layer_forward:35.20464897155762
INFO:trainer_layer_forward:36.856889724731445
INFO:trainer_layer_forward:36.02194786071777
INFO:trainer_layer_forward:35.93087196350098
INFO:trainer_layer_forward:35.15028953552246
INFO:trainer_layer_forward:36.49735450744629
INFO:trainer_layer_forward:36.606550216674805
INFO:trainer_layer_forward:35.03680229187012
INFO:trainer_layer_forward:36.85951232910156
INFO:trainer_layer_forward:35.02821922302246
INFO:trainer_layer_forward:35.56418418884277
INFO:trainer_layer_forward:36.164283752441406
INFO:trainer_layer_forward:35.83860397338867
INFO:trainer_layer_forward:35.156965255737305
INFO:trainer_layer_forward:36.826133728027344
INFO:trainer_layer_forward:36.26203536987305
INFO:trainer_layer_forward:36.83948516845703
INFO:trainer_layer_forward:35.27975082397461
INFO:trainer_layer_forward:37.01043128967285
INFO:trainer_layer_forward:35.05396842956543
INFO:trainer_layer_forward:36.355018615722656
INFO:trainer_layer_forward:36.95487976074219
INFO:trainer_layer_forward:35.77589988708496
INFO:trainer_layer_forward:35.88223457336426
INFO:trainer_layer_forward:35.82167625427246
INFO:trainer_layer_forward:35.59374809265137
INFO:trainer_layer_forward:35.34507751464844
INFO:trainer_layer_forward:36.468505859375
INFO:trainer_layer_forward:36.40246391296387
INFO:trainer_layer_forward:35.00080108642578
INFO:trainer_layer_forward:36.91911697387695
INFO:trainer_layer_forward:35.78305244445801
INFO:trainer_layer_forward:35.11452674865723
INFO:trainer_layer_forward:36.22913360595703
INFO:trainer_layer_forward:37.001609802246094
INFO:trainer_layer_forward:35.65335273742676
INFO:trainer_layer_forward:35.93635559082031
INFO:trainer_layer_forward:36.33832931518555
INFO:trainer_layer_forward:36.56649589538574
INFO:trainer_layer_forward:34.76405143737793
INFO:trainer_layer_forward:36.38434410095215
INFO:trainer_layer_forward:36.41939163208008
INFO:trainer_layer_forward:35.245418548583984
INFO:trainer_layer_forward:35.565853118896484
INFO:trainer_layer_forward:35.472869873046875
INFO:trainer_layer_forward:35.54844856262207
INFO:trainer_layer_forward:36.3163948059082
INFO:trainer_layer_forward:36.76104545593262
INFO:trainer_layer_forward:35.604000091552734
INFO:trainer_layer_forward:36.52596473693848
INFO:trainer_layer_forward:37.227630615234375
INFO:trainer_layer_forward:37.14275360107422
