INFO:trainer_layer_forward:FFT_CNNEx | mnist
INFO:trainer_layer_forward:in_size : 256 | epochs : 1 | batch : 1
INFO:trainer_layer_forward:kernel_l1 : 129 | 
INFO:trainer_layer_forward:o_channels_l1 : 20 | 
INFO:trainer_layer_forward:learn_num_train : 1000 | learn_num_validate : 0 
INFO:trainer_layer_forward::::::::::::::::::::::::::::::::::::::::::::::::::::::::::::
INFO:trainer_layer_forward:message : fft_conv1 
INFO:trainer_layer_forward::::::::::::::::::::::::::::::::::::::::::::::::::::::::::::
INFO:trainer_layer_forward:Ave_Time : 2.0315148613669654
INFO:trainer_layer_forward::::::::::::::::::::::::::::::::::::::::::::::::::::::::::::
INFO:trainer_layer_forward:2.3157596588134766
INFO:trainer_layer_forward:2.323627471923828
INFO:trainer_layer_forward:2.4187564849853516
INFO:trainer_layer_forward:2.20489501953125
INFO:trainer_layer_forward:2.214193344116211
INFO:trainer_layer_forward:2.225637435913086
INFO:trainer_layer_forward:2.4971961975097656
INFO:trainer_layer_forward:2.3431777954101562
INFO:trainer_layer_forward:2.318859100341797
INFO:trainer_layer_forward:2.209901809692383
INFO:trainer_layer_forward:2.3431777954101562
INFO:trainer_layer_forward:2.3107528686523438
INFO:trainer_layer_forward:2.25830078125
INFO:trainer_layer_forward:2.405405044555664
INFO:trainer_layer_forward:2.2830963134765625
INFO:trainer_layer_forward:2.4123191833496094
INFO:trainer_layer_forward:2.241849899291992
INFO:trainer_layer_forward:2.3987293243408203
INFO:trainer_layer_forward:2.409696578979492
INFO:trainer_layer_forward:2.788543701171875
INFO:trainer_layer_forward:2.2084712982177734
INFO:trainer_layer_forward:2.198934555053711
INFO:trainer_layer_forward:2.213716506958008
INFO:trainer_layer_forward:2.2416114807128906
INFO:trainer_layer_forward:2.198457717895508
INFO:trainer_layer_forward:2.203702926635742
INFO:trainer_layer_forward:2.223491668701172
INFO:trainer_layer_forward:2.1965503692626953
INFO:trainer_layer_forward:2.3088455200195312
INFO:trainer_layer_forward:2.2842884063720703
INFO:trainer_layer_forward:2.619504928588867
INFO:trainer_layer_forward:2.4116039276123047
INFO:trainer_layer_forward:2.630472183227539
INFO:trainer_layer_forward:2.2008419036865234
INFO:trainer_layer_forward:2.3758411407470703
INFO:trainer_layer_forward:2.307891845703125
INFO:trainer_layer_forward:2.276182174682617
INFO:trainer_layer_forward:2.2916793823242188
INFO:trainer_layer_forward:2.0751953125
INFO:trainer_layer_forward:2.333402633666992
INFO:trainer_layer_forward:2.0952224731445312
INFO:trainer_layer_forward:2.2454261779785156
INFO:trainer_layer_forward:2.1800994873046875
INFO:trainer_layer_forward:2.0189285278320312
INFO:trainer_layer_forward:1.901865005493164
INFO:trainer_layer_forward:1.9414424896240234
INFO:trainer_layer_forward:2.202272415161133
INFO:trainer_layer_forward:2.086639404296875
INFO:trainer_layer_forward:2.0568370819091797
INFO:trainer_layer_forward:2.0618438720703125
INFO:trainer_layer_forward:2.037525177001953
INFO:trainer_layer_forward:2.2306442260742188
INFO:trainer_layer_forward:2.0618438720703125
INFO:trainer_layer_forward:2.0558834075927734
INFO:trainer_layer_forward:2.0058155059814453
INFO:trainer_layer_forward:2.027273178100586
INFO:trainer_layer_forward:2.0341873168945312
INFO:trainer_layer_forward:1.9168853759765625
INFO:trainer_layer_forward:1.9140243530273438
INFO:trainer_layer_forward:1.987457275390625
INFO:trainer_layer_forward:2.0198822021484375
INFO:trainer_layer_forward:2.077817916870117
INFO:trainer_layer_forward:2.2363662719726562
INFO:trainer_layer_forward:2.0627975463867188
INFO:trainer_layer_forward:1.9965171813964844
INFO:trainer_layer_forward:1.9767284393310547
INFO:trainer_layer_forward:1.9307136535644531
INFO:trainer_layer_forward:2.0949840545654297
INFO:trainer_layer_forward:1.99127197265625
INFO:trainer_layer_forward:2.0198822021484375
INFO:trainer_layer_forward:1.9178390502929688
INFO:trainer_layer_forward:1.91497802734375
INFO:trainer_layer_forward:1.9702911376953125
INFO:trainer_layer_forward:2.452373504638672
INFO:trainer_layer_forward:2.132415771484375
INFO:trainer_layer_forward:1.8978118896484375
INFO:trainer_layer_forward:1.9021034240722656
INFO:trainer_layer_forward:1.9676685333251953
INFO:trainer_layer_forward:2.004861831665039
INFO:trainer_layer_forward:2.012014389038086
INFO:trainer_layer_forward:1.9197463989257812
INFO:trainer_layer_forward:2.0258426666259766
INFO:trainer_layer_forward:2.2575855255126953
INFO:trainer_layer_forward:1.9364356994628906
INFO:trainer_layer_forward:1.9071102142333984
INFO:trainer_layer_forward:1.9071102142333984
INFO:trainer_layer_forward:1.93023681640625
INFO:trainer_layer_forward:2.039670944213867
INFO:trainer_layer_forward:1.9745826721191406
INFO:trainer_layer_forward:1.9359588623046875
INFO:trainer_layer_forward:1.9304752349853516
INFO:trainer_layer_forward:1.9297599792480469
INFO:trainer_layer_forward:2.3283958435058594
INFO:trainer_layer_forward:2.222776412963867
INFO:trainer_layer_forward:1.9016265869140625
INFO:trainer_layer_forward:1.9156932830810547
INFO:trainer_layer_forward:1.9297599792480469
INFO:trainer_layer_forward:1.9116401672363281
INFO:trainer_layer_forward:2.0902156829833984
INFO:trainer_layer_forward:1.912832260131836
INFO:trainer_layer_forward:1.8966197967529297
INFO:trainer_layer_forward:1.9321441650390625
INFO:trainer_layer_forward:2.110719680786133
INFO:trainer_layer_forward:2.0503997802734375
INFO:trainer_layer_forward:1.9328594207763672
INFO:trainer_layer_forward:1.9659996032714844
INFO:trainer_layer_forward:1.9309520721435547
INFO:trainer_layer_forward:2.0885467529296875
INFO:trainer_layer_forward:1.9440650939941406
INFO:trainer_layer_forward:1.9946098327636719
INFO:trainer_layer_forward:1.9125938415527344
INFO:trainer_layer_forward:1.9762516021728516
INFO:trainer_layer_forward:1.9268989562988281
INFO:trainer_layer_forward:2.3488998413085938
INFO:trainer_layer_forward:1.9288063049316406
INFO:trainer_layer_forward:1.940011978149414
INFO:trainer_layer_forward:1.8987655639648438
INFO:trainer_layer_forward:1.9352436065673828
INFO:trainer_layer_forward:1.9233226776123047
INFO:trainer_layer_forward:1.996755599975586
INFO:trainer_layer_forward:1.9490718841552734
INFO:trainer_layer_forward:1.993417739868164
INFO:trainer_layer_forward:1.9376277923583984
INFO:trainer_layer_forward:2.566814422607422
INFO:trainer_layer_forward:1.9102096557617188
INFO:trainer_layer_forward:1.9862651824951172
INFO:trainer_layer_forward:1.9249916076660156
INFO:trainer_layer_forward:2.1293163299560547
INFO:trainer_layer_forward:2.165555953979492
INFO:trainer_layer_forward:1.9831657409667969
INFO:trainer_layer_forward:1.9145011901855469
INFO:trainer_layer_forward:2.022981643676758
INFO:trainer_layer_forward:1.9388198852539062
INFO:trainer_layer_forward:2.0716190338134766
INFO:trainer_layer_forward:1.91497802734375
INFO:trainer_layer_forward:1.9779205322265625
INFO:trainer_layer_forward:1.9512176513671875
INFO:trainer_layer_forward:2.0613670349121094
INFO:trainer_layer_forward:1.959085464477539
INFO:trainer_layer_forward:1.9786357879638672
INFO:trainer_layer_forward:1.9888877868652344
INFO:trainer_layer_forward:2.048015594482422
INFO:trainer_layer_forward:2.05230712890625
INFO:trainer_layer_forward:1.9507408142089844
INFO:trainer_layer_forward:1.9268989562988281
INFO:trainer_layer_forward:1.9741058349609375
INFO:trainer_layer_forward:3.153085708618164
INFO:trainer_layer_forward:2.3953914642333984
INFO:trainer_layer_forward:1.9993782043457031
INFO:trainer_layer_forward:2.0525455474853516
INFO:trainer_layer_forward:2.4001598358154297
INFO:trainer_layer_forward:2.1305084228515625
INFO:trainer_layer_forward:2.163410186767578
INFO:trainer_layer_forward:2.3202896118164062
INFO:trainer_layer_forward:2.0813941955566406
INFO:trainer_layer_forward:2.0530223846435547
INFO:trainer_layer_forward:1.9495487213134766
INFO:trainer_layer_forward:1.9047260284423828
INFO:trainer_layer_forward:2.3567676544189453
INFO:trainer_layer_forward:2.012014389038086
INFO:trainer_layer_forward:1.9462108612060547
INFO:trainer_layer_forward:1.9147396087646484
INFO:trainer_layer_forward:2.185821533203125
INFO:trainer_layer_forward:1.985788345336914
INFO:trainer_layer_forward:1.9249916076660156
INFO:trainer_layer_forward:1.9237995147705078
INFO:trainer_layer_forward:2.170562744140625
INFO:trainer_layer_forward:1.9695758819580078
INFO:trainer_layer_forward:1.8949508666992188
INFO:trainer_layer_forward:1.9114017486572266
INFO:trainer_layer_forward:1.9218921661376953
INFO:trainer_layer_forward:1.9237995147705078
INFO:trainer_layer_forward:2.1812915802001953
INFO:trainer_layer_forward:1.9140243530273438
INFO:trainer_layer_forward:1.8923282623291016
INFO:trainer_layer_forward:1.893758773803711
INFO:trainer_layer_forward:2.0639896392822266
INFO:trainer_layer_forward:2.2444725036621094
INFO:trainer_layer_forward:1.9211769104003906
INFO:trainer_layer_forward:1.8858909606933594
INFO:trainer_layer_forward:1.9207000732421875
INFO:trainer_layer_forward:2.0711421966552734
INFO:trainer_layer_forward:2.0513534545898438
INFO:trainer_layer_forward:1.8956661224365234
INFO:trainer_layer_forward:1.9083023071289062
INFO:trainer_layer_forward:1.8966197967529297
INFO:trainer_layer_forward:2.0792484283447266
INFO:trainer_layer_forward:1.9559860229492188
INFO:trainer_layer_forward:1.9805431365966797
INFO:trainer_layer_forward:1.9073486328125
INFO:trainer_layer_forward:1.9779205322265625
INFO:trainer_layer_forward:2.4902820587158203
INFO:trainer_layer_forward:2.097606658935547
INFO:trainer_layer_forward:1.9347667694091797
INFO:trainer_layer_forward:1.893758773803711
INFO:trainer_layer_forward:2.053499221801758
INFO:trainer_layer_forward:1.9769668579101562
INFO:trainer_layer_forward:1.9352436065673828
INFO:trainer_layer_forward:1.9016265869140625
INFO:trainer_layer_forward:1.9288063049316406
INFO:trainer_layer_forward:1.9142627716064453
INFO:trainer_layer_forward:1.9922256469726562
INFO:trainer_layer_forward:1.8928050994873047
INFO:trainer_layer_forward:1.8911361694335938
INFO:trainer_layer_forward:1.8999576568603516
INFO:trainer_layer_forward:1.9638538360595703
INFO:trainer_layer_forward:2.1114349365234375
INFO:trainer_layer_forward:1.9290447235107422
INFO:trainer_layer_forward:1.9428730010986328
INFO:trainer_layer_forward:2.177000045776367
INFO:trainer_layer_forward:2.505064010620117
INFO:trainer_layer_forward:2.1393299102783203
INFO:trainer_layer_forward:1.9297599792480469
INFO:trainer_layer_forward:1.9142627716064453
INFO:trainer_layer_forward:1.9609928131103516
INFO:trainer_layer_forward:1.970529556274414
INFO:trainer_layer_forward:1.9044876098632812
INFO:trainer_layer_forward:1.9276142120361328
INFO:trainer_layer_forward:1.9047260284423828
INFO:trainer_layer_forward:2.2821426391601562
INFO:trainer_layer_forward:1.9297599792480469
INFO:trainer_layer_forward:1.9402503967285156
INFO:trainer_layer_forward:1.926422119140625
INFO:trainer_layer_forward:2.4378299713134766
INFO:trainer_layer_forward:2.2614002227783203
INFO:trainer_layer_forward:2.2542476654052734
INFO:trainer_layer_forward:2.7561187744140625
INFO:trainer_layer_forward:1.9717216491699219
INFO:trainer_layer_forward:1.9161701202392578
INFO:trainer_layer_forward:2.096891403198242
INFO:trainer_layer_forward:2.0792484283447266
INFO:trainer_layer_forward:2.431154251098633
INFO:trainer_layer_forward:2.0503997802734375
INFO:trainer_layer_forward:1.9984245300292969
INFO:trainer_layer_forward:1.9805431365966797
INFO:trainer_layer_forward:2.6106834411621094
INFO:trainer_layer_forward:2.0008087158203125
INFO:trainer_layer_forward:1.9459724426269531
INFO:trainer_layer_forward:1.9381046295166016
INFO:trainer_layer_forward:2.1691322326660156
INFO:trainer_layer_forward:2.4423599243164062
INFO:trainer_layer_forward:2.233743667602539
INFO:trainer_layer_forward:2.0270347595214844
INFO:trainer_layer_forward:2.3276805877685547
INFO:trainer_layer_forward:1.987457275390625
INFO:trainer_layer_forward:2.0380020141601562
INFO:trainer_layer_forward:2.033233642578125
INFO:trainer_layer_forward:2.096891403198242
INFO:trainer_layer_forward:2.1393299102783203
INFO:trainer_layer_forward:2.06756591796875
INFO:trainer_layer_forward:2.024412155151367
INFO:trainer_layer_forward:2.2339820861816406
INFO:trainer_layer_forward:2.1071434020996094
INFO:trainer_layer_forward:1.9652843475341797
INFO:trainer_layer_forward:2.385377883911133
INFO:trainer_layer_forward:2.1746158599853516
INFO:trainer_layer_forward:1.9762516021728516
INFO:trainer_layer_forward:2.4051666259765625
INFO:trainer_layer_forward:2.1924972534179688
INFO:trainer_layer_forward:2.1314620971679688
INFO:trainer_layer_forward:2.518892288208008
INFO:trainer_layer_forward:2.035856246948242
INFO:trainer_layer_forward:2.2683143615722656
INFO:trainer_layer_forward:2.313375473022461
INFO:trainer_layer_forward:2.0036697387695312
INFO:trainer_layer_forward:1.9106864929199219
INFO:trainer_layer_forward:1.9958019256591797
INFO:trainer_layer_forward:1.920938491821289
INFO:trainer_layer_forward:2.0780563354492188
INFO:trainer_layer_forward:1.9526481628417969
INFO:trainer_layer_forward:2.025127410888672
INFO:trainer_layer_forward:2.0651817321777344
INFO:trainer_layer_forward:1.9474029541015625
INFO:trainer_layer_forward:1.9826889038085938
INFO:trainer_layer_forward:1.9414424896240234
INFO:trainer_layer_forward:2.065420150756836
INFO:trainer_layer_forward:1.9884109497070312
INFO:trainer_layer_forward:1.9752979278564453
INFO:trainer_layer_forward:1.8918514251708984
INFO:trainer_layer_forward:1.978158950805664
INFO:trainer_layer_forward:2.073526382446289
INFO:trainer_layer_forward:1.9474029541015625
INFO:trainer_layer_forward:1.9116401672363281
INFO:trainer_layer_forward:1.9311904907226562
INFO:trainer_layer_forward:1.924276351928711
INFO:trainer_layer_forward:2.1638870239257812
INFO:trainer_layer_forward:1.9164085388183594
INFO:trainer_layer_forward:1.9598007202148438
INFO:trainer_layer_forward:1.9156932830810547
INFO:trainer_layer_forward:2.0940303802490234
INFO:trainer_layer_forward:1.9402503967285156
INFO:trainer_layer_forward:1.934051513671875
INFO:trainer_layer_forward:1.9040107727050781
INFO:trainer_layer_forward:1.9538402557373047
INFO:trainer_layer_forward:2.1102428436279297
INFO:trainer_layer_forward:2.204418182373047
INFO:trainer_layer_forward:1.9881725311279297
INFO:trainer_layer_forward:1.9276142120361328
INFO:trainer_layer_forward:2.0024776458740234
INFO:trainer_layer_forward:2.1805763244628906
INFO:trainer_layer_forward:2.072572708129883
INFO:trainer_layer_forward:1.9822120666503906
INFO:trainer_layer_forward:1.973867416381836
INFO:trainer_layer_forward:2.000570297241211
INFO:trainer_layer_forward:2.1903514862060547
INFO:trainer_layer_forward:1.9268989562988281
INFO:trainer_layer_forward:1.9304752349853516
INFO:trainer_layer_forward:2.0842552185058594
INFO:trainer_layer_forward:2.159595489501953
INFO:trainer_layer_forward:2.190113067626953
INFO:trainer_layer_forward:1.9049644470214844
INFO:trainer_layer_forward:1.9109249114990234
INFO:trainer_layer_forward:1.9426345825195312
INFO:trainer_layer_forward:2.030611038208008
INFO:trainer_layer_forward:1.9185543060302734
INFO:trainer_layer_forward:1.9004344940185547
INFO:trainer_layer_forward:1.9032955169677734
INFO:trainer_layer_forward:1.9855499267578125
INFO:trainer_layer_forward:2.087831497192383
INFO:trainer_layer_forward:2.3262500762939453
INFO:trainer_layer_forward:2.2864341735839844
INFO:trainer_layer_forward:2.2935867309570312
INFO:trainer_layer_forward:2.0487308502197266
INFO:trainer_layer_forward:1.935720443725586
INFO:trainer_layer_forward:1.9001960754394531
INFO:trainer_layer_forward:1.9638538360595703
INFO:trainer_layer_forward:2.1288394927978516
INFO:trainer_layer_forward:2.053499221801758
INFO:trainer_layer_forward:1.8928050994873047
INFO:trainer_layer_forward:1.8930435180664062
INFO:trainer_layer_forward:1.9032955169677734
INFO:trainer_layer_forward:2.0127296447753906
INFO:trainer_layer_forward:1.9659996032714844
INFO:trainer_layer_forward:1.9142627716064453
INFO:trainer_layer_forward:1.9099712371826172
INFO:trainer_layer_forward:1.913309097290039
INFO:trainer_layer_forward:1.9679069519042969
INFO:trainer_layer_forward:2.111196517944336
INFO:trainer_layer_forward:2.019166946411133
INFO:trainer_layer_forward:2.075672149658203
INFO:trainer_layer_forward:2.0990371704101562
INFO:trainer_layer_forward:2.120494842529297
INFO:trainer_layer_forward:2.111196517944336
INFO:trainer_layer_forward:2.082347869873047
INFO:trainer_layer_forward:2.0334720611572266
INFO:trainer_layer_forward:1.985788345336914
INFO:trainer_layer_forward:2.038717269897461
INFO:trainer_layer_forward:1.9252300262451172
INFO:trainer_layer_forward:1.966714859008789
INFO:trainer_layer_forward:2.0318031311035156
INFO:trainer_layer_forward:2.0058155059814453
INFO:trainer_layer_forward:2.124309539794922
INFO:trainer_layer_forward:2.117633819580078
INFO:trainer_layer_forward:2.1238327026367188
INFO:trainer_layer_forward:1.9259452819824219
INFO:trainer_layer_forward:2.0487308502197266
INFO:trainer_layer_forward:1.953125
INFO:trainer_layer_forward:1.9202232360839844
INFO:trainer_layer_forward:1.9631385803222656
INFO:trainer_layer_forward:2.0809173583984375
INFO:trainer_layer_forward:1.9185543060302734
INFO:trainer_layer_forward:1.9307136535644531
INFO:trainer_layer_forward:1.91497802734375
INFO:trainer_layer_forward:2.203702926635742
INFO:trainer_layer_forward:2.6307106018066406
INFO:trainer_layer_forward:1.9071102142333984
INFO:trainer_layer_forward:2.0072460174560547
INFO:trainer_layer_forward:1.9450187683105469
INFO:trainer_layer_forward:2.3317337036132812
INFO:trainer_layer_forward:1.9257068634033203
INFO:trainer_layer_forward:1.9714832305908203
INFO:trainer_layer_forward:1.9192695617675781
INFO:trainer_layer_forward:2.045869827270508
INFO:trainer_layer_forward:1.9347667694091797
INFO:trainer_layer_forward:1.9106864929199219
INFO:trainer_layer_forward:1.9228458404541016
INFO:trainer_layer_forward:1.8949508666992188
INFO:trainer_layer_forward:1.9767284393310547
INFO:trainer_layer_forward:2.4595260620117188
INFO:trainer_layer_forward:2.14385986328125
INFO:trainer_layer_forward:2.3550987243652344
INFO:trainer_layer_forward:1.9526481628417969
INFO:trainer_layer_forward:1.9614696502685547
INFO:trainer_layer_forward:1.9674301147460938
INFO:trainer_layer_forward:1.9371509552001953
INFO:trainer_layer_forward:1.9462108612060547
INFO:trainer_layer_forward:2.1173954010009766
INFO:trainer_layer_forward:2.0351409912109375
INFO:trainer_layer_forward:1.9576549530029297
INFO:trainer_layer_forward:2.0437240600585938
INFO:trainer_layer_forward:2.0356178283691406
INFO:trainer_layer_forward:2.0112991333007812
INFO:trainer_layer_forward:1.9042491912841797
INFO:trainer_layer_forward:1.9140243530273438
INFO:trainer_layer_forward:2.063751220703125
INFO:trainer_layer_forward:1.9772052764892578
INFO:trainer_layer_forward:1.9989013671875
INFO:trainer_layer_forward:1.9984245300292969
INFO:trainer_layer_forward:1.9118785858154297
INFO:trainer_layer_forward:2.0177364349365234
INFO:trainer_layer_forward:2.385377883911133
INFO:trainer_layer_forward:1.970529556274414
INFO:trainer_layer_forward:1.8944740295410156
INFO:trainer_layer_forward:1.9080638885498047
INFO:trainer_layer_forward:1.9271373748779297
INFO:trainer_layer_forward:1.9078254699707031
INFO:trainer_layer_forward:1.9261837005615234
INFO:trainer_layer_forward:1.9218921661376953
INFO:trainer_layer_forward:1.9364356994628906
INFO:trainer_layer_forward:1.9505023956298828
INFO:trainer_layer_forward:1.9121170043945312
INFO:trainer_layer_forward:1.9028186798095703
INFO:trainer_layer_forward:1.9893646240234375
INFO:trainer_layer_forward:1.9385814666748047
INFO:trainer_layer_forward:2.1295547485351562
INFO:trainer_layer_forward:1.911163330078125
INFO:trainer_layer_forward:2.039194107055664
INFO:trainer_layer_forward:1.9989013671875
INFO:trainer_layer_forward:2.1572113037109375
INFO:trainer_layer_forward:1.935720443725586
INFO:trainer_layer_forward:1.9335746765136719
INFO:trainer_layer_forward:1.9123554229736328
INFO:trainer_layer_forward:1.9140243530273438
INFO:trainer_layer_forward:2.61688232421875
INFO:trainer_layer_forward:2.294301986694336
INFO:trainer_layer_forward:1.9567012786865234
INFO:trainer_layer_forward:2.231121063232422
INFO:trainer_layer_forward:2.596139907836914
INFO:trainer_layer_forward:2.0956993103027344
INFO:trainer_layer_forward:2.274751663208008
INFO:trainer_layer_forward:1.9233226776123047
INFO:trainer_layer_forward:2.3436546325683594
INFO:trainer_layer_forward:2.2292137145996094
INFO:trainer_layer_forward:2.1162033081054688
INFO:trainer_layer_forward:1.9066333770751953
INFO:trainer_layer_forward:1.9519329071044922
INFO:trainer_layer_forward:1.8982887268066406
INFO:trainer_layer_forward:1.9152164459228516
INFO:trainer_layer_forward:1.9168853759765625
INFO:trainer_layer_forward:1.9364356994628906
INFO:trainer_layer_forward:2.154111862182617
INFO:trainer_layer_forward:2.0873546600341797
INFO:trainer_layer_forward:2.1507740020751953
INFO:trainer_layer_forward:1.9693374633789062
INFO:trainer_layer_forward:2.073049545288086
INFO:trainer_layer_forward:2.0825862884521484
INFO:trainer_layer_forward:2.042055130004883
INFO:trainer_layer_forward:2.416849136352539
INFO:trainer_layer_forward:2.061605453491211
INFO:trainer_layer_forward:1.9719600677490234
INFO:trainer_layer_forward:1.9936561584472656
INFO:trainer_layer_forward:2.0904541015625
INFO:trainer_layer_forward:2.061605453491211
INFO:trainer_layer_forward:2.038717269897461
INFO:trainer_layer_forward:1.922607421875
INFO:trainer_layer_forward:1.9197463989257812
INFO:trainer_layer_forward:2.187967300415039
INFO:trainer_layer_forward:1.9114017486572266
INFO:trainer_layer_forward:1.913309097290039
INFO:trainer_layer_forward:2.0143985748291016
INFO:trainer_layer_forward:1.9466876983642578
INFO:trainer_layer_forward:1.9588470458984375
INFO:trainer_layer_forward:1.9557476043701172
INFO:trainer_layer_forward:2.0465850830078125
INFO:trainer_layer_forward:2.076387405395508
INFO:trainer_layer_forward:2.06756591796875
INFO:trainer_layer_forward:2.0902156829833984
INFO:trainer_layer_forward:1.987457275390625
INFO:trainer_layer_forward:2.009153366088867
INFO:trainer_layer_forward:2.1028518676757812
INFO:trainer_layer_forward:2.1271705627441406
INFO:trainer_layer_forward:1.9037723541259766
INFO:trainer_layer_forward:1.9063949584960938
INFO:trainer_layer_forward:1.898050308227539
INFO:trainer_layer_forward:1.970052719116211
INFO:trainer_layer_forward:2.127408981323242
INFO:trainer_layer_forward:2.0792484283447266
INFO:trainer_layer_forward:2.1538734436035156
INFO:trainer_layer_forward:2.2025108337402344
INFO:trainer_layer_forward:1.9648075103759766
INFO:trainer_layer_forward:1.9297599792480469
INFO:trainer_layer_forward:1.8999576568603516
INFO:trainer_layer_forward:1.9519329071044922
INFO:trainer_layer_forward:2.093791961669922
INFO:trainer_layer_forward:2.0186901092529297
INFO:trainer_layer_forward:1.9307136535644531
INFO:trainer_layer_forward:1.895904541015625
INFO:trainer_layer_forward:1.912832260131836
INFO:trainer_layer_forward:2.101421356201172
INFO:trainer_layer_forward:2.017974853515625
INFO:trainer_layer_forward:1.911163330078125
INFO:trainer_layer_forward:1.8870830535888672
INFO:trainer_layer_forward:1.9049644470214844
INFO:trainer_layer_forward:2.023935317993164
INFO:trainer_layer_forward:1.9168853759765625
INFO:trainer_layer_forward:1.886129379272461
INFO:trainer_layer_forward:1.8918514251708984
INFO:trainer_layer_forward:1.9099712371826172
INFO:trainer_layer_forward:2.071857452392578
INFO:trainer_layer_forward:1.9450187683105469
INFO:trainer_layer_forward:2.0270347595214844
INFO:trainer_layer_forward:1.9106864929199219
INFO:trainer_layer_forward:2.000093460083008
INFO:trainer_layer_forward:2.0117759704589844
INFO:trainer_layer_forward:2.011537551879883
INFO:trainer_layer_forward:1.8954277038574219
INFO:trainer_layer_forward:1.970529556274414
INFO:trainer_layer_forward:1.8947124481201172
INFO:trainer_layer_forward:2.0301342010498047
INFO:trainer_layer_forward:1.886606216430664
INFO:trainer_layer_forward:1.9617080688476562
INFO:trainer_layer_forward:1.8994808197021484
INFO:trainer_layer_forward:2.074003219604492
INFO:trainer_layer_forward:1.9450187683105469
INFO:trainer_layer_forward:2.1338462829589844
INFO:trainer_layer_forward:2.0787715911865234
INFO:trainer_layer_forward:1.9350051879882812
INFO:trainer_layer_forward:2.062559127807617
INFO:trainer_layer_forward:1.9099712371826172
INFO:trainer_layer_forward:1.8932819366455078
INFO:trainer_layer_forward:1.905202865600586
INFO:trainer_layer_forward:1.898050308227539
INFO:trainer_layer_forward:2.3043155670166016
INFO:trainer_layer_forward:1.9383430480957031
INFO:trainer_layer_forward:1.9707679748535156
INFO:trainer_layer_forward:1.9407272338867188
INFO:trainer_layer_forward:2.2089481353759766
INFO:trainer_layer_forward:1.9276142120361328
INFO:trainer_layer_forward:1.8894672393798828
INFO:trainer_layer_forward:1.898050308227539
INFO:trainer_layer_forward:1.9054412841796875
INFO:trainer_layer_forward:1.9004344940185547
INFO:trainer_layer_forward:2.3674964904785156
INFO:trainer_layer_forward:1.8930435180664062
INFO:trainer_layer_forward:1.8877983093261719
INFO:trainer_layer_forward:1.893758773803711
INFO:trainer_layer_forward:2.112865447998047
INFO:trainer_layer_forward:1.9431114196777344
INFO:trainer_layer_forward:1.888275146484375
INFO:trainer_layer_forward:1.8808841705322266
INFO:trainer_layer_forward:1.9011497497558594
INFO:trainer_layer_forward:1.9063949584960938
INFO:trainer_layer_forward:2.1970272064208984
INFO:trainer_layer_forward:1.8894672393798828
INFO:trainer_layer_forward:1.9073486328125
INFO:trainer_layer_forward:1.953125
INFO:trainer_layer_forward:1.9211769104003906
INFO:trainer_layer_forward:2.1715164184570312
INFO:trainer_layer_forward:1.8963813781738281
INFO:trainer_layer_forward:1.9030570983886719
INFO:trainer_layer_forward:1.9335746765136719
INFO:trainer_layer_forward:2.0368099212646484
INFO:trainer_layer_forward:2.375364303588867
INFO:trainer_layer_forward:1.9221305847167969
INFO:trainer_layer_forward:2.0024776458740234
INFO:trainer_layer_forward:1.9958019256591797
INFO:trainer_layer_forward:2.4268627166748047
INFO:trainer_layer_forward:2.0477771759033203
INFO:trainer_layer_forward:2.055644989013672
INFO:trainer_layer_forward:2.5207996368408203
INFO:trainer_layer_forward:2.1746158599853516
INFO:trainer_layer_forward:2.1157264709472656
INFO:trainer_layer_forward:2.0322799682617188
INFO:trainer_layer_forward:1.9235610961914062
INFO:trainer_layer_forward:2.1932125091552734
INFO:trainer_layer_forward:2.251148223876953
INFO:trainer_layer_forward:2.2499561309814453
INFO:trainer_layer_forward:1.9261837005615234
INFO:trainer_layer_forward:2.1092891693115234
INFO:trainer_layer_forward:1.924276351928711
INFO:trainer_layer_forward:2.254009246826172
INFO:trainer_layer_forward:1.893758773803711
INFO:trainer_layer_forward:1.9478797912597656
INFO:trainer_layer_forward:1.9714832305908203
INFO:trainer_layer_forward:1.8911361694335938
INFO:trainer_layer_forward:1.8901824951171875
INFO:trainer_layer_forward:1.9650459289550781
INFO:trainer_layer_forward:2.073049545288086
INFO:trainer_layer_forward:1.9977092742919922
INFO:trainer_layer_forward:1.901388168334961
INFO:trainer_layer_forward:1.918792724609375
INFO:trainer_layer_forward:1.9059181213378906
INFO:trainer_layer_forward:1.9860267639160156
INFO:trainer_layer_forward:1.981496810913086
INFO:trainer_layer_forward:1.9724369049072266
INFO:trainer_layer_forward:1.9147396087646484
INFO:trainer_layer_forward:1.9958019256591797
INFO:trainer_layer_forward:2.1209716796875
INFO:trainer_layer_forward:1.9583702087402344
INFO:trainer_layer_forward:1.9164085388183594
INFO:trainer_layer_forward:1.895904541015625
INFO:trainer_layer_forward:1.911163330078125
INFO:trainer_layer_forward:2.1238327026367188
INFO:trainer_layer_forward:1.9032955169677734
INFO:trainer_layer_forward:1.9006729125976562
INFO:trainer_layer_forward:1.8935203552246094
INFO:trainer_layer_forward:2.008199691772461
INFO:trainer_layer_forward:2.008676528930664
INFO:trainer_layer_forward:1.987457275390625
INFO:trainer_layer_forward:2.028226852416992
INFO:trainer_layer_forward:1.9419193267822266
INFO:trainer_layer_forward:2.0804405212402344
INFO:trainer_layer_forward:1.8932819366455078
INFO:trainer_layer_forward:1.8818378448486328
INFO:trainer_layer_forward:1.9083023071289062
INFO:trainer_layer_forward:2.189159393310547
INFO:trainer_layer_forward:2.0084381103515625
INFO:trainer_layer_forward:1.8889904022216797
INFO:trainer_layer_forward:1.9159317016601562
INFO:trainer_layer_forward:1.8916130065917969
INFO:trainer_layer_forward:1.8994808197021484
INFO:trainer_layer_forward:2.172708511352539
INFO:trainer_layer_forward:1.9240379333496094
INFO:trainer_layer_forward:1.8908977508544922
INFO:trainer_layer_forward:1.8954277038574219
INFO:trainer_layer_forward:1.9185543060302734
INFO:trainer_layer_forward:2.0787715911865234
INFO:trainer_layer_forward:1.9733905792236328
INFO:trainer_layer_forward:1.9602775573730469
INFO:trainer_layer_forward:2.0122528076171875
INFO:trainer_layer_forward:2.054929733276367
INFO:trainer_layer_forward:1.9574165344238281
INFO:trainer_layer_forward:1.9543170928955078
INFO:trainer_layer_forward:1.9228458404541016
INFO:trainer_layer_forward:1.9848346710205078
INFO:trainer_layer_forward:1.934051513671875
INFO:trainer_layer_forward:1.9850730895996094
INFO:trainer_layer_forward:1.8908977508544922
INFO:trainer_layer_forward:1.9388198852539062
INFO:trainer_layer_forward:1.9116401672363281
INFO:trainer_layer_forward:2.0432472229003906
INFO:trainer_layer_forward:1.9021034240722656
INFO:trainer_layer_forward:1.9557476043701172
INFO:trainer_layer_forward:1.9037723541259766
INFO:trainer_layer_forward:2.0651817321777344
INFO:trainer_layer_forward:2.2988319396972656
INFO:trainer_layer_forward:1.9087791442871094
INFO:trainer_layer_forward:1.8875598907470703
INFO:trainer_layer_forward:1.9066333770751953
INFO:trainer_layer_forward:1.9807815551757812
INFO:trainer_layer_forward:1.9335746765136719
INFO:trainer_layer_forward:1.8811225891113281
INFO:trainer_layer_forward:1.9350051879882812
INFO:trainer_layer_forward:1.9047260284423828
INFO:trainer_layer_forward:2.0377635955810547
INFO:trainer_layer_forward:2.155303955078125
INFO:trainer_layer_forward:2.0742416381835938
INFO:trainer_layer_forward:1.8851757049560547
INFO:trainer_layer_forward:1.9283294677734375
INFO:trainer_layer_forward:1.9488334655761719
INFO:trainer_layer_forward:1.9099712371826172
INFO:trainer_layer_forward:1.8863677978515625
INFO:trainer_layer_forward:1.89971923828125
INFO:trainer_layer_forward:1.9521713256835938
INFO:trainer_layer_forward:1.9521713256835938
INFO:trainer_layer_forward:2.00653076171875
INFO:trainer_layer_forward:1.89208984375
INFO:trainer_layer_forward:2.0623207092285156
INFO:trainer_layer_forward:3.0760765075683594
INFO:trainer_layer_forward:2.026081085205078
INFO:trainer_layer_forward:2.044677734375
INFO:trainer_layer_forward:2.4824142456054688
INFO:trainer_layer_forward:2.047300338745117
INFO:trainer_layer_forward:2.019166946411133
INFO:trainer_layer_forward:2.0868778228759766
INFO:trainer_layer_forward:1.9884109497070312
INFO:trainer_layer_forward:2.0151138305664062
INFO:trainer_layer_forward:1.8839836120605469
INFO:trainer_layer_forward:2.260446548461914
INFO:trainer_layer_forward:1.9073486328125
INFO:trainer_layer_forward:2.2287368774414062
INFO:trainer_layer_forward:2.232789993286133
INFO:trainer_layer_forward:1.9793510437011719
INFO:trainer_layer_forward:2.0585060119628906
INFO:trainer_layer_forward:2.148151397705078
INFO:trainer_layer_forward:1.9459724426269531
INFO:trainer_layer_forward:1.890420913696289
INFO:trainer_layer_forward:1.8925666809082031
INFO:trainer_layer_forward:1.9640922546386719
INFO:trainer_layer_forward:1.9659996032714844
INFO:trainer_layer_forward:1.9824504852294922
INFO:trainer_layer_forward:1.916646957397461
INFO:trainer_layer_forward:1.9676685333251953
INFO:trainer_layer_forward:1.9826889038085938
INFO:trainer_layer_forward:2.0301342010498047
INFO:trainer_layer_forward:1.9228458404541016
INFO:trainer_layer_forward:2.121448516845703
INFO:trainer_layer_forward:2.025604248046875
INFO:trainer_layer_forward:2.0699501037597656
INFO:trainer_layer_forward:1.9595623016357422
INFO:trainer_layer_forward:1.9223690032958984
INFO:trainer_layer_forward:1.9562244415283203
INFO:trainer_layer_forward:2.1820068359375
INFO:trainer_layer_forward:1.9812583923339844
INFO:trainer_layer_forward:1.8973350524902344
INFO:trainer_layer_forward:1.9481182098388672
INFO:trainer_layer_forward:1.9135475158691406
INFO:trainer_layer_forward:2.012968063354492
INFO:trainer_layer_forward:1.9235610961914062
INFO:trainer_layer_forward:2.0482540130615234
INFO:trainer_layer_forward:2.1920204162597656
INFO:trainer_layer_forward:2.285480499267578
INFO:trainer_layer_forward:1.9385814666748047
INFO:trainer_layer_forward:1.8935203552246094
INFO:trainer_layer_forward:1.9230842590332031
INFO:trainer_layer_forward:1.9023418426513672
INFO:trainer_layer_forward:1.9578933715820312
INFO:trainer_layer_forward:1.9631385803222656
INFO:trainer_layer_forward:1.8925666809082031
INFO:trainer_layer_forward:1.9145011901855469
INFO:trainer_layer_forward:1.9073486328125
INFO:trainer_layer_forward:1.9176006317138672
INFO:trainer_layer_forward:2.175569534301758
INFO:trainer_layer_forward:2.119779586791992
INFO:trainer_layer_forward:2.1779537200927734
INFO:trainer_layer_forward:2.0689964294433594
INFO:trainer_layer_forward:1.9788742065429688
INFO:trainer_layer_forward:2.155303955078125
INFO:trainer_layer_forward:2.0799636840820312
INFO:trainer_layer_forward:2.5644302368164062
INFO:trainer_layer_forward:2.2161006927490234
INFO:trainer_layer_forward:1.9609928131103516
INFO:trainer_layer_forward:1.9061565399169922
INFO:trainer_layer_forward:1.926422119140625
INFO:trainer_layer_forward:1.9295215606689453
INFO:trainer_layer_forward:1.9528865814208984
INFO:trainer_layer_forward:1.8947124481201172
INFO:trainer_layer_forward:1.8906593322753906
INFO:trainer_layer_forward:2.0210742950439453
INFO:trainer_layer_forward:1.970529556274414
INFO:trainer_layer_forward:1.9218921661376953
INFO:trainer_layer_forward:1.9001960754394531
INFO:trainer_layer_forward:1.9001960754394531
INFO:trainer_layer_forward:1.903533935546875
INFO:trainer_layer_forward:1.9185543060302734
INFO:trainer_layer_forward:1.9755363464355469
INFO:trainer_layer_forward:1.9640922546386719
INFO:trainer_layer_forward:1.9268989562988281
INFO:trainer_layer_forward:1.970529556274414
INFO:trainer_layer_forward:2.1619796752929688
INFO:trainer_layer_forward:1.9893646240234375
INFO:trainer_layer_forward:2.159595489501953
INFO:trainer_layer_forward:2.0194053649902344
INFO:trainer_layer_forward:1.9845962524414062
INFO:trainer_layer_forward:2.0041465759277344
INFO:trainer_layer_forward:1.917123794555664
INFO:trainer_layer_forward:1.9137859344482422
INFO:trainer_layer_forward:1.940011978149414
INFO:trainer_layer_forward:2.3992061614990234
INFO:trainer_layer_forward:2.3148059844970703
INFO:trainer_layer_forward:1.9605159759521484
INFO:trainer_layer_forward:1.9841194152832031
INFO:trainer_layer_forward:2.1753311157226562
INFO:trainer_layer_forward:1.9564628601074219
INFO:trainer_layer_forward:1.903533935546875
INFO:trainer_layer_forward:1.9652843475341797
INFO:trainer_layer_forward:2.110004425048828
INFO:trainer_layer_forward:2.1538734436035156
INFO:trainer_layer_forward:2.0666122436523438
INFO:trainer_layer_forward:2.037525177001953
INFO:trainer_layer_forward:2.320528030395508
INFO:trainer_layer_forward:2.105236053466797
INFO:trainer_layer_forward:2.1033287048339844
INFO:trainer_layer_forward:2.0318031311035156
INFO:trainer_layer_forward:2.262592315673828
INFO:trainer_layer_forward:2.013683319091797
INFO:trainer_layer_forward:2.0096302032470703
INFO:trainer_layer_forward:1.9893646240234375
INFO:trainer_layer_forward:2.0596981048583984
INFO:trainer_layer_forward:2.229928970336914
INFO:trainer_layer_forward:2.046346664428711
INFO:trainer_layer_forward:2.113819122314453
INFO:trainer_layer_forward:1.9867420196533203
INFO:trainer_layer_forward:1.9783973693847656
INFO:trainer_layer_forward:1.9557476043701172
INFO:trainer_layer_forward:2.037525177001953
INFO:trainer_layer_forward:2.002716064453125
INFO:trainer_layer_forward:2.0618438720703125
INFO:trainer_layer_forward:1.9898414611816406
INFO:trainer_layer_forward:2.0046234130859375
INFO:trainer_layer_forward:1.9946098327636719
INFO:trainer_layer_forward:2.104043960571289
INFO:trainer_layer_forward:1.9965171813964844
INFO:trainer_layer_forward:2.0296573638916016
INFO:trainer_layer_forward:2.068042755126953
INFO:trainer_layer_forward:2.289295196533203
INFO:trainer_layer_forward:2.025127410888672
INFO:trainer_layer_forward:1.888275146484375
INFO:trainer_layer_forward:2.093076705932617
INFO:trainer_layer_forward:1.9488334655761719
INFO:trainer_layer_forward:1.9314289093017578
INFO:trainer_layer_forward:1.898050308227539
INFO:trainer_layer_forward:1.8842220306396484
INFO:trainer_layer_forward:1.9125938415527344
INFO:trainer_layer_forward:1.9559860229492188
INFO:trainer_layer_forward:1.9469261169433594
INFO:trainer_layer_forward:1.9311904907226562
INFO:trainer_layer_forward:1.9211769104003906
INFO:trainer_layer_forward:1.8987655639648438
INFO:trainer_layer_forward:1.9061565399169922
INFO:trainer_layer_forward:1.9135475158691406
INFO:trainer_layer_forward:1.9123554229736328
INFO:trainer_layer_forward:1.8858909606933594
INFO:trainer_layer_forward:1.890420913696289
INFO:trainer_layer_forward:1.9183158874511719
INFO:trainer_layer_forward:1.9333362579345703
INFO:trainer_layer_forward:1.9099712371826172
INFO:trainer_layer_forward:1.9347667694091797
INFO:trainer_layer_forward:1.916646957397461
INFO:trainer_layer_forward:1.9333362579345703
INFO:trainer_layer_forward:1.9068717956542969
INFO:trainer_layer_forward:1.9073486328125
INFO:trainer_layer_forward:1.8999576568603516
INFO:trainer_layer_forward:2.0453929901123047
INFO:trainer_layer_forward:2.4309158325195312
INFO:trainer_layer_forward:1.9719600677490234
INFO:trainer_layer_forward:1.9364356994628906
INFO:trainer_layer_forward:1.9176006317138672
INFO:trainer_layer_forward:1.9965171813964844
INFO:trainer_layer_forward:1.9240379333496094
INFO:trainer_layer_forward:1.9786357879638672
INFO:trainer_layer_forward:1.9588470458984375
INFO:trainer_layer_forward:1.9092559814453125
INFO:trainer_layer_forward:2.4023056030273438
INFO:trainer_layer_forward:2.337217330932617
INFO:trainer_layer_forward:1.9316673278808594
INFO:trainer_layer_forward:1.9419193267822266
INFO:trainer_layer_forward:1.917123794555664
INFO:trainer_layer_forward:1.9741058349609375
INFO:trainer_layer_forward:1.9617080688476562
INFO:trainer_layer_forward:1.9173622131347656
INFO:trainer_layer_forward:1.9485950469970703
INFO:trainer_layer_forward:2.5234222412109375
INFO:trainer_layer_forward:2.2547245025634766
INFO:trainer_layer_forward:1.928567886352539
INFO:trainer_layer_forward:1.9793510437011719
INFO:trainer_layer_forward:1.9185543060302734
INFO:trainer_layer_forward:2.215147018432617
INFO:trainer_layer_forward:1.928091049194336
INFO:trainer_layer_forward:1.9218921661376953
INFO:trainer_layer_forward:1.9528865814208984
INFO:trainer_layer_forward:2.2933483123779297
INFO:trainer_layer_forward:2.3000240325927734
INFO:trainer_layer_forward:1.9378662109375
INFO:trainer_layer_forward:1.9707679748535156
INFO:trainer_layer_forward:1.920461654663086
INFO:trainer_layer_forward:1.9795894622802734
INFO:trainer_layer_forward:1.9505023956298828
INFO:trainer_layer_forward:1.9485950469970703
INFO:trainer_layer_forward:1.9290447235107422
INFO:trainer_layer_forward:1.9268989562988281
INFO:trainer_layer_forward:2.069234848022461
INFO:trainer_layer_forward:1.9500255584716797
INFO:trainer_layer_forward:1.9261837005615234
INFO:trainer_layer_forward:1.9757747650146484
INFO:trainer_layer_forward:2.084970474243164
INFO:trainer_layer_forward:2.0720958709716797
INFO:trainer_layer_forward:2.0532608032226562
INFO:trainer_layer_forward:1.9755363464355469
INFO:trainer_layer_forward:2.2177696228027344
INFO:trainer_layer_forward:2.135038375854492
INFO:trainer_layer_forward:2.056121826171875
INFO:trainer_layer_forward:2.2437572479248047
INFO:trainer_layer_forward:2.4335384368896484
INFO:trainer_layer_forward:2.065420150756836
INFO:trainer_layer_forward:2.039194107055664
INFO:trainer_layer_forward:2.063274383544922
INFO:trainer_layer_forward:2.0995140075683594
INFO:trainer_layer_forward:2.033233642578125
INFO:trainer_layer_forward:2.1708011627197266
INFO:trainer_layer_forward:1.9392967224121094
INFO:trainer_layer_forward:1.9428730010986328
INFO:trainer_layer_forward:1.9099712371826172
INFO:trainer_layer_forward:1.9252300262451172
INFO:trainer_layer_forward:2.0360946655273438
INFO:trainer_layer_forward:2.0449161529541016
INFO:trainer_layer_forward:2.129793167114258
INFO:trainer_layer_forward:2.0546913146972656
INFO:trainer_layer_forward:2.0203590393066406
INFO:trainer_layer_forward:2.043008804321289
INFO:trainer_layer_forward:1.9474029541015625
INFO:trainer_layer_forward:1.9462108612060547
INFO:trainer_layer_forward:2.001523971557617
INFO:trainer_layer_forward:1.9464492797851562
INFO:trainer_layer_forward:2.020597457885742
INFO:trainer_layer_forward:1.9838809967041016
INFO:trainer_layer_forward:1.9571781158447266
INFO:trainer_layer_forward:1.912832260131836
INFO:trainer_layer_forward:2.101898193359375
INFO:trainer_layer_forward:1.935720443725586
INFO:trainer_layer_forward:2.4101734161376953
INFO:trainer_layer_forward:1.958608627319336
INFO:trainer_layer_forward:2.074003219604492
INFO:trainer_layer_forward:1.9443035125732422
INFO:trainer_layer_forward:1.9218921661376953
INFO:trainer_layer_forward:2.095937728881836
INFO:trainer_layer_forward:1.9125938415527344
INFO:trainer_layer_forward:1.9767284393310547
INFO:trainer_layer_forward:1.928091049194336
INFO:trainer_layer_forward:1.9381046295166016
INFO:trainer_layer_forward:1.9948482513427734
INFO:trainer_layer_forward:1.911163330078125
INFO:trainer_layer_forward:1.9240379333496094
INFO:trainer_layer_forward:1.9614696502685547
INFO:trainer_layer_forward:1.8918514251708984
INFO:trainer_layer_forward:1.9176006317138672
INFO:trainer_layer_forward:1.9772052764892578
INFO:trainer_layer_forward:1.9145011901855469
INFO:trainer_layer_forward:1.8887519836425781
INFO:trainer_layer_forward:1.9156932830810547
INFO:trainer_layer_forward:2.1376609802246094
INFO:trainer_layer_forward:1.9690990447998047
INFO:trainer_layer_forward:1.9495487213134766
INFO:trainer_layer_forward:1.9276142120361328
INFO:trainer_layer_forward:2.0318031311035156
INFO:trainer_layer_forward:2.0079612731933594
INFO:trainer_layer_forward:1.9783973693847656
INFO:trainer_layer_forward:1.9249916076660156
INFO:trainer_layer_forward:1.9581317901611328
INFO:trainer_layer_forward:2.20489501953125
INFO:trainer_layer_forward:1.9500255584716797
INFO:trainer_layer_forward:1.9071102142333984
INFO:trainer_layer_forward:1.8968582153320312
INFO:trainer_layer_forward:1.9211769104003906
INFO:trainer_layer_forward:1.928091049194336
INFO:trainer_layer_forward:2.0189285278320312
INFO:trainer_layer_forward:1.9533634185791016
INFO:trainer_layer_forward:1.924753189086914
INFO:trainer_layer_forward:1.9063949584960938
INFO:trainer_layer_forward:1.9469261169433594
INFO:trainer_layer_forward:1.9192695617675781
INFO:trainer_layer_forward:1.9180774688720703
INFO:trainer_layer_forward:1.9118785858154297
INFO:trainer_layer_forward:2.0079612731933594
INFO:trainer_layer_forward:2.3653507232666016
INFO:trainer_layer_forward:1.9936561584472656
INFO:trainer_layer_forward:1.9412040710449219
INFO:trainer_layer_forward:1.9240379333496094
INFO:trainer_layer_forward:1.9581317901611328
INFO:trainer_layer_forward:1.9237995147705078
INFO:trainer_layer_forward:2.0492076873779297
INFO:trainer_layer_forward:1.9030570983886719
INFO:trainer_layer_forward:2.5103092193603516
INFO:trainer_layer_forward:2.5968551635742188
INFO:trainer_layer_forward:1.977682113647461
INFO:trainer_layer_forward:1.9407272338867188
INFO:trainer_layer_forward:2.0380020141601562
INFO:trainer_layer_forward:2.0890235900878906
INFO:trainer_layer_forward:1.9044876098632812
INFO:trainer_layer_forward:2.1092891693115234
INFO:trainer_layer_forward:2.0232200622558594
INFO:trainer_layer_forward:1.9831657409667969
INFO:trainer_layer_forward:1.9519329071044922
INFO:trainer_layer_forward:1.89971923828125
INFO:trainer_layer_forward:1.955270767211914
INFO:trainer_layer_forward:1.901865005493164
INFO:trainer_layer_forward:1.9145011901855469
INFO:trainer_layer_forward:1.9359588623046875
INFO:trainer_layer_forward:1.9009113311767578
INFO:trainer_layer_forward:1.9049644470214844
INFO:trainer_layer_forward:1.9016265869140625
INFO:trainer_layer_forward:2.2068023681640625
INFO:trainer_layer_forward:1.9028186798095703
INFO:trainer_layer_forward:1.893758773803711
INFO:trainer_layer_forward:1.8932819366455078
INFO:trainer_layer_forward:1.9948482513427734
INFO:trainer_layer_forward:2.110719680786133
INFO:trainer_layer_forward:2.0635128021240234
INFO:trainer_layer_forward:2.062082290649414
INFO:trainer_layer_forward:1.958608627319336
INFO:trainer_layer_forward:2.351522445678711
INFO:trainer_layer_forward:1.9488334655761719
INFO:trainer_layer_forward:1.9373893737792969
INFO:trainer_layer_forward:1.9865036010742188
INFO:trainer_layer_forward:1.9495487213134766
INFO:trainer_layer_forward:1.8928050994873047
INFO:trainer_layer_forward:1.9409656524658203
INFO:trainer_layer_forward:1.9643306732177734
INFO:trainer_layer_forward:1.992940902709961
INFO:trainer_layer_forward:2.3369789123535156
INFO:trainer_layer_forward:2.2292137145996094
INFO:trainer_layer_forward:1.9030570983886719
INFO:trainer_layer_forward:1.9338130950927734
INFO:trainer_layer_forward:1.8880367279052734
INFO:trainer_layer_forward:2.1109580993652344
INFO:trainer_layer_forward:2.372264862060547
INFO:trainer_layer_forward:1.9388198852539062
INFO:trainer_layer_forward:1.9037723541259766
INFO:trainer_layer_forward:1.943826675415039
INFO:trainer_layer_forward:1.8949508666992188
