INFO:trainer_layer_forward:FFT_CNNEx | mnist
INFO:trainer_layer_forward:in_size : 512 | epochs : 1 | batch : 1
INFO:trainer_layer_forward:kernel_l1 : 257 | 
INFO:trainer_layer_forward:o_channels_l1 : 20 | 
INFO:trainer_layer_forward:learn_num_train : 1000 | learn_num_validate : 0 
INFO:trainer_layer_forward::::::::::::::::::::::::::::::::::::::::::::::::::::::::::::
INFO:trainer_layer_forward:message : fft_conv1 
INFO:trainer_layer_forward::::::::::::::::::::::::::::::::::::::::::::::::::::::::::::
INFO:trainer_layer_forward:Ave_Time : 8.43514505058828
INFO:trainer_layer_forward::::::::::::::::::::::::::::::::::::::::::::::::::::::::::::
INFO:trainer_layer_forward:9.740352630615234
INFO:trainer_layer_forward:9.394645690917969
INFO:trainer_layer_forward:9.850740432739258
INFO:trainer_layer_forward:9.750127792358398
INFO:trainer_layer_forward:9.228229522705078
INFO:trainer_layer_forward:9.670257568359375
INFO:trainer_layer_forward:9.356975555419922
INFO:trainer_layer_forward:10.14256477355957
INFO:trainer_layer_forward:9.794235229492188
INFO:trainer_layer_forward:8.924007415771484
INFO:trainer_layer_forward:8.580446243286133
INFO:trainer_layer_forward:8.375406265258789
INFO:trainer_layer_forward:9.10806655883789
INFO:trainer_layer_forward:8.063077926635742
INFO:trainer_layer_forward:8.690595626831055
INFO:trainer_layer_forward:8.463382720947266
INFO:trainer_layer_forward:8.129119873046875
INFO:trainer_layer_forward:8.708715438842773
INFO:trainer_layer_forward:8.64100456237793
INFO:trainer_layer_forward:7.704973220825195
INFO:trainer_layer_forward:8.855581283569336
INFO:trainer_layer_forward:8.097410202026367
INFO:trainer_layer_forward:8.297920227050781
INFO:trainer_layer_forward:8.59975814819336
INFO:trainer_layer_forward:7.712364196777344
INFO:trainer_layer_forward:9.220600128173828
INFO:trainer_layer_forward:8.97073745727539
INFO:trainer_layer_forward:7.8639984130859375
INFO:trainer_layer_forward:8.241891860961914
INFO:trainer_layer_forward:8.18014144897461
INFO:trainer_layer_forward:7.725238800048828
INFO:trainer_layer_forward:9.071588516235352
INFO:trainer_layer_forward:7.988929748535156
INFO:trainer_layer_forward:8.291006088256836
INFO:trainer_layer_forward:8.431673049926758
INFO:trainer_layer_forward:8.366107940673828
INFO:trainer_layer_forward:8.545875549316406
INFO:trainer_layer_forward:8.82720947265625
INFO:trainer_layer_forward:7.758378982543945
INFO:trainer_layer_forward:8.458137512207031
INFO:trainer_layer_forward:8.539438247680664
INFO:trainer_layer_forward:8.156061172485352
INFO:trainer_layer_forward:9.106874465942383
INFO:trainer_layer_forward:8.214950561523438
INFO:trainer_layer_forward:7.8296661376953125
INFO:trainer_layer_forward:9.279489517211914
INFO:trainer_layer_forward:7.7648162841796875
INFO:trainer_layer_forward:8.507728576660156
INFO:trainer_layer_forward:9.034395217895508
INFO:trainer_layer_forward:7.766485214233398
INFO:trainer_layer_forward:8.99958610534668
INFO:trainer_layer_forward:8.538484573364258
INFO:trainer_layer_forward:7.725000381469727
INFO:trainer_layer_forward:8.891820907592773
INFO:trainer_layer_forward:7.740974426269531
INFO:trainer_layer_forward:8.300065994262695
INFO:trainer_layer_forward:9.384393692016602
INFO:trainer_layer_forward:7.71331787109375
INFO:trainer_layer_forward:8.397817611694336
INFO:trainer_layer_forward:8.610725402832031
INFO:trainer_layer_forward:7.683753967285156
INFO:trainer_layer_forward:8.976936340332031
INFO:trainer_layer_forward:7.709264755249023
INFO:trainer_layer_forward:8.396148681640625
INFO:trainer_layer_forward:9.013891220092773
INFO:trainer_layer_forward:7.70115852355957
INFO:trainer_layer_forward:9.12785530090332
INFO:trainer_layer_forward:8.218050003051758
INFO:trainer_layer_forward:7.692813873291016
INFO:trainer_layer_forward:9.071826934814453
INFO:trainer_layer_forward:8.111715316772461
INFO:trainer_layer_forward:8.337974548339844
INFO:trainer_layer_forward:8.941650390625
INFO:trainer_layer_forward:7.703304290771484
INFO:trainer_layer_forward:8.90207290649414
INFO:trainer_layer_forward:8.233308792114258
INFO:trainer_layer_forward:7.71641731262207
INFO:trainer_layer_forward:9.435415267944336
INFO:trainer_layer_forward:8.023977279663086
INFO:trainer_layer_forward:8.497953414916992
INFO:trainer_layer_forward:8.944272994995117
INFO:trainer_layer_forward:7.749795913696289
INFO:trainer_layer_forward:8.871793746948242
INFO:trainer_layer_forward:8.18634033203125
INFO:trainer_layer_forward:7.682085037231445
INFO:trainer_layer_forward:8.568525314331055
INFO:trainer_layer_forward:7.717370986938477
INFO:trainer_layer_forward:8.888483047485352
INFO:trainer_layer_forward:8.227348327636719
INFO:trainer_layer_forward:7.67970085144043
INFO:trainer_layer_forward:9.10806655883789
INFO:trainer_layer_forward:7.6618194580078125
INFO:trainer_layer_forward:8.656978607177734
INFO:trainer_layer_forward:8.270978927612305
INFO:trainer_layer_forward:7.684230804443359
INFO:trainer_layer_forward:9.163379669189453
INFO:trainer_layer_forward:7.743358612060547
INFO:trainer_layer_forward:8.37397575378418
INFO:trainer_layer_forward:8.995771408081055
INFO:trainer_layer_forward:7.6885223388671875
INFO:trainer_layer_forward:8.922338485717773
INFO:trainer_layer_forward:8.034944534301758
INFO:trainer_layer_forward:8.370399475097656
INFO:trainer_layer_forward:8.518218994140625
INFO:trainer_layer_forward:7.72404670715332
INFO:trainer_layer_forward:9.025096893310547
INFO:trainer_layer_forward:8.260726928710938
INFO:trainer_layer_forward:7.733821868896484
INFO:trainer_layer_forward:9.274005889892578
INFO:trainer_layer_forward:8.301258087158203
INFO:trainer_layer_forward:8.349180221557617
INFO:trainer_layer_forward:8.64720344543457
INFO:trainer_layer_forward:7.691860198974609
INFO:trainer_layer_forward:9.217500686645508
INFO:trainer_layer_forward:8.171558380126953
INFO:trainer_layer_forward:7.680654525756836
INFO:trainer_layer_forward:9.299039840698242
INFO:trainer_layer_forward:7.770299911499023
INFO:trainer_layer_forward:8.577823638916016
INFO:trainer_layer_forward:8.557558059692383
INFO:trainer_layer_forward:7.688760757446289
INFO:trainer_layer_forward:8.913278579711914
INFO:trainer_layer_forward:8.169174194335938
INFO:trainer_layer_forward:7.68733024597168
INFO:trainer_layer_forward:9.189367294311523
INFO:trainer_layer_forward:7.680416107177734
INFO:trainer_layer_forward:8.801937103271484
INFO:trainer_layer_forward:8.974075317382812
INFO:trainer_layer_forward:7.724285125732422
INFO:trainer_layer_forward:9.052753448486328
INFO:trainer_layer_forward:8.092641830444336
INFO:trainer_layer_forward:7.787466049194336
INFO:trainer_layer_forward:9.438276290893555
INFO:trainer_layer_forward:7.748126983642578
INFO:trainer_layer_forward:8.633852005004883
INFO:trainer_layer_forward:8.723974227905273
INFO:trainer_layer_forward:7.700443267822266
INFO:trainer_layer_forward:8.985519409179688
INFO:trainer_layer_forward:8.344650268554688
INFO:trainer_layer_forward:7.728338241577148
INFO:trainer_layer_forward:9.521961212158203
INFO:trainer_layer_forward:8.25190544128418
INFO:trainer_layer_forward:8.081436157226562
INFO:trainer_layer_forward:8.582592010498047
INFO:trainer_layer_forward:7.697343826293945
INFO:trainer_layer_forward:8.933544158935547
INFO:trainer_layer_forward:8.371829986572266
INFO:trainer_layer_forward:7.704496383666992
INFO:trainer_layer_forward:9.198665618896484
INFO:trainer_layer_forward:7.694482803344727
INFO:trainer_layer_forward:8.48245620727539
INFO:trainer_layer_forward:8.956432342529297
INFO:trainer_layer_forward:7.786273956298828
INFO:trainer_layer_forward:8.890151977539062
INFO:trainer_layer_forward:8.231401443481445
INFO:trainer_layer_forward:7.712841033935547
INFO:trainer_layer_forward:8.584737777709961
INFO:trainer_layer_forward:7.764577865600586
INFO:trainer_layer_forward:8.823156356811523
INFO:trainer_layer_forward:8.237123489379883
INFO:trainer_layer_forward:7.735490798950195
INFO:trainer_layer_forward:9.15670394897461
INFO:trainer_layer_forward:7.710456848144531
INFO:trainer_layer_forward:8.639335632324219
INFO:trainer_layer_forward:9.063959121704102
INFO:trainer_layer_forward:7.682561874389648
INFO:trainer_layer_forward:8.993387222290039
INFO:trainer_layer_forward:8.090496063232422
INFO:trainer_layer_forward:7.750034332275391
INFO:trainer_layer_forward:8.945703506469727
INFO:trainer_layer_forward:7.730960845947266
INFO:trainer_layer_forward:8.869647979736328
INFO:trainer_layer_forward:8.569002151489258
INFO:trainer_layer_forward:7.834434509277344
INFO:trainer_layer_forward:8.980512619018555
INFO:trainer_layer_forward:7.746696472167969
INFO:trainer_layer_forward:8.441686630249023
INFO:trainer_layer_forward:8.870840072631836
INFO:trainer_layer_forward:7.718324661254883
INFO:trainer_layer_forward:9.118318557739258
INFO:trainer_layer_forward:8.236169815063477
INFO:trainer_layer_forward:7.683753967285156
INFO:trainer_layer_forward:9.239673614501953
INFO:trainer_layer_forward:7.673978805541992
INFO:trainer_layer_forward:8.738994598388672
INFO:trainer_layer_forward:9.000778198242188
INFO:trainer_layer_forward:7.744789123535156
INFO:trainer_layer_forward:8.771896362304688
INFO:trainer_layer_forward:8.252859115600586
INFO:trainer_layer_forward:7.6904296875
INFO:trainer_layer_forward:9.269952774047852
INFO:trainer_layer_forward:7.697343826293945
INFO:trainer_layer_forward:8.550882339477539
INFO:trainer_layer_forward:8.969306945800781
INFO:trainer_layer_forward:7.726192474365234
INFO:trainer_layer_forward:8.826255798339844
INFO:trainer_layer_forward:8.193492889404297
INFO:trainer_layer_forward:7.716655731201172
INFO:trainer_layer_forward:9.433984756469727
INFO:trainer_layer_forward:7.770538330078125
INFO:trainer_layer_forward:8.41832160949707
INFO:trainer_layer_forward:8.575439453125
INFO:trainer_layer_forward:7.693767547607422
INFO:trainer_layer_forward:9.013891220092773
INFO:trainer_layer_forward:8.25810432434082
INFO:trainer_layer_forward:7.752180099487305
INFO:trainer_layer_forward:9.261608123779297
INFO:trainer_layer_forward:7.698297500610352
INFO:trainer_layer_forward:8.914709091186523
INFO:trainer_layer_forward:9.016752243041992
INFO:trainer_layer_forward:7.797718048095703
INFO:trainer_layer_forward:8.93545150756836
INFO:trainer_layer_forward:8.592844009399414
INFO:trainer_layer_forward:7.693052291870117
INFO:trainer_layer_forward:9.03630256652832
INFO:trainer_layer_forward:8.19087028503418
INFO:trainer_layer_forward:7.830142974853516
INFO:trainer_layer_forward:9.375572204589844
INFO:trainer_layer_forward:7.851362228393555
INFO:trainer_layer_forward:8.501052856445312
INFO:trainer_layer_forward:8.676290512084961
INFO:trainer_layer_forward:7.670879364013672
INFO:trainer_layer_forward:9.266376495361328
INFO:trainer_layer_forward:8.138418197631836
INFO:trainer_layer_forward:7.728099822998047
INFO:trainer_layer_forward:8.64720344543457
INFO:trainer_layer_forward:7.848501205444336
INFO:trainer_layer_forward:8.666515350341797
INFO:trainer_layer_forward:9.060382843017578
INFO:trainer_layer_forward:7.799386978149414
INFO:trainer_layer_forward:8.969306945800781
INFO:trainer_layer_forward:8.248567581176758
INFO:trainer_layer_forward:7.719755172729492
INFO:trainer_layer_forward:9.179115295410156
INFO:trainer_layer_forward:8.282899856567383
INFO:trainer_layer_forward:7.7037811279296875
INFO:trainer_layer_forward:8.955717086791992
INFO:trainer_layer_forward:7.723331451416016
INFO:trainer_layer_forward:8.974552154541016
INFO:trainer_layer_forward:8.210897445678711
INFO:trainer_layer_forward:7.724523544311523
INFO:trainer_layer_forward:8.611202239990234
INFO:trainer_layer_forward:7.709503173828125
INFO:trainer_layer_forward:8.853673934936523
INFO:trainer_layer_forward:8.2244873046875
INFO:trainer_layer_forward:7.813453674316406
INFO:trainer_layer_forward:9.362936019897461
INFO:trainer_layer_forward:7.753610610961914
INFO:trainer_layer_forward:8.707523345947266
INFO:trainer_layer_forward:8.94618034362793
INFO:trainer_layer_forward:7.715463638305664
INFO:trainer_layer_forward:9.17506217956543
INFO:trainer_layer_forward:8.247852325439453
INFO:trainer_layer_forward:7.749319076538086
INFO:trainer_layer_forward:9.496450424194336
INFO:trainer_layer_forward:7.707834243774414
INFO:trainer_layer_forward:8.541107177734375
INFO:trainer_layer_forward:9.57942008972168
INFO:trainer_layer_forward:7.767677307128906
INFO:trainer_layer_forward:8.79812240600586
INFO:trainer_layer_forward:8.95547866821289
INFO:trainer_layer_forward:7.748603820800781
INFO:trainer_layer_forward:8.987903594970703
INFO:trainer_layer_forward:8.29315185546875
INFO:trainer_layer_forward:7.701873779296875
INFO:trainer_layer_forward:9.113073348999023
INFO:trainer_layer_forward:7.704257965087891
INFO:trainer_layer_forward:8.643865585327148
INFO:trainer_layer_forward:8.60738754272461
INFO:trainer_layer_forward:7.706880569458008
INFO:trainer_layer_forward:9.375810623168945
INFO:trainer_layer_forward:8.445978164672852
INFO:trainer_layer_forward:7.815122604370117
INFO:trainer_layer_forward:9.313106536865234
INFO:trainer_layer_forward:7.699489593505859
INFO:trainer_layer_forward:8.617877960205078
INFO:trainer_layer_forward:8.492469787597656
INFO:trainer_layer_forward:7.686614990234375
INFO:trainer_layer_forward:9.378194808959961
INFO:trainer_layer_forward:8.222579956054688
INFO:trainer_layer_forward:8.139610290527344
INFO:trainer_layer_forward:8.571386337280273
INFO:trainer_layer_forward:7.732152938842773
INFO:trainer_layer_forward:8.74781608581543
INFO:trainer_layer_forward:8.163928985595703
INFO:trainer_layer_forward:7.714748382568359
INFO:trainer_layer_forward:9.3994140625
INFO:trainer_layer_forward:8.253812789916992
INFO:trainer_layer_forward:8.199214935302734
INFO:trainer_layer_forward:8.914947509765625
INFO:trainer_layer_forward:7.695913314819336
INFO:trainer_layer_forward:8.87751579284668
INFO:trainer_layer_forward:8.189678192138672
INFO:trainer_layer_forward:7.7648162841796875
INFO:trainer_layer_forward:9.563922882080078
INFO:trainer_layer_forward:7.756948471069336
INFO:trainer_layer_forward:8.637189865112305
INFO:trainer_layer_forward:8.592367172241211
INFO:trainer_layer_forward:7.70878791809082
INFO:trainer_layer_forward:8.878231048583984
INFO:trainer_layer_forward:8.216381072998047
INFO:trainer_layer_forward:7.773399353027344
INFO:trainer_layer_forward:9.313821792602539
INFO:trainer_layer_forward:7.672309875488281
INFO:trainer_layer_forward:8.951425552368164
INFO:trainer_layer_forward:9.165048599243164
INFO:trainer_layer_forward:7.720947265625
INFO:trainer_layer_forward:8.962154388427734
INFO:trainer_layer_forward:8.606195449829102
INFO:trainer_layer_forward:7.721662521362305
INFO:trainer_layer_forward:9.41157341003418
INFO:trainer_layer_forward:8.041620254516602
INFO:trainer_layer_forward:8.797407150268555
INFO:trainer_layer_forward:8.724212646484375
INFO:trainer_layer_forward:7.719278335571289
INFO:trainer_layer_forward:9.052753448486328
INFO:trainer_layer_forward:8.304834365844727
INFO:trainer_layer_forward:7.770061492919922
INFO:trainer_layer_forward:9.281396865844727
INFO:trainer_layer_forward:8.238792419433594
INFO:trainer_layer_forward:8.322477340698242
INFO:trainer_layer_forward:8.577823638916016
INFO:trainer_layer_forward:7.676839828491211
INFO:trainer_layer_forward:8.930444717407227
INFO:trainer_layer_forward:8.158445358276367
INFO:trainer_layer_forward:7.74383544921875
INFO:trainer_layer_forward:9.323596954345703
INFO:trainer_layer_forward:7.696866989135742
INFO:trainer_layer_forward:8.648395538330078
INFO:trainer_layer_forward:8.596181869506836
INFO:trainer_layer_forward:7.696866989135742
INFO:trainer_layer_forward:8.766889572143555
INFO:trainer_layer_forward:8.23068618774414
INFO:trainer_layer_forward:7.89332389831543
INFO:trainer_layer_forward:8.995771408081055
INFO:trainer_layer_forward:8.134126663208008
INFO:trainer_layer_forward:8.34798812866211
INFO:trainer_layer_forward:8.715152740478516
INFO:trainer_layer_forward:7.745981216430664
INFO:trainer_layer_forward:8.437395095825195
INFO:trainer_layer_forward:7.981300354003906
INFO:trainer_layer_forward:8.236408233642578
INFO:trainer_layer_forward:8.939504623413086
INFO:trainer_layer_forward:7.752656936645508
INFO:trainer_layer_forward:8.744478225708008
INFO:trainer_layer_forward:8.795976638793945
INFO:trainer_layer_forward:8.131027221679688
INFO:trainer_layer_forward:8.674383163452148
INFO:trainer_layer_forward:8.867740631103516
INFO:trainer_layer_forward:7.766962051391602
INFO:trainer_layer_forward:8.70966911315918
INFO:trainer_layer_forward:8.188486099243164
INFO:trainer_layer_forward:8.168458938598633
INFO:trainer_layer_forward:9.1552734375
INFO:trainer_layer_forward:7.745504379272461
INFO:trainer_layer_forward:8.570671081542969
INFO:trainer_layer_forward:9.473562240600586
INFO:trainer_layer_forward:7.690668106079102
INFO:trainer_layer_forward:8.720874786376953
INFO:trainer_layer_forward:8.786916732788086
INFO:trainer_layer_forward:7.829189300537109
INFO:trainer_layer_forward:8.921623229980469
INFO:trainer_layer_forward:8.226633071899414
INFO:trainer_layer_forward:8.127689361572266
INFO:trainer_layer_forward:9.021520614624023
INFO:trainer_layer_forward:7.711648941040039
INFO:trainer_layer_forward:9.008407592773438
INFO:trainer_layer_forward:8.777618408203125
INFO:trainer_layer_forward:7.67970085144043
INFO:trainer_layer_forward:8.733987808227539
INFO:trainer_layer_forward:8.275985717773438
INFO:trainer_layer_forward:8.125543594360352
INFO:trainer_layer_forward:9.479761123657227
INFO:trainer_layer_forward:8.46719741821289
INFO:trainer_layer_forward:8.347272872924805
INFO:trainer_layer_forward:9.069204330444336
INFO:trainer_layer_forward:7.727146148681641
INFO:trainer_layer_forward:8.737564086914062
INFO:trainer_layer_forward:8.58163833618164
INFO:trainer_layer_forward:7.768392562866211
INFO:trainer_layer_forward:9.008646011352539
INFO:trainer_layer_forward:8.545875549316406
INFO:trainer_layer_forward:8.021354675292969
INFO:trainer_layer_forward:8.47768783569336
INFO:trainer_layer_forward:8.411407470703125
INFO:trainer_layer_forward:7.658958435058594
INFO:trainer_layer_forward:8.874177932739258
INFO:trainer_layer_forward:7.679462432861328
INFO:trainer_layer_forward:8.885383605957031
INFO:trainer_layer_forward:9.063005447387695
INFO:trainer_layer_forward:7.67970085144043
INFO:trainer_layer_forward:8.577823638916016
INFO:trainer_layer_forward:8.681058883666992
INFO:trainer_layer_forward:7.674217224121094
INFO:trainer_layer_forward:9.004831314086914
INFO:trainer_layer_forward:8.73112678527832
INFO:trainer_layer_forward:7.712125778198242
INFO:trainer_layer_forward:8.397817611694336
INFO:trainer_layer_forward:8.059024810791016
INFO:trainer_layer_forward:8.623361587524414
INFO:trainer_layer_forward:8.269786834716797
INFO:trainer_layer_forward:7.718086242675781
INFO:trainer_layer_forward:9.316444396972656
INFO:trainer_layer_forward:7.776975631713867
INFO:trainer_layer_forward:8.339166641235352
INFO:trainer_layer_forward:8.624553680419922
INFO:trainer_layer_forward:7.696390151977539
INFO:trainer_layer_forward:8.703947067260742
INFO:trainer_layer_forward:8.226633071899414
INFO:trainer_layer_forward:7.694005966186523
INFO:trainer_layer_forward:9.154081344604492
INFO:trainer_layer_forward:8.25643539428711
INFO:trainer_layer_forward:8.07046890258789
INFO:trainer_layer_forward:9.365320205688477
INFO:trainer_layer_forward:7.732868194580078
INFO:trainer_layer_forward:8.74471664428711
INFO:trainer_layer_forward:9.00721549987793
INFO:trainer_layer_forward:7.873773574829102
INFO:trainer_layer_forward:8.466005325317383
INFO:trainer_layer_forward:8.99815559387207
INFO:trainer_layer_forward:7.696866989135742
INFO:trainer_layer_forward:8.966922760009766
INFO:trainer_layer_forward:8.213281631469727
INFO:trainer_layer_forward:7.80034065246582
INFO:trainer_layer_forward:9.159326553344727
INFO:trainer_layer_forward:8.232355117797852
INFO:trainer_layer_forward:7.759809494018555
INFO:trainer_layer_forward:9.42087173461914
INFO:trainer_layer_forward:7.711887359619141
INFO:trainer_layer_forward:8.843660354614258
INFO:trainer_layer_forward:8.769035339355469
INFO:trainer_layer_forward:7.720708847045898
INFO:trainer_layer_forward:8.978128433227539
INFO:trainer_layer_forward:8.669137954711914
INFO:trainer_layer_forward:7.685661315917969
INFO:trainer_layer_forward:9.378194808959961
INFO:trainer_layer_forward:8.227109909057617
INFO:trainer_layer_forward:8.271932601928711
INFO:trainer_layer_forward:9.480714797973633
INFO:trainer_layer_forward:8.476972579956055
INFO:trainer_layer_forward:8.116722106933594
INFO:trainer_layer_forward:9.43303108215332
INFO:trainer_layer_forward:7.712602615356445
INFO:trainer_layer_forward:8.654594421386719
INFO:trainer_layer_forward:8.594989776611328
INFO:trainer_layer_forward:7.698774337768555
INFO:trainer_layer_forward:9.428024291992188
INFO:trainer_layer_forward:7.6999664306640625
INFO:trainer_layer_forward:8.346080780029297
INFO:trainer_layer_forward:8.727788925170898
INFO:trainer_layer_forward:7.70115852355957
INFO:trainer_layer_forward:9.091377258300781
INFO:trainer_layer_forward:8.044719696044922
INFO:trainer_layer_forward:8.71586799621582
INFO:trainer_layer_forward:9.168148040771484
INFO:trainer_layer_forward:7.699489593505859
INFO:trainer_layer_forward:8.772611618041992
INFO:trainer_layer_forward:8.838415145874023
INFO:trainer_layer_forward:8.123397827148438
INFO:trainer_layer_forward:8.836984634399414
INFO:trainer_layer_forward:8.288145065307617
INFO:trainer_layer_forward:7.719278335571289
INFO:trainer_layer_forward:9.053230285644531
INFO:trainer_layer_forward:8.81338119506836
INFO:trainer_layer_forward:8.533954620361328
INFO:trainer_layer_forward:8.729934692382812
INFO:trainer_layer_forward:7.768869400024414
INFO:trainer_layer_forward:8.653402328491211
INFO:trainer_layer_forward:9.3536376953125
INFO:trainer_layer_forward:7.869958877563477
INFO:trainer_layer_forward:8.681774139404297
INFO:trainer_layer_forward:8.715152740478516
INFO:trainer_layer_forward:7.956743240356445
INFO:trainer_layer_forward:8.878231048583984
INFO:trainer_layer_forward:8.505105972290039
INFO:trainer_layer_forward:8.131980895996094
INFO:trainer_layer_forward:8.668661117553711
INFO:trainer_layer_forward:8.077859878540039
INFO:trainer_layer_forward:8.311748504638672
INFO:trainer_layer_forward:9.081602096557617
INFO:trainer_layer_forward:7.790088653564453
INFO:trainer_layer_forward:9.02700424194336
INFO:trainer_layer_forward:8.693695068359375
INFO:trainer_layer_forward:8.004426956176758
INFO:trainer_layer_forward:8.472442626953125
INFO:trainer_layer_forward:8.424758911132812
INFO:trainer_layer_forward:7.706165313720703
INFO:trainer_layer_forward:9.134769439697266
INFO:trainer_layer_forward:9.64498519897461
INFO:trainer_layer_forward:8.153915405273438
INFO:trainer_layer_forward:9.469270706176758
INFO:trainer_layer_forward:8.83340835571289
INFO:trainer_layer_forward:7.737398147583008
INFO:trainer_layer_forward:8.94474983215332
INFO:trainer_layer_forward:8.551836013793945
INFO:trainer_layer_forward:8.626937866210938
INFO:trainer_layer_forward:8.722305297851562
INFO:trainer_layer_forward:8.733272552490234
INFO:trainer_layer_forward:7.8945159912109375
INFO:trainer_layer_forward:8.97073745727539
INFO:trainer_layer_forward:8.568763732910156
INFO:trainer_layer_forward:8.249282836914062
INFO:trainer_layer_forward:8.778572082519531
INFO:trainer_layer_forward:7.933855056762695
INFO:trainer_layer_forward:8.62574577331543
INFO:trainer_layer_forward:9.282112121582031
INFO:trainer_layer_forward:7.678747177124023
INFO:trainer_layer_forward:8.573293685913086
INFO:trainer_layer_forward:8.549928665161133
INFO:trainer_layer_forward:8.349895477294922
INFO:trainer_layer_forward:9.095430374145508
INFO:trainer_layer_forward:8.199930191040039
INFO:trainer_layer_forward:8.599519729614258
INFO:trainer_layer_forward:9.329080581665039
INFO:trainer_layer_forward:7.696390151977539
INFO:trainer_layer_forward:8.68535041809082
INFO:trainer_layer_forward:8.837699890136719
INFO:trainer_layer_forward:7.7381134033203125
INFO:trainer_layer_forward:9.01484489440918
INFO:trainer_layer_forward:8.168935775756836
INFO:trainer_layer_forward:8.721351623535156
INFO:trainer_layer_forward:9.125947952270508
INFO:trainer_layer_forward:7.695913314819336
INFO:trainer_layer_forward:8.751630783081055
INFO:trainer_layer_forward:8.64553451538086
INFO:trainer_layer_forward:7.710933685302734
INFO:trainer_layer_forward:8.936405181884766
INFO:trainer_layer_forward:8.867263793945312
INFO:trainer_layer_forward:7.686376571655273
INFO:trainer_layer_forward:8.984088897705078
INFO:trainer_layer_forward:8.768320083618164
INFO:trainer_layer_forward:8.240222930908203
INFO:trainer_layer_forward:8.796215057373047
INFO:trainer_layer_forward:8.612871170043945
INFO:trainer_layer_forward:8.104085922241211
INFO:trainer_layer_forward:8.938074111938477
INFO:trainer_layer_forward:8.257627487182617
INFO:trainer_layer_forward:8.49151611328125
INFO:trainer_layer_forward:9.661674499511719
INFO:trainer_layer_forward:8.256196975708008
INFO:trainer_layer_forward:8.338689804077148
INFO:trainer_layer_forward:9.21010971069336
INFO:trainer_layer_forward:7.695913314819336
INFO:trainer_layer_forward:8.816003799438477
INFO:trainer_layer_forward:8.679389953613281
INFO:trainer_layer_forward:8.125782012939453
INFO:trainer_layer_forward:8.911848068237305
INFO:trainer_layer_forward:8.261442184448242
INFO:trainer_layer_forward:8.478164672851562
INFO:trainer_layer_forward:9.261846542358398
INFO:trainer_layer_forward:8.176803588867188
INFO:trainer_layer_forward:8.44430923461914
INFO:trainer_layer_forward:8.102893829345703
INFO:trainer_layer_forward:8.605241775512695
INFO:trainer_layer_forward:9.119987487792969
INFO:trainer_layer_forward:8.05974006652832
INFO:trainer_layer_forward:8.145570755004883
INFO:trainer_layer_forward:9.419441223144531
INFO:trainer_layer_forward:8.135557174682617
INFO:trainer_layer_forward:8.644580841064453
INFO:trainer_layer_forward:8.616447448730469
INFO:trainer_layer_forward:8.681297302246094
INFO:trainer_layer_forward:8.571863174438477
INFO:trainer_layer_forward:9.432315826416016
INFO:trainer_layer_forward:7.810354232788086
INFO:trainer_layer_forward:8.718013763427734
INFO:trainer_layer_forward:7.976770401000977
INFO:trainer_layer_forward:8.414983749389648
INFO:trainer_layer_forward:8.922576904296875
INFO:trainer_layer_forward:7.716178894042969
INFO:trainer_layer_forward:8.834123611450195
INFO:trainer_layer_forward:8.55875015258789
INFO:trainer_layer_forward:8.399248123168945
INFO:trainer_layer_forward:8.638143539428711
INFO:trainer_layer_forward:8.718013763427734
INFO:trainer_layer_forward:8.361339569091797
INFO:trainer_layer_forward:8.852481842041016
INFO:trainer_layer_forward:8.042573928833008
INFO:trainer_layer_forward:8.760213851928711
INFO:trainer_layer_forward:8.811235427856445
INFO:trainer_layer_forward:7.705926895141602
INFO:trainer_layer_forward:8.733272552490234
INFO:trainer_layer_forward:8.41832160949707
INFO:trainer_layer_forward:7.770776748657227
INFO:trainer_layer_forward:8.704185485839844
INFO:trainer_layer_forward:8.281707763671875
INFO:trainer_layer_forward:8.028507232666016
INFO:trainer_layer_forward:9.439229965209961
INFO:trainer_layer_forward:8.210897445678711
INFO:trainer_layer_forward:7.777690887451172
INFO:trainer_layer_forward:9.355783462524414
INFO:trainer_layer_forward:7.70878791809082
INFO:trainer_layer_forward:8.430719375610352
INFO:trainer_layer_forward:8.98289680480957
INFO:trainer_layer_forward:7.739067077636719
INFO:trainer_layer_forward:8.976459503173828
INFO:trainer_layer_forward:8.334159851074219
INFO:trainer_layer_forward:7.738590240478516
INFO:trainer_layer_forward:9.279966354370117
INFO:trainer_layer_forward:8.206605911254883
INFO:trainer_layer_forward:8.345365524291992
INFO:trainer_layer_forward:8.55255126953125
INFO:trainer_layer_forward:7.713556289672852
INFO:trainer_layer_forward:8.961677551269531
INFO:trainer_layer_forward:8.226156234741211
INFO:trainer_layer_forward:7.742166519165039
INFO:trainer_layer_forward:9.42850112915039
INFO:trainer_layer_forward:7.737874984741211
INFO:trainer_layer_forward:8.499383926391602
INFO:trainer_layer_forward:9.007930755615234
INFO:trainer_layer_forward:7.797956466674805
INFO:trainer_layer_forward:8.918046951293945
INFO:trainer_layer_forward:9.086847305297852
INFO:trainer_layer_forward:7.689237594604492
INFO:trainer_layer_forward:9.192228317260742
INFO:trainer_layer_forward:8.32676887512207
INFO:trainer_layer_forward:8.19087028503418
INFO:trainer_layer_forward:9.489774703979492
INFO:trainer_layer_forward:8.351325988769531
INFO:trainer_layer_forward:7.77125358581543
INFO:trainer_layer_forward:9.549140930175781
INFO:trainer_layer_forward:8.214235305786133
INFO:trainer_layer_forward:8.054733276367188
INFO:trainer_layer_forward:9.618520736694336
INFO:trainer_layer_forward:7.801532745361328
INFO:trainer_layer_forward:8.806705474853516
INFO:trainer_layer_forward:8.70513916015625
INFO:trainer_layer_forward:7.70115852355957
INFO:trainer_layer_forward:8.9111328125
INFO:trainer_layer_forward:8.309602737426758
INFO:trainer_layer_forward:7.70878791809082
INFO:trainer_layer_forward:9.369134902954102
INFO:trainer_layer_forward:7.796287536621094
INFO:trainer_layer_forward:7.808923721313477
INFO:trainer_layer_forward:9.15670394897461
INFO:trainer_layer_forward:8.533716201782227
INFO:trainer_layer_forward:8.002042770385742
INFO:trainer_layer_forward:8.956193923950195
INFO:trainer_layer_forward:8.098363876342773
INFO:trainer_layer_forward:7.758855819702148
INFO:trainer_layer_forward:7.955074310302734
INFO:trainer_layer_forward:7.715940475463867
INFO:trainer_layer_forward:8.513689041137695
INFO:trainer_layer_forward:8.956670761108398
INFO:trainer_layer_forward:7.738828659057617
INFO:trainer_layer_forward:8.993387222290039
INFO:trainer_layer_forward:8.304119110107422
INFO:trainer_layer_forward:7.688283920288086
INFO:trainer_layer_forward:9.276390075683594
INFO:trainer_layer_forward:7.831335067749023
INFO:trainer_layer_forward:8.360624313354492
INFO:trainer_layer_forward:8.913278579711914
INFO:trainer_layer_forward:7.752418518066406
INFO:trainer_layer_forward:8.758068084716797
INFO:trainer_layer_forward:8.643150329589844
INFO:trainer_layer_forward:7.739543914794922
INFO:trainer_layer_forward:9.174346923828125
INFO:trainer_layer_forward:8.13603401184082
INFO:trainer_layer_forward:7.8105926513671875
INFO:trainer_layer_forward:8.591890335083008
INFO:trainer_layer_forward:7.737398147583008
INFO:trainer_layer_forward:8.801460266113281
INFO:trainer_layer_forward:8.320093154907227
INFO:trainer_layer_forward:7.750988006591797
INFO:trainer_layer_forward:9.235382080078125
INFO:trainer_layer_forward:8.277177810668945
INFO:trainer_layer_forward:8.334159851074219
INFO:trainer_layer_forward:8.609771728515625
INFO:trainer_layer_forward:7.701396942138672
INFO:trainer_layer_forward:8.668899536132812
INFO:trainer_layer_forward:8.256673812866211
INFO:trainer_layer_forward:7.957696914672852
INFO:trainer_layer_forward:9.40394401550293
INFO:trainer_layer_forward:8.350372314453125
INFO:trainer_layer_forward:7.801294326782227
INFO:trainer_layer_forward:9.565591812133789
INFO:trainer_layer_forward:7.760763168334961
INFO:trainer_layer_forward:8.352518081665039
INFO:trainer_layer_forward:8.627176284790039
INFO:trainer_layer_forward:7.709741592407227
INFO:trainer_layer_forward:9.285211563110352
INFO:trainer_layer_forward:8.294820785522461
INFO:trainer_layer_forward:8.032560348510742
INFO:trainer_layer_forward:9.363412857055664
INFO:trainer_layer_forward:7.747411727905273
INFO:trainer_layer_forward:8.626937866210938
INFO:trainer_layer_forward:8.61358642578125
INFO:trainer_layer_forward:7.722616195678711
INFO:trainer_layer_forward:9.03773307800293
INFO:trainer_layer_forward:8.189201354980469
INFO:trainer_layer_forward:8.003950119018555
INFO:trainer_layer_forward:9.38272476196289
INFO:trainer_layer_forward:7.705211639404297
INFO:trainer_layer_forward:8.530855178833008
INFO:trainer_layer_forward:8.565902709960938
INFO:trainer_layer_forward:7.76219367980957
INFO:trainer_layer_forward:8.928298950195312
INFO:trainer_layer_forward:7.7152252197265625
INFO:trainer_layer_forward:8.360624313354492
INFO:trainer_layer_forward:8.903026580810547
INFO:trainer_layer_forward:7.694721221923828
INFO:trainer_layer_forward:9.191036224365234
INFO:trainer_layer_forward:8.208513259887695
INFO:trainer_layer_forward:7.6961517333984375
INFO:trainer_layer_forward:9.390592575073242
INFO:trainer_layer_forward:7.776498794555664
INFO:trainer_layer_forward:8.353710174560547
INFO:trainer_layer_forward:8.961200714111328
INFO:trainer_layer_forward:7.732629776000977
INFO:trainer_layer_forward:8.945941925048828
INFO:trainer_layer_forward:8.263587951660156
INFO:trainer_layer_forward:7.778644561767578
INFO:trainer_layer_forward:9.484529495239258
INFO:trainer_layer_forward:8.273124694824219
INFO:trainer_layer_forward:7.702350616455078
INFO:trainer_layer_forward:8.634090423583984
INFO:trainer_layer_forward:7.710695266723633
INFO:trainer_layer_forward:8.975505828857422
INFO:trainer_layer_forward:8.23974609375
INFO:trainer_layer_forward:7.863521575927734
INFO:trainer_layer_forward:9.29880142211914
INFO:trainer_layer_forward:8.220911026000977
INFO:trainer_layer_forward:8.321762084960938
INFO:trainer_layer_forward:8.61978530883789
INFO:trainer_layer_forward:7.69352912902832
INFO:trainer_layer_forward:9.142637252807617
INFO:trainer_layer_forward:8.258581161499023
INFO:trainer_layer_forward:7.874965667724609
INFO:trainer_layer_forward:9.299755096435547
INFO:trainer_layer_forward:8.365869522094727
INFO:trainer_layer_forward:9.006738662719727
INFO:trainer_layer_forward:9.272098541259766
INFO:trainer_layer_forward:7.754325866699219
INFO:trainer_layer_forward:8.632898330688477
INFO:trainer_layer_forward:9.022951126098633
INFO:trainer_layer_forward:7.755041122436523
INFO:trainer_layer_forward:8.923530578613281
INFO:trainer_layer_forward:8.207321166992188
INFO:trainer_layer_forward:8.14509391784668
INFO:trainer_layer_forward:8.809089660644531
INFO:trainer_layer_forward:7.705926895141602
INFO:trainer_layer_forward:8.700847625732422
INFO:trainer_layer_forward:8.285999298095703
INFO:trainer_layer_forward:7.805109024047852
INFO:trainer_layer_forward:9.205102920532227
INFO:trainer_layer_forward:7.731437683105469
INFO:trainer_layer_forward:8.454322814941406
INFO:trainer_layer_forward:8.66079330444336
INFO:trainer_layer_forward:8.105039596557617
INFO:trainer_layer_forward:8.885860443115234
INFO:trainer_layer_forward:8.240699768066406
INFO:trainer_layer_forward:7.694482803344727
INFO:trainer_layer_forward:9.332418441772461
INFO:trainer_layer_forward:7.695198059082031
INFO:trainer_layer_forward:8.717775344848633
INFO:trainer_layer_forward:8.920907974243164
INFO:trainer_layer_forward:7.682323455810547
INFO:trainer_layer_forward:9.034395217895508
INFO:trainer_layer_forward:8.060216903686523
INFO:trainer_layer_forward:8.32366943359375
INFO:trainer_layer_forward:8.574485778808594
INFO:trainer_layer_forward:7.685422897338867
INFO:trainer_layer_forward:8.980512619018555
INFO:trainer_layer_forward:8.387088775634766
INFO:trainer_layer_forward:7.719993591308594
INFO:trainer_layer_forward:9.161710739135742
INFO:trainer_layer_forward:8.268356323242188
INFO:trainer_layer_forward:8.32676887512207
INFO:trainer_layer_forward:8.609533309936523
INFO:trainer_layer_forward:7.718563079833984
INFO:trainer_layer_forward:9.176254272460938
INFO:trainer_layer_forward:8.250236511230469
INFO:trainer_layer_forward:8.25190544128418
INFO:trainer_layer_forward:9.347200393676758
INFO:trainer_layer_forward:8.221149444580078
INFO:trainer_layer_forward:8.312702178955078
INFO:trainer_layer_forward:8.58926773071289
INFO:trainer_layer_forward:7.683753967285156
INFO:trainer_layer_forward:8.945465087890625
INFO:trainer_layer_forward:8.285760879516602
INFO:trainer_layer_forward:7.698774337768555
INFO:trainer_layer_forward:9.421110153198242
INFO:trainer_layer_forward:7.863759994506836
INFO:trainer_layer_forward:8.610725402832031
INFO:trainer_layer_forward:8.737564086914062
INFO:trainer_layer_forward:7.729053497314453
INFO:trainer_layer_forward:8.787870407104492
INFO:trainer_layer_forward:8.263587951660156
INFO:trainer_layer_forward:7.679462432861328
INFO:trainer_layer_forward:9.23776626586914
INFO:trainer_layer_forward:7.70258903503418
INFO:trainer_layer_forward:8.77833366394043
INFO:trainer_layer_forward:8.561372756958008
INFO:trainer_layer_forward:7.686853408813477
INFO:trainer_layer_forward:9.323835372924805
INFO:trainer_layer_forward:7.720708847045898
INFO:trainer_layer_forward:8.393049240112305
INFO:trainer_layer_forward:8.570432662963867
INFO:trainer_layer_forward:7.6618194580078125
INFO:trainer_layer_forward:8.861064910888672
INFO:trainer_layer_forward:8.2244873046875
INFO:trainer_layer_forward:7.714509963989258
INFO:trainer_layer_forward:8.936643600463867
INFO:trainer_layer_forward:7.7075958251953125
INFO:trainer_layer_forward:9.076595306396484
INFO:trainer_layer_forward:8.267879486083984
INFO:trainer_layer_forward:8.099794387817383
INFO:trainer_layer_forward:9.293794631958008
INFO:trainer_layer_forward:7.678747177124023
INFO:trainer_layer_forward:8.736848831176758
INFO:trainer_layer_forward:8.537769317626953
INFO:trainer_layer_forward:7.673740386962891
INFO:trainer_layer_forward:9.5367431640625
INFO:trainer_layer_forward:8.153676986694336
INFO:trainer_layer_forward:8.330821990966797
INFO:trainer_layer_forward:8.540630340576172
INFO:trainer_layer_forward:7.698774337768555
INFO:trainer_layer_forward:8.878707885742188
INFO:trainer_layer_forward:8.226156234741211
INFO:trainer_layer_forward:8.042335510253906
INFO:trainer_layer_forward:8.713483810424805
INFO:trainer_layer_forward:7.701873779296875
INFO:trainer_layer_forward:8.972406387329102
INFO:trainer_layer_forward:8.272171020507812
INFO:trainer_layer_forward:7.70115852355957
INFO:trainer_layer_forward:9.430646896362305
INFO:trainer_layer_forward:7.707118988037109
INFO:trainer_layer_forward:8.420228958129883
INFO:trainer_layer_forward:8.600950241088867
INFO:trainer_layer_forward:7.685422897338867
INFO:trainer_layer_forward:9.396076202392578
INFO:trainer_layer_forward:8.282661437988281
INFO:trainer_layer_forward:7.689476013183594
INFO:trainer_layer_forward:8.704900741577148
INFO:trainer_layer_forward:7.694721221923828
INFO:trainer_layer_forward:9.233474731445312
INFO:trainer_layer_forward:8.260965347290039
INFO:trainer_layer_forward:7.8334808349609375
INFO:trainer_layer_forward:9.33980941772461
INFO:trainer_layer_forward:7.6904296875
INFO:trainer_layer_forward:8.731365203857422
INFO:trainer_layer_forward:8.318901062011719
INFO:trainer_layer_forward:7.693767547607422
INFO:trainer_layer_forward:9.12022590637207
INFO:trainer_layer_forward:7.730722427368164
INFO:trainer_layer_forward:8.795022964477539
INFO:trainer_layer_forward:8.553028106689453
INFO:trainer_layer_forward:7.699728012084961
INFO:trainer_layer_forward:9.437799453735352
INFO:trainer_layer_forward:8.232355117797852
INFO:trainer_layer_forward:8.281707763671875
INFO:trainer_layer_forward:8.753299713134766
INFO:trainer_layer_forward:7.723093032836914
INFO:trainer_layer_forward:9.050846099853516
INFO:trainer_layer_forward:8.247852325439453
INFO:trainer_layer_forward:7.69352912902832
INFO:trainer_layer_forward:8.60285758972168
INFO:trainer_layer_forward:7.678508758544922
INFO:trainer_layer_forward:8.85152816772461
INFO:trainer_layer_forward:8.289575576782227
INFO:trainer_layer_forward:7.708072662353516
INFO:trainer_layer_forward:9.105443954467773
INFO:trainer_layer_forward:7.723808288574219
INFO:trainer_layer_forward:8.842945098876953
INFO:trainer_layer_forward:8.992195129394531
INFO:trainer_layer_forward:7.732391357421875
INFO:trainer_layer_forward:9.04226303100586
INFO:trainer_layer_forward:8.092164993286133
INFO:trainer_layer_forward:7.805824279785156
INFO:trainer_layer_forward:8.705615997314453
INFO:trainer_layer_forward:7.683992385864258
INFO:trainer_layer_forward:9.060859680175781
INFO:trainer_layer_forward:8.549928665161133
INFO:trainer_layer_forward:7.679224014282227
INFO:trainer_layer_forward:9.45425033569336
INFO:trainer_layer_forward:7.708549499511719
INFO:trainer_layer_forward:8.510112762451172
INFO:trainer_layer_forward:8.673667907714844
INFO:trainer_layer_forward:7.673740386962891
INFO:trainer_layer_forward:9.147405624389648
INFO:trainer_layer_forward:8.745670318603516
INFO:trainer_layer_forward:7.713794708251953
INFO:trainer_layer_forward:9.043216705322266
INFO:trainer_layer_forward:8.109807968139648
INFO:trainer_layer_forward:7.779836654663086
INFO:trainer_layer_forward:8.818387985229492
INFO:trainer_layer_forward:7.706642150878906
INFO:trainer_layer_forward:8.890628814697266
INFO:trainer_layer_forward:8.306264877319336
INFO:trainer_layer_forward:7.77435302734375
INFO:trainer_layer_forward:9.301900863647461
INFO:trainer_layer_forward:8.294105529785156
INFO:trainer_layer_forward:8.262157440185547
INFO:trainer_layer_forward:9.347915649414062
INFO:trainer_layer_forward:7.74693489074707
INFO:trainer_layer_forward:8.666276931762695
INFO:trainer_layer_forward:8.915185928344727
INFO:trainer_layer_forward:7.706165313720703
INFO:trainer_layer_forward:8.772611618041992
INFO:trainer_layer_forward:8.167266845703125
INFO:trainer_layer_forward:7.74073600769043
INFO:trainer_layer_forward:8.947372436523438
INFO:trainer_layer_forward:7.688045501708984
INFO:trainer_layer_forward:8.483409881591797
INFO:trainer_layer_forward:8.866071701049805
INFO:trainer_layer_forward:7.689237594604492
INFO:trainer_layer_forward:8.888006210327148
INFO:trainer_layer_forward:8.048534393310547
INFO:trainer_layer_forward:8.639335632324219
INFO:trainer_layer_forward:8.558034896850586
INFO:trainer_layer_forward:7.681846618652344
INFO:trainer_layer_forward:9.077787399291992
INFO:trainer_layer_forward:8.191585540771484
INFO:trainer_layer_forward:8.082151412963867
INFO:trainer_layer_forward:9.267091751098633
INFO:trainer_layer_forward:7.703065872192383
INFO:trainer_layer_forward:8.826494216918945
INFO:trainer_layer_forward:8.942127227783203
INFO:trainer_layer_forward:7.723331451416016
INFO:trainer_layer_forward:8.912801742553711
INFO:trainer_layer_forward:8.061647415161133
INFO:trainer_layer_forward:8.388519287109375
INFO:trainer_layer_forward:8.913993835449219
INFO:trainer_layer_forward:7.6847076416015625
INFO:trainer_layer_forward:8.875608444213867
INFO:trainer_layer_forward:9.063720703125
INFO:trainer_layer_forward:7.875919342041016
INFO:trainer_layer_forward:8.605241775512695
INFO:trainer_layer_forward:8.899450302124023
INFO:trainer_layer_forward:7.744550704956055
INFO:trainer_layer_forward:9.11092758178711
INFO:trainer_layer_forward:8.55112075805664
INFO:trainer_layer_forward:8.476734161376953
INFO:trainer_layer_forward:9.372472763061523
INFO:trainer_layer_forward:8.323907852172852
INFO:trainer_layer_forward:7.725238800048828
INFO:trainer_layer_forward:9.072065353393555
INFO:trainer_layer_forward:7.775783538818359
INFO:trainer_layer_forward:8.663177490234375
INFO:trainer_layer_forward:9.137868881225586
INFO:trainer_layer_forward:8.176803588867188
INFO:trainer_layer_forward:7.759809494018555
INFO:trainer_layer_forward:8.374214172363281
INFO:trainer_layer_forward:8.497238159179688
INFO:trainer_layer_forward:9.163856506347656
INFO:trainer_layer_forward:8.08405876159668
INFO:trainer_layer_forward:8.28695297241211
INFO:trainer_layer_forward:9.127378463745117
INFO:trainer_layer_forward:7.740974426269531
INFO:trainer_layer_forward:9.037494659423828
INFO:trainer_layer_forward:8.85152816772461
INFO:trainer_layer_forward:7.70258903503418
INFO:trainer_layer_forward:8.80885124206543
INFO:trainer_layer_forward:8.160114288330078
INFO:trainer_layer_forward:7.719993591308594
INFO:trainer_layer_forward:9.098291397094727
INFO:trainer_layer_forward:7.751226425170898
INFO:trainer_layer_forward:8.953094482421875
INFO:trainer_layer_forward:8.847951889038086
INFO:trainer_layer_forward:8.409976959228516
INFO:trainer_layer_forward:8.688688278198242
INFO:trainer_layer_forward:8.959531784057617
INFO:trainer_layer_forward:7.695913314819336
INFO:trainer_layer_forward:9.25135612487793
INFO:trainer_layer_forward:8.841753005981445
INFO:trainer_layer_forward:8.097410202026367
INFO:trainer_layer_forward:8.81052017211914
INFO:trainer_layer_forward:8.249998092651367
INFO:trainer_layer_forward:7.776498794555664
INFO:trainer_layer_forward:9.345293045043945
INFO:trainer_layer_forward:7.684469223022461
INFO:trainer_layer_forward:9.009599685668945
INFO:trainer_layer_forward:8.765935897827148
INFO:trainer_layer_forward:8.18014144897461
INFO:trainer_layer_forward:9.023666381835938
INFO:trainer_layer_forward:8.567094802856445
INFO:trainer_layer_forward:7.66444206237793
INFO:trainer_layer_forward:9.112834930419922
INFO:trainer_layer_forward:7.710933685302734
INFO:trainer_layer_forward:9.086370468139648
INFO:trainer_layer_forward:8.783817291259766
INFO:trainer_layer_forward:7.966041564941406
INFO:trainer_layer_forward:8.709192276000977
INFO:trainer_layer_forward:8.446693420410156
INFO:trainer_layer_forward:8.495807647705078
INFO:trainer_layer_forward:9.577512741088867
INFO:trainer_layer_forward:8.25190544128418
INFO:trainer_layer_forward:8.147716522216797
INFO:trainer_layer_forward:9.446859359741211
INFO:trainer_layer_forward:8.313417434692383
