INFO:trainer:FFT_CNNEx | mnist
INFO:trainer:in_size : 256 | epochs : 30 | batch : 16
INFO:trainer:kernel_l1 : 129 | kernel_l2 : 65 | kernel_l3 : 33 
INFO:trainer:o_channels_l1 : 4 | o_channels_l2 : 4 | o_channels_l3 : 4 
INFO:trainer:learn_num_train : 1000 | learn_num_validate : 200 
INFO:trainer::::::::::::::::::::::::::::::::::::::::::::::::::::::::::::
INFO:trainer:Epoch 1/30 | Train/Loss 1.503 Acc 0.697 | Val/Loss 0.600 Acc 82.281 Time 53.06 s
INFO:trainer:Epoch 2/30 | Train/Loss 0.561 Acc 0.834 | Val/Loss 0.518 Acc 84.188 Time 52.36 s
INFO:trainer:Epoch 3/30 | Train/Loss 0.489 Acc 0.854 | Val/Loss 0.560 Acc 82.906 Time 52.43 s
INFO:trainer:Epoch 4/30 | Train/Loss 0.478 Acc 0.859 | Val/Loss 0.398 Acc 87.906 Time 52.39 s
INFO:trainer:Epoch 5/30 | Train/Loss 0.437 Acc 0.871 | Val/Loss 0.378 Acc 88.844 Time 52.99 s
INFO:trainer:Epoch 6/30 | Train/Loss 0.418 Acc 0.876 | Val/Loss 0.404 Acc 87.625 Time 52.90 s
INFO:trainer:Epoch 7/30 | Train/Loss 0.398 Acc 0.881 | Val/Loss 0.428 Acc 86.906 Time 53.17 s
INFO:trainer:Epoch 8/30 | Train/Loss 0.392 Acc 0.883 | Val/Loss 0.336 Acc 89.562 Time 52.82 s
INFO:trainer:Epoch 9/30 | Train/Loss 0.392 Acc 0.884 | Val/Loss 0.386 Acc 88.562 Time 54.14 s
INFO:trainer:Epoch 10/30 | Train/Loss 0.372 Acc 0.891 | Val/Loss 0.328 Acc 90.344 Time 53.56 s
INFO:trainer:Epoch 11/30 | Train/Loss 0.358 Acc 0.894 | Val/Loss 0.322 Acc 90.531 Time 53.50 s
INFO:trainer:Epoch 12/30 | Train/Loss 0.349 Acc 0.897 | Val/Loss 0.327 Acc 90.062 Time 54.14 s
INFO:trainer:Epoch 13/30 | Train/Loss 0.332 Acc 0.900 | Val/Loss 0.311 Acc 90.688 Time 54.16 s
INFO:trainer:Epoch 14/30 | Train/Loss 0.344 Acc 0.899 | Val/Loss 0.293 Acc 91.125 Time 53.60 s
INFO:trainer:Epoch 15/30 | Train/Loss 0.320 Acc 0.902 | Val/Loss 0.294 Acc 91.406 Time 52.61 s
INFO:trainer:Epoch 16/30 | Train/Loss 0.299 Acc 0.913 | Val/Loss 0.305 Acc 91.156 Time 52.44 s
INFO:trainer:Epoch 17/30 | Train/Loss 0.307 Acc 0.910 | Val/Loss 0.259 Acc 92.219 Time 53.01 s
INFO:trainer:Epoch 18/30 | Train/Loss 0.302 Acc 0.912 | Val/Loss 0.278 Acc 91.656 Time 52.36 s
INFO:trainer:Epoch 19/30 | Train/Loss 0.286 Acc 0.912 | Val/Loss 0.243 Acc 93.094 Time 52.70 s
