INFO:trainer_layer_backward:CNNEx | mnist
INFO:trainer_layer_backward:in_size : 64 | epochs : 1 | batch : 1
INFO:trainer_layer_backward:kernel_l1 : 33 | 
INFO:trainer_layer_backward:o_channels_l1 : 20 | 
INFO:trainer_layer_backward:learn_num_train : 1000 | learn_num_validate : 0 
INFO:trainer_layer_backward::::::::::::::::::::::::::::::::::::::::::::::::::::::::::::
INFO:trainer_layer_backward:message : conv2 
INFO:trainer_layer_backward::::::::::::::::::::::::::::::::::::::::::::::::::::::::::::
INFO:trainer_layer_backward:Ave_Time : 0.996487790888006
INFO:trainer_layer_backward::::::::::::::::::::::::::::::::::::::::::::::::::::::::::::
INFO:trainer_layer_backward:0.8044242858886719
INFO:trainer_layer_backward:0.7188320159912109
INFO:trainer_layer_backward:0.9503364562988281
INFO:trainer_layer_backward:0.7088184356689453
INFO:trainer_layer_backward:0.7452964782714844
INFO:trainer_layer_backward:0.6697177886962891
INFO:trainer_layer_backward:0.7994174957275391
INFO:trainer_layer_backward:0.9756088256835938
INFO:trainer_layer_backward:0.8814334869384766
INFO:trainer_layer_backward:1.0731220245361328
INFO:trainer_layer_backward:0.9799003601074219
INFO:trainer_layer_backward:0.8051395416259766
INFO:trainer_layer_backward:1.0256767272949219
INFO:trainer_layer_backward:0.8451938629150391
INFO:trainer_layer_backward:0.858306884765625
INFO:trainer_layer_backward:0.9648799896240234
INFO:trainer_layer_backward:1.146078109741211
INFO:trainer_layer_backward:0.8230209350585938
INFO:trainer_layer_backward:0.9996891021728516
INFO:trainer_layer_backward:0.9844303131103516
INFO:trainer_layer_backward:1.0254383087158203
INFO:trainer_layer_backward:1.1103153228759766
INFO:trainer_layer_backward:1.2018680572509766
INFO:trainer_layer_backward:1.3713836669921875
INFO:trainer_layer_backward:4.817008972167969
INFO:trainer_layer_backward:1.0457038879394531
INFO:trainer_layer_backward:0.8623600006103516
INFO:trainer_layer_backward:0.8318424224853516
INFO:trainer_layer_backward:1.0731220245361328
INFO:trainer_layer_backward:0.91552734375
INFO:trainer_layer_backward:0.8261203765869141
INFO:trainer_layer_backward:0.7250308990478516
INFO:trainer_layer_backward:0.8623600006103516
INFO:trainer_layer_backward:0.8976459503173828
INFO:trainer_layer_backward:3.918886184692383
INFO:trainer_layer_backward:1.7714500427246094
INFO:trainer_layer_backward:0.8389949798583984
INFO:trainer_layer_backward:0.69427490234375
INFO:trainer_layer_backward:0.8590221405029297
INFO:trainer_layer_backward:0.7927417755126953
INFO:trainer_layer_backward:0.9145736694335938
INFO:trainer_layer_backward:1.0991096496582031
INFO:trainer_layer_backward:1.0631084442138672
INFO:trainer_layer_backward:0.9434223175048828
INFO:trainer_layer_backward:0.8456707000732422
INFO:trainer_layer_backward:0.8635520935058594
INFO:trainer_layer_backward:0.8382797241210938
INFO:trainer_layer_backward:0.9129047393798828
INFO:trainer_layer_backward:0.7679462432861328
INFO:trainer_layer_backward:0.6937980651855469
INFO:trainer_layer_backward:0.7486343383789062
INFO:trainer_layer_backward:0.7796287536621094
INFO:trainer_layer_backward:0.9131431579589844
INFO:trainer_layer_backward:0.8683204650878906
INFO:trainer_layer_backward:0.9887218475341797
INFO:trainer_layer_backward:0.9336471557617188
INFO:trainer_layer_backward:0.972747802734375
INFO:trainer_layer_backward:0.7696151733398438
INFO:trainer_layer_backward:0.6735324859619141
INFO:trainer_layer_backward:0.9853839874267578
INFO:trainer_layer_backward:0.7014274597167969
INFO:trainer_layer_backward:0.8695125579833984
INFO:trainer_layer_backward:0.6570816040039062
INFO:trainer_layer_backward:0.7436275482177734
INFO:trainer_layer_backward:0.7390975952148438
INFO:trainer_layer_backward:0.9250640869140625
INFO:trainer_layer_backward:0.8671283721923828
INFO:trainer_layer_backward:0.8699893951416016
INFO:trainer_layer_backward:1.24359130859375
INFO:trainer_layer_backward:0.8778572082519531
INFO:trainer_layer_backward:0.8959770202636719
INFO:trainer_layer_backward:0.9243488311767578
INFO:trainer_layer_backward:0.6768703460693359
INFO:trainer_layer_backward:0.8263587951660156
INFO:trainer_layer_backward:0.6148815155029297
INFO:trainer_layer_backward:0.7145404815673828
INFO:trainer_layer_backward:0.74005126953125
INFO:trainer_layer_backward:0.7653236389160156
INFO:trainer_layer_backward:0.9100437164306641
INFO:trainer_layer_backward:0.9734630584716797
INFO:trainer_layer_backward:6.0577392578125
INFO:trainer_layer_backward:2.8493404388427734
INFO:trainer_layer_backward:1.0578632354736328
INFO:trainer_layer_backward:1.081228256225586
INFO:trainer_layer_backward:1.2171268463134766
INFO:trainer_layer_backward:0.8609294891357422
INFO:trainer_layer_backward:0.7543563842773438
INFO:trainer_layer_backward:1.0802745819091797
INFO:trainer_layer_backward:0.8652210235595703
INFO:trainer_layer_backward:0.835418701171875
INFO:trainer_layer_backward:7.345676422119141
INFO:trainer_layer_backward:1.650094985961914
INFO:trainer_layer_backward:0.6496906280517578
INFO:trainer_layer_backward:0.6353855133056641
INFO:trainer_layer_backward:0.8099079132080078
INFO:trainer_layer_backward:0.7205009460449219
INFO:trainer_layer_backward:0.7939338684082031
INFO:trainer_layer_backward:0.6973743438720703
INFO:trainer_layer_backward:0.6618499755859375
INFO:trainer_layer_backward:0.9303092956542969
INFO:trainer_layer_backward:0.9911060333251953
INFO:trainer_layer_backward:0.8141994476318359
INFO:trainer_layer_backward:0.8170604705810547
INFO:trainer_layer_backward:1.1000633239746094
INFO:trainer_layer_backward:0.7255077362060547
INFO:trainer_layer_backward:1.3363361358642578
INFO:trainer_layer_backward:0.9715557098388672
INFO:trainer_layer_backward:1.1487007141113281
INFO:trainer_layer_backward:1.1682510375976562
INFO:trainer_layer_backward:0.9417533874511719
INFO:trainer_layer_backward:3.907442092895508
INFO:trainer_layer_backward:0.9486675262451172
INFO:trainer_layer_backward:0.8876323699951172
INFO:trainer_layer_backward:1.0609626770019531
INFO:trainer_layer_backward:0.9660720825195312
INFO:trainer_layer_backward:0.9195804595947266
INFO:trainer_layer_backward:0.9076595306396484
INFO:trainer_layer_backward:0.9026527404785156
INFO:trainer_layer_backward:0.9868144989013672
INFO:trainer_layer_backward:1.2009143829345703
INFO:trainer_layer_backward:1.1436939239501953
INFO:trainer_layer_backward:1.3575553894042969
INFO:trainer_layer_backward:1.2683868408203125
INFO:trainer_layer_backward:0.9770393371582031
INFO:trainer_layer_backward:0.9167194366455078
INFO:trainer_layer_backward:1.107931137084961
INFO:trainer_layer_backward:1.3544559478759766
INFO:trainer_layer_backward:1.4417171478271484
INFO:trainer_layer_backward:1.04522705078125
INFO:trainer_layer_backward:0.8139610290527344
INFO:trainer_layer_backward:0.7874965667724609
INFO:trainer_layer_backward:0.8475780487060547
INFO:trainer_layer_backward:0.7915496826171875
INFO:trainer_layer_backward:1.2738704681396484
INFO:trainer_layer_backward:2.1712779998779297
INFO:trainer_layer_backward:0.9198188781738281
INFO:trainer_layer_backward:1.1205673217773438
INFO:trainer_layer_backward:1.6674995422363281
INFO:trainer_layer_backward:1.1699199676513672
INFO:trainer_layer_backward:0.7157325744628906
INFO:trainer_layer_backward:0.7123947143554688
INFO:trainer_layer_backward:1.4100074768066406
INFO:trainer_layer_backward:0.9810924530029297
INFO:trainer_layer_backward:0.6501674652099609
INFO:trainer_layer_backward:1.1336803436279297
INFO:trainer_layer_backward:2.098560333251953
INFO:trainer_layer_backward:1.146078109741211
INFO:trainer_layer_backward:1.184225082397461
INFO:trainer_layer_backward:0.8327960968017578
INFO:trainer_layer_backward:0.7183551788330078
INFO:trainer_layer_backward:0.9107589721679688
INFO:trainer_layer_backward:0.6935596466064453
INFO:trainer_layer_backward:0.6771087646484375
INFO:trainer_layer_backward:1.0113716125488281
INFO:trainer_layer_backward:1.0619163513183594
INFO:trainer_layer_backward:0.7421970367431641
INFO:trainer_layer_backward:0.8404254913330078
INFO:trainer_layer_backward:0.9388923645019531
INFO:trainer_layer_backward:1.0066032409667969
INFO:trainer_layer_backward:1.657247543334961
INFO:trainer_layer_backward:1.4190673828125
INFO:trainer_layer_backward:0.9584426879882812
INFO:trainer_layer_backward:1.1115074157714844
INFO:trainer_layer_backward:0.8456707000732422
INFO:trainer_layer_backward:0.8895397186279297
INFO:trainer_layer_backward:0.8597373962402344
INFO:trainer_layer_backward:0.9882450103759766
INFO:trainer_layer_backward:0.9272098541259766
INFO:trainer_layer_backward:1.1250972747802734
INFO:trainer_layer_backward:0.9784698486328125
INFO:trainer_layer_backward:0.9503364562988281
INFO:trainer_layer_backward:0.6394386291503906
INFO:trainer_layer_backward:0.6351470947265625
INFO:trainer_layer_backward:0.7085800170898438
INFO:trainer_layer_backward:0.6897449493408203
INFO:trainer_layer_backward:1.2443065643310547
INFO:trainer_layer_backward:0.8399486541748047
INFO:trainer_layer_backward:0.6771087646484375
INFO:trainer_layer_backward:0.7479190826416016
INFO:trainer_layer_backward:0.7512569427490234
INFO:trainer_layer_backward:0.7245540618896484
INFO:trainer_layer_backward:0.6873607635498047
INFO:trainer_layer_backward:0.7493495941162109
INFO:trainer_layer_backward:0.9539127349853516
INFO:trainer_layer_backward:1.1949539184570312
INFO:trainer_layer_backward:1.3842582702636719
INFO:trainer_layer_backward:1.306772232055664
INFO:trainer_layer_backward:1.463174819946289
INFO:trainer_layer_backward:0.9167194366455078
INFO:trainer_layer_backward:0.9148120880126953
INFO:trainer_layer_backward:1.1250972747802734
INFO:trainer_layer_backward:0.7679462432861328
INFO:trainer_layer_backward:0.7581710815429688
INFO:trainer_layer_backward:0.9205341339111328
INFO:trainer_layer_backward:1.2483596801757812
INFO:trainer_layer_backward:1.4259815216064453
INFO:trainer_layer_backward:2.1893978118896484
INFO:trainer_layer_backward:1.9121170043945312
INFO:trainer_layer_backward:0.9949207305908203
INFO:trainer_layer_backward:0.7054805755615234
INFO:trainer_layer_backward:0.8597373962402344
INFO:trainer_layer_backward:0.6341934204101562
INFO:trainer_layer_backward:1.1785030364990234
INFO:trainer_layer_backward:1.5649795532226562
INFO:trainer_layer_backward:0.9050369262695312
INFO:trainer_layer_backward:0.8275508880615234
INFO:trainer_layer_backward:0.9548664093017578
INFO:trainer_layer_backward:0.9889602661132812
INFO:trainer_layer_backward:0.9331703186035156
INFO:trainer_layer_backward:1.2774467468261719
INFO:trainer_layer_backward:0.8776187896728516
INFO:trainer_layer_backward:0.972747802734375
INFO:trainer_layer_backward:1.0101795196533203
INFO:trainer_layer_backward:0.8513927459716797
INFO:trainer_layer_backward:0.9865760803222656
INFO:trainer_layer_backward:0.9486675262451172
INFO:trainer_layer_backward:0.8916854858398438
INFO:trainer_layer_backward:1.5797615051269531
INFO:trainer_layer_backward:1.3415813446044922
INFO:trainer_layer_backward:1.0161399841308594
INFO:trainer_layer_backward:0.6697177886962891
INFO:trainer_layer_backward:0.6253719329833984
INFO:trainer_layer_backward:0.6465911865234375
INFO:trainer_layer_backward:0.6630420684814453
INFO:trainer_layer_backward:0.7345676422119141
INFO:trainer_layer_backward:0.6308555603027344
INFO:trainer_layer_backward:0.5967617034912109
INFO:trainer_layer_backward:0.6601810455322266
INFO:trainer_layer_backward:0.5812644958496094
INFO:trainer_layer_backward:1.264810562133789
INFO:trainer_layer_backward:1.0230541229248047
INFO:trainer_layer_backward:0.8988380432128906
INFO:trainer_layer_backward:1.5616416931152344
INFO:trainer_layer_backward:1.1107921600341797
INFO:trainer_layer_backward:0.9982585906982422
INFO:trainer_layer_backward:0.7231235504150391
INFO:trainer_layer_backward:0.9593963623046875
INFO:trainer_layer_backward:0.7710456848144531
INFO:trainer_layer_backward:1.3616085052490234
INFO:trainer_layer_backward:1.0845661163330078
INFO:trainer_layer_backward:0.8499622344970703
INFO:trainer_layer_backward:0.8451938629150391
INFO:trainer_layer_backward:0.8025169372558594
INFO:trainer_layer_backward:0.9596347808837891
INFO:trainer_layer_backward:0.7693767547607422
INFO:trainer_layer_backward:0.9744167327880859
INFO:trainer_layer_backward:0.8497238159179688
INFO:trainer_layer_backward:0.8566379547119141
INFO:trainer_layer_backward:0.6902217864990234
INFO:trainer_layer_backward:1.2488365173339844
INFO:trainer_layer_backward:1.6601085662841797
INFO:trainer_layer_backward:1.1315345764160156
INFO:trainer_layer_backward:0.8935928344726562
INFO:trainer_layer_backward:0.762939453125
INFO:trainer_layer_backward:0.9369850158691406
INFO:trainer_layer_backward:0.9241104125976562
INFO:trainer_layer_backward:0.8985996246337891
INFO:trainer_layer_backward:0.7724761962890625
INFO:trainer_layer_backward:1.1074542999267578
INFO:trainer_layer_backward:1.3000965118408203
INFO:trainer_layer_backward:1.02996826171875
INFO:trainer_layer_backward:1.1677742004394531
INFO:trainer_layer_backward:1.1200904846191406
INFO:trainer_layer_backward:1.0166168212890625
INFO:trainer_layer_backward:0.9365081787109375
INFO:trainer_layer_backward:0.9520053863525391
INFO:trainer_layer_backward:0.9257793426513672
INFO:trainer_layer_backward:1.0666847229003906
INFO:trainer_layer_backward:0.9024143218994141
INFO:trainer_layer_backward:1.0480880737304688
INFO:trainer_layer_backward:1.2624263763427734
INFO:trainer_layer_backward:0.91552734375
INFO:trainer_layer_backward:0.7147789001464844
INFO:trainer_layer_backward:0.823974609375
INFO:trainer_layer_backward:0.98419189453125
INFO:trainer_layer_backward:0.9672641754150391
INFO:trainer_layer_backward:0.9455680847167969
INFO:trainer_layer_backward:1.0666847229003906
INFO:trainer_layer_backward:1.1267662048339844
INFO:trainer_layer_backward:1.0519027709960938
INFO:trainer_layer_backward:1.3823509216308594
INFO:trainer_layer_backward:1.0771751403808594
INFO:trainer_layer_backward:0.9305477142333984
INFO:trainer_layer_backward:0.6852149963378906
INFO:trainer_layer_backward:0.7724761962890625
INFO:trainer_layer_backward:0.8766651153564453
INFO:trainer_layer_backward:0.8800029754638672
INFO:trainer_layer_backward:1.3391971588134766
INFO:trainer_layer_backward:1.104116439819336
INFO:trainer_layer_backward:0.9462833404541016
INFO:trainer_layer_backward:0.7383823394775391
INFO:trainer_layer_backward:0.7913112640380859
INFO:trainer_layer_backward:0.7598400115966797
INFO:trainer_layer_backward:0.7734298706054688
INFO:trainer_layer_backward:1.1589527130126953
INFO:trainer_layer_backward:0.8821487426757812
INFO:trainer_layer_backward:0.8139610290527344
INFO:trainer_layer_backward:0.7810592651367188
INFO:trainer_layer_backward:1.0542869567871094
INFO:trainer_layer_backward:0.9987354278564453
INFO:trainer_layer_backward:0.8563995361328125
INFO:trainer_layer_backward:0.9820461273193359
INFO:trainer_layer_backward:0.7910728454589844
INFO:trainer_layer_backward:0.6387233734130859
INFO:trainer_layer_backward:0.6096363067626953
INFO:trainer_layer_backward:0.8182525634765625
INFO:trainer_layer_backward:0.6811618804931641
INFO:trainer_layer_backward:0.8962154388427734
INFO:trainer_layer_backward:1.0063648223876953
INFO:trainer_layer_backward:0.9927749633789062
INFO:trainer_layer_backward:1.2047290802001953
INFO:trainer_layer_backward:1.077890396118164
INFO:trainer_layer_backward:0.8664131164550781
INFO:trainer_layer_backward:1.216888427734375
INFO:trainer_layer_backward:0.9648799896240234
INFO:trainer_layer_backward:0.8232593536376953
INFO:trainer_layer_backward:0.7603168487548828
INFO:trainer_layer_backward:1.8010139465332031
INFO:trainer_layer_backward:1.1556148529052734
INFO:trainer_layer_backward:1.079559326171875
INFO:trainer_layer_backward:1.232147216796875
INFO:trainer_layer_backward:0.7786750793457031
INFO:trainer_layer_backward:1.0285377502441406
INFO:trainer_layer_backward:1.1200904846191406
INFO:trainer_layer_backward:1.0633468627929688
INFO:trainer_layer_backward:1.6252994537353516
INFO:trainer_layer_backward:1.0645389556884766
INFO:trainer_layer_backward:4.5299530029296875
INFO:trainer_layer_backward:0.7762908935546875
INFO:trainer_layer_backward:1.0776519775390625
INFO:trainer_layer_backward:0.8921623229980469
INFO:trainer_layer_backward:0.8747577667236328
INFO:trainer_layer_backward:3.530740737915039
INFO:trainer_layer_backward:1.2519359588623047
INFO:trainer_layer_backward:0.9160041809082031
INFO:trainer_layer_backward:0.8907318115234375
INFO:trainer_layer_backward:1.0898113250732422
INFO:trainer_layer_backward:1.117706298828125
INFO:trainer_layer_backward:1.165151596069336
INFO:trainer_layer_backward:1.047372817993164
INFO:trainer_layer_backward:1.0466575622558594
INFO:trainer_layer_backward:1.06048583984375
INFO:trainer_layer_backward:0.7195472717285156
INFO:trainer_layer_backward:0.6320476531982422
INFO:trainer_layer_backward:0.6880760192871094
INFO:trainer_layer_backward:0.705718994140625
INFO:trainer_layer_backward:0.7948875427246094
INFO:trainer_layer_backward:0.9789466857910156
INFO:trainer_layer_backward:0.8950233459472656
INFO:trainer_layer_backward:1.0266304016113281
INFO:trainer_layer_backward:1.0044574737548828
INFO:trainer_layer_backward:0.7460117340087891
INFO:trainer_layer_backward:0.5350112915039062
INFO:trainer_layer_backward:0.58746337890625
INFO:trainer_layer_backward:0.5393028259277344
INFO:trainer_layer_backward:0.5807876586914062
INFO:trainer_layer_backward:0.5400180816650391
INFO:trainer_layer_backward:0.92315673828125
INFO:trainer_layer_backward:0.6799697875976562
INFO:trainer_layer_backward:1.1184215545654297
INFO:trainer_layer_backward:1.434326171875
INFO:trainer_layer_backward:0.7350444793701172
INFO:trainer_layer_backward:0.7560253143310547
INFO:trainer_layer_backward:0.8373260498046875
INFO:trainer_layer_backward:0.8516311645507812
INFO:trainer_layer_backward:0.9937286376953125
INFO:trainer_layer_backward:1.1141300201416016
INFO:trainer_layer_backward:1.0738372802734375
INFO:trainer_layer_backward:1.0666847229003906
INFO:trainer_layer_backward:0.9531974792480469
INFO:trainer_layer_backward:0.9641647338867188
INFO:trainer_layer_backward:0.9136199951171875
INFO:trainer_layer_backward:1.1920928955078125
INFO:trainer_layer_backward:0.8141994476318359
INFO:trainer_layer_backward:0.8492469787597656
INFO:trainer_layer_backward:1.0116100311279297
INFO:trainer_layer_backward:1.1632442474365234
INFO:trainer_layer_backward:1.0771751403808594
INFO:trainer_layer_backward:1.3539791107177734
INFO:trainer_layer_backward:0.8523464202880859
INFO:trainer_layer_backward:0.8411407470703125
INFO:trainer_layer_backward:0.9808540344238281
INFO:trainer_layer_backward:1.0762214660644531
INFO:trainer_layer_backward:1.1434555053710938
INFO:trainer_layer_backward:0.8363723754882812
INFO:trainer_layer_backward:0.9210109710693359
INFO:trainer_layer_backward:0.7386207580566406
INFO:trainer_layer_backward:0.7486343383789062
INFO:trainer_layer_backward:0.86212158203125
INFO:trainer_layer_backward:0.8497238159179688
INFO:trainer_layer_backward:0.7464885711669922
INFO:trainer_layer_backward:0.7252693176269531
INFO:trainer_layer_backward:0.6837844848632812
INFO:trainer_layer_backward:0.6682872772216797
INFO:trainer_layer_backward:0.7269382476806641
INFO:trainer_layer_backward:0.9012222290039062
INFO:trainer_layer_backward:0.9338855743408203
INFO:trainer_layer_backward:0.8757114410400391
INFO:trainer_layer_backward:0.7240772247314453
INFO:trainer_layer_backward:0.8788108825683594
INFO:trainer_layer_backward:0.7829666137695312
INFO:trainer_layer_backward:0.8816719055175781
INFO:trainer_layer_backward:0.8602142333984375
INFO:trainer_layer_backward:0.8275508880615234
INFO:trainer_layer_backward:1.0216236114501953
INFO:trainer_layer_backward:0.8955001831054688
INFO:trainer_layer_backward:0.8442401885986328
INFO:trainer_layer_backward:0.8771419525146484
INFO:trainer_layer_backward:0.7603168487548828
INFO:trainer_layer_backward:0.7803440093994141
INFO:trainer_layer_backward:0.9386539459228516
INFO:trainer_layer_backward:0.7433891296386719
INFO:trainer_layer_backward:0.7753372192382812
INFO:trainer_layer_backward:1.2621879577636719
INFO:trainer_layer_backward:1.1739730834960938
INFO:trainer_layer_backward:1.1470317840576172
INFO:trainer_layer_backward:1.123189926147461
INFO:trainer_layer_backward:1.087188720703125
INFO:trainer_layer_backward:1.0504722595214844
INFO:trainer_layer_backward:1.287221908569336
INFO:trainer_layer_backward:0.9186267852783203
INFO:trainer_layer_backward:1.1167526245117188
INFO:trainer_layer_backward:1.0211467742919922
INFO:trainer_layer_backward:1.0962486267089844
INFO:trainer_layer_backward:0.8833408355712891
INFO:trainer_layer_backward:1.1022090911865234
INFO:trainer_layer_backward:0.7886886596679688
INFO:trainer_layer_backward:0.7622241973876953
INFO:trainer_layer_backward:0.7596015930175781
INFO:trainer_layer_backward:0.8909702301025391
INFO:trainer_layer_backward:0.9655952453613281
INFO:trainer_layer_backward:0.8287429809570312
INFO:trainer_layer_backward:0.7920265197753906
INFO:trainer_layer_backward:0.7543563842773438
INFO:trainer_layer_backward:0.7953643798828125
INFO:trainer_layer_backward:0.8516311645507812
INFO:trainer_layer_backward:0.7805824279785156
INFO:trainer_layer_backward:0.7715225219726562
INFO:trainer_layer_backward:0.8018016815185547
INFO:trainer_layer_backward:0.8051395416259766
INFO:trainer_layer_backward:0.7460117340087891
INFO:trainer_layer_backward:0.7042884826660156
INFO:trainer_layer_backward:0.7948875427246094
INFO:trainer_layer_backward:0.919342041015625
INFO:trainer_layer_backward:0.743865966796875
INFO:trainer_layer_backward:0.8904933929443359
INFO:trainer_layer_backward:0.7822513580322266
INFO:trainer_layer_backward:0.9167194366455078
INFO:trainer_layer_backward:0.8945465087890625
INFO:trainer_layer_backward:0.7483959197998047
INFO:trainer_layer_backward:0.7193088531494141
INFO:trainer_layer_backward:0.8165836334228516
INFO:trainer_layer_backward:0.823974609375
INFO:trainer_layer_backward:0.7793903350830078
INFO:trainer_layer_backward:0.8206367492675781
INFO:trainer_layer_backward:0.7464885711669922
INFO:trainer_layer_backward:0.8397102355957031
INFO:trainer_layer_backward:0.8139610290527344
INFO:trainer_layer_backward:1.0058879852294922
INFO:trainer_layer_backward:0.8559226989746094
INFO:trainer_layer_backward:0.8327960968017578
INFO:trainer_layer_backward:0.7336139678955078
INFO:trainer_layer_backward:0.8594989776611328
INFO:trainer_layer_backward:0.8344650268554688
INFO:trainer_layer_backward:1.150369644165039
INFO:trainer_layer_backward:1.0609626770019531
INFO:trainer_layer_backward:1.0383129119873047
INFO:trainer_layer_backward:1.0352134704589844
INFO:trainer_layer_backward:0.8111000061035156
INFO:trainer_layer_backward:0.8542537689208984
INFO:trainer_layer_backward:0.9424686431884766
INFO:trainer_layer_backward:0.8559226989746094
INFO:trainer_layer_backward:0.8258819580078125
INFO:trainer_layer_backward:0.8792877197265625
INFO:trainer_layer_backward:0.7014274597167969
INFO:trainer_layer_backward:0.7343292236328125
INFO:trainer_layer_backward:0.6618499755859375
INFO:trainer_layer_backward:0.8466243743896484
INFO:trainer_layer_backward:1.033782958984375
INFO:trainer_layer_backward:1.2373924255371094
INFO:trainer_layer_backward:1.020669937133789
INFO:trainer_layer_backward:0.7848739624023438
INFO:trainer_layer_backward:0.8361339569091797
INFO:trainer_layer_backward:0.8718967437744141
INFO:trainer_layer_backward:0.5984306335449219
INFO:trainer_layer_backward:0.6463527679443359
INFO:trainer_layer_backward:0.9367465972900391
INFO:trainer_layer_backward:1.0068416595458984
INFO:trainer_layer_backward:1.051187515258789
INFO:trainer_layer_backward:0.7913112640380859
INFO:trainer_layer_backward:0.7474422454833984
INFO:trainer_layer_backward:0.7288455963134766
INFO:trainer_layer_backward:1.373291015625
INFO:trainer_layer_backward:0.8401870727539062
INFO:trainer_layer_backward:0.9202957153320312
INFO:trainer_layer_backward:1.1353492736816406
INFO:trainer_layer_backward:0.9307861328125
INFO:trainer_layer_backward:0.7917881011962891
INFO:trainer_layer_backward:0.9746551513671875
INFO:trainer_layer_backward:0.9341239929199219
INFO:trainer_layer_backward:1.007080078125
INFO:trainer_layer_backward:0.762939453125
INFO:trainer_layer_backward:1.0190010070800781
INFO:trainer_layer_backward:0.8800029754638672
INFO:trainer_layer_backward:1.1706352233886719
INFO:trainer_layer_backward:2.259969711303711
INFO:trainer_layer_backward:1.0972023010253906
INFO:trainer_layer_backward:1.4903545379638672
INFO:trainer_layer_backward:1.6911029815673828
INFO:trainer_layer_backward:0.972747802734375
INFO:trainer_layer_backward:0.8530616760253906
INFO:trainer_layer_backward:0.9593963623046875
INFO:trainer_layer_backward:0.9846687316894531
INFO:trainer_layer_backward:1.3632774353027344
INFO:trainer_layer_backward:1.2295246124267578
INFO:trainer_layer_backward:1.6930103302001953
INFO:trainer_layer_backward:1.312255859375
INFO:trainer_layer_backward:1.3165473937988281
INFO:trainer_layer_backward:0.9634494781494141
INFO:trainer_layer_backward:0.7936954498291016
INFO:trainer_layer_backward:0.8549690246582031
INFO:trainer_layer_backward:0.87738037109375
INFO:trainer_layer_backward:0.8800029754638672
INFO:trainer_layer_backward:0.7991790771484375
INFO:trainer_layer_backward:0.7829666137695312
INFO:trainer_layer_backward:0.7543563842773438
INFO:trainer_layer_backward:0.7510185241699219
INFO:trainer_layer_backward:1.0569095611572266
INFO:trainer_layer_backward:1.3263225555419922
INFO:trainer_layer_backward:1.0368824005126953
INFO:trainer_layer_backward:1.1820793151855469
INFO:trainer_layer_backward:1.1696815490722656
INFO:trainer_layer_backward:1.0542869567871094
INFO:trainer_layer_backward:1.0876655578613281
INFO:trainer_layer_backward:1.155853271484375
INFO:trainer_layer_backward:1.1229515075683594
INFO:trainer_layer_backward:0.9548664093017578
INFO:trainer_layer_backward:0.8394718170166016
INFO:trainer_layer_backward:0.9517669677734375
INFO:trainer_layer_backward:1.0461807250976562
INFO:trainer_layer_backward:1.005411148071289
INFO:trainer_layer_backward:0.9424686431884766
INFO:trainer_layer_backward:0.9145736694335938
INFO:trainer_layer_backward:0.9603500366210938
INFO:trainer_layer_backward:1.0018348693847656
INFO:trainer_layer_backward:0.9987354278564453
INFO:trainer_layer_backward:0.9655952453613281
INFO:trainer_layer_backward:0.8919239044189453
INFO:trainer_layer_backward:1.3349056243896484
INFO:trainer_layer_backward:1.0859966278076172
INFO:trainer_layer_backward:1.1632442474365234
INFO:trainer_layer_backward:0.8909702301025391
INFO:trainer_layer_backward:1.2094974517822266
INFO:trainer_layer_backward:1.0721683502197266
INFO:trainer_layer_backward:0.9665489196777344
INFO:trainer_layer_backward:1.2426376342773438
INFO:trainer_layer_backward:1.1754035949707031
INFO:trainer_layer_backward:1.3194084167480469
INFO:trainer_layer_backward:1.1944770812988281
INFO:trainer_layer_backward:0.8192062377929688
INFO:trainer_layer_backward:0.74005126953125
INFO:trainer_layer_backward:0.7369518280029297
INFO:trainer_layer_backward:0.9009838104248047
INFO:trainer_layer_backward:0.8685588836669922
INFO:trainer_layer_backward:1.1303424835205078
INFO:trainer_layer_backward:1.018524169921875
INFO:trainer_layer_backward:0.7176399230957031
INFO:trainer_layer_backward:1.0004043579101562
INFO:trainer_layer_backward:1.1250972747802734
INFO:trainer_layer_backward:1.0695457458496094
INFO:trainer_layer_backward:1.1293888092041016
INFO:trainer_layer_backward:0.9014606475830078
INFO:trainer_layer_backward:1.2574195861816406
INFO:trainer_layer_backward:1.0576248168945312
INFO:trainer_layer_backward:2.765655517578125
INFO:trainer_layer_backward:1.1370182037353516
INFO:trainer_layer_backward:1.195669174194336
INFO:trainer_layer_backward:0.9245872497558594
INFO:trainer_layer_backward:0.9315013885498047
INFO:trainer_layer_backward:1.1646747589111328
INFO:trainer_layer_backward:1.3875961303710938
INFO:trainer_layer_backward:0.8063316345214844
INFO:trainer_layer_backward:0.6420612335205078
INFO:trainer_layer_backward:0.6473064422607422
INFO:trainer_layer_backward:0.6389617919921875
INFO:trainer_layer_backward:1.073598861694336
INFO:trainer_layer_backward:1.135110855102539
INFO:trainer_layer_backward:0.8149147033691406
INFO:trainer_layer_backward:0.9062290191650391
INFO:trainer_layer_backward:0.9126663208007812
INFO:trainer_layer_backward:0.8578300476074219
INFO:trainer_layer_backward:0.9958744049072266
INFO:trainer_layer_backward:1.0161399841308594
INFO:trainer_layer_backward:0.8776187896728516
INFO:trainer_layer_backward:0.8733272552490234
INFO:trainer_layer_backward:0.8106231689453125
INFO:trainer_layer_backward:0.8361339569091797
INFO:trainer_layer_backward:0.934600830078125
INFO:trainer_layer_backward:1.2254714965820312
INFO:trainer_layer_backward:0.9016990661621094
INFO:trainer_layer_backward:1.226186752319336
INFO:trainer_layer_backward:0.8113384246826172
INFO:trainer_layer_backward:1.0066032409667969
INFO:trainer_layer_backward:0.9875297546386719
INFO:trainer_layer_backward:0.8935928344726562
INFO:trainer_layer_backward:0.9114742279052734
INFO:trainer_layer_backward:1.0502338409423828
INFO:trainer_layer_backward:0.9937286376953125
INFO:trainer_layer_backward:0.8788108825683594
INFO:trainer_layer_backward:1.2087821960449219
INFO:trainer_layer_backward:1.6891956329345703
INFO:trainer_layer_backward:1.119375228881836
INFO:trainer_layer_backward:0.9136199951171875
INFO:trainer_layer_backward:0.9012222290039062
INFO:trainer_layer_backward:0.7786750793457031
INFO:trainer_layer_backward:1.0144710540771484
INFO:trainer_layer_backward:1.5749931335449219
INFO:trainer_layer_backward:1.049041748046875
INFO:trainer_layer_backward:0.8933544158935547
INFO:trainer_layer_backward:0.7612705230712891
INFO:trainer_layer_backward:0.9045600891113281
INFO:trainer_layer_backward:1.0178089141845703
INFO:trainer_layer_backward:0.7441043853759766
INFO:trainer_layer_backward:0.7944107055664062
INFO:trainer_layer_backward:0.7598400115966797
INFO:trainer_layer_backward:0.9119510650634766
INFO:trainer_layer_backward:0.8149147033691406
INFO:trainer_layer_backward:1.1196136474609375
INFO:trainer_layer_backward:1.6314983367919922
INFO:trainer_layer_backward:1.264810562133789
INFO:trainer_layer_backward:1.1539459228515625
INFO:trainer_layer_backward:1.1782646179199219
INFO:trainer_layer_backward:1.0330677032470703
INFO:trainer_layer_backward:1.1053085327148438
INFO:trainer_layer_backward:0.9250640869140625
INFO:trainer_layer_backward:0.9014606475830078
INFO:trainer_layer_backward:1.0383129119873047
INFO:trainer_layer_backward:1.125335693359375
INFO:trainer_layer_backward:0.8902549743652344
INFO:trainer_layer_backward:1.2221336364746094
INFO:trainer_layer_backward:1.0919570922851562
INFO:trainer_layer_backward:0.8904933929443359
INFO:trainer_layer_backward:0.8525848388671875
INFO:trainer_layer_backward:1.02996826171875
INFO:trainer_layer_backward:1.0039806365966797
INFO:trainer_layer_backward:0.9615421295166016
INFO:trainer_layer_backward:0.7574558258056641
INFO:trainer_layer_backward:1.051187515258789
INFO:trainer_layer_backward:1.094818115234375
INFO:trainer_layer_backward:0.9655952453613281
INFO:trainer_layer_backward:1.0464191436767578
INFO:trainer_layer_backward:0.9160041809082031
INFO:trainer_layer_backward:0.9350776672363281
INFO:trainer_layer_backward:0.8270740509033203
INFO:trainer_layer_backward:0.9279251098632812
INFO:trainer_layer_backward:0.7276535034179688
INFO:trainer_layer_backward:0.8978843688964844
INFO:trainer_layer_backward:0.7150173187255859
INFO:trainer_layer_backward:1.0266304016113281
INFO:trainer_layer_backward:0.9737014770507812
INFO:trainer_layer_backward:1.251220703125
INFO:trainer_layer_backward:1.0323524475097656
INFO:trainer_layer_backward:0.8544921875
INFO:trainer_layer_backward:0.8399486541748047
INFO:trainer_layer_backward:1.1763572692871094
INFO:trainer_layer_backward:1.0647773742675781
INFO:trainer_layer_backward:0.9143352508544922
INFO:trainer_layer_backward:0.8842945098876953
INFO:trainer_layer_backward:1.0325908660888672
INFO:trainer_layer_backward:0.9360313415527344
INFO:trainer_layer_backward:0.96893310546875
INFO:trainer_layer_backward:0.7929801940917969
INFO:trainer_layer_backward:0.9279251098632812
INFO:trainer_layer_backward:0.8656978607177734
INFO:trainer_layer_backward:1.1115074157714844
INFO:trainer_layer_backward:1.3360977172851562
INFO:trainer_layer_backward:0.9448528289794922
INFO:trainer_layer_backward:0.8640289306640625
INFO:trainer_layer_backward:1.819610595703125
INFO:trainer_layer_backward:3.2911300659179688
INFO:trainer_layer_backward:0.690460205078125
INFO:trainer_layer_backward:2.7687549591064453
INFO:trainer_layer_backward:0.8945465087890625
INFO:trainer_layer_backward:0.9930133819580078
INFO:trainer_layer_backward:0.9748935699462891
INFO:trainer_layer_backward:1.2989044189453125
INFO:trainer_layer_backward:1.155853271484375
INFO:trainer_layer_backward:3.371715545654297
INFO:trainer_layer_backward:0.6990432739257812
INFO:trainer_layer_backward:0.5474090576171875
INFO:trainer_layer_backward:0.6072521209716797
INFO:trainer_layer_backward:0.5044937133789062
INFO:trainer_layer_backward:0.6341934204101562
INFO:trainer_layer_backward:0.6020069122314453
INFO:trainer_layer_backward:0.6780624389648438
INFO:trainer_layer_backward:0.7617473602294922
INFO:trainer_layer_backward:0.8938312530517578
INFO:trainer_layer_backward:0.7936954498291016
INFO:trainer_layer_backward:0.6191730499267578
INFO:trainer_layer_backward:0.9257793426513672
INFO:trainer_layer_backward:0.8120536804199219
INFO:trainer_layer_backward:0.9996891021728516
INFO:trainer_layer_backward:1.3663768768310547
INFO:trainer_layer_backward:0.9746551513671875
INFO:trainer_layer_backward:1.2712478637695312
INFO:trainer_layer_backward:1.0154247283935547
INFO:trainer_layer_backward:0.972747802734375
INFO:trainer_layer_backward:0.6837844848632812
INFO:trainer_layer_backward:1.241922378540039
INFO:trainer_layer_backward:0.8018016815185547
INFO:trainer_layer_backward:0.8513927459716797
INFO:trainer_layer_backward:0.9815692901611328
INFO:trainer_layer_backward:0.7698535919189453
INFO:trainer_layer_backward:1.312255859375
INFO:trainer_layer_backward:1.1544227600097656
INFO:trainer_layer_backward:0.9324550628662109
INFO:trainer_layer_backward:0.7429122924804688
INFO:trainer_layer_backward:1.2476444244384766
INFO:trainer_layer_backward:0.8955001831054688
INFO:trainer_layer_backward:0.8540153503417969
INFO:trainer_layer_backward:1.0883808135986328
INFO:trainer_layer_backward:0.8928775787353516
INFO:trainer_layer_backward:1.043558120727539
INFO:trainer_layer_backward:0.9226799011230469
INFO:trainer_layer_backward:0.9992122650146484
INFO:trainer_layer_backward:0.8537769317626953
INFO:trainer_layer_backward:0.6718635559082031
INFO:trainer_layer_backward:0.7121562957763672
INFO:trainer_layer_backward:0.7610321044921875
INFO:trainer_layer_backward:0.8988380432128906
INFO:trainer_layer_backward:0.9074211120605469
INFO:trainer_layer_backward:1.0323524475097656
INFO:trainer_layer_backward:0.8876323699951172
INFO:trainer_layer_backward:1.07574462890625
INFO:trainer_layer_backward:1.2316703796386719
INFO:trainer_layer_backward:1.031637191772461
INFO:trainer_layer_backward:1.1289119720458984
INFO:trainer_layer_backward:1.043558120727539
INFO:trainer_layer_backward:0.8330345153808594
INFO:trainer_layer_backward:1.1065006256103516
INFO:trainer_layer_backward:0.8108615875244141
INFO:trainer_layer_backward:0.8034706115722656
INFO:trainer_layer_backward:0.9021759033203125
INFO:trainer_layer_backward:0.8950233459472656
INFO:trainer_layer_backward:1.1744499206542969
INFO:trainer_layer_backward:1.2500286102294922
INFO:trainer_layer_backward:1.3616085052490234
INFO:trainer_layer_backward:1.0690689086914062
INFO:trainer_layer_backward:0.8757114410400391
INFO:trainer_layer_backward:0.9858608245849609
INFO:trainer_layer_backward:1.0120868682861328
INFO:trainer_layer_backward:1.1091232299804688
INFO:trainer_layer_backward:0.7424354553222656
INFO:trainer_layer_backward:0.6690025329589844
INFO:trainer_layer_backward:0.7612705230712891
INFO:trainer_layer_backward:1.1224746704101562
INFO:trainer_layer_backward:0.8192062377929688
INFO:trainer_layer_backward:1.3158321380615234
INFO:trainer_layer_backward:0.9560585021972656
INFO:trainer_layer_backward:0.6756782531738281
INFO:trainer_layer_backward:0.8296966552734375
INFO:trainer_layer_backward:0.8921623229980469
INFO:trainer_layer_backward:0.9329319000244141
INFO:trainer_layer_backward:0.8480548858642578
INFO:trainer_layer_backward:1.4286041259765625
INFO:trainer_layer_backward:1.2917518615722656
INFO:trainer_layer_backward:1.2373924255371094
INFO:trainer_layer_backward:1.056671142578125
INFO:trainer_layer_backward:1.2667179107666016
INFO:trainer_layer_backward:1.2938976287841797
INFO:trainer_layer_backward:1.5301704406738281
INFO:trainer_layer_backward:0.812530517578125
INFO:trainer_layer_backward:1.0161399841308594
INFO:trainer_layer_backward:1.3701915740966797
INFO:trainer_layer_backward:1.056671142578125
INFO:trainer_layer_backward:6.254434585571289
INFO:trainer_layer_backward:1.2607574462890625
INFO:trainer_layer_backward:2.3152828216552734
INFO:trainer_layer_backward:0.7071495056152344
INFO:trainer_layer_backward:0.9634494781494141
INFO:trainer_layer_backward:0.7646083831787109
INFO:trainer_layer_backward:0.8249282836914062
INFO:trainer_layer_backward:0.9562969207763672
INFO:trainer_layer_backward:1.253366470336914
INFO:trainer_layer_backward:0.8370876312255859
INFO:trainer_layer_backward:0.7843971252441406
INFO:trainer_layer_backward:1.28173828125
INFO:trainer_layer_backward:1.0325908660888672
INFO:trainer_layer_backward:1.0638236999511719
INFO:trainer_layer_backward:0.6768703460693359
INFO:trainer_layer_backward:0.7982254028320312
INFO:trainer_layer_backward:0.6129741668701172
INFO:trainer_layer_backward:0.5922317504882812
INFO:trainer_layer_backward:0.6282329559326172
INFO:trainer_layer_backward:0.6992816925048828
INFO:trainer_layer_backward:1.4035701751708984
INFO:trainer_layer_backward:1.199483871459961
INFO:trainer_layer_backward:1.0690689086914062
INFO:trainer_layer_backward:1.2989044189453125
INFO:trainer_layer_backward:0.66375732421875
INFO:trainer_layer_backward:0.7266998291015625
INFO:trainer_layer_backward:0.6742477416992188
INFO:trainer_layer_backward:0.5469322204589844
INFO:trainer_layer_backward:0.6244182586669922
INFO:trainer_layer_backward:0.5896091461181641
INFO:trainer_layer_backward:0.6313323974609375
INFO:trainer_layer_backward:0.667572021484375
INFO:trainer_layer_backward:0.6067752838134766
INFO:trainer_layer_backward:0.6220340728759766
INFO:trainer_layer_backward:0.7429122924804688
INFO:trainer_layer_backward:2.5932788848876953
INFO:trainer_layer_backward:0.7917881011962891
INFO:trainer_layer_backward:0.9617805480957031
INFO:trainer_layer_backward:0.9894371032714844
INFO:trainer_layer_backward:0.9071826934814453
INFO:trainer_layer_backward:0.9603500366210938
INFO:trainer_layer_backward:1.092672348022461
INFO:trainer_layer_backward:0.8788108825683594
INFO:trainer_layer_backward:0.8771419525146484
INFO:trainer_layer_backward:0.8599758148193359
INFO:trainer_layer_backward:1.3053417205810547
INFO:trainer_layer_backward:1.081705093383789
INFO:trainer_layer_backward:0.9026527404785156
INFO:trainer_layer_backward:0.8249282836914062
INFO:trainer_layer_backward:0.8590221405029297
INFO:trainer_layer_backward:0.7603168487548828
INFO:trainer_layer_backward:1.0263919830322266
INFO:trainer_layer_backward:0.74005126953125
INFO:trainer_layer_backward:0.8234977722167969
INFO:trainer_layer_backward:0.7874965667724609
INFO:trainer_layer_backward:0.9374618530273438
INFO:trainer_layer_backward:0.9565353393554688
INFO:trainer_layer_backward:1.1265277862548828
INFO:trainer_layer_backward:0.7798671722412109
INFO:trainer_layer_backward:0.7300376892089844
INFO:trainer_layer_backward:0.5998611450195312
INFO:trainer_layer_backward:1.026153564453125
INFO:trainer_layer_backward:0.8292198181152344
INFO:trainer_layer_backward:0.9813308715820312
INFO:trainer_layer_backward:0.9679794311523438
INFO:trainer_layer_backward:1.1839866638183594
INFO:trainer_layer_backward:0.9698867797851562
INFO:trainer_layer_backward:1.4312267303466797
INFO:trainer_layer_backward:1.107931137084961
INFO:trainer_layer_backward:1.6269683837890625
INFO:trainer_layer_backward:1.2826919555664062
INFO:trainer_layer_backward:1.1339187622070312
INFO:trainer_layer_backward:0.7894039154052734
INFO:trainer_layer_backward:0.8778572082519531
INFO:trainer_layer_backward:0.8492469787597656
INFO:trainer_layer_backward:1.1265277862548828
INFO:trainer_layer_backward:0.8492469787597656
INFO:trainer_layer_backward:0.9021759033203125
INFO:trainer_layer_backward:0.9059906005859375
INFO:trainer_layer_backward:0.7257461547851562
INFO:trainer_layer_backward:0.7998943328857422
INFO:trainer_layer_backward:0.8533000946044922
INFO:trainer_layer_backward:1.3396739959716797
INFO:trainer_layer_backward:1.1856555938720703
INFO:trainer_layer_backward:0.8792877197265625
INFO:trainer_layer_backward:1.092672348022461
INFO:trainer_layer_backward:1.1668205261230469
INFO:trainer_layer_backward:0.9322166442871094
INFO:trainer_layer_backward:1.0313987731933594
INFO:trainer_layer_backward:0.8332729339599609
INFO:trainer_layer_backward:1.168966293334961
INFO:trainer_layer_backward:0.7405281066894531
INFO:trainer_layer_backward:1.4922618865966797
INFO:trainer_layer_backward:2.2313594818115234
INFO:trainer_layer_backward:0.8976459503173828
INFO:trainer_layer_backward:0.9737014770507812
INFO:trainer_layer_backward:0.6890296936035156
INFO:trainer_layer_backward:0.7417201995849609
INFO:trainer_layer_backward:1.2819766998291016
INFO:trainer_layer_backward:1.7809867858886719
INFO:trainer_layer_backward:1.3475418090820312
INFO:trainer_layer_backward:1.3580322265625
INFO:trainer_layer_backward:1.0285377502441406
INFO:trainer_layer_backward:1.1861324310302734
INFO:trainer_layer_backward:0.7808208465576172
INFO:trainer_layer_backward:0.7944107055664062
INFO:trainer_layer_backward:1.7402172088623047
INFO:trainer_layer_backward:0.8482933044433594
INFO:trainer_layer_backward:1.1892318725585938
INFO:trainer_layer_backward:1.043081283569336
INFO:trainer_layer_backward:1.3463497161865234
INFO:trainer_layer_backward:0.6763935089111328
INFO:trainer_layer_backward:0.8122920989990234
INFO:trainer_layer_backward:0.9386539459228516
INFO:trainer_layer_backward:0.7412433624267578
INFO:trainer_layer_backward:0.8816719055175781
INFO:trainer_layer_backward:0.6895065307617188
INFO:trainer_layer_backward:0.7054805755615234
INFO:trainer_layer_backward:1.0950565338134766
INFO:trainer_layer_backward:1.0242462158203125
INFO:trainer_layer_backward:0.9860992431640625
INFO:trainer_layer_backward:0.8556842803955078
INFO:trainer_layer_backward:0.78582763671875
INFO:trainer_layer_backward:0.8740425109863281
INFO:trainer_layer_backward:0.8957386016845703
INFO:trainer_layer_backward:0.5681514739990234
INFO:trainer_layer_backward:0.6220340728759766
INFO:trainer_layer_backward:0.5736351013183594
INFO:trainer_layer_backward:0.5826950073242188
INFO:trainer_layer_backward:0.6914138793945312
INFO:trainer_layer_backward:0.7014274597167969
INFO:trainer_layer_backward:0.6601810455322266
INFO:trainer_layer_backward:0.9386539459228516
INFO:trainer_layer_backward:0.8106231689453125
INFO:trainer_layer_backward:0.9560585021972656
INFO:trainer_layer_backward:0.7469654083251953
INFO:trainer_layer_backward:0.9751319885253906
INFO:trainer_layer_backward:0.7719993591308594
INFO:trainer_layer_backward:0.9868144989013672
INFO:trainer_layer_backward:0.8952617645263672
INFO:trainer_layer_backward:0.6477832794189453
INFO:trainer_layer_backward:0.6611347198486328
INFO:trainer_layer_backward:0.7288455963134766
INFO:trainer_layer_backward:0.7374286651611328
INFO:trainer_layer_backward:0.7982254028320312
INFO:trainer_layer_backward:0.8749961853027344
INFO:trainer_layer_backward:1.13677978515625
INFO:trainer_layer_backward:0.980377197265625
INFO:trainer_layer_backward:0.9572505950927734
INFO:trainer_layer_backward:0.7050037384033203
INFO:trainer_layer_backward:0.6248950958251953
INFO:trainer_layer_backward:0.7319450378417969
INFO:trainer_layer_backward:1.1975765228271484
INFO:trainer_layer_backward:0.8573532104492188
INFO:trainer_layer_backward:0.9179115295410156
INFO:trainer_layer_backward:0.6170272827148438
INFO:trainer_layer_backward:0.6422996520996094
INFO:trainer_layer_backward:0.5846023559570312
INFO:trainer_layer_backward:0.5834102630615234
INFO:trainer_layer_backward:0.7073879241943359
INFO:trainer_layer_backward:0.8068084716796875
INFO:trainer_layer_backward:0.6613731384277344
INFO:trainer_layer_backward:0.70953369140625
INFO:trainer_layer_backward:0.6649494171142578
INFO:trainer_layer_backward:0.7524490356445312
INFO:trainer_layer_backward:0.6444454193115234
INFO:trainer_layer_backward:0.7092952728271484
INFO:trainer_layer_backward:1.1165142059326172
INFO:trainer_layer_backward:0.7781982421875
INFO:trainer_layer_backward:0.8640289306640625
INFO:trainer_layer_backward:0.8475780487060547
INFO:trainer_layer_backward:0.7328987121582031
INFO:trainer_layer_backward:0.7250308990478516
INFO:trainer_layer_backward:0.8592605590820312
INFO:trainer_layer_backward:0.7114410400390625
INFO:trainer_layer_backward:0.9191036224365234
INFO:trainer_layer_backward:0.7481575012207031
INFO:trainer_layer_backward:0.8187294006347656
INFO:trainer_layer_backward:1.0824203491210938
INFO:trainer_layer_backward:0.8409023284912109
INFO:trainer_layer_backward:1.027822494506836
INFO:trainer_layer_backward:1.1751651763916016
INFO:trainer_layer_backward:0.7510185241699219
INFO:trainer_layer_backward:0.7970333099365234
INFO:trainer_layer_backward:0.7224082946777344
INFO:trainer_layer_backward:0.7793903350830078
INFO:trainer_layer_backward:0.7898807525634766
INFO:trainer_layer_backward:1.3611316680908203
INFO:trainer_layer_backward:0.9143352508544922
INFO:trainer_layer_backward:0.6654262542724609
INFO:trainer_layer_backward:0.7925033569335938
INFO:trainer_layer_backward:0.6878376007080078
INFO:trainer_layer_backward:0.7832050323486328
INFO:trainer_layer_backward:0.6742477416992188
INFO:trainer_layer_backward:0.6358623504638672
INFO:trainer_layer_backward:0.7915496826171875
INFO:trainer_layer_backward:1.0647773742675781
INFO:trainer_layer_backward:0.9064674377441406
INFO:trainer_layer_backward:0.7534027099609375
INFO:trainer_layer_backward:1.6026496887207031
INFO:trainer_layer_backward:0.8962154388427734
INFO:trainer_layer_backward:1.0492801666259766
INFO:trainer_layer_backward:0.9238719940185547
INFO:trainer_layer_backward:1.0707378387451172
INFO:trainer_layer_backward:0.8699893951416016
INFO:trainer_layer_backward:0.9920597076416016
INFO:trainer_layer_backward:1.3592243194580078
INFO:trainer_layer_backward:1.22833251953125
INFO:trainer_layer_backward:0.9756088256835938
INFO:trainer_layer_backward:0.7090568542480469
INFO:trainer_layer_backward:0.9162425994873047
INFO:trainer_layer_backward:0.7076263427734375
INFO:trainer_layer_backward:0.8115768432617188
INFO:trainer_layer_backward:1.1594295501708984
INFO:trainer_layer_backward:0.8928775787353516
