INFO:trainer_layer_backward:CNNEx | mnist
INFO:trainer_layer_backward:in_size : 32 | epochs : 1 | batch : 1
INFO:trainer_layer_backward:kernel_l1 : 17 | 
INFO:trainer_layer_backward:o_channels_l1 : 20 | 
INFO:trainer_layer_backward:learn_num_train : 1000 | learn_num_validate : 0 
INFO:trainer_layer_backward::::::::::::::::::::::::::::::::::::::::::::::::::::::::::::
INFO:trainer_layer_backward:message : conv3 
INFO:trainer_layer_backward::::::::::::::::::::::::::::::::::::::::::::::::::::::::::::
INFO:trainer_layer_backward:Ave_Time : 0.8674048414134016
INFO:trainer_layer_backward::::::::::::::::::::::::::::::::::::::::::::::::::::::::::::
INFO:trainer_layer_backward:0.5235671997070312
INFO:trainer_layer_backward:0.5800724029541016
INFO:trainer_layer_backward:0.7355213165283203
INFO:trainer_layer_backward:1.0492801666259766
INFO:trainer_layer_backward:1.0030269622802734
INFO:trainer_layer_backward:1.1761188507080078
INFO:trainer_layer_backward:0.8342266082763672
INFO:trainer_layer_backward:0.7691383361816406
INFO:trainer_layer_backward:0.7302761077880859
INFO:trainer_layer_backward:0.6754398345947266
INFO:trainer_layer_backward:1.3217926025390625
INFO:trainer_layer_backward:1.6524791717529297
INFO:trainer_layer_backward:1.1963844299316406
INFO:trainer_layer_backward:0.6592273712158203
INFO:trainer_layer_backward:0.7808208465576172
INFO:trainer_layer_backward:3.047466278076172
INFO:trainer_layer_backward:1.0726451873779297
INFO:trainer_layer_backward:1.2767314910888672
INFO:trainer_layer_backward:0.8091926574707031
INFO:trainer_layer_backward:1.4317035675048828
INFO:trainer_layer_backward:0.7598400115966797
INFO:trainer_layer_backward:0.6985664367675781
INFO:trainer_layer_backward:0.701904296875
INFO:trainer_layer_backward:0.7762908935546875
INFO:trainer_layer_backward:0.7734298706054688
INFO:trainer_layer_backward:0.7047653198242188
INFO:trainer_layer_backward:0.6971359252929688
INFO:trainer_layer_backward:0.6625652313232422
INFO:trainer_layer_backward:0.8230209350585938
INFO:trainer_layer_backward:0.7555484771728516
INFO:trainer_layer_backward:0.7655620574951172
INFO:trainer_layer_backward:0.6625652313232422
INFO:trainer_layer_backward:0.6983280181884766
INFO:trainer_layer_backward:0.9100437164306641
INFO:trainer_layer_backward:0.9062290191650391
INFO:trainer_layer_backward:0.7801055908203125
INFO:trainer_layer_backward:0.8518695831298828
INFO:trainer_layer_backward:0.78582763671875
INFO:trainer_layer_backward:0.72479248046875
INFO:trainer_layer_backward:0.8091926574707031
INFO:trainer_layer_backward:0.7014274597167969
INFO:trainer_layer_backward:0.7040500640869141
INFO:trainer_layer_backward:0.7319450378417969
INFO:trainer_layer_backward:0.7832050323486328
INFO:trainer_layer_backward:1.0683536529541016
INFO:trainer_layer_backward:0.9806156158447266
INFO:trainer_layer_backward:1.0192394256591797
INFO:trainer_layer_backward:0.9534358978271484
INFO:trainer_layer_backward:0.7200241088867188
INFO:trainer_layer_backward:0.9181499481201172
INFO:trainer_layer_backward:0.5998611450195312
INFO:trainer_layer_backward:0.67138671875
INFO:trainer_layer_backward:0.732421875
INFO:trainer_layer_backward:0.9431838989257812
INFO:trainer_layer_backward:0.8478164672851562
INFO:trainer_layer_backward:0.8795261383056641
INFO:trainer_layer_backward:1.1909008026123047
INFO:trainer_layer_backward:0.7457733154296875
INFO:trainer_layer_backward:0.6191730499267578
INFO:trainer_layer_backward:0.7812976837158203
INFO:trainer_layer_backward:0.8006095886230469
INFO:trainer_layer_backward:0.7312297821044922
INFO:trainer_layer_backward:0.7255077362060547
INFO:trainer_layer_backward:0.7202625274658203
INFO:trainer_layer_backward:0.84686279296875
INFO:trainer_layer_backward:0.6573200225830078
INFO:trainer_layer_backward:0.6215572357177734
INFO:trainer_layer_backward:0.6644725799560547
INFO:trainer_layer_backward:0.6911754608154297
INFO:trainer_layer_backward:0.6532669067382812
INFO:trainer_layer_backward:0.6730556488037109
INFO:trainer_layer_backward:0.7464885711669922
INFO:trainer_layer_backward:0.5805492401123047
INFO:trainer_layer_backward:0.6420612335205078
INFO:trainer_layer_backward:0.7276535034179688
INFO:trainer_layer_backward:2.6285648345947266
INFO:trainer_layer_backward:3.3178329467773438
INFO:trainer_layer_backward:5.619287490844727
INFO:trainer_layer_backward:0.9839534759521484
INFO:trainer_layer_backward:0.8039474487304688
INFO:trainer_layer_backward:0.7030963897705078
INFO:trainer_layer_backward:0.8761882781982422
INFO:trainer_layer_backward:0.9250640869140625
INFO:trainer_layer_backward:0.8096694946289062
INFO:trainer_layer_backward:2.918243408203125
INFO:trainer_layer_backward:0.9622573852539062
INFO:trainer_layer_backward:1.3000965118408203
INFO:trainer_layer_backward:1.4085769653320312
INFO:trainer_layer_backward:1.0356903076171875
INFO:trainer_layer_backward:1.1186599731445312
INFO:trainer_layer_backward:1.0402202606201172
INFO:trainer_layer_backward:0.5903244018554688
INFO:trainer_layer_backward:0.66375732421875
INFO:trainer_layer_backward:0.6544589996337891
INFO:trainer_layer_backward:0.8776187896728516
INFO:trainer_layer_backward:0.7898807525634766
INFO:trainer_layer_backward:0.7259845733642578
INFO:trainer_layer_backward:0.5311965942382812
INFO:trainer_layer_backward:0.9968280792236328
INFO:trainer_layer_backward:1.1935234069824219
INFO:trainer_layer_backward:0.9570121765136719
INFO:trainer_layer_backward:0.7245540618896484
INFO:trainer_layer_backward:0.7774829864501953
INFO:trainer_layer_backward:0.9212493896484375
INFO:trainer_layer_backward:1.077413558959961
INFO:trainer_layer_backward:0.8568763732910156
INFO:trainer_layer_backward:0.7407665252685547
INFO:trainer_layer_backward:0.7817745208740234
INFO:trainer_layer_backward:0.7841587066650391
INFO:trainer_layer_backward:0.8275508880615234
INFO:trainer_layer_backward:0.6687641143798828
INFO:trainer_layer_backward:0.6275177001953125
INFO:trainer_layer_backward:0.7646083831787109
INFO:trainer_layer_backward:0.5676746368408203
INFO:trainer_layer_backward:0.6818771362304688
INFO:trainer_layer_backward:0.5381107330322266
INFO:trainer_layer_backward:0.5183219909667969
INFO:trainer_layer_backward:0.6356239318847656
INFO:trainer_layer_backward:0.8924007415771484
INFO:trainer_layer_backward:0.6837844848632812
INFO:trainer_layer_backward:0.7548332214355469
INFO:trainer_layer_backward:0.7154941558837891
INFO:trainer_layer_backward:0.6401538848876953
INFO:trainer_layer_backward:0.64849853515625
INFO:trainer_layer_backward:0.6170272827148438
INFO:trainer_layer_backward:0.7011890411376953
INFO:trainer_layer_backward:0.6308555603027344
INFO:trainer_layer_backward:0.7259845733642578
INFO:trainer_layer_backward:0.5893707275390625
INFO:trainer_layer_backward:0.5686283111572266
INFO:trainer_layer_backward:0.6973743438720703
INFO:trainer_layer_backward:0.8225440979003906
INFO:trainer_layer_backward:0.9074211120605469
INFO:trainer_layer_backward:1.081705093383789
INFO:trainer_layer_backward:1.0862350463867188
INFO:trainer_layer_backward:1.0180473327636719
INFO:trainer_layer_backward:0.7688999176025391
INFO:trainer_layer_backward:1.0008811950683594
INFO:trainer_layer_backward:0.9036064147949219
INFO:trainer_layer_backward:0.7596015930175781
INFO:trainer_layer_backward:0.7948875427246094
INFO:trainer_layer_backward:0.9267330169677734
INFO:trainer_layer_backward:0.7853507995605469
INFO:trainer_layer_backward:0.7927417755126953
INFO:trainer_layer_backward:1.2769699096679688
INFO:trainer_layer_backward:1.062631607055664
INFO:trainer_layer_backward:0.8034706115722656
INFO:trainer_layer_backward:0.8342266082763672
INFO:trainer_layer_backward:0.6563663482666016
INFO:trainer_layer_backward:0.6530284881591797
INFO:trainer_layer_backward:0.7135868072509766
INFO:trainer_layer_backward:0.8807182312011719
INFO:trainer_layer_backward:0.8387565612792969
INFO:trainer_layer_backward:0.6089210510253906
INFO:trainer_layer_backward:0.8718967437744141
INFO:trainer_layer_backward:0.7741451263427734
INFO:trainer_layer_backward:1.1284351348876953
INFO:trainer_layer_backward:1.0576248168945312
INFO:trainer_layer_backward:0.9915828704833984
INFO:trainer_layer_backward:0.8225440979003906
INFO:trainer_layer_backward:0.7638931274414062
INFO:trainer_layer_backward:0.6847381591796875
INFO:trainer_layer_backward:0.5109310150146484
INFO:trainer_layer_backward:0.5655288696289062
INFO:trainer_layer_backward:0.6494522094726562
INFO:trainer_layer_backward:0.9970664978027344
INFO:trainer_layer_backward:0.7350444793701172
INFO:trainer_layer_backward:0.7672309875488281
INFO:trainer_layer_backward:0.8716583251953125
INFO:trainer_layer_backward:0.8771419525146484
INFO:trainer_layer_backward:1.1830329895019531
INFO:trainer_layer_backward:1.0364055633544922
INFO:trainer_layer_backward:0.9865760803222656
INFO:trainer_layer_backward:0.9641647338867188
INFO:trainer_layer_backward:1.0509490966796875
INFO:trainer_layer_backward:1.1548995971679688
INFO:trainer_layer_backward:0.881195068359375
INFO:trainer_layer_backward:1.2655258178710938
INFO:trainer_layer_backward:1.085042953491211
INFO:trainer_layer_backward:1.178741455078125
INFO:trainer_layer_backward:0.8404254913330078
INFO:trainer_layer_backward:0.9036064147949219
INFO:trainer_layer_backward:0.8828639984130859
INFO:trainer_layer_backward:0.6725788116455078
INFO:trainer_layer_backward:0.9312629699707031
INFO:trainer_layer_backward:0.6940364837646484
INFO:trainer_layer_backward:0.9274482727050781
INFO:trainer_layer_backward:1.0571479797363281
INFO:trainer_layer_backward:0.8432865142822266
INFO:trainer_layer_backward:1.0406970977783203
INFO:trainer_layer_backward:0.8769035339355469
INFO:trainer_layer_backward:0.7047653198242188
INFO:trainer_layer_backward:0.5488395690917969
INFO:trainer_layer_backward:0.7078647613525391
INFO:trainer_layer_backward:0.6067752838134766
INFO:trainer_layer_backward:0.6558895111083984
INFO:trainer_layer_backward:0.4382133483886719
INFO:trainer_layer_backward:0.5466938018798828
INFO:trainer_layer_backward:0.45990943908691406
INFO:trainer_layer_backward:0.5340576171875
INFO:trainer_layer_backward:0.7278919219970703
INFO:trainer_layer_backward:0.6854534149169922
INFO:trainer_layer_backward:0.5459785461425781
INFO:trainer_layer_backward:0.6058216094970703
INFO:trainer_layer_backward:0.6780624389648438
INFO:trainer_layer_backward:1.043081283569336
INFO:trainer_layer_backward:0.9553432464599609
INFO:trainer_layer_backward:1.050710678100586
INFO:trainer_layer_backward:0.9646415710449219
INFO:trainer_layer_backward:1.2459754943847656
INFO:trainer_layer_backward:0.7696151733398438
INFO:trainer_layer_backward:0.9486675262451172
INFO:trainer_layer_backward:0.8683204650878906
INFO:trainer_layer_backward:0.8349418640136719
INFO:trainer_layer_backward:0.8676052093505859
INFO:trainer_layer_backward:0.8392333984375
INFO:trainer_layer_backward:0.8721351623535156
INFO:trainer_layer_backward:1.0728836059570312
INFO:trainer_layer_backward:0.8144378662109375
INFO:trainer_layer_backward:0.9329319000244141
INFO:trainer_layer_backward:0.6840229034423828
INFO:trainer_layer_backward:0.8592605590820312
INFO:trainer_layer_backward:0.9107589721679688
INFO:trainer_layer_backward:0.8604526519775391
INFO:trainer_layer_backward:1.1706352233886719
INFO:trainer_layer_backward:0.8714199066162109
INFO:trainer_layer_backward:0.9582042694091797
INFO:trainer_layer_backward:0.8761882781982422
INFO:trainer_layer_backward:0.9615421295166016
INFO:trainer_layer_backward:0.8106231689453125
INFO:trainer_layer_backward:0.8194446563720703
INFO:trainer_layer_backward:0.7545948028564453
INFO:trainer_layer_backward:0.7960796356201172
INFO:trainer_layer_backward:0.7379055023193359
INFO:trainer_layer_backward:0.8158683776855469
INFO:trainer_layer_backward:1.142263412475586
INFO:trainer_layer_backward:0.9906291961669922
INFO:trainer_layer_backward:0.7662773132324219
INFO:trainer_layer_backward:0.6773471832275391
INFO:trainer_layer_backward:1.1878013610839844
INFO:trainer_layer_backward:0.8728504180908203
INFO:trainer_layer_backward:0.8199214935302734
INFO:trainer_layer_backward:1.0209083557128906
INFO:trainer_layer_backward:0.942230224609375
INFO:trainer_layer_backward:0.8950233459472656
INFO:trainer_layer_backward:0.9589195251464844
INFO:trainer_layer_backward:0.9417533874511719
INFO:trainer_layer_backward:0.8418560028076172
INFO:trainer_layer_backward:0.9770393371582031
INFO:trainer_layer_backward:0.7879734039306641
INFO:trainer_layer_backward:0.7212162017822266
INFO:trainer_layer_backward:0.6859302520751953
INFO:trainer_layer_backward:0.8709430694580078
INFO:trainer_layer_backward:1.0039806365966797
INFO:trainer_layer_backward:0.9992122650146484
INFO:trainer_layer_backward:1.4104843139648438
INFO:trainer_layer_backward:1.005411148071289
INFO:trainer_layer_backward:1.056671142578125
INFO:trainer_layer_backward:0.8311271667480469
INFO:trainer_layer_backward:0.7381439208984375
INFO:trainer_layer_backward:0.5574226379394531
INFO:trainer_layer_backward:1.0800361633300781
INFO:trainer_layer_backward:0.8108615875244141
INFO:trainer_layer_backward:0.6964206695556641
INFO:trainer_layer_backward:0.8628368377685547
INFO:trainer_layer_backward:0.8227825164794922
INFO:trainer_layer_backward:0.8521080017089844
INFO:trainer_layer_backward:0.9980201721191406
INFO:trainer_layer_backward:1.0538101196289062
INFO:trainer_layer_backward:0.774383544921875
INFO:trainer_layer_backward:0.6940364837646484
INFO:trainer_layer_backward:0.5979537963867188
INFO:trainer_layer_backward:0.885009765625
INFO:trainer_layer_backward:1.0406970977783203
INFO:trainer_layer_backward:0.9531974792480469
INFO:trainer_layer_backward:0.8943080902099609
INFO:trainer_layer_backward:0.7083415985107422
INFO:trainer_layer_backward:0.9915828704833984
INFO:trainer_layer_backward:1.2445449829101562
INFO:trainer_layer_backward:1.1124610900878906
INFO:trainer_layer_backward:0.7498264312744141
INFO:trainer_layer_backward:0.7376670837402344
INFO:trainer_layer_backward:1.077890396118164
INFO:trainer_layer_backward:0.6303787231445312
INFO:trainer_layer_backward:0.8454322814941406
INFO:trainer_layer_backward:0.6496906280517578
INFO:trainer_layer_backward:0.8852481842041016
INFO:trainer_layer_backward:0.8502006530761719
INFO:trainer_layer_backward:0.8687973022460938
INFO:trainer_layer_backward:0.9026527404785156
INFO:trainer_layer_backward:1.2521743774414062
INFO:trainer_layer_backward:0.7150173187255859
INFO:trainer_layer_backward:1.7955303192138672
INFO:trainer_layer_backward:0.8816719055175781
INFO:trainer_layer_backward:0.7729530334472656
INFO:trainer_layer_backward:1.001596450805664
INFO:trainer_layer_backward:0.7760524749755859
INFO:trainer_layer_backward:0.5397796630859375
INFO:trainer_layer_backward:0.7922649383544922
INFO:trainer_layer_backward:0.7703304290771484
INFO:trainer_layer_backward:0.7836818695068359
INFO:trainer_layer_backward:0.7815361022949219
INFO:trainer_layer_backward:0.8950233459472656
INFO:trainer_layer_backward:1.0852813720703125
INFO:trainer_layer_backward:0.8127689361572266
INFO:trainer_layer_backward:0.9868144989013672
INFO:trainer_layer_backward:0.9150505065917969
INFO:trainer_layer_backward:0.9157657623291016
INFO:trainer_layer_backward:0.8172988891601562
INFO:trainer_layer_backward:0.6988048553466797
INFO:trainer_layer_backward:1.010894775390625
INFO:trainer_layer_backward:1.0323524475097656
INFO:trainer_layer_backward:1.0726451873779297
INFO:trainer_layer_backward:1.0221004486083984
INFO:trainer_layer_backward:1.0454654693603516
INFO:trainer_layer_backward:0.6508827209472656
INFO:trainer_layer_backward:0.5528926849365234
INFO:trainer_layer_backward:0.5819797515869141
INFO:trainer_layer_backward:0.5497932434082031
INFO:trainer_layer_backward:0.6334781646728516
INFO:trainer_layer_backward:0.8487701416015625
INFO:trainer_layer_backward:0.6480216979980469
INFO:trainer_layer_backward:0.7970333099365234
INFO:trainer_layer_backward:0.8041858673095703
INFO:trainer_layer_backward:1.031637191772461
INFO:trainer_layer_backward:0.9708404541015625
INFO:trainer_layer_backward:0.8568763732910156
INFO:trainer_layer_backward:0.9176731109619141
INFO:trainer_layer_backward:0.9362697601318359
INFO:trainer_layer_backward:0.9405612945556641
INFO:trainer_layer_backward:0.7984638214111328
INFO:trainer_layer_backward:0.9303092956542969
INFO:trainer_layer_backward:0.8645057678222656
INFO:trainer_layer_backward:0.7874965667724609
INFO:trainer_layer_backward:0.7989406585693359
INFO:trainer_layer_backward:1.2471675872802734
INFO:trainer_layer_backward:0.8194446563720703
INFO:trainer_layer_backward:0.8177757263183594
INFO:trainer_layer_backward:0.7178783416748047
INFO:trainer_layer_backward:0.9977817535400391
INFO:trainer_layer_backward:1.0461807250976562
INFO:trainer_layer_backward:0.9720325469970703
INFO:trainer_layer_backward:0.9534358978271484
INFO:trainer_layer_backward:1.127004623413086
INFO:trainer_layer_backward:0.8866786956787109
INFO:trainer_layer_backward:0.8196830749511719
INFO:trainer_layer_backward:0.9465217590332031
INFO:trainer_layer_backward:0.5488395690917969
INFO:trainer_layer_backward:0.7350444793701172
INFO:trainer_layer_backward:0.7290840148925781
INFO:trainer_layer_backward:0.7877349853515625
INFO:trainer_layer_backward:1.190185546875
INFO:trainer_layer_backward:1.1548995971679688
INFO:trainer_layer_backward:1.180410385131836
INFO:trainer_layer_backward:0.9710788726806641
INFO:trainer_layer_backward:0.8339881896972656
INFO:trainer_layer_backward:0.7600784301757812
INFO:trainer_layer_backward:0.7803440093994141
INFO:trainer_layer_backward:0.9417533874511719
INFO:trainer_layer_backward:0.8654594421386719
INFO:trainer_layer_backward:1.0783672332763672
INFO:trainer_layer_backward:1.2433528900146484
INFO:trainer_layer_backward:1.21307373046875
INFO:trainer_layer_backward:0.762939453125
INFO:trainer_layer_backward:0.7441043853759766
INFO:trainer_layer_backward:0.7712841033935547
INFO:trainer_layer_backward:0.7040500640869141
INFO:trainer_layer_backward:0.9300708770751953
INFO:trainer_layer_backward:0.7014274597167969
INFO:trainer_layer_backward:0.9343624114990234
INFO:trainer_layer_backward:0.9338855743408203
INFO:trainer_layer_backward:0.9160041809082031
INFO:trainer_layer_backward:0.9744167327880859
INFO:trainer_layer_backward:1.1179447174072266
INFO:trainer_layer_backward:0.728607177734375
INFO:trainer_layer_backward:0.7665157318115234
INFO:trainer_layer_backward:0.8707046508789062
INFO:trainer_layer_backward:0.8614063262939453
INFO:trainer_layer_backward:0.8161067962646484
INFO:trainer_layer_backward:0.5536079406738281
INFO:trainer_layer_backward:0.7505416870117188
INFO:trainer_layer_backward:0.6816387176513672
INFO:trainer_layer_backward:0.7081031799316406
INFO:trainer_layer_backward:0.8645057678222656
INFO:trainer_layer_backward:0.8454322814941406
INFO:trainer_layer_backward:0.8871555328369141
INFO:trainer_layer_backward:0.8471012115478516
INFO:trainer_layer_backward:0.8983612060546875
INFO:trainer_layer_backward:1.3277530670166016
INFO:trainer_layer_backward:1.032114028930664
INFO:trainer_layer_backward:0.7822513580322266
INFO:trainer_layer_backward:0.858306884765625
INFO:trainer_layer_backward:0.7021427154541016
INFO:trainer_layer_backward:0.8459091186523438
INFO:trainer_layer_backward:0.8225440979003906
INFO:trainer_layer_backward:0.7088184356689453
INFO:trainer_layer_backward:0.7727146148681641
INFO:trainer_layer_backward:0.8533000946044922
INFO:trainer_layer_backward:0.9708404541015625
INFO:trainer_layer_backward:0.8490085601806641
INFO:trainer_layer_backward:0.9806156158447266
INFO:trainer_layer_backward:0.8835792541503906
INFO:trainer_layer_backward:0.8687973022460938
INFO:trainer_layer_backward:0.8127689361572266
INFO:trainer_layer_backward:0.8971691131591797
INFO:trainer_layer_backward:0.6990432739257812
INFO:trainer_layer_backward:0.6616115570068359
INFO:trainer_layer_backward:0.7231235504150391
INFO:trainer_layer_backward:0.6432533264160156
INFO:trainer_layer_backward:0.8149147033691406
INFO:trainer_layer_backward:0.9264945983886719
INFO:trainer_layer_backward:0.8466243743896484
INFO:trainer_layer_backward:0.7410049438476562
INFO:trainer_layer_backward:0.9214878082275391
INFO:trainer_layer_backward:1.313924789428711
INFO:trainer_layer_backward:0.8018016815185547
INFO:trainer_layer_backward:0.6735324859619141
INFO:trainer_layer_backward:0.8563995361328125
INFO:trainer_layer_backward:0.8916854858398438
INFO:trainer_layer_backward:0.6635189056396484
INFO:trainer_layer_backward:0.7531642913818359
INFO:trainer_layer_backward:0.8654594421386719
INFO:trainer_layer_backward:1.0447502136230469
INFO:trainer_layer_backward:0.9186267852783203
INFO:trainer_layer_backward:0.8611679077148438
INFO:trainer_layer_backward:0.7767677307128906
INFO:trainer_layer_backward:0.8370876312255859
INFO:trainer_layer_backward:0.8382797241210938
INFO:trainer_layer_backward:0.7991790771484375
INFO:trainer_layer_backward:1.2426376342773438
INFO:trainer_layer_backward:0.7526874542236328
INFO:trainer_layer_backward:0.9315013885498047
INFO:trainer_layer_backward:0.7517337799072266
INFO:trainer_layer_backward:0.9965896606445312
INFO:trainer_layer_backward:0.804901123046875
INFO:trainer_layer_backward:1.0080337524414062
INFO:trainer_layer_backward:0.9920597076416016
INFO:trainer_layer_backward:0.774383544921875
INFO:trainer_layer_backward:0.6926059722900391
INFO:trainer_layer_backward:0.5633831024169922
INFO:trainer_layer_backward:0.7309913635253906
INFO:trainer_layer_backward:0.6165504455566406
INFO:trainer_layer_backward:0.7467269897460938
INFO:trainer_layer_backward:1.0352134704589844
INFO:trainer_layer_backward:0.8080005645751953
INFO:trainer_layer_backward:0.8318424224853516
INFO:trainer_layer_backward:2.0024776458740234
INFO:trainer_layer_backward:0.9367465972900391
INFO:trainer_layer_backward:1.110076904296875
INFO:trainer_layer_backward:0.8535385131835938
INFO:trainer_layer_backward:0.9562969207763672
INFO:trainer_layer_backward:1.054525375366211
INFO:trainer_layer_backward:0.6632804870605469
INFO:trainer_layer_backward:0.5462169647216797
INFO:trainer_layer_backward:0.5633831024169922
INFO:trainer_layer_backward:0.7958412170410156
INFO:trainer_layer_backward:0.7002353668212891
INFO:trainer_layer_backward:0.6544589996337891
INFO:trainer_layer_backward:0.6937980651855469
INFO:trainer_layer_backward:0.8802413940429688
INFO:trainer_layer_backward:0.8606910705566406
INFO:trainer_layer_backward:0.6871223449707031
INFO:trainer_layer_backward:1.1761188507080078
INFO:trainer_layer_backward:1.1091232299804688
INFO:trainer_layer_backward:0.69427490234375
INFO:trainer_layer_backward:0.621795654296875
INFO:trainer_layer_backward:0.7536411285400391
INFO:trainer_layer_backward:0.8425712585449219
INFO:trainer_layer_backward:0.7245540618896484
INFO:trainer_layer_backward:0.8614063262939453
INFO:trainer_layer_backward:1.329183578491211
INFO:trainer_layer_backward:0.980377197265625
INFO:trainer_layer_backward:1.1582374572753906
INFO:trainer_layer_backward:0.7174015045166016
INFO:trainer_layer_backward:1.0101795196533203
INFO:trainer_layer_backward:1.0333061218261719
INFO:trainer_layer_backward:0.8544921875
INFO:trainer_layer_backward:0.7603168487548828
INFO:trainer_layer_backward:0.8614063262939453
INFO:trainer_layer_backward:0.9996891021728516
INFO:trainer_layer_backward:0.9400844573974609
INFO:trainer_layer_backward:0.9355545043945312
INFO:trainer_layer_backward:1.203775405883789
INFO:trainer_layer_backward:0.8115768432617188
INFO:trainer_layer_backward:0.8039474487304688
INFO:trainer_layer_backward:1.043558120727539
INFO:trainer_layer_backward:0.9512901306152344
INFO:trainer_layer_backward:0.8339881896972656
INFO:trainer_layer_backward:1.087188720703125
INFO:trainer_layer_backward:1.116037368774414
INFO:trainer_layer_backward:0.8826255798339844
INFO:trainer_layer_backward:1.0347366333007812
INFO:trainer_layer_backward:0.812530517578125
INFO:trainer_layer_backward:0.762939453125
INFO:trainer_layer_backward:0.6542205810546875
INFO:trainer_layer_backward:0.6873607635498047
INFO:trainer_layer_backward:1.936197280883789
INFO:trainer_layer_backward:1.1334419250488281
INFO:trainer_layer_backward:0.8373260498046875
INFO:trainer_layer_backward:1.0151863098144531
INFO:trainer_layer_backward:0.7605552673339844
INFO:trainer_layer_backward:1.1332035064697266
INFO:trainer_layer_backward:0.5934238433837891
INFO:trainer_layer_backward:1.1937618255615234
INFO:trainer_layer_backward:3.1096935272216797
INFO:trainer_layer_backward:1.276254653930664
INFO:trainer_layer_backward:0.9365081787109375
INFO:trainer_layer_backward:0.8900165557861328
INFO:trainer_layer_backward:1.3294219970703125
INFO:trainer_layer_backward:0.8592605590820312
INFO:trainer_layer_backward:0.957489013671875
INFO:trainer_layer_backward:0.6024837493896484
INFO:trainer_layer_backward:0.6778240203857422
INFO:trainer_layer_backward:0.6816387176513672
INFO:trainer_layer_backward:0.5817413330078125
INFO:trainer_layer_backward:0.7736682891845703
INFO:trainer_layer_backward:0.67138671875
INFO:trainer_layer_backward:0.9586811065673828
INFO:trainer_layer_backward:0.6091594696044922
INFO:trainer_layer_backward:0.5917549133300781
INFO:trainer_layer_backward:1.130819320678711
INFO:trainer_layer_backward:1.1250972747802734
INFO:trainer_layer_backward:0.7703304290771484
INFO:trainer_layer_backward:1.3055801391601562
INFO:trainer_layer_backward:0.6954669952392578
INFO:trainer_layer_backward:0.6253719329833984
INFO:trainer_layer_backward:0.49185752868652344
INFO:trainer_layer_backward:0.5829334259033203
INFO:trainer_layer_backward:0.9028911590576172
INFO:trainer_layer_backward:0.8320808410644531
INFO:trainer_layer_backward:0.7836818695068359
INFO:trainer_layer_backward:1.0571479797363281
INFO:trainer_layer_backward:0.6382465362548828
INFO:trainer_layer_backward:0.7572174072265625
INFO:trainer_layer_backward:0.6070137023925781
INFO:trainer_layer_backward:0.6597042083740234
INFO:trainer_layer_backward:0.8707046508789062
INFO:trainer_layer_backward:1.2843608856201172
INFO:trainer_layer_backward:0.8275508880615234
INFO:trainer_layer_backward:0.8857250213623047
INFO:trainer_layer_backward:0.6988048553466797
INFO:trainer_layer_backward:0.7116794586181641
INFO:trainer_layer_backward:0.8361339569091797
INFO:trainer_layer_backward:5.433559417724609
INFO:trainer_layer_backward:0.8854866027832031
INFO:trainer_layer_backward:0.5521774291992188
INFO:trainer_layer_backward:0.45800209045410156
INFO:trainer_layer_backward:0.6253719329833984
INFO:trainer_layer_backward:0.5772113800048828
INFO:trainer_layer_backward:0.6992816925048828
INFO:trainer_layer_backward:0.6873607635498047
INFO:trainer_layer_backward:0.6923675537109375
INFO:trainer_layer_backward:1.0569095611572266
INFO:trainer_layer_backward:0.9026527404785156
INFO:trainer_layer_backward:0.5621910095214844
INFO:trainer_layer_backward:0.6761550903320312
INFO:trainer_layer_backward:0.7090568542480469
INFO:trainer_layer_backward:0.5979537963867188
INFO:trainer_layer_backward:0.6487369537353516
INFO:trainer_layer_backward:0.6422996520996094
INFO:trainer_layer_backward:0.5817413330078125
INFO:trainer_layer_backward:1.0123252868652344
INFO:trainer_layer_backward:1.2624263763427734
INFO:trainer_layer_backward:1.0113716125488281
INFO:trainer_layer_backward:0.7257461547851562
INFO:trainer_layer_backward:0.6420612335205078
INFO:trainer_layer_backward:0.6875991821289062
INFO:trainer_layer_backward:0.6628036499023438
INFO:trainer_layer_backward:0.7944107055664062
INFO:trainer_layer_backward:0.6132125854492188
INFO:trainer_layer_backward:0.6318092346191406
INFO:trainer_layer_backward:0.57220458984375
INFO:trainer_layer_backward:0.6296634674072266
INFO:trainer_layer_backward:0.6084442138671875
INFO:trainer_layer_backward:0.9028911590576172
INFO:trainer_layer_backward:0.7584095001220703
INFO:trainer_layer_backward:1.252889633178711
INFO:trainer_layer_backward:0.911712646484375
INFO:trainer_layer_backward:0.8702278137207031
INFO:trainer_layer_backward:0.8237361907958984
INFO:trainer_layer_backward:0.667572021484375
INFO:trainer_layer_backward:0.6241798400878906
INFO:trainer_layer_backward:0.8294582366943359
INFO:trainer_layer_backward:0.8914470672607422
INFO:trainer_layer_backward:0.7979869842529297
INFO:trainer_layer_backward:0.5295276641845703
INFO:trainer_layer_backward:0.9038448333740234
INFO:trainer_layer_backward:0.7910728454589844
INFO:trainer_layer_backward:0.8146762847900391
INFO:trainer_layer_backward:0.90789794921875
INFO:trainer_layer_backward:0.5085468292236328
INFO:trainer_layer_backward:0.5195140838623047
INFO:trainer_layer_backward:0.6830692291259766
INFO:trainer_layer_backward:0.5025863647460938
INFO:trainer_layer_backward:0.6725788116455078
INFO:trainer_layer_backward:0.8869171142578125
INFO:trainer_layer_backward:3.3783912658691406
INFO:trainer_layer_backward:0.9379386901855469
INFO:trainer_layer_backward:1.0640621185302734
INFO:trainer_layer_backward:0.885009765625
INFO:trainer_layer_backward:0.743865966796875
INFO:trainer_layer_backward:0.7817745208740234
INFO:trainer_layer_backward:0.5855560302734375
INFO:trainer_layer_backward:0.5917549133300781
INFO:trainer_layer_backward:0.6275177001953125
INFO:trainer_layer_backward:0.6492137908935547
INFO:trainer_layer_backward:0.6182193756103516
INFO:trainer_layer_backward:0.5965232849121094
INFO:trainer_layer_backward:0.9500980377197266
INFO:trainer_layer_backward:1.085519790649414
INFO:trainer_layer_backward:0.8988380432128906
INFO:trainer_layer_backward:0.8244514465332031
INFO:trainer_layer_backward:0.8938312530517578
INFO:trainer_layer_backward:0.7450580596923828
INFO:trainer_layer_backward:0.9901523590087891
INFO:trainer_layer_backward:0.8809566497802734
INFO:trainer_layer_backward:0.6957054138183594
INFO:trainer_layer_backward:0.7023811340332031
INFO:trainer_layer_backward:0.5877017974853516
INFO:trainer_layer_backward:0.6134510040283203
INFO:trainer_layer_backward:0.6589889526367188
INFO:trainer_layer_backward:0.9777545928955078
INFO:trainer_layer_backward:0.8616447448730469
INFO:trainer_layer_backward:0.8752346038818359
INFO:trainer_layer_backward:0.8490085601806641
INFO:trainer_layer_backward:0.9047985076904297
INFO:trainer_layer_backward:1.0826587677001953
INFO:trainer_layer_backward:0.8141994476318359
INFO:trainer_layer_backward:0.8418560028076172
INFO:trainer_layer_backward:1.0218620300292969
INFO:trainer_layer_backward:0.823974609375
INFO:trainer_layer_backward:0.8029937744140625
INFO:trainer_layer_backward:0.8094310760498047
INFO:trainer_layer_backward:0.7197856903076172
INFO:trainer_layer_backward:0.7264614105224609
INFO:trainer_layer_backward:0.8251667022705078
INFO:trainer_layer_backward:0.8189678192138672
INFO:trainer_layer_backward:0.8969306945800781
INFO:trainer_layer_backward:0.9329319000244141
INFO:trainer_layer_backward:0.9794235229492188
INFO:trainer_layer_backward:0.7128715515136719
INFO:trainer_layer_backward:0.6995201110839844
INFO:trainer_layer_backward:1.0156631469726562
INFO:trainer_layer_backward:0.9648799896240234
INFO:trainer_layer_backward:0.7560253143310547
INFO:trainer_layer_backward:0.9198188781738281
INFO:trainer_layer_backward:0.92315673828125
INFO:trainer_layer_backward:0.9675025939941406
INFO:trainer_layer_backward:0.9818077087402344
INFO:trainer_layer_backward:0.9491443634033203
INFO:trainer_layer_backward:0.7398128509521484
INFO:trainer_layer_backward:0.8039474487304688
INFO:trainer_layer_backward:0.9922981262207031
INFO:trainer_layer_backward:0.9043216705322266
INFO:trainer_layer_backward:0.7221698760986328
INFO:trainer_layer_backward:0.8311271667480469
INFO:trainer_layer_backward:0.8666515350341797
INFO:trainer_layer_backward:0.8456707000732422
INFO:trainer_layer_backward:0.8711814880371094
INFO:trainer_layer_backward:0.8311271667480469
INFO:trainer_layer_backward:0.6113052368164062
INFO:trainer_layer_backward:0.7152557373046875
INFO:trainer_layer_backward:0.6227493286132812
INFO:trainer_layer_backward:0.7071495056152344
INFO:trainer_layer_backward:0.9005069732666016
INFO:trainer_layer_backward:1.1005401611328125
INFO:trainer_layer_backward:0.9794235229492188
INFO:trainer_layer_backward:0.7684230804443359
INFO:trainer_layer_backward:0.8020401000976562
INFO:trainer_layer_backward:0.9648799896240234
INFO:trainer_layer_backward:0.8463859558105469
INFO:trainer_layer_backward:0.7567405700683594
INFO:trainer_layer_backward:0.9236335754394531
INFO:trainer_layer_backward:0.8766651153564453
INFO:trainer_layer_backward:0.6577968597412109
INFO:trainer_layer_backward:0.7500648498535156
INFO:trainer_layer_backward:0.6549358367919922
INFO:trainer_layer_backward:0.6058216094970703
INFO:trainer_layer_backward:0.6477832794189453
INFO:trainer_layer_backward:0.606536865234375
INFO:trainer_layer_backward:0.6985664367675781
INFO:trainer_layer_backward:0.5974769592285156
INFO:trainer_layer_backward:0.7619857788085938
INFO:trainer_layer_backward:0.5776882171630859
INFO:trainer_layer_backward:0.7393360137939453
INFO:trainer_layer_backward:0.6949901580810547
INFO:trainer_layer_backward:0.7638931274414062
INFO:trainer_layer_backward:0.8864402770996094
INFO:trainer_layer_backward:0.8065700531005859
INFO:trainer_layer_backward:1.1928081512451172
INFO:trainer_layer_backward:0.7948875427246094
INFO:trainer_layer_backward:0.9562969207763672
INFO:trainer_layer_backward:0.8738040924072266
INFO:trainer_layer_backward:0.7245540618896484
INFO:trainer_layer_backward:0.7936954498291016
INFO:trainer_layer_backward:0.7941722869873047
INFO:trainer_layer_backward:0.7009506225585938
INFO:trainer_layer_backward:0.8339881896972656
INFO:trainer_layer_backward:0.7922649383544922
INFO:trainer_layer_backward:0.8666515350341797
INFO:trainer_layer_backward:1.1489391326904297
INFO:trainer_layer_backward:1.0602474212646484
INFO:trainer_layer_backward:0.8406639099121094
INFO:trainer_layer_backward:0.7903575897216797
INFO:trainer_layer_backward:0.7264614105224609
INFO:trainer_layer_backward:0.682830810546875
INFO:trainer_layer_backward:0.9860992431640625
INFO:trainer_layer_backward:0.9653568267822266
INFO:trainer_layer_backward:0.9896755218505859
INFO:trainer_layer_backward:0.7100105285644531
INFO:trainer_layer_backward:1.0228157043457031
INFO:trainer_layer_backward:0.6144046783447266
INFO:trainer_layer_backward:1.0128021240234375
INFO:trainer_layer_backward:1.3515949249267578
INFO:trainer_layer_backward:0.9977817535400391
INFO:trainer_layer_backward:0.8893013000488281
INFO:trainer_layer_backward:1.2881755828857422
INFO:trainer_layer_backward:0.8180141448974609
INFO:trainer_layer_backward:0.8275508880615234
INFO:trainer_layer_backward:0.8206367492675781
INFO:trainer_layer_backward:1.2264251708984375
INFO:trainer_layer_backward:0.6322860717773438
INFO:trainer_layer_backward:0.6885528564453125
INFO:trainer_layer_backward:0.9152889251708984
INFO:trainer_layer_backward:0.8046627044677734
INFO:trainer_layer_backward:0.80108642578125
INFO:trainer_layer_backward:0.5958080291748047
INFO:trainer_layer_backward:0.9284019470214844
INFO:trainer_layer_backward:1.9497871398925781
INFO:trainer_layer_backward:1.4286041259765625
INFO:trainer_layer_backward:1.0166168212890625
INFO:trainer_layer_backward:0.7793903350830078
INFO:trainer_layer_backward:0.6000995635986328
INFO:trainer_layer_backward:0.5881786346435547
INFO:trainer_layer_backward:0.6999969482421875
INFO:trainer_layer_backward:0.5848407745361328
INFO:trainer_layer_backward:0.6709098815917969
INFO:trainer_layer_backward:0.6153583526611328
INFO:trainer_layer_backward:0.9367465972900391
INFO:trainer_layer_backward:0.9984970092773438
INFO:trainer_layer_backward:0.9140968322753906
INFO:trainer_layer_backward:0.9031295776367188
INFO:trainer_layer_backward:1.2576580047607422
INFO:trainer_layer_backward:0.8034706115722656
INFO:trainer_layer_backward:0.8370876312255859
INFO:trainer_layer_backward:1.0044574737548828
INFO:trainer_layer_backward:1.1272430419921875
INFO:trainer_layer_backward:0.9977817535400391
INFO:trainer_layer_backward:1.1894702911376953
INFO:trainer_layer_backward:0.7762908935546875
INFO:trainer_layer_backward:1.0714530944824219
INFO:trainer_layer_backward:0.7157325744628906
INFO:trainer_layer_backward:0.7908344268798828
INFO:trainer_layer_backward:0.5528926849365234
INFO:trainer_layer_backward:0.6420612335205078
INFO:trainer_layer_backward:0.8857250213623047
INFO:trainer_layer_backward:1.0950565338134766
INFO:trainer_layer_backward:1.0900497436523438
INFO:trainer_layer_backward:1.0280609130859375
INFO:trainer_layer_backward:1.0268688201904297
INFO:trainer_layer_backward:1.0442733764648438
INFO:trainer_layer_backward:1.1210441589355469
INFO:trainer_layer_backward:0.9975433349609375
INFO:trainer_layer_backward:0.9062290191650391
INFO:trainer_layer_backward:0.9899139404296875
INFO:trainer_layer_backward:1.1909008026123047
INFO:trainer_layer_backward:0.6856918334960938
INFO:trainer_layer_backward:0.9300708770751953
INFO:trainer_layer_backward:0.8692741394042969
INFO:trainer_layer_backward:0.9951591491699219
INFO:trainer_layer_backward:1.0843276977539062
INFO:trainer_layer_backward:0.7674694061279297
INFO:trainer_layer_backward:0.9531974792480469
INFO:trainer_layer_backward:0.8909702301025391
INFO:trainer_layer_backward:0.8916854858398438
INFO:trainer_layer_backward:0.9515285491943359
INFO:trainer_layer_backward:0.9741783142089844
INFO:trainer_layer_backward:1.0018348693847656
INFO:trainer_layer_backward:0.7615089416503906
INFO:trainer_layer_backward:0.7319450378417969
INFO:trainer_layer_backward:0.9121894836425781
INFO:trainer_layer_backward:0.8091926574707031
INFO:trainer_layer_backward:0.9291172027587891
INFO:trainer_layer_backward:0.9415149688720703
INFO:trainer_layer_backward:1.074075698852539
INFO:trainer_layer_backward:1.3301372528076172
INFO:trainer_layer_backward:0.8571147918701172
INFO:trainer_layer_backward:0.7650852203369141
INFO:trainer_layer_backward:0.9665489196777344
INFO:trainer_layer_backward:1.0099411010742188
INFO:trainer_layer_backward:1.0221004486083984
INFO:trainer_layer_backward:0.7479190826416016
INFO:trainer_layer_backward:1.2030601501464844
INFO:trainer_layer_backward:0.6456375122070312
INFO:trainer_layer_backward:0.7908344268798828
INFO:trainer_layer_backward:0.6899833679199219
INFO:trainer_layer_backward:0.7410049438476562
INFO:trainer_layer_backward:0.6613731384277344
INFO:trainer_layer_backward:0.9093284606933594
INFO:trainer_layer_backward:0.9698867797851562
INFO:trainer_layer_backward:0.8826255798339844
INFO:trainer_layer_backward:0.6358623504638672
INFO:trainer_layer_backward:0.7600784301757812
INFO:trainer_layer_backward:0.8225440979003906
INFO:trainer_layer_backward:0.7357597351074219
INFO:trainer_layer_backward:0.9586811065673828
INFO:trainer_layer_backward:1.0099411010742188
INFO:trainer_layer_backward:0.9276866912841797
INFO:trainer_layer_backward:0.7693767547607422
INFO:trainer_layer_backward:1.0950565338134766
INFO:trainer_layer_backward:0.8482933044433594
INFO:trainer_layer_backward:0.690460205078125
INFO:trainer_layer_backward:1.3341903686523438
INFO:trainer_layer_backward:0.8552074432373047
INFO:trainer_layer_backward:0.7448196411132812
INFO:trainer_layer_backward:0.7388591766357422
INFO:trainer_layer_backward:0.7855892181396484
INFO:trainer_layer_backward:0.8258819580078125
INFO:trainer_layer_backward:0.9553432464599609
INFO:trainer_layer_backward:0.7770061492919922
INFO:trainer_layer_backward:1.1060237884521484
INFO:trainer_layer_backward:0.949859619140625
INFO:trainer_layer_backward:1.5330314636230469
INFO:trainer_layer_backward:0.8728504180908203
INFO:trainer_layer_backward:0.8699893951416016
INFO:trainer_layer_backward:0.8478164672851562
INFO:trainer_layer_backward:0.6656646728515625
INFO:trainer_layer_backward:0.7374286651611328
INFO:trainer_layer_backward:0.9996891021728516
INFO:trainer_layer_backward:1.1053085327148438
INFO:trainer_layer_backward:0.6940364837646484
INFO:trainer_layer_backward:0.8940696716308594
INFO:trainer_layer_backward:0.9427070617675781
INFO:trainer_layer_backward:0.9815692901611328
INFO:trainer_layer_backward:0.9691715240478516
INFO:trainer_layer_backward:0.8776187896728516
INFO:trainer_layer_backward:0.7948875427246094
INFO:trainer_layer_backward:0.9059906005859375
INFO:trainer_layer_backward:0.8566379547119141
INFO:trainer_layer_backward:1.0116100311279297
INFO:trainer_layer_backward:0.8819103240966797
INFO:trainer_layer_backward:0.7631778717041016
INFO:trainer_layer_backward:0.9329319000244141
INFO:trainer_layer_backward:0.8699893951416016
INFO:trainer_layer_backward:0.7443428039550781
INFO:trainer_layer_backward:0.6849765777587891
INFO:trainer_layer_backward:0.7023811340332031
INFO:trainer_layer_backward:0.6108283996582031
INFO:trainer_layer_backward:0.6911754608154297
INFO:trainer_layer_backward:1.010894775390625
INFO:trainer_layer_backward:1.0890960693359375
INFO:trainer_layer_backward:1.0097026824951172
INFO:trainer_layer_backward:0.8823871612548828
INFO:trainer_layer_backward:1.2085437774658203
INFO:trainer_layer_backward:0.9136199951171875
INFO:trainer_layer_backward:0.591278076171875
INFO:trainer_layer_backward:0.5588531494140625
INFO:trainer_layer_backward:0.5688667297363281
INFO:trainer_layer_backward:0.6401538848876953
INFO:trainer_layer_backward:0.6036758422851562
INFO:trainer_layer_backward:0.5769729614257812
INFO:trainer_layer_backward:0.7877349853515625
INFO:trainer_layer_backward:0.9362697601318359
INFO:trainer_layer_backward:0.926971435546875
INFO:trainer_layer_backward:0.8311271667480469
INFO:trainer_layer_backward:0.7276535034179688
INFO:trainer_layer_backward:0.5397796630859375
INFO:trainer_layer_backward:0.6716251373291016
INFO:trainer_layer_backward:0.7412433624267578
INFO:trainer_layer_backward:0.7243156433105469
INFO:trainer_layer_backward:0.7359981536865234
INFO:trainer_layer_backward:0.6990432739257812
INFO:trainer_layer_backward:0.7238388061523438
INFO:trainer_layer_backward:0.7092952728271484
INFO:trainer_layer_backward:0.6158351898193359
INFO:trainer_layer_backward:0.61798095703125
INFO:trainer_layer_backward:0.5750656127929688
INFO:trainer_layer_backward:1.0190010070800781
INFO:trainer_layer_backward:0.8542537689208984
INFO:trainer_layer_backward:0.7922649383544922
INFO:trainer_layer_backward:0.5276203155517578
INFO:trainer_layer_backward:0.6756782531738281
INFO:trainer_layer_backward:0.5588531494140625
INFO:trainer_layer_backward:0.6821155548095703
INFO:trainer_layer_backward:1.3682842254638672
INFO:trainer_layer_backward:1.1358261108398438
INFO:trainer_layer_backward:0.8935928344726562
INFO:trainer_layer_backward:0.8018016815185547
INFO:trainer_layer_backward:0.5993843078613281
INFO:trainer_layer_backward:0.6716251373291016
INFO:trainer_layer_backward:1.3344287872314453
INFO:trainer_layer_backward:0.8146762847900391
INFO:trainer_layer_backward:0.9648799896240234
INFO:trainer_layer_backward:0.7741451263427734
INFO:trainer_layer_backward:0.87738037109375
INFO:trainer_layer_backward:0.6663799285888672
INFO:trainer_layer_backward:0.6783008575439453
INFO:trainer_layer_backward:0.8499622344970703
INFO:trainer_layer_backward:1.4231204986572266
INFO:trainer_layer_backward:4.416227340698242
INFO:trainer_layer_backward:0.6775856018066406
INFO:trainer_layer_backward:0.8225440979003906
INFO:trainer_layer_backward:0.6973743438720703
INFO:trainer_layer_backward:0.8094310760498047
INFO:trainer_layer_backward:0.9870529174804688
INFO:trainer_layer_backward:0.9338855743408203
INFO:trainer_layer_backward:0.7905960083007812
INFO:trainer_layer_backward:0.9827613830566406
INFO:trainer_layer_backward:1.4445781707763672
INFO:trainer_layer_backward:0.9350776672363281
INFO:trainer_layer_backward:0.8258819580078125
INFO:trainer_layer_backward:0.7863044738769531
INFO:trainer_layer_backward:0.8971691131591797
INFO:trainer_layer_backward:0.8087158203125
INFO:trainer_layer_backward:0.7548332214355469
INFO:trainer_layer_backward:0.6537437438964844
INFO:trainer_layer_backward:0.6277561187744141
INFO:trainer_layer_backward:0.6763935089111328
INFO:trainer_layer_backward:0.9152889251708984
INFO:trainer_layer_backward:0.8847713470458984
INFO:trainer_layer_backward:0.9887218475341797
INFO:trainer_layer_backward:0.7841587066650391
INFO:trainer_layer_backward:0.5993843078613281
INFO:trainer_layer_backward:0.5855560302734375
INFO:trainer_layer_backward:0.8223056793212891
INFO:trainer_layer_backward:0.7431507110595703
INFO:trainer_layer_backward:1.088857650756836
INFO:trainer_layer_backward:0.7784366607666016
INFO:trainer_layer_backward:0.6306171417236328
INFO:trainer_layer_backward:0.6763935089111328
INFO:trainer_layer_backward:0.9465217590332031
INFO:trainer_layer_backward:0.8199214935302734
INFO:trainer_layer_backward:0.6382465362548828
INFO:trainer_layer_backward:0.6687641143798828
INFO:trainer_layer_backward:0.8304119110107422
INFO:trainer_layer_backward:0.9179115295410156
INFO:trainer_layer_backward:2.2933483123779297
INFO:trainer_layer_backward:0.5164146423339844
INFO:trainer_layer_backward:0.5273818969726562
INFO:trainer_layer_backward:0.7092952728271484
INFO:trainer_layer_backward:0.7395744323730469
INFO:trainer_layer_backward:0.8714199066162109
INFO:trainer_layer_backward:0.934600830078125
INFO:trainer_layer_backward:0.7576942443847656
INFO:trainer_layer_backward:0.5159378051757812
INFO:trainer_layer_backward:0.9503364562988281
INFO:trainer_layer_backward:0.5171298980712891
INFO:trainer_layer_backward:0.5707740783691406
INFO:trainer_layer_backward:0.5648136138916016
INFO:trainer_layer_backward:0.5388259887695312
INFO:trainer_layer_backward:0.5228519439697266
INFO:trainer_layer_backward:0.4940032958984375
INFO:trainer_layer_backward:0.6988048553466797
INFO:trainer_layer_backward:0.4723072052001953
INFO:trainer_layer_backward:0.48804283142089844
INFO:trainer_layer_backward:1.0020732879638672
INFO:trainer_layer_backward:0.8761882781982422
INFO:trainer_layer_backward:0.8602142333984375
INFO:trainer_layer_backward:0.9365081787109375
INFO:trainer_layer_backward:1.2514591217041016
INFO:trainer_layer_backward:0.7252693176269531
INFO:trainer_layer_backward:0.576019287109375
INFO:trainer_layer_backward:0.7116794586181641
INFO:trainer_layer_backward:0.5724430084228516
INFO:trainer_layer_backward:0.507354736328125
INFO:trainer_layer_backward:0.5488395690917969
INFO:trainer_layer_backward:0.5283355712890625
INFO:trainer_layer_backward:0.5848407745361328
INFO:trainer_layer_backward:0.5857944488525391
INFO:trainer_layer_backward:0.8037090301513672
INFO:trainer_layer_backward:0.9586811065673828
INFO:trainer_layer_backward:1.0333061218261719
INFO:trainer_layer_backward:1.0242462158203125
INFO:trainer_layer_backward:1.0535717010498047
INFO:trainer_layer_backward:0.8101463317871094
INFO:trainer_layer_backward:0.5414485931396484
INFO:trainer_layer_backward:0.4966259002685547
INFO:trainer_layer_backward:0.6284713745117188
INFO:trainer_layer_backward:0.5533695220947266
INFO:trainer_layer_backward:0.5257129669189453
INFO:trainer_layer_backward:0.5414485931396484
INFO:trainer_layer_backward:0.5471706390380859
INFO:trainer_layer_backward:0.6213188171386719
INFO:trainer_layer_backward:0.5321502685546875
INFO:trainer_layer_backward:0.5373954772949219
INFO:trainer_layer_backward:0.5347728729248047
INFO:trainer_layer_backward:0.5083084106445312
INFO:trainer_layer_backward:0.7374286651611328
INFO:trainer_layer_backward:1.0459423065185547
INFO:trainer_layer_backward:0.8831024169921875
