INFO:trainer_layer_backward:CNNEx | mnist
INFO:trainer_layer_backward:in_size : 128 | epochs : 1 | batch : 1
INFO:trainer_layer_backward:kernel_l1 : 65 | 
INFO:trainer_layer_backward:o_channels_l1 : 20 | 
INFO:trainer_layer_backward:learn_num_train : 1000 | learn_num_validate : 0 
INFO:trainer_layer_backward::::::::::::::::::::::::::::::::::::::::::::::::::::::::::::
INFO:trainer_layer_backward:message : conv2 
INFO:trainer_layer_backward::::::::::::::::::::::::::::::::::::::::::::::::::::::::::::
INFO:trainer_layer_backward:Ave_Time : 1.4758938490742384
INFO:trainer_layer_backward::::::::::::::::::::::::::::::::::::::::::::::::::::::::::::
INFO:trainer_layer_backward:1.2722015380859375
INFO:trainer_layer_backward:1.2118816375732422
INFO:trainer_layer_backward:1.2121200561523438
INFO:trainer_layer_backward:1.2362003326416016
INFO:trainer_layer_backward:1.6977787017822266
INFO:trainer_layer_backward:1.3380050659179688
INFO:trainer_layer_backward:1.592397689819336
INFO:trainer_layer_backward:1.4350414276123047
INFO:trainer_layer_backward:1.44195556640625
INFO:trainer_layer_backward:1.3871192932128906
INFO:trainer_layer_backward:1.4483928680419922
INFO:trainer_layer_backward:1.6238689422607422
INFO:trainer_layer_backward:1.4247894287109375
INFO:trainer_layer_backward:1.455068588256836
INFO:trainer_layer_backward:1.3518333435058594
INFO:trainer_layer_backward:1.538991928100586
INFO:trainer_layer_backward:7.776737213134766
INFO:trainer_layer_backward:1.5246868133544922
INFO:trainer_layer_backward:1.462697982788086
INFO:trainer_layer_backward:1.3420581817626953
INFO:trainer_layer_backward:1.8024444580078125
INFO:trainer_layer_backward:1.3892650604248047
INFO:trainer_layer_backward:1.409292221069336
INFO:trainer_layer_backward:1.3616085052490234
INFO:trainer_layer_backward:1.3990402221679688
INFO:trainer_layer_backward:1.2717247009277344
INFO:trainer_layer_backward:1.3799667358398438
INFO:trainer_layer_backward:1.2636184692382812
INFO:trainer_layer_backward:1.295328140258789
INFO:trainer_layer_backward:1.1947154998779297
INFO:trainer_layer_backward:1.2373924255371094
INFO:trainer_layer_backward:1.4035701751708984
INFO:trainer_layer_backward:1.4581680297851562
INFO:trainer_layer_backward:1.4905929565429688
INFO:trainer_layer_backward:1.2726783752441406
INFO:trainer_layer_backward:1.645803451538086
INFO:trainer_layer_backward:1.4696121215820312
INFO:trainer_layer_backward:1.3523101806640625
INFO:trainer_layer_backward:1.4564990997314453
INFO:trainer_layer_backward:1.2505054473876953
INFO:trainer_layer_backward:1.3375282287597656
INFO:trainer_layer_backward:1.2521743774414062
INFO:trainer_layer_backward:1.226663589477539
INFO:trainer_layer_backward:1.392364501953125
INFO:trainer_layer_backward:1.428842544555664
INFO:trainer_layer_backward:1.3327598571777344
INFO:trainer_layer_backward:1.3535022735595703
INFO:trainer_layer_backward:1.7039775848388672
INFO:trainer_layer_backward:1.4166831970214844
INFO:trainer_layer_backward:1.428365707397461
INFO:trainer_layer_backward:1.3973712921142578
INFO:trainer_layer_backward:1.1637210845947266
INFO:trainer_layer_backward:1.1637210845947266
INFO:trainer_layer_backward:1.2383460998535156
INFO:trainer_layer_backward:1.4908313751220703
INFO:trainer_layer_backward:1.2857913970947266
INFO:trainer_layer_backward:1.2929439544677734
INFO:trainer_layer_backward:1.3458728790283203
INFO:trainer_layer_backward:1.3933181762695312
INFO:trainer_layer_backward:1.779317855834961
INFO:trainer_layer_backward:1.4367103576660156
INFO:trainer_layer_backward:1.5375614166259766
INFO:trainer_layer_backward:1.4345645904541016
INFO:trainer_layer_backward:1.3427734375
INFO:trainer_layer_backward:1.6298294067382812
INFO:trainer_layer_backward:1.851797103881836
INFO:trainer_layer_backward:1.4011859893798828
INFO:trainer_layer_backward:1.5091896057128906
INFO:trainer_layer_backward:1.7464160919189453
INFO:trainer_layer_backward:1.5864372253417969
INFO:trainer_layer_backward:5.188941955566406
INFO:trainer_layer_backward:1.1637210845947266
INFO:trainer_layer_backward:1.2459754943847656
INFO:trainer_layer_backward:1.3022422790527344
INFO:trainer_layer_backward:1.2845993041992188
INFO:trainer_layer_backward:1.2569427490234375
INFO:trainer_layer_backward:3.188610076904297
INFO:trainer_layer_backward:1.678466796875
INFO:trainer_layer_backward:1.2865066528320312
INFO:trainer_layer_backward:1.7173290252685547
INFO:trainer_layer_backward:1.5730857849121094
INFO:trainer_layer_backward:1.7790794372558594
INFO:trainer_layer_backward:1.3091564178466797
INFO:trainer_layer_backward:1.1513233184814453
INFO:trainer_layer_backward:1.1749267578125
INFO:trainer_layer_backward:1.2981891632080078
INFO:trainer_layer_backward:1.1708736419677734
INFO:trainer_layer_backward:1.5804767608642578
INFO:trainer_layer_backward:1.287698745727539
INFO:trainer_layer_backward:1.2080669403076172
INFO:trainer_layer_backward:1.2505054473876953
INFO:trainer_layer_backward:1.1529922485351562
INFO:trainer_layer_backward:1.2035369873046875
INFO:trainer_layer_backward:1.2488365173339844
INFO:trainer_layer_backward:1.1165142059326172
INFO:trainer_layer_backward:1.5099048614501953
INFO:trainer_layer_backward:1.3396739959716797
INFO:trainer_layer_backward:1.5006065368652344
INFO:trainer_layer_backward:1.2562274932861328
INFO:trainer_layer_backward:1.4061927795410156
INFO:trainer_layer_backward:1.2066364288330078
INFO:trainer_layer_backward:1.2819766998291016
INFO:trainer_layer_backward:1.1110305786132812
INFO:trainer_layer_backward:1.554250717163086
INFO:trainer_layer_backward:1.689910888671875
INFO:trainer_layer_backward:1.5435218811035156
INFO:trainer_layer_backward:1.447439193725586
INFO:trainer_layer_backward:1.4543533325195312
INFO:trainer_layer_backward:3.0205249786376953
INFO:trainer_layer_backward:1.4951229095458984
INFO:trainer_layer_backward:1.360177993774414
INFO:trainer_layer_backward:1.2776851654052734
INFO:trainer_layer_backward:1.5332698822021484
INFO:trainer_layer_backward:1.699686050415039
INFO:trainer_layer_backward:1.6372203826904297
INFO:trainer_layer_backward:1.8923282623291016
INFO:trainer_layer_backward:1.361846923828125
INFO:trainer_layer_backward:1.405477523803711
INFO:trainer_layer_backward:1.2428760528564453
INFO:trainer_layer_backward:1.262664794921875
INFO:trainer_layer_backward:1.1458396911621094
INFO:trainer_layer_backward:1.0521411895751953
INFO:trainer_layer_backward:1.2433528900146484
INFO:trainer_layer_backward:1.2226104736328125
INFO:trainer_layer_backward:1.4231204986572266
INFO:trainer_layer_backward:1.1837482452392578
INFO:trainer_layer_backward:1.1484622955322266
INFO:trainer_layer_backward:1.2233257293701172
INFO:trainer_layer_backward:1.2445449829101562
INFO:trainer_layer_backward:1.3380050659179688
INFO:trainer_layer_backward:1.3897418975830078
INFO:trainer_layer_backward:1.2416839599609375
INFO:trainer_layer_backward:1.2233257293701172
INFO:trainer_layer_backward:1.1472702026367188
INFO:trainer_layer_backward:1.1355876922607422
INFO:trainer_layer_backward:1.1417865753173828
INFO:trainer_layer_backward:1.116037368774414
INFO:trainer_layer_backward:1.3995170593261719
INFO:trainer_layer_backward:1.3060569763183594
INFO:trainer_layer_backward:1.4019012451171875
INFO:trainer_layer_backward:1.3582706451416016
INFO:trainer_layer_backward:1.4522075653076172
INFO:trainer_layer_backward:1.5769004821777344
INFO:trainer_layer_backward:1.2807846069335938
INFO:trainer_layer_backward:1.1086463928222656
INFO:trainer_layer_backward:1.0766983032226562
INFO:trainer_layer_backward:1.38092041015625
INFO:trainer_layer_backward:1.3256072998046875
INFO:trainer_layer_backward:1.4007091522216797
INFO:trainer_layer_backward:1.5132427215576172
INFO:trainer_layer_backward:1.638174057006836
INFO:trainer_layer_backward:1.2335777282714844
INFO:trainer_layer_backward:1.730203628540039
INFO:trainer_layer_backward:1.224517822265625
INFO:trainer_layer_backward:4.625558853149414
INFO:trainer_layer_backward:1.4154911041259766
INFO:trainer_layer_backward:1.3766288757324219
INFO:trainer_layer_backward:1.2857913970947266
INFO:trainer_layer_backward:1.3413429260253906
INFO:trainer_layer_backward:1.4262199401855469
INFO:trainer_layer_backward:1.6851425170898438
INFO:trainer_layer_backward:1.5952587127685547
INFO:trainer_layer_backward:1.3365745544433594
INFO:trainer_layer_backward:1.367807388305664
INFO:trainer_layer_backward:1.3279914855957031
INFO:trainer_layer_backward:1.3778209686279297
INFO:trainer_layer_backward:1.3370513916015625
INFO:trainer_layer_backward:1.1966228485107422
INFO:trainer_layer_backward:1.1699199676513672
INFO:trainer_layer_backward:1.2257099151611328
INFO:trainer_layer_backward:1.4958381652832031
INFO:trainer_layer_backward:1.3701915740966797
INFO:trainer_layer_backward:1.4629364013671875
INFO:trainer_layer_backward:1.4400482177734375
INFO:trainer_layer_backward:1.3186931610107422
INFO:trainer_layer_backward:1.5599727630615234
INFO:trainer_layer_backward:1.5988349914550781
INFO:trainer_layer_backward:1.5087127685546875
INFO:trainer_layer_backward:1.3802051544189453
INFO:trainer_layer_backward:1.4150142669677734
INFO:trainer_layer_backward:1.3613700866699219
INFO:trainer_layer_backward:1.4872550964355469
INFO:trainer_layer_backward:1.2636184692382812
INFO:trainer_layer_backward:1.3384819030761719
INFO:trainer_layer_backward:1.3642311096191406
INFO:trainer_layer_backward:1.9268989562988281
INFO:trainer_layer_backward:1.33514404296875
INFO:trainer_layer_backward:1.3027191162109375
INFO:trainer_layer_backward:1.4052391052246094
INFO:trainer_layer_backward:1.3544559478759766
INFO:trainer_layer_backward:1.3833045959472656
INFO:trainer_layer_backward:1.397848129272461
INFO:trainer_layer_backward:1.4166831970214844
INFO:trainer_layer_backward:1.3632774353027344
INFO:trainer_layer_backward:1.4221668243408203
INFO:trainer_layer_backward:1.4698505401611328
INFO:trainer_layer_backward:1.386404037475586
INFO:trainer_layer_backward:1.313924789428711
INFO:trainer_layer_backward:1.2743473052978516
INFO:trainer_layer_backward:1.329660415649414
INFO:trainer_layer_backward:1.3594627380371094
INFO:trainer_layer_backward:1.5702247619628906
INFO:trainer_layer_backward:1.2433528900146484
INFO:trainer_layer_backward:1.3687610626220703
INFO:trainer_layer_backward:1.4078617095947266
INFO:trainer_layer_backward:1.5783309936523438
INFO:trainer_layer_backward:1.4712810516357422
INFO:trainer_layer_backward:1.1997222900390625
INFO:trainer_layer_backward:1.1069774627685547
INFO:trainer_layer_backward:1.3120174407958984
INFO:trainer_layer_backward:1.116037368774414
INFO:trainer_layer_backward:1.2998580932617188
INFO:trainer_layer_backward:1.312255859375
INFO:trainer_layer_backward:1.12152099609375
INFO:trainer_layer_backward:1.241922378540039
INFO:trainer_layer_backward:1.1949539184570312
INFO:trainer_layer_backward:1.2638568878173828
INFO:trainer_layer_backward:1.302957534790039
INFO:trainer_layer_backward:1.4777183532714844
INFO:trainer_layer_backward:1.9657611846923828
INFO:trainer_layer_backward:1.798868179321289
INFO:trainer_layer_backward:1.2385845184326172
INFO:trainer_layer_backward:1.4424324035644531
INFO:trainer_layer_backward:1.2707710266113281
INFO:trainer_layer_backward:1.4591217041015625
INFO:trainer_layer_backward:1.440286636352539
INFO:trainer_layer_backward:1.4929771423339844
INFO:trainer_layer_backward:1.4221668243408203
INFO:trainer_layer_backward:1.5861988067626953
INFO:trainer_layer_backward:1.2786388397216797
INFO:trainer_layer_backward:1.188039779663086
INFO:trainer_layer_backward:1.196146011352539
INFO:trainer_layer_backward:1.0666847229003906
INFO:trainer_layer_backward:1.4066696166992188
INFO:trainer_layer_backward:1.7368793487548828
INFO:trainer_layer_backward:1.4770030975341797
INFO:trainer_layer_backward:1.520395278930664
INFO:trainer_layer_backward:1.3954639434814453
INFO:trainer_layer_backward:1.2707710266113281
INFO:trainer_layer_backward:1.45721435546875
INFO:trainer_layer_backward:1.1744499206542969
INFO:trainer_layer_backward:1.2586116790771484
INFO:trainer_layer_backward:1.6260147094726562
INFO:trainer_layer_backward:1.6255378723144531
INFO:trainer_layer_backward:1.77001953125
INFO:trainer_layer_backward:1.7731189727783203
INFO:trainer_layer_backward:1.5811920166015625
INFO:trainer_layer_backward:1.3239383697509766
INFO:trainer_layer_backward:1.5358924865722656
INFO:trainer_layer_backward:1.7008781433105469
INFO:trainer_layer_backward:1.59454345703125
INFO:trainer_layer_backward:1.2760162353515625
INFO:trainer_layer_backward:1.3916492462158203
INFO:trainer_layer_backward:1.3816356658935547
INFO:trainer_layer_backward:1.4684200286865234
INFO:trainer_layer_backward:1.232147216796875
INFO:trainer_layer_backward:1.4495849609375
INFO:trainer_layer_backward:1.4328956604003906
INFO:trainer_layer_backward:1.5575885772705078
INFO:trainer_layer_backward:1.7082691192626953
INFO:trainer_layer_backward:1.4293193817138672
INFO:trainer_layer_backward:1.195669174194336
INFO:trainer_layer_backward:1.4615058898925781
INFO:trainer_layer_backward:1.600027084350586
INFO:trainer_layer_backward:1.3005733489990234
INFO:trainer_layer_backward:1.9385814666748047
INFO:trainer_layer_backward:1.405954360961914
INFO:trainer_layer_backward:1.5323162078857422
INFO:trainer_layer_backward:1.5413761138916016
INFO:trainer_layer_backward:2.685546875
INFO:trainer_layer_backward:1.5401840209960938
INFO:trainer_layer_backward:2.2411346435546875
INFO:trainer_layer_backward:1.3470649719238281
INFO:trainer_layer_backward:1.3141632080078125
INFO:trainer_layer_backward:1.214742660522461
INFO:trainer_layer_backward:1.0793209075927734
INFO:trainer_layer_backward:1.1515617370605469
INFO:trainer_layer_backward:4.259586334228516
INFO:trainer_layer_backward:1.6257762908935547
INFO:trainer_layer_backward:1.8100738525390625
INFO:trainer_layer_backward:1.4553070068359375
INFO:trainer_layer_backward:1.3010501861572266
INFO:trainer_layer_backward:1.4672279357910156
INFO:trainer_layer_backward:1.3325214385986328
INFO:trainer_layer_backward:1.3382434844970703
INFO:trainer_layer_backward:1.1370182037353516
INFO:trainer_layer_backward:1.4758110046386719
INFO:trainer_layer_backward:1.7230510711669922
INFO:trainer_layer_backward:1.2693405151367188
INFO:trainer_layer_backward:1.1794567108154297
INFO:trainer_layer_backward:1.2362003326416016
INFO:trainer_layer_backward:1.4255046844482422
INFO:trainer_layer_backward:1.3537406921386719
INFO:trainer_layer_backward:1.4219284057617188
INFO:trainer_layer_backward:1.344442367553711
INFO:trainer_layer_backward:1.4820098876953125
INFO:trainer_layer_backward:1.2922286987304688
INFO:trainer_layer_backward:1.5385150909423828
INFO:trainer_layer_backward:1.4500617980957031
INFO:trainer_layer_backward:1.2888908386230469
INFO:trainer_layer_backward:1.2753009796142578
INFO:trainer_layer_backward:1.2140274047851562
INFO:trainer_layer_backward:1.2717247009277344
INFO:trainer_layer_backward:1.4324188232421875
INFO:trainer_layer_backward:1.4121532440185547
INFO:trainer_layer_backward:1.2845993041992188
INFO:trainer_layer_backward:1.4224052429199219
INFO:trainer_layer_backward:1.3988018035888672
INFO:trainer_layer_backward:1.4443397521972656
INFO:trainer_layer_backward:1.8999576568603516
INFO:trainer_layer_backward:1.661062240600586
INFO:trainer_layer_backward:1.447439193725586
INFO:trainer_layer_backward:1.6040802001953125
INFO:trainer_layer_backward:1.5180110931396484
INFO:trainer_layer_backward:1.4672279357910156
INFO:trainer_layer_backward:1.4014244079589844
INFO:trainer_layer_backward:1.2888908386230469
INFO:trainer_layer_backward:1.7161369323730469
INFO:trainer_layer_backward:1.230001449584961
INFO:trainer_layer_backward:1.4944076538085938
INFO:trainer_layer_backward:1.413106918334961
INFO:trainer_layer_backward:1.5239715576171875
INFO:trainer_layer_backward:1.4455318450927734
INFO:trainer_layer_backward:1.5146732330322266
INFO:trainer_layer_backward:1.4543533325195312
INFO:trainer_layer_backward:1.4488697052001953
INFO:trainer_layer_backward:1.2183189392089844
INFO:trainer_layer_backward:1.211404800415039
INFO:trainer_layer_backward:1.3928413391113281
INFO:trainer_layer_backward:1.3670921325683594
INFO:trainer_layer_backward:1.5456676483154297
INFO:trainer_layer_backward:1.6033649444580078
INFO:trainer_layer_backward:1.947164535522461
INFO:trainer_layer_backward:1.2466907501220703
INFO:trainer_layer_backward:1.2240409851074219
INFO:trainer_layer_backward:1.2898445129394531
INFO:trainer_layer_backward:1.2271404266357422
INFO:trainer_layer_backward:1.5883445739746094
INFO:trainer_layer_backward:1.5735626220703125
INFO:trainer_layer_backward:1.7306804656982422
INFO:trainer_layer_backward:1.4150142669677734
INFO:trainer_layer_backward:1.415252685546875
INFO:trainer_layer_backward:1.4824867248535156
INFO:trainer_layer_backward:1.4421939849853516
INFO:trainer_layer_backward:1.476287841796875
INFO:trainer_layer_backward:1.5125274658203125
INFO:trainer_layer_backward:1.3186931610107422
INFO:trainer_layer_backward:1.7933845520019531
INFO:trainer_layer_backward:1.3356208801269531
INFO:trainer_layer_backward:1.3599395751953125
INFO:trainer_layer_backward:1.4758110046386719
INFO:trainer_layer_backward:1.2683868408203125
INFO:trainer_layer_backward:1.6565322875976562
INFO:trainer_layer_backward:1.5561580657958984
INFO:trainer_layer_backward:1.7864704132080078
INFO:trainer_layer_backward:1.4717578887939453
INFO:trainer_layer_backward:2.4442672729492188
INFO:trainer_layer_backward:1.520395278930664
INFO:trainer_layer_backward:1.39617919921875
INFO:trainer_layer_backward:13.627290725708008
INFO:trainer_layer_backward:1.5311241149902344
INFO:trainer_layer_backward:1.5175342559814453
INFO:trainer_layer_backward:1.8146038055419922
INFO:trainer_layer_backward:3.6993026733398438
INFO:trainer_layer_backward:1.462697982788086
INFO:trainer_layer_backward:1.9381046295166016
INFO:trainer_layer_backward:1.2826919555664062
INFO:trainer_layer_backward:1.4390945434570312
INFO:trainer_layer_backward:1.7209053039550781
INFO:trainer_layer_backward:1.447916030883789
INFO:trainer_layer_backward:1.6689300537109375
INFO:trainer_layer_backward:1.4548301696777344
INFO:trainer_layer_backward:1.295328140258789
INFO:trainer_layer_backward:1.3930797576904297
INFO:trainer_layer_backward:1.3425350189208984
INFO:trainer_layer_backward:1.3000965118408203
INFO:trainer_layer_backward:1.5401840209960938
INFO:trainer_layer_backward:1.4252662658691406
INFO:trainer_layer_backward:1.52587890625
INFO:trainer_layer_backward:1.4810562133789062
INFO:trainer_layer_backward:1.4369487762451172
INFO:trainer_layer_backward:1.3532638549804688
INFO:trainer_layer_backward:1.3537406921386719
INFO:trainer_layer_backward:1.4674663543701172
INFO:trainer_layer_backward:1.3973712921142578
INFO:trainer_layer_backward:1.5714168548583984
INFO:trainer_layer_backward:1.9602775573730469
INFO:trainer_layer_backward:1.386880874633789
INFO:trainer_layer_backward:1.2810230255126953
INFO:trainer_layer_backward:1.3878345489501953
INFO:trainer_layer_backward:1.54876708984375
INFO:trainer_layer_backward:1.4178752899169922
INFO:trainer_layer_backward:1.3461112976074219
INFO:trainer_layer_backward:1.1954307556152344
INFO:trainer_layer_backward:1.2056827545166016
INFO:trainer_layer_backward:1.3878345489501953
INFO:trainer_layer_backward:1.44195556640625
INFO:trainer_layer_backward:1.1670589447021484
INFO:trainer_layer_backward:1.3740062713623047
INFO:trainer_layer_backward:1.3828277587890625
INFO:trainer_layer_backward:1.8155574798583984
INFO:trainer_layer_backward:1.9688606262207031
INFO:trainer_layer_backward:1.3175010681152344
INFO:trainer_layer_backward:1.2159347534179688
INFO:trainer_layer_backward:1.2843608856201172
INFO:trainer_layer_backward:1.4719963073730469
INFO:trainer_layer_backward:2.167224884033203
INFO:trainer_layer_backward:1.4514923095703125
INFO:trainer_layer_backward:1.4319419860839844
INFO:trainer_layer_backward:1.493215560913086
INFO:trainer_layer_backward:1.413106918334961
INFO:trainer_layer_backward:1.7442703247070312
INFO:trainer_layer_backward:1.3859272003173828
INFO:trainer_layer_backward:1.4133453369140625
INFO:trainer_layer_backward:1.0879039764404297
INFO:trainer_layer_backward:1.3973712921142578
INFO:trainer_layer_backward:1.4910697937011719
INFO:trainer_layer_backward:1.377105712890625
INFO:trainer_layer_backward:3.084897994995117
INFO:trainer_layer_backward:2.1800994873046875
INFO:trainer_layer_backward:1.9257068634033203
INFO:trainer_layer_backward:1.4905929565429688
INFO:trainer_layer_backward:3.192901611328125
INFO:trainer_layer_backward:1.9793510437011719
INFO:trainer_layer_backward:1.8491744995117188
INFO:trainer_layer_backward:1.230001449584961
INFO:trainer_layer_backward:1.5649795532226562
INFO:trainer_layer_backward:1.672506332397461
INFO:trainer_layer_backward:3.680706024169922
INFO:trainer_layer_backward:1.3015270233154297
INFO:trainer_layer_backward:1.390218734741211
INFO:trainer_layer_backward:1.3434886932373047
INFO:trainer_layer_backward:1.4958381652832031
INFO:trainer_layer_backward:1.5861988067626953
INFO:trainer_layer_backward:1.3213157653808594
INFO:trainer_layer_backward:1.4846324920654297
INFO:trainer_layer_backward:1.6741752624511719
INFO:trainer_layer_backward:1.4488697052001953
INFO:trainer_layer_backward:1.4994144439697266
INFO:trainer_layer_backward:1.2805461883544922
INFO:trainer_layer_backward:1.3363361358642578
INFO:trainer_layer_backward:1.5666484832763672
INFO:trainer_layer_backward:1.4863014221191406
INFO:trainer_layer_backward:1.6527175903320312
INFO:trainer_layer_backward:1.4541149139404297
INFO:trainer_layer_backward:1.2826919555664062
INFO:trainer_layer_backward:1.348733901977539
INFO:trainer_layer_backward:1.3813972473144531
INFO:trainer_layer_backward:1.3813972473144531
INFO:trainer_layer_backward:1.4336109161376953
INFO:trainer_layer_backward:1.3909339904785156
INFO:trainer_layer_backward:1.6112327575683594
INFO:trainer_layer_backward:1.3670921325683594
INFO:trainer_layer_backward:1.321554183959961
INFO:trainer_layer_backward:1.371622085571289
INFO:trainer_layer_backward:1.3413429260253906
INFO:trainer_layer_backward:1.2843608856201172
INFO:trainer_layer_backward:1.2822151184082031
INFO:trainer_layer_backward:1.3484954833984375
INFO:trainer_layer_backward:1.3179779052734375
INFO:trainer_layer_backward:1.7442703247070312
INFO:trainer_layer_backward:1.5652179718017578
INFO:trainer_layer_backward:1.3973712921142578
INFO:trainer_layer_backward:1.3785362243652344
INFO:trainer_layer_backward:1.4553070068359375
INFO:trainer_layer_backward:1.3594627380371094
INFO:trainer_layer_backward:1.5535354614257812
INFO:trainer_layer_backward:1.268625259399414
INFO:trainer_layer_backward:1.5292167663574219
INFO:trainer_layer_backward:1.4071464538574219
INFO:trainer_layer_backward:1.2378692626953125
INFO:trainer_layer_backward:1.436471939086914
INFO:trainer_layer_backward:1.7766952514648438
INFO:trainer_layer_backward:1.5637874603271484
INFO:trainer_layer_backward:1.2917518615722656
INFO:trainer_layer_backward:1.413583755493164
INFO:trainer_layer_backward:1.3701915740966797
INFO:trainer_layer_backward:1.4476776123046875
INFO:trainer_layer_backward:1.5475749969482422
INFO:trainer_layer_backward:1.4920234680175781
INFO:trainer_layer_backward:1.2669563293457031
INFO:trainer_layer_backward:1.285552978515625
INFO:trainer_layer_backward:1.4069080352783203
INFO:trainer_layer_backward:1.1475086212158203
INFO:trainer_layer_backward:1.3458728790283203
INFO:trainer_layer_backward:1.4271736145019531
INFO:trainer_layer_backward:1.2421607971191406
INFO:trainer_layer_backward:1.4202594757080078
INFO:trainer_layer_backward:1.3928413391113281
INFO:trainer_layer_backward:1.6698837280273438
INFO:trainer_layer_backward:1.628875732421875
INFO:trainer_layer_backward:1.4529228210449219
INFO:trainer_layer_backward:1.730203628540039
INFO:trainer_layer_backward:1.4996528625488281
INFO:trainer_layer_backward:1.4421939849853516
INFO:trainer_layer_backward:2.1996498107910156
INFO:trainer_layer_backward:2.045154571533203
INFO:trainer_layer_backward:1.2712478637695312
INFO:trainer_layer_backward:1.4688968658447266
INFO:trainer_layer_backward:1.6262531280517578
INFO:trainer_layer_backward:1.8002986907958984
INFO:trainer_layer_backward:1.4545917510986328
INFO:trainer_layer_backward:1.936197280883789
INFO:trainer_layer_backward:1.4655590057373047
INFO:trainer_layer_backward:1.4455318450927734
INFO:trainer_layer_backward:1.3976097106933594
INFO:trainer_layer_backward:1.501321792602539
INFO:trainer_layer_backward:1.4085769653320312
INFO:trainer_layer_backward:1.1909008026123047
INFO:trainer_layer_backward:1.1894702911376953
INFO:trainer_layer_backward:1.405954360961914
INFO:trainer_layer_backward:1.2562274932861328
INFO:trainer_layer_backward:1.4705657958984375
INFO:trainer_layer_backward:1.4357566833496094
INFO:trainer_layer_backward:1.3620853424072266
INFO:trainer_layer_backward:1.5985965728759766
INFO:trainer_layer_backward:2.101898193359375
INFO:trainer_layer_backward:1.3949871063232422
INFO:trainer_layer_backward:1.5888214111328125
INFO:trainer_layer_backward:1.3632774353027344
INFO:trainer_layer_backward:1.348733901977539
INFO:trainer_layer_backward:1.3685226440429688
INFO:trainer_layer_backward:1.2950897216796875
INFO:trainer_layer_backward:1.409769058227539
INFO:trainer_layer_backward:1.3556480407714844
INFO:trainer_layer_backward:2.1238327026367188
INFO:trainer_layer_backward:1.5594959259033203
INFO:trainer_layer_backward:1.4603137969970703
INFO:trainer_layer_backward:1.8095970153808594
INFO:trainer_layer_backward:1.6744136810302734
INFO:trainer_layer_backward:1.5108585357666016
INFO:trainer_layer_backward:1.2116432189941406
INFO:trainer_layer_backward:1.3146400451660156
INFO:trainer_layer_backward:1.1992454528808594
INFO:trainer_layer_backward:1.3246536254882812
INFO:trainer_layer_backward:1.581430435180664
INFO:trainer_layer_backward:1.4057159423828125
INFO:trainer_layer_backward:1.3327598571777344
INFO:trainer_layer_backward:1.1239051818847656
INFO:trainer_layer_backward:1.260995864868164
INFO:trainer_layer_backward:1.329660415649414
INFO:trainer_layer_backward:1.4598369598388672
INFO:trainer_layer_backward:1.3091564178466797
INFO:trainer_layer_backward:1.3358592987060547
INFO:trainer_layer_backward:1.2252330780029297
INFO:trainer_layer_backward:1.1515617370605469
INFO:trainer_layer_backward:1.461029052734375
INFO:trainer_layer_backward:1.7249584197998047
INFO:trainer_layer_backward:1.4712810516357422
INFO:trainer_layer_backward:1.277923583984375
INFO:trainer_layer_backward:1.4185905456542969
INFO:trainer_layer_backward:1.3861656188964844
INFO:trainer_layer_backward:1.3086795806884766
INFO:trainer_layer_backward:1.6667842864990234
INFO:trainer_layer_backward:1.356363296508789
INFO:trainer_layer_backward:1.8129348754882812
INFO:trainer_layer_backward:1.8336772918701172
INFO:trainer_layer_backward:1.4982223510742188
INFO:trainer_layer_backward:1.5759468078613281
INFO:trainer_layer_backward:1.836538314819336
INFO:trainer_layer_backward:1.2471675872802734
INFO:trainer_layer_backward:1.1730194091796875
INFO:trainer_layer_backward:1.2946128845214844
INFO:trainer_layer_backward:1.291036605834961
INFO:trainer_layer_backward:1.1546611785888672
INFO:trainer_layer_backward:1.1754035949707031
INFO:trainer_layer_backward:1.1875629425048828
INFO:trainer_layer_backward:1.1360645294189453
INFO:trainer_layer_backward:1.283884048461914
INFO:trainer_layer_backward:1.2307167053222656
INFO:trainer_layer_backward:1.3415813446044922
INFO:trainer_layer_backward:1.6269683837890625
INFO:trainer_layer_backward:1.5637874603271484
INFO:trainer_layer_backward:1.6283988952636719
INFO:trainer_layer_backward:1.3170242309570312
INFO:trainer_layer_backward:1.2390613555908203
INFO:trainer_layer_backward:1.5654563903808594
INFO:trainer_layer_backward:1.3434886932373047
INFO:trainer_layer_backward:1.317739486694336
INFO:trainer_layer_backward:1.6019344329833984
INFO:trainer_layer_backward:1.3952255249023438
INFO:trainer_layer_backward:2.1123886108398438
INFO:trainer_layer_backward:1.272439956665039
INFO:trainer_layer_backward:1.234292984008789
INFO:trainer_layer_backward:1.2669563293457031
INFO:trainer_layer_backward:1.3594627380371094
INFO:trainer_layer_backward:1.2867450714111328
INFO:trainer_layer_backward:1.1742115020751953
INFO:trainer_layer_backward:1.294851303100586
INFO:trainer_layer_backward:1.363992691040039
INFO:trainer_layer_backward:1.3086795806884766
INFO:trainer_layer_backward:1.224517822265625
INFO:trainer_layer_backward:1.306772232055664
INFO:trainer_layer_backward:1.6999244689941406
INFO:trainer_layer_backward:1.65557861328125
INFO:trainer_layer_backward:1.4638900756835938
INFO:trainer_layer_backward:1.6837120056152344
INFO:trainer_layer_backward:1.573801040649414
INFO:trainer_layer_backward:1.4090538024902344
INFO:trainer_layer_backward:1.3210773468017578
INFO:trainer_layer_backward:1.3217926025390625
INFO:trainer_layer_backward:1.2552738189697266
INFO:trainer_layer_backward:1.2669563293457031
INFO:trainer_layer_backward:1.3630390167236328
INFO:trainer_layer_backward:1.2581348419189453
INFO:trainer_layer_backward:1.47247314453125
INFO:trainer_layer_backward:1.360177993774414
INFO:trainer_layer_backward:1.4100074768066406
INFO:trainer_layer_backward:2.269744873046875
INFO:trainer_layer_backward:1.5621185302734375
INFO:trainer_layer_backward:1.4209747314453125
INFO:trainer_layer_backward:1.333475112915039
INFO:trainer_layer_backward:1.7044544219970703
INFO:trainer_layer_backward:1.7337799072265625
INFO:trainer_layer_backward:1.7285346984863281
INFO:trainer_layer_backward:2.3462772369384766
INFO:trainer_layer_backward:1.5628337860107422
INFO:trainer_layer_backward:1.5423297882080078
INFO:trainer_layer_backward:1.64794921875
INFO:trainer_layer_backward:1.4278888702392578
INFO:trainer_layer_backward:1.5506744384765625
INFO:trainer_layer_backward:1.3594627380371094
INFO:trainer_layer_backward:1.4297962188720703
INFO:trainer_layer_backward:1.4460086822509766
INFO:trainer_layer_backward:1.2423992156982422
INFO:trainer_layer_backward:1.2538433074951172
INFO:trainer_layer_backward:1.2524127960205078
INFO:trainer_layer_backward:1.2362003326416016
INFO:trainer_layer_backward:1.2621879577636719
INFO:trainer_layer_backward:1.5752315521240234
INFO:trainer_layer_backward:1.7199516296386719
INFO:trainer_layer_backward:1.3244152069091797
INFO:trainer_layer_backward:1.6193389892578125
INFO:trainer_layer_backward:1.7642974853515625
INFO:trainer_layer_backward:1.529693603515625
INFO:trainer_layer_backward:1.2526512145996094
INFO:trainer_layer_backward:1.2712478637695312
INFO:trainer_layer_backward:1.4834403991699219
INFO:trainer_layer_backward:1.402139663696289
INFO:trainer_layer_backward:1.47247314453125
INFO:trainer_layer_backward:1.474142074584961
INFO:trainer_layer_backward:1.9698143005371094
INFO:trainer_layer_backward:1.3399124145507812
INFO:trainer_layer_backward:1.4269351959228516
INFO:trainer_layer_backward:1.5337467193603516
INFO:trainer_layer_backward:1.3897418975830078
INFO:trainer_layer_backward:1.447439193725586
INFO:trainer_layer_backward:1.3859272003173828
INFO:trainer_layer_backward:1.3554096221923828
INFO:trainer_layer_backward:1.3535022735595703
INFO:trainer_layer_backward:1.3802051544189453
INFO:trainer_layer_backward:1.3794898986816406
INFO:trainer_layer_backward:1.5575885772705078
INFO:trainer_layer_backward:1.3535022735595703
INFO:trainer_layer_backward:1.6050338745117188
INFO:trainer_layer_backward:1.6393661499023438
INFO:trainer_layer_backward:1.48773193359375
INFO:trainer_layer_backward:1.7807483673095703
INFO:trainer_layer_backward:1.3821125030517578
INFO:trainer_layer_backward:1.5118122100830078
INFO:trainer_layer_backward:1.4042854309082031
INFO:trainer_layer_backward:1.3358592987060547
INFO:trainer_layer_backward:1.3155937194824219
INFO:trainer_layer_backward:1.28173828125
INFO:trainer_layer_backward:2.043485641479492
INFO:trainer_layer_backward:2.546072006225586
INFO:trainer_layer_backward:1.5552043914794922
INFO:trainer_layer_backward:2.543210983276367
INFO:trainer_layer_backward:1.6775131225585938
INFO:trainer_layer_backward:1.787424087524414
INFO:trainer_layer_backward:1.2431144714355469
INFO:trainer_layer_backward:1.5494823455810547
INFO:trainer_layer_backward:1.6031265258789062
INFO:trainer_layer_backward:1.2316703796386719
INFO:trainer_layer_backward:1.3113021850585938
INFO:trainer_layer_backward:4.493951797485352
INFO:trainer_layer_backward:1.3265609741210938
INFO:trainer_layer_backward:1.462697982788086
INFO:trainer_layer_backward:1.5518665313720703
INFO:trainer_layer_backward:1.575469970703125
INFO:trainer_layer_backward:1.3914108276367188
INFO:trainer_layer_backward:1.390695571899414
INFO:trainer_layer_backward:1.2977123260498047
INFO:trainer_layer_backward:1.386880874633789
INFO:trainer_layer_backward:1.348733901977539
INFO:trainer_layer_backward:1.294851303100586
INFO:trainer_layer_backward:1.1930465698242188
INFO:trainer_layer_backward:1.3492107391357422
INFO:trainer_layer_backward:1.2552738189697266
INFO:trainer_layer_backward:1.283884048461914
INFO:trainer_layer_backward:1.2476444244384766
INFO:trainer_layer_backward:1.4421939849853516
INFO:trainer_layer_backward:1.508951187133789
INFO:trainer_layer_backward:1.6124248504638672
INFO:trainer_layer_backward:1.2249946594238281
INFO:trainer_layer_backward:1.218557357788086
INFO:trainer_layer_backward:1.4612674713134766
INFO:trainer_layer_backward:1.2607574462890625
INFO:trainer_layer_backward:1.3387203216552734
INFO:trainer_layer_backward:1.2822151184082031
INFO:trainer_layer_backward:1.2087821960449219
INFO:trainer_layer_backward:1.2354850769042969
INFO:trainer_layer_backward:1.2466907501220703
INFO:trainer_layer_backward:1.4460086822509766
INFO:trainer_layer_backward:1.2705326080322266
INFO:trainer_layer_backward:1.1408329010009766
INFO:trainer_layer_backward:1.285552978515625
INFO:trainer_layer_backward:1.6083717346191406
INFO:trainer_layer_backward:1.5795230865478516
INFO:trainer_layer_backward:1.2106895446777344
INFO:trainer_layer_backward:1.1751651763916016
INFO:trainer_layer_backward:1.1255741119384766
INFO:trainer_layer_backward:1.142740249633789
INFO:trainer_layer_backward:1.2440681457519531
INFO:trainer_layer_backward:1.2786388397216797
INFO:trainer_layer_backward:1.1548995971679688
INFO:trainer_layer_backward:1.2211799621582031
INFO:trainer_layer_backward:1.1413097381591797
INFO:trainer_layer_backward:1.1768341064453125
INFO:trainer_layer_backward:1.3265609741210938
INFO:trainer_layer_backward:1.192331314086914
INFO:trainer_layer_backward:2.25830078125
INFO:trainer_layer_backward:2.1114349365234375
INFO:trainer_layer_backward:1.596689224243164
INFO:trainer_layer_backward:1.6016960144042969
INFO:trainer_layer_backward:1.4493465423583984
INFO:trainer_layer_backward:1.3337135314941406
INFO:trainer_layer_backward:1.2810230255126953
INFO:trainer_layer_backward:1.2440681457519531
INFO:trainer_layer_backward:1.4405250549316406
INFO:trainer_layer_backward:1.1563301086425781
INFO:trainer_layer_backward:1.2273788452148438
INFO:trainer_layer_backward:1.3132095336914062
INFO:trainer_layer_backward:1.3580322265625
INFO:trainer_layer_backward:1.4858245849609375
INFO:trainer_layer_backward:1.3113021850585938
INFO:trainer_layer_backward:1.3759136199951172
INFO:trainer_layer_backward:1.1949539184570312
INFO:trainer_layer_backward:1.3043880462646484
INFO:trainer_layer_backward:1.280069351196289
INFO:trainer_layer_backward:1.369476318359375
INFO:trainer_layer_backward:1.1811256408691406
INFO:trainer_layer_backward:1.2183189392089844
INFO:trainer_layer_backward:1.230478286743164
INFO:trainer_layer_backward:1.3930797576904297
INFO:trainer_layer_backward:1.3070106506347656
INFO:trainer_layer_backward:1.4209747314453125
INFO:trainer_layer_backward:1.2311935424804688
INFO:trainer_layer_backward:1.4400482177734375
INFO:trainer_layer_backward:1.4684200286865234
INFO:trainer_layer_backward:1.3458728790283203
INFO:trainer_layer_backward:1.3213157653808594
INFO:trainer_layer_backward:1.3747215270996094
INFO:trainer_layer_backward:1.2311935424804688
INFO:trainer_layer_backward:1.3132095336914062
INFO:trainer_layer_backward:1.2218952178955078
INFO:trainer_layer_backward:1.6031265258789062
INFO:trainer_layer_backward:1.1792182922363281
INFO:trainer_layer_backward:1.2209415435791016
INFO:trainer_layer_backward:1.4162063598632812
INFO:trainer_layer_backward:1.184225082397461
INFO:trainer_layer_backward:1.2040138244628906
INFO:trainer_layer_backward:1.2960433959960938
INFO:trainer_layer_backward:1.2197494506835938
INFO:trainer_layer_backward:1.1258125305175781
INFO:trainer_layer_backward:1.0960102081298828
INFO:trainer_layer_backward:1.1279582977294922
INFO:trainer_layer_backward:1.0631084442138672
INFO:trainer_layer_backward:1.27410888671875
INFO:trainer_layer_backward:1.0836124420166016
INFO:trainer_layer_backward:1.0859966278076172
INFO:trainer_layer_backward:1.0597705841064453
INFO:trainer_layer_backward:1.1568069458007812
INFO:trainer_layer_backward:1.3518333435058594
INFO:trainer_layer_backward:1.2378692626953125
INFO:trainer_layer_backward:1.2993812561035156
INFO:trainer_layer_backward:1.46484375
INFO:trainer_layer_backward:1.2733936309814453
INFO:trainer_layer_backward:1.2726783752441406
INFO:trainer_layer_backward:1.298666000366211
INFO:trainer_layer_backward:1.2569427490234375
INFO:trainer_layer_backward:1.2166500091552734
INFO:trainer_layer_backward:1.3113021850585938
INFO:trainer_layer_backward:1.1363029479980469
INFO:trainer_layer_backward:1.4445781707763672
INFO:trainer_layer_backward:1.336812973022461
INFO:trainer_layer_backward:1.417398452758789
INFO:trainer_layer_backward:1.2919902801513672
INFO:trainer_layer_backward:1.443624496459961
INFO:trainer_layer_backward:1.2538433074951172
INFO:trainer_layer_backward:1.4383792877197266
INFO:trainer_layer_backward:1.2819766998291016
INFO:trainer_layer_backward:1.2280941009521484
INFO:trainer_layer_backward:1.4958381652832031
INFO:trainer_layer_backward:1.361846923828125
INFO:trainer_layer_backward:1.9884109497070312
INFO:trainer_layer_backward:1.3153553009033203
INFO:trainer_layer_backward:1.474618911743164
INFO:trainer_layer_backward:1.8107891082763672
INFO:trainer_layer_backward:1.5592575073242188
INFO:trainer_layer_backward:1.5113353729248047
INFO:trainer_layer_backward:1.6522407531738281
INFO:trainer_layer_backward:1.554727554321289
INFO:trainer_layer_backward:1.5950202941894531
INFO:trainer_layer_backward:1.4843940734863281
INFO:trainer_layer_backward:2.3567676544189453
INFO:trainer_layer_backward:1.470804214477539
INFO:trainer_layer_backward:1.2919902801513672
INFO:trainer_layer_backward:1.5339851379394531
INFO:trainer_layer_backward:1.3756752014160156
INFO:trainer_layer_backward:1.386404037475586
INFO:trainer_layer_backward:1.7781257629394531
INFO:trainer_layer_backward:1.2214183807373047
INFO:trainer_layer_backward:1.3909339904785156
INFO:trainer_layer_backward:1.5316009521484375
INFO:trainer_layer_backward:1.7344951629638672
INFO:trainer_layer_backward:1.3148784637451172
INFO:trainer_layer_backward:1.5037059783935547
INFO:trainer_layer_backward:1.5611648559570312
INFO:trainer_layer_backward:1.4486312866210938
INFO:trainer_layer_backward:1.4867782592773438
INFO:trainer_layer_backward:1.561880111694336
INFO:trainer_layer_backward:1.4696121215820312
INFO:trainer_layer_backward:1.2989044189453125
INFO:trainer_layer_backward:1.3539791107177734
INFO:trainer_layer_backward:1.3899803161621094
INFO:trainer_layer_backward:1.3933181762695312
INFO:trainer_layer_backward:1.2879371643066406
INFO:trainer_layer_backward:1.5726089477539062
INFO:trainer_layer_backward:1.5282630920410156
INFO:trainer_layer_backward:1.7240047454833984
INFO:trainer_layer_backward:1.2636184692382812
INFO:trainer_layer_backward:1.302957534790039
INFO:trainer_layer_backward:1.3668537139892578
INFO:trainer_layer_backward:1.3506412506103516
INFO:trainer_layer_backward:1.5611648559570312
INFO:trainer_layer_backward:1.531839370727539
INFO:trainer_layer_backward:1.4605522155761719
INFO:trainer_layer_backward:1.3277530670166016
INFO:trainer_layer_backward:1.5065670013427734
INFO:trainer_layer_backward:1.4469623565673828
INFO:trainer_layer_backward:1.4128684997558594
INFO:trainer_layer_backward:1.4247894287109375
INFO:trainer_layer_backward:1.4157295227050781
INFO:trainer_layer_backward:3.851652145385742
INFO:trainer_layer_backward:1.9907951354980469
INFO:trainer_layer_backward:2.607107162475586
INFO:trainer_layer_backward:1.3527870178222656
INFO:trainer_layer_backward:1.2488365173339844
INFO:trainer_layer_backward:1.2390613555908203
INFO:trainer_layer_backward:1.5454292297363281
INFO:trainer_layer_backward:1.2056827545166016
INFO:trainer_layer_backward:1.340627670288086
INFO:trainer_layer_backward:1.4107227325439453
INFO:trainer_layer_backward:1.3158321380615234
INFO:trainer_layer_backward:1.4379024505615234
INFO:trainer_layer_backward:1.234292984008789
INFO:trainer_layer_backward:1.2021064758300781
INFO:trainer_layer_backward:1.1582374572753906
INFO:trainer_layer_backward:1.2564659118652344
INFO:trainer_layer_backward:1.3256072998046875
INFO:trainer_layer_backward:1.6295909881591797
INFO:trainer_layer_backward:1.3191699981689453
INFO:trainer_layer_backward:1.3408660888671875
INFO:trainer_layer_backward:1.390218734741211
INFO:trainer_layer_backward:1.2464523315429688
INFO:trainer_layer_backward:1.4262199401855469
INFO:trainer_layer_backward:1.3267993927001953
INFO:trainer_layer_backward:1.5406608581542969
INFO:trainer_layer_backward:1.3887882232666016
INFO:trainer_layer_backward:1.4157295227050781
INFO:trainer_layer_backward:1.725912094116211
INFO:trainer_layer_backward:1.4805793762207031
INFO:trainer_layer_backward:1.6322135925292969
INFO:trainer_layer_backward:1.4603137969970703
INFO:trainer_layer_backward:1.3339519500732422
INFO:trainer_layer_backward:1.302480697631836
INFO:trainer_layer_backward:1.4312267303466797
INFO:trainer_layer_backward:1.2502670288085938
INFO:trainer_layer_backward:1.3625621795654297
INFO:trainer_layer_backward:1.1594295501708984
INFO:trainer_layer_backward:1.6510486602783203
INFO:trainer_layer_backward:1.2784004211425781
INFO:trainer_layer_backward:1.186370849609375
INFO:trainer_layer_backward:1.1589527130126953
INFO:trainer_layer_backward:1.2242794036865234
INFO:trainer_layer_backward:1.1670589447021484
INFO:trainer_layer_backward:1.5861988067626953
INFO:trainer_layer_backward:3.139019012451172
INFO:trainer_layer_backward:1.4505386352539062
INFO:trainer_layer_backward:1.107931137084961
INFO:trainer_layer_backward:1.1680126190185547
INFO:trainer_layer_backward:1.642465591430664
INFO:trainer_layer_backward:1.1980533599853516
INFO:trainer_layer_backward:1.2624263763427734
INFO:trainer_layer_backward:1.2309551239013672
INFO:trainer_layer_backward:1.2526512145996094
INFO:trainer_layer_backward:1.9886493682861328
INFO:trainer_layer_backward:1.5225410461425781
INFO:trainer_layer_backward:2.0487308502197266
INFO:trainer_layer_backward:1.2786388397216797
INFO:trainer_layer_backward:1.6367435455322266
INFO:trainer_layer_backward:2.0754337310791016
INFO:trainer_layer_backward:1.3425350189208984
INFO:trainer_layer_backward:1.3818740844726562
INFO:trainer_layer_backward:1.0762214660644531
INFO:trainer_layer_backward:2.6259422302246094
INFO:trainer_layer_backward:1.2526512145996094
INFO:trainer_layer_backward:1.1692047119140625
INFO:trainer_layer_backward:1.3082027435302734
INFO:trainer_layer_backward:2.0761489868164062
INFO:trainer_layer_backward:1.4781951904296875
INFO:trainer_layer_backward:2.1352767944335938
INFO:trainer_layer_backward:1.3239383697509766
INFO:trainer_layer_backward:1.5277862548828125
INFO:trainer_layer_backward:1.3916492462158203
INFO:trainer_layer_backward:1.28936767578125
INFO:trainer_layer_backward:1.6522407531738281
INFO:trainer_layer_backward:1.5399456024169922
INFO:trainer_layer_backward:1.1515617370605469
INFO:trainer_layer_backward:1.0998249053955078
INFO:trainer_layer_backward:1.0409355163574219
INFO:trainer_layer_backward:1.4095306396484375
INFO:trainer_layer_backward:1.1029243469238281
INFO:trainer_layer_backward:1.171112060546875
INFO:trainer_layer_backward:1.3937950134277344
INFO:trainer_layer_backward:1.7285346984863281
INFO:trainer_layer_backward:1.501321792602539
INFO:trainer_layer_backward:1.2874603271484375
INFO:trainer_layer_backward:1.3556480407714844
INFO:trainer_layer_backward:1.2586116790771484
INFO:trainer_layer_backward:1.1589527130126953
INFO:trainer_layer_backward:1.3265609741210938
INFO:trainer_layer_backward:1.2447834014892578
INFO:trainer_layer_backward:1.3294219970703125
INFO:trainer_layer_backward:1.2662410736083984
INFO:trainer_layer_backward:1.4226436614990234
INFO:trainer_layer_backward:1.3439655303955078
INFO:trainer_layer_backward:1.7139911651611328
INFO:trainer_layer_backward:1.3537406921386719
INFO:trainer_layer_backward:1.2178421020507812
INFO:trainer_layer_backward:1.2369155883789062
INFO:trainer_layer_backward:1.2607574462890625
INFO:trainer_layer_backward:1.2102127075195312
INFO:trainer_layer_backward:1.468658447265625
INFO:trainer_layer_backward:1.2753009796142578
INFO:trainer_layer_backward:1.3620853424072266
INFO:trainer_layer_backward:1.2009143829345703
INFO:trainer_layer_backward:1.3375282287597656
INFO:trainer_layer_backward:1.5320777893066406
INFO:trainer_layer_backward:1.4538764953613281
INFO:trainer_layer_backward:2.0678043365478516
INFO:trainer_layer_backward:4.420757293701172
INFO:trainer_layer_backward:1.4617443084716797
INFO:trainer_layer_backward:1.4553070068359375
INFO:trainer_layer_backward:1.5044212341308594
INFO:trainer_layer_backward:1.7066001892089844
INFO:trainer_layer_backward:1.3127326965332031
INFO:trainer_layer_backward:1.3163089752197266
INFO:trainer_layer_backward:1.585245132446289
INFO:trainer_layer_backward:1.5325546264648438
INFO:trainer_layer_backward:1.554250717163086
INFO:trainer_layer_backward:1.3003349304199219
INFO:trainer_layer_backward:2.1386146545410156
INFO:trainer_layer_backward:1.8465518951416016
INFO:trainer_layer_backward:1.5404224395751953
INFO:trainer_layer_backward:1.3570785522460938
INFO:trainer_layer_backward:1.3885498046875
INFO:trainer_layer_backward:1.558065414428711
INFO:trainer_layer_backward:1.237630844116211
INFO:trainer_layer_backward:1.4061927795410156
INFO:trainer_layer_backward:1.268148422241211
INFO:trainer_layer_backward:1.2080669403076172
INFO:trainer_layer_backward:1.6105175018310547
INFO:trainer_layer_backward:1.4715194702148438
INFO:trainer_layer_backward:1.5344619750976562
INFO:trainer_layer_backward:1.4529228210449219
INFO:trainer_layer_backward:1.356363296508789
INFO:trainer_layer_backward:1.1968612670898438
INFO:trainer_layer_backward:1.6777515411376953
INFO:trainer_layer_backward:1.7313957214355469
INFO:trainer_layer_backward:1.4295578002929688
INFO:trainer_layer_backward:1.4879703521728516
INFO:trainer_layer_backward:1.5330314636230469
INFO:trainer_layer_backward:1.6303062438964844
INFO:trainer_layer_backward:1.1663436889648438
INFO:trainer_layer_backward:1.1479854583740234
INFO:trainer_layer_backward:1.3432502746582031
INFO:trainer_layer_backward:1.1997222900390625
INFO:trainer_layer_backward:1.451730728149414
