INFO:trainer_layer_backward:FFT_CNNEx | mnist
INFO:trainer_layer_backward:in_size : 64 | epochs : 1 | batch : 1
INFO:trainer_layer_backward:kernel_l1 : 33 | 
INFO:trainer_layer_backward:o_channels_l1 : 20 | 
INFO:trainer_layer_backward:learn_num_train : 1000 | learn_num_validate : 0 
INFO:trainer_layer_backward::::::::::::::::::::::::::::::::::::::::::::::::::::::::::::
INFO:trainer_layer_backward:message : fft_conv2 
INFO:trainer_layer_backward::::::::::::::::::::::::::::::::::::::::::::::::::::::::::::
INFO:trainer_layer_backward:Ave_Time : 3.119066989783085
INFO:trainer_layer_backward::::::::::::::::::::::::::::::::::::::::::::::::::::::::::::
INFO:trainer_layer_backward:2.071857452392578
INFO:trainer_layer_backward:5.52821159362793
INFO:trainer_layer_backward:3.7994384765625
INFO:trainer_layer_backward:7.381439208984375
INFO:trainer_layer_backward:2.1119117736816406
INFO:trainer_layer_backward:2.060413360595703
INFO:trainer_layer_backward:2.1436214447021484
INFO:trainer_layer_backward:2.5560855865478516
INFO:trainer_layer_backward:2.145528793334961
INFO:trainer_layer_backward:2.164602279663086
INFO:trainer_layer_backward:2.357006072998047
INFO:trainer_layer_backward:2.048969268798828
INFO:trainer_layer_backward:2.0303726196289062
INFO:trainer_layer_backward:2.550840377807617
INFO:trainer_layer_backward:3.3566951751708984
INFO:trainer_layer_backward:2.835988998413086
INFO:trainer_layer_backward:2.829313278198242
INFO:trainer_layer_backward:1.8846988677978516
INFO:trainer_layer_backward:2.660989761352539
INFO:trainer_layer_backward:2.7098655700683594
INFO:trainer_layer_backward:2.6764869689941406
INFO:trainer_layer_backward:3.7872791290283203
INFO:trainer_layer_backward:2.5014877319335938
INFO:trainer_layer_backward:3.1769275665283203
INFO:trainer_layer_backward:2.380847930908203
INFO:trainer_layer_backward:2.363443374633789
INFO:trainer_layer_backward:3.860950469970703
INFO:trainer_layer_backward:3.511667251586914
INFO:trainer_layer_backward:2.89154052734375
INFO:trainer_layer_backward:3.2503604888916016
INFO:trainer_layer_backward:3.185749053955078
INFO:trainer_layer_backward:2.7108192443847656
INFO:trainer_layer_backward:3.141641616821289
INFO:trainer_layer_backward:3.8340091705322266
INFO:trainer_layer_backward:2.7120113372802734
INFO:trainer_layer_backward:2.4051666259765625
INFO:trainer_layer_backward:2.2416114807128906
INFO:trainer_layer_backward:2.146482467651367
INFO:trainer_layer_backward:3.4019947052001953
INFO:trainer_layer_backward:3.7567615509033203
INFO:trainer_layer_backward:3.2143592834472656
INFO:trainer_layer_backward:2.870321273803711
INFO:trainer_layer_backward:2.9175281524658203
INFO:trainer_layer_backward:2.2132396697998047
INFO:trainer_layer_backward:2.768993377685547
INFO:trainer_layer_backward:1.9764900207519531
INFO:trainer_layer_backward:2.379179000854492
INFO:trainer_layer_backward:3.0565261840820312
INFO:trainer_layer_backward:3.2629966735839844
INFO:trainer_layer_backward:3.6890506744384766
INFO:trainer_layer_backward:3.2024383544921875
INFO:trainer_layer_backward:5.48553466796875
INFO:trainer_layer_backward:3.2815933227539062
INFO:trainer_layer_backward:3.263235092163086
INFO:trainer_layer_backward:2.265453338623047
INFO:trainer_layer_backward:2.4657249450683594
INFO:trainer_layer_backward:3.038167953491211
INFO:trainer_layer_backward:2.6865005493164062
INFO:trainer_layer_backward:2.340078353881836
INFO:trainer_layer_backward:3.4270286560058594
INFO:trainer_layer_backward:3.5996437072753906
INFO:trainer_layer_backward:3.0574798583984375
INFO:trainer_layer_backward:2.5665760040283203
INFO:trainer_layer_backward:2.882242202758789
INFO:trainer_layer_backward:2.4569034576416016
INFO:trainer_layer_backward:2.8569698333740234
INFO:trainer_layer_backward:2.602815628051758
INFO:trainer_layer_backward:2.621889114379883
INFO:trainer_layer_backward:2.535104751586914
INFO:trainer_layer_backward:2.5522708892822266
INFO:trainer_layer_backward:2.378702163696289
INFO:trainer_layer_backward:3.2196044921875
INFO:trainer_layer_backward:3.059864044189453
INFO:trainer_layer_backward:3.3197402954101562
INFO:trainer_layer_backward:4.201650619506836
INFO:trainer_layer_backward:5.601167678833008
INFO:trainer_layer_backward:3.0922889709472656
INFO:trainer_layer_backward:2.7866363525390625
INFO:trainer_layer_backward:2.277851104736328
INFO:trainer_layer_backward:3.7720203399658203
INFO:trainer_layer_backward:2.9201507568359375
INFO:trainer_layer_backward:3.3185482025146484
INFO:trainer_layer_backward:3.792285919189453
INFO:trainer_layer_backward:2.6581287384033203
INFO:trainer_layer_backward:2.645254135131836
INFO:trainer_layer_backward:3.976583480834961
INFO:trainer_layer_backward:3.844738006591797
INFO:trainer_layer_backward:2.7222633361816406
INFO:trainer_layer_backward:3.1249523162841797
INFO:trainer_layer_backward:2.2258758544921875
INFO:trainer_layer_backward:3.794431686401367
INFO:trainer_layer_backward:3.354787826538086
INFO:trainer_layer_backward:3.634214401245117
INFO:trainer_layer_backward:2.954721450805664
INFO:trainer_layer_backward:2.2678375244140625
INFO:trainer_layer_backward:2.652883529663086
INFO:trainer_layer_backward:4.569530487060547
INFO:trainer_layer_backward:4.097938537597656
INFO:trainer_layer_backward:2.5756359100341797
INFO:trainer_layer_backward:2.164602279663086
INFO:trainer_layer_backward:2.4938583374023438
INFO:trainer_layer_backward:3.745555877685547
INFO:trainer_layer_backward:1.8668174743652344
INFO:trainer_layer_backward:2.8083324432373047
INFO:trainer_layer_backward:2.9594898223876953
INFO:trainer_layer_backward:3.0629634857177734
INFO:trainer_layer_backward:3.6573410034179688
INFO:trainer_layer_backward:3.183603286743164
INFO:trainer_layer_backward:2.4073123931884766
INFO:trainer_layer_backward:2.2089481353759766
INFO:trainer_layer_backward:2.180814743041992
INFO:trainer_layer_backward:3.5343170166015625
INFO:trainer_layer_backward:2.5167465209960938
INFO:trainer_layer_backward:2.523660659790039
INFO:trainer_layer_backward:4.8122406005859375
INFO:trainer_layer_backward:3.0031204223632812
INFO:trainer_layer_backward:3.5626888275146484
INFO:trainer_layer_backward:3.0448436737060547
INFO:trainer_layer_backward:2.866983413696289
INFO:trainer_layer_backward:2.9277801513671875
INFO:trainer_layer_backward:2.7582645416259766
INFO:trainer_layer_backward:7.728338241577148
INFO:trainer_layer_backward:2.4881362915039062
INFO:trainer_layer_backward:3.9052963256835938
INFO:trainer_layer_backward:2.9904842376708984
INFO:trainer_layer_backward:2.3114681243896484
INFO:trainer_layer_backward:2.866983413696289
INFO:trainer_layer_backward:2.275228500366211
INFO:trainer_layer_backward:3.1375885009765625
INFO:trainer_layer_backward:4.001379013061523
INFO:trainer_layer_backward:4.488945007324219
INFO:trainer_layer_backward:3.0117034912109375
INFO:trainer_layer_backward:3.300905227661133
INFO:trainer_layer_backward:3.774881362915039
INFO:trainer_layer_backward:2.447843551635742
INFO:trainer_layer_backward:2.4261474609375
INFO:trainer_layer_backward:3.767728805541992
INFO:trainer_layer_backward:4.548788070678711
INFO:trainer_layer_backward:4.109621047973633
INFO:trainer_layer_backward:2.8247833251953125
INFO:trainer_layer_backward:2.2974014282226562
INFO:trainer_layer_backward:2.3648738861083984
INFO:trainer_layer_backward:2.5136470794677734
INFO:trainer_layer_backward:2.124786376953125
INFO:trainer_layer_backward:2.0368099212646484
INFO:trainer_layer_backward:2.533435821533203
INFO:trainer_layer_backward:3.7147998809814453
INFO:trainer_layer_backward:3.719806671142578
INFO:trainer_layer_backward:2.2940635681152344
INFO:trainer_layer_backward:2.4480819702148438
INFO:trainer_layer_backward:2.448558807373047
INFO:trainer_layer_backward:2.8290748596191406
INFO:trainer_layer_backward:3.0825138092041016
INFO:trainer_layer_backward:4.945993423461914
INFO:trainer_layer_backward:2.7277469635009766
INFO:trainer_layer_backward:2.5641918182373047
INFO:trainer_layer_backward:2.469301223754883
INFO:trainer_layer_backward:2.1736621856689453
INFO:trainer_layer_backward:10.928153991699219
INFO:trainer_layer_backward:3.2651424407958984
INFO:trainer_layer_backward:3.321409225463867
INFO:trainer_layer_backward:2.3186206817626953
INFO:trainer_layer_backward:3.473043441772461
INFO:trainer_layer_backward:2.6814937591552734
INFO:trainer_layer_backward:3.8132667541503906
INFO:trainer_layer_backward:2.4700164794921875
INFO:trainer_layer_backward:2.3622512817382812
INFO:trainer_layer_backward:3.7245750427246094
INFO:trainer_layer_backward:7.349252700805664
INFO:trainer_layer_backward:3.5638809204101562
INFO:trainer_layer_backward:3.493785858154297
INFO:trainer_layer_backward:2.75421142578125
INFO:trainer_layer_backward:2.622842788696289
INFO:trainer_layer_backward:3.242015838623047
INFO:trainer_layer_backward:3.527402877807617
INFO:trainer_layer_backward:2.3450851440429688
INFO:trainer_layer_backward:2.5620460510253906
INFO:trainer_layer_backward:2.4530887603759766
INFO:trainer_layer_backward:2.3114681243896484
INFO:trainer_layer_backward:2.4216175079345703
INFO:trainer_layer_backward:2.375364303588867
INFO:trainer_layer_backward:2.725362777709961
INFO:trainer_layer_backward:2.3064613342285156
INFO:trainer_layer_backward:3.0753612518310547
INFO:trainer_layer_backward:2.380847930908203
INFO:trainer_layer_backward:4.500389099121094
INFO:trainer_layer_backward:2.4003982543945312
INFO:trainer_layer_backward:2.908468246459961
INFO:trainer_layer_backward:5.295038223266602
INFO:trainer_layer_backward:5.632877349853516
INFO:trainer_layer_backward:3.5524368286132812
INFO:trainer_layer_backward:4.858732223510742
INFO:trainer_layer_backward:2.6674270629882812
INFO:trainer_layer_backward:2.4330615997314453
INFO:trainer_layer_backward:3.3774375915527344
INFO:trainer_layer_backward:5.851268768310547
INFO:trainer_layer_backward:2.7513504028320312
INFO:trainer_layer_backward:2.8219223022460938
INFO:trainer_layer_backward:2.5098323822021484
INFO:trainer_layer_backward:3.2796859741210938
INFO:trainer_layer_backward:5.112648010253906
INFO:trainer_layer_backward:3.490447998046875
INFO:trainer_layer_backward:2.939939498901367
INFO:trainer_layer_backward:5.058050155639648
INFO:trainer_layer_backward:2.881288528442383
INFO:trainer_layer_backward:2.923250198364258
INFO:trainer_layer_backward:2.188444137573242
INFO:trainer_layer_backward:2.2192001342773438
INFO:trainer_layer_backward:4.02379035949707
INFO:trainer_layer_backward:4.036188125610352
INFO:trainer_layer_backward:3.5741329193115234
INFO:trainer_layer_backward:3.318309783935547
INFO:trainer_layer_backward:7.016897201538086
INFO:trainer_layer_backward:2.6693344116210938
INFO:trainer_layer_backward:3.134489059448242
INFO:trainer_layer_backward:4.592180252075195
INFO:trainer_layer_backward:3.3822059631347656
INFO:trainer_layer_backward:3.628253936767578
INFO:trainer_layer_backward:2.783060073852539
INFO:trainer_layer_backward:2.3903846740722656
INFO:trainer_layer_backward:3.458261489868164
INFO:trainer_layer_backward:2.7658939361572266
INFO:trainer_layer_backward:3.5462379455566406
INFO:trainer_layer_backward:2.854585647583008
INFO:trainer_layer_backward:3.1213760375976562
INFO:trainer_layer_backward:4.058837890625
INFO:trainer_layer_backward:3.4575462341308594
INFO:trainer_layer_backward:4.1027069091796875
INFO:trainer_layer_backward:5.420207977294922
INFO:trainer_layer_backward:2.876758575439453
INFO:trainer_layer_backward:7.043361663818359
INFO:trainer_layer_backward:2.961397171020508
INFO:trainer_layer_backward:5.11622428894043
INFO:trainer_layer_backward:2.8324127197265625
INFO:trainer_layer_backward:2.7091503143310547
INFO:trainer_layer_backward:2.7451515197753906
INFO:trainer_layer_backward:3.1533241271972656
INFO:trainer_layer_backward:2.279043197631836
INFO:trainer_layer_backward:2.405881881713867
INFO:trainer_layer_backward:3.375530242919922
INFO:trainer_layer_backward:3.198862075805664
INFO:trainer_layer_backward:2.941131591796875
INFO:trainer_layer_backward:3.2052993774414062
INFO:trainer_layer_backward:3.394603729248047
INFO:trainer_layer_backward:3.1931400299072266
INFO:trainer_layer_backward:3.0524730682373047
INFO:trainer_layer_backward:4.097461700439453
INFO:trainer_layer_backward:4.354238510131836
INFO:trainer_layer_backward:3.398895263671875
INFO:trainer_layer_backward:3.045797348022461
INFO:trainer_layer_backward:3.246307373046875
INFO:trainer_layer_backward:3.225564956665039
INFO:trainer_layer_backward:2.1593570709228516
INFO:trainer_layer_backward:3.0448436737060547
INFO:trainer_layer_backward:3.3769607543945312
INFO:trainer_layer_backward:2.831697463989258
INFO:trainer_layer_backward:2.878427505493164
INFO:trainer_layer_backward:3.489971160888672
INFO:trainer_layer_backward:4.401206970214844
INFO:trainer_layer_backward:3.511190414428711
INFO:trainer_layer_backward:2.566814422607422
INFO:trainer_layer_backward:2.602815628051758
INFO:trainer_layer_backward:5.5789947509765625
INFO:trainer_layer_backward:3.162384033203125
INFO:trainer_layer_backward:3.009796142578125
INFO:trainer_layer_backward:3.6008358001708984
INFO:trainer_layer_backward:2.880573272705078
INFO:trainer_layer_backward:2.4576187133789062
INFO:trainer_layer_backward:2.2966861724853516
INFO:trainer_layer_backward:2.4275779724121094
INFO:trainer_layer_backward:2.260446548461914
INFO:trainer_layer_backward:2.241849899291992
INFO:trainer_layer_backward:2.6683807373046875
INFO:trainer_layer_backward:2.3314952850341797
INFO:trainer_layer_backward:2.4313926696777344
INFO:trainer_layer_backward:2.3059844970703125
INFO:trainer_layer_backward:4.243612289428711
INFO:trainer_layer_backward:2.0172595977783203
INFO:trainer_layer_backward:2.1462440490722656
INFO:trainer_layer_backward:2.4623870849609375
INFO:trainer_layer_backward:2.5565624237060547
INFO:trainer_layer_backward:1.9376277923583984
INFO:trainer_layer_backward:1.8165111541748047
INFO:trainer_layer_backward:1.8415451049804688
INFO:trainer_layer_backward:3.7076473236083984
INFO:trainer_layer_backward:3.278970718383789
INFO:trainer_layer_backward:3.135204315185547
INFO:trainer_layer_backward:5.115509033203125
INFO:trainer_layer_backward:3.3533573150634766
INFO:trainer_layer_backward:3.11279296875
INFO:trainer_layer_backward:4.064083099365234
INFO:trainer_layer_backward:2.8028488159179688
INFO:trainer_layer_backward:2.5680065155029297
INFO:trainer_layer_backward:4.888296127319336
INFO:trainer_layer_backward:3.2269954681396484
INFO:trainer_layer_backward:3.1499862670898438
INFO:trainer_layer_backward:3.2579898834228516
INFO:trainer_layer_backward:3.779172897338867
INFO:trainer_layer_backward:3.136873245239258
INFO:trainer_layer_backward:3.0012130737304688
INFO:trainer_layer_backward:3.641366958618164
INFO:trainer_layer_backward:2.552509307861328
INFO:trainer_layer_backward:3.5905838012695312
INFO:trainer_layer_backward:2.485990524291992
INFO:trainer_layer_backward:2.968311309814453
INFO:trainer_layer_backward:2.878427505493164
INFO:trainer_layer_backward:2.5763511657714844
INFO:trainer_layer_backward:2.743244171142578
INFO:trainer_layer_backward:3.7865638732910156
INFO:trainer_layer_backward:2.934694290161133
INFO:trainer_layer_backward:3.125429153442383
INFO:trainer_layer_backward:2.7413368225097656
INFO:trainer_layer_backward:3.5257339477539062
INFO:trainer_layer_backward:3.232717514038086
INFO:trainer_layer_backward:3.6039352416992188
INFO:trainer_layer_backward:3.435373306274414
INFO:trainer_layer_backward:3.3006668090820312
INFO:trainer_layer_backward:2.927541732788086
INFO:trainer_layer_backward:2.8333663940429688
INFO:trainer_layer_backward:2.35748291015625
INFO:trainer_layer_backward:2.830982208251953
INFO:trainer_layer_backward:2.8946399688720703
INFO:trainer_layer_backward:2.7112960815429688
INFO:trainer_layer_backward:3.1893253326416016
INFO:trainer_layer_backward:2.974987030029297
INFO:trainer_layer_backward:3.0596256256103516
INFO:trainer_layer_backward:2.882242202758789
INFO:trainer_layer_backward:4.529714584350586
INFO:trainer_layer_backward:3.8595199584960938
INFO:trainer_layer_backward:3.4301280975341797
INFO:trainer_layer_backward:2.953052520751953
INFO:trainer_layer_backward:3.0260086059570312
INFO:trainer_layer_backward:3.9768218994140625
INFO:trainer_layer_backward:2.9947757720947266
INFO:trainer_layer_backward:2.878904342651367
INFO:trainer_layer_backward:3.322124481201172
INFO:trainer_layer_backward:4.950523376464844
INFO:trainer_layer_backward:2.188444137573242
INFO:trainer_layer_backward:2.7840137481689453
INFO:trainer_layer_backward:6.234407424926758
INFO:trainer_layer_backward:2.75421142578125
INFO:trainer_layer_backward:2.974271774291992
INFO:trainer_layer_backward:3.5247802734375
INFO:trainer_layer_backward:2.8870105743408203
INFO:trainer_layer_backward:2.9854774475097656
INFO:trainer_layer_backward:2.2923946380615234
INFO:trainer_layer_backward:1.9888877868652344
INFO:trainer_layer_backward:2.2172927856445312
INFO:trainer_layer_backward:2.117156982421875
INFO:trainer_layer_backward:2.9036998748779297
INFO:trainer_layer_backward:2.7441978454589844
INFO:trainer_layer_backward:2.6693344116210938
INFO:trainer_layer_backward:3.2570362091064453
INFO:trainer_layer_backward:2.8066635131835938
INFO:trainer_layer_backward:2.5534629821777344
INFO:trainer_layer_backward:2.944469451904297
INFO:trainer_layer_backward:4.081487655639648
INFO:trainer_layer_backward:3.1108856201171875
INFO:trainer_layer_backward:2.738475799560547
INFO:trainer_layer_backward:4.508733749389648
INFO:trainer_layer_backward:3.020763397216797
INFO:trainer_layer_backward:2.8274059295654297
INFO:trainer_layer_backward:2.6891231536865234
INFO:trainer_layer_backward:3.2601356506347656
INFO:trainer_layer_backward:2.490997314453125
INFO:trainer_layer_backward:2.057313919067383
INFO:trainer_layer_backward:3.1723976135253906
INFO:trainer_layer_backward:2.722501754760742
INFO:trainer_layer_backward:2.7768611907958984
INFO:trainer_layer_backward:4.974126815795898
INFO:trainer_layer_backward:2.9993057250976562
INFO:trainer_layer_backward:3.2188892364501953
INFO:trainer_layer_backward:2.7837753295898438
INFO:trainer_layer_backward:2.118349075317383
INFO:trainer_layer_backward:2.9845237731933594
INFO:trainer_layer_backward:2.6183128356933594
INFO:trainer_layer_backward:1.8489360809326172
INFO:trainer_layer_backward:2.017498016357422
INFO:trainer_layer_backward:3.060579299926758
INFO:trainer_layer_backward:3.8115978240966797
INFO:trainer_layer_backward:2.588033676147461
INFO:trainer_layer_backward:3.162384033203125
INFO:trainer_layer_backward:2.2535324096679688
INFO:trainer_layer_backward:3.0524730682373047
INFO:trainer_layer_backward:2.622842788696289
INFO:trainer_layer_backward:2.8188228607177734
INFO:trainer_layer_backward:5.206584930419922
INFO:trainer_layer_backward:3.9069652557373047
INFO:trainer_layer_backward:2.638578414916992
INFO:trainer_layer_backward:3.3173561096191406
INFO:trainer_layer_backward:2.6557445526123047
INFO:trainer_layer_backward:2.6199817657470703
INFO:trainer_layer_backward:3.2930374145507812
INFO:trainer_layer_backward:3.125905990600586
INFO:trainer_layer_backward:3.886699676513672
INFO:trainer_layer_backward:2.6416778564453125
INFO:trainer_layer_backward:3.245830535888672
INFO:trainer_layer_backward:2.880573272705078
INFO:trainer_layer_backward:3.785371780395508
INFO:trainer_layer_backward:3.2372474670410156
INFO:trainer_layer_backward:2.3260116577148438
INFO:trainer_layer_backward:3.21197509765625
INFO:trainer_layer_backward:4.18543815612793
INFO:trainer_layer_backward:5.098581314086914
INFO:trainer_layer_backward:3.4475326538085938
INFO:trainer_layer_backward:4.390478134155273
INFO:trainer_layer_backward:2.7348995208740234
INFO:trainer_layer_backward:2.7894973754882812
INFO:trainer_layer_backward:2.172708511352539
INFO:trainer_layer_backward:2.6903152465820312
INFO:trainer_layer_backward:3.471851348876953
INFO:trainer_layer_backward:2.830028533935547
INFO:trainer_layer_backward:2.689361572265625
INFO:trainer_layer_backward:3.1778812408447266
INFO:trainer_layer_backward:3.8251876831054688
INFO:trainer_layer_backward:3.945589065551758
INFO:trainer_layer_backward:3.2889842987060547
INFO:trainer_layer_backward:2.719402313232422
INFO:trainer_layer_backward:2.543926239013672
INFO:trainer_layer_backward:3.129720687866211
INFO:trainer_layer_backward:3.677845001220703
INFO:trainer_layer_backward:4.528284072875977
INFO:trainer_layer_backward:2.790212631225586
INFO:trainer_layer_backward:2.284526824951172
INFO:trainer_layer_backward:3.747224807739258
INFO:trainer_layer_backward:3.945589065551758
INFO:trainer_layer_backward:3.177642822265625
INFO:trainer_layer_backward:3.112316131591797
INFO:trainer_layer_backward:3.3025741577148438
INFO:trainer_layer_backward:3.34930419921875
INFO:trainer_layer_backward:3.7436485290527344
INFO:trainer_layer_backward:4.730939865112305
INFO:trainer_layer_backward:5.565881729125977
INFO:trainer_layer_backward:2.996206283569336
INFO:trainer_layer_backward:2.839803695678711
INFO:trainer_layer_backward:3.084421157836914
INFO:trainer_layer_backward:2.192974090576172
INFO:trainer_layer_backward:9.171247482299805
INFO:trainer_layer_backward:2.511739730834961
INFO:trainer_layer_backward:2.3539066314697266
INFO:trainer_layer_backward:3.1347274780273438
INFO:trainer_layer_backward:3.3676624298095703
INFO:trainer_layer_backward:3.7186145782470703
INFO:trainer_layer_backward:4.779815673828125
INFO:trainer_layer_backward:2.703428268432617
INFO:trainer_layer_backward:2.9897689819335938
INFO:trainer_layer_backward:3.6172866821289062
INFO:trainer_layer_backward:2.6237964630126953
INFO:trainer_layer_backward:2.644062042236328
INFO:trainer_layer_backward:3.3931732177734375
INFO:trainer_layer_backward:3.4248828887939453
INFO:trainer_layer_backward:2.5577545166015625
INFO:trainer_layer_backward:1.9016265869140625
INFO:trainer_layer_backward:1.9333362579345703
INFO:trainer_layer_backward:2.6328563690185547
INFO:trainer_layer_backward:2.8145313262939453
INFO:trainer_layer_backward:3.5963058471679688
INFO:trainer_layer_backward:3.9229393005371094
INFO:trainer_layer_backward:3.197908401489258
INFO:trainer_layer_backward:3.0732154846191406
INFO:trainer_layer_backward:1.8820762634277344
INFO:trainer_layer_backward:2.257108688354492
INFO:trainer_layer_backward:2.959728240966797
INFO:trainer_layer_backward:2.9785633087158203
INFO:trainer_layer_backward:2.7086734771728516
INFO:trainer_layer_backward:2.7170181274414062
INFO:trainer_layer_backward:3.957033157348633
INFO:trainer_layer_backward:12.479543685913086
INFO:trainer_layer_backward:3.7941932678222656
INFO:trainer_layer_backward:4.535675048828125
INFO:trainer_layer_backward:2.5289058685302734
INFO:trainer_layer_backward:2.7451515197753906
INFO:trainer_layer_backward:3.9336681365966797
INFO:trainer_layer_backward:3.1528472900390625
INFO:trainer_layer_backward:2.5005340576171875
INFO:trainer_layer_backward:2.535104751586914
INFO:trainer_layer_backward:1.8568038940429688
INFO:trainer_layer_backward:2.1140575408935547
INFO:trainer_layer_backward:2.089262008666992
INFO:trainer_layer_backward:2.4607181549072266
INFO:trainer_layer_backward:2.977132797241211
INFO:trainer_layer_backward:2.8846263885498047
INFO:trainer_layer_backward:2.6319026947021484
INFO:trainer_layer_backward:2.078533172607422
INFO:trainer_layer_backward:1.9574165344238281
INFO:trainer_layer_backward:2.2706985473632812
INFO:trainer_layer_backward:1.9519329071044922
INFO:trainer_layer_backward:3.536224365234375
INFO:trainer_layer_backward:2.8502941131591797
INFO:trainer_layer_backward:2.7892589569091797
INFO:trainer_layer_backward:2.7360916137695312
INFO:trainer_layer_backward:4.937171936035156
INFO:trainer_layer_backward:3.892183303833008
INFO:trainer_layer_backward:2.8820037841796875
INFO:trainer_layer_backward:3.9801597595214844
INFO:trainer_layer_backward:3.610849380493164
INFO:trainer_layer_backward:2.6056766510009766
INFO:trainer_layer_backward:3.9908885955810547
INFO:trainer_layer_backward:2.8657913208007812
INFO:trainer_layer_backward:2.222299575805664
INFO:trainer_layer_backward:2.329111099243164
INFO:trainer_layer_backward:2.343416213989258
INFO:trainer_layer_backward:2.1805763244628906
INFO:trainer_layer_backward:10.747432708740234
INFO:trainer_layer_backward:4.82487678527832
INFO:trainer_layer_backward:3.947019577026367
INFO:trainer_layer_backward:2.115011215209961
INFO:trainer_layer_backward:8.395195007324219
INFO:trainer_layer_backward:3.1533241271972656
INFO:trainer_layer_backward:2.4683475494384766
INFO:trainer_layer_backward:1.852273941040039
INFO:trainer_layer_backward:2.9726028442382812
INFO:trainer_layer_backward:2.673625946044922
INFO:trainer_layer_backward:2.4912357330322266
INFO:trainer_layer_backward:2.3834705352783203
INFO:trainer_layer_backward:2.7246475219726562
INFO:trainer_layer_backward:2.3467540740966797
INFO:trainer_layer_backward:2.483367919921875
INFO:trainer_layer_backward:1.9729137420654297
INFO:trainer_layer_backward:2.089262008666992
INFO:trainer_layer_backward:2.0411014556884766
INFO:trainer_layer_backward:4.824161529541016
INFO:trainer_layer_backward:3.7221908569335938
INFO:trainer_layer_backward:2.7878284454345703
INFO:trainer_layer_backward:3.1731128692626953
INFO:trainer_layer_backward:3.665447235107422
INFO:trainer_layer_backward:4.357337951660156
INFO:trainer_layer_backward:3.1147003173828125
INFO:trainer_layer_backward:3.1723976135253906
INFO:trainer_layer_backward:5.810976028442383
INFO:trainer_layer_backward:3.4613609313964844
INFO:trainer_layer_backward:4.6825408935546875
INFO:trainer_layer_backward:2.858877182006836
INFO:trainer_layer_backward:2.897024154663086
INFO:trainer_layer_backward:3.702402114868164
INFO:trainer_layer_backward:2.7284622192382812
INFO:trainer_layer_backward:2.7000904083251953
INFO:trainer_layer_backward:3.113985061645508
INFO:trainer_layer_backward:4.247903823852539
INFO:trainer_layer_backward:1.9974708557128906
INFO:trainer_layer_backward:1.9450187683105469
INFO:trainer_layer_backward:2.332448959350586
INFO:trainer_layer_backward:1.8963813781738281
INFO:trainer_layer_backward:2.7968883514404297
INFO:trainer_layer_backward:2.466917037963867
INFO:trainer_layer_backward:3.8263797760009766
INFO:trainer_layer_backward:3.6346912384033203
INFO:trainer_layer_backward:3.580331802368164
INFO:trainer_layer_backward:2.913951873779297
INFO:trainer_layer_backward:2.5281906127929688
INFO:trainer_layer_backward:2.5548934936523438
INFO:trainer_layer_backward:2.8939247131347656
INFO:trainer_layer_backward:2.802133560180664
INFO:trainer_layer_backward:2.8579235076904297
INFO:trainer_layer_backward:2.577543258666992
INFO:trainer_layer_backward:2.7971267700195312
INFO:trainer_layer_backward:2.9082298278808594
INFO:trainer_layer_backward:2.777576446533203
INFO:trainer_layer_backward:3.106832504272461
INFO:trainer_layer_backward:4.281759262084961
INFO:trainer_layer_backward:3.1800270080566406
INFO:trainer_layer_backward:2.8617382049560547
INFO:trainer_layer_backward:3.140687942504883
INFO:trainer_layer_backward:2.7561187744140625
INFO:trainer_layer_backward:2.0589828491210938
INFO:trainer_layer_backward:2.507448196411133
INFO:trainer_layer_backward:2.523183822631836
INFO:trainer_layer_backward:2.0356178283691406
INFO:trainer_layer_backward:1.8432140350341797
INFO:trainer_layer_backward:3.3512115478515625
INFO:trainer_layer_backward:3.7462711334228516
INFO:trainer_layer_backward:2.6924610137939453
INFO:trainer_layer_backward:5.236387252807617
INFO:trainer_layer_backward:2.097606658935547
INFO:trainer_layer_backward:2.407550811767578
INFO:trainer_layer_backward:2.512216567993164
INFO:trainer_layer_backward:2.0780563354492188
INFO:trainer_layer_backward:2.54058837890625
INFO:trainer_layer_backward:2.405881881713867
INFO:trainer_layer_backward:2.9935836791992188
INFO:trainer_layer_backward:2.0241737365722656
INFO:trainer_layer_backward:2.18963623046875
INFO:trainer_layer_backward:2.2575855255126953
INFO:trainer_layer_backward:2.9649734497070312
INFO:trainer_layer_backward:3.533601760864258
INFO:trainer_layer_backward:2.270936965942383
INFO:trainer_layer_backward:3.1833648681640625
INFO:trainer_layer_backward:2.026081085205078
INFO:trainer_layer_backward:2.7637481689453125
INFO:trainer_layer_backward:3.412008285522461
INFO:trainer_layer_backward:5.015134811401367
INFO:trainer_layer_backward:3.149747848510742
INFO:trainer_layer_backward:2.8853416442871094
INFO:trainer_layer_backward:2.4366378784179688
INFO:trainer_layer_backward:2.2764205932617188
INFO:trainer_layer_backward:2.2335052490234375
INFO:trainer_layer_backward:2.8417110443115234
INFO:trainer_layer_backward:4.433870315551758
INFO:trainer_layer_backward:4.508256912231445
INFO:trainer_layer_backward:2.8755664825439453
INFO:trainer_layer_backward:3.6127567291259766
INFO:trainer_layer_backward:4.765510559082031
INFO:trainer_layer_backward:2.746105194091797
INFO:trainer_layer_backward:3.645658493041992
INFO:trainer_layer_backward:5.663633346557617
INFO:trainer_layer_backward:2.721548080444336
INFO:trainer_layer_backward:2.6214122772216797
INFO:trainer_layer_backward:2.488374710083008
INFO:trainer_layer_backward:2.2895336151123047
INFO:trainer_layer_backward:3.557920455932617
INFO:trainer_layer_backward:3.3431053161621094
INFO:trainer_layer_backward:4.988670349121094
INFO:trainer_layer_backward:3.0450820922851562
INFO:trainer_layer_backward:3.5495758056640625
INFO:trainer_layer_backward:2.3317337036132812
INFO:trainer_layer_backward:2.8400421142578125
INFO:trainer_layer_backward:3.204345703125
INFO:trainer_layer_backward:2.9075145721435547
INFO:trainer_layer_backward:2.8464794158935547
INFO:trainer_layer_backward:2.6836395263671875
INFO:trainer_layer_backward:2.262592315673828
INFO:trainer_layer_backward:2.4275779724121094
INFO:trainer_layer_backward:2.782583236694336
INFO:trainer_layer_backward:2.5475025177001953
INFO:trainer_layer_backward:2.1457672119140625
INFO:trainer_layer_backward:3.1533241271972656
INFO:trainer_layer_backward:3.2341480255126953
INFO:trainer_layer_backward:3.362894058227539
INFO:trainer_layer_backward:3.1273365020751953
INFO:trainer_layer_backward:3.1092166900634766
INFO:trainer_layer_backward:3.1626224517822266
INFO:trainer_layer_backward:3.3559799194335938
INFO:trainer_layer_backward:5.873441696166992
INFO:trainer_layer_backward:2.7539730072021484
INFO:trainer_layer_backward:2.321481704711914
INFO:trainer_layer_backward:3.2155513763427734
INFO:trainer_layer_backward:4.686117172241211
INFO:trainer_layer_backward:3.239154815673828
INFO:trainer_layer_backward:2.5696754455566406
INFO:trainer_layer_backward:2.966642379760742
INFO:trainer_layer_backward:2.462148666381836
INFO:trainer_layer_backward:3.1843185424804688
INFO:trainer_layer_backward:8.467435836791992
INFO:trainer_layer_backward:3.247976303100586
INFO:trainer_layer_backward:2.5174617767333984
INFO:trainer_layer_backward:3.313779830932617
INFO:trainer_layer_backward:3.4372806549072266
INFO:trainer_layer_backward:3.05938720703125
INFO:trainer_layer_backward:3.352642059326172
INFO:trainer_layer_backward:2.8312206268310547
INFO:trainer_layer_backward:2.5610923767089844
INFO:trainer_layer_backward:2.814769744873047
INFO:trainer_layer_backward:2.199411392211914
INFO:trainer_layer_backward:2.0761489868164062
INFO:trainer_layer_backward:2.397775650024414
INFO:trainer_layer_backward:3.325223922729492
INFO:trainer_layer_backward:3.437519073486328
INFO:trainer_layer_backward:3.7424564361572266
INFO:trainer_layer_backward:2.4149417877197266
INFO:trainer_layer_backward:2.636432647705078
INFO:trainer_layer_backward:2.4051666259765625
INFO:trainer_layer_backward:2.858400344848633
INFO:trainer_layer_backward:3.544330596923828
INFO:trainer_layer_backward:3.027200698852539
INFO:trainer_layer_backward:4.021883010864258
INFO:trainer_layer_backward:5.04612922668457
INFO:trainer_layer_backward:3.0219554901123047
INFO:trainer_layer_backward:2.625703811645508
INFO:trainer_layer_backward:2.832174301147461
INFO:trainer_layer_backward:2.755880355834961
INFO:trainer_layer_backward:3.4537315368652344
INFO:trainer_layer_backward:2.8235912322998047
INFO:trainer_layer_backward:2.8257369995117188
INFO:trainer_layer_backward:1.9876956939697266
INFO:trainer_layer_backward:2.988576889038086
INFO:trainer_layer_backward:3.426790237426758
INFO:trainer_layer_backward:3.7343502044677734
INFO:trainer_layer_backward:4.023313522338867
INFO:trainer_layer_backward:6.752490997314453
INFO:trainer_layer_backward:3.209352493286133
INFO:trainer_layer_backward:3.6840438842773438
INFO:trainer_layer_backward:5.392313003540039
INFO:trainer_layer_backward:3.208637237548828
INFO:trainer_layer_backward:3.224611282348633
INFO:trainer_layer_backward:2.129077911376953
INFO:trainer_layer_backward:3.1054019927978516
INFO:trainer_layer_backward:2.852201461791992
INFO:trainer_layer_backward:2.3183822631835938
INFO:trainer_layer_backward:3.0069351196289062
INFO:trainer_layer_backward:2.8057098388671875
INFO:trainer_layer_backward:2.3894309997558594
INFO:trainer_layer_backward:3.1862258911132812
INFO:trainer_layer_backward:2.934694290161133
INFO:trainer_layer_backward:3.1332969665527344
INFO:trainer_layer_backward:3.9386749267578125
INFO:trainer_layer_backward:3.9229393005371094
INFO:trainer_layer_backward:3.5588741302490234
INFO:trainer_layer_backward:2.740621566772461
INFO:trainer_layer_backward:2.5467872619628906
INFO:trainer_layer_backward:2.6733875274658203
INFO:trainer_layer_backward:2.1224021911621094
INFO:trainer_layer_backward:2.3462772369384766
INFO:trainer_layer_backward:2.589702606201172
INFO:trainer_layer_backward:3.072023391723633
INFO:trainer_layer_backward:2.919912338256836
INFO:trainer_layer_backward:3.3490657806396484
INFO:trainer_layer_backward:3.972291946411133
INFO:trainer_layer_backward:3.8449764251708984
INFO:trainer_layer_backward:2.8073787689208984
INFO:trainer_layer_backward:2.836942672729492
INFO:trainer_layer_backward:3.1986236572265625
INFO:trainer_layer_backward:3.1516551971435547
INFO:trainer_layer_backward:2.8944015502929688
INFO:trainer_layer_backward:2.753734588623047
INFO:trainer_layer_backward:2.6307106018066406
INFO:trainer_layer_backward:3.2384395599365234
INFO:trainer_layer_backward:3.5872459411621094
INFO:trainer_layer_backward:3.1769275665283203
INFO:trainer_layer_backward:3.077268600463867
INFO:trainer_layer_backward:3.004789352416992
INFO:trainer_layer_backward:2.927064895629883
INFO:trainer_layer_backward:4.208564758300781
INFO:trainer_layer_backward:3.2176971435546875
INFO:trainer_layer_backward:3.4432411193847656
INFO:trainer_layer_backward:2.483367919921875
INFO:trainer_layer_backward:2.3186206817626953
INFO:trainer_layer_backward:2.325773239135742
INFO:trainer_layer_backward:3.8704872131347656
INFO:trainer_layer_backward:3.7136077880859375
INFO:trainer_layer_backward:4.042387008666992
INFO:trainer_layer_backward:4.252195358276367
INFO:trainer_layer_backward:2.887725830078125
INFO:trainer_layer_backward:2.335071563720703
INFO:trainer_layer_backward:2.9947757720947266
INFO:trainer_layer_backward:2.948760986328125
INFO:trainer_layer_backward:3.7505626678466797
INFO:trainer_layer_backward:3.997802734375
INFO:trainer_layer_backward:3.0143260955810547
INFO:trainer_layer_backward:2.940654754638672
INFO:trainer_layer_backward:3.0906200408935547
INFO:trainer_layer_backward:2.980947494506836
INFO:trainer_layer_backward:3.173351287841797
INFO:trainer_layer_backward:4.568815231323242
INFO:trainer_layer_backward:2.8450489044189453
INFO:trainer_layer_backward:3.738880157470703
INFO:trainer_layer_backward:3.7703514099121094
INFO:trainer_layer_backward:2.5992393493652344
INFO:trainer_layer_backward:2.315521240234375
INFO:trainer_layer_backward:2.6781558990478516
INFO:trainer_layer_backward:2.672433853149414
INFO:trainer_layer_backward:2.4297237396240234
INFO:trainer_layer_backward:3.660917282104492
INFO:trainer_layer_backward:3.5936832427978516
INFO:trainer_layer_backward:3.1201839447021484
INFO:trainer_layer_backward:4.044532775878906
INFO:trainer_layer_backward:4.977941513061523
INFO:trainer_layer_backward:6.579399108886719
INFO:trainer_layer_backward:2.727508544921875
INFO:trainer_layer_backward:5.263328552246094
INFO:trainer_layer_backward:3.495454788208008
INFO:trainer_layer_backward:2.8176307678222656
INFO:trainer_layer_backward:3.3249855041503906
INFO:trainer_layer_backward:3.2508373260498047
INFO:trainer_layer_backward:3.719329833984375
INFO:trainer_layer_backward:2.587556838989258
INFO:trainer_layer_backward:3.3423900604248047
INFO:trainer_layer_backward:2.9234886169433594
INFO:trainer_layer_backward:2.396106719970703
INFO:trainer_layer_backward:3.305196762084961
INFO:trainer_layer_backward:5.114078521728516
INFO:trainer_layer_backward:2.354860305786133
INFO:trainer_layer_backward:2.458810806274414
INFO:trainer_layer_backward:2.93731689453125
INFO:trainer_layer_backward:4.112482070922852
INFO:trainer_layer_backward:2.961874008178711
INFO:trainer_layer_backward:2.144336700439453
INFO:trainer_layer_backward:2.1123886108398438
INFO:trainer_layer_backward:2.347707748413086
INFO:trainer_layer_backward:2.756834030151367
INFO:trainer_layer_backward:2.573251724243164
INFO:trainer_layer_backward:3.290414810180664
INFO:trainer_layer_backward:3.6001205444335938
INFO:trainer_layer_backward:2.337217330932617
INFO:trainer_layer_backward:2.599954605102539
INFO:trainer_layer_backward:3.3342838287353516
INFO:trainer_layer_backward:3.131866455078125
INFO:trainer_layer_backward:2.5718212127685547
INFO:trainer_layer_backward:4.198789596557617
INFO:trainer_layer_backward:2.3016929626464844
INFO:trainer_layer_backward:2.9244422912597656
INFO:trainer_layer_backward:3.4508705139160156
INFO:trainer_layer_backward:3.129243850708008
INFO:trainer_layer_backward:3.015756607055664
INFO:trainer_layer_backward:2.2826194763183594
INFO:trainer_layer_backward:2.2077560424804688
INFO:trainer_layer_backward:2.269268035888672
INFO:trainer_layer_backward:4.455089569091797
INFO:trainer_layer_backward:2.7129650115966797
INFO:trainer_layer_backward:2.487659454345703
INFO:trainer_layer_backward:2.2268295288085938
INFO:trainer_layer_backward:2.1791458129882812
INFO:trainer_layer_backward:2.718687057495117
INFO:trainer_layer_backward:2.2509098052978516
INFO:trainer_layer_backward:2.5217533111572266
INFO:trainer_layer_backward:2.1696090698242188
INFO:trainer_layer_backward:2.1011829376220703
INFO:trainer_layer_backward:2.131223678588867
INFO:trainer_layer_backward:2.3241043090820312
INFO:trainer_layer_backward:2.746105194091797
INFO:trainer_layer_backward:2.9006004333496094
INFO:trainer_layer_backward:2.575397491455078
INFO:trainer_layer_backward:2.335786819458008
INFO:trainer_layer_backward:2.588987350463867
INFO:trainer_layer_backward:4.033565521240234
INFO:trainer_layer_backward:2.7227401733398438
INFO:trainer_layer_backward:2.7570724487304688
INFO:trainer_layer_backward:2.4580955505371094
INFO:trainer_layer_backward:2.439260482788086
INFO:trainer_layer_backward:4.398107528686523
INFO:trainer_layer_backward:4.098176956176758
INFO:trainer_layer_backward:3.9560794830322266
INFO:trainer_layer_backward:5.127906799316406
INFO:trainer_layer_backward:2.7005672454833984
INFO:trainer_layer_backward:2.4137496948242188
INFO:trainer_layer_backward:4.145145416259766
INFO:trainer_layer_backward:2.378225326538086
INFO:trainer_layer_backward:2.818584442138672
INFO:trainer_layer_backward:2.6133060455322266
INFO:trainer_layer_backward:2.281665802001953
INFO:trainer_layer_backward:2.143383026123047
INFO:trainer_layer_backward:2.6924610137939453
INFO:trainer_layer_backward:2.7060508728027344
INFO:trainer_layer_backward:2.3851394653320312
INFO:trainer_layer_backward:2.630472183227539
INFO:trainer_layer_backward:2.248048782348633
INFO:trainer_layer_backward:2.3267269134521484
INFO:trainer_layer_backward:2.5551319122314453
INFO:trainer_layer_backward:2.4971961975097656
INFO:trainer_layer_backward:2.843141555786133
INFO:trainer_layer_backward:2.6006698608398438
INFO:trainer_layer_backward:2.479076385498047
INFO:trainer_layer_backward:2.656221389770508
INFO:trainer_layer_backward:2.493143081665039
INFO:trainer_layer_backward:2.8977394104003906
INFO:trainer_layer_backward:2.5320053100585938
INFO:trainer_layer_backward:2.3126602172851562
INFO:trainer_layer_backward:2.4802684783935547
INFO:trainer_layer_backward:3.068685531616211
INFO:trainer_layer_backward:2.245187759399414
INFO:trainer_layer_backward:2.3050308227539062
INFO:trainer_layer_backward:4.966259002685547
INFO:trainer_layer_backward:5.048036575317383
INFO:trainer_layer_backward:3.1473636627197266
INFO:trainer_layer_backward:2.5017261505126953
INFO:trainer_layer_backward:6.229877471923828
INFO:trainer_layer_backward:4.863500595092773
INFO:trainer_layer_backward:2.9990673065185547
INFO:trainer_layer_backward:3.0667781829833984
INFO:trainer_layer_backward:3.020763397216797
INFO:trainer_layer_backward:2.609729766845703
INFO:trainer_layer_backward:2.526998519897461
INFO:trainer_layer_backward:2.869844436645508
INFO:trainer_layer_backward:3.8161277770996094
INFO:trainer_layer_backward:3.1702518463134766
INFO:trainer_layer_backward:2.241373062133789
INFO:trainer_layer_backward:3.0858516693115234
INFO:trainer_layer_backward:2.9380321502685547
INFO:trainer_layer_backward:3.5872459411621094
INFO:trainer_layer_backward:2.401113510131836
INFO:trainer_layer_backward:3.2062530517578125
INFO:trainer_layer_backward:3.3431053161621094
INFO:trainer_layer_backward:3.3740997314453125
INFO:trainer_layer_backward:2.914905548095703
INFO:trainer_layer_backward:3.6139488220214844
INFO:trainer_layer_backward:3.7322044372558594
INFO:trainer_layer_backward:2.8951168060302734
INFO:trainer_layer_backward:4.880428314208984
INFO:trainer_layer_backward:3.931760787963867
INFO:trainer_layer_backward:3.0603408813476562
INFO:trainer_layer_backward:2.98309326171875
INFO:trainer_layer_backward:4.02069091796875
INFO:trainer_layer_backward:2.7358531951904297
INFO:trainer_layer_backward:3.3092498779296875
INFO:trainer_layer_backward:5.316257476806641
INFO:trainer_layer_backward:3.378152847290039
INFO:trainer_layer_backward:2.040386199951172
INFO:trainer_layer_backward:2.2246837615966797
INFO:trainer_layer_backward:2.815723419189453
INFO:trainer_layer_backward:3.1583309173583984
INFO:trainer_layer_backward:5.639791488647461
INFO:trainer_layer_backward:3.431558609008789
INFO:trainer_layer_backward:2.62451171875
INFO:trainer_layer_backward:2.962827682495117
INFO:trainer_layer_backward:3.745555877685547
INFO:trainer_layer_backward:3.141164779663086
INFO:trainer_layer_backward:2.5281906127929688
INFO:trainer_layer_backward:2.4335384368896484
INFO:trainer_layer_backward:2.876758575439453
INFO:trainer_layer_backward:3.022432327270508
INFO:trainer_layer_backward:4.239797592163086
INFO:trainer_layer_backward:6.155490875244141
INFO:trainer_layer_backward:2.7761459350585938
INFO:trainer_layer_backward:1.9838809967041016
INFO:trainer_layer_backward:1.9314289093017578
INFO:trainer_layer_backward:1.8939971923828125
INFO:trainer_layer_backward:2.2482872009277344
INFO:trainer_layer_backward:2.8214454650878906
INFO:trainer_layer_backward:2.8002262115478516
INFO:trainer_layer_backward:4.064083099365234
INFO:trainer_layer_backward:3.5104751586914062
INFO:trainer_layer_backward:2.771615982055664
INFO:trainer_layer_backward:2.8700828552246094
INFO:trainer_layer_backward:2.7375221252441406
INFO:trainer_layer_backward:3.128528594970703
INFO:trainer_layer_backward:3.1425952911376953
INFO:trainer_layer_backward:2.482175827026367
INFO:trainer_layer_backward:2.414703369140625
INFO:trainer_layer_backward:2.830982208251953
INFO:trainer_layer_backward:2.9044151306152344
INFO:trainer_layer_backward:2.893209457397461
INFO:trainer_layer_backward:3.0164718627929688
INFO:trainer_layer_backward:2.946138381958008
INFO:trainer_layer_backward:3.8263797760009766
INFO:trainer_layer_backward:3.148794174194336
INFO:trainer_layer_backward:2.2351741790771484
INFO:trainer_layer_backward:2.99072265625
INFO:trainer_layer_backward:4.910707473754883
INFO:trainer_layer_backward:3.2668113708496094
INFO:trainer_layer_backward:2.719879150390625
INFO:trainer_layer_backward:2.870321273803711
INFO:trainer_layer_backward:2.62451171875
INFO:trainer_layer_backward:2.4008750915527344
INFO:trainer_layer_backward:8.555412292480469
INFO:trainer_layer_backward:2.9697418212890625
INFO:trainer_layer_backward:2.952098846435547
INFO:trainer_layer_backward:2.366781234741211
INFO:trainer_layer_backward:1.8084049224853516
INFO:trainer_layer_backward:1.9214153289794922
INFO:trainer_layer_backward:2.228975296020508
INFO:trainer_layer_backward:4.286289215087891
INFO:trainer_layer_backward:2.5093555450439453
INFO:trainer_layer_backward:2.8655529022216797
INFO:trainer_layer_backward:3.2062530517578125
INFO:trainer_layer_backward:3.076314926147461
INFO:trainer_layer_backward:2.333402633666992
INFO:trainer_layer_backward:2.3555755615234375
INFO:trainer_layer_backward:2.4652481079101562
INFO:trainer_layer_backward:2.4652481079101562
INFO:trainer_layer_backward:2.068758010864258
INFO:trainer_layer_backward:2.267599105834961
INFO:trainer_layer_backward:2.015352249145508
INFO:trainer_layer_backward:2.3140907287597656
INFO:trainer_layer_backward:1.939535140991211
INFO:trainer_layer_backward:2.156972885131836
INFO:trainer_layer_backward:2.1622180938720703
INFO:trainer_layer_backward:2.4156570434570312
INFO:trainer_layer_backward:2.2313594818115234
INFO:trainer_layer_backward:2.2749900817871094
INFO:trainer_layer_backward:2.231597900390625
INFO:trainer_layer_backward:2.237558364868164
INFO:trainer_layer_backward:3.610372543334961
INFO:trainer_layer_backward:2.3195743560791016
INFO:trainer_layer_backward:2.3758411407470703
INFO:trainer_layer_backward:2.1741390228271484
INFO:trainer_layer_backward:2.387523651123047
INFO:trainer_layer_backward:2.8727054595947266
INFO:trainer_layer_backward:2.8269290924072266
INFO:trainer_layer_backward:2.4461746215820312
INFO:trainer_layer_backward:1.9905567169189453
INFO:trainer_layer_backward:2.027273178100586
INFO:trainer_layer_backward:2.033233642578125
INFO:trainer_layer_backward:2.012014389038086
INFO:trainer_layer_backward:2.0334720611572266
INFO:trainer_layer_backward:2.1142959594726562
INFO:trainer_layer_backward:2.0782947540283203
INFO:trainer_layer_backward:2.6712417602539062
INFO:trainer_layer_backward:3.4303665161132812
INFO:trainer_layer_backward:2.6292800903320312
INFO:trainer_layer_backward:8.976459503173828
INFO:trainer_layer_backward:5.004167556762695
INFO:trainer_layer_backward:2.8963088989257812
INFO:trainer_layer_backward:2.7790069580078125
INFO:trainer_layer_backward:2.7000904083251953
INFO:trainer_layer_backward:2.6416778564453125
INFO:trainer_layer_backward:2.496004104614258
INFO:trainer_layer_backward:2.252817153930664
INFO:trainer_layer_backward:2.908945083618164
INFO:trainer_layer_backward:2.9985904693603516
INFO:trainer_layer_backward:2.599477767944336
INFO:trainer_layer_backward:2.8998851776123047
