INFO:trainer_layer_backward:FFT_CNNEx | mnist
INFO:trainer_layer_backward:in_size : 128 | epochs : 1 | batch : 1
INFO:trainer_layer_backward:kernel_l1 : 65 | 
INFO:trainer_layer_backward:o_channels_l1 : 20 | 
INFO:trainer_layer_backward:learn_num_train : 1000 | learn_num_validate : 0 
INFO:trainer_layer_backward::::::::::::::::::::::::::::::::::::::::::::::::::::::::::::
INFO:trainer_layer_backward:message : fft_conv1 
INFO:trainer_layer_backward::::::::::::::::::::::::::::::::::::::::::::::::::::::::::::
INFO:trainer_layer_backward:Ave_Time : 3.182397225890497
INFO:trainer_layer_backward::::::::::::::::::::::::::::::::::::::::::::::::::::::::::::
INFO:trainer_layer_backward:2.7723312377929688
INFO:trainer_layer_backward:2.760648727416992
INFO:trainer_layer_backward:3.4787654876708984
INFO:trainer_layer_backward:3.222227096557617
INFO:trainer_layer_backward:2.938985824584961
INFO:trainer_layer_backward:2.4089813232421875
INFO:trainer_layer_backward:2.4242401123046875
INFO:trainer_layer_backward:2.5281906127929688
INFO:trainer_layer_backward:4.66609001159668
INFO:trainer_layer_backward:2.641439437866211
INFO:trainer_layer_backward:4.971742630004883
INFO:trainer_layer_backward:3.1282901763916016
INFO:trainer_layer_backward:3.337860107421875
INFO:trainer_layer_backward:3.963947296142578
INFO:trainer_layer_backward:2.8090476989746094
INFO:trainer_layer_backward:3.0388832092285156
INFO:trainer_layer_backward:3.2095909118652344
INFO:trainer_layer_backward:3.10516357421875
INFO:trainer_layer_backward:2.8340816497802734
INFO:trainer_layer_backward:2.810955047607422
INFO:trainer_layer_backward:3.5562515258789062
INFO:trainer_layer_backward:7.846355438232422
INFO:trainer_layer_backward:3.072977066040039
INFO:trainer_layer_backward:2.46429443359375
INFO:trainer_layer_backward:2.2084712982177734
INFO:trainer_layer_backward:2.1178722381591797
INFO:trainer_layer_backward:2.834796905517578
INFO:trainer_layer_backward:2.9306411743164062
INFO:trainer_layer_backward:2.7823448181152344
INFO:trainer_layer_backward:2.796649932861328
INFO:trainer_layer_backward:2.6443004608154297
INFO:trainer_layer_backward:2.938985824584961
INFO:trainer_layer_backward:3.877401351928711
INFO:trainer_layer_backward:4.126071929931641
INFO:trainer_layer_backward:2.9757022857666016
INFO:trainer_layer_backward:2.099275588989258
INFO:trainer_layer_backward:2.1097660064697266
INFO:trainer_layer_backward:2.7887821197509766
INFO:trainer_layer_backward:3.170490264892578
INFO:trainer_layer_backward:3.4515857696533203
INFO:trainer_layer_backward:3.6547183990478516
INFO:trainer_layer_backward:2.277851104736328
INFO:trainer_layer_backward:2.128124237060547
INFO:trainer_layer_backward:2.223968505859375
INFO:trainer_layer_backward:2.1228790283203125
INFO:trainer_layer_backward:2.2809505462646484
INFO:trainer_layer_backward:2.039194107055664
INFO:trainer_layer_backward:2.0813941955566406
INFO:trainer_layer_backward:2.2575855255126953
INFO:trainer_layer_backward:2.559661865234375
INFO:trainer_layer_backward:2.5937557220458984
INFO:trainer_layer_backward:2.2416114807128906
INFO:trainer_layer_backward:6.613731384277344
INFO:trainer_layer_backward:3.512859344482422
INFO:trainer_layer_backward:3.6728382110595703
INFO:trainer_layer_backward:2.6001930236816406
INFO:trainer_layer_backward:2.4476051330566406
INFO:trainer_layer_backward:3.2889842987060547
INFO:trainer_layer_backward:3.9560794830322266
INFO:trainer_layer_backward:3.3626556396484375
INFO:trainer_layer_backward:2.463102340698242
INFO:trainer_layer_backward:2.352476119995117
INFO:trainer_layer_backward:2.675771713256836
INFO:trainer_layer_backward:3.2002925872802734
INFO:trainer_layer_backward:3.2694339752197266
INFO:trainer_layer_backward:5.10859489440918
INFO:trainer_layer_backward:3.390789031982422
INFO:trainer_layer_backward:3.936767578125
INFO:trainer_layer_backward:3.624439239501953
INFO:trainer_layer_backward:3.661632537841797
INFO:trainer_layer_backward:2.643108367919922
INFO:trainer_layer_backward:2.961397171020508
INFO:trainer_layer_backward:2.912282943725586
INFO:trainer_layer_backward:3.999948501586914
INFO:trainer_layer_backward:3.0236244201660156
INFO:trainer_layer_backward:3.9610862731933594
INFO:trainer_layer_backward:3.7491321563720703
INFO:trainer_layer_backward:2.4271011352539062
INFO:trainer_layer_backward:2.166271209716797
INFO:trainer_layer_backward:3.432750701904297
INFO:trainer_layer_backward:3.028392791748047
INFO:trainer_layer_backward:3.16619873046875
INFO:trainer_layer_backward:3.0045509338378906
INFO:trainer_layer_backward:2.740144729614258
INFO:trainer_layer_backward:2.8760433197021484
INFO:trainer_layer_backward:8.468389511108398
INFO:trainer_layer_backward:3.192424774169922
INFO:trainer_layer_backward:3.3500194549560547
INFO:trainer_layer_backward:3.1566619873046875
INFO:trainer_layer_backward:3.3142566680908203
INFO:trainer_layer_backward:3.1256675720214844
INFO:trainer_layer_backward:2.3386478424072266
INFO:trainer_layer_backward:2.847433090209961
INFO:trainer_layer_backward:2.2423267364501953
INFO:trainer_layer_backward:2.1970272064208984
INFO:trainer_layer_backward:2.237081527709961
INFO:trainer_layer_backward:3.5398006439208984
INFO:trainer_layer_backward:3.2896995544433594
INFO:trainer_layer_backward:2.705812454223633
INFO:trainer_layer_backward:2.282381057739258
INFO:trainer_layer_backward:2.259492874145508
INFO:trainer_layer_backward:2.1200180053710938
INFO:trainer_layer_backward:2.5434494018554688
INFO:trainer_layer_backward:2.725839614868164
INFO:trainer_layer_backward:3.101348876953125
INFO:trainer_layer_backward:3.136157989501953
INFO:trainer_layer_backward:3.2143592834472656
INFO:trainer_layer_backward:3.16619873046875
INFO:trainer_layer_backward:3.0417442321777344
INFO:trainer_layer_backward:2.2923946380615234
INFO:trainer_layer_backward:2.0830631256103516
INFO:trainer_layer_backward:2.0368099212646484
INFO:trainer_layer_backward:3.0014514923095703
INFO:trainer_layer_backward:3.171205520629883
INFO:trainer_layer_backward:2.681732177734375
INFO:trainer_layer_backward:2.427816390991211
INFO:trainer_layer_backward:3.794431686401367
INFO:trainer_layer_backward:3.913402557373047
INFO:trainer_layer_backward:4.1637420654296875
INFO:trainer_layer_backward:2.863645553588867
INFO:trainer_layer_backward:3.916025161743164
INFO:trainer_layer_backward:4.035711288452148
INFO:trainer_layer_backward:2.09808349609375
INFO:trainer_layer_backward:2.6352405548095703
INFO:trainer_layer_backward:2.9413700103759766
INFO:trainer_layer_backward:3.1599998474121094
INFO:trainer_layer_backward:2.424955368041992
INFO:trainer_layer_backward:2.4750232696533203
INFO:trainer_layer_backward:2.850055694580078
INFO:trainer_layer_backward:3.0851364135742188
INFO:trainer_layer_backward:2.8405189514160156
INFO:trainer_layer_backward:2.835512161254883
INFO:trainer_layer_backward:2.849102020263672
INFO:trainer_layer_backward:4.210233688354492
INFO:trainer_layer_backward:3.823995590209961
INFO:trainer_layer_backward:3.0846595764160156
INFO:trainer_layer_backward:3.058910369873047
INFO:trainer_layer_backward:4.886865615844727
INFO:trainer_layer_backward:3.335714340209961
INFO:trainer_layer_backward:3.221273422241211
INFO:trainer_layer_backward:3.028392791748047
INFO:trainer_layer_backward:3.626585006713867
INFO:trainer_layer_backward:2.8467178344726562
INFO:trainer_layer_backward:3.5910606384277344
INFO:trainer_layer_backward:4.633903503417969
INFO:trainer_layer_backward:2.572298049926758
INFO:trainer_layer_backward:2.2726058959960938
INFO:trainer_layer_backward:2.5207996368408203
INFO:trainer_layer_backward:2.025604248046875
INFO:trainer_layer_backward:2.6738643646240234
INFO:trainer_layer_backward:2.7260780334472656
INFO:trainer_layer_backward:6.262063980102539
INFO:trainer_layer_backward:3.404855728149414
INFO:trainer_layer_backward:3.1862258911132812
INFO:trainer_layer_backward:3.2913684844970703
INFO:trainer_layer_backward:2.5777816772460938
INFO:trainer_layer_backward:2.2890567779541016
INFO:trainer_layer_backward:3.431558609008789
INFO:trainer_layer_backward:2.8235912322998047
INFO:trainer_layer_backward:2.79998779296875
INFO:trainer_layer_backward:3.2825469970703125
INFO:trainer_layer_backward:5.033731460571289
INFO:trainer_layer_backward:2.892732620239258
INFO:trainer_layer_backward:3.103017807006836
INFO:trainer_layer_backward:3.5469532012939453
INFO:trainer_layer_backward:3.0372142791748047
INFO:trainer_layer_backward:3.392934799194336
INFO:trainer_layer_backward:3.324270248413086
INFO:trainer_layer_backward:3.407716751098633
INFO:trainer_layer_backward:4.170417785644531
INFO:trainer_layer_backward:4.302978515625
INFO:trainer_layer_backward:5.249261856079102
INFO:trainer_layer_backward:6.310224533081055
INFO:trainer_layer_backward:3.381013870239258
INFO:trainer_layer_backward:2.922534942626953
INFO:trainer_layer_backward:3.47900390625
INFO:trainer_layer_backward:3.9327144622802734
INFO:trainer_layer_backward:4.0569305419921875
INFO:trainer_layer_backward:2.794981002807617
INFO:trainer_layer_backward:2.9878616333007812
INFO:trainer_layer_backward:2.791166305541992
INFO:trainer_layer_backward:2.447366714477539
INFO:trainer_layer_backward:2.6035308837890625
INFO:trainer_layer_backward:2.2592544555664062
INFO:trainer_layer_backward:2.7587413787841797
INFO:trainer_layer_backward:2.6769638061523438
INFO:trainer_layer_backward:2.744436264038086
INFO:trainer_layer_backward:2.7587413787841797
INFO:trainer_layer_backward:3.4799575805664062
INFO:trainer_layer_backward:2.566814422607422
INFO:trainer_layer_backward:3.1194686889648438
INFO:trainer_layer_backward:4.315614700317383
INFO:trainer_layer_backward:2.0704269409179688
INFO:trainer_layer_backward:1.9795894622802734
INFO:trainer_layer_backward:4.6787261962890625
INFO:trainer_layer_backward:3.2722949981689453
INFO:trainer_layer_backward:3.5970211029052734
INFO:trainer_layer_backward:2.5844573974609375
INFO:trainer_layer_backward:2.1219253540039062
INFO:trainer_layer_backward:2.3124217987060547
INFO:trainer_layer_backward:2.201557159423828
INFO:trainer_layer_backward:2.9761791229248047
INFO:trainer_layer_backward:3.8819313049316406
INFO:trainer_layer_backward:3.960847854614258
INFO:trainer_layer_backward:4.473686218261719
INFO:trainer_layer_backward:3.155946731567383
INFO:trainer_layer_backward:2.186298370361328
INFO:trainer_layer_backward:2.0904541015625
INFO:trainer_layer_backward:3.1464099884033203
INFO:trainer_layer_backward:3.745555877685547
INFO:trainer_layer_backward:6.95490837097168
INFO:trainer_layer_backward:4.239797592163086
INFO:trainer_layer_backward:3.282785415649414
INFO:trainer_layer_backward:3.263235092163086
INFO:trainer_layer_backward:3.2100677490234375
INFO:trainer_layer_backward:5.8040618896484375
INFO:trainer_layer_backward:2.5904178619384766
INFO:trainer_layer_backward:2.1419525146484375
INFO:trainer_layer_backward:2.1486282348632812
INFO:trainer_layer_backward:2.309083938598633
INFO:trainer_layer_backward:2.707242965698242
INFO:trainer_layer_backward:3.2057762145996094
INFO:trainer_layer_backward:4.563808441162109
INFO:trainer_layer_backward:4.131078720092773
INFO:trainer_layer_backward:3.131866455078125
INFO:trainer_layer_backward:3.3426284790039062
INFO:trainer_layer_backward:3.1883716583251953
INFO:trainer_layer_backward:2.7637481689453125
INFO:trainer_layer_backward:3.429412841796875
INFO:trainer_layer_backward:3.4389495849609375
INFO:trainer_layer_backward:2.6221275329589844
INFO:trainer_layer_backward:4.436731338500977
INFO:trainer_layer_backward:4.082202911376953
INFO:trainer_layer_backward:3.481626510620117
INFO:trainer_layer_backward:3.6079883575439453
INFO:trainer_layer_backward:4.67681884765625
INFO:trainer_layer_backward:5.125522613525391
INFO:trainer_layer_backward:3.771543502807617
INFO:trainer_layer_backward:3.5305023193359375
INFO:trainer_layer_backward:4.395008087158203
INFO:trainer_layer_backward:3.0214786529541016
INFO:trainer_layer_backward:3.0798912048339844
INFO:trainer_layer_backward:4.899263381958008
INFO:trainer_layer_backward:2.7892589569091797
INFO:trainer_layer_backward:2.3255348205566406
INFO:trainer_layer_backward:2.369403839111328
INFO:trainer_layer_backward:2.414703369140625
INFO:trainer_layer_backward:3.8313865661621094
INFO:trainer_layer_backward:3.611326217651367
INFO:trainer_layer_backward:2.850055694580078
INFO:trainer_layer_backward:3.134012222290039
INFO:trainer_layer_backward:2.4390220642089844
INFO:trainer_layer_backward:4.327535629272461
INFO:trainer_layer_backward:3.5886764526367188
INFO:trainer_layer_backward:4.625558853149414
INFO:trainer_layer_backward:3.8449764251708984
INFO:trainer_layer_backward:3.386974334716797
INFO:trainer_layer_backward:3.1588077545166016
INFO:trainer_layer_backward:3.70025634765625
INFO:trainer_layer_backward:3.346681594848633
INFO:trainer_layer_backward:2.4347305297851562
INFO:trainer_layer_backward:2.6826858520507812
INFO:trainer_layer_backward:2.8448104858398438
INFO:trainer_layer_backward:2.7048587799072266
INFO:trainer_layer_backward:2.731800079345703
INFO:trainer_layer_backward:3.1642913818359375
INFO:trainer_layer_backward:3.284454345703125
INFO:trainer_layer_backward:3.1943321228027344
INFO:trainer_layer_backward:2.8378963470458984
INFO:trainer_layer_backward:2.3415088653564453
INFO:trainer_layer_backward:3.2913684844970703
INFO:trainer_layer_backward:2.5937557220458984
INFO:trainer_layer_backward:5.820035934448242
INFO:trainer_layer_backward:3.003358840942383
INFO:trainer_layer_backward:3.133058547973633
INFO:trainer_layer_backward:2.974987030029297
INFO:trainer_layer_backward:3.2312870025634766
INFO:trainer_layer_backward:2.142190933227539
INFO:trainer_layer_backward:2.994537353515625
INFO:trainer_layer_backward:2.5339126586914062
INFO:trainer_layer_backward:2.9976367950439453
INFO:trainer_layer_backward:4.095315933227539
INFO:trainer_layer_backward:2.653837203979492
INFO:trainer_layer_backward:2.5634765625
INFO:trainer_layer_backward:2.418041229248047
INFO:trainer_layer_backward:3.2219886779785156
INFO:trainer_layer_backward:3.2243728637695312
INFO:trainer_layer_backward:3.0744075775146484
INFO:trainer_layer_backward:3.0317306518554688
INFO:trainer_layer_backward:3.5398006439208984
INFO:trainer_layer_backward:3.2072067260742188
INFO:trainer_layer_backward:3.658294677734375
INFO:trainer_layer_backward:2.6702880859375
INFO:trainer_layer_backward:2.912759780883789
INFO:trainer_layer_backward:3.074169158935547
INFO:trainer_layer_backward:2.5539398193359375
INFO:trainer_layer_backward:2.703428268432617
INFO:trainer_layer_backward:3.9708614349365234
INFO:trainer_layer_backward:2.616405487060547
INFO:trainer_layer_backward:2.553224563598633
INFO:trainer_layer_backward:2.7344226837158203
INFO:trainer_layer_backward:2.3233890533447266
INFO:trainer_layer_backward:2.2864341735839844
INFO:trainer_layer_backward:3.319263458251953
INFO:trainer_layer_backward:3.2625198364257812
INFO:trainer_layer_backward:3.057241439819336
INFO:trainer_layer_backward:2.507448196411133
INFO:trainer_layer_backward:3.443479537963867
INFO:trainer_layer_backward:2.4411678314208984
INFO:trainer_layer_backward:2.9354095458984375
INFO:trainer_layer_backward:4.297494888305664
INFO:trainer_layer_backward:3.611326217651367
INFO:trainer_layer_backward:2.7616024017333984
INFO:trainer_layer_backward:5.351781845092773
INFO:trainer_layer_backward:3.009319305419922
INFO:trainer_layer_backward:3.457307815551758
INFO:trainer_layer_backward:3.732919692993164
INFO:trainer_layer_backward:2.4166107177734375
INFO:trainer_layer_backward:3.340482711791992
INFO:trainer_layer_backward:4.306316375732422
INFO:trainer_layer_backward:3.627300262451172
INFO:trainer_layer_backward:3.41033935546875
INFO:trainer_layer_backward:2.775430679321289
INFO:trainer_layer_backward:2.3870468139648438
INFO:trainer_layer_backward:2.888917922973633
INFO:trainer_layer_backward:2.8176307678222656
INFO:trainer_layer_backward:2.804279327392578
INFO:trainer_layer_backward:2.6307106018066406
INFO:trainer_layer_backward:2.4766921997070312
INFO:trainer_layer_backward:2.506256103515625
INFO:trainer_layer_backward:2.438068389892578
INFO:trainer_layer_backward:3.0345916748046875
INFO:trainer_layer_backward:3.304004669189453
INFO:trainer_layer_backward:3.2584667205810547
INFO:trainer_layer_backward:4.326820373535156
INFO:trainer_layer_backward:3.829479217529297
INFO:trainer_layer_backward:3.0066967010498047
INFO:trainer_layer_backward:2.9668807983398438
INFO:trainer_layer_backward:4.111289978027344
INFO:trainer_layer_backward:3.4639835357666016
INFO:trainer_layer_backward:3.1690597534179688
INFO:trainer_layer_backward:2.769947052001953
INFO:trainer_layer_backward:2.780437469482422
INFO:trainer_layer_backward:2.3622512817382812
INFO:trainer_layer_backward:3.649473190307617
INFO:trainer_layer_backward:4.004478454589844
INFO:trainer_layer_backward:3.5207271575927734
INFO:trainer_layer_backward:2.7778148651123047
INFO:trainer_layer_backward:2.55584716796875
INFO:trainer_layer_backward:3.560304641723633
INFO:trainer_layer_backward:2.4645328521728516
INFO:trainer_layer_backward:3.12042236328125
INFO:trainer_layer_backward:3.7474632263183594
INFO:trainer_layer_backward:3.2334327697753906
INFO:trainer_layer_backward:2.3355484008789062
INFO:trainer_layer_backward:3.8297176361083984
INFO:trainer_layer_backward:4.247903823852539
INFO:trainer_layer_backward:3.1037330627441406
INFO:trainer_layer_backward:2.3186206817626953
INFO:trainer_layer_backward:2.7375221252441406
INFO:trainer_layer_backward:3.165006637573242
INFO:trainer_layer_backward:3.7484169006347656
INFO:trainer_layer_backward:4.731178283691406
INFO:trainer_layer_backward:3.1332969665527344
INFO:trainer_layer_backward:4.071712493896484
INFO:trainer_layer_backward:2.973794937133789
INFO:trainer_layer_backward:2.7937889099121094
INFO:trainer_layer_backward:3.004789352416992
INFO:trainer_layer_backward:3.1354427337646484
INFO:trainer_layer_backward:2.372264862060547
INFO:trainer_layer_backward:2.397775650024414
INFO:trainer_layer_backward:5.890130996704102
INFO:trainer_layer_backward:2.6590824127197266
INFO:trainer_layer_backward:2.6237964630126953
INFO:trainer_layer_backward:3.4019947052001953
INFO:trainer_layer_backward:3.2587051391601562
INFO:trainer_layer_backward:4.304647445678711
INFO:trainer_layer_backward:3.830432891845703
INFO:trainer_layer_backward:2.9816627502441406
INFO:trainer_layer_backward:2.8069019317626953
INFO:trainer_layer_backward:3.5982131958007812
INFO:trainer_layer_backward:2.8944015502929688
INFO:trainer_layer_backward:11.8408203125
INFO:trainer_layer_backward:3.2875537872314453
INFO:trainer_layer_backward:2.403736114501953
INFO:trainer_layer_backward:2.4094581604003906
INFO:trainer_layer_backward:3.773927688598633
INFO:trainer_layer_backward:2.7222633361816406
INFO:trainer_layer_backward:3.306150436401367
INFO:trainer_layer_backward:2.957582473754883
INFO:trainer_layer_backward:3.1735897064208984
INFO:trainer_layer_backward:5.070686340332031
INFO:trainer_layer_backward:2.6407241821289062
INFO:trainer_layer_backward:2.5179386138916016
INFO:trainer_layer_backward:3.0107498168945312
INFO:trainer_layer_backward:2.353191375732422
INFO:trainer_layer_backward:2.1369457244873047
INFO:trainer_layer_backward:1.985788345336914
INFO:trainer_layer_backward:2.477407455444336
INFO:trainer_layer_backward:3.8597583770751953
INFO:trainer_layer_backward:3.3817291259765625
INFO:trainer_layer_backward:3.8590431213378906
INFO:trainer_layer_backward:4.174709320068359
INFO:trainer_layer_backward:3.037691116333008
INFO:trainer_layer_backward:2.9144287109375
INFO:trainer_layer_backward:4.923582077026367
INFO:trainer_layer_backward:4.128217697143555
INFO:trainer_layer_backward:2.9761791229248047
INFO:trainer_layer_backward:4.057407379150391
INFO:trainer_layer_backward:4.284143447875977
INFO:trainer_layer_backward:5.012989044189453
INFO:trainer_layer_backward:3.63922119140625
INFO:trainer_layer_backward:3.2911300659179688
INFO:trainer_layer_backward:6.691932678222656
INFO:trainer_layer_backward:3.8919448852539062
INFO:trainer_layer_backward:3.1671524047851562
INFO:trainer_layer_backward:3.547191619873047
INFO:trainer_layer_backward:2.958059310913086
INFO:trainer_layer_backward:2.3391246795654297
INFO:trainer_layer_backward:3.295421600341797
INFO:trainer_layer_backward:2.9611587524414062
INFO:trainer_layer_backward:3.1430721282958984
INFO:trainer_layer_backward:4.044055938720703
INFO:trainer_layer_backward:3.6051273345947266
INFO:trainer_layer_backward:2.8159618377685547
INFO:trainer_layer_backward:3.1728744506835938
INFO:trainer_layer_backward:2.8128623962402344
INFO:trainer_layer_backward:2.863168716430664
INFO:trainer_layer_backward:2.6280879974365234
INFO:trainer_layer_backward:2.3775100708007812
INFO:trainer_layer_backward:3.05938720703125
INFO:trainer_layer_backward:2.4509429931640625
INFO:trainer_layer_backward:2.403736114501953
INFO:trainer_layer_backward:3.0655860900878906
INFO:trainer_layer_backward:3.9691925048828125
INFO:trainer_layer_backward:3.1294822692871094
INFO:trainer_layer_backward:2.35748291015625
INFO:trainer_layer_backward:2.5267601013183594
INFO:trainer_layer_backward:2.6619434356689453
INFO:trainer_layer_backward:4.134654998779297
INFO:trainer_layer_backward:3.348112106323242
INFO:trainer_layer_backward:2.943277359008789
INFO:trainer_layer_backward:2.687692642211914
INFO:trainer_layer_backward:3.298521041870117
INFO:trainer_layer_backward:2.4509429931640625
INFO:trainer_layer_backward:4.362344741821289
INFO:trainer_layer_backward:2.377033233642578
INFO:trainer_layer_backward:1.9793510437011719
INFO:trainer_layer_backward:3.3693313598632812
INFO:trainer_layer_backward:2.863645553588867
INFO:trainer_layer_backward:3.8652420043945312
INFO:trainer_layer_backward:4.107475280761719
INFO:trainer_layer_backward:4.107475280761719
INFO:trainer_layer_backward:3.4101009368896484
INFO:trainer_layer_backward:4.564762115478516
INFO:trainer_layer_backward:2.590656280517578
INFO:trainer_layer_backward:1.9059181213378906
INFO:trainer_layer_backward:1.9483566284179688
INFO:trainer_layer_backward:1.8951892852783203
INFO:trainer_layer_backward:1.9876956939697266
INFO:trainer_layer_backward:1.9218921661376953
INFO:trainer_layer_backward:3.5343170166015625
INFO:trainer_layer_backward:3.312826156616211
INFO:trainer_layer_backward:3.238677978515625
INFO:trainer_layer_backward:2.09808349609375
INFO:trainer_layer_backward:2.7456283569335938
INFO:trainer_layer_backward:2.687215805053711
INFO:trainer_layer_backward:2.6559829711914062
INFO:trainer_layer_backward:2.6886463165283203
INFO:trainer_layer_backward:2.6383399963378906
INFO:trainer_layer_backward:2.9647350311279297
INFO:trainer_layer_backward:4.877567291259766
INFO:trainer_layer_backward:3.0596256256103516
INFO:trainer_layer_backward:3.5331249237060547
INFO:trainer_layer_backward:2.9363632202148438
INFO:trainer_layer_backward:4.971504211425781
INFO:trainer_layer_backward:2.9790401458740234
INFO:trainer_layer_backward:3.4325122833251953
INFO:trainer_layer_backward:4.392147064208984
INFO:trainer_layer_backward:2.910614013671875
INFO:trainer_layer_backward:2.791881561279297
INFO:trainer_layer_backward:2.0563602447509766
INFO:trainer_layer_backward:2.416849136352539
INFO:trainer_layer_backward:3.674745559692383
INFO:trainer_layer_backward:2.428770065307617
INFO:trainer_layer_backward:3.168821334838867
INFO:trainer_layer_backward:3.8475990295410156
INFO:trainer_layer_backward:2.596139907836914
INFO:trainer_layer_backward:2.485036849975586
INFO:trainer_layer_backward:3.136157989501953
INFO:trainer_layer_backward:2.841949462890625
INFO:trainer_layer_backward:2.4611949920654297
INFO:trainer_layer_backward:2.330780029296875
INFO:trainer_layer_backward:2.382040023803711
INFO:trainer_layer_backward:2.1631717681884766
INFO:trainer_layer_backward:2.627134323120117
INFO:trainer_layer_backward:2.6187896728515625
INFO:trainer_layer_backward:3.9288997650146484
INFO:trainer_layer_backward:2.702474594116211
INFO:trainer_layer_backward:3.101825714111328
INFO:trainer_layer_backward:3.4058094024658203
INFO:trainer_layer_backward:2.7489662170410156
INFO:trainer_layer_backward:3.813505172729492
INFO:trainer_layer_backward:3.3576488494873047
INFO:trainer_layer_backward:3.093242645263672
INFO:trainer_layer_backward:2.907991409301758
INFO:trainer_layer_backward:4.038095474243164
INFO:trainer_layer_backward:2.5911331176757812
INFO:trainer_layer_backward:2.4373531341552734
INFO:trainer_layer_backward:2.409696578979492
INFO:trainer_layer_backward:4.255771636962891
INFO:trainer_layer_backward:5.394935607910156
INFO:trainer_layer_backward:8.324146270751953
INFO:trainer_layer_backward:3.9420127868652344
INFO:trainer_layer_backward:2.7022361755371094
INFO:trainer_layer_backward:3.1037330627441406
INFO:trainer_layer_backward:2.6764869689941406
INFO:trainer_layer_backward:3.146648406982422
INFO:trainer_layer_backward:3.1273365020751953
INFO:trainer_layer_backward:2.465963363647461
INFO:trainer_layer_backward:2.585887908935547
INFO:trainer_layer_backward:3.8182735443115234
INFO:trainer_layer_backward:3.731966018676758
INFO:trainer_layer_backward:4.315853118896484
INFO:trainer_layer_backward:4.829883575439453
INFO:trainer_layer_backward:2.689361572265625
INFO:trainer_layer_backward:2.474069595336914
INFO:trainer_layer_backward:2.0380020141601562
INFO:trainer_layer_backward:2.994537353515625
INFO:trainer_layer_backward:2.8793811798095703
INFO:trainer_layer_backward:4.576444625854492
INFO:trainer_layer_backward:5.223989486694336
INFO:trainer_layer_backward:5.020380020141602
INFO:trainer_layer_backward:3.2744407653808594
INFO:trainer_layer_backward:4.958152770996094
INFO:trainer_layer_backward:3.7615299224853516
INFO:trainer_layer_backward:2.5267601013183594
INFO:trainer_layer_backward:2.538919448852539
INFO:trainer_layer_backward:3.6890506744384766
INFO:trainer_layer_backward:3.8115978240966797
INFO:trainer_layer_backward:3.2536983489990234
INFO:trainer_layer_backward:3.826141357421875
INFO:trainer_layer_backward:4.789113998413086
INFO:trainer_layer_backward:4.022359848022461
INFO:trainer_layer_backward:5.759716033935547
INFO:trainer_layer_backward:4.792213439941406
INFO:trainer_layer_backward:2.827882766723633
INFO:trainer_layer_backward:2.679109573364258
INFO:trainer_layer_backward:3.119230270385742
INFO:trainer_layer_backward:2.8650760650634766
INFO:trainer_layer_backward:3.124713897705078
INFO:trainer_layer_backward:2.9897689819335938
INFO:trainer_layer_backward:3.6513805389404297
INFO:trainer_layer_backward:4.465818405151367
INFO:trainer_layer_backward:3.433704376220703
INFO:trainer_layer_backward:2.847909927368164
INFO:trainer_layer_backward:2.9501914978027344
INFO:trainer_layer_backward:3.292083740234375
INFO:trainer_layer_backward:4.768848419189453
INFO:trainer_layer_backward:3.614664077758789
INFO:trainer_layer_backward:3.1104087829589844
INFO:trainer_layer_backward:3.1266212463378906
INFO:trainer_layer_backward:3.8399696350097656
INFO:trainer_layer_backward:3.2835006713867188
INFO:trainer_layer_backward:2.472400665283203
INFO:trainer_layer_backward:2.6361942291259766
INFO:trainer_layer_backward:4.71806526184082
INFO:trainer_layer_backward:4.366874694824219
INFO:trainer_layer_backward:3.250598907470703
INFO:trainer_layer_backward:3.1888484954833984
INFO:trainer_layer_backward:3.392934799194336
INFO:trainer_layer_backward:3.2074451446533203
INFO:trainer_layer_backward:4.10914421081543
INFO:trainer_layer_backward:3.4627914428710938
INFO:trainer_layer_backward:2.9163360595703125
INFO:trainer_layer_backward:2.8531551361083984
INFO:trainer_layer_backward:1.9316673278808594
INFO:trainer_layer_backward:2.7730464935302734
INFO:trainer_layer_backward:2.541780471801758
INFO:trainer_layer_backward:2.9380321502685547
INFO:trainer_layer_backward:3.759622573852539
INFO:trainer_layer_backward:2.046823501586914
INFO:trainer_layer_backward:2.4809837341308594
INFO:trainer_layer_backward:2.3071765899658203
INFO:trainer_layer_backward:1.9049644470214844
INFO:trainer_layer_backward:3.542184829711914
INFO:trainer_layer_backward:2.619504928588867
INFO:trainer_layer_backward:2.5177001953125
INFO:trainer_layer_backward:2.170562744140625
INFO:trainer_layer_backward:2.1250247955322266
INFO:trainer_layer_backward:1.9054412841796875
INFO:trainer_layer_backward:2.1238327026367188
INFO:trainer_layer_backward:3.1456947326660156
INFO:trainer_layer_backward:3.149747848510742
INFO:trainer_layer_backward:2.6688575744628906
INFO:trainer_layer_backward:2.8257369995117188
INFO:trainer_layer_backward:2.6116371154785156
INFO:trainer_layer_backward:2.9249191284179688
INFO:trainer_layer_backward:3.9336681365966797
INFO:trainer_layer_backward:4.790067672729492
INFO:trainer_layer_backward:2.924203872680664
INFO:trainer_layer_backward:2.225160598754883
INFO:trainer_layer_backward:2.1936893463134766
INFO:trainer_layer_backward:2.218961715698242
INFO:trainer_layer_backward:2.020597457885742
INFO:trainer_layer_backward:2.1848678588867188
INFO:trainer_layer_backward:1.9326210021972656
INFO:trainer_layer_backward:2.3033618927001953
INFO:trainer_layer_backward:1.9321441650390625
INFO:trainer_layer_backward:2.4149417877197266
INFO:trainer_layer_backward:1.9593238830566406
INFO:trainer_layer_backward:2.0906925201416016
INFO:trainer_layer_backward:1.9707679748535156
INFO:trainer_layer_backward:2.8121471405029297
INFO:trainer_layer_backward:5.02324104309082
INFO:trainer_layer_backward:4.845619201660156
INFO:trainer_layer_backward:2.9892921447753906
INFO:trainer_layer_backward:2.8171539306640625
INFO:trainer_layer_backward:2.6960372924804688
INFO:trainer_layer_backward:4.539251327514648
INFO:trainer_layer_backward:3.0281543731689453
INFO:trainer_layer_backward:2.635478973388672
INFO:trainer_layer_backward:2.8238296508789062
INFO:trainer_layer_backward:2.2170543670654297
INFO:trainer_layer_backward:2.274751663208008
INFO:trainer_layer_backward:2.7723312377929688
INFO:trainer_layer_backward:3.845691680908203
INFO:trainer_layer_backward:3.8912296295166016
INFO:trainer_layer_backward:3.5200119018554688
INFO:trainer_layer_backward:3.7200450897216797
INFO:trainer_layer_backward:3.0791759490966797
INFO:trainer_layer_backward:2.3963451385498047
INFO:trainer_layer_backward:2.4404525756835938
INFO:trainer_layer_backward:3.3435821533203125
INFO:trainer_layer_backward:2.938985824584961
INFO:trainer_layer_backward:2.991914749145508
INFO:trainer_layer_backward:3.949880599975586
INFO:trainer_layer_backward:4.141330718994141
INFO:trainer_layer_backward:2.5634765625
INFO:trainer_layer_backward:2.657175064086914
INFO:trainer_layer_backward:2.7816295623779297
INFO:trainer_layer_backward:2.809762954711914
INFO:trainer_layer_backward:2.917051315307617
INFO:trainer_layer_backward:2.301931381225586
INFO:trainer_layer_backward:3.2682418823242188
INFO:trainer_layer_backward:2.6311874389648438
INFO:trainer_layer_backward:3.2711029052734375
INFO:trainer_layer_backward:3.0279159545898438
INFO:trainer_layer_backward:3.1442642211914062
INFO:trainer_layer_backward:3.502368927001953
INFO:trainer_layer_backward:4.752159118652344
INFO:trainer_layer_backward:3.3156871795654297
INFO:trainer_layer_backward:3.4542083740234375
INFO:trainer_layer_backward:2.479076385498047
INFO:trainer_layer_backward:2.919912338256836
INFO:trainer_layer_backward:3.2606124877929688
INFO:trainer_layer_backward:3.234386444091797
INFO:trainer_layer_backward:3.854513168334961
INFO:trainer_layer_backward:3.2558441162109375
INFO:trainer_layer_backward:7.142066955566406
INFO:trainer_layer_backward:2.6578903198242188
INFO:trainer_layer_backward:2.9773712158203125
INFO:trainer_layer_backward:2.728700637817383
INFO:trainer_layer_backward:3.1054019927978516
INFO:trainer_layer_backward:3.0303001403808594
INFO:trainer_layer_backward:2.451181411743164
INFO:trainer_layer_backward:2.434253692626953
INFO:trainer_layer_backward:2.709627151489258
INFO:trainer_layer_backward:4.587650299072266
INFO:trainer_layer_backward:4.712104797363281
INFO:trainer_layer_backward:2.7790069580078125
INFO:trainer_layer_backward:3.322124481201172
INFO:trainer_layer_backward:2.904653549194336
INFO:trainer_layer_backward:2.3956298828125
INFO:trainer_layer_backward:2.3865699768066406
INFO:trainer_layer_backward:3.8573741912841797
INFO:trainer_layer_backward:3.2999515533447266
INFO:trainer_layer_backward:3.074169158935547
INFO:trainer_layer_backward:4.022836685180664
INFO:trainer_layer_backward:4.721641540527344
INFO:trainer_layer_backward:3.5719871520996094
INFO:trainer_layer_backward:3.1480789184570312
INFO:trainer_layer_backward:3.1447410583496094
INFO:trainer_layer_backward:3.7572383880615234
INFO:trainer_layer_backward:2.471446990966797
INFO:trainer_layer_backward:3.480672836303711
INFO:trainer_layer_backward:4.35185432434082
INFO:trainer_layer_backward:4.555463790893555
INFO:trainer_layer_backward:7.137298583984375
INFO:trainer_layer_backward:3.0074119567871094
INFO:trainer_layer_backward:2.930164337158203
INFO:trainer_layer_backward:2.3238658905029297
INFO:trainer_layer_backward:2.6235580444335938
INFO:trainer_layer_backward:1.9793510437011719
INFO:trainer_layer_backward:3.0400753021240234
INFO:trainer_layer_backward:3.0956268310546875
INFO:trainer_layer_backward:2.975940704345703
INFO:trainer_layer_backward:2.473115921020508
INFO:trainer_layer_backward:2.864837646484375
INFO:trainer_layer_backward:2.0062923431396484
INFO:trainer_layer_backward:2.862691879272461
INFO:trainer_layer_backward:3.277301788330078
INFO:trainer_layer_backward:3.281831741333008
INFO:trainer_layer_backward:2.7923583984375
INFO:trainer_layer_backward:2.6259422302246094
INFO:trainer_layer_backward:4.692316055297852
INFO:trainer_layer_backward:2.5327205657958984
INFO:trainer_layer_backward:2.1288394927978516
INFO:trainer_layer_backward:1.9805431365966797
INFO:trainer_layer_backward:3.608226776123047
INFO:trainer_layer_backward:2.2826194763183594
INFO:trainer_layer_backward:2.180814743041992
INFO:trainer_layer_backward:2.5224685668945312
INFO:trainer_layer_backward:1.9485950469970703
INFO:trainer_layer_backward:2.1142959594726562
INFO:trainer_layer_backward:2.0418167114257812
INFO:trainer_layer_backward:2.318859100341797
INFO:trainer_layer_backward:2.0678043365478516
INFO:trainer_layer_backward:4.01759147644043
INFO:trainer_layer_backward:3.9224624633789062
INFO:trainer_layer_backward:3.4646987915039062
INFO:trainer_layer_backward:2.5184154510498047
INFO:trainer_layer_backward:2.9468536376953125
INFO:trainer_layer_backward:2.694368362426758
INFO:trainer_layer_backward:2.8226375579833984
INFO:trainer_layer_backward:2.953052520751953
INFO:trainer_layer_backward:3.427743911743164
INFO:trainer_layer_backward:2.7430057525634766
INFO:trainer_layer_backward:3.543853759765625
INFO:trainer_layer_backward:2.8264522552490234
INFO:trainer_layer_backward:2.9091835021972656
INFO:trainer_layer_backward:4.430055618286133
INFO:trainer_layer_backward:3.576993942260742
INFO:trainer_layer_backward:3.4749507904052734
INFO:trainer_layer_backward:3.4017562866210938
INFO:trainer_layer_backward:2.0394325256347656
INFO:trainer_layer_backward:2.9129981994628906
INFO:trainer_layer_backward:2.1996498107910156
INFO:trainer_layer_backward:6.583452224731445
INFO:trainer_layer_backward:3.5398006439208984
INFO:trainer_layer_backward:2.727508544921875
INFO:trainer_layer_backward:2.2897720336914062
INFO:trainer_layer_backward:2.7997493743896484
INFO:trainer_layer_backward:2.695322036743164
INFO:trainer_layer_backward:2.6006698608398438
INFO:trainer_layer_backward:2.138376235961914
INFO:trainer_layer_backward:2.403736114501953
INFO:trainer_layer_backward:3.584146499633789
INFO:trainer_layer_backward:3.0400753021240234
INFO:trainer_layer_backward:2.1932125091552734
INFO:trainer_layer_backward:2.3033618927001953
INFO:trainer_layer_backward:3.0171871185302734
INFO:trainer_layer_backward:3.8797855377197266
INFO:trainer_layer_backward:3.705739974975586
INFO:trainer_layer_backward:3.5011768341064453
INFO:trainer_layer_backward:2.7408599853515625
INFO:trainer_layer_backward:3.4139156341552734
INFO:trainer_layer_backward:3.378629684448242
INFO:trainer_layer_backward:3.058195114135742
INFO:trainer_layer_backward:4.995107650756836
INFO:trainer_layer_backward:3.631114959716797
INFO:trainer_layer_backward:5.511999130249023
INFO:trainer_layer_backward:3.030061721801758
INFO:trainer_layer_backward:2.6798248291015625
INFO:trainer_layer_backward:3.705263137817383
INFO:trainer_layer_backward:3.828763961791992
INFO:trainer_layer_backward:4.079103469848633
INFO:trainer_layer_backward:3.1914710998535156
INFO:trainer_layer_backward:2.883434295654297
INFO:trainer_layer_backward:2.581357955932617
INFO:trainer_layer_backward:3.0994415283203125
INFO:trainer_layer_backward:2.682924270629883
INFO:trainer_layer_backward:2.634286880493164
INFO:trainer_layer_backward:2.7761459350585938
INFO:trainer_layer_backward:3.242015838623047
INFO:trainer_layer_backward:3.810882568359375
INFO:trainer_layer_backward:2.599477767944336
INFO:trainer_layer_backward:2.6154518127441406
INFO:trainer_layer_backward:2.3462772369384766
INFO:trainer_layer_backward:2.3751258850097656
INFO:trainer_layer_backward:2.349376678466797
INFO:trainer_layer_backward:3.0448436737060547
INFO:trainer_layer_backward:3.172636032104492
INFO:trainer_layer_backward:2.2590160369873047
INFO:trainer_layer_backward:2.2461414337158203
INFO:trainer_layer_backward:2.667665481567383
INFO:trainer_layer_backward:2.2668838500976562
INFO:trainer_layer_backward:2.1452903747558594
INFO:trainer_layer_backward:2.489328384399414
INFO:trainer_layer_backward:3.4644603729248047
INFO:trainer_layer_backward:2.8803348541259766
INFO:trainer_layer_backward:2.2878646850585938
INFO:trainer_layer_backward:2.393960952758789
INFO:trainer_layer_backward:3.0145645141601562
INFO:trainer_layer_backward:2.7697086334228516
INFO:trainer_layer_backward:3.6458969116210938
INFO:trainer_layer_backward:3.477811813354492
INFO:trainer_layer_backward:3.308534622192383
INFO:trainer_layer_backward:3.4313201904296875
INFO:trainer_layer_backward:3.6242008209228516
INFO:trainer_layer_backward:2.934694290161133
INFO:trainer_layer_backward:3.069162368774414
INFO:trainer_layer_backward:4.580497741699219
INFO:trainer_layer_backward:3.340005874633789
INFO:trainer_layer_backward:3.302335739135742
INFO:trainer_layer_backward:2.374887466430664
INFO:trainer_layer_backward:2.462625503540039
INFO:trainer_layer_backward:2.31170654296875
INFO:trainer_layer_backward:2.0294189453125
INFO:trainer_layer_backward:2.071380615234375
INFO:trainer_layer_backward:3.445863723754883
INFO:trainer_layer_backward:3.65447998046875
INFO:trainer_layer_backward:2.9349327087402344
INFO:trainer_layer_backward:3.095865249633789
INFO:trainer_layer_backward:3.6933422088623047
INFO:trainer_layer_backward:2.622842788696289
INFO:trainer_layer_backward:3.1561851501464844
INFO:trainer_layer_backward:2.2094249725341797
INFO:trainer_layer_backward:2.074003219604492
INFO:trainer_layer_backward:3.9572715759277344
INFO:trainer_layer_backward:2.9022693634033203
INFO:trainer_layer_backward:2.509593963623047
INFO:trainer_layer_backward:2.6497840881347656
INFO:trainer_layer_backward:2.454042434692383
INFO:trainer_layer_backward:3.291606903076172
INFO:trainer_layer_backward:3.6313533782958984
INFO:trainer_layer_backward:4.640817642211914
INFO:trainer_layer_backward:3.181934356689453
INFO:trainer_layer_backward:2.7272701263427734
INFO:trainer_layer_backward:2.3381710052490234
INFO:trainer_layer_backward:3.2389163970947266
INFO:trainer_layer_backward:3.0846595764160156
INFO:trainer_layer_backward:2.7725696563720703
INFO:trainer_layer_backward:2.6764869689941406
INFO:trainer_layer_backward:3.4317970275878906
INFO:trainer_layer_backward:3.9567947387695312
INFO:trainer_layer_backward:6.976604461669922
INFO:trainer_layer_backward:6.953954696655273
INFO:trainer_layer_backward:2.8100013732910156
INFO:trainer_layer_backward:3.7479400634765625
INFO:trainer_layer_backward:2.4182796478271484
INFO:trainer_layer_backward:2.774477005004883
INFO:trainer_layer_backward:2.104043960571289
INFO:trainer_layer_backward:3.2799243927001953
INFO:trainer_layer_backward:3.4444332122802734
INFO:trainer_layer_backward:3.0493736267089844
INFO:trainer_layer_backward:3.117799758911133
INFO:trainer_layer_backward:2.9447078704833984
INFO:trainer_layer_backward:2.9523372650146484
INFO:trainer_layer_backward:2.2497177124023438
INFO:trainer_layer_backward:2.1810531616210938
INFO:trainer_layer_backward:3.925800323486328
INFO:trainer_layer_backward:2.8018951416015625
INFO:trainer_layer_backward:2.6667118072509766
INFO:trainer_layer_backward:2.5141239166259766
INFO:trainer_layer_backward:2.216815948486328
INFO:trainer_layer_backward:2.1326541900634766
INFO:trainer_layer_backward:4.019021987915039
INFO:trainer_layer_backward:3.9970874786376953
INFO:trainer_layer_backward:2.5560855865478516
INFO:trainer_layer_backward:3.690481185913086
INFO:trainer_layer_backward:2.315521240234375
INFO:trainer_layer_backward:2.1610260009765625
INFO:trainer_layer_backward:3.8263797760009766
INFO:trainer_layer_backward:5.081892013549805
INFO:trainer_layer_backward:2.7039051055908203
INFO:trainer_layer_backward:2.6366710662841797
INFO:trainer_layer_backward:4.081249237060547
INFO:trainer_layer_backward:3.2482147216796875
INFO:trainer_layer_backward:3.6644935607910156
INFO:trainer_layer_backward:3.400564193725586
INFO:trainer_layer_backward:2.6733875274658203
INFO:trainer_layer_backward:2.993345260620117
INFO:trainer_layer_backward:2.213001251220703
INFO:trainer_layer_backward:2.9451847076416016
INFO:trainer_layer_backward:3.340005874633789
INFO:trainer_layer_backward:2.6161670684814453
INFO:trainer_layer_backward:2.554178237915039
INFO:trainer_layer_backward:2.343893051147461
INFO:trainer_layer_backward:4.120588302612305
INFO:trainer_layer_backward:3.536224365234375
INFO:trainer_layer_backward:3.4694671630859375
INFO:trainer_layer_backward:3.5161972045898438
INFO:trainer_layer_backward:3.6089420318603516
INFO:trainer_layer_backward:3.7937164306640625
INFO:trainer_layer_backward:3.360748291015625
INFO:trainer_layer_backward:2.716064453125
INFO:trainer_layer_backward:2.9189586639404297
INFO:trainer_layer_backward:3.815889358520508
INFO:trainer_layer_backward:3.5712718963623047
INFO:trainer_layer_backward:2.2735595703125
INFO:trainer_layer_backward:2.450227737426758
INFO:trainer_layer_backward:4.310369491577148
INFO:trainer_layer_backward:3.860950469970703
INFO:trainer_layer_backward:4.837512969970703
INFO:trainer_layer_backward:8.608102798461914
INFO:trainer_layer_backward:3.2105445861816406
INFO:trainer_layer_backward:2.663850784301758
INFO:trainer_layer_backward:3.0965805053710938
INFO:trainer_layer_backward:3.149271011352539
INFO:trainer_layer_backward:3.023386001586914
INFO:trainer_layer_backward:4.743099212646484
INFO:trainer_layer_backward:2.953052520751953
INFO:trainer_layer_backward:2.5861263275146484
INFO:trainer_layer_backward:2.6886463165283203
INFO:trainer_layer_backward:3.7097930908203125
INFO:trainer_layer_backward:3.262042999267578
INFO:trainer_layer_backward:2.8166770935058594
INFO:trainer_layer_backward:2.3331642150878906
INFO:trainer_layer_backward:2.3157596588134766
INFO:trainer_layer_backward:3.6618709564208984
INFO:trainer_layer_backward:3.1909942626953125
INFO:trainer_layer_backward:2.360105514526367
INFO:trainer_layer_backward:2.6750564575195312
INFO:trainer_layer_backward:2.061605453491211
INFO:trainer_layer_backward:1.9984245300292969
INFO:trainer_layer_backward:2.560853958129883
INFO:trainer_layer_backward:2.447366714477539
INFO:trainer_layer_backward:2.460479736328125
INFO:trainer_layer_backward:2.133607864379883
INFO:trainer_layer_backward:2.104043960571289
INFO:trainer_layer_backward:3.949403762817383
INFO:trainer_layer_backward:3.5495758056640625
INFO:trainer_layer_backward:3.4332275390625
INFO:trainer_layer_backward:3.0410289764404297
INFO:trainer_layer_backward:3.0412673950195312
INFO:trainer_layer_backward:2.7985572814941406
INFO:trainer_layer_backward:3.102540969848633
INFO:trainer_layer_backward:3.5927295684814453
INFO:trainer_layer_backward:4.169464111328125
INFO:trainer_layer_backward:3.3757686614990234
INFO:trainer_layer_backward:3.1311511993408203
INFO:trainer_layer_backward:4.001617431640625
INFO:trainer_layer_backward:4.153728485107422
INFO:trainer_layer_backward:2.962827682495117
INFO:trainer_layer_backward:3.9479732513427734
INFO:trainer_layer_backward:3.308534622192383
INFO:trainer_layer_backward:3.380298614501953
INFO:trainer_layer_backward:3.0951499938964844
INFO:trainer_layer_backward:2.3250579833984375
INFO:trainer_layer_backward:2.1867752075195312
INFO:trainer_layer_backward:2.1386146545410156
INFO:trainer_layer_backward:2.8133392333984375
INFO:trainer_layer_backward:2.887725830078125
INFO:trainer_layer_backward:3.6013126373291016
INFO:trainer_layer_backward:3.9222240447998047
INFO:trainer_layer_backward:3.9522647857666016
INFO:trainer_layer_backward:2.4797916412353516
INFO:trainer_layer_backward:3.261089324951172
INFO:trainer_layer_backward:3.4105777740478516
INFO:trainer_layer_backward:2.500295639038086
INFO:trainer_layer_backward:2.4042129516601562
INFO:trainer_layer_backward:5.39398193359375
INFO:trainer_layer_backward:3.9522647857666016
INFO:trainer_layer_backward:2.4912357330322266
INFO:trainer_layer_backward:2.595186233520508
INFO:trainer_layer_backward:2.2110939025878906
INFO:trainer_layer_backward:2.8345584869384766
INFO:trainer_layer_backward:3.301858901977539
INFO:trainer_layer_backward:4.609107971191406
INFO:trainer_layer_backward:3.4275054931640625
INFO:trainer_layer_backward:3.559589385986328
INFO:trainer_layer_backward:3.539562225341797
INFO:trainer_layer_backward:3.2265186309814453
INFO:trainer_layer_backward:3.2737255096435547
INFO:trainer_layer_backward:4.764556884765625
INFO:trainer_layer_backward:3.188610076904297
INFO:trainer_layer_backward:3.5016536712646484
INFO:trainer_layer_backward:2.8295516967773438
INFO:trainer_layer_backward:2.961397171020508
INFO:trainer_layer_backward:3.2470226287841797
INFO:trainer_layer_backward:3.0324459075927734
INFO:trainer_layer_backward:2.7866363525390625
INFO:trainer_layer_backward:3.011941909790039
INFO:trainer_layer_backward:2.5632381439208984
INFO:trainer_layer_backward:2.4652481079101562
INFO:trainer_layer_backward:2.7976036071777344
INFO:trainer_layer_backward:2.298116683959961
INFO:trainer_layer_backward:3.2677650451660156
INFO:trainer_layer_backward:4.855155944824219
INFO:trainer_layer_backward:3.0870437622070312
INFO:trainer_layer_backward:3.663778305053711
INFO:trainer_layer_backward:3.7221908569335938
INFO:trainer_layer_backward:3.5927295684814453
INFO:trainer_layer_backward:3.3330917358398438
INFO:trainer_layer_backward:2.7348995208740234
INFO:trainer_layer_backward:3.1282901763916016
INFO:trainer_layer_backward:4.052162170410156
INFO:trainer_layer_backward:4.390478134155273
INFO:trainer_layer_backward:3.4608840942382812
