INFO:trainer_layer_backward:FFT_CNNEx | mnist
INFO:trainer_layer_backward:in_size : 32 | epochs : 1 | batch : 1
INFO:trainer_layer_backward:kernel_l1 : 17 | 
INFO:trainer_layer_backward:o_channels_l1 : 20 | 
INFO:trainer_layer_backward:learn_num_train : 1000 | learn_num_validate : 0 
INFO:trainer_layer_backward::::::::::::::::::::::::::::::::::::::::::::::::::::::::::::
INFO:trainer_layer_backward:message : fft_conv2 
INFO:trainer_layer_backward::::::::::::::::::::::::::::::::::::::::::::::::::::::::::::
INFO:trainer_layer_backward:Ave_Time : 3.023580348852909
INFO:trainer_layer_backward::::::::::::::::::::::::::::::::::::::::::::::::::::::::::::
INFO:trainer_layer_backward:2.6819705963134766
INFO:trainer_layer_backward:4.634380340576172
INFO:trainer_layer_backward:5.616426467895508
INFO:trainer_layer_backward:4.610300064086914
INFO:trainer_layer_backward:2.5649070739746094
INFO:trainer_layer_backward:3.299236297607422
INFO:trainer_layer_backward:2.654552459716797
INFO:trainer_layer_backward:2.6788711547851562
INFO:trainer_layer_backward:2.7763843536376953
INFO:trainer_layer_backward:3.8945674896240234
INFO:trainer_layer_backward:3.2401084899902344
INFO:trainer_layer_backward:3.6008358001708984
INFO:trainer_layer_backward:2.573728561401367
INFO:trainer_layer_backward:2.213001251220703
INFO:trainer_layer_backward:2.3946762084960938
INFO:trainer_layer_backward:2.3691654205322266
INFO:trainer_layer_backward:2.2602081298828125
INFO:trainer_layer_backward:2.0520687103271484
INFO:trainer_layer_backward:2.2993087768554688
INFO:trainer_layer_backward:3.5631656646728516
INFO:trainer_layer_backward:3.3617019653320312
INFO:trainer_layer_backward:2.5663375854492188
INFO:trainer_layer_backward:2.2110939025878906
INFO:trainer_layer_backward:1.8837451934814453
INFO:trainer_layer_backward:2.3474693298339844
INFO:trainer_layer_backward:2.534627914428711
INFO:trainer_layer_backward:3.130197525024414
INFO:trainer_layer_backward:2.694845199584961
INFO:trainer_layer_backward:2.1581649780273438
INFO:trainer_layer_backward:2.3140907287597656
INFO:trainer_layer_backward:2.805471420288086
INFO:trainer_layer_backward:3.803253173828125
INFO:trainer_layer_backward:2.033710479736328
INFO:trainer_layer_backward:2.2754669189453125
INFO:trainer_layer_backward:3.3063888549804688
INFO:trainer_layer_backward:3.963947296142578
INFO:trainer_layer_backward:3.3469200134277344
INFO:trainer_layer_backward:3.397226333618164
INFO:trainer_layer_backward:2.7425289154052734
INFO:trainer_layer_backward:2.2537708282470703
INFO:trainer_layer_backward:2.5565624237060547
INFO:trainer_layer_backward:2.6214122772216797
INFO:trainer_layer_backward:2.1347999572753906
INFO:trainer_layer_backward:3.2706260681152344
INFO:trainer_layer_backward:3.308534622192383
INFO:trainer_layer_backward:2.6178359985351562
INFO:trainer_layer_backward:2.230405807495117
INFO:trainer_layer_backward:2.557516098022461
INFO:trainer_layer_backward:2.8162002563476562
INFO:trainer_layer_backward:2.661466598510742
INFO:trainer_layer_backward:2.6788711547851562
INFO:trainer_layer_backward:4.472017288208008
INFO:trainer_layer_backward:2.678394317626953
INFO:trainer_layer_backward:3.7899017333984375
INFO:trainer_layer_backward:3.904581069946289
INFO:trainer_layer_backward:2.5911331176757812
INFO:trainer_layer_backward:2.3431777954101562
INFO:trainer_layer_backward:3.9510726928710938
INFO:trainer_layer_backward:2.7229785919189453
INFO:trainer_layer_backward:4.707574844360352
INFO:trainer_layer_backward:4.441261291503906
INFO:trainer_layer_backward:2.7353763580322266
INFO:trainer_layer_backward:2.980947494506836
INFO:trainer_layer_backward:2.9077529907226562
INFO:trainer_layer_backward:2.8018951416015625
INFO:trainer_layer_backward:2.816915512084961
INFO:trainer_layer_backward:3.095388412475586
INFO:trainer_layer_backward:3.4449100494384766
INFO:trainer_layer_backward:3.420114517211914
INFO:trainer_layer_backward:3.2722949981689453
INFO:trainer_layer_backward:3.337860107421875
INFO:trainer_layer_backward:3.2110214233398438
INFO:trainer_layer_backward:3.1890869140625
INFO:trainer_layer_backward:2.9048919677734375
INFO:trainer_layer_backward:3.9217472076416016
INFO:trainer_layer_backward:4.233837127685547
INFO:trainer_layer_backward:3.2837390899658203
INFO:trainer_layer_backward:7.609128952026367
INFO:trainer_layer_backward:10.767221450805664
INFO:trainer_layer_backward:4.470109939575195
INFO:trainer_layer_backward:2.666473388671875
INFO:trainer_layer_backward:2.7322769165039062
INFO:trainer_layer_backward:2.8166770935058594
INFO:trainer_layer_backward:3.108978271484375
INFO:trainer_layer_backward:2.711772918701172
INFO:trainer_layer_backward:2.4166107177734375
INFO:trainer_layer_backward:2.8412342071533203
INFO:trainer_layer_backward:3.3833980560302734
INFO:trainer_layer_backward:2.4542808532714844
INFO:trainer_layer_backward:2.3260116577148438
INFO:trainer_layer_backward:2.3376941680908203
INFO:trainer_layer_backward:2.608060836791992
INFO:trainer_layer_backward:2.750396728515625
INFO:trainer_layer_backward:2.582550048828125
INFO:trainer_layer_backward:2.550363540649414
INFO:trainer_layer_backward:1.8968582153320312
INFO:trainer_layer_backward:2.0554065704345703
INFO:trainer_layer_backward:2.5398731231689453
INFO:trainer_layer_backward:3.652811050415039
INFO:trainer_layer_backward:3.4835338592529297
INFO:trainer_layer_backward:2.3179054260253906
INFO:trainer_layer_backward:2.051115036010742
INFO:trainer_layer_backward:1.9419193267822266
INFO:trainer_layer_backward:1.9223690032958984
INFO:trainer_layer_backward:2.8007030487060547
INFO:trainer_layer_backward:2.8879642486572266
INFO:trainer_layer_backward:2.048969268798828
INFO:trainer_layer_backward:2.091646194458008
INFO:trainer_layer_backward:2.076387405395508
INFO:trainer_layer_backward:3.2961368560791016
INFO:trainer_layer_backward:3.518342971801758
INFO:trainer_layer_backward:2.9311180114746094
INFO:trainer_layer_backward:2.4802684783935547
INFO:trainer_layer_backward:2.7112960815429688
INFO:trainer_layer_backward:3.617525100708008
INFO:trainer_layer_backward:3.485441207885742
INFO:trainer_layer_backward:2.767801284790039
INFO:trainer_layer_backward:3.2913684844970703
INFO:trainer_layer_backward:3.2510757446289062
INFO:trainer_layer_backward:2.803802490234375
INFO:trainer_layer_backward:2.894878387451172
INFO:trainer_layer_backward:3.2618045806884766
INFO:trainer_layer_backward:2.3627281188964844
INFO:trainer_layer_backward:3.5970211029052734
INFO:trainer_layer_backward:2.329587936401367
INFO:trainer_layer_backward:2.1636486053466797
INFO:trainer_layer_backward:2.1152496337890625
INFO:trainer_layer_backward:2.14385986328125
INFO:trainer_layer_backward:2.0864009857177734
INFO:trainer_layer_backward:3.8025379180908203
INFO:trainer_layer_backward:7.896900177001953
INFO:trainer_layer_backward:3.0565261840820312
INFO:trainer_layer_backward:2.300739288330078
INFO:trainer_layer_backward:2.824544906616211
INFO:trainer_layer_backward:2.821683883666992
INFO:trainer_layer_backward:2.117633819580078
INFO:trainer_layer_backward:1.9860267639160156
INFO:trainer_layer_backward:3.2503604888916016
INFO:trainer_layer_backward:3.277301788330078
INFO:trainer_layer_backward:3.661632537841797
INFO:trainer_layer_backward:3.337383270263672
INFO:trainer_layer_backward:4.33802604675293
INFO:trainer_layer_backward:2.81524658203125
INFO:trainer_layer_backward:3.470897674560547
INFO:trainer_layer_backward:3.158092498779297
INFO:trainer_layer_backward:2.8383731842041016
INFO:trainer_layer_backward:3.0059814453125
INFO:trainer_layer_backward:4.071235656738281
INFO:trainer_layer_backward:3.4492015838623047
INFO:trainer_layer_backward:3.293275833129883
INFO:trainer_layer_backward:3.935098648071289
INFO:trainer_layer_backward:4.116535186767578
INFO:trainer_layer_backward:3.8156509399414062
INFO:trainer_layer_backward:4.423618316650391
INFO:trainer_layer_backward:2.908945083618164
INFO:trainer_layer_backward:3.8199424743652344
INFO:trainer_layer_backward:3.566741943359375
INFO:trainer_layer_backward:1.9543170928955078
INFO:trainer_layer_backward:1.7807483673095703
INFO:trainer_layer_backward:1.9192695617675781
INFO:trainer_layer_backward:1.9962787628173828
INFO:trainer_layer_backward:1.9717216491699219
INFO:trainer_layer_backward:1.9593238830566406
INFO:trainer_layer_backward:1.9073486328125
INFO:trainer_layer_backward:2.1500587463378906
INFO:trainer_layer_backward:2.242565155029297
INFO:trainer_layer_backward:1.8341541290283203
INFO:trainer_layer_backward:4.120826721191406
INFO:trainer_layer_backward:4.957914352416992
INFO:trainer_layer_backward:2.902507781982422
INFO:trainer_layer_backward:2.9637813568115234
INFO:trainer_layer_backward:4.677772521972656
INFO:trainer_layer_backward:3.1280517578125
INFO:trainer_layer_backward:2.5415420532226562
INFO:trainer_layer_backward:2.5713443756103516
INFO:trainer_layer_backward:2.459287643432617
INFO:trainer_layer_backward:2.7313232421875
INFO:trainer_layer_backward:1.9683837890625
INFO:trainer_layer_backward:1.8033981323242188
INFO:trainer_layer_backward:2.897977828979492
INFO:trainer_layer_backward:3.6013126373291016
INFO:trainer_layer_backward:5.676031112670898
INFO:trainer_layer_backward:3.4270286560058594
INFO:trainer_layer_backward:2.944469451904297
INFO:trainer_layer_backward:2.588510513305664
INFO:trainer_layer_backward:2.7637481689453125
INFO:trainer_layer_backward:2.6814937591552734
INFO:trainer_layer_backward:3.70025634765625
INFO:trainer_layer_backward:3.9281845092773438
INFO:trainer_layer_backward:2.55584716796875
INFO:trainer_layer_backward:1.886129379272461
INFO:trainer_layer_backward:2.202272415161133
INFO:trainer_layer_backward:2.2339820861816406
INFO:trainer_layer_backward:2.169370651245117
INFO:trainer_layer_backward:1.9421577453613281
INFO:trainer_layer_backward:2.120494842529297
INFO:trainer_layer_backward:2.2034645080566406
INFO:trainer_layer_backward:2.157449722290039
INFO:trainer_layer_backward:1.9931793212890625
INFO:trainer_layer_backward:2.093791961669922
INFO:trainer_layer_backward:2.3086071014404297
INFO:trainer_layer_backward:2.9201507568359375
INFO:trainer_layer_backward:2.388477325439453
INFO:trainer_layer_backward:2.1522045135498047
INFO:trainer_layer_backward:2.2819042205810547
INFO:trainer_layer_backward:2.4247169494628906
INFO:trainer_layer_backward:4.660367965698242
INFO:trainer_layer_backward:2.933025360107422
INFO:trainer_layer_backward:3.7653446197509766
INFO:trainer_layer_backward:3.0517578125
INFO:trainer_layer_backward:2.675771713256836
INFO:trainer_layer_backward:5.420684814453125
INFO:trainer_layer_backward:2.0084381103515625
INFO:trainer_layer_backward:4.172325134277344
INFO:trainer_layer_backward:3.0062198638916016
INFO:trainer_layer_backward:2.3844242095947266
INFO:trainer_layer_backward:2.3484230041503906
INFO:trainer_layer_backward:2.290964126586914
INFO:trainer_layer_backward:2.0906925201416016
INFO:trainer_layer_backward:1.9664764404296875
INFO:trainer_layer_backward:2.0737648010253906
INFO:trainer_layer_backward:2.1317005157470703
INFO:trainer_layer_backward:2.5382041931152344
INFO:trainer_layer_backward:2.0546913146972656
INFO:trainer_layer_backward:2.1462440490722656
INFO:trainer_layer_backward:2.710103988647461
INFO:trainer_layer_backward:2.9158592224121094
INFO:trainer_layer_backward:2.9969215393066406
INFO:trainer_layer_backward:2.2346973419189453
INFO:trainer_layer_backward:2.069234848022461
INFO:trainer_layer_backward:2.482891082763672
INFO:trainer_layer_backward:2.931833267211914
INFO:trainer_layer_backward:2.496957778930664
INFO:trainer_layer_backward:4.011631011962891
INFO:trainer_layer_backward:2.8107166290283203
INFO:trainer_layer_backward:2.2187232971191406
INFO:trainer_layer_backward:3.671407699584961
INFO:trainer_layer_backward:3.7240982055664062
INFO:trainer_layer_backward:2.663135528564453
INFO:trainer_layer_backward:2.790689468383789
INFO:trainer_layer_backward:2.920389175415039
INFO:trainer_layer_backward:4.685163497924805
INFO:trainer_layer_backward:3.419637680053711
INFO:trainer_layer_backward:3.550291061401367
INFO:trainer_layer_backward:6.591558456420898
INFO:trainer_layer_backward:3.2591819763183594
INFO:trainer_layer_backward:3.1092166900634766
INFO:trainer_layer_backward:2.96783447265625
INFO:trainer_layer_backward:2.7396678924560547
INFO:trainer_layer_backward:2.345561981201172
INFO:trainer_layer_backward:2.4938583374023438
INFO:trainer_layer_backward:3.8366317749023438
INFO:trainer_layer_backward:4.113197326660156
INFO:trainer_layer_backward:2.8944015502929688
INFO:trainer_layer_backward:2.557039260864258
INFO:trainer_layer_backward:2.727985382080078
INFO:trainer_layer_backward:3.8590431213378906
INFO:trainer_layer_backward:3.1349658966064453
INFO:trainer_layer_backward:3.374338150024414
INFO:trainer_layer_backward:3.2813549041748047
INFO:trainer_layer_backward:2.516508102416992
INFO:trainer_layer_backward:2.348661422729492
INFO:trainer_layer_backward:2.7670860290527344
INFO:trainer_layer_backward:2.6025772094726562
INFO:trainer_layer_backward:2.4552345275878906
INFO:trainer_layer_backward:2.7205944061279297
INFO:trainer_layer_backward:2.7952194213867188
INFO:trainer_layer_backward:2.839326858520508
INFO:trainer_layer_backward:3.5660266876220703
INFO:trainer_layer_backward:3.9336681365966797
INFO:trainer_layer_backward:3.8013458251953125
INFO:trainer_layer_backward:3.546476364135742
INFO:trainer_layer_backward:3.9954185485839844
INFO:trainer_layer_backward:4.541158676147461
INFO:trainer_layer_backward:6.2427520751953125
INFO:trainer_layer_backward:3.880739212036133
INFO:trainer_layer_backward:3.077983856201172
INFO:trainer_layer_backward:2.7663707733154297
INFO:trainer_layer_backward:2.536296844482422
INFO:trainer_layer_backward:2.3202896118164062
INFO:trainer_layer_backward:2.343893051147461
INFO:trainer_layer_backward:3.9436817169189453
INFO:trainer_layer_backward:3.7229061126708984
INFO:trainer_layer_backward:3.4918785095214844
INFO:trainer_layer_backward:2.3984909057617188
INFO:trainer_layer_backward:2.930164337158203
INFO:trainer_layer_backward:2.537965774536133
INFO:trainer_layer_backward:2.5513172149658203
INFO:trainer_layer_backward:2.4576187133789062
INFO:trainer_layer_backward:2.990245819091797
INFO:trainer_layer_backward:2.5947093963623047
INFO:trainer_layer_backward:3.478527069091797
INFO:trainer_layer_backward:4.112720489501953
INFO:trainer_layer_backward:3.355264663696289
INFO:trainer_layer_backward:2.7742385864257812
INFO:trainer_layer_backward:5.170106887817383
INFO:trainer_layer_backward:3.5545825958251953
INFO:trainer_layer_backward:3.2966136932373047
INFO:trainer_layer_backward:2.6140213012695312
INFO:trainer_layer_backward:2.26593017578125
INFO:trainer_layer_backward:2.5260448455810547
INFO:trainer_layer_backward:3.289937973022461
INFO:trainer_layer_backward:3.7801265716552734
INFO:trainer_layer_backward:3.1197071075439453
INFO:trainer_layer_backward:2.3059844970703125
INFO:trainer_layer_backward:3.100156784057617
INFO:trainer_layer_backward:2.7685165405273438
INFO:trainer_layer_backward:3.2341480255126953
INFO:trainer_layer_backward:3.4606456756591797
INFO:trainer_layer_backward:3.409147262573242
INFO:trainer_layer_backward:2.5773048400878906
INFO:trainer_layer_backward:2.5625228881835938
INFO:trainer_layer_backward:4.033565521240234
INFO:trainer_layer_backward:2.984762191772461
INFO:trainer_layer_backward:2.2056102752685547
INFO:trainer_layer_backward:2.2013187408447266
INFO:trainer_layer_backward:3.7293434143066406
INFO:trainer_layer_backward:3.3926963806152344
INFO:trainer_layer_backward:10.516166687011719
INFO:trainer_layer_backward:3.2978057861328125
INFO:trainer_layer_backward:1.859426498413086
INFO:trainer_layer_backward:2.7053356170654297
INFO:trainer_layer_backward:1.8596649169921875
INFO:trainer_layer_backward:4.342794418334961
INFO:trainer_layer_backward:2.393960952758789
INFO:trainer_layer_backward:2.9327869415283203
INFO:trainer_layer_backward:3.223419189453125
INFO:trainer_layer_backward:3.51715087890625
INFO:trainer_layer_backward:2.081155776977539
INFO:trainer_layer_backward:2.916574478149414
INFO:trainer_layer_backward:3.449678421020508
INFO:trainer_layer_backward:2.793550491333008
INFO:trainer_layer_backward:2.7570724487304688
INFO:trainer_layer_backward:2.4771690368652344
INFO:trainer_layer_backward:2.2420883178710938
INFO:trainer_layer_backward:2.263307571411133
INFO:trainer_layer_backward:2.4900436401367188
INFO:trainer_layer_backward:3.191232681274414
INFO:trainer_layer_backward:4.1904449462890625
INFO:trainer_layer_backward:2.891063690185547
INFO:trainer_layer_backward:2.087116241455078
INFO:trainer_layer_backward:2.1293163299560547
INFO:trainer_layer_backward:2.7353763580322266
INFO:trainer_layer_backward:3.4151077270507812
INFO:trainer_layer_backward:2.7794837951660156
INFO:trainer_layer_backward:4.052877426147461
INFO:trainer_layer_backward:6.074666976928711
INFO:trainer_layer_backward:3.6478042602539062
INFO:trainer_layer_backward:2.7103424072265625
INFO:trainer_layer_backward:3.131389617919922
INFO:trainer_layer_backward:3.3037662506103516
INFO:trainer_layer_backward:4.959583282470703
INFO:trainer_layer_backward:3.738880157470703
INFO:trainer_layer_backward:2.749204635620117
INFO:trainer_layer_backward:2.736330032348633
INFO:trainer_layer_backward:2.7129650115966797
INFO:trainer_layer_backward:3.599405288696289
INFO:trainer_layer_backward:2.597332000732422
INFO:trainer_layer_backward:2.505779266357422
INFO:trainer_layer_backward:4.467487335205078
INFO:trainer_layer_backward:2.8426647186279297
INFO:trainer_layer_backward:2.435922622680664
INFO:trainer_layer_backward:3.0965805053710938
INFO:trainer_layer_backward:3.0066967010498047
INFO:trainer_layer_backward:2.312898635864258
INFO:trainer_layer_backward:3.0493736267089844
INFO:trainer_layer_backward:3.12042236328125
INFO:trainer_layer_backward:3.229379653930664
INFO:trainer_layer_backward:2.17437744140625
INFO:trainer_layer_backward:3.751516342163086
INFO:trainer_layer_backward:3.081798553466797
INFO:trainer_layer_backward:3.6652088165283203
INFO:trainer_layer_backward:5.767345428466797
INFO:trainer_layer_backward:2.490997314453125
INFO:trainer_layer_backward:2.313852310180664
INFO:trainer_layer_backward:2.8052330017089844
INFO:trainer_layer_backward:3.5779476165771484
INFO:trainer_layer_backward:2.9985904693603516
INFO:trainer_layer_backward:3.0531883239746094
INFO:trainer_layer_backward:2.7942657470703125
INFO:trainer_layer_backward:2.2208690643310547
INFO:trainer_layer_backward:2.9969215393066406
INFO:trainer_layer_backward:3.306150436401367
INFO:trainer_layer_backward:3.6792755126953125
INFO:trainer_layer_backward:3.476381301879883
INFO:trainer_layer_backward:2.44140625
INFO:trainer_layer_backward:2.8302669525146484
INFO:trainer_layer_backward:3.2994747161865234
INFO:trainer_layer_backward:2.100229263305664
INFO:trainer_layer_backward:2.7761459350585938
INFO:trainer_layer_backward:3.6821365356445312
INFO:trainer_layer_backward:3.888845443725586
INFO:trainer_layer_backward:3.3042430877685547
INFO:trainer_layer_backward:2.828836441040039
INFO:trainer_layer_backward:2.4785995483398438
INFO:trainer_layer_backward:3.5247802734375
INFO:trainer_layer_backward:3.629922866821289
INFO:trainer_layer_backward:3.247976303100586
INFO:trainer_layer_backward:3.4742355346679688
INFO:trainer_layer_backward:3.8275718688964844
INFO:trainer_layer_backward:4.036903381347656
INFO:trainer_layer_backward:3.662586212158203
INFO:trainer_layer_backward:2.432107925415039
INFO:trainer_layer_backward:3.6585330963134766
INFO:trainer_layer_backward:3.050088882446289
INFO:trainer_layer_backward:2.6235580444335938
INFO:trainer_layer_backward:2.6574134826660156
INFO:trainer_layer_backward:2.262592315673828
INFO:trainer_layer_backward:2.310037612915039
INFO:trainer_layer_backward:3.0655860900878906
INFO:trainer_layer_backward:3.033161163330078
INFO:trainer_layer_backward:3.2324790954589844
INFO:trainer_layer_backward:3.0879974365234375
INFO:trainer_layer_backward:2.4170875549316406
INFO:trainer_layer_backward:3.1027793884277344
INFO:trainer_layer_backward:3.106832504272461
INFO:trainer_layer_backward:3.312826156616211
INFO:trainer_layer_backward:3.149747848510742
INFO:trainer_layer_backward:3.003835678100586
INFO:trainer_layer_backward:3.47137451171875
INFO:trainer_layer_backward:3.9386749267578125
INFO:trainer_layer_backward:3.734588623046875
INFO:trainer_layer_backward:3.6780834197998047
INFO:trainer_layer_backward:3.9877891540527344
INFO:trainer_layer_backward:3.934144973754883
INFO:trainer_layer_backward:2.6853084564208984
INFO:trainer_layer_backward:2.3419857025146484
INFO:trainer_layer_backward:2.2437572479248047
INFO:trainer_layer_backward:2.4383068084716797
INFO:trainer_layer_backward:2.765178680419922
INFO:trainer_layer_backward:2.130270004272461
INFO:trainer_layer_backward:2.8960704803466797
INFO:trainer_layer_backward:2.872467041015625
INFO:trainer_layer_backward:4.068851470947266
INFO:trainer_layer_backward:4.662036895751953
INFO:trainer_layer_backward:4.0874481201171875
INFO:trainer_layer_backward:2.9878616333007812
INFO:trainer_layer_backward:3.5457611083984375
INFO:trainer_layer_backward:4.475593566894531
INFO:trainer_layer_backward:3.3369064331054688
INFO:trainer_layer_backward:2.080202102661133
INFO:trainer_layer_backward:2.3877620697021484
INFO:trainer_layer_backward:3.646373748779297
INFO:trainer_layer_backward:2.4983882904052734
INFO:trainer_layer_backward:2.9599666595458984
INFO:trainer_layer_backward:2.359628677368164
INFO:trainer_layer_backward:4.081487655639648
INFO:trainer_layer_backward:3.904581069946289
INFO:trainer_layer_backward:3.4101009368896484
INFO:trainer_layer_backward:3.256082534790039
INFO:trainer_layer_backward:3.0570030212402344
INFO:trainer_layer_backward:2.832651138305664
INFO:trainer_layer_backward:3.1740665435791016
INFO:trainer_layer_backward:3.0214786529541016
INFO:trainer_layer_backward:2.914905548095703
INFO:trainer_layer_backward:4.24504280090332
INFO:trainer_layer_backward:4.243373870849609
INFO:trainer_layer_backward:4.965066909790039
INFO:trainer_layer_backward:2.7298927307128906
INFO:trainer_layer_backward:2.3987293243408203
INFO:trainer_layer_backward:2.9726028442382812
INFO:trainer_layer_backward:3.3483505249023438
INFO:trainer_layer_backward:2.9523372650146484
INFO:trainer_layer_backward:3.7491321563720703
INFO:trainer_layer_backward:4.590511322021484
INFO:trainer_layer_backward:4.560232162475586
INFO:trainer_layer_backward:2.2971630096435547
INFO:trainer_layer_backward:3.3502578735351562
INFO:trainer_layer_backward:2.9649734497070312
INFO:trainer_layer_backward:2.913951873779297
INFO:trainer_layer_backward:4.038810729980469
INFO:trainer_layer_backward:3.2346248626708984
INFO:trainer_layer_backward:3.225088119506836
INFO:trainer_layer_backward:2.9761791229248047
INFO:trainer_layer_backward:4.071474075317383
INFO:trainer_layer_backward:3.1349658966064453
INFO:trainer_layer_backward:3.0629634857177734
INFO:trainer_layer_backward:4.606723785400391
INFO:trainer_layer_backward:4.398345947265625
INFO:trainer_layer_backward:3.428220748901367
INFO:trainer_layer_backward:3.5037994384765625
INFO:trainer_layer_backward:2.950429916381836
INFO:trainer_layer_backward:2.8281211853027344
INFO:trainer_layer_backward:4.495859146118164
INFO:trainer_layer_backward:4.782199859619141
INFO:trainer_layer_backward:3.3338069915771484
INFO:trainer_layer_backward:2.6845932006835938
INFO:trainer_layer_backward:3.605365753173828
INFO:trainer_layer_backward:2.696990966796875
INFO:trainer_layer_backward:2.8595924377441406
INFO:trainer_layer_backward:2.765178680419922
INFO:trainer_layer_backward:2.4509429931640625
INFO:trainer_layer_backward:2.674579620361328
INFO:trainer_layer_backward:2.653360366821289
INFO:trainer_layer_backward:2.3238658905029297
INFO:trainer_layer_backward:2.2008419036865234
INFO:trainer_layer_backward:2.1317005157470703
INFO:trainer_layer_backward:2.172231674194336
INFO:trainer_layer_backward:4.385948181152344
INFO:trainer_layer_backward:4.085779190063477
INFO:trainer_layer_backward:2.5870800018310547
INFO:trainer_layer_backward:2.238035202026367
INFO:trainer_layer_backward:2.8524398803710938
INFO:trainer_layer_backward:2.925872802734375
INFO:trainer_layer_backward:4.881143569946289
INFO:trainer_layer_backward:3.5216808319091797
INFO:trainer_layer_backward:3.038644790649414
INFO:trainer_layer_backward:2.9611587524414062
INFO:trainer_layer_backward:2.125978469848633
INFO:trainer_layer_backward:1.9581317901611328
INFO:trainer_layer_backward:2.7723312377929688
INFO:trainer_layer_backward:3.4422874450683594
INFO:trainer_layer_backward:3.234386444091797
INFO:trainer_layer_backward:2.845287322998047
INFO:trainer_layer_backward:3.0705928802490234
INFO:trainer_layer_backward:3.1533241271972656
INFO:trainer_layer_backward:2.7365684509277344
INFO:trainer_layer_backward:2.8841495513916016
INFO:trainer_layer_backward:3.712177276611328
INFO:trainer_layer_backward:3.821849822998047
INFO:trainer_layer_backward:2.942323684692383
INFO:trainer_layer_backward:3.509998321533203
INFO:trainer_layer_backward:2.6214122772216797
INFO:trainer_layer_backward:3.978729248046875
INFO:trainer_layer_backward:4.761457443237305
INFO:trainer_layer_backward:3.581523895263672
INFO:trainer_layer_backward:3.4301280975341797
INFO:trainer_layer_backward:2.567768096923828
INFO:trainer_layer_backward:1.9876956939697266
INFO:trainer_layer_backward:2.8429031372070312
INFO:trainer_layer_backward:2.707242965698242
INFO:trainer_layer_backward:3.036975860595703
INFO:trainer_layer_backward:2.695322036743164
INFO:trainer_layer_backward:2.7246475219726562
INFO:trainer_layer_backward:2.9747486114501953
INFO:trainer_layer_backward:3.085613250732422
INFO:trainer_layer_backward:3.266572952270508
INFO:trainer_layer_backward:3.673076629638672
INFO:trainer_layer_backward:3.8094520568847656
INFO:trainer_layer_backward:4.657506942749023
INFO:trainer_layer_backward:2.6216506958007812
INFO:trainer_layer_backward:3.015279769897461
INFO:trainer_layer_backward:3.2274723052978516
INFO:trainer_layer_backward:2.7840137481689453
INFO:trainer_layer_backward:3.9963722229003906
INFO:trainer_layer_backward:3.881216049194336
INFO:trainer_layer_backward:3.237485885620117
INFO:trainer_layer_backward:3.5970211029052734
INFO:trainer_layer_backward:2.9592514038085938
INFO:trainer_layer_backward:2.7430057525634766
INFO:trainer_layer_backward:2.177000045776367
INFO:trainer_layer_backward:3.2720565795898438
INFO:trainer_layer_backward:3.728628158569336
INFO:trainer_layer_backward:2.8371810913085938
INFO:trainer_layer_backward:2.99072265625
INFO:trainer_layer_backward:5.350351333618164
INFO:trainer_layer_backward:2.440929412841797
INFO:trainer_layer_backward:14.983892440795898
INFO:trainer_layer_backward:2.833843231201172
INFO:trainer_layer_backward:2.4404525756835938
INFO:trainer_layer_backward:3.6339759826660156
INFO:trainer_layer_backward:3.5283565521240234
INFO:trainer_layer_backward:2.477884292602539
INFO:trainer_layer_backward:2.2487640380859375
INFO:trainer_layer_backward:3.1642913818359375
INFO:trainer_layer_backward:2.5467872619628906
INFO:trainer_layer_backward:2.7513504028320312
INFO:trainer_layer_backward:2.2454261779785156
INFO:trainer_layer_backward:2.441883087158203
INFO:trainer_layer_backward:2.4623870849609375
INFO:trainer_layer_backward:2.895832061767578
INFO:trainer_layer_backward:3.633737564086914
INFO:trainer_layer_backward:2.750873565673828
INFO:trainer_layer_backward:3.6771297454833984
INFO:trainer_layer_backward:2.8350353240966797
INFO:trainer_layer_backward:3.023386001586914
INFO:trainer_layer_backward:2.6292800903320312
INFO:trainer_layer_backward:2.8371810913085938
INFO:trainer_layer_backward:2.574920654296875
INFO:trainer_layer_backward:2.8984546661376953
INFO:trainer_layer_backward:2.360105514526367
INFO:trainer_layer_backward:2.6361942291259766
INFO:trainer_layer_backward:2.8917789459228516
INFO:trainer_layer_backward:2.069711685180664
INFO:trainer_layer_backward:2.015829086303711
INFO:trainer_layer_backward:2.2063255310058594
INFO:trainer_layer_backward:2.245187759399414
INFO:trainer_layer_backward:2.8374195098876953
INFO:trainer_layer_backward:2.203702926635742
INFO:trainer_layer_backward:2.4840831756591797
INFO:trainer_layer_backward:3.5686492919921875
INFO:trainer_layer_backward:3.226757049560547
INFO:trainer_layer_backward:3.275156021118164
INFO:trainer_layer_backward:2.7434825897216797
INFO:trainer_layer_backward:4.138708114624023
INFO:trainer_layer_backward:3.960132598876953
INFO:trainer_layer_backward:2.7441978454589844
INFO:trainer_layer_backward:4.311561584472656
INFO:trainer_layer_backward:3.8695335388183594
INFO:trainer_layer_backward:3.0684471130371094
INFO:trainer_layer_backward:3.8247108459472656
INFO:trainer_layer_backward:3.6668777465820312
INFO:trainer_layer_backward:3.887653350830078
INFO:trainer_layer_backward:2.880573272705078
INFO:trainer_layer_backward:3.427267074584961
INFO:trainer_layer_backward:3.5333633422851562
INFO:trainer_layer_backward:2.8367042541503906
INFO:trainer_layer_backward:3.5903453826904297
INFO:trainer_layer_backward:3.197193145751953
INFO:trainer_layer_backward:2.283811569213867
INFO:trainer_layer_backward:3.2761096954345703
INFO:trainer_layer_backward:3.326892852783203
INFO:trainer_layer_backward:2.095937728881836
INFO:trainer_layer_backward:2.3241043090820312
INFO:trainer_layer_backward:4.4002532958984375
INFO:trainer_layer_backward:2.038717269897461
INFO:trainer_layer_backward:2.135038375854492
INFO:trainer_layer_backward:2.5377273559570312
INFO:trainer_layer_backward:3.6699771881103516
INFO:trainer_layer_backward:2.274751663208008
INFO:trainer_layer_backward:2.4099349975585938
INFO:trainer_layer_backward:2.788543701171875
INFO:trainer_layer_backward:2.353668212890625
INFO:trainer_layer_backward:2.763509750366211
INFO:trainer_layer_backward:2.5603771209716797
INFO:trainer_layer_backward:1.9690990447998047
INFO:trainer_layer_backward:2.0666122436523438
INFO:trainer_layer_backward:2.369403839111328
INFO:trainer_layer_backward:2.2547245025634766
INFO:trainer_layer_backward:2.6044845581054688
INFO:trainer_layer_backward:2.5339126586914062
INFO:trainer_layer_backward:2.4137496948242188
INFO:trainer_layer_backward:2.9153823852539062
INFO:trainer_layer_backward:2.875089645385742
INFO:trainer_layer_backward:2.7112960815429688
INFO:trainer_layer_backward:2.699613571166992
INFO:trainer_layer_backward:2.5832653045654297
INFO:trainer_layer_backward:2.4640560150146484
INFO:trainer_layer_backward:2.3050308227539062
INFO:trainer_layer_backward:2.3279190063476562
INFO:trainer_layer_backward:3.6478042602539062
INFO:trainer_layer_backward:4.226922988891602
INFO:trainer_layer_backward:3.496408462524414
INFO:trainer_layer_backward:3.0651092529296875
INFO:trainer_layer_backward:2.9599666595458984
INFO:trainer_layer_backward:2.233743667602539
INFO:trainer_layer_backward:3.644704818725586
INFO:trainer_layer_backward:3.6988258361816406
INFO:trainer_layer_backward:2.309560775756836
INFO:trainer_layer_backward:2.4411678314208984
INFO:trainer_layer_backward:2.5272369384765625
INFO:trainer_layer_backward:2.4411678314208984
INFO:trainer_layer_backward:2.4602413177490234
INFO:trainer_layer_backward:2.393007278442383
INFO:trainer_layer_backward:3.648519515991211
INFO:trainer_layer_backward:3.148794174194336
INFO:trainer_layer_backward:3.6630630493164062
INFO:trainer_layer_backward:3.395557403564453
INFO:trainer_layer_backward:2.553701400756836
INFO:trainer_layer_backward:2.6116371154785156
INFO:trainer_layer_backward:2.4328231811523438
INFO:trainer_layer_backward:2.7341842651367188
INFO:trainer_layer_backward:2.9015541076660156
INFO:trainer_layer_backward:3.0498504638671875
INFO:trainer_layer_backward:3.0181407928466797
INFO:trainer_layer_backward:3.2427310943603516
INFO:trainer_layer_backward:2.763509750366211
INFO:trainer_layer_backward:2.665996551513672
INFO:trainer_layer_backward:2.3009777069091797
INFO:trainer_layer_backward:3.02886962890625
INFO:trainer_layer_backward:3.0465126037597656
INFO:trainer_layer_backward:3.0791759490966797
INFO:trainer_layer_backward:3.74603271484375
INFO:trainer_layer_backward:3.6389827728271484
INFO:trainer_layer_backward:3.51715087890625
INFO:trainer_layer_backward:3.2224655151367188
INFO:trainer_layer_backward:3.0062198638916016
INFO:trainer_layer_backward:3.2711029052734375
INFO:trainer_layer_backward:2.620697021484375
INFO:trainer_layer_backward:2.3474693298339844
INFO:trainer_layer_backward:2.314329147338867
INFO:trainer_layer_backward:2.572298049926758
INFO:trainer_layer_backward:2.2373199462890625
INFO:trainer_layer_backward:2.352476119995117
INFO:trainer_layer_backward:1.9841194152832031
INFO:trainer_layer_backward:2.1483898162841797
INFO:trainer_layer_backward:3.323078155517578
INFO:trainer_layer_backward:3.3502578735351562
INFO:trainer_layer_backward:2.8154850006103516
INFO:trainer_layer_backward:2.0151138305664062
INFO:trainer_layer_backward:1.956939697265625
INFO:trainer_layer_backward:3.000020980834961
INFO:trainer_layer_backward:2.8095245361328125
INFO:trainer_layer_backward:2.9757022857666016
INFO:trainer_layer_backward:2.8340816497802734
INFO:trainer_layer_backward:2.7151107788085938
INFO:trainer_layer_backward:4.277944564819336
INFO:trainer_layer_backward:3.987550735473633
INFO:trainer_layer_backward:2.743244171142578
INFO:trainer_layer_backward:3.089427947998047
INFO:trainer_layer_backward:4.802227020263672
INFO:trainer_layer_backward:4.197835922241211
INFO:trainer_layer_backward:4.65846061706543
INFO:trainer_layer_backward:2.185821533203125
INFO:trainer_layer_backward:2.152681350708008
INFO:trainer_layer_backward:2.2225379943847656
INFO:trainer_layer_backward:3.091096878051758
INFO:trainer_layer_backward:2.2933483123779297
INFO:trainer_layer_backward:2.695322036743164
INFO:trainer_layer_backward:2.764463424682617
INFO:trainer_layer_backward:4.828691482543945
INFO:trainer_layer_backward:3.97491455078125
INFO:trainer_layer_backward:3.119945526123047
INFO:trainer_layer_backward:4.626035690307617
INFO:trainer_layer_backward:3.515005111694336
INFO:trainer_layer_backward:3.043651580810547
INFO:trainer_layer_backward:4.990816116333008
INFO:trainer_layer_backward:2.9668807983398438
INFO:trainer_layer_backward:2.846240997314453
INFO:trainer_layer_backward:3.8657188415527344
INFO:trainer_layer_backward:3.1087398529052734
INFO:trainer_layer_backward:2.7811527252197266
INFO:trainer_layer_backward:3.591775894165039
INFO:trainer_layer_backward:4.093408584594727
INFO:trainer_layer_backward:3.989696502685547
INFO:trainer_layer_backward:3.2629966735839844
INFO:trainer_layer_backward:4.3544769287109375
INFO:trainer_layer_backward:3.6940574645996094
INFO:trainer_layer_backward:3.1061172485351562
INFO:trainer_layer_backward:4.611492156982422
INFO:trainer_layer_backward:4.074811935424805
INFO:trainer_layer_backward:2.802133560180664
INFO:trainer_layer_backward:4.022359848022461
INFO:trainer_layer_backward:4.293918609619141
INFO:trainer_layer_backward:3.7107467651367188
INFO:trainer_layer_backward:2.6731491088867188
INFO:trainer_layer_backward:2.7077198028564453
INFO:trainer_layer_backward:4.580020904541016
INFO:trainer_layer_backward:2.1903514862060547
INFO:trainer_layer_backward:2.1300315856933594
INFO:trainer_layer_backward:2.3179054260253906
INFO:trainer_layer_backward:2.146005630493164
INFO:trainer_layer_backward:2.1517276763916016
INFO:trainer_layer_backward:4.016876220703125
INFO:trainer_layer_backward:2.905130386352539
INFO:trainer_layer_backward:3.1931400299072266
INFO:trainer_layer_backward:2.9020309448242188
INFO:trainer_layer_backward:3.257274627685547
INFO:trainer_layer_backward:2.836465835571289
INFO:trainer_layer_backward:3.261566162109375
INFO:trainer_layer_backward:2.2139549255371094
INFO:trainer_layer_backward:2.462148666381836
INFO:trainer_layer_backward:3.3020973205566406
INFO:trainer_layer_backward:3.3550262451171875
INFO:trainer_layer_backward:3.016233444213867
INFO:trainer_layer_backward:3.0379295349121094
INFO:trainer_layer_backward:3.959178924560547
INFO:trainer_layer_backward:2.2716522216796875
INFO:trainer_layer_backward:2.4623870849609375
INFO:trainer_layer_backward:4.246234893798828
INFO:trainer_layer_backward:4.345893859863281
INFO:trainer_layer_backward:3.728151321411133
INFO:trainer_layer_backward:4.621028900146484
INFO:trainer_layer_backward:2.5739669799804688
INFO:trainer_layer_backward:2.688884735107422
INFO:trainer_layer_backward:2.604961395263672
INFO:trainer_layer_backward:2.501964569091797
INFO:trainer_layer_backward:3.634929656982422
INFO:trainer_layer_backward:2.6962757110595703
INFO:trainer_layer_backward:3.215789794921875
INFO:trainer_layer_backward:2.5408267974853516
INFO:trainer_layer_backward:2.651691436767578
INFO:trainer_layer_backward:2.550363540649414
INFO:trainer_layer_backward:2.4127960205078125
INFO:trainer_layer_backward:2.328157424926758
INFO:trainer_layer_backward:2.3789405822753906
INFO:trainer_layer_backward:2.4046897888183594
INFO:trainer_layer_backward:2.1736621856689453
INFO:trainer_layer_backward:2.0902156829833984
INFO:trainer_layer_backward:2.0666122436523438
INFO:trainer_layer_backward:2.0601749420166016
INFO:trainer_layer_backward:3.1757354736328125
INFO:trainer_layer_backward:2.866983413696289
INFO:trainer_layer_backward:2.2859573364257812
INFO:trainer_layer_backward:3.7000179290771484
INFO:trainer_layer_backward:3.1061172485351562
INFO:trainer_layer_backward:2.3412704467773438
INFO:trainer_layer_backward:1.9755363464355469
INFO:trainer_layer_backward:2.9001235961914062
INFO:trainer_layer_backward:2.6187896728515625
INFO:trainer_layer_backward:2.7687549591064453
INFO:trainer_layer_backward:3.615856170654297
INFO:trainer_layer_backward:2.8018951416015625
INFO:trainer_layer_backward:1.9686222076416016
INFO:trainer_layer_backward:2.2399425506591797
INFO:trainer_layer_backward:2.159595489501953
INFO:trainer_layer_backward:2.1402835845947266
INFO:trainer_layer_backward:1.9850730895996094
INFO:trainer_layer_backward:2.496480941772461
INFO:trainer_layer_backward:2.329111099243164
INFO:trainer_layer_backward:3.0727386474609375
INFO:trainer_layer_backward:2.72369384765625
INFO:trainer_layer_backward:1.9750595092773438
INFO:trainer_layer_backward:2.0368099212646484
INFO:trainer_layer_backward:2.5148391723632812
INFO:trainer_layer_backward:2.016782760620117
INFO:trainer_layer_backward:2.232074737548828
INFO:trainer_layer_backward:2.2242069244384766
INFO:trainer_layer_backward:2.7234554290771484
INFO:trainer_layer_backward:2.4728775024414062
INFO:trainer_layer_backward:2.328157424926758
INFO:trainer_layer_backward:2.489805221557617
INFO:trainer_layer_backward:3.4530162811279297
INFO:trainer_layer_backward:2.5701522827148438
INFO:trainer_layer_backward:2.233266830444336
INFO:trainer_layer_backward:2.2573471069335938
INFO:trainer_layer_backward:3.0145645141601562
INFO:trainer_layer_backward:2.2025108337402344
INFO:trainer_layer_backward:2.9501914978027344
INFO:trainer_layer_backward:2.829313278198242
INFO:trainer_layer_backward:3.4983158111572266
INFO:trainer_layer_backward:3.7720203399658203
INFO:trainer_layer_backward:2.195596694946289
INFO:trainer_layer_backward:2.8967857360839844
INFO:trainer_layer_backward:2.5098323822021484
INFO:trainer_layer_backward:2.145051956176758
INFO:trainer_layer_backward:2.226591110229492
INFO:trainer_layer_backward:2.6013851165771484
INFO:trainer_layer_backward:2.515554428100586
INFO:trainer_layer_backward:2.0902156829833984
INFO:trainer_layer_backward:2.2592544555664062
INFO:trainer_layer_backward:2.115488052368164
INFO:trainer_layer_backward:3.5834312438964844
INFO:trainer_layer_backward:3.1282901763916016
INFO:trainer_layer_backward:3.202199935913086
INFO:trainer_layer_backward:2.3736953735351562
INFO:trainer_layer_backward:3.009796142578125
INFO:trainer_layer_backward:3.103494644165039
INFO:trainer_layer_backward:4.511594772338867
INFO:trainer_layer_backward:3.789663314819336
INFO:trainer_layer_backward:3.0248165130615234
INFO:trainer_layer_backward:4.592657089233398
INFO:trainer_layer_backward:2.8841495513916016
INFO:trainer_layer_backward:2.6679039001464844
INFO:trainer_layer_backward:2.6252269744873047
INFO:trainer_layer_backward:3.930330276489258
INFO:trainer_layer_backward:3.4563541412353516
INFO:trainer_layer_backward:3.578662872314453
INFO:trainer_layer_backward:2.0182132720947266
INFO:trainer_layer_backward:3.3674240112304688
INFO:trainer_layer_backward:4.619121551513672
INFO:trainer_layer_backward:3.294229507446289
INFO:trainer_layer_backward:3.2029151916503906
INFO:trainer_layer_backward:3.2944679260253906
INFO:trainer_layer_backward:3.3714771270751953
INFO:trainer_layer_backward:3.937959671020508
INFO:trainer_layer_backward:3.966808319091797
INFO:trainer_layer_backward:2.915620803833008
INFO:trainer_layer_backward:2.1584033966064453
INFO:trainer_layer_backward:2.1932125091552734
INFO:trainer_layer_backward:3.0870437622070312
INFO:trainer_layer_backward:3.0670166015625
INFO:trainer_layer_backward:3.0601024627685547
INFO:trainer_layer_backward:3.202199935913086
INFO:trainer_layer_backward:3.092050552368164
INFO:trainer_layer_backward:2.905607223510742
INFO:trainer_layer_backward:2.8166770935058594
INFO:trainer_layer_backward:3.5521984100341797
INFO:trainer_layer_backward:3.895998001098633
INFO:trainer_layer_backward:2.6476383209228516
INFO:trainer_layer_backward:2.257108688354492
INFO:trainer_layer_backward:2.1545886993408203
INFO:trainer_layer_backward:2.2954940795898438
INFO:trainer_layer_backward:2.1860599517822266
INFO:trainer_layer_backward:2.135038375854492
INFO:trainer_layer_backward:2.504110336303711
INFO:trainer_layer_backward:2.200603485107422
INFO:trainer_layer_backward:2.290964126586914
INFO:trainer_layer_backward:2.0852088928222656
INFO:trainer_layer_backward:2.163410186767578
INFO:trainer_layer_backward:2.231597900390625
INFO:trainer_layer_backward:2.1638870239257812
INFO:trainer_layer_backward:2.100706100463867
INFO:trainer_layer_backward:2.12860107421875
INFO:trainer_layer_backward:4.151821136474609
INFO:trainer_layer_backward:3.684520721435547
INFO:trainer_layer_backward:3.081798553466797
INFO:trainer_layer_backward:2.6063919067382812
INFO:trainer_layer_backward:2.75421142578125
INFO:trainer_layer_backward:2.420186996459961
INFO:trainer_layer_backward:3.207683563232422
INFO:trainer_layer_backward:2.871990203857422
INFO:trainer_layer_backward:3.011465072631836
INFO:trainer_layer_backward:2.9501914978027344
INFO:trainer_layer_backward:3.015279769897461
INFO:trainer_layer_backward:2.887725830078125
INFO:trainer_layer_backward:2.572298049926758
INFO:trainer_layer_backward:2.3720264434814453
INFO:trainer_layer_backward:2.251148223876953
INFO:trainer_layer_backward:2.203226089477539
INFO:trainer_layer_backward:3.134489059448242
INFO:trainer_layer_backward:3.6461353302001953
INFO:trainer_layer_backward:2.998828887939453
INFO:trainer_layer_backward:2.5670528411865234
INFO:trainer_layer_backward:2.5758743286132812
INFO:trainer_layer_backward:2.4721622467041016
INFO:trainer_layer_backward:2.335786819458008
INFO:trainer_layer_backward:2.190113067626953
INFO:trainer_layer_backward:4.065513610839844
INFO:trainer_layer_backward:2.373933792114258
INFO:trainer_layer_backward:2.2363662719726562
INFO:trainer_layer_backward:2.058267593383789
INFO:trainer_layer_backward:2.533435821533203
INFO:trainer_layer_backward:1.9993782043457031
INFO:trainer_layer_backward:1.8758773803710938
INFO:trainer_layer_backward:2.148866653442383
INFO:trainer_layer_backward:2.111673355102539
INFO:trainer_layer_backward:2.319812774658203
INFO:trainer_layer_backward:2.0644664764404297
INFO:trainer_layer_backward:3.017425537109375
INFO:trainer_layer_backward:3.0841827392578125
INFO:trainer_layer_backward:2.9642581939697266
INFO:trainer_layer_backward:3.463268280029297
INFO:trainer_layer_backward:3.300905227661133
INFO:trainer_layer_backward:2.9871463775634766
INFO:trainer_layer_backward:3.0651092529296875
INFO:trainer_layer_backward:2.629995346069336
INFO:trainer_layer_backward:3.3147335052490234
INFO:trainer_layer_backward:2.367734909057617
INFO:trainer_layer_backward:2.309560775756836
INFO:trainer_layer_backward:1.9538402557373047
INFO:trainer_layer_backward:1.9261837005615234
INFO:trainer_layer_backward:3.2892227172851562
INFO:trainer_layer_backward:4.329681396484375
INFO:trainer_layer_backward:3.0846595764160156
INFO:trainer_layer_backward:2.579927444458008
INFO:trainer_layer_backward:2.336740493774414
INFO:trainer_layer_backward:2.187967300415039
INFO:trainer_layer_backward:1.9769668579101562
INFO:trainer_layer_backward:2.4950504302978516
INFO:trainer_layer_backward:3.692150115966797
INFO:trainer_layer_backward:3.5157203674316406
INFO:trainer_layer_backward:3.1850337982177734
INFO:trainer_layer_backward:3.994464874267578
INFO:trainer_layer_backward:2.7763843536376953
INFO:trainer_layer_backward:2.8867721557617188
INFO:trainer_layer_backward:2.865314483642578
INFO:trainer_layer_backward:2.920866012573242
INFO:trainer_layer_backward:2.6292800903320312
INFO:trainer_layer_backward:3.1142234802246094
INFO:trainer_layer_backward:3.0586719512939453
INFO:trainer_layer_backward:2.6884078979492188
INFO:trainer_layer_backward:2.7611255645751953
INFO:trainer_layer_backward:2.9191970825195312
INFO:trainer_layer_backward:3.1006336212158203
INFO:trainer_layer_backward:2.8960704803466797
INFO:trainer_layer_backward:2.8345584869384766
INFO:trainer_layer_backward:3.2186508178710938
INFO:trainer_layer_backward:2.794981002807617
INFO:trainer_layer_backward:2.8524398803710938
INFO:trainer_layer_backward:2.888202667236328
INFO:trainer_layer_backward:2.9897689819335938
INFO:trainer_layer_backward:2.602815628051758
INFO:trainer_layer_backward:2.649068832397461
INFO:trainer_layer_backward:1.8115043640136719
INFO:trainer_layer_backward:3.694772720336914
INFO:trainer_layer_backward:3.7691593170166016
INFO:trainer_layer_backward:4.255533218383789
INFO:trainer_layer_backward:1.9960403442382812
INFO:trainer_layer_backward:2.0487308502197266
INFO:trainer_layer_backward:1.9283294677734375
INFO:trainer_layer_backward:2.2509098052978516
INFO:trainer_layer_backward:2.2330284118652344
INFO:trainer_layer_backward:2.5081634521484375
INFO:trainer_layer_backward:3.2355785369873047
INFO:trainer_layer_backward:2.198457717895508
INFO:trainer_layer_backward:2.665996551513672
INFO:trainer_layer_backward:3.2072067260742188
INFO:trainer_layer_backward:3.3111572265625
INFO:trainer_layer_backward:3.260374069213867
INFO:trainer_layer_backward:3.3648014068603516
INFO:trainer_layer_backward:3.3185482025146484
INFO:trainer_layer_backward:3.409147262573242
INFO:trainer_layer_backward:4.564523696899414
INFO:trainer_layer_backward:3.2052993774414062
INFO:trainer_layer_backward:3.916025161743164
INFO:trainer_layer_backward:3.6220550537109375
INFO:trainer_layer_backward:2.8319358825683594
INFO:trainer_layer_backward:3.7119388580322266
INFO:trainer_layer_backward:3.255128860473633
