INFO:trainer_layer:CNNEx | mnist
INFO:trainer_layer:in_size : 32 | epochs : 1 | batch : 1
INFO:trainer_layer:kernel_l1 : 17 | 
INFO:trainer_layer:o_channels_l1 : 20 | 
INFO:trainer_layer::::::::::::::::::::::::::::::::::::::::::::::::::::::::::::
INFO:trainer_layer:message : cnn_conv3 
INFO:trainer_layer::::::::::::::::::::::::::::::::::::::::::::::::::::::::::::
INFO:trainer_layer:Ave_Time : 0.37064528465270996
INFO:trainer_layer::::::::::::::::::::::::::::::::::::::::::::::::::::::::::::
INFO:trainer_layer:0.4820823669433594
INFO:trainer_layer:0.3190040588378906
INFO:trainer_layer:0.2932548522949219
INFO:trainer_layer:0.32329559326171875
INFO:trainer_layer:0.30684471130371094
INFO:trainer_layer:0.42700767517089844
INFO:trainer_layer:0.4723072052001953
INFO:trainer_layer:0.41484832763671875
INFO:trainer_layer:0.48422813415527344
INFO:trainer_layer:0.3082752227783203
INFO:trainer_layer:0.3345012664794922
INFO:trainer_layer:0.2815723419189453
INFO:trainer_layer:0.3535747528076172
INFO:trainer_layer:0.33354759216308594
INFO:trainer_layer:0.31685829162597656
INFO:trainer_layer:0.3638267517089844
INFO:trainer_layer:0.37670135498046875
INFO:trainer_layer:0.5030632019042969
INFO:trainer_layer:0.45800209045410156
INFO:trainer_layer:0.45180320739746094
INFO:trainer_layer:0.3604888916015625
INFO:trainer_layer:0.3845691680908203
INFO:trainer_layer:0.3643035888671875
INFO:trainer_layer:0.35691261291503906
INFO:trainer_layer:0.3600120544433594
INFO:trainer_layer:0.34618377685546875
INFO:trainer_layer:0.3476142883300781
INFO:trainer_layer:0.4222393035888672
INFO:trainer_layer:0.4878044128417969
INFO:trainer_layer:0.43082237243652344
INFO:trainer_layer:0.4220008850097656
INFO:trainer_layer:0.4372596740722656
INFO:trainer_layer:0.4048347473144531
INFO:trainer_layer:0.4367828369140625
INFO:trainer_layer:0.5049705505371094
INFO:trainer_layer:0.5261898040771484
INFO:trainer_layer:0.4296302795410156
INFO:trainer_layer:0.4398822784423828
INFO:trainer_layer:0.48232078552246094
INFO:trainer_layer:0.6291866302490234
INFO:trainer_layer:0.4322528839111328
INFO:trainer_layer:0.46443939208984375
INFO:trainer_layer:0.44083595275878906
INFO:trainer_layer:0.46825408935546875
INFO:trainer_layer:0.4372596740722656
INFO:trainer_layer:0.3066062927246094
INFO:trainer_layer:0.3616809844970703
INFO:trainer_layer:0.29587745666503906
INFO:trainer_layer:0.3008842468261719
INFO:trainer_layer:0.2989768981933594
INFO:trainer_layer:0.4324913024902344
INFO:trainer_layer:0.33664703369140625
INFO:trainer_layer:0.3972053527832031
INFO:trainer_layer:0.28014183044433594
INFO:trainer_layer:0.3662109375
INFO:trainer_layer:0.2949237823486328
INFO:trainer_layer:0.39124488830566406
INFO:trainer_layer:0.3466606140136719
INFO:trainer_layer:0.4830360412597656
INFO:trainer_layer:0.4246234893798828
INFO:trainer_layer:0.36787986755371094
INFO:trainer_layer:0.38051605224609375
INFO:trainer_layer:0.5383491516113281
INFO:trainer_layer:0.38361549377441406
INFO:trainer_layer:0.4076957702636719
INFO:trainer_layer:0.34689903259277344
INFO:trainer_layer:0.3273487091064453
INFO:trainer_layer:0.3402233123779297
INFO:trainer_layer:0.5686283111572266
INFO:trainer_layer:0.35071372985839844
INFO:trainer_layer:0.4944801330566406
INFO:trainer_layer:0.41675567626953125
INFO:trainer_layer:0.5426406860351562
INFO:trainer_layer:0.30684471130371094
INFO:trainer_layer:0.3712177276611328
INFO:trainer_layer:0.34999847412109375
INFO:trainer_layer:0.3871917724609375
INFO:trainer_layer:0.45561790466308594
INFO:trainer_layer:0.5278587341308594
INFO:trainer_layer:0.3542900085449219
INFO:trainer_layer:0.4391670227050781
INFO:trainer_layer:0.3159046173095703
INFO:trainer_layer:0.4181861877441406
INFO:trainer_layer:0.3516674041748047
INFO:trainer_layer:0.3840923309326172
INFO:trainer_layer:0.2865791320800781
INFO:trainer_layer:0.3609657287597656
INFO:trainer_layer:0.3509521484375
INFO:trainer_layer:0.5006790161132812
INFO:trainer_layer:0.3421306610107422
INFO:trainer_layer:0.3845691680908203
INFO:trainer_layer:0.32591819763183594
INFO:trainer_layer:0.4131793975830078
INFO:trainer_layer:0.3807544708251953
INFO:trainer_layer:0.4291534423828125
INFO:trainer_layer:0.3190040588378906
INFO:trainer_layer:0.3752708435058594
INFO:trainer_layer:0.29587745666503906
INFO:trainer_layer:0.3643035888671875
INFO:trainer_layer:0.3209114074707031
INFO:trainer_layer:0.5660057067871094
INFO:trainer_layer:0.3323554992675781
INFO:trainer_layer:0.43702125549316406
INFO:trainer_layer:0.5328655242919922
INFO:trainer_layer:0.3807544708251953
INFO:trainer_layer:0.3294944763183594
INFO:trainer_layer:0.385284423828125
INFO:trainer_layer:0.31065940856933594
INFO:trainer_layer:0.3573894500732422
INFO:trainer_layer:0.30517578125
INFO:trainer_layer:0.38123130798339844
INFO:trainer_layer:0.27871131896972656
INFO:trainer_layer:0.3647804260253906
INFO:trainer_layer:0.4088878631591797
INFO:trainer_layer:0.3170967102050781
INFO:trainer_layer:0.3771781921386719
INFO:trainer_layer:0.3380775451660156
INFO:trainer_layer:0.35881996154785156
INFO:trainer_layer:0.3185272216796875
INFO:trainer_layer:0.3876686096191406
INFO:trainer_layer:0.3769397735595703
INFO:trainer_layer:0.28896331787109375
INFO:trainer_layer:0.47588348388671875
INFO:trainer_layer:0.6165504455566406
INFO:trainer_layer:0.4363059997558594
INFO:trainer_layer:0.4570484161376953
INFO:trainer_layer:0.354766845703125
INFO:trainer_layer:0.31685829162597656
INFO:trainer_layer:0.461578369140625
INFO:trainer_layer:0.41174888610839844
INFO:trainer_layer:0.5528926849365234
INFO:trainer_layer:0.44918060302734375
INFO:trainer_layer:0.4909038543701172
INFO:trainer_layer:0.3268718719482422
INFO:trainer_layer:0.41031837463378906
INFO:trainer_layer:0.3333091735839844
INFO:trainer_layer:0.3132820129394531
INFO:trainer_layer:0.3032684326171875
INFO:trainer_layer:0.3349781036376953
INFO:trainer_layer:0.3120899200439453
INFO:trainer_layer:0.3387928009033203
INFO:trainer_layer:0.47397613525390625
INFO:trainer_layer:0.3685951232910156
INFO:trainer_layer:0.6802082061767578
INFO:trainer_layer:0.4291534423828125
INFO:trainer_layer:0.34499168395996094
INFO:trainer_layer:0.29730796813964844
INFO:trainer_layer:0.32639503479003906
INFO:trainer_layer:0.2880096435546875
INFO:trainer_layer:0.3256797790527344
INFO:trainer_layer:0.2841949462890625
INFO:trainer_layer:0.3018379211425781
INFO:trainer_layer:0.2722740173339844
INFO:trainer_layer:0.2894401550292969
INFO:trainer_layer:0.48160552978515625
INFO:trainer_layer:0.31256675720214844
INFO:trainer_layer:0.3750324249267578
INFO:trainer_layer:0.2989768981933594
INFO:trainer_layer:0.3314018249511719
INFO:trainer_layer:0.37360191345214844
INFO:trainer_layer:0.4096031188964844
INFO:trainer_layer:0.35452842712402344
INFO:trainer_layer:0.45490264892578125
INFO:trainer_layer:0.5996227264404297
INFO:trainer_layer:0.6799697875976562
INFO:trainer_layer:0.4620552062988281
INFO:trainer_layer:0.38051605224609375
INFO:trainer_layer:0.3478527069091797
INFO:trainer_layer:0.3418922424316406
INFO:trainer_layer:0.33354759216308594
INFO:trainer_layer:0.3943443298339844
INFO:trainer_layer:0.3504753112792969
INFO:trainer_layer:0.4763603210449219
INFO:trainer_layer:0.2987384796142578
INFO:trainer_layer:0.7162094116210938
INFO:trainer_layer:0.5853176116943359
INFO:trainer_layer:0.4286766052246094
INFO:trainer_layer:0.5161762237548828
INFO:trainer_layer:0.4799365997314453
INFO:trainer_layer:0.3180503845214844
INFO:trainer_layer:0.2727508544921875
INFO:trainer_layer:0.5016326904296875
INFO:trainer_layer:0.4093647003173828
INFO:trainer_layer:0.5240440368652344
INFO:trainer_layer:0.3027915954589844
INFO:trainer_layer:0.3466606140136719
INFO:trainer_layer:0.2818107604980469
INFO:trainer_layer:0.3037452697753906
INFO:trainer_layer:0.2579689025878906
INFO:trainer_layer:0.2987384796142578
INFO:trainer_layer:0.4286766052246094
INFO:trainer_layer:0.4658699035644531
INFO:trainer_layer:0.4761219024658203
INFO:trainer_layer:0.3108978271484375
INFO:trainer_layer:0.4413127899169922
INFO:trainer_layer:0.29158592224121094
INFO:trainer_layer:0.274658203125
INFO:trainer_layer:0.24366378784179688
INFO:trainer_layer:0.2799034118652344
INFO:trainer_layer:0.25653839111328125
INFO:trainer_layer:0.2655982971191406
INFO:trainer_layer:0.2434253692626953
INFO:trainer_layer:0.2818107604980469
INFO:trainer_layer:0.44083595275878906
INFO:trainer_layer:0.5974769592285156
INFO:trainer_layer:0.553131103515625
INFO:trainer_layer:0.38909912109375
INFO:trainer_layer:0.370025634765625
INFO:trainer_layer:0.4127025604248047
INFO:trainer_layer:0.5347728729248047
INFO:trainer_layer:0.301361083984375
INFO:trainer_layer:0.3540515899658203
INFO:trainer_layer:0.3216266632080078
INFO:trainer_layer:0.4649162292480469
INFO:trainer_layer:0.30541419982910156
INFO:trainer_layer:0.2980232238769531
INFO:trainer_layer:0.27179718017578125
INFO:trainer_layer:0.24437904357910156
INFO:trainer_layer:0.2567768096923828
INFO:trainer_layer:0.247955322265625
INFO:trainer_layer:0.25272369384765625
INFO:trainer_layer:0.22602081298828125
INFO:trainer_layer:0.25582313537597656
INFO:trainer_layer:0.46324729919433594
INFO:trainer_layer:0.4515647888183594
INFO:trainer_layer:0.4534721374511719
INFO:trainer_layer:0.4436969757080078
INFO:trainer_layer:0.5676746368408203
INFO:trainer_layer:0.4024505615234375
INFO:trainer_layer:0.5090236663818359
INFO:trainer_layer:0.31495094299316406
INFO:trainer_layer:0.2579689025878906
INFO:trainer_layer:0.400543212890625
INFO:trainer_layer:0.43773651123046875
INFO:trainer_layer:0.3273487091064453
INFO:trainer_layer:0.3895759582519531
INFO:trainer_layer:0.385284423828125
INFO:trainer_layer:0.4761219024658203
INFO:trainer_layer:0.3952980041503906
INFO:trainer_layer:0.3681182861328125
INFO:trainer_layer:0.27632713317871094
INFO:trainer_layer:0.2722740173339844
INFO:trainer_layer:0.3783702850341797
INFO:trainer_layer:0.3209114074707031
INFO:trainer_layer:0.3581047058105469
INFO:trainer_layer:0.29730796813964844
INFO:trainer_layer:0.308990478515625
INFO:trainer_layer:0.2732276916503906
INFO:trainer_layer:0.2655982971191406
INFO:trainer_layer:0.25534629821777344
INFO:trainer_layer:0.2970695495605469
INFO:trainer_layer:0.2722740173339844
INFO:trainer_layer:0.2765655517578125
INFO:trainer_layer:0.8089542388916016
INFO:trainer_layer:0.33783912658691406
INFO:trainer_layer:0.3249645233154297
INFO:trainer_layer:0.3428459167480469
INFO:trainer_layer:0.3662109375
INFO:trainer_layer:0.2899169921875
INFO:trainer_layer:0.2837181091308594
INFO:trainer_layer:0.3037452697753906
INFO:trainer_layer:0.28443336486816406
INFO:trainer_layer:0.5207061767578125
INFO:trainer_layer:0.38433074951171875
INFO:trainer_layer:0.6206035614013672
INFO:trainer_layer:0.49948692321777344
INFO:trainer_layer:0.408172607421875
INFO:trainer_layer:0.4169940948486328
INFO:trainer_layer:0.31447410583496094
INFO:trainer_layer:0.3440380096435547
INFO:trainer_layer:0.33402442932128906
INFO:trainer_layer:0.2818107604980469
INFO:trainer_layer:0.5638599395751953
INFO:trainer_layer:0.4127025604248047
INFO:trainer_layer:0.38361549377441406
INFO:trainer_layer:0.36644935607910156
INFO:trainer_layer:0.2951622009277344
INFO:trainer_layer:0.3414154052734375
INFO:trainer_layer:0.2982616424560547
INFO:trainer_layer:0.5557537078857422
INFO:trainer_layer:0.4398822784423828
INFO:trainer_layer:0.32830238342285156
INFO:trainer_layer:0.2765655517578125
INFO:trainer_layer:0.39267539978027344
INFO:trainer_layer:0.6060600280761719
INFO:trainer_layer:0.3788471221923828
INFO:trainer_layer:0.30517578125
INFO:trainer_layer:0.286102294921875
INFO:trainer_layer:0.27298927307128906
INFO:trainer_layer:0.2791881561279297
INFO:trainer_layer:0.27680397033691406
INFO:trainer_layer:0.3566741943359375
INFO:trainer_layer:0.37169456481933594
INFO:trainer_layer:0.3845691680908203
INFO:trainer_layer:0.3819465637207031
INFO:trainer_layer:0.6053447723388672
INFO:trainer_layer:0.2868175506591797
INFO:trainer_layer:0.400543212890625
INFO:trainer_layer:0.3082752227783203
INFO:trainer_layer:0.24080276489257812
INFO:trainer_layer:0.2918243408203125
INFO:trainer_layer:0.3466606140136719
INFO:trainer_layer:0.2856254577636719
INFO:trainer_layer:0.6239414215087891
INFO:trainer_layer:0.34999847412109375
INFO:trainer_layer:0.41484832763671875
INFO:trainer_layer:0.3352165222167969
INFO:trainer_layer:0.3502368927001953
INFO:trainer_layer:0.38814544677734375
INFO:trainer_layer:0.40078163146972656
INFO:trainer_layer:0.41985511779785156
INFO:trainer_layer:0.4048347473144531
INFO:trainer_layer:0.3445148468017578
INFO:trainer_layer:0.2903938293457031
INFO:trainer_layer:0.41103363037109375
INFO:trainer_layer:0.6089210510253906
INFO:trainer_layer:0.4343986511230469
INFO:trainer_layer:0.42057037353515625
INFO:trainer_layer:0.4372596740722656
INFO:trainer_layer:0.4439353942871094
INFO:trainer_layer:0.49805641174316406
INFO:trainer_layer:0.4622936248779297
INFO:trainer_layer:0.6039142608642578
INFO:trainer_layer:0.4563331604003906
INFO:trainer_layer:0.3914833068847656
INFO:trainer_layer:0.36835670471191406
INFO:trainer_layer:0.3173351287841797
INFO:trainer_layer:0.4744529724121094
INFO:trainer_layer:0.3726482391357422
INFO:trainer_layer:0.3445148468017578
INFO:trainer_layer:0.4191398620605469
INFO:trainer_layer:0.2930164337158203
INFO:trainer_layer:0.30040740966796875
INFO:trainer_layer:0.28514862060546875
INFO:trainer_layer:0.29969215393066406
INFO:trainer_layer:0.36406517028808594
INFO:trainer_layer:0.423431396484375
INFO:trainer_layer:0.4425048828125
INFO:trainer_layer:0.4475116729736328
INFO:trainer_layer:0.3952980041503906
INFO:trainer_layer:0.35691261291503906
INFO:trainer_layer:0.3864765167236328
INFO:trainer_layer:0.5242824554443359
INFO:trainer_layer:0.3650188446044922
INFO:trainer_layer:0.3197193145751953
INFO:trainer_layer:0.5767345428466797
INFO:trainer_layer:0.35190582275390625
INFO:trainer_layer:0.33283233642578125
INFO:trainer_layer:0.4620552062988281
INFO:trainer_layer:0.4417896270751953
INFO:trainer_layer:0.2987384796142578
INFO:trainer_layer:0.29349327087402344
INFO:trainer_layer:0.2856254577636719
INFO:trainer_layer:0.4916191101074219
INFO:trainer_layer:0.3390312194824219
INFO:trainer_layer:0.2799034118652344
INFO:trainer_layer:0.45180320739746094
INFO:trainer_layer:0.7832050323486328
INFO:trainer_layer:0.42557716369628906
INFO:trainer_layer:0.5133152008056641
INFO:trainer_layer:0.4611015319824219
INFO:trainer_layer:0.4048347473144531
INFO:trainer_layer:0.4990100860595703
INFO:trainer_layer:0.34427642822265625
INFO:trainer_layer:0.31065940856933594
INFO:trainer_layer:0.3235340118408203
INFO:trainer_layer:0.36644935607910156
INFO:trainer_layer:0.3135204315185547
INFO:trainer_layer:0.28586387634277344
INFO:trainer_layer:0.2696514129638672
INFO:trainer_layer:0.2791881561279297
INFO:trainer_layer:0.2665519714355469
INFO:trainer_layer:0.27179718017578125
INFO:trainer_layer:0.3452301025390625
INFO:trainer_layer:0.6611347198486328
INFO:trainer_layer:0.3001689910888672
INFO:trainer_layer:0.3464221954345703
INFO:trainer_layer:0.30350685119628906
INFO:trainer_layer:0.2665519714355469
INFO:trainer_layer:0.33164024353027344
INFO:trainer_layer:0.3311634063720703
INFO:trainer_layer:0.28896331787109375
INFO:trainer_layer:0.2739429473876953
INFO:trainer_layer:0.3204345703125
INFO:trainer_layer:0.28824806213378906
INFO:trainer_layer:0.3199577331542969
INFO:trainer_layer:0.45943260192871094
INFO:trainer_layer:0.2872943878173828
INFO:trainer_layer:0.3197193145751953
INFO:trainer_layer:0.3440380096435547
INFO:trainer_layer:0.30159950256347656
INFO:trainer_layer:0.3228187561035156
INFO:trainer_layer:0.2758502960205078
INFO:trainer_layer:0.26917457580566406
INFO:trainer_layer:0.2589225769042969
INFO:trainer_layer:0.2663135528564453
INFO:trainer_layer:0.27489662170410156
INFO:trainer_layer:0.26679039001464844
INFO:trainer_layer:0.26679039001464844
INFO:trainer_layer:0.44989585876464844
INFO:trainer_layer:0.5707740783691406
INFO:trainer_layer:0.40531158447265625
INFO:trainer_layer:0.537872314453125
INFO:trainer_layer:0.31685829162597656
INFO:trainer_layer:0.35881996154785156
INFO:trainer_layer:0.3504753112792969
INFO:trainer_layer:0.3993511199951172
INFO:trainer_layer:0.45990943908691406
INFO:trainer_layer:0.3883838653564453
INFO:trainer_layer:0.43702125549316406
INFO:trainer_layer:0.3037452697753906
INFO:trainer_layer:0.32830238342285156
INFO:trainer_layer:0.3910064697265625
INFO:trainer_layer:0.29158592224121094
INFO:trainer_layer:0.2608299255371094
INFO:trainer_layer:0.4570484161376953
INFO:trainer_layer:0.3821849822998047
INFO:trainer_layer:0.3688335418701172
INFO:trainer_layer:0.3247261047363281
INFO:trainer_layer:0.5381107330322266
INFO:trainer_layer:0.3483295440673828
INFO:trainer_layer:0.35071372985839844
INFO:trainer_layer:0.30732154846191406
INFO:trainer_layer:0.29158592224121094
INFO:trainer_layer:0.2779960632324219
INFO:trainer_layer:0.3044605255126953
INFO:trainer_layer:0.4506111145019531
INFO:trainer_layer:0.3304481506347656
INFO:trainer_layer:0.32520294189453125
INFO:trainer_layer:0.3838539123535156
INFO:trainer_layer:0.41866302490234375
INFO:trainer_layer:0.36406517028808594
INFO:trainer_layer:0.484466552734375
INFO:trainer_layer:0.43964385986328125
INFO:trainer_layer:0.34928321838378906
INFO:trainer_layer:0.3170967102050781
INFO:trainer_layer:0.2818107604980469
INFO:trainer_layer:0.30112266540527344
INFO:trainer_layer:0.3478527069091797
INFO:trainer_layer:0.4749298095703125
INFO:trainer_layer:0.54168701171875
INFO:trainer_layer:0.3986358642578125
INFO:trainer_layer:0.2849102020263672
INFO:trainer_layer:0.2753734588623047
INFO:trainer_layer:0.26607513427734375
INFO:trainer_layer:0.2739429473876953
INFO:trainer_layer:0.2722740173339844
INFO:trainer_layer:0.3199577331542969
INFO:trainer_layer:0.2989768981933594
INFO:trainer_layer:0.3299713134765625
INFO:trainer_layer:0.4627704620361328
INFO:trainer_layer:0.31256675720214844
INFO:trainer_layer:0.3921985626220703
INFO:trainer_layer:0.3924369812011719
INFO:trainer_layer:0.3104209899902344
INFO:trainer_layer:0.28705596923828125
INFO:trainer_layer:0.27489662170410156
INFO:trainer_layer:0.27561187744140625
INFO:trainer_layer:0.4508495330810547
INFO:trainer_layer:0.35190582275390625
INFO:trainer_layer:0.30803680419921875
INFO:trainer_layer:0.47135353088378906
INFO:trainer_layer:0.39458274841308594
INFO:trainer_layer:0.4267692565917969
INFO:trainer_layer:0.30612945556640625
INFO:trainer_layer:0.2856254577636719
INFO:trainer_layer:0.28228759765625
INFO:trainer_layer:0.29087066650390625
INFO:trainer_layer:0.2701282501220703
INFO:trainer_layer:0.3364086151123047
INFO:trainer_layer:0.29158592224121094
INFO:trainer_layer:0.3914833068847656
INFO:trainer_layer:0.2892017364501953
INFO:trainer_layer:0.38909912109375
INFO:trainer_layer:0.4374980926513672
INFO:trainer_layer:0.3046989440917969
INFO:trainer_layer:0.3058910369873047
INFO:trainer_layer:0.40984153747558594
INFO:trainer_layer:0.3688335418701172
INFO:trainer_layer:0.27680397033691406
INFO:trainer_layer:0.27298927307128906
INFO:trainer_layer:0.274658203125
INFO:trainer_layer:0.28896331787109375
INFO:trainer_layer:0.2987384796142578
INFO:trainer_layer:0.3643035888671875
INFO:trainer_layer:0.4425048828125
INFO:trainer_layer:0.3304481506347656
INFO:trainer_layer:0.3490447998046875
INFO:trainer_layer:0.3097057342529297
INFO:trainer_layer:0.339508056640625
INFO:trainer_layer:0.30922889709472656
INFO:trainer_layer:0.34809112548828125
INFO:trainer_layer:0.3638267517089844
INFO:trainer_layer:0.3457069396972656
INFO:trainer_layer:0.41174888610839844
INFO:trainer_layer:0.4096031188964844
INFO:trainer_layer:0.42700767517089844
INFO:trainer_layer:0.40268898010253906
INFO:trainer_layer:0.4134178161621094
INFO:trainer_layer:0.36215782165527344
INFO:trainer_layer:0.3447532653808594
INFO:trainer_layer:0.37670135498046875
INFO:trainer_layer:0.38313865661621094
INFO:trainer_layer:0.40531158447265625
INFO:trainer_layer:0.3476142883300781
INFO:trainer_layer:0.4162788391113281
INFO:trainer_layer:0.3330707550048828
INFO:trainer_layer:0.37169456481933594
INFO:trainer_layer:0.4203319549560547
INFO:trainer_layer:0.34332275390625
INFO:trainer_layer:0.3409385681152344
INFO:trainer_layer:0.36787986755371094
INFO:trainer_layer:0.34809112548828125
INFO:trainer_layer:0.3418922424316406
INFO:trainer_layer:0.3948211669921875
INFO:trainer_layer:0.415802001953125
INFO:trainer_layer:0.3204345703125
INFO:trainer_layer:0.5393028259277344
INFO:trainer_layer:0.3275871276855469
INFO:trainer_layer:0.37980079650878906
INFO:trainer_layer:0.2791881561279297
INFO:trainer_layer:0.32973289489746094
INFO:trainer_layer:0.3197193145751953
INFO:trainer_layer:0.3364086151123047
INFO:trainer_layer:0.32591819763183594
INFO:trainer_layer:0.3883838653564453
INFO:trainer_layer:0.3075599670410156
INFO:trainer_layer:0.4241466522216797
INFO:trainer_layer:0.3864765167236328
INFO:trainer_layer:0.324249267578125
INFO:trainer_layer:0.34165382385253906
INFO:trainer_layer:0.31566619873046875
INFO:trainer_layer:0.3323554992675781
INFO:trainer_layer:0.2815723419189453
INFO:trainer_layer:0.2727508544921875
INFO:trainer_layer:0.27942657470703125
INFO:trainer_layer:0.30303001403808594
INFO:trainer_layer:0.3552436828613281
INFO:trainer_layer:0.3681182861328125
INFO:trainer_layer:0.4901885986328125
INFO:trainer_layer:0.4703998565673828
INFO:trainer_layer:0.5133152008056641
INFO:trainer_layer:0.38909912109375
INFO:trainer_layer:0.52642822265625
INFO:trainer_layer:0.4887580871582031
INFO:trainer_layer:0.3409385681152344
INFO:trainer_layer:0.2722740173339844
INFO:trainer_layer:0.4153251647949219
INFO:trainer_layer:0.43654441833496094
INFO:trainer_layer:0.3762245178222656
INFO:trainer_layer:0.32210350036621094
INFO:trainer_layer:0.33926963806152344
INFO:trainer_layer:0.2715587615966797
INFO:trainer_layer:0.32901763916015625
INFO:trainer_layer:0.31685829162597656
INFO:trainer_layer:0.3352165222167969
INFO:trainer_layer:0.3001689910888672
INFO:trainer_layer:0.4305839538574219
INFO:trainer_layer:0.3764629364013672
INFO:trainer_layer:0.5679130554199219
INFO:trainer_layer:0.3094673156738281
INFO:trainer_layer:0.3368854522705078
INFO:trainer_layer:0.31280517578125
INFO:trainer_layer:0.4489421844482422
INFO:trainer_layer:0.35500526428222656
INFO:trainer_layer:0.40030479431152344
INFO:trainer_layer:0.39267539978027344
INFO:trainer_layer:0.37670135498046875
INFO:trainer_layer:0.46753883361816406
INFO:trainer_layer:0.40531158447265625
INFO:trainer_layer:0.42700767517089844
INFO:trainer_layer:0.34117698669433594
INFO:trainer_layer:0.3426074981689453
INFO:trainer_layer:0.3554821014404297
INFO:trainer_layer:0.3509521484375
INFO:trainer_layer:0.3447532653808594
INFO:trainer_layer:0.3573894500732422
INFO:trainer_layer:0.3349781036376953
INFO:trainer_layer:0.3788471221923828
INFO:trainer_layer:0.46825408935546875
INFO:trainer_layer:0.4734992980957031
INFO:trainer_layer:0.41961669921875
INFO:trainer_layer:0.4131793975830078
INFO:trainer_layer:0.347137451171875
INFO:trainer_layer:0.4336833953857422
INFO:trainer_layer:0.2956390380859375
INFO:trainer_layer:0.4024505615234375
INFO:trainer_layer:0.32711029052734375
INFO:trainer_layer:0.32401084899902344
INFO:trainer_layer:0.6055831909179688
INFO:trainer_layer:0.42438507080078125
INFO:trainer_layer:0.5743503570556641
INFO:trainer_layer:0.5476474761962891
INFO:trainer_layer:0.2930164337158203
INFO:trainer_layer:0.27942657470703125
INFO:trainer_layer:0.32591819763183594
INFO:trainer_layer:0.2903938293457031
INFO:trainer_layer:0.29778480529785156
INFO:trainer_layer:0.5843639373779297
INFO:trainer_layer:0.4353523254394531
INFO:trainer_layer:0.48661231994628906
INFO:trainer_layer:0.31566619873046875
INFO:trainer_layer:0.36716461181640625
INFO:trainer_layer:0.2803802490234375
INFO:trainer_layer:0.2808570861816406
INFO:trainer_layer:0.2803802490234375
INFO:trainer_layer:0.28061866760253906
INFO:trainer_layer:0.43654441833496094
INFO:trainer_layer:0.3304481506347656
INFO:trainer_layer:0.3516674041748047
INFO:trainer_layer:0.5209445953369141
INFO:trainer_layer:0.40221214294433594
INFO:trainer_layer:0.4203319549560547
INFO:trainer_layer:0.33020973205566406
INFO:trainer_layer:0.33473968505859375
INFO:trainer_layer:0.3266334533691406
INFO:trainer_layer:0.33593177795410156
INFO:trainer_layer:0.3273487091064453
INFO:trainer_layer:0.3345012664794922
INFO:trainer_layer:0.3707408905029297
INFO:trainer_layer:0.36263465881347656
INFO:trainer_layer:0.4355907440185547
INFO:trainer_layer:0.3960132598876953
INFO:trainer_layer:0.3044605255126953
INFO:trainer_layer:0.33926963806152344
INFO:trainer_layer:0.2732276916503906
INFO:trainer_layer:0.3437995910644531
INFO:trainer_layer:0.29778480529785156
INFO:trainer_layer:0.37550926208496094
INFO:trainer_layer:0.32830238342285156
INFO:trainer_layer:0.37741661071777344
INFO:trainer_layer:0.44417381286621094
INFO:trainer_layer:0.33473968505859375
INFO:trainer_layer:0.4284381866455078
INFO:trainer_layer:0.3209114074707031
INFO:trainer_layer:0.30875205993652344
INFO:trainer_layer:0.3256797790527344
INFO:trainer_layer:0.3113746643066406
INFO:trainer_layer:0.28061866760253906
INFO:trainer_layer:0.39768218994140625
INFO:trainer_layer:0.46539306640625
INFO:trainer_layer:0.3867149353027344
INFO:trainer_layer:0.48422813415527344
INFO:trainer_layer:0.5323886871337891
INFO:trainer_layer:0.30517578125
INFO:trainer_layer:0.2865791320800781
INFO:trainer_layer:0.2791881561279297
INFO:trainer_layer:0.2741813659667969
INFO:trainer_layer:0.29349327087402344
INFO:trainer_layer:0.27060508728027344
INFO:trainer_layer:0.2694129943847656
INFO:trainer_layer:0.4787445068359375
INFO:trainer_layer:0.4417896270751953
INFO:trainer_layer:0.5474090576171875
INFO:trainer_layer:0.43010711669921875
INFO:trainer_layer:0.5471706390380859
INFO:trainer_layer:0.4527568817138672
INFO:trainer_layer:0.3535747528076172
INFO:trainer_layer:0.2758502960205078
INFO:trainer_layer:0.34499168395996094
INFO:trainer_layer:0.30159950256347656
INFO:trainer_layer:0.3314018249511719
INFO:trainer_layer:0.2837181091308594
INFO:trainer_layer:0.5331039428710938
INFO:trainer_layer:0.30684471130371094
INFO:trainer_layer:0.5483627319335938
INFO:trainer_layer:0.33092498779296875
INFO:trainer_layer:0.3876686096191406
INFO:trainer_layer:0.3218650817871094
INFO:trainer_layer:0.3674030303955078
INFO:trainer_layer:0.2906322479248047
INFO:trainer_layer:0.35309791564941406
INFO:trainer_layer:0.32639503479003906
INFO:trainer_layer:0.33783912658691406
INFO:trainer_layer:0.5257129669189453
INFO:trainer_layer:0.3788471221923828
INFO:trainer_layer:0.4134178161621094
INFO:trainer_layer:0.3809928894042969
INFO:trainer_layer:0.339508056640625
INFO:trainer_layer:0.3428459167480469
INFO:trainer_layer:0.2720355987548828
INFO:trainer_layer:0.34427642822265625
INFO:trainer_layer:0.33164024353027344
INFO:trainer_layer:0.3559589385986328
INFO:trainer_layer:0.2989768981933594
INFO:trainer_layer:0.4100799560546875
INFO:trainer_layer:0.3337860107421875
INFO:trainer_layer:0.38433074951171875
INFO:trainer_layer:0.28133392333984375
INFO:trainer_layer:0.38552284240722656
INFO:trainer_layer:0.2810955047607422
INFO:trainer_layer:0.33164024353027344
INFO:trainer_layer:0.2741813659667969
INFO:trainer_layer:0.35071372985839844
INFO:trainer_layer:0.2789497375488281
INFO:trainer_layer:0.36787986755371094
INFO:trainer_layer:0.2982616424560547
INFO:trainer_layer:0.6568431854248047
INFO:trainer_layer:0.33974647521972656
INFO:trainer_layer:0.5826950073242188
INFO:trainer_layer:0.31757354736328125
INFO:trainer_layer:0.3542900085449219
INFO:trainer_layer:0.27751922607421875
INFO:trainer_layer:0.36525726318359375
INFO:trainer_layer:0.2765655517578125
INFO:trainer_layer:0.35953521728515625
INFO:trainer_layer:0.28514862060546875
INFO:trainer_layer:0.347137451171875
INFO:trainer_layer:0.2903938293457031
INFO:trainer_layer:0.3638267517089844
INFO:trainer_layer:0.6492137908935547
INFO:trainer_layer:0.3197193145751953
INFO:trainer_layer:0.31685829162597656
INFO:trainer_layer:0.4031658172607422
INFO:trainer_layer:0.3247261047363281
INFO:trainer_layer:0.35381317138671875
INFO:trainer_layer:0.28252601623535156
INFO:trainer_layer:0.3247261047363281
INFO:trainer_layer:0.3199577331542969
INFO:trainer_layer:0.34499168395996094
INFO:trainer_layer:0.4925727844238281
INFO:trainer_layer:0.4284381866455078
INFO:trainer_layer:0.31685829162597656
INFO:trainer_layer:0.3883838653564453
INFO:trainer_layer:0.3058910369873047
INFO:trainer_layer:0.4096031188964844
INFO:trainer_layer:0.28777122497558594
INFO:trainer_layer:0.3285408020019531
INFO:trainer_layer:0.27108192443847656
INFO:trainer_layer:0.32591819763183594
INFO:trainer_layer:0.27108192443847656
INFO:trainer_layer:0.3387928009033203
INFO:trainer_layer:0.2751350402832031
INFO:trainer_layer:0.35262107849121094
INFO:trainer_layer:0.4794597625732422
INFO:trainer_layer:0.3731250762939453
INFO:trainer_layer:0.3273487091064453
INFO:trainer_layer:0.316619873046875
INFO:trainer_layer:0.278472900390625
INFO:trainer_layer:0.2925395965576172
INFO:trainer_layer:0.3185272216796875
INFO:trainer_layer:0.3151893615722656
INFO:trainer_layer:0.2903938293457031
INFO:trainer_layer:0.339508056640625
INFO:trainer_layer:0.4684925079345703
INFO:trainer_layer:0.3380775451660156
INFO:trainer_layer:0.5471706390380859
INFO:trainer_layer:0.3974437713623047
INFO:trainer_layer:0.36525726318359375
INFO:trainer_layer:0.28204917907714844
INFO:trainer_layer:0.3647804260253906
INFO:trainer_layer:0.3077983856201172
INFO:trainer_layer:0.5047321319580078
INFO:trainer_layer:0.5998611450195312
INFO:trainer_layer:0.6723403930664062
INFO:trainer_layer:0.5092620849609375
INFO:trainer_layer:0.4401206970214844
INFO:trainer_layer:0.5033016204833984
INFO:trainer_layer:0.31876564025878906
INFO:trainer_layer:0.3368854522705078
INFO:trainer_layer:0.274658203125
INFO:trainer_layer:0.518798828125
INFO:trainer_layer:0.4458427429199219
INFO:trainer_layer:0.5917549133300781
INFO:trainer_layer:0.5705356597900391
INFO:trainer_layer:0.3917217254638672
INFO:trainer_layer:0.5013942718505859
INFO:trainer_layer:0.4100799560546875
INFO:trainer_layer:0.5559921264648438
INFO:trainer_layer:0.4222393035888672
INFO:trainer_layer:0.40078163146972656
INFO:trainer_layer:0.43487548828125
INFO:trainer_layer:0.3993511199951172
INFO:trainer_layer:0.3159046173095703
INFO:trainer_layer:0.2942085266113281
INFO:trainer_layer:0.2765655517578125
INFO:trainer_layer:0.2815723419189453
INFO:trainer_layer:0.27251243591308594
INFO:trainer_layer:0.324249267578125
INFO:trainer_layer:0.30612945556640625
INFO:trainer_layer:0.2791881561279297
INFO:trainer_layer:0.40149688720703125
INFO:trainer_layer:0.5557537078857422
INFO:trainer_layer:0.35500526428222656
INFO:trainer_layer:0.30517578125
INFO:trainer_layer:0.27871131896972656
INFO:trainer_layer:0.278472900390625
INFO:trainer_layer:0.2739429473876953
INFO:trainer_layer:0.27823448181152344
INFO:trainer_layer:0.2999305725097656
INFO:trainer_layer:0.2818107604980469
INFO:trainer_layer:0.2913475036621094
INFO:trainer_layer:0.3075599670410156
INFO:trainer_layer:0.37169456481933594
INFO:trainer_layer:0.2799034118652344
INFO:trainer_layer:0.5340576171875
INFO:trainer_layer:0.3008842468261719
INFO:trainer_layer:0.33164024353027344
INFO:trainer_layer:0.2841949462890625
INFO:trainer_layer:0.2796649932861328
INFO:trainer_layer:0.35953521728515625
INFO:trainer_layer:0.2930164337158203
INFO:trainer_layer:0.7901191711425781
INFO:trainer_layer:0.6458759307861328
INFO:trainer_layer:0.400543212890625
INFO:trainer_layer:0.4401206970214844
INFO:trainer_layer:0.4391670227050781
INFO:trainer_layer:0.40650367736816406
INFO:trainer_layer:0.5440711975097656
INFO:trainer_layer:0.46825408935546875
INFO:trainer_layer:0.4107952117919922
INFO:trainer_layer:0.4143714904785156
INFO:trainer_layer:0.36334991455078125
INFO:trainer_layer:0.3426074981689453
INFO:trainer_layer:0.4470348358154297
INFO:trainer_layer:0.4470348358154297
INFO:trainer_layer:0.4162788391113281
INFO:trainer_layer:0.3631114959716797
INFO:trainer_layer:0.34356117248535156
INFO:trainer_layer:0.39267539978027344
INFO:trainer_layer:0.3523826599121094
INFO:trainer_layer:0.38886070251464844
INFO:trainer_layer:0.31876564025878906
INFO:trainer_layer:0.3886222839355469
INFO:trainer_layer:0.34928321838378906
INFO:trainer_layer:0.38909912109375
INFO:trainer_layer:0.3216266632080078
INFO:trainer_layer:0.4870891571044922
INFO:trainer_layer:0.4394054412841797
INFO:trainer_layer:0.3573894500732422
INFO:trainer_layer:0.3020763397216797
INFO:trainer_layer:0.2830028533935547
INFO:trainer_layer:0.2689361572265625
INFO:trainer_layer:0.27751922607421875
INFO:trainer_layer:0.3447532653808594
INFO:trainer_layer:0.2627372741699219
INFO:trainer_layer:0.3039836883544922
INFO:trainer_layer:0.29659271240234375
INFO:trainer_layer:0.25582313537597656
INFO:trainer_layer:0.4115104675292969
INFO:trainer_layer:0.35500526428222656
INFO:trainer_layer:0.2994537353515625
INFO:trainer_layer:0.34046173095703125
INFO:trainer_layer:0.30422210693359375
INFO:trainer_layer:0.28896331787109375
INFO:trainer_layer:0.26917457580566406
INFO:trainer_layer:0.2949237823486328
INFO:trainer_layer:0.2970695495605469
INFO:trainer_layer:0.30612945556640625
INFO:trainer_layer:0.41222572326660156
INFO:trainer_layer:0.33736228942871094
INFO:trainer_layer:0.3249645233154297
INFO:trainer_layer:0.30159950256347656
INFO:trainer_layer:0.3566741943359375
INFO:trainer_layer:0.42366981506347656
INFO:trainer_layer:0.38886070251464844
INFO:trainer_layer:0.37789344787597656
INFO:trainer_layer:0.3790855407714844
INFO:trainer_layer:0.335693359375
INFO:trainer_layer:0.3771781921386719
INFO:trainer_layer:0.4267692565917969
INFO:trainer_layer:0.5347728729248047
INFO:trainer_layer:0.4439353942871094
INFO:trainer_layer:0.5185604095458984
INFO:trainer_layer:0.28228759765625
INFO:trainer_layer:0.3268718719482422
INFO:trainer_layer:0.2903938293457031
INFO:trainer_layer:0.3674030303955078
INFO:trainer_layer:0.29087066650390625
INFO:trainer_layer:0.3573894500732422
INFO:trainer_layer:0.4048347473144531
INFO:trainer_layer:0.2899169921875
INFO:trainer_layer:0.35381317138671875
INFO:trainer_layer:0.3521442413330078
INFO:trainer_layer:0.2753734588623047
INFO:trainer_layer:0.31685829162597656
INFO:trainer_layer:0.270843505859375
INFO:trainer_layer:0.3077983856201172
INFO:trainer_layer:0.29468536376953125
INFO:trainer_layer:0.3075599670410156
INFO:trainer_layer:0.3368854522705078
INFO:trainer_layer:0.44655799865722656
INFO:trainer_layer:0.5404949188232422
INFO:trainer_layer:0.4508495330810547
INFO:trainer_layer:0.29540061950683594
INFO:trainer_layer:0.30112266540527344
INFO:trainer_layer:0.2703666687011719
INFO:trainer_layer:0.25844573974609375
INFO:trainer_layer:0.27251243591308594
INFO:trainer_layer:0.25343894958496094
INFO:trainer_layer:0.2865791320800781
INFO:trainer_layer:0.2598762512207031
INFO:trainer_layer:0.2968311309814453
INFO:trainer_layer:0.2932548522949219
INFO:trainer_layer:0.2689361572265625
INFO:trainer_layer:0.4076957702636719
INFO:trainer_layer:0.3509521484375
INFO:trainer_layer:0.32210350036621094
INFO:trainer_layer:0.331878662109375
INFO:trainer_layer:0.2887248992919922
INFO:trainer_layer:0.28061866760253906
INFO:trainer_layer:0.3075599670410156
INFO:trainer_layer:0.2753734588623047
INFO:trainer_layer:0.2586841583251953
INFO:trainer_layer:0.27060508728027344
INFO:trainer_layer:0.26035308837890625
INFO:trainer_layer:0.29921531677246094
INFO:trainer_layer:0.2601146697998047
INFO:trainer_layer:0.33974647521972656
INFO:trainer_layer:0.4208087921142578
INFO:trainer_layer:0.5443096160888672
INFO:trainer_layer:0.5655288696289062
INFO:trainer_layer:0.30517578125
INFO:trainer_layer:0.2834796905517578
INFO:trainer_layer:0.2818107604980469
INFO:trainer_layer:0.2734661102294922
INFO:trainer_layer:0.2677440643310547
INFO:trainer_layer:0.24843215942382812
INFO:trainer_layer:0.2841949462890625
INFO:trainer_layer:0.3554821014404297
INFO:trainer_layer:0.4699230194091797
INFO:trainer_layer:0.39839744567871094
INFO:trainer_layer:0.5412101745605469
INFO:trainer_layer:0.461578369140625
INFO:trainer_layer:0.4317760467529297
INFO:trainer_layer:0.2849102020263672
INFO:trainer_layer:0.3447532653808594
INFO:trainer_layer:0.255584716796875
INFO:trainer_layer:0.28443336486816406
INFO:trainer_layer:0.2627372741699219
INFO:trainer_layer:0.26297569274902344
INFO:trainer_layer:0.247955322265625
INFO:trainer_layer:0.2658367156982422
INFO:trainer_layer:0.26869773864746094
INFO:trainer_layer:0.3025531768798828
INFO:trainer_layer:0.43487548828125
INFO:trainer_layer:0.28061866760253906
INFO:trainer_layer:0.3006458282470703
INFO:trainer_layer:0.30493736267089844
INFO:trainer_layer:0.2608299255371094
INFO:trainer_layer:0.2803802490234375
INFO:trainer_layer:0.30517578125
INFO:trainer_layer:0.38695335388183594
INFO:trainer_layer:0.2772808074951172
INFO:trainer_layer:0.26798248291015625
INFO:trainer_layer:0.49567222595214844
INFO:trainer_layer:0.3223419189453125
INFO:trainer_layer:0.46253204345703125
INFO:trainer_layer:0.5347728729248047
INFO:trainer_layer:0.32830238342285156
INFO:trainer_layer:0.34809112548828125
INFO:trainer_layer:0.31280517578125
INFO:trainer_layer:0.27370452880859375
INFO:trainer_layer:0.28896331787109375
INFO:trainer_layer:0.2727508544921875
INFO:trainer_layer:0.2853870391845703
INFO:trainer_layer:0.38814544677734375
INFO:trainer_layer:0.4703998565673828
INFO:trainer_layer:0.8840560913085938
INFO:trainer_layer:0.4482269287109375
INFO:trainer_layer:0.385284423828125
INFO:trainer_layer:0.3974437713623047
INFO:trainer_layer:0.4558563232421875
INFO:trainer_layer:0.431060791015625
INFO:trainer_layer:0.28896331787109375
INFO:trainer_layer:0.35500526428222656
INFO:trainer_layer:0.4773139953613281
INFO:trainer_layer:0.4761219024658203
INFO:trainer_layer:0.38313865661621094
INFO:trainer_layer:0.28061866760253906
INFO:trainer_layer:0.32019615173339844
INFO:trainer_layer:0.2818107604980469
INFO:trainer_layer:0.25844573974609375
INFO:trainer_layer:0.2624988555908203
INFO:trainer_layer:0.2923011779785156
INFO:trainer_layer:0.3859996795654297
INFO:trainer_layer:0.6723403930664062
INFO:trainer_layer:0.5762577056884766
INFO:trainer_layer:0.41937828063964844
INFO:trainer_layer:0.42700767517089844
INFO:trainer_layer:0.46062469482421875
INFO:trainer_layer:0.3204345703125
INFO:trainer_layer:0.26607513427734375
INFO:trainer_layer:0.3039836883544922
INFO:trainer_layer:0.2551078796386719
INFO:trainer_layer:0.3192424774169922
INFO:trainer_layer:0.38051605224609375
INFO:trainer_layer:0.4220008850097656
INFO:trainer_layer:0.51116943359375
INFO:trainer_layer:0.3848075866699219
INFO:trainer_layer:0.2765655517578125
INFO:trainer_layer:0.3879070281982422
INFO:trainer_layer:0.274658203125
INFO:trainer_layer:0.3218650817871094
INFO:trainer_layer:0.26488304138183594
INFO:trainer_layer:0.47850608825683594
INFO:trainer_layer:0.41866302490234375
INFO:trainer_layer:0.6415843963623047
INFO:trainer_layer:0.6618499755859375
INFO:trainer_layer:0.7193088531494141
