INFO:trainer_layer:CNNEx | mnist
INFO:trainer_layer:in_size : 128 | epochs : 1 | batch : 1
INFO:trainer_layer:kernel_l1 : 65 | 
INFO:trainer_layer:o_channels_l1 : 20 | 
INFO:trainer_layer::::::::::::::::::::::::::::::::::::::::::::::::::::::::::::
INFO:trainer_layer:message : cnn_conv1 
INFO:trainer_layer::::::::::::::::::::::::::::::::::::::::::::::::::::::::::::
INFO:trainer_layer:Ave_Time : 0.46434855461120605
INFO:trainer_layer::::::::::::::::::::::::::::::::::::::::::::::::::::::::::::
INFO:trainer_layer:0.7326602935791016
INFO:trainer_layer:0.33974647521972656
INFO:trainer_layer:0.27298927307128906
INFO:trainer_layer:0.3325939178466797
INFO:trainer_layer:0.3402233123779297
INFO:trainer_layer:0.3414154052734375
INFO:trainer_layer:0.3204345703125
INFO:trainer_layer:0.3268718719482422
INFO:trainer_layer:0.3323554992675781
INFO:trainer_layer:0.31757354736328125
INFO:trainer_layer:0.3311634063720703
INFO:trainer_layer:0.3273487091064453
INFO:trainer_layer:0.47087669372558594
INFO:trainer_layer:0.33593177795410156
INFO:trainer_layer:0.35762786865234375
INFO:trainer_layer:0.3314018249511719
INFO:trainer_layer:0.33020973205566406
INFO:trainer_layer:0.6515979766845703
INFO:trainer_layer:0.36025047302246094
INFO:trainer_layer:0.43511390686035156
INFO:trainer_layer:0.3445148468017578
INFO:trainer_layer:0.3211498260498047
INFO:trainer_layer:0.3190040588378906
INFO:trainer_layer:0.5002021789550781
INFO:trainer_layer:0.3540515899658203
INFO:trainer_layer:0.3955364227294922
INFO:trainer_layer:0.3745555877685547
INFO:trainer_layer:0.34308433532714844
INFO:trainer_layer:0.3495216369628906
INFO:trainer_layer:0.3402233123779297
INFO:trainer_layer:0.6151199340820312
INFO:trainer_layer:0.3693103790283203
INFO:trainer_layer:0.5640983581542969
INFO:trainer_layer:0.39005279541015625
INFO:trainer_layer:0.3509521484375
INFO:trainer_layer:0.5469322204589844
INFO:trainer_layer:0.47969818115234375
INFO:trainer_layer:0.48851966857910156
INFO:trainer_layer:0.4940032958984375
INFO:trainer_layer:0.5822181701660156
INFO:trainer_layer:0.5152225494384766
INFO:trainer_layer:0.3514289855957031
INFO:trainer_layer:0.35691261291503906
INFO:trainer_layer:0.3287792205810547
INFO:trainer_layer:0.32520294189453125
INFO:trainer_layer:0.3292560577392578
INFO:trainer_layer:0.3452301025390625
INFO:trainer_layer:0.3418922424316406
INFO:trainer_layer:0.3349781036376953
INFO:trainer_layer:0.35858154296875
INFO:trainer_layer:0.3504753112792969
INFO:trainer_layer:0.34689903259277344
INFO:trainer_layer:0.7593631744384766
INFO:trainer_layer:0.3418922424316406
INFO:trainer_layer:0.3216266632080078
INFO:trainer_layer:0.3325939178466797
INFO:trainer_layer:0.3192424774169922
INFO:trainer_layer:0.3380775451660156
INFO:trainer_layer:0.3859996795654297
INFO:trainer_layer:0.3764629364013672
INFO:trainer_layer:0.3807544708251953
INFO:trainer_layer:0.7793903350830078
INFO:trainer_layer:0.3981590270996094
INFO:trainer_layer:0.7295608520507812
INFO:trainer_layer:0.5552768707275391
INFO:trainer_layer:0.5121231079101562
INFO:trainer_layer:0.3654956817626953
INFO:trainer_layer:0.39839744567871094
INFO:trainer_layer:0.518798828125
INFO:trainer_layer:0.6463527679443359
INFO:trainer_layer:0.5211830139160156
INFO:trainer_layer:0.5242824554443359
INFO:trainer_layer:0.5249977111816406
INFO:trainer_layer:0.6916522979736328
INFO:trainer_layer:0.5156993865966797
INFO:trainer_layer:0.5047321319580078
INFO:trainer_layer:0.5464553833007812
INFO:trainer_layer:0.84686279296875
INFO:trainer_layer:0.6918907165527344
INFO:trainer_layer:0.46753883361816406
INFO:trainer_layer:0.3726482391357422
INFO:trainer_layer:0.3769397735595703
INFO:trainer_layer:0.3390312194824219
INFO:trainer_layer:0.6184577941894531
INFO:trainer_layer:0.8802413940429688
INFO:trainer_layer:0.7333755493164062
INFO:trainer_layer:0.5269050598144531
INFO:trainer_layer:0.4284381866455078
INFO:trainer_layer:0.36406517028808594
INFO:trainer_layer:0.5593299865722656
INFO:trainer_layer:0.5676746368408203
INFO:trainer_layer:0.3731250762939453
INFO:trainer_layer:0.6058216094970703
INFO:trainer_layer:0.4074573516845703
INFO:trainer_layer:0.8366107940673828
INFO:trainer_layer:0.5886554718017578
INFO:trainer_layer:0.5466938018798828
INFO:trainer_layer:0.4572868347167969
INFO:trainer_layer:0.4153251647949219
INFO:trainer_layer:0.5071163177490234
INFO:trainer_layer:0.41174888610839844
INFO:trainer_layer:0.48804283142089844
INFO:trainer_layer:0.3447532653808594
INFO:trainer_layer:0.7195472717285156
INFO:trainer_layer:0.5886554718017578
INFO:trainer_layer:0.5393028259277344
INFO:trainer_layer:0.46324729919433594
INFO:trainer_layer:0.47206878662109375
INFO:trainer_layer:0.5359649658203125
INFO:trainer_layer:0.5161762237548828
INFO:trainer_layer:0.3249645233154297
INFO:trainer_layer:0.3197193145751953
INFO:trainer_layer:0.3330707550048828
INFO:trainer_layer:0.3402233123779297
INFO:trainer_layer:0.36406517028808594
INFO:trainer_layer:0.35262107849121094
INFO:trainer_layer:0.3604888916015625
INFO:trainer_layer:0.3452301025390625
INFO:trainer_layer:0.33664703369140625
INFO:trainer_layer:0.28133392333984375
INFO:trainer_layer:0.44155120849609375
INFO:trainer_layer:0.6020069122314453
INFO:trainer_layer:0.29921531677246094
INFO:trainer_layer:0.7905960083007812
INFO:trainer_layer:0.4143714904785156
INFO:trainer_layer:0.48279762268066406
INFO:trainer_layer:0.3731250762939453
INFO:trainer_layer:0.4208087921142578
INFO:trainer_layer:0.400543212890625
INFO:trainer_layer:0.5543231964111328
INFO:trainer_layer:0.5080699920654297
INFO:trainer_layer:0.6055831909179688
INFO:trainer_layer:0.3325939178466797
INFO:trainer_layer:0.33926963806152344
INFO:trainer_layer:0.43201446533203125
INFO:trainer_layer:0.36406517028808594
INFO:trainer_layer:0.3466606140136719
INFO:trainer_layer:0.6349086761474609
INFO:trainer_layer:0.4913806915283203
INFO:trainer_layer:0.7693767547607422
INFO:trainer_layer:0.3447532653808594
INFO:trainer_layer:0.5986690521240234
INFO:trainer_layer:0.5125999450683594
INFO:trainer_layer:0.5047321319580078
INFO:trainer_layer:0.5719661712646484
INFO:trainer_layer:0.5354881286621094
INFO:trainer_layer:0.6868839263916016
INFO:trainer_layer:0.67901611328125
INFO:trainer_layer:1.214742660522461
INFO:trainer_layer:0.6654262542724609
INFO:trainer_layer:0.6699562072753906
INFO:trainer_layer:0.4858970642089844
INFO:trainer_layer:0.5042552947998047
INFO:trainer_layer:0.36978721618652344
INFO:trainer_layer:0.47135353088378906
INFO:trainer_layer:0.3349781036376953
INFO:trainer_layer:0.8680820465087891
INFO:trainer_layer:0.4894733428955078
INFO:trainer_layer:0.5443096160888672
INFO:trainer_layer:0.6392002105712891
INFO:trainer_layer:0.5624294281005859
INFO:trainer_layer:0.7123947143554688
INFO:trainer_layer:0.6594657897949219
INFO:trainer_layer:0.3910064697265625
INFO:trainer_layer:0.762939453125
INFO:trainer_layer:0.3628730773925781
INFO:trainer_layer:0.347137451171875
INFO:trainer_layer:0.3178119659423828
INFO:trainer_layer:0.3681182861328125
INFO:trainer_layer:0.3509521484375
INFO:trainer_layer:0.3452301025390625
INFO:trainer_layer:0.32067298889160156
INFO:trainer_layer:0.4329681396484375
INFO:trainer_layer:0.3325939178466797
INFO:trainer_layer:0.3466606140136719
INFO:trainer_layer:0.8385181427001953
INFO:trainer_layer:0.5469322204589844
INFO:trainer_layer:0.36144256591796875
INFO:trainer_layer:0.3809928894042969
INFO:trainer_layer:0.46253204345703125
INFO:trainer_layer:0.3688335418701172
INFO:trainer_layer:0.5204677581787109
INFO:trainer_layer:0.3845691680908203
INFO:trainer_layer:0.43463706970214844
INFO:trainer_layer:0.3333091735839844
INFO:trainer_layer:0.5185604095458984
INFO:trainer_layer:0.34689903259277344
INFO:trainer_layer:0.4546642303466797
INFO:trainer_layer:0.35834312438964844
INFO:trainer_layer:0.484466552734375
INFO:trainer_layer:0.3464221954345703
INFO:trainer_layer:0.49376487731933594
INFO:trainer_layer:0.3459453582763672
INFO:trainer_layer:0.5054473876953125
INFO:trainer_layer:0.33593177795410156
INFO:trainer_layer:0.5004405975341797
INFO:trainer_layer:0.6728172302246094
INFO:trainer_layer:0.4494190216064453
INFO:trainer_layer:0.4088878631591797
INFO:trainer_layer:0.4589557647705078
INFO:trainer_layer:0.3566741943359375
INFO:trainer_layer:0.44727325439453125
INFO:trainer_layer:0.44727325439453125
INFO:trainer_layer:0.4353523254394531
INFO:trainer_layer:0.35071372985839844
INFO:trainer_layer:0.3495216369628906
INFO:trainer_layer:0.5257129669189453
INFO:trainer_layer:0.6124973297119141
INFO:trainer_layer:0.5590915679931641
INFO:trainer_layer:0.5831718444824219
INFO:trainer_layer:0.5662441253662109
INFO:trainer_layer:0.43392181396484375
INFO:trainer_layer:0.3509521484375
INFO:trainer_layer:0.4050731658935547
INFO:trainer_layer:0.35262107849121094
INFO:trainer_layer:0.4897117614746094
INFO:trainer_layer:0.7088184356689453
INFO:trainer_layer:0.3933906555175781
INFO:trainer_layer:0.3943443298339844
INFO:trainer_layer:0.3867149353027344
INFO:trainer_layer:0.3647804260253906
INFO:trainer_layer:0.45037269592285156
INFO:trainer_layer:0.39958953857421875
INFO:trainer_layer:0.45609474182128906
INFO:trainer_layer:0.43773651123046875
INFO:trainer_layer:0.6818771362304688
INFO:trainer_layer:0.4508495330810547
INFO:trainer_layer:0.4527568817138672
INFO:trainer_layer:0.4730224609375
INFO:trainer_layer:0.4124641418457031
INFO:trainer_layer:0.43582916259765625
INFO:trainer_layer:0.39887428283691406
INFO:trainer_layer:0.34236907958984375
INFO:trainer_layer:0.3809928894042969
INFO:trainer_layer:0.2923011779785156
INFO:trainer_layer:0.4398822784423828
INFO:trainer_layer:0.3867149353027344
INFO:trainer_layer:0.43392181396484375
INFO:trainer_layer:0.3457069396972656
INFO:trainer_layer:0.38552284240722656
INFO:trainer_layer:0.38504600524902344
INFO:trainer_layer:0.39577484130859375
INFO:trainer_layer:0.354766845703125
INFO:trainer_layer:0.36716461181640625
INFO:trainer_layer:0.3228187561035156
INFO:trainer_layer:0.38123130798339844
INFO:trainer_layer:0.40340423583984375
INFO:trainer_layer:0.4642009735107422
INFO:trainer_layer:0.3464221954345703
INFO:trainer_layer:0.3714561462402344
INFO:trainer_layer:0.3764629364013672
INFO:trainer_layer:0.4010200500488281
INFO:trainer_layer:0.4570484161376953
INFO:trainer_layer:0.5688667297363281
INFO:trainer_layer:0.4680156707763672
INFO:trainer_layer:0.5564689636230469
INFO:trainer_layer:0.6680488586425781
INFO:trainer_layer:0.5118846893310547
INFO:trainer_layer:0.5068778991699219
INFO:trainer_layer:0.51116943359375
INFO:trainer_layer:0.5214214324951172
INFO:trainer_layer:0.8411407470703125
INFO:trainer_layer:0.4296302795410156
INFO:trainer_layer:0.4067420959472656
INFO:trainer_layer:0.40221214294433594
INFO:trainer_layer:0.4296302795410156
INFO:trainer_layer:0.39196014404296875
INFO:trainer_layer:0.4334449768066406
INFO:trainer_layer:0.7016658782958984
INFO:trainer_layer:0.4563331604003906
INFO:trainer_layer:0.5199909210205078
INFO:trainer_layer:0.3643035888671875
INFO:trainer_layer:0.6060600280761719
INFO:trainer_layer:0.5273818969726562
INFO:trainer_layer:0.37288665771484375
INFO:trainer_layer:0.41031837463378906
INFO:trainer_layer:0.5505084991455078
INFO:trainer_layer:0.3414154052734375
INFO:trainer_layer:0.3273487091064453
INFO:trainer_layer:0.3867149353027344
INFO:trainer_layer:0.35834312438964844
INFO:trainer_layer:0.5121231079101562
INFO:trainer_layer:0.3688335418701172
INFO:trainer_layer:0.3368854522705078
INFO:trainer_layer:0.33354759216308594
INFO:trainer_layer:0.31948089599609375
INFO:trainer_layer:0.3273487091064453
INFO:trainer_layer:0.35262107849121094
INFO:trainer_layer:0.5757808685302734
INFO:trainer_layer:0.3390312194824219
INFO:trainer_layer:0.33545494079589844
INFO:trainer_layer:0.7410049438476562
INFO:trainer_layer:0.33473968505859375
INFO:trainer_layer:0.32830238342285156
INFO:trainer_layer:0.4029273986816406
INFO:trainer_layer:0.3800392150878906
INFO:trainer_layer:0.4436969757080078
INFO:trainer_layer:0.3750324249267578
INFO:trainer_layer:0.4966259002685547
INFO:trainer_layer:0.3368854522705078
INFO:trainer_layer:0.44798851013183594
INFO:trainer_layer:1.012563705444336
INFO:trainer_layer:0.3733634948730469
INFO:trainer_layer:0.33664703369140625
INFO:trainer_layer:0.3223419189453125
INFO:trainer_layer:0.39696693420410156
INFO:trainer_layer:0.3745555877685547
INFO:trainer_layer:0.35262107849121094
INFO:trainer_layer:0.48470497131347656
INFO:trainer_layer:0.5998611450195312
INFO:trainer_layer:0.7412433624267578
INFO:trainer_layer:0.48732757568359375
INFO:trainer_layer:0.5190372467041016
INFO:trainer_layer:0.6029605865478516
INFO:trainer_layer:0.6780624389648438
INFO:trainer_layer:0.5981922149658203
INFO:trainer_layer:0.7812976837158203
INFO:trainer_layer:0.5307197570800781
INFO:trainer_layer:0.5443096160888672
INFO:trainer_layer:0.6937980651855469
INFO:trainer_layer:0.4088878631591797
INFO:trainer_layer:0.42629241943359375
INFO:trainer_layer:0.7643699645996094
INFO:trainer_layer:0.6544589996337891
INFO:trainer_layer:0.6911754608154297
INFO:trainer_layer:0.45943260192871094
INFO:trainer_layer:0.4055500030517578
INFO:trainer_layer:0.5695819854736328
INFO:trainer_layer:0.49042701721191406
INFO:trainer_layer:0.3666877746582031
INFO:trainer_layer:0.5142688751220703
INFO:trainer_layer:0.37288665771484375
INFO:trainer_layer:0.3197193145751953
INFO:trainer_layer:0.4763603210449219
INFO:trainer_layer:0.6456375122070312
INFO:trainer_layer:0.32401084899902344
INFO:trainer_layer:0.3783702850341797
INFO:trainer_layer:0.5550384521484375
INFO:trainer_layer:0.3218650817871094
INFO:trainer_layer:0.4391670227050781
INFO:trainer_layer:0.3650188446044922
INFO:trainer_layer:0.32401084899902344
INFO:trainer_layer:0.38909912109375
INFO:trainer_layer:0.5254745483398438
INFO:trainer_layer:0.34689903259277344
INFO:trainer_layer:0.33664703369140625
INFO:trainer_layer:0.3387928009033203
INFO:trainer_layer:0.33593177795410156
INFO:trainer_layer:0.32210350036621094
INFO:trainer_layer:0.31948089599609375
INFO:trainer_layer:0.4062652587890625
INFO:trainer_layer:0.3371238708496094
INFO:trainer_layer:0.4696846008300781
INFO:trainer_layer:0.33974647521972656
INFO:trainer_layer:0.3247261047363281
INFO:trainer_layer:0.3199577331542969
INFO:trainer_layer:0.43463706970214844
INFO:trainer_layer:0.5540847778320312
INFO:trainer_layer:0.32138824462890625
INFO:trainer_layer:0.6077289581298828
INFO:trainer_layer:0.6110668182373047
INFO:trainer_layer:0.3826618194580078
INFO:trainer_layer:0.6206035614013672
INFO:trainer_layer:0.5843639373779297
INFO:trainer_layer:0.5214214324951172
INFO:trainer_layer:0.6117820739746094
INFO:trainer_layer:0.4906654357910156
INFO:trainer_layer:0.7963180541992188
INFO:trainer_layer:0.7369518280029297
INFO:trainer_layer:0.5156993865966797
INFO:trainer_layer:0.6778240203857422
INFO:trainer_layer:0.47326087951660156
INFO:trainer_layer:0.5283355712890625
INFO:trainer_layer:0.5950927734375
INFO:trainer_layer:0.41294097900390625
INFO:trainer_layer:0.7278919219970703
INFO:trainer_layer:0.35309791564941406
INFO:trainer_layer:0.32401084899902344
INFO:trainer_layer:0.4019737243652344
INFO:trainer_layer:0.3991127014160156
INFO:trainer_layer:0.33736228942871094
INFO:trainer_layer:0.39887428283691406
INFO:trainer_layer:0.3437995910644531
INFO:trainer_layer:0.7252693176269531
INFO:trainer_layer:0.4680156707763672
INFO:trainer_layer:0.6244182586669922
INFO:trainer_layer:0.36406517028808594
INFO:trainer_layer:0.37980079650878906
INFO:trainer_layer:0.37598609924316406
INFO:trainer_layer:0.347137451171875
INFO:trainer_layer:0.40841102600097656
INFO:trainer_layer:0.3497600555419922
INFO:trainer_layer:0.4329681396484375
INFO:trainer_layer:0.46062469482421875
INFO:trainer_layer:0.8988380432128906
INFO:trainer_layer:0.5097389221191406
INFO:trainer_layer:0.568389892578125
INFO:trainer_layer:0.3840923309326172
INFO:trainer_layer:0.3533363342285156
INFO:trainer_layer:0.36406517028808594
INFO:trainer_layer:0.3800392150878906
INFO:trainer_layer:0.34999847412109375
INFO:trainer_layer:0.3542900085449219
INFO:trainer_layer:0.5791187286376953
INFO:trainer_layer:0.8056163787841797
INFO:trainer_layer:0.5085468292236328
INFO:trainer_layer:0.44918060302734375
INFO:trainer_layer:0.5166530609130859
INFO:trainer_layer:0.6937980651855469
INFO:trainer_layer:0.3440380096435547
INFO:trainer_layer:0.3838539123535156
INFO:trainer_layer:0.33092498779296875
INFO:trainer_layer:0.3180503845214844
INFO:trainer_layer:0.5488395690917969
INFO:trainer_layer:0.5643367767333984
INFO:trainer_layer:0.38909912109375
INFO:trainer_layer:0.41103363037109375
INFO:trainer_layer:0.3972053527832031
INFO:trainer_layer:0.701904296875
INFO:trainer_layer:0.3898143768310547
INFO:trainer_layer:0.5369186401367188
INFO:trainer_layer:0.34499168395996094
INFO:trainer_layer:0.3001689910888672
INFO:trainer_layer:0.3361701965332031
INFO:trainer_layer:0.3268718719482422
INFO:trainer_layer:0.6616115570068359
INFO:trainer_layer:0.3979206085205078
INFO:trainer_layer:0.34308433532714844
INFO:trainer_layer:0.6785392761230469
INFO:trainer_layer:0.5230903625488281
INFO:trainer_layer:0.5123615264892578
INFO:trainer_layer:0.4131793975830078
INFO:trainer_layer:0.7700920104980469
INFO:trainer_layer:0.3590583801269531
INFO:trainer_layer:0.30350685119628906
INFO:trainer_layer:0.5152225494384766
INFO:trainer_layer:0.36716461181640625
INFO:trainer_layer:0.4982948303222656
INFO:trainer_layer:0.46324729919433594
INFO:trainer_layer:0.5102157592773438
INFO:trainer_layer:0.35691261291503906
INFO:trainer_layer:0.43582916259765625
INFO:trainer_layer:0.7140636444091797
INFO:trainer_layer:0.5068778991699219
INFO:trainer_layer:0.6639957427978516
INFO:trainer_layer:0.3743171691894531
INFO:trainer_layer:0.6036758422851562
INFO:trainer_layer:0.6284713745117188
INFO:trainer_layer:0.5497932434082031
INFO:trainer_layer:0.7112026214599609
INFO:trainer_layer:0.5338191986083984
INFO:trainer_layer:0.5288124084472656
INFO:trainer_layer:0.37169456481933594
INFO:trainer_layer:0.4050731658935547
INFO:trainer_layer:0.3159046173095703
INFO:trainer_layer:0.41222572326660156
INFO:trainer_layer:0.7023811340332031
INFO:trainer_layer:0.446319580078125
INFO:trainer_layer:0.33974647521972656
INFO:trainer_layer:0.4124641418457031
INFO:trainer_layer:0.3936290740966797
INFO:trainer_layer:0.4374980926513672
INFO:trainer_layer:0.3287792205810547
INFO:trainer_layer:0.3883838653564453
INFO:trainer_layer:0.3707408905029297
INFO:trainer_layer:0.4398822784423828
INFO:trainer_layer:0.3304481506347656
INFO:trainer_layer:0.4467964172363281
INFO:trainer_layer:1.0280609130859375
INFO:trainer_layer:0.3867149353027344
INFO:trainer_layer:0.3578662872314453
INFO:trainer_layer:0.4184246063232422
INFO:trainer_layer:0.3383159637451172
INFO:trainer_layer:0.385284423828125
INFO:trainer_layer:0.3230571746826172
INFO:trainer_layer:0.4622936248779297
INFO:trainer_layer:0.33593177795410156
INFO:trainer_layer:0.40030479431152344
INFO:trainer_layer:0.3173351287841797
INFO:trainer_layer:0.7560253143310547
INFO:trainer_layer:0.49424171447753906
INFO:trainer_layer:0.39315223693847656
INFO:trainer_layer:0.3895759582519531
INFO:trainer_layer:0.4305839538574219
INFO:trainer_layer:0.35953521728515625
INFO:trainer_layer:0.4341602325439453
INFO:trainer_layer:0.34165382385253906
INFO:trainer_layer:0.45990943908691406
INFO:trainer_layer:0.3120899200439453
INFO:trainer_layer:0.4127025604248047
INFO:trainer_layer:0.3535747528076172
INFO:trainer_layer:0.5047321319580078
INFO:trainer_layer:0.4086494445800781
INFO:trainer_layer:0.36144256591796875
INFO:trainer_layer:0.3330707550048828
INFO:trainer_layer:0.3364086151123047
INFO:trainer_layer:0.3559589385986328
INFO:trainer_layer:0.6458759307861328
INFO:trainer_layer:0.5834102630615234
INFO:trainer_layer:0.5099773406982422
INFO:trainer_layer:0.3421306610107422
INFO:trainer_layer:0.34356117248535156
INFO:trainer_layer:0.6058216094970703
INFO:trainer_layer:0.7176399230957031
INFO:trainer_layer:0.48279762268066406
INFO:trainer_layer:0.42319297790527344
INFO:trainer_layer:0.5035400390625
INFO:trainer_layer:0.5884170532226562
INFO:trainer_layer:0.41031837463378906
INFO:trainer_layer:0.42557716369628906
INFO:trainer_layer:0.6055831909179688
INFO:trainer_layer:0.33211708068847656
INFO:trainer_layer:0.40531158447265625
INFO:trainer_layer:0.5924701690673828
INFO:trainer_layer:0.5595684051513672
INFO:trainer_layer:0.5340576171875
INFO:trainer_layer:0.377655029296875
INFO:trainer_layer:0.5340576171875
INFO:trainer_layer:0.6799697875976562
INFO:trainer_layer:0.6568431854248047
INFO:trainer_layer:0.45990943908691406
INFO:trainer_layer:0.42891502380371094
INFO:trainer_layer:0.38933753967285156
INFO:trainer_layer:0.408172607421875
INFO:trainer_layer:0.39386749267578125
INFO:trainer_layer:0.6389617919921875
INFO:trainer_layer:0.32210350036621094
INFO:trainer_layer:0.6020069122314453
INFO:trainer_layer:0.5781650543212891
INFO:trainer_layer:0.7293224334716797
INFO:trainer_layer:0.43654441833496094
INFO:trainer_layer:0.4298686981201172
INFO:trainer_layer:0.3559589385986328
INFO:trainer_layer:0.3230571746826172
INFO:trainer_layer:0.37097930908203125
INFO:trainer_layer:0.751495361328125
INFO:trainer_layer:0.476837158203125
INFO:trainer_layer:0.4050731658935547
INFO:trainer_layer:0.3809928894042969
INFO:trainer_layer:0.5352497100830078
INFO:trainer_layer:0.6992816925048828
INFO:trainer_layer:0.6692409515380859
INFO:trainer_layer:0.5791187286376953
INFO:trainer_layer:0.3590583801269531
INFO:trainer_layer:0.4146099090576172
INFO:trainer_layer:0.736236572265625
INFO:trainer_layer:0.5052089691162109
INFO:trainer_layer:0.37932395935058594
INFO:trainer_layer:0.3819465637207031
INFO:trainer_layer:0.4985332489013672
INFO:trainer_layer:0.3440380096435547
INFO:trainer_layer:0.47898292541503906
INFO:trainer_layer:0.34308433532714844
INFO:trainer_layer:0.3540515899658203
INFO:trainer_layer:0.3361701965332031
INFO:trainer_layer:0.4391670227050781
INFO:trainer_layer:0.38909912109375
INFO:trainer_layer:0.3368854522705078
INFO:trainer_layer:0.3483295440673828
INFO:trainer_layer:0.3802776336669922
INFO:trainer_layer:0.42128562927246094
INFO:trainer_layer:0.37670135498046875
INFO:trainer_layer:0.38552284240722656
INFO:trainer_layer:0.6375312805175781
INFO:trainer_layer:0.5388259887695312
INFO:trainer_layer:0.43201446533203125
INFO:trainer_layer:0.4220008850097656
INFO:trainer_layer:0.35452842712402344
INFO:trainer_layer:0.41866302490234375
INFO:trainer_layer:0.36263465881347656
INFO:trainer_layer:0.39267539978027344
INFO:trainer_layer:0.6632804870605469
INFO:trainer_layer:0.54931640625
INFO:trainer_layer:0.6203651428222656
INFO:trainer_layer:0.34427642822265625
INFO:trainer_layer:0.4940032958984375
INFO:trainer_layer:0.4830360412597656
INFO:trainer_layer:0.4553794860839844
INFO:trainer_layer:0.4794597625732422
INFO:trainer_layer:0.36907196044921875
INFO:trainer_layer:0.3681182861328125
INFO:trainer_layer:0.4799365997314453
INFO:trainer_layer:0.4341602325439453
INFO:trainer_layer:0.33783912658691406
INFO:trainer_layer:0.41675567626953125
INFO:trainer_layer:0.4546642303466797
INFO:trainer_layer:0.3998279571533203
INFO:trainer_layer:0.3981590270996094
INFO:trainer_layer:0.3650188446044922
INFO:trainer_layer:0.4248619079589844
INFO:trainer_layer:0.3452301025390625
INFO:trainer_layer:0.7183551788330078
INFO:trainer_layer:0.33354759216308594
INFO:trainer_layer:0.4253387451171875
INFO:trainer_layer:0.4825592041015625
INFO:trainer_layer:0.5235671997070312
INFO:trainer_layer:0.36215782165527344
INFO:trainer_layer:0.4177093505859375
INFO:trainer_layer:0.4050731658935547
INFO:trainer_layer:0.37932395935058594
INFO:trainer_layer:0.3402233123779297
INFO:trainer_layer:0.3509521484375
INFO:trainer_layer:0.3712177276611328
INFO:trainer_layer:0.6241798400878906
INFO:trainer_layer:0.5199909210205078
INFO:trainer_layer:0.3445148468017578
INFO:trainer_layer:0.3876686096191406
INFO:trainer_layer:0.507354736328125
INFO:trainer_layer:0.40650367736816406
INFO:trainer_layer:0.3299713134765625
INFO:trainer_layer:0.3986358642578125
INFO:trainer_layer:0.4100799560546875
INFO:trainer_layer:0.3409385681152344
INFO:trainer_layer:0.3352165222167969
INFO:trainer_layer:0.5629062652587891
INFO:trainer_layer:0.499725341796875
INFO:trainer_layer:0.5545616149902344
INFO:trainer_layer:0.5953311920166016
INFO:trainer_layer:0.6282329559326172
INFO:trainer_layer:0.4069805145263672
INFO:trainer_layer:0.4038810729980469
INFO:trainer_layer:0.4451274871826172
INFO:trainer_layer:0.415802001953125
INFO:trainer_layer:0.7228851318359375
INFO:trainer_layer:0.39315223693847656
INFO:trainer_layer:0.3685951232910156
INFO:trainer_layer:0.446319580078125
INFO:trainer_layer:0.32448768615722656
INFO:trainer_layer:0.4363059997558594
INFO:trainer_layer:0.6475448608398438
INFO:trainer_layer:0.37384033203125
INFO:trainer_layer:0.3399848937988281
INFO:trainer_layer:0.4754066467285156
INFO:trainer_layer:1.0247230529785156
INFO:trainer_layer:0.4127025604248047
INFO:trainer_layer:0.4367828369140625
INFO:trainer_layer:0.5283355712890625
INFO:trainer_layer:0.5252361297607422
INFO:trainer_layer:0.4935264587402344
INFO:trainer_layer:0.5204677581787109
INFO:trainer_layer:0.34737586975097656
INFO:trainer_layer:0.4067420959472656
INFO:trainer_layer:0.3809928894042969
INFO:trainer_layer:0.6020069122314453
INFO:trainer_layer:0.48804283142089844
INFO:trainer_layer:0.4608631134033203
INFO:trainer_layer:0.4246234893798828
INFO:trainer_layer:0.5612373352050781
INFO:trainer_layer:0.36835670471191406
INFO:trainer_layer:0.44608116149902344
INFO:trainer_layer:0.6082057952880859
INFO:trainer_layer:0.4153251647949219
INFO:trainer_layer:0.49805641174316406
INFO:trainer_layer:0.5192756652832031
INFO:trainer_layer:0.6000995635986328
INFO:trainer_layer:0.7030963897705078
INFO:trainer_layer:0.6415843963623047
INFO:trainer_layer:0.49424171447753906
INFO:trainer_layer:0.484466552734375
INFO:trainer_layer:0.6356239318847656
INFO:trainer_layer:0.4191398620605469
INFO:trainer_layer:0.6399154663085938
INFO:trainer_layer:0.3685951232910156
INFO:trainer_layer:0.4963874816894531
INFO:trainer_layer:0.3712177276611328
INFO:trainer_layer:0.49757957458496094
INFO:trainer_layer:0.37598609924316406
INFO:trainer_layer:0.4291534423828125
INFO:trainer_layer:0.5877017974853516
INFO:trainer_layer:0.4601478576660156
INFO:trainer_layer:0.4379749298095703
INFO:trainer_layer:0.42510032653808594
INFO:trainer_layer:0.4000663757324219
INFO:trainer_layer:0.3859996795654297
INFO:trainer_layer:0.40531158447265625
INFO:trainer_layer:0.3445148468017578
INFO:trainer_layer:0.4239082336425781
INFO:trainer_layer:0.35762786865234375
INFO:trainer_layer:0.3523826599121094
INFO:trainer_layer:0.46324729919433594
INFO:trainer_layer:0.43272972106933594
INFO:trainer_layer:0.5216598510742188
INFO:trainer_layer:0.3917217254638672
INFO:trainer_layer:0.4367828369140625
INFO:trainer_layer:0.8580684661865234
INFO:trainer_layer:0.4520416259765625
INFO:trainer_layer:0.4925727844238281
INFO:trainer_layer:0.5445480346679688
INFO:trainer_layer:0.5235671997070312
INFO:trainer_layer:0.7953643798828125
INFO:trainer_layer:0.5466938018798828
INFO:trainer_layer:0.40030479431152344
INFO:trainer_layer:0.41604042053222656
INFO:trainer_layer:0.4000663757324219
INFO:trainer_layer:0.34236907958984375
INFO:trainer_layer:0.43201446533203125
INFO:trainer_layer:0.5190372467041016
INFO:trainer_layer:0.4725456237792969
INFO:trainer_layer:0.4668235778808594
INFO:trainer_layer:0.5054473876953125
INFO:trainer_layer:0.6301403045654297
INFO:trainer_layer:0.45299530029296875
INFO:trainer_layer:0.49877166748046875
INFO:trainer_layer:0.4744529724121094
INFO:trainer_layer:0.35381317138671875
INFO:trainer_layer:0.3802776336669922
INFO:trainer_layer:0.4208087921142578
INFO:trainer_layer:0.5028247833251953
INFO:trainer_layer:0.5974769592285156
INFO:trainer_layer:0.5772113800048828
INFO:trainer_layer:0.8535385131835938
INFO:trainer_layer:0.5891323089599609
INFO:trainer_layer:0.4935264587402344
INFO:trainer_layer:0.629425048828125
INFO:trainer_layer:0.38313865661621094
INFO:trainer_layer:0.4267692565917969
INFO:trainer_layer:0.3273487091064453
INFO:trainer_layer:0.3693103790283203
INFO:trainer_layer:0.3097057342529297
INFO:trainer_layer:0.7419586181640625
INFO:trainer_layer:0.3781318664550781
INFO:trainer_layer:0.5576610565185547
INFO:trainer_layer:0.35119056701660156
INFO:trainer_layer:0.4374980926513672
INFO:trainer_layer:0.34236907958984375
INFO:trainer_layer:0.44846534729003906
INFO:trainer_layer:0.3523826599121094
INFO:trainer_layer:0.40984153747558594
INFO:trainer_layer:0.3230571746826172
INFO:trainer_layer:0.7321834564208984
INFO:trainer_layer:0.36263465881347656
INFO:trainer_layer:0.37407875061035156
INFO:trainer_layer:0.31495094299316406
INFO:trainer_layer:0.34356117248535156
INFO:trainer_layer:0.5037784576416016
INFO:trainer_layer:0.6403923034667969
INFO:trainer_layer:0.46896934509277344
INFO:trainer_layer:0.4982948303222656
INFO:trainer_layer:0.5693435668945312
INFO:trainer_layer:0.3132820129394531
INFO:trainer_layer:0.5118846893310547
INFO:trainer_layer:0.3483295440673828
INFO:trainer_layer:0.4532337188720703
INFO:trainer_layer:0.3561973571777344
INFO:trainer_layer:0.4279613494873047
INFO:trainer_layer:0.38743019104003906
INFO:trainer_layer:0.3604888916015625
INFO:trainer_layer:0.6041526794433594
INFO:trainer_layer:0.5750656127929688
INFO:trainer_layer:0.3285408020019531
INFO:trainer_layer:0.5042552947998047
INFO:trainer_layer:0.37384033203125
INFO:trainer_layer:0.3750324249267578
INFO:trainer_layer:0.3485679626464844
INFO:trainer_layer:0.3459453582763672
INFO:trainer_layer:0.33164024353027344
INFO:trainer_layer:0.35881996154785156
INFO:trainer_layer:0.32591819763183594
INFO:trainer_layer:0.37097930908203125
INFO:trainer_layer:0.36454200744628906
INFO:trainer_layer:0.6387233734130859
INFO:trainer_layer:0.3273487091064453
INFO:trainer_layer:0.5564689636230469
INFO:trainer_layer:0.37407875061035156
INFO:trainer_layer:0.41747093200683594
INFO:trainer_layer:0.3857612609863281
INFO:trainer_layer:0.3600120544433594
INFO:trainer_layer:0.43511390686035156
INFO:trainer_layer:0.6310939788818359
INFO:trainer_layer:0.6837844848632812
INFO:trainer_layer:0.4215240478515625
INFO:trainer_layer:0.40984153747558594
INFO:trainer_layer:0.48613548278808594
INFO:trainer_layer:0.4527568817138672
INFO:trainer_layer:0.3726482391357422
INFO:trainer_layer:0.47588348388671875
INFO:trainer_layer:0.5095005035400391
INFO:trainer_layer:0.5803108215332031
INFO:trainer_layer:0.42319297790527344
INFO:trainer_layer:0.46753883361816406
INFO:trainer_layer:0.4839897155761719
INFO:trainer_layer:0.36978721618652344
INFO:trainer_layer:0.34236907958984375
INFO:trainer_layer:0.4630088806152344
INFO:trainer_layer:0.5693435668945312
INFO:trainer_layer:0.6098747253417969
INFO:trainer_layer:0.6794929504394531
INFO:trainer_layer:0.42438507080078125
INFO:trainer_layer:0.5087852478027344
INFO:trainer_layer:0.4754066467285156
INFO:trainer_layer:0.47326087951660156
INFO:trainer_layer:0.47397613525390625
INFO:trainer_layer:0.5021095275878906
INFO:trainer_layer:0.4763603210449219
INFO:trainer_layer:0.5564689636230469
INFO:trainer_layer:0.75531005859375
INFO:trainer_layer:0.4642009735107422
INFO:trainer_layer:0.4658699035644531
INFO:trainer_layer:0.4901885986328125
INFO:trainer_layer:0.4706382751464844
INFO:trainer_layer:0.5099773406982422
INFO:trainer_layer:0.4928112030029297
INFO:trainer_layer:0.5908012390136719
INFO:trainer_layer:0.7283687591552734
INFO:trainer_layer:0.5295276641845703
INFO:trainer_layer:0.4639625549316406
INFO:trainer_layer:0.42629241943359375
INFO:trainer_layer:0.37980079650878906
INFO:trainer_layer:0.453948974609375
INFO:trainer_layer:0.4010200500488281
INFO:trainer_layer:0.3871917724609375
INFO:trainer_layer:0.31757354736328125
INFO:trainer_layer:0.7073879241943359
INFO:trainer_layer:0.6804466247558594
INFO:trainer_layer:0.423431396484375
INFO:trainer_layer:0.3802776336669922
INFO:trainer_layer:0.3573894500732422
INFO:trainer_layer:0.3249645233154297
INFO:trainer_layer:0.4248619079589844
INFO:trainer_layer:0.42438507080078125
INFO:trainer_layer:0.34689903259277344
INFO:trainer_layer:0.6144046783447266
INFO:trainer_layer:0.7493495941162109
INFO:trainer_layer:0.39577484130859375
INFO:trainer_layer:0.35500526428222656
INFO:trainer_layer:0.34165382385253906
INFO:trainer_layer:0.3647804260253906
INFO:trainer_layer:0.3757476806640625
INFO:trainer_layer:0.38504600524902344
INFO:trainer_layer:0.6449222564697266
INFO:trainer_layer:0.36334991455078125
INFO:trainer_layer:0.46133995056152344
INFO:trainer_layer:0.5276203155517578
INFO:trainer_layer:0.43892860412597656
INFO:trainer_layer:0.36787986755371094
INFO:trainer_layer:0.35309791564941406
INFO:trainer_layer:0.35262107849121094
INFO:trainer_layer:0.39124488830566406
INFO:trainer_layer:0.4229545593261719
INFO:trainer_layer:0.4794597625732422
INFO:trainer_layer:0.5998611450195312
INFO:trainer_layer:0.7121562957763672
INFO:trainer_layer:0.5865097045898438
INFO:trainer_layer:0.4627704620361328
INFO:trainer_layer:0.36597251892089844
INFO:trainer_layer:0.40221214294433594
INFO:trainer_layer:0.3612041473388672
INFO:trainer_layer:0.4928112030029297
INFO:trainer_layer:0.38623809814453125
INFO:trainer_layer:0.5204677581787109
INFO:trainer_layer:0.3376007080078125
INFO:trainer_layer:0.38123130798339844
INFO:trainer_layer:0.47969818115234375
INFO:trainer_layer:0.3666877746582031
INFO:trainer_layer:0.42319297790527344
INFO:trainer_layer:0.38313865661621094
INFO:trainer_layer:0.47206878662109375
INFO:trainer_layer:0.49996376037597656
INFO:trainer_layer:0.39386749267578125
INFO:trainer_layer:0.5431175231933594
INFO:trainer_layer:0.47206878662109375
INFO:trainer_layer:0.6513595581054688
INFO:trainer_layer:0.5457401275634766
INFO:trainer_layer:0.6563663482666016
INFO:trainer_layer:0.5319118499755859
INFO:trainer_layer:0.7555484771728516
INFO:trainer_layer:0.34928321838378906
INFO:trainer_layer:0.6544589996337891
INFO:trainer_layer:0.5829334259033203
INFO:trainer_layer:0.44536590576171875
INFO:trainer_layer:0.4432201385498047
INFO:trainer_layer:0.4496574401855469
INFO:trainer_layer:0.3490447998046875
INFO:trainer_layer:0.35953521728515625
INFO:trainer_layer:0.4601478576660156
INFO:trainer_layer:0.3941059112548828
INFO:trainer_layer:0.7452964782714844
INFO:trainer_layer:0.4730224609375
INFO:trainer_layer:0.35834312438964844
INFO:trainer_layer:0.42700767517089844
INFO:trainer_layer:0.3552436828613281
INFO:trainer_layer:0.40793418884277344
INFO:trainer_layer:0.4355907440185547
INFO:trainer_layer:0.4093647003173828
INFO:trainer_layer:0.7331371307373047
INFO:trainer_layer:0.52642822265625
INFO:trainer_layer:0.6341934204101562
INFO:trainer_layer:0.5474090576171875
INFO:trainer_layer:0.6153583526611328
INFO:trainer_layer:0.4563331604003906
INFO:trainer_layer:0.32830238342285156
INFO:trainer_layer:0.3566741943359375
INFO:trainer_layer:0.3311634063720703
INFO:trainer_layer:0.6003379821777344
INFO:trainer_layer:0.5321502685546875
INFO:trainer_layer:0.5068778991699219
INFO:trainer_layer:0.3361701965332031
INFO:trainer_layer:0.33974647521972656
INFO:trainer_layer:0.5242824554443359
INFO:trainer_layer:0.5669593811035156
INFO:trainer_layer:0.6105899810791016
INFO:trainer_layer:0.6022453308105469
INFO:trainer_layer:0.4291534423828125
INFO:trainer_layer:0.5753040313720703
INFO:trainer_layer:0.4425048828125
INFO:trainer_layer:0.7021427154541016
INFO:trainer_layer:0.42748451232910156
INFO:trainer_layer:0.5235671997070312
INFO:trainer_layer:0.4627704620361328
INFO:trainer_layer:0.48065185546875
INFO:trainer_layer:0.43702125549316406
INFO:trainer_layer:0.44465065002441406
INFO:trainer_layer:0.44345855712890625
INFO:trainer_layer:0.5161762237548828
INFO:trainer_layer:0.4189014434814453
INFO:trainer_layer:0.4687309265136719
INFO:trainer_layer:0.7252693176269531
INFO:trainer_layer:0.5116462707519531
INFO:trainer_layer:0.6344318389892578
INFO:trainer_layer:0.42724609375
INFO:trainer_layer:0.4825592041015625
INFO:trainer_layer:0.5023479461669922
INFO:trainer_layer:0.6048679351806641
INFO:trainer_layer:0.423431396484375
INFO:trainer_layer:0.4782676696777344
INFO:trainer_layer:0.8111000061035156
INFO:trainer_layer:0.4858970642089844
INFO:trainer_layer:0.6158351898193359
INFO:trainer_layer:0.47516822814941406
INFO:trainer_layer:0.4856586456298828
INFO:trainer_layer:0.44345855712890625
INFO:trainer_layer:0.4544258117675781
INFO:trainer_layer:0.8609294891357422
INFO:trainer_layer:0.4153251647949219
INFO:trainer_layer:0.3459453582763672
INFO:trainer_layer:0.36644935607910156
INFO:trainer_layer:0.3814697265625
INFO:trainer_layer:0.3504753112792969
INFO:trainer_layer:0.3962516784667969
INFO:trainer_layer:0.43010711669921875
INFO:trainer_layer:0.3364086151123047
INFO:trainer_layer:0.7917881011962891
INFO:trainer_layer:0.3464221954345703
INFO:trainer_layer:0.3612041473388672
INFO:trainer_layer:0.3604888916015625
INFO:trainer_layer:0.34689903259277344
INFO:trainer_layer:0.3230571746826172
INFO:trainer_layer:0.3333091735839844
INFO:trainer_layer:0.3387928009033203
INFO:trainer_layer:0.3437995910644531
INFO:trainer_layer:0.3445148468017578
INFO:trainer_layer:0.6186962127685547
INFO:trainer_layer:0.4210472106933594
INFO:trainer_layer:0.39577484130859375
INFO:trainer_layer:0.3559589385986328
INFO:trainer_layer:0.3657341003417969
INFO:trainer_layer:0.34356117248535156
INFO:trainer_layer:0.33926963806152344
INFO:trainer_layer:0.3457069396972656
INFO:trainer_layer:0.6139278411865234
INFO:trainer_layer:0.41103363037109375
INFO:trainer_layer:0.4439353942871094
INFO:trainer_layer:0.5867481231689453
INFO:trainer_layer:0.4203319549560547
INFO:trainer_layer:0.3371238708496094
INFO:trainer_layer:0.3528594970703125
INFO:trainer_layer:0.42438507080078125
INFO:trainer_layer:0.7128715515136719
INFO:trainer_layer:0.5421638488769531
INFO:trainer_layer:0.5772113800048828
INFO:trainer_layer:0.3921985626220703
INFO:trainer_layer:0.45108795166015625
INFO:trainer_layer:0.36406517028808594
INFO:trainer_layer:0.3991127014160156
INFO:trainer_layer:0.3440380096435547
INFO:trainer_layer:0.44846534729003906
INFO:trainer_layer:0.5054473876953125
INFO:trainer_layer:0.6134510040283203
INFO:trainer_layer:0.7712841033935547
INFO:trainer_layer:0.42510032653808594
INFO:trainer_layer:0.40268898010253906
INFO:trainer_layer:0.41413307189941406
INFO:trainer_layer:0.33283233642578125
INFO:trainer_layer:0.5118846893310547
INFO:trainer_layer:0.47707557678222656
INFO:trainer_layer:0.8599758148193359
INFO:trainer_layer:0.38886070251464844
INFO:trainer_layer:0.6268024444580078
INFO:trainer_layer:0.3757476806640625
INFO:trainer_layer:0.3879070281982422
INFO:trainer_layer:0.3502368927001953
INFO:trainer_layer:0.3705024719238281
INFO:trainer_layer:0.36263465881347656
INFO:trainer_layer:0.32210350036621094
INFO:trainer_layer:0.4038810729980469
INFO:trainer_layer:0.5171298980712891
INFO:trainer_layer:0.46634674072265625
INFO:trainer_layer:0.9188652038574219
INFO:trainer_layer:0.5323886871337891
INFO:trainer_layer:0.6010532379150391
