INFO:trainer_layer:CNNEx | mnist
INFO:trainer_layer:in_size : 64 | epochs : 1 | batch : 1
INFO:trainer_layer:kernel_l1 : 33 | 
INFO:trainer_layer:o_channels_l1 : 20 | 
INFO:trainer_layer::::::::::::::::::::::::::::::::::::::::::::::::::::::::::::
INFO:trainer_layer:message : cnn_conv2 
INFO:trainer_layer::::::::::::::::::::::::::::::::::::::::::::::::::::::::::::
INFO:trainer_layer:Ave_Time : 0.4445340633392334
INFO:trainer_layer::::::::::::::::::::::::::::::::::::::::::::::::::::::::::::
INFO:trainer_layer:0.5848407745361328
INFO:trainer_layer:0.38552284240722656
INFO:trainer_layer:0.25081634521484375
INFO:trainer_layer:0.6055831909179688
INFO:trainer_layer:0.30422210693359375
INFO:trainer_layer:0.5352497100830078
INFO:trainer_layer:0.6299018859863281
INFO:trainer_layer:0.5028247833251953
INFO:trainer_layer:0.5478858947753906
INFO:trainer_layer:0.31638145446777344
INFO:trainer_layer:0.30803680419921875
INFO:trainer_layer:0.2815723419189453
INFO:trainer_layer:0.31948089599609375
INFO:trainer_layer:0.3027915954589844
INFO:trainer_layer:0.4444122314453125
INFO:trainer_layer:0.6489753723144531
INFO:trainer_layer:0.45561790466308594
INFO:trainer_layer:0.35881996154785156
INFO:trainer_layer:0.3075599670410156
INFO:trainer_layer:0.27871131896972656
INFO:trainer_layer:0.3132820129394531
INFO:trainer_layer:0.36907196044921875
INFO:trainer_layer:0.3142356872558594
INFO:trainer_layer:0.2903938293457031
INFO:trainer_layer:0.308990478515625
INFO:trainer_layer:0.31638145446777344
INFO:trainer_layer:0.2999305725097656
INFO:trainer_layer:0.4482269287109375
INFO:trainer_layer:0.5202293395996094
INFO:trainer_layer:0.41604042053222656
INFO:trainer_layer:0.31948089599609375
INFO:trainer_layer:0.30803680419921875
INFO:trainer_layer:0.3108978271484375
INFO:trainer_layer:0.3407001495361328
INFO:trainer_layer:0.31185150146484375
INFO:trainer_layer:0.2982616424560547
INFO:trainer_layer:0.3020763397216797
INFO:trainer_layer:0.2834796905517578
INFO:trainer_layer:0.2999305725097656
INFO:trainer_layer:0.4951953887939453
INFO:trainer_layer:0.4031658172607422
INFO:trainer_layer:0.36907196044921875
INFO:trainer_layer:0.3485679626464844
INFO:trainer_layer:0.2913475036621094
INFO:trainer_layer:0.3437995910644531
INFO:trainer_layer:0.35691261291503906
INFO:trainer_layer:0.34689903259277344
INFO:trainer_layer:0.31185150146484375
INFO:trainer_layer:0.32138824462890625
INFO:trainer_layer:0.28967857360839844
INFO:trainer_layer:0.3094673156738281
INFO:trainer_layer:0.6070137023925781
INFO:trainer_layer:0.5266666412353516
INFO:trainer_layer:0.3647804260253906
INFO:trainer_layer:0.36144256591796875
INFO:trainer_layer:0.3020763397216797
INFO:trainer_layer:0.3304481506347656
INFO:trainer_layer:0.3426074981689453
INFO:trainer_layer:0.3447532653808594
INFO:trainer_layer:0.339508056640625
INFO:trainer_layer:0.31185150146484375
INFO:trainer_layer:0.30350685119628906
INFO:trainer_layer:0.3714561462402344
INFO:trainer_layer:0.6780624389648438
INFO:trainer_layer:0.4642009735107422
INFO:trainer_layer:0.45561790466308594
INFO:trainer_layer:0.3800392150878906
INFO:trainer_layer:0.3974437713623047
INFO:trainer_layer:0.4780292510986328
INFO:trainer_layer:0.3833770751953125
INFO:trainer_layer:0.5440711975097656
INFO:trainer_layer:0.35691261291503906
INFO:trainer_layer:0.4935264587402344
INFO:trainer_layer:0.49185752868652344
INFO:trainer_layer:0.598907470703125
INFO:trainer_layer:0.3478527069091797
INFO:trainer_layer:0.3879070281982422
INFO:trainer_layer:0.35071372985839844
INFO:trainer_layer:0.3905296325683594
INFO:trainer_layer:0.3490447998046875
INFO:trainer_layer:0.354766845703125
INFO:trainer_layer:0.3662109375
INFO:trainer_layer:0.32901763916015625
INFO:trainer_layer:0.3726482391357422
INFO:trainer_layer:0.34546852111816406
INFO:trainer_layer:0.4527568817138672
INFO:trainer_layer:0.6020069122314453
INFO:trainer_layer:0.33593177795410156
INFO:trainer_layer:0.47087669372558594
INFO:trainer_layer:0.38051605224609375
INFO:trainer_layer:0.42891502380371094
INFO:trainer_layer:0.5147457122802734
INFO:trainer_layer:0.6785392761230469
INFO:trainer_layer:0.4184246063232422
INFO:trainer_layer:0.5292892456054688
INFO:trainer_layer:0.41103363037109375
INFO:trainer_layer:0.5900859832763672
INFO:trainer_layer:0.36787986755371094
INFO:trainer_layer:0.41604042053222656
INFO:trainer_layer:0.3528594970703125
INFO:trainer_layer:0.6549358367919922
INFO:trainer_layer:0.4916191101074219
INFO:trainer_layer:0.5736351013183594
INFO:trainer_layer:0.5180835723876953
INFO:trainer_layer:0.47206878662109375
INFO:trainer_layer:0.42891502380371094
INFO:trainer_layer:0.36215782165527344
INFO:trainer_layer:0.4024505615234375
INFO:trainer_layer:0.5304813385009766
INFO:trainer_layer:0.415802001953125
INFO:trainer_layer:0.45609474182128906
INFO:trainer_layer:0.3769397735595703
INFO:trainer_layer:0.4839897155761719
INFO:trainer_layer:0.42557716369628906
INFO:trainer_layer:0.6177425384521484
INFO:trainer_layer:0.7572174072265625
INFO:trainer_layer:0.5068778991699219
INFO:trainer_layer:0.4215240478515625
INFO:trainer_layer:0.4706382751464844
INFO:trainer_layer:0.4067420959472656
INFO:trainer_layer:0.35643577575683594
INFO:trainer_layer:0.3516674041748047
INFO:trainer_layer:0.37789344787597656
INFO:trainer_layer:0.4894733428955078
INFO:trainer_layer:0.6988048553466797
INFO:trainer_layer:0.7147789001464844
INFO:trainer_layer:0.4067420959472656
INFO:trainer_layer:0.3452301025390625
INFO:trainer_layer:0.45013427734375
INFO:trainer_layer:0.33354759216308594
INFO:trainer_layer:0.4229545593261719
INFO:trainer_layer:0.36263465881347656
INFO:trainer_layer:0.4189014434814453
INFO:trainer_layer:0.33402442932128906
INFO:trainer_layer:0.5021095275878906
INFO:trainer_layer:0.6167888641357422
INFO:trainer_layer:0.35881996154785156
INFO:trainer_layer:0.38170814514160156
INFO:trainer_layer:0.36835670471191406
INFO:trainer_layer:0.33020973205566406
INFO:trainer_layer:0.35953521728515625
INFO:trainer_layer:0.3743171691894531
INFO:trainer_layer:0.4341602325439453
INFO:trainer_layer:0.3437995910644531
INFO:trainer_layer:0.4649162292480469
INFO:trainer_layer:0.8471012115478516
INFO:trainer_layer:0.5772113800048828
INFO:trainer_layer:0.3452301025390625
INFO:trainer_layer:0.34689903259277344
INFO:trainer_layer:0.5159378051757812
INFO:trainer_layer:0.3333091735839844
INFO:trainer_layer:0.31876564025878906
INFO:trainer_layer:0.41222572326660156
INFO:trainer_layer:0.3745555877685547
INFO:trainer_layer:0.3693103790283203
INFO:trainer_layer:0.4329681396484375
INFO:trainer_layer:0.6618499755859375
INFO:trainer_layer:0.5636215209960938
INFO:trainer_layer:0.5946159362792969
INFO:trainer_layer:0.46825408935546875
INFO:trainer_layer:0.5710124969482422
INFO:trainer_layer:0.45752525329589844
INFO:trainer_layer:0.7684230804443359
INFO:trainer_layer:0.7565021514892578
INFO:trainer_layer:0.6387233734130859
INFO:trainer_layer:0.3323554992675781
INFO:trainer_layer:0.4494190216064453
INFO:trainer_layer:0.43487548828125
INFO:trainer_layer:0.5705356597900391
INFO:trainer_layer:0.4553794860839844
INFO:trainer_layer:0.8001327514648438
INFO:trainer_layer:0.8127689361572266
INFO:trainer_layer:0.4608631134033203
INFO:trainer_layer:0.4680156707763672
INFO:trainer_layer:0.5364418029785156
INFO:trainer_layer:0.5755424499511719
INFO:trainer_layer:0.8034706115722656
INFO:trainer_layer:0.5846023559570312
INFO:trainer_layer:0.5970001220703125
INFO:trainer_layer:0.5316734313964844
INFO:trainer_layer:0.5166530609130859
INFO:trainer_layer:0.5681514739990234
INFO:trainer_layer:0.6554126739501953
INFO:trainer_layer:0.5474090576171875
INFO:trainer_layer:0.5953311920166016
INFO:trainer_layer:0.6024837493896484
INFO:trainer_layer:0.5002021789550781
INFO:trainer_layer:0.45037269592285156
INFO:trainer_layer:0.3857612609863281
INFO:trainer_layer:0.45299530029296875
INFO:trainer_layer:0.3533363342285156
INFO:trainer_layer:0.8139610290527344
INFO:trainer_layer:0.4279613494873047
INFO:trainer_layer:0.5841255187988281
INFO:trainer_layer:0.6735324859619141
INFO:trainer_layer:0.42128562927246094
INFO:trainer_layer:0.4227161407470703
INFO:trainer_layer:0.3476142883300781
INFO:trainer_layer:0.34689903259277344
INFO:trainer_layer:0.392913818359375
INFO:trainer_layer:0.5700588226318359
INFO:trainer_layer:1.0704994201660156
INFO:trainer_layer:0.46443939208984375
INFO:trainer_layer:0.3941059112548828
INFO:trainer_layer:0.35071372985839844
INFO:trainer_layer:0.38695335388183594
INFO:trainer_layer:0.34689903259277344
INFO:trainer_layer:0.4096031188964844
INFO:trainer_layer:0.35762786865234375
INFO:trainer_layer:0.36978721618652344
INFO:trainer_layer:0.8802413940429688
INFO:trainer_layer:0.7560253143310547
INFO:trainer_layer:0.5154609680175781
INFO:trainer_layer:0.6136894226074219
INFO:trainer_layer:0.5037784576416016
INFO:trainer_layer:0.5993843078613281
INFO:trainer_layer:0.5679130554199219
INFO:trainer_layer:0.5733966827392578
INFO:trainer_layer:0.3662109375
INFO:trainer_layer:0.6265640258789062
INFO:trainer_layer:0.36907196044921875
INFO:trainer_layer:0.4515647888183594
INFO:trainer_layer:0.34165382385253906
INFO:trainer_layer:0.4222393035888672
INFO:trainer_layer:0.3390312194824219
INFO:trainer_layer:0.48160552978515625
INFO:trainer_layer:0.5996227264404297
INFO:trainer_layer:0.4963874816894531
INFO:trainer_layer:0.6132125854492188
INFO:trainer_layer:0.8649826049804688
INFO:trainer_layer:0.43320655822753906
INFO:trainer_layer:0.3592967987060547
INFO:trainer_layer:0.39386749267578125
INFO:trainer_layer:0.3230571746826172
INFO:trainer_layer:0.4029273986816406
INFO:trainer_layer:0.3466606140136719
INFO:trainer_layer:0.4134178161621094
INFO:trainer_layer:0.3235340118408203
INFO:trainer_layer:0.3867149353027344
INFO:trainer_layer:0.5125999450683594
INFO:trainer_layer:0.4432201385498047
INFO:trainer_layer:0.4029273986816406
INFO:trainer_layer:0.40459632873535156
INFO:trainer_layer:0.3402233123779297
INFO:trainer_layer:0.3981590270996094
INFO:trainer_layer:0.3859996795654297
INFO:trainer_layer:0.39505958557128906
INFO:trainer_layer:0.3230571746826172
INFO:trainer_layer:0.3833770751953125
INFO:trainer_layer:0.36597251892089844
INFO:trainer_layer:0.39458274841308594
INFO:trainer_layer:0.4596710205078125
INFO:trainer_layer:0.6375312805175781
INFO:trainer_layer:0.39196014404296875
INFO:trainer_layer:0.4115104675292969
INFO:trainer_layer:0.34499168395996094
INFO:trainer_layer:0.42724609375
INFO:trainer_layer:0.3368854522705078
INFO:trainer_layer:0.43082237243652344
INFO:trainer_layer:0.33593177795410156
INFO:trainer_layer:0.4532337188720703
INFO:trainer_layer:0.3333091735839844
INFO:trainer_layer:0.6337165832519531
INFO:trainer_layer:0.6413459777832031
INFO:trainer_layer:0.49948692321777344
INFO:trainer_layer:0.3261566162109375
INFO:trainer_layer:0.42128562927246094
INFO:trainer_layer:0.49996376037597656
INFO:trainer_layer:0.5619525909423828
INFO:trainer_layer:0.6272792816162109
INFO:trainer_layer:0.6258487701416016
INFO:trainer_layer:0.41484832763671875
INFO:trainer_layer:0.377655029296875
INFO:trainer_layer:0.431060791015625
INFO:trainer_layer:0.3325939178466797
INFO:trainer_layer:0.3306865692138672
INFO:trainer_layer:0.33736228942871094
INFO:trainer_layer:0.5891323089599609
INFO:trainer_layer:0.49805641174316406
INFO:trainer_layer:0.5552768707275391
INFO:trainer_layer:0.530242919921875
INFO:trainer_layer:0.6878376007080078
INFO:trainer_layer:0.6852149963378906
INFO:trainer_layer:0.453948974609375
INFO:trainer_layer:0.36072731018066406
INFO:trainer_layer:0.4813671112060547
INFO:trainer_layer:0.3800392150878906
INFO:trainer_layer:0.4608631134033203
INFO:trainer_layer:0.3426074981689453
INFO:trainer_layer:0.4360675811767578
INFO:trainer_layer:0.3657341003417969
INFO:trainer_layer:0.8075237274169922
INFO:trainer_layer:0.4589557647705078
INFO:trainer_layer:0.4119873046875
INFO:trainer_layer:0.3364086151123047
INFO:trainer_layer:0.4258155822753906
INFO:trainer_layer:0.3726482391357422
INFO:trainer_layer:0.438690185546875
INFO:trainer_layer:0.3199577331542969
INFO:trainer_layer:0.43082237243652344
INFO:trainer_layer:0.3287792205810547
INFO:trainer_layer:0.41937828063964844
INFO:trainer_layer:0.4508495330810547
INFO:trainer_layer:0.5331039428710938
INFO:trainer_layer:0.4107952117919922
INFO:trainer_layer:0.43320655822753906
INFO:trainer_layer:0.3352165222167969
INFO:trainer_layer:0.41747093200683594
INFO:trainer_layer:0.5052089691162109
INFO:trainer_layer:0.46324729919433594
INFO:trainer_layer:0.4525184631347656
INFO:trainer_layer:0.47278404235839844
INFO:trainer_layer:0.6005764007568359
INFO:trainer_layer:0.6270408630371094
INFO:trainer_layer:0.34308433532714844
INFO:trainer_layer:0.3445148468017578
INFO:trainer_layer:0.3504753112792969
INFO:trainer_layer:0.35858154296875
INFO:trainer_layer:0.33354759216308594
INFO:trainer_layer:0.3249645233154297
INFO:trainer_layer:0.3910064697265625
INFO:trainer_layer:0.4239082336425781
INFO:trainer_layer:0.47087669372558594
INFO:trainer_layer:0.6747245788574219
INFO:trainer_layer:0.4875659942626953
INFO:trainer_layer:0.3650188446044922
INFO:trainer_layer:0.3731250762939453
INFO:trainer_layer:0.35643577575683594
INFO:trainer_layer:0.3457069396972656
INFO:trainer_layer:0.3192424774169922
INFO:trainer_layer:0.32711029052734375
INFO:trainer_layer:0.3573894500732422
INFO:trainer_layer:0.335693359375
INFO:trainer_layer:0.5156993865966797
INFO:trainer_layer:0.5195140838623047
INFO:trainer_layer:0.41556358337402344
INFO:trainer_layer:0.3325939178466797
INFO:trainer_layer:0.3631114959716797
INFO:trainer_layer:0.3769397735595703
INFO:trainer_layer:0.41961669921875
INFO:trainer_layer:0.3428459167480469
INFO:trainer_layer:0.4363059997558594
INFO:trainer_layer:0.3311634063720703
INFO:trainer_layer:0.3991127014160156
INFO:trainer_layer:0.5459785461425781
INFO:trainer_layer:0.5633831024169922
INFO:trainer_layer:0.4780292510986328
INFO:trainer_layer:0.43892860412597656
INFO:trainer_layer:0.3478527069091797
INFO:trainer_layer:0.44655799865722656
INFO:trainer_layer:0.3750324249267578
INFO:trainer_layer:0.44274330139160156
INFO:trainer_layer:0.3743171691894531
INFO:trainer_layer:0.43320655822753906
INFO:trainer_layer:0.47016143798828125
INFO:trainer_layer:0.4436969757080078
INFO:trainer_layer:0.4985332489013672
INFO:trainer_layer:0.4246234893798828
INFO:trainer_layer:0.3795623779296875
INFO:trainer_layer:0.4506111145019531
INFO:trainer_layer:0.39076805114746094
INFO:trainer_layer:0.6024837493896484
INFO:trainer_layer:0.33164024353027344
INFO:trainer_layer:0.39267539978027344
INFO:trainer_layer:0.6129741668701172
INFO:trainer_layer:0.4086494445800781
INFO:trainer_layer:0.48160552978515625
INFO:trainer_layer:0.6041526794433594
INFO:trainer_layer:0.4906654357910156
INFO:trainer_layer:0.6451606750488281
INFO:trainer_layer:0.47707557678222656
INFO:trainer_layer:0.6067752838134766
INFO:trainer_layer:0.3676414489746094
INFO:trainer_layer:0.38242340087890625
INFO:trainer_layer:0.6346702575683594
INFO:trainer_layer:0.37932395935058594
INFO:trainer_layer:0.39267539978027344
INFO:trainer_layer:0.3559589385986328
INFO:trainer_layer:0.33974647521972656
INFO:trainer_layer:0.3376007080078125
INFO:trainer_layer:0.3552436828613281
INFO:trainer_layer:0.3342628479003906
INFO:trainer_layer:0.49948692321777344
INFO:trainer_layer:0.4508495330810547
INFO:trainer_layer:0.3337860107421875
INFO:trainer_layer:0.5772113800048828
INFO:trainer_layer:0.3902912139892578
INFO:trainer_layer:0.48613548278808594
INFO:trainer_layer:0.37670135498046875
INFO:trainer_layer:0.3676414489746094
INFO:trainer_layer:0.37980079650878906
INFO:trainer_layer:0.5183219909667969
INFO:trainer_layer:0.362396240234375
INFO:trainer_layer:0.8151531219482422
INFO:trainer_layer:0.74005126953125
INFO:trainer_layer:0.41937828063964844
INFO:trainer_layer:0.3712177276611328
INFO:trainer_layer:0.4944801330566406
INFO:trainer_layer:0.4839897155761719
INFO:trainer_layer:0.4525184631347656
INFO:trainer_layer:0.5106925964355469
INFO:trainer_layer:0.44798851013183594
INFO:trainer_layer:0.46372413635253906
INFO:trainer_layer:0.5371570587158203
INFO:trainer_layer:0.5500316619873047
INFO:trainer_layer:0.44465065002441406
INFO:trainer_layer:0.4494190216064453
INFO:trainer_layer:0.4296302795410156
INFO:trainer_layer:0.4267692565917969
INFO:trainer_layer:0.42629241943359375
INFO:trainer_layer:0.5311965942382812
INFO:trainer_layer:0.4985332489013672
INFO:trainer_layer:0.5471706390380859
INFO:trainer_layer:0.5114078521728516
INFO:trainer_layer:0.5564689636230469
INFO:trainer_layer:0.4513263702392578
INFO:trainer_layer:0.4837512969970703
INFO:trainer_layer:0.4749298095703125
INFO:trainer_layer:0.4525184631347656
INFO:trainer_layer:0.4677772521972656
INFO:trainer_layer:0.5080699920654297
INFO:trainer_layer:0.8404254913330078
INFO:trainer_layer:0.4916191101074219
INFO:trainer_layer:0.49567222595214844
INFO:trainer_layer:0.43272972106933594
INFO:trainer_layer:0.48422813415527344
INFO:trainer_layer:0.3795623779296875
INFO:trainer_layer:0.3726482391357422
INFO:trainer_layer:0.41222572326660156
INFO:trainer_layer:0.34236907958984375
INFO:trainer_layer:0.4527568817138672
INFO:trainer_layer:0.4413127899169922
INFO:trainer_layer:0.6198883056640625
INFO:trainer_layer:0.446319580078125
INFO:trainer_layer:0.34499168395996094
INFO:trainer_layer:0.4279613494873047
INFO:trainer_layer:0.34928321838378906
INFO:trainer_layer:0.3991127014160156
INFO:trainer_layer:0.33164024353027344
INFO:trainer_layer:0.4360675811767578
INFO:trainer_layer:0.3349781036376953
INFO:trainer_layer:0.5919933319091797
INFO:trainer_layer:0.396728515625
INFO:trainer_layer:0.7772445678710938
INFO:trainer_layer:0.48089027404785156
INFO:trainer_layer:0.4742145538330078
INFO:trainer_layer:0.48041343688964844
INFO:trainer_layer:0.48232078552246094
INFO:trainer_layer:0.33354759216308594
INFO:trainer_layer:0.34046173095703125
INFO:trainer_layer:0.33593177795410156
INFO:trainer_layer:0.3993511199951172
INFO:trainer_layer:0.3993511199951172
INFO:trainer_layer:0.5085468292236328
INFO:trainer_layer:0.4680156707763672
INFO:trainer_layer:0.5605220794677734
INFO:trainer_layer:0.48041343688964844
INFO:trainer_layer:0.41985511779785156
INFO:trainer_layer:0.347137451171875
INFO:trainer_layer:0.33664703369140625
INFO:trainer_layer:0.3292560577392578
INFO:trainer_layer:0.38909912109375
INFO:trainer_layer:0.5526542663574219
INFO:trainer_layer:0.3323554992675781
INFO:trainer_layer:0.3237724304199219
INFO:trainer_layer:0.35262107849121094
INFO:trainer_layer:0.3440380096435547
INFO:trainer_layer:0.4024505615234375
INFO:trainer_layer:0.35452842712402344
INFO:trainer_layer:0.3898143768310547
INFO:trainer_layer:0.32067298889160156
INFO:trainer_layer:0.400543212890625
INFO:trainer_layer:0.31685829162597656
INFO:trainer_layer:0.4525184631347656
INFO:trainer_layer:0.4062652587890625
INFO:trainer_layer:0.4506111145019531
INFO:trainer_layer:0.36215782165527344
INFO:trainer_layer:0.40531158447265625
INFO:trainer_layer:0.3552436828613281
INFO:trainer_layer:0.4990100860595703
INFO:trainer_layer:0.32258033752441406
INFO:trainer_layer:0.4506111145019531
INFO:trainer_layer:0.38433074951171875
INFO:trainer_layer:0.4584789276123047
INFO:trainer_layer:0.4668235778808594
INFO:trainer_layer:0.5445480346679688
INFO:trainer_layer:0.46062469482421875
INFO:trainer_layer:0.37026405334472656
INFO:trainer_layer:0.34236907958984375
INFO:trainer_layer:0.34499168395996094
INFO:trainer_layer:0.36597251892089844
INFO:trainer_layer:0.35953521728515625
INFO:trainer_layer:0.3650188446044922
INFO:trainer_layer:0.4210472106933594
INFO:trainer_layer:0.3311634063720703
INFO:trainer_layer:0.45752525329589844
INFO:trainer_layer:0.5583763122558594
INFO:trainer_layer:0.3561973571777344
INFO:trainer_layer:0.32258033752441406
INFO:trainer_layer:0.38123130798339844
INFO:trainer_layer:0.3440380096435547
INFO:trainer_layer:0.3921985626220703
INFO:trainer_layer:0.4558563232421875
INFO:trainer_layer:0.47588348388671875
INFO:trainer_layer:0.6504058837890625
INFO:trainer_layer:0.7011890411376953
INFO:trainer_layer:0.5147457122802734
INFO:trainer_layer:0.3407001495361328
INFO:trainer_layer:0.3619194030761719
INFO:trainer_layer:0.3459453582763672
INFO:trainer_layer:0.32973289489746094
INFO:trainer_layer:0.33164024353027344
INFO:trainer_layer:0.3368854522705078
INFO:trainer_layer:0.49757957458496094
INFO:trainer_layer:0.6754398345947266
INFO:trainer_layer:0.7722377777099609
INFO:trainer_layer:0.6639957427978516
INFO:trainer_layer:0.7691383361816406
INFO:trainer_layer:0.4868507385253906
INFO:trainer_layer:0.4925727844238281
INFO:trainer_layer:0.5137920379638672
INFO:trainer_layer:0.5137920379638672
INFO:trainer_layer:0.5300045013427734
INFO:trainer_layer:0.5235671997070312
INFO:trainer_layer:0.5228519439697266
INFO:trainer_layer:0.4909038543701172
INFO:trainer_layer:0.5030632019042969
INFO:trainer_layer:0.4715919494628906
INFO:trainer_layer:0.4673004150390625
INFO:trainer_layer:0.591278076171875
INFO:trainer_layer:0.621795654296875
INFO:trainer_layer:0.40984153747558594
INFO:trainer_layer:0.3490447998046875
INFO:trainer_layer:0.32639503479003906
INFO:trainer_layer:0.3535747528076172
INFO:trainer_layer:0.36334991455078125
INFO:trainer_layer:0.3833770751953125
INFO:trainer_layer:0.40531158447265625
INFO:trainer_layer:0.3840923309326172
INFO:trainer_layer:0.36716461181640625
INFO:trainer_layer:0.3764629364013672
INFO:trainer_layer:0.7359981536865234
INFO:trainer_layer:0.47898292541503906
INFO:trainer_layer:0.3941059112548828
INFO:trainer_layer:0.36025047302246094
INFO:trainer_layer:0.34165382385253906
INFO:trainer_layer:0.3643035888671875
INFO:trainer_layer:0.49233436584472656
INFO:trainer_layer:0.33402442932128906
INFO:trainer_layer:0.4169940948486328
INFO:trainer_layer:0.4487037658691406
INFO:trainer_layer:0.3981590270996094
INFO:trainer_layer:0.46539306640625
INFO:trainer_layer:0.4363059997558594
INFO:trainer_layer:0.33020973205566406
INFO:trainer_layer:0.3871917724609375
INFO:trainer_layer:0.40149688720703125
INFO:trainer_layer:0.3361701965332031
INFO:trainer_layer:0.3376007080078125
INFO:trainer_layer:0.3180503845214844
INFO:trainer_layer:0.4076957702636719
INFO:trainer_layer:0.3540515899658203
INFO:trainer_layer:0.9546279907226562
INFO:trainer_layer:0.7030963897705078
INFO:trainer_layer:0.4687309265136719
INFO:trainer_layer:0.41556358337402344
INFO:trainer_layer:0.3437995910644531
INFO:trainer_layer:0.41747093200683594
INFO:trainer_layer:0.4482269287109375
INFO:trainer_layer:0.39958953857421875
INFO:trainer_layer:0.4086494445800781
INFO:trainer_layer:0.4322528839111328
INFO:trainer_layer:0.4565715789794922
INFO:trainer_layer:0.4429817199707031
INFO:trainer_layer:0.4744529724121094
INFO:trainer_layer:0.4696846008300781
INFO:trainer_layer:0.45180320739746094
INFO:trainer_layer:0.5421638488769531
INFO:trainer_layer:0.4546642303466797
INFO:trainer_layer:0.44226646423339844
INFO:trainer_layer:0.43892860412597656
INFO:trainer_layer:0.4482269287109375
INFO:trainer_layer:0.5402565002441406
INFO:trainer_layer:0.5152225494384766
INFO:trainer_layer:0.6589889526367188
INFO:trainer_layer:0.5872249603271484
INFO:trainer_layer:0.5910396575927734
INFO:trainer_layer:0.3552436828613281
INFO:trainer_layer:0.6549358367919922
INFO:trainer_layer:0.5428791046142578
INFO:trainer_layer:0.6272792816162109
INFO:trainer_layer:0.5793571472167969
INFO:trainer_layer:0.7770061492919922
INFO:trainer_layer:0.3426074981689453
INFO:trainer_layer:0.4353523254394531
INFO:trainer_layer:0.34308433532714844
INFO:trainer_layer:0.408172607421875
INFO:trainer_layer:0.34356117248535156
INFO:trainer_layer:0.40984153747558594
INFO:trainer_layer:0.38242340087890625
INFO:trainer_layer:0.3979206085205078
INFO:trainer_layer:0.6034374237060547
INFO:trainer_layer:0.6558895111083984
INFO:trainer_layer:0.5471706390380859
INFO:trainer_layer:0.44536590576171875
INFO:trainer_layer:0.4341602325439453
INFO:trainer_layer:0.43463706970214844
INFO:trainer_layer:0.3790855407714844
INFO:trainer_layer:0.4093647003173828
INFO:trainer_layer:0.34308433532714844
INFO:trainer_layer:0.4558563232421875
INFO:trainer_layer:0.4696846008300781
INFO:trainer_layer:0.5066394805908203
INFO:trainer_layer:0.4398822784423828
INFO:trainer_layer:0.5314350128173828
INFO:trainer_layer:0.40078163146972656
INFO:trainer_layer:0.5824565887451172
INFO:trainer_layer:0.5068778991699219
INFO:trainer_layer:0.3809928894042969
INFO:trainer_layer:0.3578662872314453
INFO:trainer_layer:0.5729198455810547
INFO:trainer_layer:0.51116943359375
INFO:trainer_layer:0.40340423583984375
INFO:trainer_layer:0.5738735198974609
INFO:trainer_layer:0.6110668182373047
INFO:trainer_layer:0.5288124084472656
INFO:trainer_layer:0.4050731658935547
INFO:trainer_layer:0.3712177276611328
INFO:trainer_layer:0.3490447998046875
INFO:trainer_layer:0.6432533264160156
INFO:trainer_layer:0.7939338684082031
INFO:trainer_layer:0.6422996520996094
INFO:trainer_layer:0.6659030914306641
INFO:trainer_layer:0.44035911560058594
INFO:trainer_layer:0.45490264892578125
INFO:trainer_layer:0.4856586456298828
INFO:trainer_layer:0.40221214294433594
INFO:trainer_layer:0.4832744598388672
INFO:trainer_layer:0.5688667297363281
INFO:trainer_layer:0.5650520324707031
INFO:trainer_layer:0.48470497131347656
INFO:trainer_layer:0.49805641174316406
INFO:trainer_layer:0.42128562927246094
INFO:trainer_layer:0.4711151123046875
INFO:trainer_layer:0.40459632873535156
INFO:trainer_layer:0.5233287811279297
INFO:trainer_layer:0.4379749298095703
INFO:trainer_layer:0.43272972106933594
INFO:trainer_layer:0.6740093231201172
INFO:trainer_layer:0.3986358642578125
INFO:trainer_layer:0.3674030303955078
INFO:trainer_layer:0.36907196044921875
INFO:trainer_layer:0.34117698669433594
INFO:trainer_layer:0.3616809844970703
INFO:trainer_layer:0.32138824462890625
INFO:trainer_layer:0.33211708068847656
INFO:trainer_layer:0.335693359375
INFO:trainer_layer:0.37860870361328125
INFO:trainer_layer:0.33545494079589844
INFO:trainer_layer:0.4150867462158203
INFO:trainer_layer:0.4878044128417969
INFO:trainer_layer:0.3743171691894531
INFO:trainer_layer:0.3693103790283203
INFO:trainer_layer:0.34546852111816406
INFO:trainer_layer:0.32067298889160156
INFO:trainer_layer:0.3592967987060547
INFO:trainer_layer:0.33283233642578125
INFO:trainer_layer:0.35691261291503906
INFO:trainer_layer:0.3414154052734375
INFO:trainer_layer:0.3170967102050781
INFO:trainer_layer:0.4456043243408203
INFO:trainer_layer:0.37980079650878906
INFO:trainer_layer:0.6825923919677734
INFO:trainer_layer:0.3421306610107422
INFO:trainer_layer:0.3485679626464844
INFO:trainer_layer:0.32830238342285156
INFO:trainer_layer:0.3814697265625
INFO:trainer_layer:0.3399848937988281
INFO:trainer_layer:0.32639503479003906
INFO:trainer_layer:0.38909912109375
INFO:trainer_layer:0.3249645233154297
INFO:trainer_layer:0.3368854522705078
INFO:trainer_layer:0.499725341796875
INFO:trainer_layer:0.3590583801269531
INFO:trainer_layer:0.49114227294921875
INFO:trainer_layer:0.4031658172607422
INFO:trainer_layer:0.34332275390625
INFO:trainer_layer:0.3731250762939453
INFO:trainer_layer:0.36597251892089844
INFO:trainer_layer:0.32830238342285156
INFO:trainer_layer:0.3795623779296875
INFO:trainer_layer:0.4019737243652344
INFO:trainer_layer:0.3459453582763672
INFO:trainer_layer:0.4916191101074219
INFO:trainer_layer:0.43129920959472656
INFO:trainer_layer:0.4470348358154297
INFO:trainer_layer:0.3879070281982422
INFO:trainer_layer:0.3650188446044922
INFO:trainer_layer:0.38433074951171875
INFO:trainer_layer:0.35262107849121094
INFO:trainer_layer:0.34689903259277344
INFO:trainer_layer:0.3409385681152344
INFO:trainer_layer:0.3402233123779297
INFO:trainer_layer:0.3209114074707031
INFO:trainer_layer:0.34809112548828125
INFO:trainer_layer:0.3876686096191406
INFO:trainer_layer:0.4425048828125
INFO:trainer_layer:0.44274330139160156
INFO:trainer_layer:0.46944618225097656
INFO:trainer_layer:0.4661083221435547
INFO:trainer_layer:0.3845691680908203
INFO:trainer_layer:0.5054473876953125
INFO:trainer_layer:0.32639503479003906
INFO:trainer_layer:0.48542022705078125
INFO:trainer_layer:0.4398822784423828
INFO:trainer_layer:0.7257461547851562
INFO:trainer_layer:0.4143714904785156
INFO:trainer_layer:0.8437633514404297
INFO:trainer_layer:0.37217140197753906
INFO:trainer_layer:0.37097930908203125
INFO:trainer_layer:0.3941059112548828
INFO:trainer_layer:0.39076805114746094
INFO:trainer_layer:0.3380775451660156
INFO:trainer_layer:0.49376487731933594
INFO:trainer_layer:0.39458274841308594
INFO:trainer_layer:0.5347728729248047
INFO:trainer_layer:0.4143714904785156
INFO:trainer_layer:0.3421306610107422
INFO:trainer_layer:0.47588348388671875
INFO:trainer_layer:0.4687309265136719
INFO:trainer_layer:0.6113052368164062
INFO:trainer_layer:0.6008148193359375
INFO:trainer_layer:0.4925727844238281
INFO:trainer_layer:0.3757476806640625
INFO:trainer_layer:0.5898475646972656
INFO:trainer_layer:0.5972385406494141
INFO:trainer_layer:0.6170272827148438
INFO:trainer_layer:0.35309791564941406
INFO:trainer_layer:0.36215782165527344
INFO:trainer_layer:0.4642009735107422
INFO:trainer_layer:0.3859996795654297
INFO:trainer_layer:0.37860870361328125
INFO:trainer_layer:0.34546852111816406
INFO:trainer_layer:0.4582405090332031
INFO:trainer_layer:0.4928112030029297
INFO:trainer_layer:0.49042701721191406
INFO:trainer_layer:0.5137920379638672
INFO:trainer_layer:0.3457069396972656
INFO:trainer_layer:0.41961669921875
INFO:trainer_layer:0.4665851593017578
INFO:trainer_layer:0.4515647888183594
INFO:trainer_layer:0.3573894500732422
INFO:trainer_layer:0.5040168762207031
INFO:trainer_layer:0.3514289855957031
INFO:trainer_layer:0.4172325134277344
INFO:trainer_layer:0.5130767822265625
INFO:trainer_layer:0.5662441253662109
INFO:trainer_layer:0.34499168395996094
INFO:trainer_layer:0.48995018005371094
INFO:trainer_layer:0.4448890686035156
INFO:trainer_layer:0.43201446533203125
INFO:trainer_layer:0.3833770751953125
INFO:trainer_layer:0.4820823669433594
INFO:trainer_layer:0.5025863647460938
INFO:trainer_layer:0.3838539123535156
INFO:trainer_layer:0.6041526794433594
INFO:trainer_layer:0.5440711975097656
INFO:trainer_layer:0.5211830139160156
INFO:trainer_layer:0.5409717559814453
INFO:trainer_layer:0.36454200744628906
INFO:trainer_layer:0.42819976806640625
INFO:trainer_layer:0.4353523254394531
INFO:trainer_layer:0.5154609680175781
INFO:trainer_layer:0.5383491516113281
INFO:trainer_layer:0.34332275390625
INFO:trainer_layer:0.4596710205078125
INFO:trainer_layer:0.3333091735839844
INFO:trainer_layer:0.4546642303466797
INFO:trainer_layer:0.36978721618652344
INFO:trainer_layer:0.48828125
INFO:trainer_layer:0.44846534729003906
INFO:trainer_layer:0.5125999450683594
INFO:trainer_layer:0.3573894500732422
INFO:trainer_layer:0.5576610565185547
INFO:trainer_layer:0.5123615264892578
INFO:trainer_layer:0.36263465881347656
INFO:trainer_layer:0.46896934509277344
INFO:trainer_layer:0.35858154296875
INFO:trainer_layer:0.40793418884277344
INFO:trainer_layer:0.3986358642578125
INFO:trainer_layer:0.47016143798828125
INFO:trainer_layer:0.5085468292236328
INFO:trainer_layer:0.6024837493896484
INFO:trainer_layer:0.4496574401855469
INFO:trainer_layer:0.48041343688964844
INFO:trainer_layer:0.3714561462402344
INFO:trainer_layer:0.48279762268066406
INFO:trainer_layer:0.36716461181640625
INFO:trainer_layer:0.45561790466308594
INFO:trainer_layer:0.3764629364013672
INFO:trainer_layer:0.438690185546875
INFO:trainer_layer:0.4334449768066406
INFO:trainer_layer:0.4794597625732422
INFO:trainer_layer:0.7684230804443359
INFO:trainer_layer:0.3542900085449219
INFO:trainer_layer:0.3685951232910156
INFO:trainer_layer:0.3840923309326172
INFO:trainer_layer:0.33473968505859375
INFO:trainer_layer:0.3516674041748047
INFO:trainer_layer:0.34332275390625
INFO:trainer_layer:0.331878662109375
INFO:trainer_layer:0.3609657287597656
INFO:trainer_layer:0.5071163177490234
INFO:trainer_layer:0.51116943359375
INFO:trainer_layer:0.38552284240722656
INFO:trainer_layer:0.3604888916015625
INFO:trainer_layer:0.3516674041748047
INFO:trainer_layer:0.5247592926025391
INFO:trainer_layer:0.48232078552246094
INFO:trainer_layer:0.37980079650878906
INFO:trainer_layer:0.3647804260253906
INFO:trainer_layer:0.35643577575683594
INFO:trainer_layer:0.5695819854736328
INFO:trainer_layer:0.5202293395996094
INFO:trainer_layer:0.6091594696044922
INFO:trainer_layer:0.5609989166259766
INFO:trainer_layer:0.49042701721191406
INFO:trainer_layer:0.38886070251464844
INFO:trainer_layer:0.415802001953125
INFO:trainer_layer:0.39696693420410156
INFO:trainer_layer:0.4906654357910156
INFO:trainer_layer:0.8664131164550781
INFO:trainer_layer:0.7259845733642578
INFO:trainer_layer:0.5323886871337891
INFO:trainer_layer:0.4992485046386719
INFO:trainer_layer:0.6558895111083984
INFO:trainer_layer:0.3662109375
INFO:trainer_layer:0.3504753112792969
INFO:trainer_layer:0.3159046173095703
INFO:trainer_layer:0.33736228942871094
INFO:trainer_layer:0.3521442413330078
INFO:trainer_layer:0.35381317138671875
INFO:trainer_layer:0.4067420959472656
INFO:trainer_layer:0.46634674072265625
INFO:trainer_layer:0.3981590270996094
INFO:trainer_layer:0.40411949157714844
INFO:trainer_layer:0.35309791564941406
INFO:trainer_layer:0.3581047058105469
INFO:trainer_layer:0.46515464782714844
INFO:trainer_layer:0.41794776916503906
INFO:trainer_layer:0.5249977111816406
INFO:trainer_layer:0.4971027374267578
INFO:trainer_layer:0.6327629089355469
INFO:trainer_layer:0.5583763122558594
INFO:trainer_layer:0.37288665771484375
INFO:trainer_layer:0.44989585876464844
INFO:trainer_layer:0.3452301025390625
INFO:trainer_layer:0.46253204345703125
INFO:trainer_layer:0.34809112548828125
INFO:trainer_layer:0.4277229309082031
INFO:trainer_layer:0.3986358642578125
INFO:trainer_layer:0.4639625549316406
INFO:trainer_layer:0.5457401275634766
INFO:trainer_layer:0.7772445678710938
INFO:trainer_layer:0.40435791015625
INFO:trainer_layer:0.42724609375
INFO:trainer_layer:0.3464221954345703
INFO:trainer_layer:0.40793418884277344
INFO:trainer_layer:0.3414154052734375
INFO:trainer_layer:0.4990100860595703
INFO:trainer_layer:0.3578662872314453
INFO:trainer_layer:0.7328987121582031
INFO:trainer_layer:0.45180320739746094
INFO:trainer_layer:0.4703998565673828
INFO:trainer_layer:0.3750324249267578
INFO:trainer_layer:0.37097930908203125
INFO:trainer_layer:0.32591819763183594
INFO:trainer_layer:0.45180320739746094
INFO:trainer_layer:0.33402442932128906
INFO:trainer_layer:0.3464221954345703
INFO:trainer_layer:0.41174888610839844
INFO:trainer_layer:0.3955364227294922
INFO:trainer_layer:0.4703998565673828
INFO:trainer_layer:0.5779266357421875
INFO:trainer_layer:0.4661083221435547
INFO:trainer_layer:0.3504753112792969
INFO:trainer_layer:0.36644935607910156
INFO:trainer_layer:0.339508056640625
INFO:trainer_layer:0.3859996795654297
INFO:trainer_layer:0.362396240234375
INFO:trainer_layer:0.3428459167480469
INFO:trainer_layer:0.38313865661621094
INFO:trainer_layer:0.38933753967285156
INFO:trainer_layer:0.6861686706542969
INFO:trainer_layer:0.37598609924316406
INFO:trainer_layer:0.7128715515136719
INFO:trainer_layer:0.3955364227294922
INFO:trainer_layer:0.39005279541015625
INFO:trainer_layer:0.400543212890625
INFO:trainer_layer:0.3376007080078125
INFO:trainer_layer:0.39887428283691406
INFO:trainer_layer:0.39839744567871094
INFO:trainer_layer:0.43511390686035156
INFO:trainer_layer:0.4010200500488281
INFO:trainer_layer:0.9732246398925781
INFO:trainer_layer:0.5841255187988281
INFO:trainer_layer:0.4191398620605469
INFO:trainer_layer:0.4279613494873047
INFO:trainer_layer:0.3895759582519531
INFO:trainer_layer:0.33736228942871094
INFO:trainer_layer:0.40531158447265625
INFO:trainer_layer:0.3325939178466797
INFO:trainer_layer:0.4267692565917969
INFO:trainer_layer:0.3509521484375
INFO:trainer_layer:0.42748451232910156
INFO:trainer_layer:0.46753883361816406
INFO:trainer_layer:0.6430149078369141
INFO:trainer_layer:0.4773139953613281
INFO:trainer_layer:0.484466552734375
INFO:trainer_layer:0.41103363037109375
INFO:trainer_layer:0.46443939208984375
INFO:trainer_layer:0.40650367736816406
INFO:trainer_layer:0.39076805114746094
INFO:trainer_layer:0.4367828369140625
INFO:trainer_layer:0.43392181396484375
INFO:trainer_layer:0.8978843688964844
INFO:trainer_layer:0.6682872772216797
INFO:trainer_layer:0.5221366882324219
INFO:trainer_layer:0.5054473876953125
INFO:trainer_layer:0.40650367736816406
INFO:trainer_layer:0.4649162292480469
INFO:trainer_layer:0.4444122314453125
INFO:trainer_layer:0.4734992980957031
INFO:trainer_layer:0.431060791015625
INFO:trainer_layer:0.4935264587402344
INFO:trainer_layer:0.6883144378662109
INFO:trainer_layer:0.48995018005371094
INFO:trainer_layer:0.4074573516845703
INFO:trainer_layer:0.453948974609375
INFO:trainer_layer:0.3275871276855469
INFO:trainer_layer:0.438690185546875
INFO:trainer_layer:0.37169456481933594
INFO:trainer_layer:0.47707557678222656
INFO:trainer_layer:0.3809928894042969
INFO:trainer_layer:0.4222393035888672
INFO:trainer_layer:0.34427642822265625
INFO:trainer_layer:0.4889965057373047
INFO:trainer_layer:0.45490264892578125
INFO:trainer_layer:0.37932395935058594
INFO:trainer_layer:0.3917217254638672
INFO:trainer_layer:0.43582916259765625
INFO:trainer_layer:0.42629241943359375
INFO:trainer_layer:0.3540515899658203
INFO:trainer_layer:0.34689903259277344
INFO:trainer_layer:0.3235340118408203
INFO:trainer_layer:0.31876564025878906
INFO:trainer_layer:0.3504753112792969
INFO:trainer_layer:0.7631778717041016
INFO:trainer_layer:0.3592967987060547
INFO:trainer_layer:0.3662109375
INFO:trainer_layer:0.35762786865234375
INFO:trainer_layer:0.3294944763183594
INFO:trainer_layer:0.3325939178466797
INFO:trainer_layer:0.34165382385253906
INFO:trainer_layer:0.3376007080078125
INFO:trainer_layer:0.316619873046875
INFO:trainer_layer:0.3650188446044922
INFO:trainer_layer:0.3345012664794922
INFO:trainer_layer:0.35071372985839844
INFO:trainer_layer:0.5893707275390625
INFO:trainer_layer:0.5152225494384766
INFO:trainer_layer:0.5116462707519531
INFO:trainer_layer:0.3528594970703125
INFO:trainer_layer:0.42366981506347656
INFO:trainer_layer:0.3581047058105469
INFO:trainer_layer:0.3993511199951172
INFO:trainer_layer:0.33545494079589844
INFO:trainer_layer:0.3993511199951172
INFO:trainer_layer:0.33092498779296875
INFO:trainer_layer:0.4074573516845703
INFO:trainer_layer:0.5373954772949219
INFO:trainer_layer:0.4181861877441406
INFO:trainer_layer:0.35190582275390625
INFO:trainer_layer:0.43392181396484375
INFO:trainer_layer:0.32711029052734375
INFO:trainer_layer:0.45680999755859375
INFO:trainer_layer:0.3521442413330078
INFO:trainer_layer:0.3955364227294922
INFO:trainer_layer:0.3247261047363281
INFO:trainer_layer:0.42700767517089844
INFO:trainer_layer:0.3533363342285156
INFO:trainer_layer:0.484466552734375
INFO:trainer_layer:0.6208419799804688
INFO:trainer_layer:0.37670135498046875
INFO:trainer_layer:0.33593177795410156
INFO:trainer_layer:0.36215782165527344
INFO:trainer_layer:0.36835670471191406
INFO:trainer_layer:0.3783702850341797
INFO:trainer_layer:0.36072731018066406
INFO:trainer_layer:0.4069805145263672
