INFO:trainer_layer:FFT_CNNEx | mnist
INFO:trainer_layer:in_size : 32 | epochs : 1 | batch : 1
INFO:trainer_layer:kernel_l1 : 17 | 
INFO:trainer_layer:o_channels_l1 : 20 | 
INFO:trainer_layer::::::::::::::::::::::::::::::::::::::::::::::::::::::::::::
INFO:trainer_layer:message : fft_conv3 
INFO:trainer_layer::::::::::::::::::::::::::::::::::::::::::::::::::::::::::::
INFO:trainer_layer:Ave_Time : 1.105220079421997
INFO:trainer_layer::::::::::::::::::::::::::::::::::::::::::::::::::::::::::::
INFO:trainer_layer:1.2221336364746094
INFO:trainer_layer:1.0099411010742188
INFO:trainer_layer:1.0781288146972656
INFO:trainer_layer:1.081228256225586
INFO:trainer_layer:0.995635986328125
INFO:trainer_layer:1.0497570037841797
INFO:trainer_layer:1.3055801391601562
INFO:trainer_layer:1.184701919555664
INFO:trainer_layer:1.2826919555664062
INFO:trainer_layer:1.3115406036376953
INFO:trainer_layer:1.1191368103027344
INFO:trainer_layer:1.7354488372802734
INFO:trainer_layer:1.8377304077148438
INFO:trainer_layer:0.9586811065673828
INFO:trainer_layer:1.0268688201904297
INFO:trainer_layer:1.0368824005126953
INFO:trainer_layer:1.1534690856933594
INFO:trainer_layer:1.0135173797607422
INFO:trainer_layer:0.9753704071044922
INFO:trainer_layer:1.1086463928222656
INFO:trainer_layer:1.0428428649902344
INFO:trainer_layer:0.9572505950927734
INFO:trainer_layer:1.0440349578857422
INFO:trainer_layer:0.8571147918701172
INFO:trainer_layer:1.4050006866455078
INFO:trainer_layer:1.0192394256591797
INFO:trainer_layer:1.16729736328125
INFO:trainer_layer:1.088857650756836
INFO:trainer_layer:1.22833251953125
INFO:trainer_layer:1.1925697326660156
INFO:trainer_layer:1.2962818145751953
INFO:trainer_layer:1.9326210021972656
INFO:trainer_layer:1.058340072631836
INFO:trainer_layer:0.9124279022216797
INFO:trainer_layer:0.9303092956542969
INFO:trainer_layer:0.9052753448486328
INFO:trainer_layer:1.1475086212158203
INFO:trainer_layer:1.8155574798583984
INFO:trainer_layer:1.413106918334961
INFO:trainer_layer:1.0960102081298828
INFO:trainer_layer:0.9636878967285156
INFO:trainer_layer:0.9174346923828125
INFO:trainer_layer:0.8928775787353516
INFO:trainer_layer:1.2066364288330078
INFO:trainer_layer:1.2812614440917969
INFO:trainer_layer:1.3170242309570312
INFO:trainer_layer:0.8568763732910156
INFO:trainer_layer:0.9377002716064453
INFO:trainer_layer:0.8089542388916016
INFO:trainer_layer:0.8087158203125
INFO:trainer_layer:0.7910728454589844
INFO:trainer_layer:0.8115768432617188
INFO:trainer_layer:1.1365413665771484
INFO:trainer_layer:1.0600090026855469
INFO:trainer_layer:1.2569427490234375
INFO:trainer_layer:0.946044921875
INFO:trainer_layer:0.8795261383056641
INFO:trainer_layer:0.8203983306884766
INFO:trainer_layer:0.7941722869873047
INFO:trainer_layer:0.7808208465576172
INFO:trainer_layer:0.8709430694580078
INFO:trainer_layer:1.1227130889892578
INFO:trainer_layer:1.8820762634277344
INFO:trainer_layer:1.4300346374511719
INFO:trainer_layer:0.8630752563476562
INFO:trainer_layer:0.7917881011962891
INFO:trainer_layer:1.6758441925048828
INFO:trainer_layer:1.3017654418945312
INFO:trainer_layer:0.9441375732421875
INFO:trainer_layer:1.1088848114013672
INFO:trainer_layer:0.8218288421630859
INFO:trainer_layer:0.782012939453125
INFO:trainer_layer:0.7688999176025391
INFO:trainer_layer:0.7584095001220703
INFO:trainer_layer:1.0340213775634766
INFO:trainer_layer:1.5943050384521484
INFO:trainer_layer:1.580953598022461
INFO:trainer_layer:0.9510517120361328
INFO:trainer_layer:0.8187294006347656
INFO:trainer_layer:0.7932186126708984
INFO:trainer_layer:0.8590221405029297
INFO:trainer_layer:1.0223388671875
INFO:trainer_layer:0.9133815765380859
INFO:trainer_layer:1.771688461303711
INFO:trainer_layer:1.470327377319336
INFO:trainer_layer:1.302957534790039
INFO:trainer_layer:1.3229846954345703
INFO:trainer_layer:1.291513442993164
INFO:trainer_layer:1.2784004211425781
INFO:trainer_layer:1.4083385467529297
INFO:trainer_layer:1.455068588256836
INFO:trainer_layer:1.3256072998046875
INFO:trainer_layer:1.3885498046875
INFO:trainer_layer:0.881195068359375
INFO:trainer_layer:0.9546279907226562
INFO:trainer_layer:0.8969306945800781
INFO:trainer_layer:0.8428096771240234
INFO:trainer_layer:0.8084774017333984
INFO:trainer_layer:1.2595653533935547
INFO:trainer_layer:1.2505054473876953
INFO:trainer_layer:1.1043548583984375
INFO:trainer_layer:1.280069351196289
INFO:trainer_layer:1.1708736419677734
INFO:trainer_layer:0.8459091186523438
INFO:trainer_layer:0.7793903350830078
INFO:trainer_layer:0.8041858673095703
INFO:trainer_layer:0.7665157318115234
INFO:trainer_layer:0.8640289306640625
INFO:trainer_layer:0.8227825164794922
INFO:trainer_layer:0.8273124694824219
INFO:trainer_layer:1.0991096496582031
INFO:trainer_layer:0.8640289306640625
INFO:trainer_layer:1.0135173797607422
INFO:trainer_layer:0.8378028869628906
INFO:trainer_layer:0.7908344268798828
INFO:trainer_layer:0.8158683776855469
INFO:trainer_layer:0.9372234344482422
INFO:trainer_layer:0.9074211120605469
INFO:trainer_layer:1.0175704956054688
INFO:trainer_layer:1.1744499206542969
INFO:trainer_layer:0.9171962738037109
INFO:trainer_layer:0.8518695831298828
INFO:trainer_layer:0.8161067962646484
INFO:trainer_layer:0.9257793426513672
INFO:trainer_layer:0.9100437164306641
INFO:trainer_layer:0.881195068359375
INFO:trainer_layer:2.088308334350586
INFO:trainer_layer:1.531839370727539
INFO:trainer_layer:0.8571147918701172
INFO:trainer_layer:0.8449554443359375
INFO:trainer_layer:0.8919239044189453
INFO:trainer_layer:0.8761882781982422
INFO:trainer_layer:0.9968280792236328
INFO:trainer_layer:1.0988712310791016
INFO:trainer_layer:1.5461444854736328
INFO:trainer_layer:1.2083053588867188
INFO:trainer_layer:0.9050369262695312
INFO:trainer_layer:1.0190010070800781
INFO:trainer_layer:1.0251998901367188
INFO:trainer_layer:1.2271404266357422
INFO:trainer_layer:1.9178390502929688
INFO:trainer_layer:1.7528533935546875
INFO:trainer_layer:0.9341239929199219
INFO:trainer_layer:0.8683204650878906
INFO:trainer_layer:0.9419918060302734
INFO:trainer_layer:0.9410381317138672
INFO:trainer_layer:0.95367431640625
INFO:trainer_layer:1.0602474212646484
INFO:trainer_layer:0.95367431640625
INFO:trainer_layer:1.062631607055664
INFO:trainer_layer:0.965118408203125
INFO:trainer_layer:1.9218921661376953
INFO:trainer_layer:2.161264419555664
INFO:trainer_layer:1.1749267578125
INFO:trainer_layer:1.3048648834228516
INFO:trainer_layer:0.9479522705078125
INFO:trainer_layer:0.9558200836181641
INFO:trainer_layer:0.8747577667236328
INFO:trainer_layer:1.1911392211914062
INFO:trainer_layer:1.0805130004882812
INFO:trainer_layer:1.207590103149414
INFO:trainer_layer:1.4774799346923828
INFO:trainer_layer:0.9593963623046875
INFO:trainer_layer:0.9326934814453125
INFO:trainer_layer:0.8809566497802734
INFO:trainer_layer:1.0981559753417969
INFO:trainer_layer:2.1178722381591797
INFO:trainer_layer:1.4507770538330078
INFO:trainer_layer:1.0042190551757812
INFO:trainer_layer:0.8985996246337891
INFO:trainer_layer:0.9944438934326172
INFO:trainer_layer:0.9565353393554688
INFO:trainer_layer:0.888824462890625
INFO:trainer_layer:1.0271072387695312
INFO:trainer_layer:1.0132789611816406
INFO:trainer_layer:1.1296272277832031
INFO:trainer_layer:0.8392333984375
INFO:trainer_layer:0.804901123046875
INFO:trainer_layer:0.8375644683837891
INFO:trainer_layer:0.8015632629394531
INFO:trainer_layer:0.8809566497802734
INFO:trainer_layer:0.9591579437255859
INFO:trainer_layer:0.99945068359375
INFO:trainer_layer:1.3692378997802734
INFO:trainer_layer:0.8337497711181641
INFO:trainer_layer:0.8060932159423828
INFO:trainer_layer:0.8294582366943359
INFO:trainer_layer:1.1556148529052734
INFO:trainer_layer:1.6016960144042969
INFO:trainer_layer:0.9701251983642578
INFO:trainer_layer:2.5730133056640625
INFO:trainer_layer:1.4793872833251953
INFO:trainer_layer:1.3413429260253906
INFO:trainer_layer:0.8058547973632812
INFO:trainer_layer:0.9620189666748047
INFO:trainer_layer:1.1107921600341797
INFO:trainer_layer:1.0700225830078125
INFO:trainer_layer:1.4040470123291016
INFO:trainer_layer:0.8528232574462891
INFO:trainer_layer:0.8378028869628906
INFO:trainer_layer:1.0313987731933594
INFO:trainer_layer:1.1396408081054688
INFO:trainer_layer:0.9329319000244141
INFO:trainer_layer:0.9512901306152344
INFO:trainer_layer:1.6012191772460938
INFO:trainer_layer:1.325845718383789
INFO:trainer_layer:0.8831024169921875
INFO:trainer_layer:0.7932186126708984
INFO:trainer_layer:1.2052059173583984
INFO:trainer_layer:2.081632614135742
INFO:trainer_layer:1.3492107391357422
INFO:trainer_layer:1.0750293731689453
INFO:trainer_layer:0.9858608245849609
INFO:trainer_layer:0.9760856628417969
INFO:trainer_layer:0.9562969207763672
INFO:trainer_layer:0.8699893951416016
INFO:trainer_layer:0.9341239929199219
INFO:trainer_layer:1.5294551849365234
INFO:trainer_layer:1.0800361633300781
INFO:trainer_layer:0.9202957153320312
INFO:trainer_layer:0.8134841918945312
INFO:trainer_layer:0.8575916290283203
INFO:trainer_layer:0.8268356323242188
INFO:trainer_layer:0.8594989776611328
INFO:trainer_layer:0.8537769317626953
INFO:trainer_layer:1.1487007141113281
INFO:trainer_layer:1.0492801666259766
INFO:trainer_layer:1.074075698852539
INFO:trainer_layer:0.8299350738525391
INFO:trainer_layer:0.9903907775878906
INFO:trainer_layer:0.9322166442871094
INFO:trainer_layer:0.9207725524902344
INFO:trainer_layer:0.8382797241210938
INFO:trainer_layer:1.0519027709960938
INFO:trainer_layer:1.1904239654541016
INFO:trainer_layer:0.8924007415771484
INFO:trainer_layer:0.980377197265625
INFO:trainer_layer:0.8716583251953125
INFO:trainer_layer:0.9520053863525391
INFO:trainer_layer:0.8683204650878906
INFO:trainer_layer:0.9443759918212891
INFO:trainer_layer:1.0495185852050781
INFO:trainer_layer:1.0762214660644531
INFO:trainer_layer:0.9565353393554688
INFO:trainer_layer:0.9412765502929688
INFO:trainer_layer:0.8671283721923828
INFO:trainer_layer:0.9737014770507812
INFO:trainer_layer:0.8766651153564453
INFO:trainer_layer:0.9572505950927734
INFO:trainer_layer:1.0673999786376953
INFO:trainer_layer:1.1374950408935547
INFO:trainer_layer:1.0232925415039062
INFO:trainer_layer:0.8780956268310547
INFO:trainer_layer:0.8609294891357422
INFO:trainer_layer:1.1911392211914062
INFO:trainer_layer:1.0395050048828125
INFO:trainer_layer:1.0006427764892578
INFO:trainer_layer:1.2340545654296875
INFO:trainer_layer:1.0509490966796875
INFO:trainer_layer:0.9744167327880859
INFO:trainer_layer:1.0995864868164062
INFO:trainer_layer:0.9925365447998047
INFO:trainer_layer:0.9679794311523438
INFO:trainer_layer:0.995635986328125
INFO:trainer_layer:0.9324550628662109
INFO:trainer_layer:0.9529590606689453
INFO:trainer_layer:1.003265380859375
INFO:trainer_layer:0.9279251098632812
INFO:trainer_layer:1.2226104736328125
INFO:trainer_layer:1.2507438659667969
INFO:trainer_layer:1.0416507720947266
INFO:trainer_layer:1.4367103576660156
INFO:trainer_layer:0.9753704071044922
INFO:trainer_layer:0.9968280792236328
INFO:trainer_layer:1.0061264038085938
INFO:trainer_layer:1.0058879852294922
INFO:trainer_layer:0.9782314300537109
INFO:trainer_layer:0.9531974792480469
INFO:trainer_layer:0.972747802734375
INFO:trainer_layer:1.1305809020996094
INFO:trainer_layer:0.942230224609375
INFO:trainer_layer:1.0380744934082031
INFO:trainer_layer:0.9717941284179688
INFO:trainer_layer:1.0831356048583984
INFO:trainer_layer:1.0383129119873047
INFO:trainer_layer:1.348733901977539
INFO:trainer_layer:1.1060237884521484
INFO:trainer_layer:0.9293556213378906
INFO:trainer_layer:0.9567737579345703
INFO:trainer_layer:0.9329319000244141
INFO:trainer_layer:0.8864402770996094
INFO:trainer_layer:0.8766651153564453
INFO:trainer_layer:0.9684562683105469
INFO:trainer_layer:1.504659652709961
INFO:trainer_layer:1.3175010681152344
INFO:trainer_layer:1.207590103149414
INFO:trainer_layer:1.0852813720703125
INFO:trainer_layer:1.1816024780273438
INFO:trainer_layer:0.9551048278808594
INFO:trainer_layer:1.251220703125
INFO:trainer_layer:1.50299072265625
INFO:trainer_layer:1.2128353118896484
INFO:trainer_layer:0.8802413940429688
INFO:trainer_layer:0.9751319885253906
INFO:trainer_layer:0.9717941284179688
INFO:trainer_layer:1.055002212524414
INFO:trainer_layer:0.9870529174804688
INFO:trainer_layer:1.390695571899414
INFO:trainer_layer:1.1508464813232422
INFO:trainer_layer:1.0221004486083984
INFO:trainer_layer:1.049041748046875
INFO:trainer_layer:1.1112689971923828
INFO:trainer_layer:1.0623931884765625
INFO:trainer_layer:0.9663105010986328
INFO:trainer_layer:1.1467933654785156
INFO:trainer_layer:0.9312629699707031
INFO:trainer_layer:0.988006591796875
INFO:trainer_layer:0.9374618530273438
INFO:trainer_layer:1.1899471282958984
INFO:trainer_layer:2.404451370239258
INFO:trainer_layer:1.4085769653320312
INFO:trainer_layer:1.4598369598388672
INFO:trainer_layer:2.089977264404297
INFO:trainer_layer:1.445770263671875
INFO:trainer_layer:1.466512680053711
INFO:trainer_layer:1.1909008026123047
INFO:trainer_layer:1.2288093566894531
INFO:trainer_layer:1.0836124420166016
INFO:trainer_layer:1.3966560363769531
INFO:trainer_layer:1.5668869018554688
INFO:trainer_layer:1.1141300201416016
INFO:trainer_layer:1.1277198791503906
INFO:trainer_layer:1.1985301971435547
INFO:trainer_layer:1.245737075805664
INFO:trainer_layer:1.6415119171142578
INFO:trainer_layer:1.3256072998046875
INFO:trainer_layer:0.9984970092773438
INFO:trainer_layer:0.8425712585449219
INFO:trainer_layer:0.9403228759765625
INFO:trainer_layer:0.9310245513916016
INFO:trainer_layer:0.9915828704833984
INFO:trainer_layer:1.8558502197265625
INFO:trainer_layer:1.9421577453613281
INFO:trainer_layer:1.0716915130615234
INFO:trainer_layer:0.95367431640625
INFO:trainer_layer:0.9069442749023438
INFO:trainer_layer:1.0204315185546875
INFO:trainer_layer:0.8258819580078125
INFO:trainer_layer:1.0752677917480469
INFO:trainer_layer:1.1162757873535156
INFO:trainer_layer:0.8654594421386719
INFO:trainer_layer:0.9644031524658203
INFO:trainer_layer:0.8211135864257812
INFO:trainer_layer:0.9524822235107422
INFO:trainer_layer:0.9565353393554688
INFO:trainer_layer:1.0120868682861328
INFO:trainer_layer:1.3606548309326172
INFO:trainer_layer:1.2676715850830078
INFO:trainer_layer:0.8935928344726562
INFO:trainer_layer:1.0514259338378906
INFO:trainer_layer:0.8959770202636719
INFO:trainer_layer:1.0654926300048828
INFO:trainer_layer:0.8976459503173828
INFO:trainer_layer:1.4297962188720703
INFO:trainer_layer:1.1970996856689453
INFO:trainer_layer:0.8890628814697266
INFO:trainer_layer:0.9081363677978516
INFO:trainer_layer:0.9465217590332031
INFO:trainer_layer:0.8988380432128906
INFO:trainer_layer:0.9615421295166016
INFO:trainer_layer:1.1119842529296875
INFO:trainer_layer:1.0371208190917969
INFO:trainer_layer:1.0001659393310547
INFO:trainer_layer:0.9572505950927734
INFO:trainer_layer:0.8907318115234375
INFO:trainer_layer:0.9164810180664062
INFO:trainer_layer:1.0223388671875
INFO:trainer_layer:0.9596347808837891
INFO:trainer_layer:1.1970996856689453
INFO:trainer_layer:1.2555122375488281
INFO:trainer_layer:0.8885860443115234
INFO:trainer_layer:0.9851455688476562
INFO:trainer_layer:1.146078109741211
INFO:trainer_layer:1.1279582977294922
INFO:trainer_layer:1.0814666748046875
INFO:trainer_layer:1.0521411895751953
INFO:trainer_layer:1.7709732055664062
INFO:trainer_layer:1.584768295288086
INFO:trainer_layer:1.0013580322265625
INFO:trainer_layer:1.0106563568115234
INFO:trainer_layer:1.0428428649902344
INFO:trainer_layer:1.0116100311279297
INFO:trainer_layer:1.1584758758544922
INFO:trainer_layer:1.0144710540771484
INFO:trainer_layer:0.9615421295166016
INFO:trainer_layer:1.9314289093017578
INFO:trainer_layer:1.8966197967529297
INFO:trainer_layer:1.3172626495361328
INFO:trainer_layer:1.071929931640625
INFO:trainer_layer:1.2624263763427734
INFO:trainer_layer:1.2311935424804688
INFO:trainer_layer:1.1703968048095703
INFO:trainer_layer:1.2133121490478516
INFO:trainer_layer:1.0366439819335938
INFO:trainer_layer:1.094818115234375
INFO:trainer_layer:2.002716064453125
INFO:trainer_layer:1.6124248504638672
INFO:trainer_layer:0.9639263153076172
INFO:trainer_layer:0.9279251098632812
INFO:trainer_layer:0.9777545928955078
INFO:trainer_layer:1.0306835174560547
INFO:trainer_layer:1.2102127075195312
INFO:trainer_layer:1.0821819305419922
INFO:trainer_layer:0.9706020355224609
INFO:trainer_layer:0.9288787841796875
INFO:trainer_layer:0.9579658508300781
INFO:trainer_layer:0.9951591491699219
INFO:trainer_layer:1.0824203491210938
INFO:trainer_layer:1.3794898986816406
INFO:trainer_layer:1.2292861938476562
INFO:trainer_layer:1.06048583984375
INFO:trainer_layer:0.9660720825195312
INFO:trainer_layer:1.1360645294189453
INFO:trainer_layer:1.0631084442138672
INFO:trainer_layer:0.9450912475585938
INFO:trainer_layer:1.1091232299804688
INFO:trainer_layer:1.474618911743164
INFO:trainer_layer:1.0304450988769531
INFO:trainer_layer:0.8833408355712891
INFO:trainer_layer:0.8785724639892578
INFO:trainer_layer:1.0828971862792969
INFO:trainer_layer:1.027822494506836
INFO:trainer_layer:0.9319782257080078
INFO:trainer_layer:1.0988712310791016
INFO:trainer_layer:0.9970664978027344
INFO:trainer_layer:0.9717941284179688
INFO:trainer_layer:0.9069442749023438
INFO:trainer_layer:1.0483264923095703
INFO:trainer_layer:0.9071826934814453
INFO:trainer_layer:1.0113716125488281
INFO:trainer_layer:1.3248920440673828
INFO:trainer_layer:1.3952255249023438
INFO:trainer_layer:0.888824462890625
INFO:trainer_layer:0.9522438049316406
INFO:trainer_layer:0.885009765625
INFO:trainer_layer:1.210927963256836
INFO:trainer_layer:0.934600830078125
INFO:trainer_layer:1.1239051818847656
INFO:trainer_layer:1.3315677642822266
INFO:trainer_layer:1.2717247009277344
INFO:trainer_layer:0.8776187896728516
INFO:trainer_layer:0.9696483612060547
INFO:trainer_layer:0.8623600006103516
INFO:trainer_layer:0.9436607360839844
INFO:trainer_layer:0.8728504180908203
INFO:trainer_layer:1.1396408081054688
INFO:trainer_layer:1.1832714080810547
INFO:trainer_layer:0.8974075317382812
INFO:trainer_layer:0.8664131164550781
INFO:trainer_layer:0.9496212005615234
INFO:trainer_layer:1.0898113250732422
INFO:trainer_layer:1.0209083557128906
INFO:trainer_layer:1.0495185852050781
INFO:trainer_layer:1.0852813720703125
INFO:trainer_layer:1.3115406036376953
INFO:trainer_layer:1.2524127960205078
INFO:trainer_layer:0.9844303131103516
INFO:trainer_layer:1.1029243469238281
INFO:trainer_layer:0.9520053863525391
INFO:trainer_layer:1.0344982147216797
INFO:trainer_layer:0.9169578552246094
INFO:trainer_layer:1.0428428649902344
INFO:trainer_layer:0.8544921875
INFO:trainer_layer:0.988006591796875
INFO:trainer_layer:0.8516311645507812
INFO:trainer_layer:1.0256767272949219
INFO:trainer_layer:0.9632110595703125
INFO:trainer_layer:0.9255409240722656
INFO:trainer_layer:0.9596347808837891
INFO:trainer_layer:0.8871555328369141
INFO:trainer_layer:0.8580684661865234
INFO:trainer_layer:0.8654594421386719
INFO:trainer_layer:0.946044921875
INFO:trainer_layer:0.9100437164306641
INFO:trainer_layer:0.8821487426757812
INFO:trainer_layer:0.8871555328369141
INFO:trainer_layer:1.2710094451904297
INFO:trainer_layer:1.0952949523925781
INFO:trainer_layer:0.8766651153564453
INFO:trainer_layer:0.8873939514160156
INFO:trainer_layer:0.8602142333984375
INFO:trainer_layer:1.0387897491455078
INFO:trainer_layer:0.8902549743652344
INFO:trainer_layer:1.3616085052490234
INFO:trainer_layer:1.1444091796875
INFO:trainer_layer:0.8800029754638672
INFO:trainer_layer:0.8873939514160156
INFO:trainer_layer:0.8528232574462891
INFO:trainer_layer:0.9090900421142578
INFO:trainer_layer:0.8397102355957031
INFO:trainer_layer:0.9377002716064453
INFO:trainer_layer:1.1010169982910156
INFO:trainer_layer:1.0290145874023438
INFO:trainer_layer:1.2602806091308594
INFO:trainer_layer:0.881195068359375
INFO:trainer_layer:0.8845329284667969
INFO:trainer_layer:0.8947849273681641
INFO:trainer_layer:0.9531974792480469
INFO:trainer_layer:1.3365745544433594
INFO:trainer_layer:1.5251636505126953
INFO:trainer_layer:1.699686050415039
INFO:trainer_layer:1.06048583984375
INFO:trainer_layer:1.0287761688232422
INFO:trainer_layer:0.8752346038818359
INFO:trainer_layer:0.9982585906982422
INFO:trainer_layer:0.9913444519042969
INFO:trainer_layer:1.1382102966308594
INFO:trainer_layer:1.3303756713867188
INFO:trainer_layer:1.2617111206054688
INFO:trainer_layer:1.2371540069580078
INFO:trainer_layer:1.3053417205810547
INFO:trainer_layer:1.2772083282470703
INFO:trainer_layer:1.4927387237548828
INFO:trainer_layer:0.9963512420654297
INFO:trainer_layer:0.8955001831054688
INFO:trainer_layer:0.9028911590576172
INFO:trainer_layer:0.8687973022460938
INFO:trainer_layer:1.0459423065185547
INFO:trainer_layer:0.8997917175292969
INFO:trainer_layer:1.0104179382324219
INFO:trainer_layer:1.3370513916015625
INFO:trainer_layer:1.4390945434570312
INFO:trainer_layer:1.314401626586914
INFO:trainer_layer:2.7718544006347656
INFO:trainer_layer:1.2538433074951172
INFO:trainer_layer:1.4548301696777344
INFO:trainer_layer:1.0523796081542969
INFO:trainer_layer:1.4171600341796875
INFO:trainer_layer:1.2154579162597656
INFO:trainer_layer:1.2547969818115234
INFO:trainer_layer:1.3058185577392578
INFO:trainer_layer:1.4641284942626953
INFO:trainer_layer:1.5120506286621094
INFO:trainer_layer:0.8294582366943359
INFO:trainer_layer:0.7874965667724609
INFO:trainer_layer:0.8263587951660156
INFO:trainer_layer:0.7607936859130859
INFO:trainer_layer:0.7867813110351562
INFO:trainer_layer:0.7922649383544922
INFO:trainer_layer:0.8747577667236328
INFO:trainer_layer:0.8623600006103516
INFO:trainer_layer:1.020669937133789
INFO:trainer_layer:1.0476112365722656
INFO:trainer_layer:0.8199214935302734
INFO:trainer_layer:0.7581710815429688
INFO:trainer_layer:0.8394718170166016
INFO:trainer_layer:0.8885860443115234
INFO:trainer_layer:1.3055801391601562
INFO:trainer_layer:1.750946044921875
INFO:trainer_layer:0.9872913360595703
INFO:trainer_layer:0.7922649383544922
INFO:trainer_layer:0.7805824279785156
INFO:trainer_layer:0.7622241973876953
INFO:trainer_layer:0.8134841918945312
INFO:trainer_layer:0.8728504180908203
INFO:trainer_layer:0.8580684661865234
INFO:trainer_layer:0.8707046508789062
INFO:trainer_layer:1.0085105895996094
INFO:trainer_layer:1.070261001586914
INFO:trainer_layer:0.8654594421386719
INFO:trainer_layer:0.7867813110351562
INFO:trainer_layer:0.9491443634033203
INFO:trainer_layer:0.8997917175292969
INFO:trainer_layer:0.9338855743408203
INFO:trainer_layer:1.108407974243164
INFO:trainer_layer:0.9233951568603516
INFO:trainer_layer:0.9582042694091797
INFO:trainer_layer:0.8518695831298828
INFO:trainer_layer:0.7798671722412109
INFO:trainer_layer:1.1391639709472656
INFO:trainer_layer:1.0046958923339844
INFO:trainer_layer:0.9677410125732422
INFO:trainer_layer:0.9899139404296875
INFO:trainer_layer:1.2900829315185547
INFO:trainer_layer:0.8709430694580078
INFO:trainer_layer:0.8847713470458984
INFO:trainer_layer:0.8041858673095703
INFO:trainer_layer:0.9286403656005859
INFO:trainer_layer:0.9160041809082031
INFO:trainer_layer:1.0936260223388672
INFO:trainer_layer:1.2049674987792969
INFO:trainer_layer:1.035451889038086
INFO:trainer_layer:1.5473365783691406
INFO:trainer_layer:0.8602142333984375
INFO:trainer_layer:0.8637905120849609
INFO:trainer_layer:1.2004375457763672
INFO:trainer_layer:1.0323524475097656
INFO:trainer_layer:1.2557506561279297
INFO:trainer_layer:1.1653900146484375
INFO:trainer_layer:1.1522769927978516
INFO:trainer_layer:1.0280609130859375
INFO:trainer_layer:1.0941028594970703
INFO:trainer_layer:1.003265380859375
INFO:trainer_layer:0.9906291961669922
INFO:trainer_layer:0.9860992431640625
INFO:trainer_layer:1.336812973022461
INFO:trainer_layer:1.262664794921875
INFO:trainer_layer:1.4805793762207031
INFO:trainer_layer:1.657247543334961
INFO:trainer_layer:1.1599063873291016
INFO:trainer_layer:1.1935234069824219
INFO:trainer_layer:1.1467933654785156
INFO:trainer_layer:0.9875297546386719
INFO:trainer_layer:1.0404586791992188
INFO:trainer_layer:0.8034706115722656
INFO:trainer_layer:1.1954307556152344
INFO:trainer_layer:1.6291141510009766
INFO:trainer_layer:1.940011978149414
INFO:trainer_layer:1.2326240539550781
INFO:trainer_layer:0.9434223175048828
INFO:trainer_layer:0.8416175842285156
INFO:trainer_layer:0.9648799896240234
INFO:trainer_layer:0.9915828704833984
INFO:trainer_layer:1.1179447174072266
INFO:trainer_layer:1.0581016540527344
INFO:trainer_layer:1.0559558868408203
INFO:trainer_layer:1.0876655578613281
INFO:trainer_layer:1.0449886322021484
INFO:trainer_layer:0.9322166442871094
INFO:trainer_layer:1.0480880737304688
INFO:trainer_layer:1.0592937469482422
INFO:trainer_layer:1.073598861694336
INFO:trainer_layer:1.142263412475586
INFO:trainer_layer:1.1632442474365234
INFO:trainer_layer:1.552581787109375
INFO:trainer_layer:1.8124580383300781
INFO:trainer_layer:1.0306835174560547
INFO:trainer_layer:1.0128021240234375
INFO:trainer_layer:1.2998580932617188
INFO:trainer_layer:1.0886192321777344
INFO:trainer_layer:1.0876655578613281
INFO:trainer_layer:1.035451889038086
INFO:trainer_layer:1.0857582092285156
INFO:trainer_layer:1.0044574737548828
INFO:trainer_layer:1.220703125
INFO:trainer_layer:1.0640621185302734
INFO:trainer_layer:1.535177230834961
INFO:trainer_layer:1.3599395751953125
INFO:trainer_layer:1.2392997741699219
INFO:trainer_layer:1.2919902801513672
INFO:trainer_layer:1.1241436004638672
INFO:trainer_layer:1.346588134765625
INFO:trainer_layer:1.0478496551513672
INFO:trainer_layer:1.271963119506836
INFO:trainer_layer:1.2502670288085938
INFO:trainer_layer:1.1713504791259766
INFO:trainer_layer:1.2402534484863281
INFO:trainer_layer:1.2514591217041016
INFO:trainer_layer:1.0035037994384766
INFO:trainer_layer:1.0280609130859375
INFO:trainer_layer:1.0449886322021484
INFO:trainer_layer:1.0569095611572266
INFO:trainer_layer:1.123666763305664
INFO:trainer_layer:1.1570453643798828
INFO:trainer_layer:1.0991096496582031
INFO:trainer_layer:0.9660720825195312
INFO:trainer_layer:1.0035037994384766
INFO:trainer_layer:1.329660415649414
INFO:trainer_layer:0.9317398071289062
INFO:trainer_layer:1.0929107666015625
INFO:trainer_layer:0.9329319000244141
INFO:trainer_layer:1.2063980102539062
INFO:trainer_layer:1.2447834014892578
INFO:trainer_layer:1.4009475708007812
INFO:trainer_layer:1.0974407196044922
INFO:trainer_layer:1.0635852813720703
INFO:trainer_layer:1.0666847229003906
INFO:trainer_layer:1.013040542602539
INFO:trainer_layer:0.9672641754150391
INFO:trainer_layer:1.1096000671386719
INFO:trainer_layer:1.1167526245117188
INFO:trainer_layer:1.0869503021240234
INFO:trainer_layer:0.8814334869384766
INFO:trainer_layer:1.0845661163330078
INFO:trainer_layer:1.8887519836425781
INFO:trainer_layer:1.7249584197998047
INFO:trainer_layer:1.445770263671875
INFO:trainer_layer:1.1286735534667969
INFO:trainer_layer:1.0995864868164062
INFO:trainer_layer:0.9644031524658203
INFO:trainer_layer:1.1081695556640625
INFO:trainer_layer:2.22015380859375
INFO:trainer_layer:1.3365745544433594
INFO:trainer_layer:1.2624263763427734
INFO:trainer_layer:1.402139663696289
INFO:trainer_layer:1.6379356384277344
INFO:trainer_layer:1.5032291412353516
INFO:trainer_layer:1.3158321380615234
INFO:trainer_layer:1.302480697631836
INFO:trainer_layer:1.0592937469482422
INFO:trainer_layer:1.1608600616455078
INFO:trainer_layer:1.2984275817871094
INFO:trainer_layer:1.055002212524414
INFO:trainer_layer:1.0061264038085938
INFO:trainer_layer:1.1696815490722656
INFO:trainer_layer:1.2569427490234375
INFO:trainer_layer:1.4505386352539062
INFO:trainer_layer:1.5790462493896484
INFO:trainer_layer:1.3017654418945312
INFO:trainer_layer:1.5873908996582031
INFO:trainer_layer:1.3625621795654297
INFO:trainer_layer:1.2798309326171875
INFO:trainer_layer:1.2593269348144531
INFO:trainer_layer:1.2879371643066406
INFO:trainer_layer:1.219034194946289
INFO:trainer_layer:1.2466907501220703
INFO:trainer_layer:1.251220703125
INFO:trainer_layer:1.1775493621826172
INFO:trainer_layer:1.3473033905029297
INFO:trainer_layer:1.5740394592285156
INFO:trainer_layer:1.2767314910888672
INFO:trainer_layer:1.2745857238769531
INFO:trainer_layer:1.3086795806884766
INFO:trainer_layer:1.1320114135742188
INFO:trainer_layer:1.3005733489990234
INFO:trainer_layer:1.546621322631836
INFO:trainer_layer:1.3031959533691406
INFO:trainer_layer:1.2829303741455078
INFO:trainer_layer:1.1248588562011719
INFO:trainer_layer:1.0616779327392578
INFO:trainer_layer:1.0247230529785156
INFO:trainer_layer:1.1377334594726562
INFO:trainer_layer:1.2788772583007812
INFO:trainer_layer:1.0256767272949219
INFO:trainer_layer:1.0063648223876953
INFO:trainer_layer:0.9191036224365234
INFO:trainer_layer:0.9591579437255859
INFO:trainer_layer:0.9090900421142578
INFO:trainer_layer:1.1789798736572266
INFO:trainer_layer:0.9465217590332031
INFO:trainer_layer:1.0991096496582031
INFO:trainer_layer:0.9617805480957031
INFO:trainer_layer:1.0063648223876953
INFO:trainer_layer:0.9896755218505859
INFO:trainer_layer:1.0247230529785156
INFO:trainer_layer:0.9355545043945312
INFO:trainer_layer:1.0831356048583984
INFO:trainer_layer:0.9596347808837891
INFO:trainer_layer:0.9927749633789062
INFO:trainer_layer:0.9500980377197266
INFO:trainer_layer:1.0616779327392578
INFO:trainer_layer:0.93841552734375
INFO:trainer_layer:1.0442733764648438
INFO:trainer_layer:0.9572505950927734
INFO:trainer_layer:0.9331703186035156
INFO:trainer_layer:1.0073184967041016
INFO:trainer_layer:1.0783672332763672
INFO:trainer_layer:0.9427070617675781
INFO:trainer_layer:1.0945796966552734
INFO:trainer_layer:0.8678436279296875
INFO:trainer_layer:1.043558120727539
INFO:trainer_layer:0.8950233459472656
INFO:trainer_layer:1.8448829650878906
INFO:trainer_layer:1.5168190002441406
INFO:trainer_layer:1.5997886657714844
INFO:trainer_layer:0.8866786956787109
INFO:trainer_layer:0.9772777557373047
INFO:trainer_layer:0.9784698486328125
INFO:trainer_layer:1.0776519775390625
INFO:trainer_layer:0.95367431640625
INFO:trainer_layer:1.21307373046875
INFO:trainer_layer:0.9286403656005859
INFO:trainer_layer:1.0309219360351562
INFO:trainer_layer:0.9660720825195312
INFO:trainer_layer:0.9891986846923828
INFO:trainer_layer:0.919342041015625
INFO:trainer_layer:1.0569095611572266
INFO:trainer_layer:0.9684562683105469
INFO:trainer_layer:0.9813308715820312
INFO:trainer_layer:0.9140968322753906
INFO:trainer_layer:1.0459423065185547
INFO:trainer_layer:1.0192394256591797
INFO:trainer_layer:0.9932518005371094
INFO:trainer_layer:0.9915828704833984
INFO:trainer_layer:1.0366439819335938
INFO:trainer_layer:1.2812614440917969
INFO:trainer_layer:1.1067390441894531
INFO:trainer_layer:0.9038448333740234
INFO:trainer_layer:1.1370182037353516
INFO:trainer_layer:0.9615421295166016
INFO:trainer_layer:1.1196136474609375
INFO:trainer_layer:1.0943412780761719
INFO:trainer_layer:1.302480697631836
INFO:trainer_layer:0.9472370147705078
INFO:trainer_layer:1.0530948638916016
INFO:trainer_layer:1.0607242584228516
INFO:trainer_layer:1.0602474212646484
INFO:trainer_layer:0.9965896606445312
INFO:trainer_layer:1.1146068572998047
INFO:trainer_layer:0.9450912475585938
INFO:trainer_layer:1.0242462158203125
INFO:trainer_layer:0.92315673828125
INFO:trainer_layer:1.0395050048828125
INFO:trainer_layer:0.8547306060791016
INFO:trainer_layer:1.0428428649902344
INFO:trainer_layer:1.0800361633300781
INFO:trainer_layer:1.2142658233642578
INFO:trainer_layer:1.1851787567138672
INFO:trainer_layer:1.2433528900146484
INFO:trainer_layer:1.2183189392089844
INFO:trainer_layer:1.1074542999267578
INFO:trainer_layer:1.2357234954833984
INFO:trainer_layer:1.0769367218017578
INFO:trainer_layer:1.5583038330078125
INFO:trainer_layer:1.3470649719238281
INFO:trainer_layer:1.3325214385986328
INFO:trainer_layer:1.1458396911621094
INFO:trainer_layer:1.3470649719238281
INFO:trainer_layer:2.374410629272461
INFO:trainer_layer:1.4255046844482422
INFO:trainer_layer:1.3082027435302734
INFO:trainer_layer:1.2340545654296875
INFO:trainer_layer:1.295328140258789
INFO:trainer_layer:1.0788440704345703
INFO:trainer_layer:1.0423660278320312
INFO:trainer_layer:1.1000633239746094
INFO:trainer_layer:0.9248256683349609
INFO:trainer_layer:0.9701251983642578
INFO:trainer_layer:0.9605884552001953
INFO:trainer_layer:1.2156963348388672
INFO:trainer_layer:1.2824535369873047
INFO:trainer_layer:1.1758804321289062
INFO:trainer_layer:1.312255859375
INFO:trainer_layer:0.9424686431884766
INFO:trainer_layer:0.9455680847167969
INFO:trainer_layer:0.9732246398925781
INFO:trainer_layer:0.9284019470214844
INFO:trainer_layer:0.9429454803466797
INFO:trainer_layer:0.8840560913085938
INFO:trainer_layer:0.9415149688720703
INFO:trainer_layer:0.9171962738037109
INFO:trainer_layer:0.8997917175292969
INFO:trainer_layer:0.911712646484375
INFO:trainer_layer:0.93841552734375
INFO:trainer_layer:1.058816909790039
INFO:trainer_layer:0.8873939514160156
INFO:trainer_layer:1.1146068572998047
INFO:trainer_layer:1.4393329620361328
INFO:trainer_layer:0.9601116180419922
INFO:trainer_layer:1.010894775390625
INFO:trainer_layer:0.9331703186035156
INFO:trainer_layer:0.9605884552001953
INFO:trainer_layer:1.0676383972167969
INFO:trainer_layer:1.5990734100341797
INFO:trainer_layer:1.4693737030029297
INFO:trainer_layer:1.3148784637451172
INFO:trainer_layer:1.2423992156982422
INFO:trainer_layer:1.2607574462890625
INFO:trainer_layer:1.3844966888427734
INFO:trainer_layer:1.4255046844482422
INFO:trainer_layer:1.4181137084960938
INFO:trainer_layer:1.2867450714111328
INFO:trainer_layer:1.2454986572265625
INFO:trainer_layer:1.3058185577392578
INFO:trainer_layer:1.3849735260009766
INFO:trainer_layer:1.4526844024658203
INFO:trainer_layer:1.4414787292480469
INFO:trainer_layer:1.2540817260742188
INFO:trainer_layer:1.3017654418945312
INFO:trainer_layer:1.3875961303710938
INFO:trainer_layer:1.3742446899414062
INFO:trainer_layer:1.421213150024414
INFO:trainer_layer:1.068115234375
INFO:trainer_layer:0.9577274322509766
INFO:trainer_layer:0.8990764617919922
INFO:trainer_layer:1.562356948852539
INFO:trainer_layer:1.6505718231201172
INFO:trainer_layer:1.7027854919433594
INFO:trainer_layer:0.904083251953125
INFO:trainer_layer:0.9849071502685547
INFO:trainer_layer:0.8399486541748047
INFO:trainer_layer:0.9996891021728516
INFO:trainer_layer:0.9217262268066406
INFO:trainer_layer:1.0302066802978516
INFO:trainer_layer:1.0216236114501953
INFO:trainer_layer:1.283407211303711
INFO:trainer_layer:1.2633800506591797
INFO:trainer_layer:1.1637210845947266
INFO:trainer_layer:1.1653900146484375
INFO:trainer_layer:1.1475086212158203
INFO:trainer_layer:1.203775405883789
INFO:trainer_layer:1.1363029479980469
INFO:trainer_layer:1.0688304901123047
INFO:trainer_layer:1.100301742553711
INFO:trainer_layer:0.9453296661376953
INFO:trainer_layer:0.9913444519042969
INFO:trainer_layer:1.0199546813964844
INFO:trainer_layer:0.9641647338867188
INFO:trainer_layer:1.0557174682617188
INFO:trainer_layer:1.2035369873046875
INFO:trainer_layer:1.1434555053710938
INFO:trainer_layer:0.9715557098388672
INFO:trainer_layer:0.8857250213623047
INFO:trainer_layer:0.9546279907226562
INFO:trainer_layer:0.8780956268310547
INFO:trainer_layer:1.0340213775634766
INFO:trainer_layer:0.9925365447998047
INFO:trainer_layer:1.1489391326904297
INFO:trainer_layer:1.1279582977294922
INFO:trainer_layer:0.9546279907226562
INFO:trainer_layer:0.8609294891357422
INFO:trainer_layer:0.9608268737792969
INFO:trainer_layer:0.8609294891357422
INFO:trainer_layer:1.0173320770263672
INFO:trainer_layer:1.0318756103515625
INFO:trainer_layer:0.9207725524902344
INFO:trainer_layer:1.0678768157958984
INFO:trainer_layer:1.0287761688232422
INFO:trainer_layer:0.8604526519775391
INFO:trainer_layer:0.9665489196777344
INFO:trainer_layer:0.8816719055175781
INFO:trainer_layer:1.1529922485351562
INFO:trainer_layer:1.018524169921875
INFO:trainer_layer:1.1668205261230469
INFO:trainer_layer:0.8893013000488281
INFO:trainer_layer:0.9791851043701172
INFO:trainer_layer:0.8995532989501953
INFO:trainer_layer:0.9038448333740234
INFO:trainer_layer:0.9925365447998047
INFO:trainer_layer:1.264810562133789
INFO:trainer_layer:1.1897087097167969
INFO:trainer_layer:1.3163089752197266
INFO:trainer_layer:0.8983612060546875
INFO:trainer_layer:0.904083251953125
INFO:trainer_layer:1.1086463928222656
INFO:trainer_layer:1.1315345764160156
INFO:trainer_layer:1.1401176452636719
INFO:trainer_layer:1.4348030090332031
INFO:trainer_layer:1.1074542999267578
INFO:trainer_layer:0.9438991546630859
INFO:trainer_layer:1.5041828155517578
INFO:trainer_layer:1.5232563018798828
INFO:trainer_layer:0.9093284606933594
INFO:trainer_layer:1.1887550354003906
INFO:trainer_layer:1.1951923370361328
INFO:trainer_layer:0.9026527404785156
INFO:trainer_layer:0.9000301361083984
INFO:trainer_layer:0.8864402770996094
INFO:trainer_layer:0.9341239929199219
INFO:trainer_layer:1.020669937133789
INFO:trainer_layer:1.0907649993896484
INFO:trainer_layer:0.9312629699707031
INFO:trainer_layer:1.74713134765625
INFO:trainer_layer:1.0991096496582031
INFO:trainer_layer:0.8921623229980469
INFO:trainer_layer:0.9448528289794922
INFO:trainer_layer:0.8432865142822266
INFO:trainer_layer:1.218557357788086
INFO:trainer_layer:1.1301040649414062
INFO:trainer_layer:1.1610984802246094
INFO:trainer_layer:1.3508796691894531
INFO:trainer_layer:0.8933544158935547
INFO:trainer_layer:1.255035400390625
INFO:trainer_layer:1.0657310485839844
INFO:trainer_layer:1.0979175567626953
INFO:trainer_layer:1.9066333770751953
INFO:trainer_layer:1.6412734985351562
INFO:trainer_layer:1.6207695007324219
INFO:trainer_layer:1.646280288696289
INFO:trainer_layer:0.9362697601318359
INFO:trainer_layer:1.155853271484375
INFO:trainer_layer:1.116037368774414
INFO:trainer_layer:0.9708404541015625
INFO:trainer_layer:1.0156631469726562
INFO:trainer_layer:0.9047985076904297
INFO:trainer_layer:1.031637191772461
INFO:trainer_layer:0.9102821350097656
INFO:trainer_layer:1.066446304321289
INFO:trainer_layer:1.1515617370605469
INFO:trainer_layer:0.9839534759521484
INFO:trainer_layer:0.9284019470214844
INFO:trainer_layer:1.0938644409179688
INFO:trainer_layer:0.9119510650634766
INFO:trainer_layer:0.8459091186523438
INFO:trainer_layer:0.9822845458984375
INFO:trainer_layer:2.2783279418945312
INFO:trainer_layer:1.012563705444336
INFO:trainer_layer:0.9005069732666016
INFO:trainer_layer:0.8780956268310547
INFO:trainer_layer:0.8876323699951172
INFO:trainer_layer:0.858306884765625
INFO:trainer_layer:0.9241104125976562
INFO:trainer_layer:0.8873939514160156
INFO:trainer_layer:0.9679794311523438
INFO:trainer_layer:1.0292530059814453
INFO:trainer_layer:0.820159912109375
INFO:trainer_layer:1.4107227325439453
INFO:trainer_layer:1.4066696166992188
INFO:trainer_layer:1.3742446899414062
INFO:trainer_layer:0.9036064147949219
