INFO:trainer_layer:FFT_CNNEx | mnist
INFO:trainer_layer:in_size : 64 | epochs : 1 | batch : 1
INFO:trainer_layer:kernel_l1 : 33 | 
INFO:trainer_layer:o_channels_l1 : 20 | 
INFO:trainer_layer::::::::::::::::::::::::::::::::::::::::::::::::::::::::::::
INFO:trainer_layer:message : fft_conv2 
INFO:trainer_layer::::::::::::::::::::::::::::::::::::::::::::::::::::::::::::
INFO:trainer_layer:Ave_Time : 1.1365768909454346
INFO:trainer_layer::::::::::::::::::::::::::::::::::::::::::::::::::::::::::::
INFO:trainer_layer:1.176595687866211
INFO:trainer_layer:0.9682178497314453
INFO:trainer_layer:1.0380744934082031
INFO:trainer_layer:1.0390281677246094
INFO:trainer_layer:1.7228126525878906
INFO:trainer_layer:1.2497901916503906
INFO:trainer_layer:1.1141300201416016
INFO:trainer_layer:0.9398460388183594
INFO:trainer_layer:0.9901523590087891
INFO:trainer_layer:1.1723041534423828
INFO:trainer_layer:1.2607574462890625
INFO:trainer_layer:1.0302066802978516
INFO:trainer_layer:0.9667873382568359
INFO:trainer_layer:1.4293193817138672
INFO:trainer_layer:1.300811767578125
INFO:trainer_layer:2.094268798828125
INFO:trainer_layer:1.926422119140625
INFO:trainer_layer:0.9953975677490234
INFO:trainer_layer:1.0159015655517578
INFO:trainer_layer:0.8842945098876953
INFO:trainer_layer:1.2791156768798828
INFO:trainer_layer:0.9009838104248047
INFO:trainer_layer:1.2993812561035156
INFO:trainer_layer:1.262664794921875
INFO:trainer_layer:1.0159015655517578
INFO:trainer_layer:0.9465217590332031
INFO:trainer_layer:0.8895397186279297
INFO:trainer_layer:0.8993148803710938
INFO:trainer_layer:1.9359588623046875
INFO:trainer_layer:1.8870830535888672
INFO:trainer_layer:1.4717578887939453
INFO:trainer_layer:1.5325546264648438
INFO:trainer_layer:1.8954277038574219
INFO:trainer_layer:1.0921955108642578
INFO:trainer_layer:0.9129047393798828
INFO:trainer_layer:1.0995864868164062
INFO:trainer_layer:1.0385513305664062
INFO:trainer_layer:0.9751319885253906
INFO:trainer_layer:0.8604526519775391
INFO:trainer_layer:1.3353824615478516
INFO:trainer_layer:1.8663406372070312
INFO:trainer_layer:1.7104148864746094
INFO:trainer_layer:1.6131401062011719
INFO:trainer_layer:1.6646385192871094
INFO:trainer_layer:0.9551048278808594
INFO:trainer_layer:0.9748935699462891
INFO:trainer_layer:1.3012886047363281
INFO:trainer_layer:1.4944076538085938
INFO:trainer_layer:1.1217594146728516
INFO:trainer_layer:1.2269020080566406
INFO:trainer_layer:1.2736320495605469
INFO:trainer_layer:1.1548995971679688
INFO:trainer_layer:1.3196468353271484
INFO:trainer_layer:1.3422966003417969
INFO:trainer_layer:1.051187515258789
INFO:trainer_layer:1.2748241424560547
INFO:trainer_layer:1.2066364288330078
INFO:trainer_layer:1.1930465698242188
INFO:trainer_layer:1.0514259338378906
INFO:trainer_layer:0.9765625
INFO:trainer_layer:1.0952949523925781
INFO:trainer_layer:0.9665489196777344
INFO:trainer_layer:0.9248256683349609
INFO:trainer_layer:0.9095668792724609
INFO:trainer_layer:1.0750293731689453
INFO:trainer_layer:1.1801719665527344
INFO:trainer_layer:2.350330352783203
INFO:trainer_layer:2.192974090576172
INFO:trainer_layer:1.142740249633789
INFO:trainer_layer:1.3132095336914062
INFO:trainer_layer:1.0879039764404297
INFO:trainer_layer:1.2557506561279297
INFO:trainer_layer:1.2946128845214844
INFO:trainer_layer:1.352071762084961
INFO:trainer_layer:1.1153221130371094
INFO:trainer_layer:1.3585090637207031
INFO:trainer_layer:1.049041748046875
INFO:trainer_layer:1.0342597961425781
INFO:trainer_layer:1.3954639434814453
INFO:trainer_layer:1.1801719665527344
INFO:trainer_layer:1.1265277862548828
INFO:trainer_layer:1.2996196746826172
INFO:trainer_layer:1.0051727294921875
INFO:trainer_layer:1.4901161193847656
INFO:trainer_layer:1.3544559478759766
INFO:trainer_layer:1.8355846405029297
INFO:trainer_layer:1.524209976196289
INFO:trainer_layer:1.928567886352539
INFO:trainer_layer:1.7316341400146484
INFO:trainer_layer:1.0654926300048828
INFO:trainer_layer:1.0933876037597656
INFO:trainer_layer:1.249074935913086
INFO:trainer_layer:1.1086463928222656
INFO:trainer_layer:1.3477802276611328
INFO:trainer_layer:1.0554790496826172
INFO:trainer_layer:1.0480880737304688
INFO:trainer_layer:1.3453960418701172
INFO:trainer_layer:1.0635852813720703
INFO:trainer_layer:1.032114028930664
INFO:trainer_layer:1.024484634399414
INFO:trainer_layer:1.2273788452148438
INFO:trainer_layer:1.0559558868408203
INFO:trainer_layer:0.9772777557373047
INFO:trainer_layer:0.9682178497314453
INFO:trainer_layer:1.004934310913086
INFO:trainer_layer:0.9500980377197266
INFO:trainer_layer:1.031637191772461
INFO:trainer_layer:1.0528564453125
INFO:trainer_layer:1.0187625885009766
INFO:trainer_layer:1.276254653930664
INFO:trainer_layer:1.6827583312988281
INFO:trainer_layer:1.0991096496582031
INFO:trainer_layer:0.9963512420654297
INFO:trainer_layer:0.8709430694580078
INFO:trainer_layer:1.2178421020507812
INFO:trainer_layer:1.0137557983398438
INFO:trainer_layer:1.0290145874023438
INFO:trainer_layer:1.0890960693359375
INFO:trainer_layer:0.9918212890625
INFO:trainer_layer:0.9753704071044922
INFO:trainer_layer:0.9510517120361328
INFO:trainer_layer:1.0018348693847656
INFO:trainer_layer:1.081228256225586
INFO:trainer_layer:0.9245872497558594
INFO:trainer_layer:0.8816719055175781
INFO:trainer_layer:1.1429786682128906
INFO:trainer_layer:0.9708404541015625
INFO:trainer_layer:0.9701251983642578
INFO:trainer_layer:1.0154247283935547
INFO:trainer_layer:1.3217926025390625
INFO:trainer_layer:0.9653568267822266
INFO:trainer_layer:1.2717247009277344
INFO:trainer_layer:1.432180404663086
INFO:trainer_layer:1.3632774353027344
INFO:trainer_layer:1.2943744659423828
INFO:trainer_layer:1.4171600341796875
INFO:trainer_layer:1.3699531555175781
INFO:trainer_layer:1.3551712036132812
INFO:trainer_layer:1.2853145599365234
INFO:trainer_layer:1.4128684997558594
INFO:trainer_layer:1.1413097381591797
INFO:trainer_layer:1.0585784912109375
INFO:trainer_layer:1.1417865753173828
INFO:trainer_layer:1.0807514190673828
INFO:trainer_layer:1.3818740844726562
INFO:trainer_layer:1.1739730834960938
INFO:trainer_layer:1.2400150299072266
INFO:trainer_layer:1.5230178833007812
INFO:trainer_layer:1.0037422180175781
INFO:trainer_layer:0.9634494781494141
INFO:trainer_layer:0.8761882781982422
INFO:trainer_layer:1.0340213775634766
INFO:trainer_layer:0.9884834289550781
INFO:trainer_layer:1.0769367218017578
INFO:trainer_layer:1.3623237609863281
INFO:trainer_layer:1.0900497436523438
INFO:trainer_layer:0.965118408203125
INFO:trainer_layer:0.9684562683105469
INFO:trainer_layer:0.888824462890625
INFO:trainer_layer:1.653432846069336
INFO:trainer_layer:1.0731220245361328
INFO:trainer_layer:1.2242794036865234
INFO:trainer_layer:1.1115074157714844
INFO:trainer_layer:0.9849071502685547
INFO:trainer_layer:0.9279251098632812
INFO:trainer_layer:0.8852481842041016
INFO:trainer_layer:0.8425712585449219
INFO:trainer_layer:0.9584426879882812
INFO:trainer_layer:1.4641284942626953
INFO:trainer_layer:1.0936260223388672
INFO:trainer_layer:1.1768341064453125
INFO:trainer_layer:1.1835098266601562
INFO:trainer_layer:1.3141632080078125
INFO:trainer_layer:0.8633136749267578
INFO:trainer_layer:1.2459754943847656
INFO:trainer_layer:1.3010501861572266
INFO:trainer_layer:1.1458396911621094
INFO:trainer_layer:0.9434223175048828
INFO:trainer_layer:0.8797645568847656
INFO:trainer_layer:0.8003711700439453
INFO:trainer_layer:0.8711814880371094
INFO:trainer_layer:0.9310245513916016
INFO:trainer_layer:0.9233951568603516
INFO:trainer_layer:0.8809566497802734
INFO:trainer_layer:0.9047985076904297
INFO:trainer_layer:0.8997917175292969
INFO:trainer_layer:0.9267330169677734
INFO:trainer_layer:0.8063316345214844
INFO:trainer_layer:0.8311271667480469
INFO:trainer_layer:0.8685588836669922
INFO:trainer_layer:0.865936279296875
INFO:trainer_layer:1.125335693359375
INFO:trainer_layer:1.2700557708740234
INFO:trainer_layer:0.9531974792480469
INFO:trainer_layer:1.9152164459228516
INFO:trainer_layer:0.8368492126464844
INFO:trainer_layer:0.9791851043701172
INFO:trainer_layer:1.6112327575683594
INFO:trainer_layer:1.1844635009765625
INFO:trainer_layer:1.3713836669921875
INFO:trainer_layer:1.30462646484375
INFO:trainer_layer:1.3048648834228516
INFO:trainer_layer:1.3151168823242188
INFO:trainer_layer:1.3089179992675781
INFO:trainer_layer:1.2843608856201172
INFO:trainer_layer:1.1870861053466797
INFO:trainer_layer:1.3468265533447266
INFO:trainer_layer:1.409292221069336
INFO:trainer_layer:1.1584758758544922
INFO:trainer_layer:1.607656478881836
INFO:trainer_layer:1.8012523651123047
INFO:trainer_layer:1.4510154724121094
INFO:trainer_layer:0.9469985961914062
INFO:trainer_layer:0.9508132934570312
INFO:trainer_layer:0.9222030639648438
INFO:trainer_layer:0.9293556213378906
INFO:trainer_layer:0.8575916290283203
INFO:trainer_layer:0.942230224609375
INFO:trainer_layer:1.53350830078125
INFO:trainer_layer:0.9665489196777344
INFO:trainer_layer:1.270294189453125
INFO:trainer_layer:1.150369644165039
INFO:trainer_layer:1.2135505676269531
INFO:trainer_layer:1.1355876922607422
INFO:trainer_layer:1.1138916015625
INFO:trainer_layer:1.062631607055664
INFO:trainer_layer:1.7518997192382812
INFO:trainer_layer:1.5234947204589844
INFO:trainer_layer:1.4986991882324219
INFO:trainer_layer:1.2104511260986328
INFO:trainer_layer:1.4472007751464844
INFO:trainer_layer:1.0449886322021484
INFO:trainer_layer:1.04522705078125
INFO:trainer_layer:0.9684562683105469
INFO:trainer_layer:0.9272098541259766
INFO:trainer_layer:0.9758472442626953
INFO:trainer_layer:0.9520053863525391
INFO:trainer_layer:1.0056495666503906
INFO:trainer_layer:1.3337135314941406
INFO:trainer_layer:0.9684562683105469
INFO:trainer_layer:0.9751319885253906
INFO:trainer_layer:0.9593963623046875
INFO:trainer_layer:0.9565353393554688
INFO:trainer_layer:1.005411148071289
INFO:trainer_layer:1.216888427734375
INFO:trainer_layer:1.3141632080078125
INFO:trainer_layer:1.2845993041992188
INFO:trainer_layer:1.1894702911376953
INFO:trainer_layer:1.0950565338134766
INFO:trainer_layer:1.1074542999267578
INFO:trainer_layer:0.9217262268066406
INFO:trainer_layer:1.4271736145019531
INFO:trainer_layer:1.2784004211425781
INFO:trainer_layer:1.087188720703125
INFO:trainer_layer:1.1806488037109375
INFO:trainer_layer:1.110076904296875
INFO:trainer_layer:0.9748935699462891
INFO:trainer_layer:1.010894775390625
INFO:trainer_layer:1.0683536529541016
INFO:trainer_layer:1.3017654418945312
INFO:trainer_layer:0.9477138519287109
INFO:trainer_layer:0.9164810180664062
INFO:trainer_layer:0.8676052093505859
INFO:trainer_layer:0.9210109710693359
INFO:trainer_layer:0.9813308715820312
INFO:trainer_layer:1.1336803436279297
INFO:trainer_layer:1.069784164428711
INFO:trainer_layer:1.207590103149414
INFO:trainer_layer:0.9977817535400391
INFO:trainer_layer:0.8997917175292969
INFO:trainer_layer:0.8733272552490234
INFO:trainer_layer:0.91552734375
INFO:trainer_layer:0.9129047393798828
INFO:trainer_layer:0.8275508880615234
INFO:trainer_layer:1.0104179382324219
INFO:trainer_layer:1.0986328125
INFO:trainer_layer:1.0917186737060547
INFO:trainer_layer:0.8966922760009766
INFO:trainer_layer:0.9965896606445312
INFO:trainer_layer:0.9515285491943359
INFO:trainer_layer:1.0132789611816406
INFO:trainer_layer:1.6603469848632812
INFO:trainer_layer:1.6477108001708984
INFO:trainer_layer:1.5149116516113281
INFO:trainer_layer:1.5666484832763672
INFO:trainer_layer:0.9543895721435547
INFO:trainer_layer:0.9391307830810547
INFO:trainer_layer:1.0347366333007812
INFO:trainer_layer:0.9992122650146484
INFO:trainer_layer:0.9737014770507812
INFO:trainer_layer:0.9307861328125
INFO:trainer_layer:0.9770393371582031
INFO:trainer_layer:1.0745525360107422
INFO:trainer_layer:0.9772777557373047
INFO:trainer_layer:1.3279914855957031
INFO:trainer_layer:1.026153564453125
INFO:trainer_layer:1.2695789337158203
INFO:trainer_layer:0.9579658508300781
INFO:trainer_layer:0.9236335754394531
INFO:trainer_layer:0.9856224060058594
INFO:trainer_layer:0.9360313415527344
INFO:trainer_layer:0.8869171142578125
INFO:trainer_layer:1.1217594146728516
INFO:trainer_layer:0.9715557098388672
INFO:trainer_layer:0.9145736694335938
INFO:trainer_layer:0.9870529174804688
INFO:trainer_layer:0.9539127349853516
INFO:trainer_layer:1.0027885437011719
INFO:trainer_layer:0.9293556213378906
INFO:trainer_layer:0.9379386901855469
INFO:trainer_layer:1.4002323150634766
INFO:trainer_layer:1.0097026824951172
INFO:trainer_layer:1.1734962463378906
INFO:trainer_layer:0.865936279296875
INFO:trainer_layer:1.0223388671875
INFO:trainer_layer:0.8337497711181641
INFO:trainer_layer:1.1425018310546875
INFO:trainer_layer:0.9906291961669922
INFO:trainer_layer:2.4650096893310547
INFO:trainer_layer:1.3213157653808594
INFO:trainer_layer:1.3036727905273438
INFO:trainer_layer:1.4090538024902344
INFO:trainer_layer:1.3566017150878906
INFO:trainer_layer:1.1246204376220703
INFO:trainer_layer:1.0058879852294922
INFO:trainer_layer:1.0242462158203125
INFO:trainer_layer:0.820159912109375
INFO:trainer_layer:1.0325908660888672
INFO:trainer_layer:1.2934207916259766
INFO:trainer_layer:1.2726783752441406
INFO:trainer_layer:1.093149185180664
INFO:trainer_layer:1.2881755828857422
INFO:trainer_layer:0.9810924530029297
INFO:trainer_layer:0.9455680847167969
INFO:trainer_layer:1.2772083282470703
INFO:trainer_layer:1.390218734741211
INFO:trainer_layer:1.2323856353759766
INFO:trainer_layer:0.9319782257080078
INFO:trainer_layer:1.6596317291259766
INFO:trainer_layer:1.5308856964111328
INFO:trainer_layer:1.4808177947998047
INFO:trainer_layer:1.4693737030029297
INFO:trainer_layer:1.4519691467285156
INFO:trainer_layer:1.397848129272461
INFO:trainer_layer:1.5497207641601562
INFO:trainer_layer:1.0957717895507812
INFO:trainer_layer:1.4865398406982422
INFO:trainer_layer:1.0194778442382812
INFO:trainer_layer:1.039743423461914
INFO:trainer_layer:1.0542869567871094
INFO:trainer_layer:1.898050308227539
INFO:trainer_layer:1.020193099975586
INFO:trainer_layer:0.9572505950927734
INFO:trainer_layer:1.0089874267578125
INFO:trainer_layer:0.8728504180908203
INFO:trainer_layer:1.4231204986572266
INFO:trainer_layer:0.9539127349853516
INFO:trainer_layer:1.3549327850341797
INFO:trainer_layer:1.0523796081542969
INFO:trainer_layer:1.020669937133789
INFO:trainer_layer:1.051187515258789
INFO:trainer_layer:1.2278556823730469
INFO:trainer_layer:1.9462108612060547
INFO:trainer_layer:1.1577606201171875
INFO:trainer_layer:1.2302398681640625
INFO:trainer_layer:1.1572837829589844
INFO:trainer_layer:0.9512901306152344
INFO:trainer_layer:0.9799003601074219
INFO:trainer_layer:1.1951923370361328
INFO:trainer_layer:1.2516975402832031
INFO:trainer_layer:1.2359619140625
INFO:trainer_layer:0.9758472442626953
INFO:trainer_layer:1.0750293731689453
INFO:trainer_layer:0.9791851043701172
INFO:trainer_layer:1.2462139129638672
INFO:trainer_layer:1.065969467163086
INFO:trainer_layer:0.9274482727050781
INFO:trainer_layer:1.7192363739013672
INFO:trainer_layer:1.6925334930419922
INFO:trainer_layer:0.9603500366210938
INFO:trainer_layer:1.132965087890625
INFO:trainer_layer:1.0631084442138672
INFO:trainer_layer:1.2173652648925781
INFO:trainer_layer:1.1782646179199219
INFO:trainer_layer:0.9462833404541016
INFO:trainer_layer:0.9551048278808594
INFO:trainer_layer:0.8552074432373047
INFO:trainer_layer:0.8728504180908203
INFO:trainer_layer:0.8854866027832031
INFO:trainer_layer:1.1379718780517578
INFO:trainer_layer:1.1143684387207031
INFO:trainer_layer:1.0411739349365234
INFO:trainer_layer:0.8783340454101562
INFO:trainer_layer:1.102447509765625
INFO:trainer_layer:0.8513927459716797
INFO:trainer_layer:1.0154247283935547
INFO:trainer_layer:1.1067390441894531
INFO:trainer_layer:1.1363029479980469
INFO:trainer_layer:1.1124610900878906
INFO:trainer_layer:1.0533332824707031
INFO:trainer_layer:1.1038780212402344
INFO:trainer_layer:1.0519027709960938
INFO:trainer_layer:1.3933181762695312
INFO:trainer_layer:1.1055469512939453
INFO:trainer_layer:1.3332366943359375
INFO:trainer_layer:0.9784698486328125
INFO:trainer_layer:0.9846687316894531
INFO:trainer_layer:0.8890628814697266
INFO:trainer_layer:0.9055137634277344
INFO:trainer_layer:1.1186599731445312
INFO:trainer_layer:1.0075569152832031
INFO:trainer_layer:2.0525455474853516
INFO:trainer_layer:1.7371177673339844
INFO:trainer_layer:1.707315444946289
INFO:trainer_layer:0.9658336639404297
INFO:trainer_layer:0.9434223175048828
INFO:trainer_layer:1.2328624725341797
INFO:trainer_layer:1.2128353118896484
INFO:trainer_layer:1.0097026824951172
INFO:trainer_layer:1.0399818420410156
INFO:trainer_layer:1.0194778442382812
INFO:trainer_layer:0.96893310546875
INFO:trainer_layer:0.9546279907226562
INFO:trainer_layer:0.9522438049316406
INFO:trainer_layer:0.9639263153076172
INFO:trainer_layer:1.2712478637695312
INFO:trainer_layer:1.0721683502197266
INFO:trainer_layer:1.054525375366211
INFO:trainer_layer:0.9543895721435547
INFO:trainer_layer:0.9019374847412109
INFO:trainer_layer:1.0602474212646484
INFO:trainer_layer:1.1239051818847656
INFO:trainer_layer:0.9789466857910156
INFO:trainer_layer:1.0609626770019531
INFO:trainer_layer:1.0974407196044922
INFO:trainer_layer:1.039266586303711
INFO:trainer_layer:1.2543201446533203
INFO:trainer_layer:1.140594482421875
INFO:trainer_layer:1.1439323425292969
INFO:trainer_layer:1.0838508605957031
INFO:trainer_layer:1.0190010070800781
INFO:trainer_layer:1.1181831359863281
INFO:trainer_layer:1.085042953491211
INFO:trainer_layer:1.081228256225586
INFO:trainer_layer:1.2371540069580078
INFO:trainer_layer:1.4231204986572266
INFO:trainer_layer:0.9820461273193359
INFO:trainer_layer:1.033782958984375
INFO:trainer_layer:1.0519027709960938
INFO:trainer_layer:0.8854866027832031
INFO:trainer_layer:1.0745525360107422
INFO:trainer_layer:1.0449886322021484
INFO:trainer_layer:1.0657310485839844
INFO:trainer_layer:1.123666763305664
INFO:trainer_layer:1.1701583862304688
INFO:trainer_layer:1.1835098266601562
INFO:trainer_layer:1.0180473327636719
INFO:trainer_layer:1.1379718780517578
INFO:trainer_layer:1.026153564453125
INFO:trainer_layer:2.3496150970458984
INFO:trainer_layer:1.3074874877929688
INFO:trainer_layer:1.4164447784423828
INFO:trainer_layer:1.107931137084961
INFO:trainer_layer:1.6388893127441406
INFO:trainer_layer:1.7764568328857422
INFO:trainer_layer:1.21307373046875
INFO:trainer_layer:1.0628700256347656
INFO:trainer_layer:1.1036396026611328
INFO:trainer_layer:0.8745193481445312
INFO:trainer_layer:1.1398792266845703
INFO:trainer_layer:0.9503364562988281
INFO:trainer_layer:1.0881423950195312
INFO:trainer_layer:1.0523796081542969
INFO:trainer_layer:1.1255741119384766
INFO:trainer_layer:0.9784698486328125
INFO:trainer_layer:0.9484291076660156
INFO:trainer_layer:1.2102127075195312
INFO:trainer_layer:0.9479522705078125
INFO:trainer_layer:0.9262561798095703
INFO:trainer_layer:1.241445541381836
INFO:trainer_layer:1.2664794921875
INFO:trainer_layer:1.2481212615966797
INFO:trainer_layer:1.203775405883789
INFO:trainer_layer:1.264810562133789
INFO:trainer_layer:1.2736320495605469
INFO:trainer_layer:1.3270378112792969
INFO:trainer_layer:1.3136863708496094
INFO:trainer_layer:1.1754035949707031
INFO:trainer_layer:1.2617111206054688
INFO:trainer_layer:1.1849403381347656
INFO:trainer_layer:1.294851303100586
INFO:trainer_layer:1.237630844116211
INFO:trainer_layer:1.138925552368164
INFO:trainer_layer:1.5151500701904297
INFO:trainer_layer:1.3201236724853516
INFO:trainer_layer:1.2598037719726562
INFO:trainer_layer:1.1830329895019531
INFO:trainer_layer:1.1625289916992188
INFO:trainer_layer:1.0128021240234375
INFO:trainer_layer:1.2128353118896484
INFO:trainer_layer:1.1639595031738281
INFO:trainer_layer:1.0073184967041016
INFO:trainer_layer:1.4264583587646484
INFO:trainer_layer:1.178741455078125
INFO:trainer_layer:1.177072525024414
INFO:trainer_layer:1.0776519775390625
INFO:trainer_layer:1.0721683502197266
INFO:trainer_layer:0.9419918060302734
INFO:trainer_layer:1.1227130889892578
INFO:trainer_layer:1.3408660888671875
INFO:trainer_layer:1.657724380493164
INFO:trainer_layer:1.344919204711914
INFO:trainer_layer:1.373291015625
INFO:trainer_layer:1.3186931610107422
INFO:trainer_layer:1.3451576232910156
INFO:trainer_layer:1.252889633178711
INFO:trainer_layer:1.2056827545166016
INFO:trainer_layer:1.264810562133789
INFO:trainer_layer:1.2652873992919922
INFO:trainer_layer:1.3713836669921875
INFO:trainer_layer:1.0776519775390625
INFO:trainer_layer:1.0335445404052734
INFO:trainer_layer:1.112222671508789
INFO:trainer_layer:1.2552738189697266
INFO:trainer_layer:1.1458396911621094
INFO:trainer_layer:1.0290145874023438
INFO:trainer_layer:1.2423992156982422
INFO:trainer_layer:1.0409355163574219
INFO:trainer_layer:1.0635852813720703
INFO:trainer_layer:1.2984275817871094
INFO:trainer_layer:1.1894702911376953
INFO:trainer_layer:1.0805130004882812
INFO:trainer_layer:1.0251998901367188
INFO:trainer_layer:0.9360313415527344
INFO:trainer_layer:1.032114028930664
INFO:trainer_layer:1.0902881622314453
INFO:trainer_layer:1.0380744934082031
INFO:trainer_layer:1.8181800842285156
INFO:trainer_layer:1.0986328125
INFO:trainer_layer:0.9503364562988281
INFO:trainer_layer:1.3349056243896484
INFO:trainer_layer:1.0390281677246094
INFO:trainer_layer:1.7862319946289062
INFO:trainer_layer:0.9796619415283203
INFO:trainer_layer:1.149892807006836
INFO:trainer_layer:1.0139942169189453
INFO:trainer_layer:1.0101795196533203
INFO:trainer_layer:1.7414093017578125
INFO:trainer_layer:2.0225048065185547
INFO:trainer_layer:1.650094985961914
INFO:trainer_layer:1.1458396911621094
INFO:trainer_layer:1.0325908660888672
INFO:trainer_layer:1.0213851928710938
INFO:trainer_layer:1.0406970977783203
INFO:trainer_layer:1.0638236999511719
INFO:trainer_layer:1.2350082397460938
INFO:trainer_layer:1.1110305786132812
INFO:trainer_layer:2.185344696044922
INFO:trainer_layer:1.873016357421875
INFO:trainer_layer:1.680612564086914
INFO:trainer_layer:1.199960708618164
INFO:trainer_layer:1.8572807312011719
INFO:trainer_layer:1.8124580383300781
INFO:trainer_layer:1.1835098266601562
INFO:trainer_layer:1.1985301971435547
INFO:trainer_layer:1.0569095611572266
INFO:trainer_layer:1.0116100311279297
INFO:trainer_layer:1.0607242584228516
INFO:trainer_layer:1.0831356048583984
INFO:trainer_layer:1.1491775512695312
INFO:trainer_layer:0.9338855743408203
INFO:trainer_layer:1.2845993041992188
INFO:trainer_layer:1.0423660278320312
INFO:trainer_layer:0.9496212005615234
INFO:trainer_layer:1.0824203491210938
INFO:trainer_layer:0.9739398956298828
INFO:trainer_layer:1.129150390625
INFO:trainer_layer:0.9489059448242188
INFO:trainer_layer:1.1904239654541016
INFO:trainer_layer:1.0585784912109375
INFO:trainer_layer:1.27410888671875
INFO:trainer_layer:1.1417865753173828
INFO:trainer_layer:1.2359619140625
INFO:trainer_layer:0.9696483612060547
INFO:trainer_layer:1.110076904296875
INFO:trainer_layer:1.1255741119384766
INFO:trainer_layer:1.0843276977539062
INFO:trainer_layer:1.172780990600586
INFO:trainer_layer:1.146554946899414
INFO:trainer_layer:1.0733604431152344
INFO:trainer_layer:0.9438991546630859
INFO:trainer_layer:1.0035037994384766
INFO:trainer_layer:0.9379386901855469
INFO:trainer_layer:1.1036396026611328
INFO:trainer_layer:1.3604164123535156
INFO:trainer_layer:1.4157295227050781
INFO:trainer_layer:0.9784698486328125
INFO:trainer_layer:1.0666847229003906
INFO:trainer_layer:0.949859619140625
INFO:trainer_layer:1.0707378387451172
INFO:trainer_layer:0.9832382202148438
INFO:trainer_layer:0.9622573852539062
INFO:trainer_layer:1.298666000366211
INFO:trainer_layer:1.1191368103027344
INFO:trainer_layer:1.125335693359375
INFO:trainer_layer:0.9453296661376953
INFO:trainer_layer:0.9970664978027344
INFO:trainer_layer:1.0921955108642578
INFO:trainer_layer:1.0793209075927734
INFO:trainer_layer:1.3232231140136719
INFO:trainer_layer:0.9570121765136719
INFO:trainer_layer:1.27410888671875
INFO:trainer_layer:1.1658668518066406
INFO:trainer_layer:1.3134479522705078
INFO:trainer_layer:1.0132789611816406
INFO:trainer_layer:1.0039806365966797
INFO:trainer_layer:1.3823509216308594
INFO:trainer_layer:1.1439323425292969
INFO:trainer_layer:1.1277198791503906
INFO:trainer_layer:1.340627670288086
INFO:trainer_layer:1.2519359588623047
INFO:trainer_layer:1.3878345489501953
INFO:trainer_layer:1.1444091796875
INFO:trainer_layer:1.1734962463378906
INFO:trainer_layer:1.0662078857421875
INFO:trainer_layer:1.0578632354736328
INFO:trainer_layer:0.9975433349609375
INFO:trainer_layer:1.0488033294677734
INFO:trainer_layer:1.3148784637451172
INFO:trainer_layer:1.1355876922607422
INFO:trainer_layer:1.0638236999511719
INFO:trainer_layer:2.106189727783203
INFO:trainer_layer:1.9533634185791016
INFO:trainer_layer:1.3358592987060547
INFO:trainer_layer:1.2390613555908203
INFO:trainer_layer:1.0433197021484375
INFO:trainer_layer:1.3475418090820312
INFO:trainer_layer:1.1684894561767578
INFO:trainer_layer:1.489400863647461
INFO:trainer_layer:1.60980224609375
INFO:trainer_layer:1.2221336364746094
INFO:trainer_layer:0.9872913360595703
INFO:trainer_layer:1.1281967163085938
INFO:trainer_layer:0.8652210235595703
INFO:trainer_layer:1.0950565338134766
INFO:trainer_layer:0.9183883666992188
INFO:trainer_layer:1.0769367218017578
INFO:trainer_layer:1.2803077697753906
INFO:trainer_layer:1.3477802276611328
INFO:trainer_layer:1.0302066802978516
INFO:trainer_layer:0.9272098541259766
INFO:trainer_layer:0.9584426879882812
INFO:trainer_layer:1.049041748046875
INFO:trainer_layer:1.1250972747802734
INFO:trainer_layer:1.0008811950683594
INFO:trainer_layer:1.2006759643554688
INFO:trainer_layer:0.9815692901611328
INFO:trainer_layer:1.1632442474365234
INFO:trainer_layer:1.064300537109375
INFO:trainer_layer:1.0325908660888672
INFO:trainer_layer:0.9961128234863281
INFO:trainer_layer:1.0411739349365234
INFO:trainer_layer:1.0838508605957031
INFO:trainer_layer:1.1687278747558594
INFO:trainer_layer:0.9653568267822266
INFO:trainer_layer:1.1811256408691406
INFO:trainer_layer:1.0514259338378906
INFO:trainer_layer:1.2054443359375
INFO:trainer_layer:1.2183189392089844
INFO:trainer_layer:1.0232925415039062
INFO:trainer_layer:0.9779930114746094
INFO:trainer_layer:1.0502338409423828
INFO:trainer_layer:0.8935928344726562
INFO:trainer_layer:1.1150836944580078
INFO:trainer_layer:0.9434223175048828
INFO:trainer_layer:1.0612010955810547
INFO:trainer_layer:0.9794235229492188
INFO:trainer_layer:1.031637191772461
INFO:trainer_layer:0.9748935699462891
INFO:trainer_layer:1.073598861694336
INFO:trainer_layer:0.9374618530273438
INFO:trainer_layer:1.0819435119628906
INFO:trainer_layer:1.0936260223388672
INFO:trainer_layer:1.397848129272461
INFO:trainer_layer:1.0983943939208984
INFO:trainer_layer:1.4116764068603516
INFO:trainer_layer:1.6312599182128906
INFO:trainer_layer:1.7125606536865234
INFO:trainer_layer:1.4400482177734375
INFO:trainer_layer:0.9474754333496094
INFO:trainer_layer:1.0938644409179688
INFO:trainer_layer:1.186370849609375
INFO:trainer_layer:1.1610984802246094
INFO:trainer_layer:1.1343955993652344
INFO:trainer_layer:1.1355876922607422
INFO:trainer_layer:0.9772777557373047
INFO:trainer_layer:1.0433197021484375
INFO:trainer_layer:1.0132789611816406
INFO:trainer_layer:1.007080078125
INFO:trainer_layer:1.0001659393310547
INFO:trainer_layer:1.079559326171875
INFO:trainer_layer:0.9403228759765625
INFO:trainer_layer:1.6362667083740234
INFO:trainer_layer:1.5363693237304688
INFO:trainer_layer:1.5010833740234375
INFO:trainer_layer:0.8790493011474609
INFO:trainer_layer:0.9200572967529297
INFO:trainer_layer:0.9021759033203125
INFO:trainer_layer:1.0676383972167969
INFO:trainer_layer:0.9129047393798828
INFO:trainer_layer:1.0449886322021484
INFO:trainer_layer:0.9641647338867188
INFO:trainer_layer:1.039743423461914
INFO:trainer_layer:0.8747577667236328
INFO:trainer_layer:1.039743423461914
INFO:trainer_layer:0.9388923645019531
INFO:trainer_layer:0.9989738464355469
INFO:trainer_layer:1.0344982147216797
INFO:trainer_layer:0.9853839874267578
INFO:trainer_layer:0.8997917175292969
INFO:trainer_layer:0.9698867797851562
INFO:trainer_layer:0.8628368377685547
INFO:trainer_layer:1.0521411895751953
INFO:trainer_layer:0.9105205535888672
INFO:trainer_layer:0.9672641754150391
INFO:trainer_layer:1.0607242584228516
INFO:trainer_layer:1.1012554168701172
INFO:trainer_layer:0.9865760803222656
INFO:trainer_layer:1.0061264038085938
INFO:trainer_layer:0.8902549743652344
INFO:trainer_layer:1.0461807250976562
INFO:trainer_layer:0.9200572967529297
INFO:trainer_layer:1.001596450805664
INFO:trainer_layer:0.8833408355712891
INFO:trainer_layer:1.020669937133789
INFO:trainer_layer:1.001119613647461
INFO:trainer_layer:1.033782958984375
INFO:trainer_layer:0.9286403656005859
INFO:trainer_layer:1.039266586303711
INFO:trainer_layer:0.9610652923583984
INFO:trainer_layer:0.9863376617431641
INFO:trainer_layer:0.9186267852783203
INFO:trainer_layer:1.2328624725341797
INFO:trainer_layer:1.1448860168457031
INFO:trainer_layer:1.0330677032470703
INFO:trainer_layer:0.9074211120605469
INFO:trainer_layer:0.9720325469970703
INFO:trainer_layer:0.9019374847412109
INFO:trainer_layer:1.031637191772461
INFO:trainer_layer:1.010894775390625
INFO:trainer_layer:0.9789466857910156
INFO:trainer_layer:1.0023117065429688
INFO:trainer_layer:1.0378360748291016
INFO:trainer_layer:0.8826255798339844
INFO:trainer_layer:1.0294914245605469
INFO:trainer_layer:0.9126663208007812
INFO:trainer_layer:1.0666847229003906
INFO:trainer_layer:1.1489391326904297
INFO:trainer_layer:1.035451889038086
INFO:trainer_layer:0.9829998016357422
INFO:trainer_layer:0.9255409240722656
INFO:trainer_layer:0.9379386901855469
INFO:trainer_layer:0.9474754333496094
INFO:trainer_layer:1.1138916015625
INFO:trainer_layer:2.2361278533935547
INFO:trainer_layer:1.0216236114501953
INFO:trainer_layer:1.2052059173583984
INFO:trainer_layer:0.9005069732666016
INFO:trainer_layer:0.9059906005859375
INFO:trainer_layer:0.926971435546875
INFO:trainer_layer:0.9684562683105469
INFO:trainer_layer:0.9279251098632812
INFO:trainer_layer:0.9052753448486328
INFO:trainer_layer:0.9403228759765625
INFO:trainer_layer:0.9067058563232422
INFO:trainer_layer:0.8771419525146484
INFO:trainer_layer:0.9059906005859375
INFO:trainer_layer:0.8962154388427734
INFO:trainer_layer:0.926971435546875
INFO:trainer_layer:0.8769035339355469
INFO:trainer_layer:1.4376640319824219
INFO:trainer_layer:1.329183578491211
INFO:trainer_layer:1.0564327239990234
INFO:trainer_layer:0.9555816650390625
INFO:trainer_layer:0.8761882781982422
INFO:trainer_layer:1.0581016540527344
INFO:trainer_layer:1.2979507446289062
INFO:trainer_layer:1.3463497161865234
INFO:trainer_layer:1.3098716735839844
INFO:trainer_layer:1.2385845184326172
INFO:trainer_layer:0.9527206420898438
INFO:trainer_layer:0.8726119995117188
INFO:trainer_layer:0.9019374847412109
INFO:trainer_layer:0.9188652038574219
INFO:trainer_layer:1.2278556823730469
INFO:trainer_layer:1.1262893676757812
INFO:trainer_layer:1.0094642639160156
INFO:trainer_layer:0.8819103240966797
INFO:trainer_layer:1.0027885437011719
INFO:trainer_layer:0.9272098541259766
INFO:trainer_layer:0.9615421295166016
INFO:trainer_layer:1.2204647064208984
INFO:trainer_layer:1.2056827545166016
INFO:trainer_layer:0.9591579437255859
INFO:trainer_layer:0.9171962738037109
INFO:trainer_layer:0.8845329284667969
INFO:trainer_layer:0.8819103240966797
INFO:trainer_layer:0.9417533874511719
INFO:trainer_layer:1.0418891906738281
INFO:trainer_layer:1.0328292846679688
INFO:trainer_layer:1.0809898376464844
INFO:trainer_layer:1.0881423950195312
INFO:trainer_layer:0.9768009185791016
INFO:trainer_layer:0.8757114410400391
INFO:trainer_layer:0.8907318115234375
INFO:trainer_layer:0.9238719940185547
INFO:trainer_layer:0.9131431579589844
INFO:trainer_layer:0.9334087371826172
INFO:trainer_layer:1.0428428649902344
INFO:trainer_layer:1.0442733764648438
INFO:trainer_layer:0.9443759918212891
INFO:trainer_layer:1.1267662048339844
INFO:trainer_layer:1.119375228881836
INFO:trainer_layer:1.0335445404052734
INFO:trainer_layer:1.0499954223632812
INFO:trainer_layer:1.1584758758544922
INFO:trainer_layer:1.203775405883789
INFO:trainer_layer:0.9794235229492188
INFO:trainer_layer:1.0881423950195312
INFO:trainer_layer:0.8754730224609375
INFO:trainer_layer:1.7039775848388672
INFO:trainer_layer:1.875162124633789
INFO:trainer_layer:1.722097396850586
INFO:trainer_layer:1.3272762298583984
INFO:trainer_layer:0.9443759918212891
INFO:trainer_layer:0.9787082672119141
INFO:trainer_layer:1.188039779663086
INFO:trainer_layer:1.1734962463378906
INFO:trainer_layer:1.1684894561767578
INFO:trainer_layer:0.9903907775878906
INFO:trainer_layer:1.1889934539794922
INFO:trainer_layer:1.1057853698730469
INFO:trainer_layer:1.0554790496826172
INFO:trainer_layer:1.1544227600097656
INFO:trainer_layer:1.1572837829589844
INFO:trainer_layer:1.2614727020263672
INFO:trainer_layer:1.0988712310791016
INFO:trainer_layer:1.3823509216308594
INFO:trainer_layer:1.3229846954345703
INFO:trainer_layer:1.0981559753417969
INFO:trainer_layer:1.1780261993408203
INFO:trainer_layer:1.1112689971923828
INFO:trainer_layer:1.1677742004394531
INFO:trainer_layer:1.0764598846435547
INFO:trainer_layer:1.1606216430664062
INFO:trainer_layer:1.024484634399414
INFO:trainer_layer:1.081228256225586
INFO:trainer_layer:1.1553764343261719
INFO:trainer_layer:1.1258125305175781
INFO:trainer_layer:1.009225845336914
INFO:trainer_layer:1.0492801666259766
INFO:trainer_layer:1.0445117950439453
INFO:trainer_layer:1.0750293731689453
INFO:trainer_layer:1.1639595031738281
INFO:trainer_layer:1.241445541381836
INFO:trainer_layer:1.3647079467773438
INFO:trainer_layer:1.0426044464111328
INFO:trainer_layer:0.9124279022216797
INFO:trainer_layer:1.0852813720703125
INFO:trainer_layer:0.8859634399414062
INFO:trainer_layer:1.1131763458251953
INFO:trainer_layer:1.0075569152832031
INFO:trainer_layer:1.3327598571777344
INFO:trainer_layer:0.9853839874267578
INFO:trainer_layer:1.0387897491455078
INFO:trainer_layer:1.0187625885009766
INFO:trainer_layer:1.0020732879638672
INFO:trainer_layer:0.9551048278808594
INFO:trainer_layer:1.149892807006836
INFO:trainer_layer:1.074075698852539
INFO:trainer_layer:1.0559558868408203
INFO:trainer_layer:0.9760856628417969
INFO:trainer_layer:0.9734630584716797
INFO:trainer_layer:0.9682178497314453
INFO:trainer_layer:1.1038780212402344
INFO:trainer_layer:0.9787082672119141
INFO:trainer_layer:0.9791851043701172
INFO:trainer_layer:1.1715888977050781
INFO:trainer_layer:1.1012554168701172
INFO:trainer_layer:0.9868144989013672
INFO:trainer_layer:1.1413097381591797
INFO:trainer_layer:0.9467601776123047
INFO:trainer_layer:1.0602474212646484
INFO:trainer_layer:1.1110305786132812
INFO:trainer_layer:1.0879039764404297
INFO:trainer_layer:0.9946823120117188
INFO:trainer_layer:1.0585784912109375
INFO:trainer_layer:0.9863376617431641
INFO:trainer_layer:1.0313987731933594
INFO:trainer_layer:0.9093284606933594
INFO:trainer_layer:1.119852066040039
INFO:trainer_layer:0.9431838989257812
INFO:trainer_layer:1.1150836944580078
INFO:trainer_layer:0.9407997131347656
INFO:trainer_layer:1.1646747589111328
INFO:trainer_layer:0.9114742279052734
INFO:trainer_layer:1.0683536529541016
INFO:trainer_layer:0.9868144989013672
INFO:trainer_layer:0.9648799896240234
INFO:trainer_layer:1.2142658233642578
INFO:trainer_layer:1.088857650756836
INFO:trainer_layer:0.9260177612304688
INFO:trainer_layer:1.1372566223144531
INFO:trainer_layer:0.9996891021728516
INFO:trainer_layer:1.0943412780761719
INFO:trainer_layer:1.0578632354736328
INFO:trainer_layer:1.1563301086425781
INFO:trainer_layer:0.9107589721679688
INFO:trainer_layer:1.0447502136230469
INFO:trainer_layer:0.9431838989257812
INFO:trainer_layer:1.0862350463867188
INFO:trainer_layer:1.0466575622558594
INFO:trainer_layer:0.9591579437255859
INFO:trainer_layer:1.2125968933105469
INFO:trainer_layer:1.1188983917236328
INFO:trainer_layer:0.9503364562988281
INFO:trainer_layer:1.1796951293945312
INFO:trainer_layer:0.9951591491699219
INFO:trainer_layer:1.0237693786621094
INFO:trainer_layer:1.0595321655273438
INFO:trainer_layer:0.9663105010986328
INFO:trainer_layer:1.0297298431396484
INFO:trainer_layer:0.9512901306152344
INFO:trainer_layer:0.8656978607177734
INFO:trainer_layer:0.9772777557373047
INFO:trainer_layer:0.9322166442871094
INFO:trainer_layer:0.9908676147460938
INFO:trainer_layer:0.9939670562744141
INFO:trainer_layer:0.9708404541015625
INFO:trainer_layer:0.9105205535888672
INFO:trainer_layer:0.9481906890869141
INFO:trainer_layer:0.8766651153564453
INFO:trainer_layer:0.9760856628417969
INFO:trainer_layer:0.8800029754638672
INFO:trainer_layer:0.9770393371582031
INFO:trainer_layer:1.1415481567382812
INFO:trainer_layer:0.9939670562744141
INFO:trainer_layer:1.127481460571289
INFO:trainer_layer:1.0807514190673828
INFO:trainer_layer:1.1129379272460938
INFO:trainer_layer:0.9789466857910156
INFO:trainer_layer:1.0900497436523438
INFO:trainer_layer:1.0967254638671875
INFO:trainer_layer:1.0666847229003906
INFO:trainer_layer:1.0492801666259766
INFO:trainer_layer:1.1363029479980469
INFO:trainer_layer:1.0704994201660156
INFO:trainer_layer:1.1069774627685547
INFO:trainer_layer:1.0685920715332031
INFO:trainer_layer:1.0328292846679688
INFO:trainer_layer:0.9591579437255859
INFO:trainer_layer:1.1928081512451172
INFO:trainer_layer:1.1157989501953125
INFO:trainer_layer:1.0297298431396484
INFO:trainer_layer:1.1224746704101562
INFO:trainer_layer:0.9970664978027344
INFO:trainer_layer:1.0442733764648438
INFO:trainer_layer:1.0905265808105469
INFO:trainer_layer:1.0986328125
INFO:trainer_layer:1.0614395141601562
INFO:trainer_layer:1.069784164428711
INFO:trainer_layer:1.0616779327392578
INFO:trainer_layer:1.0528564453125
INFO:trainer_layer:2.0105838775634766
INFO:trainer_layer:2.005338668823242
INFO:trainer_layer:1.739501953125
INFO:trainer_layer:1.4133453369140625
INFO:trainer_layer:1.0256767272949219
INFO:trainer_layer:1.0683536529541016
INFO:trainer_layer:1.1761188507080078
INFO:trainer_layer:1.0743141174316406
INFO:trainer_layer:1.0695457458496094
INFO:trainer_layer:1.104593276977539
INFO:trainer_layer:1.7752647399902344
INFO:trainer_layer:1.810312271118164
INFO:trainer_layer:1.56402587890625
INFO:trainer_layer:1.0919570922851562
INFO:trainer_layer:1.0192394256591797
INFO:trainer_layer:1.7292499542236328
INFO:trainer_layer:1.8031597137451172
INFO:trainer_layer:1.117706298828125
INFO:trainer_layer:1.2543201446533203
INFO:trainer_layer:1.0361671447753906
INFO:trainer_layer:1.0199546813964844
INFO:trainer_layer:0.9710788726806641
INFO:trainer_layer:1.0027885437011719
INFO:trainer_layer:0.9474754333496094
INFO:trainer_layer:1.1124610900878906
INFO:trainer_layer:0.9744167327880859
INFO:trainer_layer:1.3048648834228516
