INFO:trainer_layer:FFT_CNNEx | mnist
INFO:trainer_layer:in_size : 128 | epochs : 1 | batch : 1
INFO:trainer_layer:kernel_l1 : 65 | 
INFO:trainer_layer:o_channels_l1 : 20 | 
INFO:trainer_layer::::::::::::::::::::::::::::::::::::::::::::::::::::::::::::
INFO:trainer_layer:message : fft_conv1 
INFO:trainer_layer::::::::::::::::::::::::::::::::::::::::::::::::::::::::::::
INFO:trainer_layer:Ave_Time : 1.1184589862823486
INFO:trainer_layer::::::::::::::::::::::::::::::::::::::::::::::::::::::::::::
INFO:trainer_layer:1.230478286743164
INFO:trainer_layer:0.9412765502929688
INFO:trainer_layer:1.0297298431396484
INFO:trainer_layer:1.1591911315917969
INFO:trainer_layer:1.3637542724609375
INFO:trainer_layer:1.135110855102539
INFO:trainer_layer:0.8668899536132812
INFO:trainer_layer:0.9107589721679688
INFO:trainer_layer:0.8642673492431641
INFO:trainer_layer:0.9737014770507812
INFO:trainer_layer:0.8878707885742188
INFO:trainer_layer:1.0018348693847656
INFO:trainer_layer:0.9446144104003906
INFO:trainer_layer:1.3153553009033203
INFO:trainer_layer:0.8733272552490234
INFO:trainer_layer:0.8721351623535156
INFO:trainer_layer:0.8816719055175781
INFO:trainer_layer:1.3053417205810547
INFO:trainer_layer:1.020669937133789
INFO:trainer_layer:1.1584758758544922
INFO:trainer_layer:1.2385845184326172
INFO:trainer_layer:0.9007453918457031
INFO:trainer_layer:0.8406639099121094
INFO:trainer_layer:0.8528232574462891
INFO:trainer_layer:0.8523464202880859
INFO:trainer_layer:1.0967254638671875
INFO:trainer_layer:0.9095668792724609
INFO:trainer_layer:1.146078109741211
INFO:trainer_layer:1.1873245239257812
INFO:trainer_layer:0.9686946868896484
INFO:trainer_layer:1.3115406036376953
INFO:trainer_layer:0.9288787841796875
INFO:trainer_layer:0.8847713470458984
INFO:trainer_layer:0.8988380432128906
INFO:trainer_layer:0.8893013000488281
INFO:trainer_layer:0.8971691131591797
INFO:trainer_layer:0.9593963623046875
INFO:trainer_layer:0.8788108825683594
INFO:trainer_layer:0.8525848388671875
INFO:trainer_layer:0.8702278137207031
INFO:trainer_layer:0.8742809295654297
INFO:trainer_layer:0.8997917175292969
INFO:trainer_layer:1.1188983917236328
INFO:trainer_layer:0.9198188781738281
INFO:trainer_layer:1.1951923370361328
INFO:trainer_layer:0.8687973022460938
INFO:trainer_layer:1.4469623565673828
INFO:trainer_layer:0.8642673492431641
INFO:trainer_layer:1.0192394256591797
INFO:trainer_layer:0.8606910705566406
INFO:trainer_layer:1.0426044464111328
INFO:trainer_layer:0.8599758148193359
INFO:trainer_layer:1.399993896484375
INFO:trainer_layer:0.8585453033447266
INFO:trainer_layer:0.9882450103759766
INFO:trainer_layer:0.835418701171875
INFO:trainer_layer:1.1053085327148438
INFO:trainer_layer:0.8835792541503906
INFO:trainer_layer:1.2221336364746094
INFO:trainer_layer:0.9288787841796875
INFO:trainer_layer:1.2662410736083984
INFO:trainer_layer:0.8738040924072266
INFO:trainer_layer:0.8714199066162109
INFO:trainer_layer:0.8540153503417969
INFO:trainer_layer:0.8761882781982422
INFO:trainer_layer:1.3575553894042969
INFO:trainer_layer:2.0389556884765625
INFO:trainer_layer:1.2729167938232422
INFO:trainer_layer:0.8690357208251953
INFO:trainer_layer:1.329660415649414
INFO:trainer_layer:0.9949207305908203
INFO:trainer_layer:0.9860992431640625
INFO:trainer_layer:1.3689994812011719
INFO:trainer_layer:0.8585453033447266
INFO:trainer_layer:0.9319782257080078
INFO:trainer_layer:0.8802413940429688
INFO:trainer_layer:0.8862018585205078
INFO:trainer_layer:1.4472007751464844
INFO:trainer_layer:2.2749900817871094
INFO:trainer_layer:1.3124942779541016
INFO:trainer_layer:1.2950897216796875
INFO:trainer_layer:1.4307498931884766
INFO:trainer_layer:1.3337135314941406
INFO:trainer_layer:1.4679431915283203
INFO:trainer_layer:1.1670589447021484
INFO:trainer_layer:1.407623291015625
INFO:trainer_layer:1.0781288146972656
INFO:trainer_layer:0.9946823120117188
INFO:trainer_layer:1.0170936584472656
INFO:trainer_layer:1.0120868682861328
INFO:trainer_layer:1.5447139739990234
INFO:trainer_layer:1.8579959869384766
INFO:trainer_layer:1.585245132446289
INFO:trainer_layer:1.4355182647705078
INFO:trainer_layer:1.161813735961914
INFO:trainer_layer:1.1792182922363281
INFO:trainer_layer:0.988006591796875
INFO:trainer_layer:1.3120174407958984
INFO:trainer_layer:1.8787384033203125
INFO:trainer_layer:1.6846656799316406
INFO:trainer_layer:1.0843276977539062
INFO:trainer_layer:1.0042190551757812
INFO:trainer_layer:1.222372055053711
INFO:trainer_layer:1.3422966003417969
INFO:trainer_layer:0.9233951568603516
INFO:trainer_layer:1.3687610626220703
INFO:trainer_layer:1.2359619140625
INFO:trainer_layer:1.104116439819336
INFO:trainer_layer:0.8866786956787109
INFO:trainer_layer:0.9548664093017578
INFO:trainer_layer:1.3167858123779297
INFO:trainer_layer:1.7087459564208984
INFO:trainer_layer:1.1072158813476562
INFO:trainer_layer:0.8985996246337891
INFO:trainer_layer:0.8652210235595703
INFO:trainer_layer:0.9319782257080078
INFO:trainer_layer:0.9133815765380859
INFO:trainer_layer:0.9992122650146484
INFO:trainer_layer:0.9064674377441406
INFO:trainer_layer:0.8497238159179688
INFO:trainer_layer:1.020193099975586
INFO:trainer_layer:1.1475086212158203
INFO:trainer_layer:1.1785030364990234
INFO:trainer_layer:1.409769058227539
INFO:trainer_layer:0.9920597076416016
INFO:trainer_layer:0.9021759033203125
INFO:trainer_layer:0.9436607360839844
INFO:trainer_layer:0.8695125579833984
INFO:trainer_layer:0.9207725524902344
INFO:trainer_layer:1.2316703796386719
INFO:trainer_layer:1.0786056518554688
INFO:trainer_layer:0.9438991546630859
INFO:trainer_layer:0.9672641754150391
INFO:trainer_layer:0.8759498596191406
INFO:trainer_layer:1.003265380859375
INFO:trainer_layer:2.214193344116211
INFO:trainer_layer:1.6543865203857422
INFO:trainer_layer:1.027822494506836
INFO:trainer_layer:0.9081363677978516
INFO:trainer_layer:0.8578300476074219
INFO:trainer_layer:1.0914802551269531
INFO:trainer_layer:1.934051513671875
INFO:trainer_layer:1.7857551574707031
INFO:trainer_layer:1.039743423461914
INFO:trainer_layer:1.0046958923339844
INFO:trainer_layer:0.9558200836181641
INFO:trainer_layer:0.8523464202880859
INFO:trainer_layer:1.2180805206298828
INFO:trainer_layer:1.0280609130859375
INFO:trainer_layer:1.1096000671386719
INFO:trainer_layer:1.2979507446289062
INFO:trainer_layer:0.9469985961914062
INFO:trainer_layer:1.329660415649414
INFO:trainer_layer:1.407623291015625
INFO:trainer_layer:1.3554096221923828
INFO:trainer_layer:0.9636878967285156
INFO:trainer_layer:0.9799003601074219
INFO:trainer_layer:1.253366470336914
INFO:trainer_layer:1.0089874267578125
INFO:trainer_layer:0.9450912475585938
INFO:trainer_layer:1.0273456573486328
INFO:trainer_layer:0.8618831634521484
INFO:trainer_layer:1.2221336364746094
INFO:trainer_layer:1.2958049774169922
INFO:trainer_layer:1.6827583312988281
INFO:trainer_layer:0.9839534759521484
INFO:trainer_layer:0.9119510650634766
INFO:trainer_layer:1.3096332550048828
INFO:trainer_layer:0.9238719940185547
INFO:trainer_layer:1.0271072387695312
INFO:trainer_layer:1.0216236114501953
INFO:trainer_layer:1.4925003051757812
INFO:trainer_layer:0.9446144104003906
INFO:trainer_layer:0.9391307830810547
INFO:trainer_layer:1.5480518341064453
INFO:trainer_layer:1.0242462158203125
INFO:trainer_layer:1.642465591430664
INFO:trainer_layer:1.8956661224365234
INFO:trainer_layer:1.6269683837890625
INFO:trainer_layer:2.297639846801758
INFO:trainer_layer:1.977682113647461
INFO:trainer_layer:1.0752677917480469
INFO:trainer_layer:1.293182373046875
INFO:trainer_layer:0.9965896606445312
INFO:trainer_layer:0.9343624114990234
INFO:trainer_layer:1.163482666015625
INFO:trainer_layer:1.1196136474609375
INFO:trainer_layer:1.0111331939697266
INFO:trainer_layer:1.1053085327148438
INFO:trainer_layer:0.8790493011474609
INFO:trainer_layer:1.5583038330078125
INFO:trainer_layer:1.2974739074707031
INFO:trainer_layer:1.1119842529296875
INFO:trainer_layer:0.9105205535888672
INFO:trainer_layer:1.0030269622802734
INFO:trainer_layer:0.9100437164306641
INFO:trainer_layer:1.0254383087158203
INFO:trainer_layer:1.1210441589355469
INFO:trainer_layer:1.1203289031982422
INFO:trainer_layer:0.9109973907470703
INFO:trainer_layer:1.2271404266357422
INFO:trainer_layer:0.9527206420898438
INFO:trainer_layer:1.0502338409423828
INFO:trainer_layer:1.1529922485351562
INFO:trainer_layer:1.0654926300048828
INFO:trainer_layer:0.9183883666992188
INFO:trainer_layer:1.0807514190673828
INFO:trainer_layer:1.3804435729980469
INFO:trainer_layer:1.3778209686279297
INFO:trainer_layer:0.9622573852539062
INFO:trainer_layer:1.4324188232421875
INFO:trainer_layer:0.8895397186279297
INFO:trainer_layer:1.1398792266845703
INFO:trainer_layer:0.9512901306152344
INFO:trainer_layer:0.9427070617675781
INFO:trainer_layer:0.9632110595703125
INFO:trainer_layer:0.8993148803710938
INFO:trainer_layer:1.28173828125
INFO:trainer_layer:1.527547836303711
INFO:trainer_layer:1.4243125915527344
INFO:trainer_layer:1.3208389282226562
INFO:trainer_layer:1.268148422241211
INFO:trainer_layer:1.3523101806640625
INFO:trainer_layer:1.451730728149414
INFO:trainer_layer:1.0852813720703125
INFO:trainer_layer:1.0962486267089844
INFO:trainer_layer:1.0612010955810547
INFO:trainer_layer:1.2755393981933594
INFO:trainer_layer:1.245260238647461
INFO:trainer_layer:1.316070556640625
INFO:trainer_layer:1.3375282287597656
INFO:trainer_layer:1.1451244354248047
INFO:trainer_layer:1.0106563568115234
INFO:trainer_layer:1.3136863708496094
INFO:trainer_layer:1.2977123260498047
INFO:trainer_layer:1.2271404266357422
INFO:trainer_layer:1.4216899871826172
INFO:trainer_layer:1.3761520385742188
INFO:trainer_layer:1.2769699096679688
INFO:trainer_layer:1.3349056243896484
INFO:trainer_layer:1.2655258178710938
INFO:trainer_layer:1.0004043579101562
INFO:trainer_layer:1.421213150024414
INFO:trainer_layer:1.191854476928711
INFO:trainer_layer:1.1370182037353516
INFO:trainer_layer:1.2784004211425781
INFO:trainer_layer:1.18255615234375
INFO:trainer_layer:0.9443759918212891
INFO:trainer_layer:1.3289451599121094
INFO:trainer_layer:1.3620853424072266
INFO:trainer_layer:1.1527538299560547
INFO:trainer_layer:1.3108253479003906
INFO:trainer_layer:0.9932518005371094
INFO:trainer_layer:1.1069774627685547
INFO:trainer_layer:1.4221668243408203
INFO:trainer_layer:1.1548995971679688
INFO:trainer_layer:0.9539127349853516
INFO:trainer_layer:0.8909702301025391
INFO:trainer_layer:1.009225845336914
INFO:trainer_layer:1.1801719665527344
INFO:trainer_layer:1.1208057403564453
INFO:trainer_layer:1.1563301086425781
INFO:trainer_layer:0.8988380432128906
INFO:trainer_layer:0.8847713470458984
INFO:trainer_layer:0.8757114410400391
INFO:trainer_layer:0.9305477142333984
INFO:trainer_layer:0.904083251953125
INFO:trainer_layer:1.0073184967041016
INFO:trainer_layer:1.0597705841064453
INFO:trainer_layer:1.173257827758789
INFO:trainer_layer:0.9019374847412109
INFO:trainer_layer:1.209259033203125
INFO:trainer_layer:0.8723735809326172
INFO:trainer_layer:1.0020732879638672
INFO:trainer_layer:0.9911060333251953
INFO:trainer_layer:1.0797977447509766
INFO:trainer_layer:1.1444091796875
INFO:trainer_layer:1.64031982421875
INFO:trainer_layer:1.3272762298583984
INFO:trainer_layer:1.0707378387451172
INFO:trainer_layer:1.0428428649902344
INFO:trainer_layer:0.9570121765136719
INFO:trainer_layer:0.9741783142089844
INFO:trainer_layer:1.0249614715576172
INFO:trainer_layer:0.9889602661132812
INFO:trainer_layer:1.2238025665283203
INFO:trainer_layer:0.8883476257324219
INFO:trainer_layer:0.9486675262451172
INFO:trainer_layer:1.068115234375
INFO:trainer_layer:1.0304450988769531
INFO:trainer_layer:0.9312629699707031
INFO:trainer_layer:1.428842544555664
INFO:trainer_layer:1.2669563293457031
INFO:trainer_layer:1.0352134704589844
INFO:trainer_layer:0.9028911590576172
INFO:trainer_layer:1.1115074157714844
INFO:trainer_layer:1.1548995971679688
INFO:trainer_layer:1.1653900146484375
INFO:trainer_layer:0.9021759033203125
INFO:trainer_layer:1.0340213775634766
INFO:trainer_layer:1.253366470336914
INFO:trainer_layer:1.1286735534667969
INFO:trainer_layer:0.9181499481201172
INFO:trainer_layer:0.9973049163818359
INFO:trainer_layer:0.9467601776123047
INFO:trainer_layer:1.1487007141113281
INFO:trainer_layer:1.1894702911376953
INFO:trainer_layer:0.9529590606689453
INFO:trainer_layer:0.9076595306396484
INFO:trainer_layer:0.9324550628662109
INFO:trainer_layer:0.9424686431884766
INFO:trainer_layer:0.9717941284179688
INFO:trainer_layer:0.9582042694091797
INFO:trainer_layer:0.9205341339111328
INFO:trainer_layer:1.6777515411376953
INFO:trainer_layer:1.4503002166748047
INFO:trainer_layer:1.024484634399414
INFO:trainer_layer:0.9465217590332031
INFO:trainer_layer:0.965118408203125
INFO:trainer_layer:0.9489059448242188
INFO:trainer_layer:0.9334087371826172
INFO:trainer_layer:0.9403228759765625
INFO:trainer_layer:0.9415149688720703
INFO:trainer_layer:0.8919239044189453
INFO:trainer_layer:0.8828639984130859
INFO:trainer_layer:0.9038448333740234
INFO:trainer_layer:0.8866786956787109
INFO:trainer_layer:0.9477138519287109
INFO:trainer_layer:0.9081363677978516
INFO:trainer_layer:1.1360645294189453
INFO:trainer_layer:1.4636516571044922
INFO:trainer_layer:0.8723735809326172
INFO:trainer_layer:1.2481212615966797
INFO:trainer_layer:0.9350776672363281
INFO:trainer_layer:1.0273456573486328
INFO:trainer_layer:1.0013580322265625
INFO:trainer_layer:1.1620521545410156
INFO:trainer_layer:0.9677410125732422
INFO:trainer_layer:1.359701156616211
INFO:trainer_layer:0.9160041809082031
INFO:trainer_layer:1.0001659393310547
INFO:trainer_layer:0.9133815765380859
INFO:trainer_layer:1.0762214660644531
INFO:trainer_layer:0.980377197265625
INFO:trainer_layer:1.5523433685302734
INFO:trainer_layer:0.9303092956542969
INFO:trainer_layer:1.180410385131836
INFO:trainer_layer:0.9253025054931641
INFO:trainer_layer:1.0433197021484375
INFO:trainer_layer:0.9810924530029297
INFO:trainer_layer:2.011537551879883
INFO:trainer_layer:2.0177364349365234
INFO:trainer_layer:1.260519027709961
INFO:trainer_layer:0.9365081787109375
INFO:trainer_layer:0.8816719055175781
INFO:trainer_layer:1.0068416595458984
INFO:trainer_layer:1.0683536529541016
INFO:trainer_layer:0.9605884552001953
INFO:trainer_layer:1.2662410736083984
INFO:trainer_layer:1.0790824890136719
INFO:trainer_layer:0.9667873382568359
INFO:trainer_layer:0.8771419525146484
INFO:trainer_layer:1.5306472778320312
INFO:trainer_layer:1.7323493957519531
INFO:trainer_layer:1.6562938690185547
INFO:trainer_layer:1.4667510986328125
INFO:trainer_layer:0.9288787841796875
INFO:trainer_layer:1.0874271392822266
INFO:trainer_layer:1.0418891906738281
INFO:trainer_layer:1.0836124420166016
INFO:trainer_layer:0.9801387786865234
INFO:trainer_layer:0.9524822235107422
INFO:trainer_layer:0.9262561798095703
INFO:trainer_layer:1.0292530059814453
INFO:trainer_layer:0.8785724639892578
INFO:trainer_layer:0.9775161743164062
INFO:trainer_layer:0.9262561798095703
INFO:trainer_layer:1.0263919830322266
INFO:trainer_layer:1.4123916625976562
INFO:trainer_layer:1.810312271118164
INFO:trainer_layer:1.8160343170166016
INFO:trainer_layer:1.8954277038574219
INFO:trainer_layer:0.9171962738037109
INFO:trainer_layer:1.0704994201660156
INFO:trainer_layer:0.8938312530517578
INFO:trainer_layer:1.0156631469726562
INFO:trainer_layer:0.9973049163818359
INFO:trainer_layer:1.5537738800048828
INFO:trainer_layer:1.5079975128173828
INFO:trainer_layer:1.8181800842285156
INFO:trainer_layer:2.1986961364746094
INFO:trainer_layer:1.2385845184326172
INFO:trainer_layer:0.9443759918212891
INFO:trainer_layer:0.8897781372070312
INFO:trainer_layer:0.9143352508544922
INFO:trainer_layer:1.0442733764648438
INFO:trainer_layer:0.9853839874267578
INFO:trainer_layer:1.0328292846679688
INFO:trainer_layer:0.9319782257080078
INFO:trainer_layer:1.062154769897461
INFO:trainer_layer:0.9770393371582031
INFO:trainer_layer:1.0187625885009766
INFO:trainer_layer:0.9837150573730469
INFO:trainer_layer:1.1126995086669922
INFO:trainer_layer:1.0673999786376953
INFO:trainer_layer:1.0943412780761719
INFO:trainer_layer:1.0516643524169922
INFO:trainer_layer:1.3387203216552734
INFO:trainer_layer:1.1572837829589844
INFO:trainer_layer:0.9810924530029297
INFO:trainer_layer:0.9899139404296875
INFO:trainer_layer:1.0979175567626953
INFO:trainer_layer:1.0018348693847656
INFO:trainer_layer:0.9970664978027344
INFO:trainer_layer:1.4035701751708984
INFO:trainer_layer:1.3689994812011719
INFO:trainer_layer:0.9644031524658203
INFO:trainer_layer:0.9844303131103516
INFO:trainer_layer:0.9644031524658203
INFO:trainer_layer:1.024484634399414
INFO:trainer_layer:0.9388923645019531
INFO:trainer_layer:1.116037368774414
INFO:trainer_layer:0.9591579437255859
INFO:trainer_layer:1.0333061218261719
INFO:trainer_layer:1.1069774627685547
INFO:trainer_layer:1.7189979553222656
INFO:trainer_layer:1.543283462524414
INFO:trainer_layer:1.5697479248046875
INFO:trainer_layer:1.1703968048095703
INFO:trainer_layer:1.1370182037353516
INFO:trainer_layer:0.8993148803710938
INFO:trainer_layer:0.9648799896240234
INFO:trainer_layer:0.9152889251708984
INFO:trainer_layer:0.9794235229492188
INFO:trainer_layer:0.9567737579345703
INFO:trainer_layer:1.0898113250732422
INFO:trainer_layer:1.1749267578125
INFO:trainer_layer:1.2402534484863281
INFO:trainer_layer:1.0378360748291016
INFO:trainer_layer:1.050710678100586
INFO:trainer_layer:0.9641647338867188
INFO:trainer_layer:1.1110305786132812
INFO:trainer_layer:1.828908920288086
INFO:trainer_layer:2.053499221801758
INFO:trainer_layer:1.4111995697021484
INFO:trainer_layer:0.9260177612304688
INFO:trainer_layer:0.9107589721679688
INFO:trainer_layer:1.0991096496582031
INFO:trainer_layer:1.0204315185546875
INFO:trainer_layer:1.0972023010253906
INFO:trainer_layer:1.1112689971923828
INFO:trainer_layer:1.4085769653320312
INFO:trainer_layer:1.0082721710205078
INFO:trainer_layer:0.9174346923828125
INFO:trainer_layer:1.1413097381591797
INFO:trainer_layer:1.1682510375976562
INFO:trainer_layer:1.1060237884521484
INFO:trainer_layer:1.2826919555664062
INFO:trainer_layer:1.245260238647461
INFO:trainer_layer:1.0173320770263672
INFO:trainer_layer:1.1301040649414062
INFO:trainer_layer:0.9982585906982422
INFO:trainer_layer:1.1703968048095703
INFO:trainer_layer:1.0266304016113281
INFO:trainer_layer:1.3191699981689453
INFO:trainer_layer:1.1627674102783203
INFO:trainer_layer:1.1200904846191406
INFO:trainer_layer:1.1098384857177734
INFO:trainer_layer:1.0013580322265625
INFO:trainer_layer:1.1258125305175781
INFO:trainer_layer:1.0840892791748047
INFO:trainer_layer:1.0306835174560547
INFO:trainer_layer:1.3470649719238281
INFO:trainer_layer:1.234292984008789
INFO:trainer_layer:1.0008811950683594
INFO:trainer_layer:0.9531974792480469
INFO:trainer_layer:1.0547637939453125
INFO:trainer_layer:0.9377002716064453
INFO:trainer_layer:1.1453628540039062
INFO:trainer_layer:0.9579658508300781
INFO:trainer_layer:1.3420581817626953
INFO:trainer_layer:1.1184215545654297
INFO:trainer_layer:1.0836124420166016
INFO:trainer_layer:0.9174346923828125
INFO:trainer_layer:1.127481460571289
INFO:trainer_layer:0.9245872497558594
INFO:trainer_layer:1.0385513305664062
INFO:trainer_layer:1.4193058013916016
INFO:trainer_layer:1.2297630310058594
INFO:trainer_layer:0.8897781372070312
INFO:trainer_layer:1.0216236114501953
INFO:trainer_layer:0.9226799011230469
INFO:trainer_layer:1.1224746704101562
INFO:trainer_layer:0.9150505065917969
INFO:trainer_layer:1.003265380859375
INFO:trainer_layer:1.1086463928222656
INFO:trainer_layer:1.2364387512207031
INFO:trainer_layer:0.9622573852539062
INFO:trainer_layer:1.0509490966796875
INFO:trainer_layer:0.9341239929199219
INFO:trainer_layer:1.0666847229003906
INFO:trainer_layer:0.9725093841552734
INFO:trainer_layer:1.0788440704345703
INFO:trainer_layer:1.3670921325683594
INFO:trainer_layer:1.138925552368164
INFO:trainer_layer:0.9720325469970703
INFO:trainer_layer:1.0418891906738281
INFO:trainer_layer:0.9520053863525391
INFO:trainer_layer:1.0442733764648438
INFO:trainer_layer:0.9655952453613281
INFO:trainer_layer:1.4996528625488281
INFO:trainer_layer:1.0182857513427734
INFO:trainer_layer:0.8985996246337891
INFO:trainer_layer:1.1060237884521484
INFO:trainer_layer:1.0075569152832031
INFO:trainer_layer:0.9827613830566406
INFO:trainer_layer:1.0538101196289062
INFO:trainer_layer:1.0173320770263672
INFO:trainer_layer:0.9829998016357422
INFO:trainer_layer:1.302957534790039
INFO:trainer_layer:1.066446304321289
INFO:trainer_layer:0.9720325469970703
INFO:trainer_layer:1.123666763305664
INFO:trainer_layer:0.9953975677490234
INFO:trainer_layer:1.0724067687988281
INFO:trainer_layer:1.354217529296875
INFO:trainer_layer:1.2042522430419922
INFO:trainer_layer:1.0161399841308594
INFO:trainer_layer:1.0802745819091797
INFO:trainer_layer:0.9799003601074219
INFO:trainer_layer:1.0764598846435547
INFO:trainer_layer:1.0144710540771484
INFO:trainer_layer:1.5230178833007812
INFO:trainer_layer:1.033782958984375
INFO:trainer_layer:1.1925697326660156
INFO:trainer_layer:1.0395050048828125
INFO:trainer_layer:1.0266304016113281
INFO:trainer_layer:1.5513896942138672
INFO:trainer_layer:1.5268325805664062
INFO:trainer_layer:1.0421276092529297
INFO:trainer_layer:0.87738037109375
INFO:trainer_layer:0.8840560913085938
INFO:trainer_layer:0.9605884552001953
INFO:trainer_layer:1.0831356048583984
INFO:trainer_layer:1.211404800415039
INFO:trainer_layer:1.0738372802734375
INFO:trainer_layer:1.3797283172607422
INFO:trainer_layer:1.0721683502197266
INFO:trainer_layer:0.949859619140625
INFO:trainer_layer:0.9512901306152344
INFO:trainer_layer:1.0280609130859375
INFO:trainer_layer:0.9813308715820312
INFO:trainer_layer:1.0268688201904297
INFO:trainer_layer:1.0371208190917969
INFO:trainer_layer:1.4111995697021484
INFO:trainer_layer:1.298666000366211
INFO:trainer_layer:0.9899139404296875
INFO:trainer_layer:0.9980201721191406
INFO:trainer_layer:1.0595321655273438
INFO:trainer_layer:1.0750293731689453
INFO:trainer_layer:1.0161399841308594
INFO:trainer_layer:1.070261001586914
INFO:trainer_layer:1.0464191436767578
INFO:trainer_layer:1.4531612396240234
INFO:trainer_layer:0.988006591796875
INFO:trainer_layer:0.9660720825195312
INFO:trainer_layer:0.9763240814208984
INFO:trainer_layer:1.0099411010742188
INFO:trainer_layer:0.9825229644775391
INFO:trainer_layer:1.7418861389160156
INFO:trainer_layer:1.6775131225585938
INFO:trainer_layer:1.979827880859375
INFO:trainer_layer:0.9877681732177734
INFO:trainer_layer:1.0471343994140625
INFO:trainer_layer:0.8983612060546875
INFO:trainer_layer:1.0752677917480469
INFO:trainer_layer:1.0402202606201172
INFO:trainer_layer:1.4166831970214844
INFO:trainer_layer:0.9260177612304688
INFO:trainer_layer:1.0225772857666016
INFO:trainer_layer:0.9472370147705078
INFO:trainer_layer:1.0142326354980469
INFO:trainer_layer:0.9725093841552734
INFO:trainer_layer:1.0647773742675781
INFO:trainer_layer:1.2738704681396484
INFO:trainer_layer:1.0497570037841797
INFO:trainer_layer:0.8859634399414062
INFO:trainer_layer:1.0480880737304688
INFO:trainer_layer:0.9036064147949219
INFO:trainer_layer:1.6722679138183594
INFO:trainer_layer:1.5246868133544922
INFO:trainer_layer:1.7566680908203125
INFO:trainer_layer:0.8761882781982422
INFO:trainer_layer:0.9930133819580078
INFO:trainer_layer:0.9140968322753906
INFO:trainer_layer:1.0006427764892578
INFO:trainer_layer:0.9441375732421875
INFO:trainer_layer:1.0135173797607422
INFO:trainer_layer:1.3532638549804688
INFO:trainer_layer:1.4486312866210938
INFO:trainer_layer:0.8804798126220703
INFO:trainer_layer:1.0035037994384766
INFO:trainer_layer:0.8952617645263672
INFO:trainer_layer:1.0902881622314453
INFO:trainer_layer:0.9794235229492188
INFO:trainer_layer:1.9197463989257812
INFO:trainer_layer:1.7883777618408203
INFO:trainer_layer:1.4979839324951172
INFO:trainer_layer:1.0819435119628906
INFO:trainer_layer:0.96893310546875
INFO:trainer_layer:1.0495185852050781
INFO:trainer_layer:0.9462833404541016
INFO:trainer_layer:0.9188652038574219
INFO:trainer_layer:1.0190010070800781
INFO:trainer_layer:0.9992122650146484
INFO:trainer_layer:0.9353160858154297
INFO:trainer_layer:1.026153564453125
INFO:trainer_layer:0.949859619140625
INFO:trainer_layer:1.3453960418701172
INFO:trainer_layer:1.3494491577148438
INFO:trainer_layer:1.3065338134765625
INFO:trainer_layer:1.4333724975585938
INFO:trainer_layer:1.371145248413086
INFO:trainer_layer:0.9381771087646484
INFO:trainer_layer:1.4927387237548828
INFO:trainer_layer:1.7652511596679688
INFO:trainer_layer:1.422882080078125
INFO:trainer_layer:1.2996196746826172
INFO:trainer_layer:1.3790130615234375
INFO:trainer_layer:1.5251636505126953
INFO:trainer_layer:1.4197826385498047
INFO:trainer_layer:1.5048980712890625
INFO:trainer_layer:1.3957023620605469
INFO:trainer_layer:1.280069351196289
INFO:trainer_layer:1.4123916625976562
INFO:trainer_layer:1.4801025390625
INFO:trainer_layer:1.4357566833496094
INFO:trainer_layer:1.398324966430664
INFO:trainer_layer:1.100778579711914
INFO:trainer_layer:0.9903907775878906
INFO:trainer_layer:1.150369644165039
INFO:trainer_layer:0.9789466857910156
INFO:trainer_layer:1.0769367218017578
INFO:trainer_layer:0.9799003601074219
INFO:trainer_layer:1.3840198516845703
INFO:trainer_layer:1.2521743774414062
INFO:trainer_layer:1.0755062103271484
INFO:trainer_layer:0.9970664978027344
INFO:trainer_layer:1.12152099609375
INFO:trainer_layer:0.9901523590087891
INFO:trainer_layer:1.1119842529296875
INFO:trainer_layer:1.2679100036621094
INFO:trainer_layer:1.0929107666015625
INFO:trainer_layer:1.010894775390625
INFO:trainer_layer:1.201629638671875
INFO:trainer_layer:1.2047290802001953
INFO:trainer_layer:1.0383129119873047
INFO:trainer_layer:0.9050369262695312
INFO:trainer_layer:0.9450912475585938
INFO:trainer_layer:0.8718967437744141
INFO:trainer_layer:0.9086132049560547
INFO:trainer_layer:0.8966922760009766
INFO:trainer_layer:1.0194778442382812
INFO:trainer_layer:0.9081363677978516
INFO:trainer_layer:1.0216236114501953
INFO:trainer_layer:0.9746551513671875
INFO:trainer_layer:0.9350776672363281
INFO:trainer_layer:0.9620189666748047
INFO:trainer_layer:0.8761882781982422
INFO:trainer_layer:0.9775161743164062
INFO:trainer_layer:0.96893310546875
INFO:trainer_layer:0.9241104125976562
INFO:trainer_layer:0.9355545043945312
INFO:trainer_layer:0.9601116180419922
INFO:trainer_layer:0.9198188781738281
INFO:trainer_layer:0.8778572082519531
INFO:trainer_layer:0.8718967437744141
INFO:trainer_layer:0.9107589721679688
INFO:trainer_layer:0.8769035339355469
INFO:trainer_layer:0.9446144104003906
INFO:trainer_layer:0.9319782257080078
INFO:trainer_layer:0.9620189666748047
INFO:trainer_layer:0.9722709655761719
INFO:trainer_layer:1.508951187133789
INFO:trainer_layer:0.89263916015625
INFO:trainer_layer:0.9703636169433594
INFO:trainer_layer:0.9636878967285156
INFO:trainer_layer:1.0044574737548828
INFO:trainer_layer:0.8983612060546875
INFO:trainer_layer:0.9565353393554688
INFO:trainer_layer:1.039743423461914
INFO:trainer_layer:1.4138221740722656
INFO:trainer_layer:0.8747577667236328
INFO:trainer_layer:0.9410381317138672
INFO:trainer_layer:0.9319782257080078
INFO:trainer_layer:1.008749008178711
INFO:trainer_layer:1.1205673217773438
INFO:trainer_layer:0.9267330169677734
INFO:trainer_layer:1.0464191436767578
INFO:trainer_layer:1.4476776123046875
INFO:trainer_layer:0.9789466857910156
INFO:trainer_layer:0.8738040924072266
INFO:trainer_layer:1.0051727294921875
INFO:trainer_layer:0.9338855743408203
INFO:trainer_layer:1.066446304321289
INFO:trainer_layer:0.9381771087646484
INFO:trainer_layer:1.1839866638183594
INFO:trainer_layer:1.5168190002441406
INFO:trainer_layer:0.9713172912597656
INFO:trainer_layer:0.8907318115234375
INFO:trainer_layer:1.0724067687988281
INFO:trainer_layer:0.934600830078125
INFO:trainer_layer:1.132965087890625
INFO:trainer_layer:0.9150505065917969
INFO:trainer_layer:0.9462833404541016
INFO:trainer_layer:0.8924007415771484
INFO:trainer_layer:0.9899139404296875
INFO:trainer_layer:0.9768009185791016
INFO:trainer_layer:1.5649795532226562
INFO:trainer_layer:1.7156600952148438
INFO:trainer_layer:1.7902851104736328
INFO:trainer_layer:1.3382434844970703
INFO:trainer_layer:0.8699893951416016
INFO:trainer_layer:1.0602474212646484
INFO:trainer_layer:1.3859272003173828
INFO:trainer_layer:2.1080970764160156
INFO:trainer_layer:1.2867450714111328
INFO:trainer_layer:1.4264583587646484
INFO:trainer_layer:1.2865066528320312
INFO:trainer_layer:1.2826919555664062
INFO:trainer_layer:1.3756752014160156
INFO:trainer_layer:1.2269020080566406
INFO:trainer_layer:1.3794898986816406
INFO:trainer_layer:1.4557838439941406
INFO:trainer_layer:0.8640289306640625
INFO:trainer_layer:0.9548664093017578
INFO:trainer_layer:1.0840892791748047
INFO:trainer_layer:0.9295940399169922
INFO:trainer_layer:0.8714199066162109
INFO:trainer_layer:0.9033679962158203
INFO:trainer_layer:2.1164417266845703
INFO:trainer_layer:1.1949539184570312
INFO:trainer_layer:1.2538433074951172
INFO:trainer_layer:1.2345314025878906
INFO:trainer_layer:1.180887222290039
INFO:trainer_layer:0.8985996246337891
INFO:trainer_layer:1.4896392822265625
INFO:trainer_layer:1.1737346649169922
INFO:trainer_layer:1.1451244354248047
INFO:trainer_layer:0.9052753448486328
INFO:trainer_layer:1.0225772857666016
INFO:trainer_layer:0.9300708770751953
INFO:trainer_layer:1.0352134704589844
INFO:trainer_layer:0.8785724639892578
INFO:trainer_layer:0.980377197265625
INFO:trainer_layer:0.8778572082519531
INFO:trainer_layer:1.0330677032470703
INFO:trainer_layer:0.8633136749267578
INFO:trainer_layer:0.9655952453613281
INFO:trainer_layer:0.9560585021972656
INFO:trainer_layer:1.0180473327636719
INFO:trainer_layer:0.9343624114990234
INFO:trainer_layer:1.0135173797607422
INFO:trainer_layer:1.4185905456542969
INFO:trainer_layer:1.3387203216552734
INFO:trainer_layer:0.9114742279052734
INFO:trainer_layer:0.9706020355224609
INFO:trainer_layer:0.9737014770507812
INFO:trainer_layer:1.1742115020751953
INFO:trainer_layer:0.8714199066162109
INFO:trainer_layer:1.0142326354980469
INFO:trainer_layer:1.392364501953125
INFO:trainer_layer:1.5118122100830078
INFO:trainer_layer:0.8687973022460938
INFO:trainer_layer:1.0750293731689453
INFO:trainer_layer:0.9250640869140625
INFO:trainer_layer:1.0554790496826172
INFO:trainer_layer:0.8730888366699219
INFO:trainer_layer:0.9992122650146484
INFO:trainer_layer:1.3883113861083984
INFO:trainer_layer:1.3315677642822266
INFO:trainer_layer:1.0221004486083984
INFO:trainer_layer:1.0235309600830078
INFO:trainer_layer:0.9138584136962891
INFO:trainer_layer:1.0886192321777344
INFO:trainer_layer:0.8957386016845703
INFO:trainer_layer:0.9582042694091797
INFO:trainer_layer:1.0769367218017578
INFO:trainer_layer:1.1761188507080078
INFO:trainer_layer:0.8721351623535156
INFO:trainer_layer:0.8733272552490234
INFO:trainer_layer:0.8649826049804688
INFO:trainer_layer:0.9191036224365234
INFO:trainer_layer:1.0726451873779297
INFO:trainer_layer:1.252889633178711
INFO:trainer_layer:1.3921260833740234
INFO:trainer_layer:1.173257827758789
INFO:trainer_layer:1.2726783752441406
INFO:trainer_layer:1.318216323852539
INFO:trainer_layer:0.9210109710693359
INFO:trainer_layer:1.2927055358886719
INFO:trainer_layer:1.3093948364257812
INFO:trainer_layer:1.3098716735839844
INFO:trainer_layer:1.5079975128173828
INFO:trainer_layer:1.3225078582763672
INFO:trainer_layer:1.3196468353271484
INFO:trainer_layer:1.369476318359375
INFO:trainer_layer:1.2707710266113281
INFO:trainer_layer:1.6052722930908203
INFO:trainer_layer:1.2943744659423828
INFO:trainer_layer:1.2950897216796875
INFO:trainer_layer:1.294851303100586
INFO:trainer_layer:1.3628005981445312
INFO:trainer_layer:1.3053417205810547
INFO:trainer_layer:1.3821125030517578
INFO:trainer_layer:1.4178752899169922
INFO:trainer_layer:0.9748935699462891
INFO:trainer_layer:1.6984939575195312
INFO:trainer_layer:1.5821456909179688
INFO:trainer_layer:1.7900466918945312
INFO:trainer_layer:0.9131431579589844
INFO:trainer_layer:1.333475112915039
INFO:trainer_layer:0.9410381317138672
INFO:trainer_layer:1.0259151458740234
INFO:trainer_layer:0.9138584136962891
INFO:trainer_layer:1.0554790496826172
INFO:trainer_layer:0.9164810180664062
INFO:trainer_layer:1.065969467163086
INFO:trainer_layer:1.020669937133789
INFO:trainer_layer:0.9338855743408203
INFO:trainer_layer:0.9856224060058594
INFO:trainer_layer:1.0976791381835938
INFO:trainer_layer:0.9667873382568359
INFO:trainer_layer:1.0480880737304688
INFO:trainer_layer:0.9429454803466797
INFO:trainer_layer:1.1434555053710938
INFO:trainer_layer:0.9851455688476562
INFO:trainer_layer:1.3439655303955078
INFO:trainer_layer:0.9140968322753906
INFO:trainer_layer:1.0759830474853516
INFO:trainer_layer:0.9448528289794922
INFO:trainer_layer:1.0542869567871094
INFO:trainer_layer:0.9303092956542969
INFO:trainer_layer:0.9968280792236328
INFO:trainer_layer:0.9317398071289062
INFO:trainer_layer:1.316070556640625
INFO:trainer_layer:0.8800029754638672
INFO:trainer_layer:1.0347366333007812
INFO:trainer_layer:0.911712646484375
INFO:trainer_layer:1.0292530059814453
INFO:trainer_layer:0.9379386901855469
INFO:trainer_layer:0.9856224060058594
INFO:trainer_layer:1.0993480682373047
INFO:trainer_layer:1.3225078582763672
INFO:trainer_layer:0.87738037109375
INFO:trainer_layer:1.0523796081542969
INFO:trainer_layer:0.9813308715820312
INFO:trainer_layer:1.1012554168701172
INFO:trainer_layer:0.9348392486572266
INFO:trainer_layer:1.0769367218017578
INFO:trainer_layer:1.0957717895507812
INFO:trainer_layer:1.2395381927490234
INFO:trainer_layer:1.027822494506836
INFO:trainer_layer:1.0781288146972656
INFO:trainer_layer:0.9639263153076172
INFO:trainer_layer:1.041412353515625
INFO:trainer_layer:1.007080078125
INFO:trainer_layer:1.2409687042236328
INFO:trainer_layer:1.5380382537841797
INFO:trainer_layer:1.0018348693847656
INFO:trainer_layer:0.9179115295410156
INFO:trainer_layer:1.008749008178711
INFO:trainer_layer:0.9181499481201172
INFO:trainer_layer:1.03759765625
INFO:trainer_layer:0.9086132049560547
INFO:trainer_layer:0.8938312530517578
INFO:trainer_layer:1.0025501251220703
INFO:trainer_layer:1.1179447174072266
INFO:trainer_layer:0.9105205535888672
INFO:trainer_layer:1.0387897491455078
INFO:trainer_layer:0.9663105010986328
INFO:trainer_layer:1.1360645294189453
INFO:trainer_layer:0.8940696716308594
INFO:trainer_layer:1.026153564453125
INFO:trainer_layer:0.9939670562744141
INFO:trainer_layer:1.0166168212890625
INFO:trainer_layer:0.9012222290039062
INFO:trainer_layer:1.0521411895751953
INFO:trainer_layer:0.9088516235351562
INFO:trainer_layer:1.1186599731445312
INFO:trainer_layer:0.9682178497314453
INFO:trainer_layer:1.2671947479248047
INFO:trainer_layer:1.0020732879638672
INFO:trainer_layer:0.9217262268066406
INFO:trainer_layer:0.9417533874511719
INFO:trainer_layer:1.0762214660644531
INFO:trainer_layer:0.9477138519287109
INFO:trainer_layer:1.0793209075927734
INFO:trainer_layer:0.8807182312011719
INFO:trainer_layer:1.0058879852294922
INFO:trainer_layer:1.4052391052246094
INFO:trainer_layer:0.8966922760009766
INFO:trainer_layer:0.9083747863769531
INFO:trainer_layer:0.9591579437255859
INFO:trainer_layer:0.9379386901855469
INFO:trainer_layer:0.9884834289550781
INFO:trainer_layer:0.9288787841796875
INFO:trainer_layer:1.0554790496826172
INFO:trainer_layer:0.9896755218505859
INFO:trainer_layer:0.8800029754638672
INFO:trainer_layer:0.9894371032714844
INFO:trainer_layer:1.0192394256591797
INFO:trainer_layer:1.0247230529785156
INFO:trainer_layer:1.0123252868652344
INFO:trainer_layer:0.9634494781494141
INFO:trainer_layer:1.2836456298828125
INFO:trainer_layer:1.194000244140625
INFO:trainer_layer:1.0263919830322266
INFO:trainer_layer:0.8950233459472656
INFO:trainer_layer:0.9324550628662109
INFO:trainer_layer:0.9224414825439453
INFO:trainer_layer:0.8738040924072266
INFO:trainer_layer:0.9114742279052734
INFO:trainer_layer:1.2123584747314453
INFO:trainer_layer:1.2428760528564453
INFO:trainer_layer:0.9894371032714844
INFO:trainer_layer:0.9400844573974609
INFO:trainer_layer:1.0180473327636719
INFO:trainer_layer:0.9558200836181641
INFO:trainer_layer:0.9632110595703125
INFO:trainer_layer:0.9076595306396484
INFO:trainer_layer:1.2497901916503906
INFO:trainer_layer:1.268625259399414
INFO:trainer_layer:0.9446144104003906
INFO:trainer_layer:0.9179115295410156
INFO:trainer_layer:0.9837150573730469
INFO:trainer_layer:1.0654926300048828
INFO:trainer_layer:0.8924007415771484
INFO:trainer_layer:1.2905597686767578
INFO:trainer_layer:1.043558120727539
INFO:trainer_layer:1.1086463928222656
INFO:trainer_layer:1.0528564453125
INFO:trainer_layer:0.9860992431640625
INFO:trainer_layer:0.9777545928955078
INFO:trainer_layer:0.9582042694091797
INFO:trainer_layer:0.9720325469970703
INFO:trainer_layer:1.2106895446777344
INFO:trainer_layer:1.1570453643798828
INFO:trainer_layer:0.9391307830810547
INFO:trainer_layer:1.0135173797607422
INFO:trainer_layer:0.9510517120361328
INFO:trainer_layer:0.9756088256835938
INFO:trainer_layer:0.9288787841796875
INFO:trainer_layer:0.9593963623046875
INFO:trainer_layer:1.0528564453125
INFO:trainer_layer:1.5871524810791016
INFO:trainer_layer:1.6608238220214844
INFO:trainer_layer:1.531362533569336
INFO:trainer_layer:1.0943412780761719
INFO:trainer_layer:0.8988380432128906
INFO:trainer_layer:0.9357929229736328
INFO:trainer_layer:1.3670921325683594
INFO:trainer_layer:1.3589859008789062
INFO:trainer_layer:1.0783672332763672
INFO:trainer_layer:0.9748935699462891
INFO:trainer_layer:1.0085105895996094
INFO:trainer_layer:0.9846687316894531
INFO:trainer_layer:1.0285377502441406
INFO:trainer_layer:1.0089874267578125
INFO:trainer_layer:1.1799335479736328
INFO:trainer_layer:0.9510517120361328
INFO:trainer_layer:0.8916854858398438
INFO:trainer_layer:0.9064674377441406
INFO:trainer_layer:1.1074542999267578
INFO:trainer_layer:1.1048316955566406
INFO:trainer_layer:1.074075698852539
INFO:trainer_layer:1.2984275817871094
INFO:trainer_layer:1.2950897216796875
INFO:trainer_layer:1.0347366333007812
INFO:trainer_layer:1.2652873992919922
INFO:trainer_layer:1.1382102966308594
INFO:trainer_layer:1.0297298431396484
INFO:trainer_layer:1.8649101257324219
INFO:trainer_layer:1.6074180603027344
INFO:trainer_layer:1.3000965118408203
INFO:trainer_layer:1.3899803161621094
INFO:trainer_layer:1.4302730560302734
INFO:trainer_layer:1.6181468963623047
INFO:trainer_layer:1.7123222351074219
INFO:trainer_layer:1.123666763305664
INFO:trainer_layer:1.043558120727539
INFO:trainer_layer:1.1246204376220703
INFO:trainer_layer:1.1982917785644531
INFO:trainer_layer:1.1005401611328125
INFO:trainer_layer:1.1866092681884766
INFO:trainer_layer:1.4712810516357422
INFO:trainer_layer:1.3675689697265625
INFO:trainer_layer:1.0528564453125
INFO:trainer_layer:1.005411148071289
INFO:trainer_layer:1.119852066040039
