INFO:trainer_layer_forward:CNNEx | mnist
INFO:trainer_layer_forward:in_size : 128 | epochs : 1 | batch : 1
INFO:trainer_layer_forward:kernel_l1 : 65 | kernel_l2 : 33 | kernel_l3 : 17 
INFO:trainer_layer_forward:o_channels_l1 : 5 | o_channels_l2 : 5 | o_channels_l3 : 5 
INFO:trainer_layer_forward::::::::::::::::::::::::::::::::::::::::::::::::::::::::::::
INFO:trainer_layer_forward:message : cnn_all_layer 
INFO:trainer_layer_forward::::::::::::::::::::::::::::::::::::::::::::::::::::::::::::
INFO:trainer_layer_forward:Ave_Time : 0.9837505768756477
INFO:trainer_layer_forward::::::::::::::::::::::::::::::::::::::::::::::::::::::::::::
INFO:trainer_layer_forward:1.0743141174316406
INFO:trainer_layer_forward:1.0516643524169922
INFO:trainer_layer_forward:1.0142326354980469
INFO:trainer_layer_forward:1.055002212524414
INFO:trainer_layer_forward:1.0404586791992188
INFO:trainer_layer_forward:0.9670257568359375
INFO:trainer_layer_forward:0.9970664978027344
INFO:trainer_layer_forward:1.0037422180175781
INFO:trainer_layer_forward:1.0068416595458984
INFO:trainer_layer_forward:1.1985301971435547
INFO:trainer_layer_forward:1.0361671447753906
INFO:trainer_layer_forward:1.0228157043457031
INFO:trainer_layer_forward:1.0297298431396484
INFO:trainer_layer_forward:0.9970664978027344
INFO:trainer_layer_forward:1.1854171752929688
INFO:trainer_layer_forward:2.394437789916992
INFO:trainer_layer_forward:1.7399787902832031
INFO:trainer_layer_forward:1.1219978332519531
INFO:trainer_layer_forward:1.1107921600341797
INFO:trainer_layer_forward:1.094818115234375
INFO:trainer_layer_forward:1.0151863098144531
INFO:trainer_layer_forward:1.0094642639160156
INFO:trainer_layer_forward:1.2443065643310547
INFO:trainer_layer_forward:1.0974407196044922
INFO:trainer_layer_forward:1.1515617370605469
INFO:trainer_layer_forward:1.1649131774902344
INFO:trainer_layer_forward:1.1339187622070312
INFO:trainer_layer_forward:1.21307373046875
INFO:trainer_layer_forward:1.1401176452636719
INFO:trainer_layer_forward:1.007080078125
INFO:trainer_layer_forward:0.9992122650146484
INFO:trainer_layer_forward:1.0111331939697266
INFO:trainer_layer_forward:1.0135173797607422
INFO:trainer_layer_forward:1.3382434844970703
INFO:trainer_layer_forward:1.3821125030517578
INFO:trainer_layer_forward:1.2962818145751953
INFO:trainer_layer_forward:1.2118816375732422
INFO:trainer_layer_forward:1.0530948638916016
INFO:trainer_layer_forward:1.3055801391601562
INFO:trainer_layer_forward:1.2960433959960938
INFO:trainer_layer_forward:1.0209083557128906
INFO:trainer_layer_forward:0.9562969207763672
INFO:trainer_layer_forward:1.0466575622558594
INFO:trainer_layer_forward:0.9884834289550781
INFO:trainer_layer_forward:1.1601448059082031
INFO:trainer_layer_forward:1.0950565338134766
INFO:trainer_layer_forward:1.1391639709472656
INFO:trainer_layer_forward:1.0044574737548828
INFO:trainer_layer_forward:1.0499954223632812
INFO:trainer_layer_forward:1.0116100311279297
INFO:trainer_layer_forward:1.373291015625
INFO:trainer_layer_forward:1.2164115905761719
INFO:trainer_layer_forward:1.0998249053955078
INFO:trainer_layer_forward:1.0259151458740234
INFO:trainer_layer_forward:1.1820793151855469
INFO:trainer_layer_forward:1.0597705841064453
INFO:trainer_layer_forward:1.283884048461914
INFO:trainer_layer_forward:0.9953975677490234
INFO:trainer_layer_forward:0.9474754333496094
INFO:trainer_layer_forward:0.9479522705078125
INFO:trainer_layer_forward:0.9672641754150391
INFO:trainer_layer_forward:1.0762214660644531
INFO:trainer_layer_forward:0.9984970092773438
INFO:trainer_layer_forward:1.1792182922363281
INFO:trainer_layer_forward:1.020669937133789
INFO:trainer_layer_forward:1.0399818420410156
INFO:trainer_layer_forward:1.1048316955566406
INFO:trainer_layer_forward:1.0576248168945312
INFO:trainer_layer_forward:0.9989738464355469
INFO:trainer_layer_forward:1.0020732879638672
INFO:trainer_layer_forward:0.9927749633789062
INFO:trainer_layer_forward:1.0654926300048828
INFO:trainer_layer_forward:0.9379386901855469
INFO:trainer_layer_forward:0.9486675262451172
INFO:trainer_layer_forward:1.1425018310546875
INFO:trainer_layer_forward:1.129150390625
INFO:trainer_layer_forward:1.102447509765625
INFO:trainer_layer_forward:1.0764598846435547
INFO:trainer_layer_forward:0.9882450103759766
INFO:trainer_layer_forward:1.0445117950439453
INFO:trainer_layer_forward:1.049041748046875
INFO:trainer_layer_forward:1.1751651763916016
INFO:trainer_layer_forward:1.2054443359375
INFO:trainer_layer_forward:1.0423660278320312
INFO:trainer_layer_forward:1.0290145874023438
INFO:trainer_layer_forward:0.9808540344238281
INFO:trainer_layer_forward:1.0960102081298828
INFO:trainer_layer_forward:0.9453296661376953
INFO:trainer_layer_forward:1.0089874267578125
INFO:trainer_layer_forward:0.9443759918212891
INFO:trainer_layer_forward:1.035451889038086
INFO:trainer_layer_forward:0.9517669677734375
INFO:trainer_layer_forward:1.38092041015625
INFO:trainer_layer_forward:0.9710788726806641
INFO:trainer_layer_forward:1.2645721435546875
INFO:trainer_layer_forward:0.9596347808837891
INFO:trainer_layer_forward:0.9760856628417969
INFO:trainer_layer_forward:0.9374618530273438
INFO:trainer_layer_forward:0.9431838989257812
INFO:trainer_layer_forward:1.6448497772216797
INFO:trainer_layer_forward:0.9863376617431641
INFO:trainer_layer_forward:0.9875297546386719
INFO:trainer_layer_forward:1.0230541229248047
INFO:trainer_layer_forward:0.9732246398925781
INFO:trainer_layer_forward:1.2896060943603516
INFO:trainer_layer_forward:1.283407211303711
INFO:trainer_layer_forward:1.0030269622802734
INFO:trainer_layer_forward:0.9555816650390625
INFO:trainer_layer_forward:1.1515617370605469
INFO:trainer_layer_forward:1.1551380157470703
INFO:trainer_layer_forward:1.3310909271240234
INFO:trainer_layer_forward:1.4455318450927734
INFO:trainer_layer_forward:1.0294914245605469
INFO:trainer_layer_forward:1.0135173797607422
INFO:trainer_layer_forward:1.0118484497070312
INFO:trainer_layer_forward:1.0137557983398438
INFO:trainer_layer_forward:1.3163089752197266
INFO:trainer_layer_forward:1.2826919555664062
INFO:trainer_layer_forward:1.0166168212890625
INFO:trainer_layer_forward:1.0373592376708984
INFO:trainer_layer_forward:1.0137557983398438
INFO:trainer_layer_forward:1.0242462158203125
INFO:trainer_layer_forward:0.9906291961669922
INFO:trainer_layer_forward:1.3041496276855469
INFO:trainer_layer_forward:0.9622573852539062
INFO:trainer_layer_forward:1.0333061218261719
INFO:trainer_layer_forward:0.9796619415283203
INFO:trainer_layer_forward:1.0402202606201172
INFO:trainer_layer_forward:1.0046958923339844
INFO:trainer_layer_forward:1.1508464813232422
INFO:trainer_layer_forward:1.184225082397461
INFO:trainer_layer_forward:1.0242462158203125
INFO:trainer_layer_forward:1.1172294616699219
INFO:trainer_layer_forward:1.0221004486083984
INFO:trainer_layer_forward:1.0449886322021484
INFO:trainer_layer_forward:1.6307830810546875
INFO:trainer_layer_forward:1.0647773742675781
INFO:trainer_layer_forward:1.024007797241211
INFO:trainer_layer_forward:0.885009765625
INFO:trainer_layer_forward:1.0364055633544922
INFO:trainer_layer_forward:0.9782314300537109
INFO:trainer_layer_forward:0.9241104125976562
INFO:trainer_layer_forward:0.9255409240722656
INFO:trainer_layer_forward:1.0936260223388672
INFO:trainer_layer_forward:0.8902549743652344
INFO:trainer_layer_forward:0.9033679962158203
INFO:trainer_layer_forward:0.9500980377197266
INFO:trainer_layer_forward:0.9071826934814453
INFO:trainer_layer_forward:1.0139942169189453
INFO:trainer_layer_forward:1.1479854583740234
INFO:trainer_layer_forward:1.363515853881836
INFO:trainer_layer_forward:0.980377197265625
INFO:trainer_layer_forward:1.0082721710205078
INFO:trainer_layer_forward:0.9691715240478516
INFO:trainer_layer_forward:0.9706020355224609
INFO:trainer_layer_forward:1.0249614715576172
INFO:trainer_layer_forward:1.2478828430175781
INFO:trainer_layer_forward:1.0149478912353516
INFO:trainer_layer_forward:0.9992122650146484
INFO:trainer_layer_forward:0.9915828704833984
INFO:trainer_layer_forward:0.9005069732666016
INFO:trainer_layer_forward:0.9310245513916016
INFO:trainer_layer_forward:1.0290145874023438
INFO:trainer_layer_forward:1.1641979217529297
INFO:trainer_layer_forward:0.9369850158691406
INFO:trainer_layer_forward:1.0156631469726562
INFO:trainer_layer_forward:0.9026527404785156
INFO:trainer_layer_forward:0.9341239929199219
INFO:trainer_layer_forward:1.2903213500976562
INFO:trainer_layer_forward:1.2013912200927734
INFO:trainer_layer_forward:0.9348392486572266
INFO:trainer_layer_forward:1.0716915130615234
INFO:trainer_layer_forward:1.0221004486083984
INFO:trainer_layer_forward:0.92315673828125
INFO:trainer_layer_forward:0.9477138519287109
INFO:trainer_layer_forward:1.1267662048339844
INFO:trainer_layer_forward:1.0304450988769531
INFO:trainer_layer_forward:0.9207725524902344
INFO:trainer_layer_forward:1.0006427764892578
INFO:trainer_layer_forward:0.8661746978759766
INFO:trainer_layer_forward:0.9765625
INFO:trainer_layer_forward:0.9169578552246094
INFO:trainer_layer_forward:1.0306835174560547
INFO:trainer_layer_forward:1.2576580047607422
INFO:trainer_layer_forward:0.8749961853027344
INFO:trainer_layer_forward:0.8800029754638672
INFO:trainer_layer_forward:0.8704662322998047
INFO:trainer_layer_forward:0.8807182312011719
INFO:trainer_layer_forward:0.9009838104248047
INFO:trainer_layer_forward:0.988006591796875
INFO:trainer_layer_forward:1.031637191772461
INFO:trainer_layer_forward:0.9949207305908203
INFO:trainer_layer_forward:0.9434223175048828
INFO:trainer_layer_forward:0.9961128234863281
INFO:trainer_layer_forward:0.8947849273681641
INFO:trainer_layer_forward:1.0945796966552734
INFO:trainer_layer_forward:1.1320114135742188
INFO:trainer_layer_forward:0.9620189666748047
INFO:trainer_layer_forward:0.9245872497558594
INFO:trainer_layer_forward:0.8928775787353516
INFO:trainer_layer_forward:0.8900165557861328
INFO:trainer_layer_forward:0.9436607360839844
INFO:trainer_layer_forward:0.9317398071289062
INFO:trainer_layer_forward:1.2214183807373047
INFO:trainer_layer_forward:0.9434223175048828
INFO:trainer_layer_forward:0.9934902191162109
INFO:trainer_layer_forward:0.965118408203125
INFO:trainer_layer_forward:0.988006591796875
INFO:trainer_layer_forward:0.9748935699462891
INFO:trainer_layer_forward:1.131296157836914
INFO:trainer_layer_forward:1.1746883392333984
INFO:trainer_layer_forward:0.9934902191162109
INFO:trainer_layer_forward:0.9670257568359375
INFO:trainer_layer_forward:0.8847713470458984
INFO:trainer_layer_forward:0.9679794311523438
INFO:trainer_layer_forward:0.9324550628662109
INFO:trainer_layer_forward:1.0972023010253906
INFO:trainer_layer_forward:1.1870861053466797
INFO:trainer_layer_forward:0.8556842803955078
INFO:trainer_layer_forward:0.8511543273925781
INFO:trainer_layer_forward:0.8618831634521484
INFO:trainer_layer_forward:0.8721351623535156
INFO:trainer_layer_forward:0.8714199066162109
INFO:trainer_layer_forward:1.0883808135986328
INFO:trainer_layer_forward:1.4235973358154297
INFO:trainer_layer_forward:0.9496212005615234
INFO:trainer_layer_forward:0.9825229644775391
INFO:trainer_layer_forward:1.0004043579101562
INFO:trainer_layer_forward:0.8749961853027344
INFO:trainer_layer_forward:0.8699893951416016
INFO:trainer_layer_forward:0.9303092956542969
INFO:trainer_layer_forward:1.0123252868652344
INFO:trainer_layer_forward:0.946044921875
INFO:trainer_layer_forward:0.8380413055419922
INFO:trainer_layer_forward:0.8821487426757812
INFO:trainer_layer_forward:0.8578300476074219
INFO:trainer_layer_forward:0.89263916015625
INFO:trainer_layer_forward:1.1844635009765625
INFO:trainer_layer_forward:0.91552734375
INFO:trainer_layer_forward:0.8955001831054688
INFO:trainer_layer_forward:0.9305477142333984
INFO:trainer_layer_forward:0.9031295776367188
INFO:trainer_layer_forward:0.8795261383056641
INFO:trainer_layer_forward:0.9038448333740234
INFO:trainer_layer_forward:1.2454986572265625
INFO:trainer_layer_forward:1.0523796081542969
INFO:trainer_layer_forward:0.9274482727050781
INFO:trainer_layer_forward:0.949859619140625
INFO:trainer_layer_forward:0.9934902191162109
INFO:trainer_layer_forward:0.926971435546875
INFO:trainer_layer_forward:1.3930797576904297
INFO:trainer_layer_forward:0.9179115295410156
INFO:trainer_layer_forward:0.9236335754394531
INFO:trainer_layer_forward:1.0406970977783203
INFO:trainer_layer_forward:0.9684562683105469
INFO:trainer_layer_forward:1.1818408966064453
INFO:trainer_layer_forward:0.9980201721191406
INFO:trainer_layer_forward:1.0671615600585938
INFO:trainer_layer_forward:0.9365081787109375
INFO:trainer_layer_forward:0.9639263153076172
INFO:trainer_layer_forward:1.0251998901367188
INFO:trainer_layer_forward:1.0442733764648438
INFO:trainer_layer_forward:1.0852813720703125
INFO:trainer_layer_forward:1.0600090026855469
INFO:trainer_layer_forward:0.8571147918701172
INFO:trainer_layer_forward:0.9021759033203125
INFO:trainer_layer_forward:1.0442733764648438
INFO:trainer_layer_forward:0.7939338684082031
INFO:trainer_layer_forward:0.8969306945800781
INFO:trainer_layer_forward:0.8130073547363281
INFO:trainer_layer_forward:0.91552734375
INFO:trainer_layer_forward:0.9882450103759766
INFO:trainer_layer_forward:0.9391307830810547
INFO:trainer_layer_forward:1.2259483337402344
INFO:trainer_layer_forward:0.8831024169921875
INFO:trainer_layer_forward:0.850677490234375
INFO:trainer_layer_forward:1.112222671508789
INFO:trainer_layer_forward:0.9953975677490234
INFO:trainer_layer_forward:0.8630752563476562
INFO:trainer_layer_forward:0.8733272552490234
INFO:trainer_layer_forward:0.8232593536376953
INFO:trainer_layer_forward:0.8997917175292969
INFO:trainer_layer_forward:0.8368492126464844
INFO:trainer_layer_forward:0.8313655853271484
INFO:trainer_layer_forward:0.9062290191650391
INFO:trainer_layer_forward:0.9465217590332031
INFO:trainer_layer_forward:0.8671283721923828
INFO:trainer_layer_forward:0.8757114410400391
INFO:trainer_layer_forward:0.8292198181152344
INFO:trainer_layer_forward:0.9181499481201172
INFO:trainer_layer_forward:0.8342266082763672
INFO:trainer_layer_forward:1.0209083557128906
INFO:trainer_layer_forward:0.8764266967773438
INFO:trainer_layer_forward:1.0466575622558594
INFO:trainer_layer_forward:0.9701251983642578
INFO:trainer_layer_forward:0.8671283721923828
INFO:trainer_layer_forward:0.8478164672851562
INFO:trainer_layer_forward:0.8974075317382812
INFO:trainer_layer_forward:0.8752346038818359
INFO:trainer_layer_forward:0.8976459503173828
INFO:trainer_layer_forward:0.865936279296875
INFO:trainer_layer_forward:0.8089542388916016
INFO:trainer_layer_forward:0.8165836334228516
INFO:trainer_layer_forward:0.8063316345214844
INFO:trainer_layer_forward:0.8637905120849609
INFO:trainer_layer_forward:0.79345703125
INFO:trainer_layer_forward:1.1093616485595703
INFO:trainer_layer_forward:0.8780956268310547
INFO:trainer_layer_forward:0.934600830078125
INFO:trainer_layer_forward:0.865936279296875
INFO:trainer_layer_forward:0.8606910705566406
INFO:trainer_layer_forward:0.8358955383300781
INFO:trainer_layer_forward:0.8611679077148438
INFO:trainer_layer_forward:0.8625984191894531
INFO:trainer_layer_forward:0.8339881896972656
INFO:trainer_layer_forward:0.8616447448730469
INFO:trainer_layer_forward:1.1010169982910156
INFO:trainer_layer_forward:0.9098052978515625
INFO:trainer_layer_forward:0.8597373962402344
INFO:trainer_layer_forward:0.9074211120605469
INFO:trainer_layer_forward:0.8416175842285156
INFO:trainer_layer_forward:0.9164810180664062
INFO:trainer_layer_forward:0.8418560028076172
INFO:trainer_layer_forward:1.2705326080322266
INFO:trainer_layer_forward:0.8463859558105469
INFO:trainer_layer_forward:0.8575916290283203
INFO:trainer_layer_forward:0.8199214935302734
INFO:trainer_layer_forward:0.9582042694091797
INFO:trainer_layer_forward:0.8466243743896484
INFO:trainer_layer_forward:0.8618831634521484
INFO:trainer_layer_forward:0.8497238159179688
INFO:trainer_layer_forward:0.9191036224365234
INFO:trainer_layer_forward:0.9336471557617188
INFO:trainer_layer_forward:0.8673667907714844
INFO:trainer_layer_forward:0.8203983306884766
INFO:trainer_layer_forward:0.8637905120849609
INFO:trainer_layer_forward:0.8218288421630859
INFO:trainer_layer_forward:0.8566379547119141
INFO:trainer_layer_forward:1.0194778442382812
INFO:trainer_layer_forward:0.9417533874511719
INFO:trainer_layer_forward:0.8597373962402344
INFO:trainer_layer_forward:0.8733272552490234
INFO:trainer_layer_forward:0.9021759033203125
INFO:trainer_layer_forward:0.8625984191894531
INFO:trainer_layer_forward:0.9357929229736328
INFO:trainer_layer_forward:0.8685588836669922
INFO:trainer_layer_forward:1.1363029479980469
INFO:trainer_layer_forward:1.020669937133789
INFO:trainer_layer_forward:0.8530616760253906
INFO:trainer_layer_forward:0.8563995361328125
INFO:trainer_layer_forward:0.8447170257568359
INFO:trainer_layer_forward:0.8218288421630859
INFO:trainer_layer_forward:1.0862350463867188
INFO:trainer_layer_forward:1.2881755828857422
INFO:trainer_layer_forward:1.0437965393066406
INFO:trainer_layer_forward:1.1348724365234375
INFO:trainer_layer_forward:0.9558200836181641
INFO:trainer_layer_forward:0.9818077087402344
INFO:trainer_layer_forward:0.9176731109619141
INFO:trainer_layer_forward:0.8938312530517578
INFO:trainer_layer_forward:0.8678436279296875
INFO:trainer_layer_forward:0.8256435394287109
INFO:trainer_layer_forward:0.8292198181152344
INFO:trainer_layer_forward:0.8893013000488281
INFO:trainer_layer_forward:1.0759830474853516
INFO:trainer_layer_forward:1.0368824005126953
INFO:trainer_layer_forward:0.9114742279052734
INFO:trainer_layer_forward:0.8642673492431641
INFO:trainer_layer_forward:0.9222030639648438
INFO:trainer_layer_forward:0.8461475372314453
INFO:trainer_layer_forward:0.8866786956787109
INFO:trainer_layer_forward:0.8578300476074219
INFO:trainer_layer_forward:0.8418560028076172
INFO:trainer_layer_forward:0.8749961853027344
INFO:trainer_layer_forward:0.9248256683349609
INFO:trainer_layer_forward:0.865936279296875
INFO:trainer_layer_forward:0.8535385131835938
INFO:trainer_layer_forward:0.8366107940673828
INFO:trainer_layer_forward:0.8704662322998047
INFO:trainer_layer_forward:1.0921955108642578
INFO:trainer_layer_forward:1.089334487915039
INFO:trainer_layer_forward:1.2459754943847656
INFO:trainer_layer_forward:1.0988712310791016
INFO:trainer_layer_forward:0.8451938629150391
INFO:trainer_layer_forward:0.8864402770996094
INFO:trainer_layer_forward:0.8001327514648438
INFO:trainer_layer_forward:1.1379718780517578
INFO:trainer_layer_forward:1.0251998901367188
INFO:trainer_layer_forward:0.9503364562988281
INFO:trainer_layer_forward:0.8730888366699219
INFO:trainer_layer_forward:0.8645057678222656
INFO:trainer_layer_forward:0.8509159088134766
INFO:trainer_layer_forward:0.8556842803955078
INFO:trainer_layer_forward:0.7894039154052734
INFO:trainer_layer_forward:0.9057521820068359
INFO:trainer_layer_forward:0.8301734924316406
INFO:trainer_layer_forward:0.9074211120605469
INFO:trainer_layer_forward:0.8699893951416016
INFO:trainer_layer_forward:0.8955001831054688
INFO:trainer_layer_forward:0.7889270782470703
INFO:trainer_layer_forward:0.8695125579833984
INFO:trainer_layer_forward:0.9357929229736328
INFO:trainer_layer_forward:1.2059211730957031
INFO:trainer_layer_forward:0.8289813995361328
INFO:trainer_layer_forward:0.8137226104736328
INFO:trainer_layer_forward:0.7984638214111328
INFO:trainer_layer_forward:0.8487701416015625
INFO:trainer_layer_forward:0.8990764617919922
INFO:trainer_layer_forward:1.093149185180664
INFO:trainer_layer_forward:0.835418701171875
INFO:trainer_layer_forward:0.9760856628417969
INFO:trainer_layer_forward:0.9124279022216797
INFO:trainer_layer_forward:0.8101463317871094
INFO:trainer_layer_forward:0.7970333099365234
INFO:trainer_layer_forward:0.9222030639648438
INFO:trainer_layer_forward:0.9484291076660156
INFO:trainer_layer_forward:1.0793209075927734
INFO:trainer_layer_forward:0.8385181427001953
INFO:trainer_layer_forward:0.8981227874755859
INFO:trainer_layer_forward:0.823974609375
INFO:trainer_layer_forward:0.8800029754638672
INFO:trainer_layer_forward:0.7843971252441406
INFO:trainer_layer_forward:0.8604526519775391
INFO:trainer_layer_forward:1.1119842529296875
INFO:trainer_layer_forward:0.9081363677978516
INFO:trainer_layer_forward:0.9233951568603516
INFO:trainer_layer_forward:0.9343624114990234
INFO:trainer_layer_forward:0.8413791656494141
INFO:trainer_layer_forward:0.9019374847412109
INFO:trainer_layer_forward:0.9732246398925781
INFO:trainer_layer_forward:0.8556842803955078
INFO:trainer_layer_forward:0.9007453918457031
INFO:trainer_layer_forward:0.9489059448242188
INFO:trainer_layer_forward:0.9014606475830078
INFO:trainer_layer_forward:0.8170604705810547
INFO:trainer_layer_forward:0.9038448333740234
INFO:trainer_layer_forward:0.9837150573730469
INFO:trainer_layer_forward:0.9112358093261719
INFO:trainer_layer_forward:0.9036064147949219
INFO:trainer_layer_forward:0.9303092956542969
INFO:trainer_layer_forward:0.8268356323242188
INFO:trainer_layer_forward:0.8213520050048828
INFO:trainer_layer_forward:0.8447170257568359
INFO:trainer_layer_forward:1.1322498321533203
INFO:trainer_layer_forward:0.7905960083007812
INFO:trainer_layer_forward:0.8764266967773438
INFO:trainer_layer_forward:0.789642333984375
INFO:trainer_layer_forward:0.8311271667480469
INFO:trainer_layer_forward:0.7889270782470703
INFO:trainer_layer_forward:1.0142326354980469
INFO:trainer_layer_forward:0.8342266082763672
INFO:trainer_layer_forward:0.8661746978759766
INFO:trainer_layer_forward:0.8649826049804688
INFO:trainer_layer_forward:0.8630752563476562
INFO:trainer_layer_forward:0.774383544921875
INFO:trainer_layer_forward:0.8242130279541016
INFO:trainer_layer_forward:0.78582763671875
INFO:trainer_layer_forward:1.1584758758544922
INFO:trainer_layer_forward:0.9064674377441406
INFO:trainer_layer_forward:0.9357929229736328
INFO:trainer_layer_forward:0.8397102355957031
INFO:trainer_layer_forward:0.8835792541503906
INFO:trainer_layer_forward:0.9479522705078125
INFO:trainer_layer_forward:0.8599758148193359
INFO:trainer_layer_forward:0.8592605590820312
INFO:trainer_layer_forward:1.216888427734375
INFO:trainer_layer_forward:0.7884502410888672
INFO:trainer_layer_forward:0.774383544921875
INFO:trainer_layer_forward:0.8957386016845703
INFO:trainer_layer_forward:0.7779598236083984
INFO:trainer_layer_forward:0.8111000061035156
INFO:trainer_layer_forward:0.7741451263427734
INFO:trainer_layer_forward:0.8461475372314453
INFO:trainer_layer_forward:1.1692047119140625
INFO:trainer_layer_forward:0.7822513580322266
INFO:trainer_layer_forward:0.7872581481933594
INFO:trainer_layer_forward:0.8161067962646484
INFO:trainer_layer_forward:0.8776187896728516
INFO:trainer_layer_forward:0.865936279296875
INFO:trainer_layer_forward:1.1980533599853516
INFO:trainer_layer_forward:0.9949207305908203
INFO:trainer_layer_forward:0.8158683776855469
INFO:trainer_layer_forward:0.8945465087890625
INFO:trainer_layer_forward:0.881195068359375
INFO:trainer_layer_forward:0.8590221405029297
INFO:trainer_layer_forward:0.7777214050292969
INFO:trainer_layer_forward:1.024007797241211
INFO:trainer_layer_forward:0.9653568267822266
INFO:trainer_layer_forward:0.9191036224365234
INFO:trainer_layer_forward:0.9052753448486328
