INFO:trainer_layer_forward:CNNEx | mnist
INFO:trainer_layer_forward:in_size : 256 | epochs : 1 | batch : 1
INFO:trainer_layer_forward:kernel_l1 : 129 | kernel_l2 : 65 | kernel_l3 : 33 
INFO:trainer_layer_forward:o_channels_l1 : 5 | o_channels_l2 : 5 | o_channels_l3 : 5 
INFO:trainer_layer_forward::::::::::::::::::::::::::::::::::::::::::::::::::::::::::::
INFO:trainer_layer_forward:message : cnn_all_layer 
INFO:trainer_layer_forward::::::::::::::::::::::::::::::::::::::::::::::::::::::::::::
INFO:trainer_layer_forward:Ave_Time : 6.79049978450853
INFO:trainer_layer_forward::::::::::::::::::::::::::::::::::::::::::::::::::::::::::::
INFO:trainer_layer_forward:10.632753372192383
INFO:trainer_layer_forward:10.508060455322266
INFO:trainer_layer_forward:8.608341217041016
INFO:trainer_layer_forward:10.915517807006836
INFO:trainer_layer_forward:8.748292922973633
INFO:trainer_layer_forward:6.255388259887695
INFO:trainer_layer_forward:7.139921188354492
INFO:trainer_layer_forward:6.262063980102539
INFO:trainer_layer_forward:7.0934295654296875
INFO:trainer_layer_forward:6.267547607421875
INFO:trainer_layer_forward:7.597446441650391
INFO:trainer_layer_forward:6.372928619384766
INFO:trainer_layer_forward:7.564306259155273
INFO:trainer_layer_forward:6.294727325439453
INFO:trainer_layer_forward:7.328510284423828
INFO:trainer_layer_forward:6.283760070800781
INFO:trainer_layer_forward:7.496356964111328
INFO:trainer_layer_forward:6.329059600830078
INFO:trainer_layer_forward:7.013797760009766
INFO:trainer_layer_forward:6.788492202758789
INFO:trainer_layer_forward:6.939888000488281
INFO:trainer_layer_forward:7.36546516418457
INFO:trainer_layer_forward:6.285905838012695
INFO:trainer_layer_forward:7.354736328125
INFO:trainer_layer_forward:6.2236785888671875
INFO:trainer_layer_forward:7.498502731323242
INFO:trainer_layer_forward:6.23631477355957
INFO:trainer_layer_forward:7.372379302978516
INFO:trainer_layer_forward:6.692409515380859
INFO:trainer_layer_forward:7.137775421142578
INFO:trainer_layer_forward:6.860971450805664
INFO:trainer_layer_forward:7.026195526123047
INFO:trainer_layer_forward:6.653547286987305
INFO:trainer_layer_forward:18.13673973083496
INFO:trainer_layer_forward:6.264925003051758
INFO:trainer_layer_forward:6.28662109375
INFO:trainer_layer_forward:7.241010665893555
INFO:trainer_layer_forward:6.294012069702148
INFO:trainer_layer_forward:7.1735382080078125
INFO:trainer_layer_forward:6.242513656616211
INFO:trainer_layer_forward:7.4024200439453125
INFO:trainer_layer_forward:6.274700164794922
INFO:trainer_layer_forward:7.219791412353516
INFO:trainer_layer_forward:6.314516067504883
INFO:trainer_layer_forward:7.193565368652344
INFO:trainer_layer_forward:6.249666213989258
INFO:trainer_layer_forward:7.49969482421875
INFO:trainer_layer_forward:6.771564483642578
INFO:trainer_layer_forward:6.402492523193359
INFO:trainer_layer_forward:6.224155426025391
INFO:trainer_layer_forward:7.342338562011719
INFO:trainer_layer_forward:6.236553192138672
INFO:trainer_layer_forward:6.960868835449219
INFO:trainer_layer_forward:6.294965744018555
INFO:trainer_layer_forward:7.342815399169922
INFO:trainer_layer_forward:6.229400634765625
INFO:trainer_layer_forward:7.202386856079102
INFO:trainer_layer_forward:6.279468536376953
INFO:trainer_layer_forward:7.259368896484375
INFO:trainer_layer_forward:6.218910217285156
INFO:trainer_layer_forward:7.20667839050293
INFO:trainer_layer_forward:6.209135055541992
INFO:trainer_layer_forward:7.328510284423828
INFO:trainer_layer_forward:7.114648818969727
INFO:trainer_layer_forward:7.139682769775391
INFO:trainer_layer_forward:6.171464920043945
INFO:trainer_layer_forward:7.41267204284668
INFO:trainer_layer_forward:6.215572357177734
INFO:trainer_layer_forward:7.31968879699707
INFO:trainer_layer_forward:6.228446960449219
INFO:trainer_layer_forward:7.319927215576172
INFO:trainer_layer_forward:6.211042404174805
INFO:trainer_layer_forward:7.373332977294922
INFO:trainer_layer_forward:6.2255859375
INFO:trainer_layer_forward:6.7577362060546875
INFO:trainer_layer_forward:6.285190582275391
INFO:trainer_layer_forward:6.315708160400391
INFO:trainer_layer_forward:6.684064865112305
INFO:trainer_layer_forward:6.2694549560546875
INFO:trainer_layer_forward:6.222724914550781
INFO:trainer_layer_forward:6.8340301513671875
INFO:trainer_layer_forward:6.217479705810547
INFO:trainer_layer_forward:7.085561752319336
INFO:trainer_layer_forward:6.242513656616211
INFO:trainer_layer_forward:7.035017013549805
INFO:trainer_layer_forward:6.234169006347656
INFO:trainer_layer_forward:7.26628303527832
INFO:trainer_layer_forward:6.165981292724609
INFO:trainer_layer_forward:6.955623626708984
INFO:trainer_layer_forward:6.217718124389648
INFO:trainer_layer_forward:7.151603698730469
INFO:trainer_layer_forward:6.2103271484375
INFO:trainer_layer_forward:7.32421875
INFO:trainer_layer_forward:6.174325942993164
INFO:trainer_layer_forward:7.120370864868164
INFO:trainer_layer_forward:6.209850311279297
INFO:trainer_layer_forward:7.057428359985352
INFO:trainer_layer_forward:6.236076354980469
INFO:trainer_layer_forward:7.255315780639648
INFO:trainer_layer_forward:6.195783615112305
INFO:trainer_layer_forward:7.277488708496094
INFO:trainer_layer_forward:6.201505661010742
INFO:trainer_layer_forward:7.357358932495117
INFO:trainer_layer_forward:6.431102752685547
INFO:trainer_layer_forward:7.340192794799805
INFO:trainer_layer_forward:6.252527236938477
INFO:trainer_layer_forward:7.068157196044922
INFO:trainer_layer_forward:6.795406341552734
INFO:trainer_layer_forward:7.128477096557617
INFO:trainer_layer_forward:6.39033317565918
INFO:trainer_layer_forward:6.296396255493164
INFO:trainer_layer_forward:7.352352142333984
INFO:trainer_layer_forward:6.628990173339844
INFO:trainer_layer_forward:6.759166717529297
INFO:trainer_layer_forward:6.304502487182617
INFO:trainer_layer_forward:7.316112518310547
INFO:trainer_layer_forward:6.351470947265625
INFO:trainer_layer_forward:7.30133056640625
INFO:trainer_layer_forward:6.659984588623047
INFO:trainer_layer_forward:6.676435470581055
INFO:trainer_layer_forward:6.28662109375
INFO:trainer_layer_forward:7.02977180480957
INFO:trainer_layer_forward:6.259918212890625
INFO:trainer_layer_forward:6.719827651977539
INFO:trainer_layer_forward:6.247758865356445
INFO:trainer_layer_forward:7.153749465942383
INFO:trainer_layer_forward:6.329774856567383
INFO:trainer_layer_forward:6.375789642333984
INFO:trainer_layer_forward:7.006168365478516
INFO:trainer_layer_forward:6.926536560058594
INFO:trainer_layer_forward:6.977081298828125
INFO:trainer_layer_forward:6.448030471801758
INFO:trainer_layer_forward:7.394313812255859
INFO:trainer_layer_forward:6.350994110107422
INFO:trainer_layer_forward:7.210016250610352
INFO:trainer_layer_forward:6.371498107910156
INFO:trainer_layer_forward:7.020711898803711
INFO:trainer_layer_forward:6.278038024902344
INFO:trainer_layer_forward:7.161140441894531
INFO:trainer_layer_forward:6.321907043457031
INFO:trainer_layer_forward:7.352113723754883
INFO:trainer_layer_forward:6.276845932006836
INFO:trainer_layer_forward:7.246971130371094
INFO:trainer_layer_forward:6.279230117797852
INFO:trainer_layer_forward:6.393194198608398
INFO:trainer_layer_forward:6.653070449829102
INFO:trainer_layer_forward:6.259918212890625
INFO:trainer_layer_forward:6.797313690185547
INFO:trainer_layer_forward:6.288290023803711
INFO:trainer_layer_forward:6.849765777587891
INFO:trainer_layer_forward:6.906747817993164
INFO:trainer_layer_forward:6.781101226806641
INFO:trainer_layer_forward:6.329774856567383
INFO:trainer_layer_forward:6.755352020263672
INFO:trainer_layer_forward:6.400346755981445
INFO:trainer_layer_forward:6.740331649780273
INFO:trainer_layer_forward:6.590604782104492
INFO:trainer_layer_forward:6.760358810424805
INFO:trainer_layer_forward:6.346940994262695
INFO:trainer_layer_forward:6.818294525146484
INFO:trainer_layer_forward:6.277799606323242
INFO:trainer_layer_forward:6.61158561706543
INFO:trainer_layer_forward:6.599187850952148
INFO:trainer_layer_forward:6.7272186279296875
INFO:trainer_layer_forward:6.440401077270508
INFO:trainer_layer_forward:6.749153137207031
INFO:trainer_layer_forward:6.367921829223633
INFO:trainer_layer_forward:6.790876388549805
INFO:trainer_layer_forward:6.271839141845703
INFO:trainer_layer_forward:6.806373596191406
INFO:trainer_layer_forward:6.366252899169922
INFO:trainer_layer_forward:7.194995880126953
INFO:trainer_layer_forward:6.291627883911133
INFO:trainer_layer_forward:7.285833358764648
INFO:trainer_layer_forward:6.211996078491211
INFO:trainer_layer_forward:7.615327835083008
INFO:trainer_layer_forward:6.330966949462891
INFO:trainer_layer_forward:7.584333419799805
INFO:trainer_layer_forward:6.295680999755859
INFO:trainer_layer_forward:7.890462875366211
INFO:trainer_layer_forward:6.280422210693359
INFO:trainer_layer_forward:7.471323013305664
INFO:trainer_layer_forward:6.295442581176758
INFO:trainer_layer_forward:7.324934005737305
INFO:trainer_layer_forward:6.24847412109375
INFO:trainer_layer_forward:7.3909759521484375
INFO:trainer_layer_forward:6.239891052246094
INFO:trainer_layer_forward:7.264137268066406
INFO:trainer_layer_forward:6.344795227050781
INFO:trainer_layer_forward:6.452083587646484
INFO:trainer_layer_forward:6.305932998657227
INFO:trainer_layer_forward:7.152318954467773
INFO:trainer_layer_forward:6.816625595092773
INFO:trainer_layer_forward:6.712675094604492
INFO:trainer_layer_forward:6.625890731811523
INFO:trainer_layer_forward:6.33692741394043
INFO:trainer_layer_forward:6.761312484741211
INFO:trainer_layer_forward:6.318330764770508
INFO:trainer_layer_forward:6.671667098999023
INFO:trainer_layer_forward:6.484270095825195
INFO:trainer_layer_forward:6.795167922973633
INFO:trainer_layer_forward:6.292581558227539
INFO:trainer_layer_forward:6.653070449829102
INFO:trainer_layer_forward:6.237268447875977
INFO:trainer_layer_forward:6.77943229675293
INFO:trainer_layer_forward:6.264925003051758
INFO:trainer_layer_forward:6.728410720825195
INFO:trainer_layer_forward:6.262063980102539
INFO:trainer_layer_forward:6.777524948120117
INFO:trainer_layer_forward:6.755828857421875
INFO:trainer_layer_forward:6.731271743774414
INFO:trainer_layer_forward:6.239891052246094
INFO:trainer_layer_forward:6.644487380981445
INFO:trainer_layer_forward:6.298065185546875
INFO:trainer_layer_forward:6.81304931640625
INFO:trainer_layer_forward:6.273031234741211
INFO:trainer_layer_forward:6.831884384155273
INFO:trainer_layer_forward:6.403446197509766
INFO:trainer_layer_forward:6.736993789672852
INFO:trainer_layer_forward:6.603717803955078
INFO:trainer_layer_forward:6.275415420532227
INFO:trainer_layer_forward:6.421327590942383
INFO:trainer_layer_forward:6.260871887207031
INFO:trainer_layer_forward:7.277727127075195
INFO:trainer_layer_forward:6.264925003051758
INFO:trainer_layer_forward:7.20977783203125
INFO:trainer_layer_forward:6.331920623779297
INFO:trainer_layer_forward:6.819009780883789
INFO:trainer_layer_forward:6.734371185302734
INFO:trainer_layer_forward:6.274700164794922
INFO:trainer_layer_forward:6.263971328735352
INFO:trainer_layer_forward:6.797313690185547
INFO:trainer_layer_forward:6.277799606323242
INFO:trainer_layer_forward:7.016658782958984
INFO:trainer_layer_forward:6.789207458496094
INFO:trainer_layer_forward:6.352901458740234
INFO:trainer_layer_forward:6.776332855224609
INFO:trainer_layer_forward:6.401538848876953
INFO:trainer_layer_forward:6.752490997314453
INFO:trainer_layer_forward:6.2713623046875
INFO:trainer_layer_forward:6.730079650878906
INFO:trainer_layer_forward:6.872415542602539
INFO:trainer_layer_forward:6.744861602783203
INFO:trainer_layer_forward:6.281852722167969
INFO:trainer_layer_forward:6.778717041015625
INFO:trainer_layer_forward:6.3800811767578125
INFO:trainer_layer_forward:7.276296615600586
INFO:trainer_layer_forward:6.330251693725586
INFO:trainer_layer_forward:7.396936416625977
INFO:trainer_layer_forward:6.293058395385742
INFO:trainer_layer_forward:7.372379302978516
INFO:trainer_layer_forward:6.294727325439453
INFO:trainer_layer_forward:7.148981094360352
INFO:trainer_layer_forward:6.272554397583008
INFO:trainer_layer_forward:7.149696350097656
INFO:trainer_layer_forward:6.4716339111328125
INFO:trainer_layer_forward:7.038116455078125
INFO:trainer_layer_forward:6.903886795043945
INFO:trainer_layer_forward:6.290674209594727
INFO:trainer_layer_forward:7.073163986206055
INFO:trainer_layer_forward:6.496191024780273
INFO:trainer_layer_forward:7.179498672485352
INFO:trainer_layer_forward:6.739616394042969
INFO:trainer_layer_forward:7.097959518432617
INFO:trainer_layer_forward:6.934165954589844
INFO:trainer_layer_forward:7.339954376220703
INFO:trainer_layer_forward:6.451129913330078
INFO:trainer_layer_forward:7.201910018920898
INFO:trainer_layer_forward:6.790876388549805
INFO:trainer_layer_forward:7.127523422241211
INFO:trainer_layer_forward:6.696224212646484
INFO:trainer_layer_forward:7.259368896484375
INFO:trainer_layer_forward:6.247997283935547
INFO:trainer_layer_forward:7.164239883422852
INFO:trainer_layer_forward:6.309747695922852
INFO:trainer_layer_forward:7.189035415649414
INFO:trainer_layer_forward:6.285905838012695
INFO:trainer_layer_forward:6.360292434692383
INFO:trainer_layer_forward:6.6070556640625
INFO:trainer_layer_forward:6.314516067504883
INFO:trainer_layer_forward:6.69097900390625
INFO:trainer_layer_forward:6.474733352661133
INFO:trainer_layer_forward:6.272077560424805
INFO:trainer_layer_forward:7.134437561035156
INFO:trainer_layer_forward:6.543397903442383
INFO:trainer_layer_forward:6.440877914428711
INFO:trainer_layer_forward:6.251811981201172
INFO:trainer_layer_forward:7.026910781860352
INFO:trainer_layer_forward:6.464958190917969
INFO:trainer_layer_forward:6.4182281494140625
INFO:trainer_layer_forward:6.314992904663086
INFO:trainer_layer_forward:7.065057754516602
INFO:trainer_layer_forward:6.272792816162109
INFO:trainer_layer_forward:7.210016250610352
INFO:trainer_layer_forward:6.8817138671875
INFO:trainer_layer_forward:6.325721740722656
INFO:trainer_layer_forward:6.813764572143555
INFO:trainer_layer_forward:6.482362747192383
INFO:trainer_layer_forward:6.702899932861328
INFO:trainer_layer_forward:6.294727325439453
INFO:trainer_layer_forward:6.600856781005859
INFO:trainer_layer_forward:6.48045539855957
INFO:trainer_layer_forward:7.021903991699219
INFO:trainer_layer_forward:6.722450256347656
INFO:trainer_layer_forward:7.446050643920898
INFO:trainer_layer_forward:6.8073272705078125
INFO:trainer_layer_forward:7.223844528198242
INFO:trainer_layer_forward:6.489992141723633
INFO:trainer_layer_forward:7.123470306396484
INFO:trainer_layer_forward:6.280422210693359
INFO:trainer_layer_forward:7.646083831787109
INFO:trainer_layer_forward:6.2618255615234375
INFO:trainer_layer_forward:7.129669189453125
INFO:trainer_layer_forward:6.26373291015625
INFO:trainer_layer_forward:7.669925689697266
INFO:trainer_layer_forward:6.287097930908203
INFO:trainer_layer_forward:7.288694381713867
INFO:trainer_layer_forward:6.259441375732422
INFO:trainer_layer_forward:7.269144058227539
INFO:trainer_layer_forward:6.284475326538086
INFO:trainer_layer_forward:7.480859756469727
INFO:trainer_layer_forward:6.273031234741211
INFO:trainer_layer_forward:7.424592971801758
INFO:trainer_layer_forward:6.268024444580078
INFO:trainer_layer_forward:7.050514221191406
INFO:trainer_layer_forward:6.785154342651367
INFO:trainer_layer_forward:6.621360778808594
INFO:trainer_layer_forward:6.811380386352539
INFO:trainer_layer_forward:6.309270858764648
INFO:trainer_layer_forward:6.819963455200195
INFO:trainer_layer_forward:6.267309188842773
INFO:trainer_layer_forward:6.74891471862793
INFO:trainer_layer_forward:6.42085075378418
INFO:trainer_layer_forward:7.242918014526367
INFO:trainer_layer_forward:6.2541961669921875
INFO:trainer_layer_forward:7.400035858154297
INFO:trainer_layer_forward:6.298303604125977
INFO:trainer_layer_forward:7.213592529296875
INFO:trainer_layer_forward:6.277561187744141
INFO:trainer_layer_forward:7.4672698974609375
INFO:trainer_layer_forward:6.238460540771484
INFO:trainer_layer_forward:7.806062698364258
INFO:trainer_layer_forward:6.25920295715332
INFO:trainer_layer_forward:7.367372512817383
INFO:trainer_layer_forward:6.271839141845703
INFO:trainer_layer_forward:7.468938827514648
INFO:trainer_layer_forward:6.564140319824219
INFO:trainer_layer_forward:7.106304168701172
INFO:trainer_layer_forward:6.905794143676758
INFO:trainer_layer_forward:6.386518478393555
INFO:trainer_layer_forward:7.195949554443359
INFO:trainer_layer_forward:6.294727325439453
INFO:trainer_layer_forward:6.877899169921875
INFO:trainer_layer_forward:6.252765655517578
INFO:trainer_layer_forward:7.2460174560546875
INFO:trainer_layer_forward:6.365537643432617
INFO:trainer_layer_forward:7.067203521728516
INFO:trainer_layer_forward:6.7348480224609375
INFO:trainer_layer_forward:7.058143615722656
INFO:trainer_layer_forward:7.056474685668945
INFO:trainer_layer_forward:7.137775421142578
INFO:trainer_layer_forward:6.467342376708984
INFO:trainer_layer_forward:7.1868896484375
INFO:trainer_layer_forward:6.651163101196289
INFO:trainer_layer_forward:6.304740905761719
INFO:trainer_layer_forward:6.99305534362793
INFO:trainer_layer_forward:6.296873092651367
INFO:trainer_layer_forward:6.668567657470703
INFO:trainer_layer_forward:6.292819976806641
INFO:trainer_layer_forward:7.309198379516602
INFO:trainer_layer_forward:6.495237350463867
INFO:trainer_layer_forward:6.629705429077148
INFO:trainer_layer_forward:6.546258926391602
INFO:trainer_layer_forward:6.641626358032227
INFO:trainer_layer_forward:6.717681884765625
INFO:trainer_layer_forward:6.5670013427734375
INFO:trainer_layer_forward:6.456613540649414
INFO:trainer_layer_forward:6.667852401733398
INFO:trainer_layer_forward:6.479501724243164
INFO:trainer_layer_forward:7.005214691162109
INFO:trainer_layer_forward:6.447553634643555
INFO:trainer_layer_forward:7.22193717956543
INFO:trainer_layer_forward:6.716728210449219
INFO:trainer_layer_forward:7.198810577392578
INFO:trainer_layer_forward:6.454229354858398
INFO:trainer_layer_forward:7.169485092163086
INFO:trainer_layer_forward:6.324291229248047
INFO:trainer_layer_forward:7.055044174194336
INFO:trainer_layer_forward:7.072687149047852
INFO:trainer_layer_forward:6.613969802856445
INFO:trainer_layer_forward:7.276058197021484
INFO:trainer_layer_forward:6.460666656494141
INFO:trainer_layer_forward:6.551265716552734
INFO:trainer_layer_forward:6.253957748413086
INFO:trainer_layer_forward:6.655216217041016
INFO:trainer_layer_forward:6.290912628173828
INFO:trainer_layer_forward:6.9293975830078125
INFO:trainer_layer_forward:6.332635879516602
INFO:trainer_layer_forward:7.164239883422852
INFO:trainer_layer_forward:6.533145904541016
INFO:trainer_layer_forward:7.063388824462891
INFO:trainer_layer_forward:6.240129470825195
INFO:trainer_layer_forward:6.809711456298828
INFO:trainer_layer_forward:6.364583969116211
INFO:trainer_layer_forward:6.8817138671875
INFO:trainer_layer_forward:6.439208984375
INFO:trainer_layer_forward:7.047176361083984
INFO:trainer_layer_forward:6.481170654296875
INFO:trainer_layer_forward:7.061243057250977
INFO:trainer_layer_forward:6.726264953613281
INFO:trainer_layer_forward:7.252931594848633
INFO:trainer_layer_forward:6.613731384277344
INFO:trainer_layer_forward:7.1582794189453125
INFO:trainer_layer_forward:7.482767105102539
INFO:trainer_layer_forward:6.313323974609375
INFO:trainer_layer_forward:7.327079772949219
INFO:trainer_layer_forward:6.29878044128418
INFO:trainer_layer_forward:7.508754730224609
INFO:trainer_layer_forward:6.540060043334961
INFO:trainer_layer_forward:7.187128067016602
INFO:trainer_layer_forward:7.0934295654296875
INFO:trainer_layer_forward:7.2040557861328125
INFO:trainer_layer_forward:6.805419921875
INFO:trainer_layer_forward:7.08460807800293
INFO:trainer_layer_forward:7.019996643066406
INFO:trainer_layer_forward:6.823301315307617
INFO:trainer_layer_forward:6.448030471801758
INFO:trainer_layer_forward:6.379365921020508
INFO:trainer_layer_forward:7.08460807800293
INFO:trainer_layer_forward:6.87861442565918
INFO:trainer_layer_forward:7.3261260986328125
INFO:trainer_layer_forward:6.499290466308594
INFO:trainer_layer_forward:6.654262542724609
INFO:trainer_layer_forward:6.717443466186523
INFO:trainer_layer_forward:6.583213806152344
INFO:trainer_layer_forward:6.260156631469727
INFO:trainer_layer_forward:7.2116851806640625
INFO:trainer_layer_forward:6.521463394165039
INFO:trainer_layer_forward:7.548332214355469
INFO:trainer_layer_forward:6.705522537231445
INFO:trainer_layer_forward:7.579565048217773
INFO:trainer_layer_forward:6.758213043212891
INFO:trainer_layer_forward:7.461071014404297
INFO:trainer_layer_forward:6.454944610595703
INFO:trainer_layer_forward:7.4863433837890625
INFO:trainer_layer_forward:6.616830825805664
INFO:trainer_layer_forward:7.609844207763672
INFO:trainer_layer_forward:6.250858306884766
INFO:trainer_layer_forward:7.5168609619140625
INFO:trainer_layer_forward:6.2732696533203125
INFO:trainer_layer_forward:7.379055023193359
INFO:trainer_layer_forward:6.465435028076172
INFO:trainer_layer_forward:6.997823715209961
INFO:trainer_layer_forward:6.706476211547852
INFO:trainer_layer_forward:7.232427597045898
INFO:trainer_layer_forward:7.203817367553711
INFO:trainer_layer_forward:6.712436676025391
INFO:trainer_layer_forward:7.0896148681640625
INFO:trainer_layer_forward:6.327629089355469
INFO:trainer_layer_forward:6.3457489013671875
INFO:trainer_layer_forward:6.744384765625
INFO:trainer_layer_forward:7.035493850708008
INFO:trainer_layer_forward:6.395578384399414
INFO:trainer_layer_forward:6.277799606323242
INFO:trainer_layer_forward:6.264925003051758
INFO:trainer_layer_forward:7.198095321655273
INFO:trainer_layer_forward:6.8035125732421875
INFO:trainer_layer_forward:6.398200988769531
INFO:trainer_layer_forward:6.825447082519531
INFO:trainer_layer_forward:6.301641464233398
INFO:trainer_layer_forward:6.837606430053711
INFO:trainer_layer_forward:6.302118301391602
INFO:trainer_layer_forward:6.648778915405273
INFO:trainer_layer_forward:6.291389465332031
INFO:trainer_layer_forward:7.199525833129883
INFO:trainer_layer_forward:6.314754486083984
INFO:trainer_layer_forward:7.2574615478515625
INFO:trainer_layer_forward:6.306648254394531
INFO:trainer_layer_forward:7.630109786987305
INFO:trainer_layer_forward:6.27589225769043
INFO:trainer_layer_forward:7.498502731323242
INFO:trainer_layer_forward:6.273984909057617
INFO:trainer_layer_forward:7.335901260375977
INFO:trainer_layer_forward:6.236791610717773
INFO:trainer_layer_forward:7.295370101928711
INFO:trainer_layer_forward:6.26683235168457
INFO:trainer_layer_forward:7.201671600341797
INFO:trainer_layer_forward:6.266593933105469
INFO:trainer_layer_forward:7.159709930419922
INFO:trainer_layer_forward:6.262063980102539
