INFO:trainer_layer_forward:CNNEx | mnist
INFO:trainer_layer_forward:in_size : 512 | epochs : 1 | batch : 1
INFO:trainer_layer_forward:kernel_l1 : 257 | kernel_l2 : 129 | kernel_l3 : 65 
INFO:trainer_layer_forward:o_channels_l1 : 5 | o_channels_l2 : 5 | o_channels_l3 : 5 
INFO:trainer_layer_forward::::::::::::::::::::::::::::::::::::::::::::::::::::::::::::
INFO:trainer_layer_forward:message : cnn_all_layer 
INFO:trainer_layer_forward::::::::::::::::::::::::::::::::::::::::::::::::::::::::::::
INFO:trainer_layer_forward:Ave_Time : 122.96188120939294
INFO:trainer_layer_forward::::::::::::::::::::::::::::::::::::::::::::::::::::::::::::
INFO:trainer_layer_forward:129.5459270477295
INFO:trainer_layer_forward:130.44190406799316
INFO:trainer_layer_forward:127.51650810241699
INFO:trainer_layer_forward:129.76598739624023
INFO:trainer_layer_forward:124.38774108886719
INFO:trainer_layer_forward:120.35059928894043
INFO:trainer_layer_forward:119.18020248413086
INFO:trainer_layer_forward:120.9096908569336
INFO:trainer_layer_forward:119.87733840942383
INFO:trainer_layer_forward:120.61285972595215
INFO:trainer_layer_forward:120.34845352172852
INFO:trainer_layer_forward:123.41189384460449
INFO:trainer_layer_forward:120.50962448120117
INFO:trainer_layer_forward:118.44038963317871
INFO:trainer_layer_forward:119.80962753295898
INFO:trainer_layer_forward:123.6417293548584
INFO:trainer_layer_forward:122.21932411193848
INFO:trainer_layer_forward:119.92096900939941
INFO:trainer_layer_forward:119.39764022827148
INFO:trainer_layer_forward:120.44692039489746
INFO:trainer_layer_forward:122.80058860778809
INFO:trainer_layer_forward:120.27096748352051
INFO:trainer_layer_forward:121.92726135253906
INFO:trainer_layer_forward:122.12848663330078
INFO:trainer_layer_forward:122.43795394897461
INFO:trainer_layer_forward:120.22924423217773
INFO:trainer_layer_forward:120.41568756103516
INFO:trainer_layer_forward:121.65999412536621
INFO:trainer_layer_forward:120.8338737487793
INFO:trainer_layer_forward:125.21624565124512
INFO:trainer_layer_forward:122.13611602783203
INFO:trainer_layer_forward:123.00419807434082
INFO:trainer_layer_forward:119.61102485656738
INFO:trainer_layer_forward:123.20494651794434
INFO:trainer_layer_forward:118.70574951171875
INFO:trainer_layer_forward:118.92414093017578
INFO:trainer_layer_forward:119.92359161376953
INFO:trainer_layer_forward:123.99005889892578
INFO:trainer_layer_forward:128.00908088684082
INFO:trainer_layer_forward:120.32437324523926
INFO:trainer_layer_forward:139.92571830749512
INFO:trainer_layer_forward:121.67787551879883
INFO:trainer_layer_forward:127.82716751098633
INFO:trainer_layer_forward:122.33519554138184
INFO:trainer_layer_forward:121.46830558776855
INFO:trainer_layer_forward:121.63376808166504
INFO:trainer_layer_forward:123.88467788696289
INFO:trainer_layer_forward:122.53046035766602
INFO:trainer_layer_forward:126.01256370544434
INFO:trainer_layer_forward:121.07181549072266
INFO:trainer_layer_forward:125.75197219848633
INFO:trainer_layer_forward:128.82328033447266
INFO:trainer_layer_forward:123.38471412658691
INFO:trainer_layer_forward:122.41864204406738
INFO:trainer_layer_forward:120.33295631408691
INFO:trainer_layer_forward:129.86254692077637
INFO:trainer_layer_forward:125.01192092895508
INFO:trainer_layer_forward:126.27339363098145
INFO:trainer_layer_forward:125.18811225891113
INFO:trainer_layer_forward:120.5134391784668
INFO:trainer_layer_forward:122.17330932617188
INFO:trainer_layer_forward:128.2038688659668
INFO:trainer_layer_forward:127.16102600097656
INFO:trainer_layer_forward:124.53985214233398
INFO:trainer_layer_forward:120.84388732910156
INFO:trainer_layer_forward:125.84495544433594
INFO:trainer_layer_forward:123.32320213317871
INFO:trainer_layer_forward:124.36366081237793
INFO:trainer_layer_forward:119.65751647949219
INFO:trainer_layer_forward:128.59344482421875
INFO:trainer_layer_forward:131.61325454711914
INFO:trainer_layer_forward:125.3817081451416
INFO:trainer_layer_forward:121.21820449829102
INFO:trainer_layer_forward:123.54207038879395
INFO:trainer_layer_forward:124.48239326477051
INFO:trainer_layer_forward:119.77291107177734
INFO:trainer_layer_forward:121.75917625427246
INFO:trainer_layer_forward:123.36611747741699
INFO:trainer_layer_forward:122.92623519897461
INFO:trainer_layer_forward:120.70536613464355
INFO:trainer_layer_forward:119.06218528747559
INFO:trainer_layer_forward:120.47982215881348
INFO:trainer_layer_forward:124.58491325378418
INFO:trainer_layer_forward:121.68741226196289
INFO:trainer_layer_forward:121.27351760864258
INFO:trainer_layer_forward:120.68843841552734
INFO:trainer_layer_forward:123.46315383911133
INFO:trainer_layer_forward:122.25151062011719
INFO:trainer_layer_forward:121.74773216247559
INFO:trainer_layer_forward:121.28496170043945
INFO:trainer_layer_forward:123.5048770904541
INFO:trainer_layer_forward:125.73814392089844
INFO:trainer_layer_forward:129.01997566223145
INFO:trainer_layer_forward:122.06864356994629
INFO:trainer_layer_forward:124.45640563964844
INFO:trainer_layer_forward:120.59307098388672
INFO:trainer_layer_forward:121.09255790710449
INFO:trainer_layer_forward:120.43237686157227
INFO:trainer_layer_forward:122.3306655883789
INFO:trainer_layer_forward:120.90206146240234
INFO:trainer_layer_forward:126.54328346252441
INFO:trainer_layer_forward:130.7053565979004
INFO:trainer_layer_forward:128.9231777191162
INFO:trainer_layer_forward:130.93233108520508
INFO:trainer_layer_forward:129.38237190246582
INFO:trainer_layer_forward:129.75430488586426
INFO:trainer_layer_forward:131.44683837890625
INFO:trainer_layer_forward:121.64616584777832
INFO:trainer_layer_forward:121.93632125854492
INFO:trainer_layer_forward:121.42753601074219
INFO:trainer_layer_forward:124.56369400024414
INFO:trainer_layer_forward:120.49078941345215
INFO:trainer_layer_forward:121.83451652526855
INFO:trainer_layer_forward:120.81336975097656
INFO:trainer_layer_forward:122.8790283203125
INFO:trainer_layer_forward:120.77546119689941
INFO:trainer_layer_forward:122.35379219055176
INFO:trainer_layer_forward:121.79732322692871
INFO:trainer_layer_forward:124.19247627258301
INFO:trainer_layer_forward:121.43921852111816
INFO:trainer_layer_forward:121.40655517578125
INFO:trainer_layer_forward:122.17020988464355
INFO:trainer_layer_forward:123.07977676391602
INFO:trainer_layer_forward:121.58370018005371
INFO:trainer_layer_forward:121.57320976257324
INFO:trainer_layer_forward:123.7030029296875
INFO:trainer_layer_forward:122.91097640991211
INFO:trainer_layer_forward:120.95236778259277
INFO:trainer_layer_forward:120.40400505065918
INFO:trainer_layer_forward:119.99154090881348
INFO:trainer_layer_forward:125.45228004455566
INFO:trainer_layer_forward:122.1463680267334
INFO:trainer_layer_forward:121.54912948608398
INFO:trainer_layer_forward:120.98526954650879
INFO:trainer_layer_forward:122.74384498596191
INFO:trainer_layer_forward:121.58489227294922
INFO:trainer_layer_forward:122.52283096313477
INFO:trainer_layer_forward:122.32160568237305
INFO:trainer_layer_forward:123.45337867736816
INFO:trainer_layer_forward:121.4134693145752
INFO:trainer_layer_forward:123.28124046325684
INFO:trainer_layer_forward:121.60968780517578
INFO:trainer_layer_forward:122.96056747436523
INFO:trainer_layer_forward:121.15001678466797
INFO:trainer_layer_forward:121.05107307434082
INFO:trainer_layer_forward:121.51622772216797
INFO:trainer_layer_forward:123.70848655700684
INFO:trainer_layer_forward:121.18411064147949
INFO:trainer_layer_forward:122.76434898376465
INFO:trainer_layer_forward:121.51122093200684
INFO:trainer_layer_forward:126.02782249450684
INFO:trainer_layer_forward:121.27542495727539
INFO:trainer_layer_forward:121.28472328186035
INFO:trainer_layer_forward:120.69034576416016
INFO:trainer_layer_forward:124.09424781799316
INFO:trainer_layer_forward:120.83625793457031
INFO:trainer_layer_forward:121.10424041748047
INFO:trainer_layer_forward:119.99392509460449
INFO:trainer_layer_forward:122.76959419250488
INFO:trainer_layer_forward:124.0992546081543
INFO:trainer_layer_forward:121.81401252746582
INFO:trainer_layer_forward:120.32675743103027
INFO:trainer_layer_forward:126.71756744384766
INFO:trainer_layer_forward:122.93148040771484
INFO:trainer_layer_forward:123.80456924438477
INFO:trainer_layer_forward:121.02770805358887
INFO:trainer_layer_forward:123.42500686645508
INFO:trainer_layer_forward:121.53267860412598
INFO:trainer_layer_forward:122.58791923522949
INFO:trainer_layer_forward:122.97224998474121
INFO:trainer_layer_forward:124.07326698303223
INFO:trainer_layer_forward:121.14644050598145
INFO:trainer_layer_forward:121.88124656677246
INFO:trainer_layer_forward:120.90802192687988
INFO:trainer_layer_forward:125.78082084655762
INFO:trainer_layer_forward:121.54293060302734
INFO:trainer_layer_forward:120.97525596618652
INFO:trainer_layer_forward:123.1544017791748
INFO:trainer_layer_forward:123.70872497558594
INFO:trainer_layer_forward:122.62272834777832
INFO:trainer_layer_forward:121.02317810058594
INFO:trainer_layer_forward:120.96047401428223
INFO:trainer_layer_forward:121.74248695373535
INFO:trainer_layer_forward:123.62813949584961
INFO:trainer_layer_forward:121.98638916015625
INFO:trainer_layer_forward:121.08588218688965
INFO:trainer_layer_forward:121.79780006408691
INFO:trainer_layer_forward:122.23529815673828
INFO:trainer_layer_forward:121.60325050354004
INFO:trainer_layer_forward:121.74129486083984
INFO:trainer_layer_forward:120.46456336975098
INFO:trainer_layer_forward:126.28459930419922
INFO:trainer_layer_forward:120.8181381225586
INFO:trainer_layer_forward:124.40776824951172
INFO:trainer_layer_forward:120.11384963989258
INFO:trainer_layer_forward:122.44987487792969
INFO:trainer_layer_forward:121.81472778320312
INFO:trainer_layer_forward:120.77856063842773
INFO:trainer_layer_forward:123.12555313110352
INFO:trainer_layer_forward:123.3823299407959
INFO:trainer_layer_forward:123.53014945983887
INFO:trainer_layer_forward:122.40433692932129
INFO:trainer_layer_forward:120.51630020141602
INFO:trainer_layer_forward:122.67684936523438
INFO:trainer_layer_forward:121.13428115844727
INFO:trainer_layer_forward:121.94085121154785
INFO:trainer_layer_forward:122.99799919128418
INFO:trainer_layer_forward:126.64294242858887
INFO:trainer_layer_forward:122.2836971282959
INFO:trainer_layer_forward:122.4365234375
INFO:trainer_layer_forward:121.25492095947266
INFO:trainer_layer_forward:122.73335456848145
INFO:trainer_layer_forward:123.79789352416992
INFO:trainer_layer_forward:121.72174453735352
INFO:trainer_layer_forward:120.87512016296387
INFO:trainer_layer_forward:122.47562408447266
INFO:trainer_layer_forward:122.89667129516602
INFO:trainer_layer_forward:123.40164184570312
INFO:trainer_layer_forward:122.32422828674316
INFO:trainer_layer_forward:122.06530570983887
INFO:trainer_layer_forward:119.77243423461914
INFO:trainer_layer_forward:121.22154235839844
INFO:trainer_layer_forward:123.79622459411621
INFO:trainer_layer_forward:122.74980545043945
INFO:trainer_layer_forward:120.74613571166992
INFO:trainer_layer_forward:122.1916675567627
INFO:trainer_layer_forward:121.71578407287598
INFO:trainer_layer_forward:125.44727325439453
INFO:trainer_layer_forward:121.16527557373047
INFO:trainer_layer_forward:121.60277366638184
INFO:trainer_layer_forward:120.8658218383789
INFO:trainer_layer_forward:135.1163387298584
INFO:trainer_layer_forward:124.08590316772461
INFO:trainer_layer_forward:121.91915512084961
INFO:trainer_layer_forward:121.14262580871582
INFO:trainer_layer_forward:125.49614906311035
INFO:trainer_layer_forward:122.39742279052734
INFO:trainer_layer_forward:123.09074401855469
INFO:trainer_layer_forward:122.12538719177246
INFO:trainer_layer_forward:123.63624572753906
INFO:trainer_layer_forward:120.82958221435547
INFO:trainer_layer_forward:123.06571006774902
INFO:trainer_layer_forward:123.04449081420898
INFO:trainer_layer_forward:123.63886833190918
INFO:trainer_layer_forward:123.21257591247559
INFO:trainer_layer_forward:123.23117256164551
INFO:trainer_layer_forward:123.95381927490234
INFO:trainer_layer_forward:123.50726127624512
INFO:trainer_layer_forward:122.26152420043945
INFO:trainer_layer_forward:122.3304271697998
INFO:trainer_layer_forward:121.1702823638916
INFO:trainer_layer_forward:125.66900253295898
INFO:trainer_layer_forward:120.99719047546387
INFO:trainer_layer_forward:122.45750427246094
INFO:trainer_layer_forward:123.12197685241699
INFO:trainer_layer_forward:124.11689758300781
INFO:trainer_layer_forward:123.54183197021484
INFO:trainer_layer_forward:121.42252922058105
INFO:trainer_layer_forward:121.70624732971191
INFO:trainer_layer_forward:123.43406677246094
INFO:trainer_layer_forward:122.79915809631348
INFO:trainer_layer_forward:122.82919883728027
INFO:trainer_layer_forward:121.62375450134277
INFO:trainer_layer_forward:122.5118637084961
INFO:trainer_layer_forward:122.1628189086914
INFO:trainer_layer_forward:124.76229667663574
INFO:trainer_layer_forward:122.47920036315918
INFO:trainer_layer_forward:123.36444854736328
INFO:trainer_layer_forward:121.81687355041504
INFO:trainer_layer_forward:122.74312973022461
INFO:trainer_layer_forward:124.16648864746094
INFO:trainer_layer_forward:123.77142906188965
INFO:trainer_layer_forward:120.37444114685059
INFO:trainer_layer_forward:123.54612350463867
INFO:trainer_layer_forward:121.3371753692627
INFO:trainer_layer_forward:126.64294242858887
INFO:trainer_layer_forward:122.52521514892578
INFO:trainer_layer_forward:120.76282501220703
INFO:trainer_layer_forward:123.72446060180664
INFO:trainer_layer_forward:123.32510948181152
INFO:trainer_layer_forward:123.75426292419434
INFO:trainer_layer_forward:122.0707893371582
INFO:trainer_layer_forward:122.4827766418457
INFO:trainer_layer_forward:123.81386756896973
INFO:trainer_layer_forward:121.47784233093262
INFO:trainer_layer_forward:123.28219413757324
INFO:trainer_layer_forward:122.10297584533691
INFO:trainer_layer_forward:124.71747398376465
INFO:trainer_layer_forward:122.60913848876953
INFO:trainer_layer_forward:121.8569278717041
INFO:trainer_layer_forward:126.78337097167969
INFO:trainer_layer_forward:126.2812614440918
INFO:trainer_layer_forward:121.45566940307617
INFO:trainer_layer_forward:120.53751945495605
INFO:trainer_layer_forward:126.6927719116211
INFO:trainer_layer_forward:125.09751319885254
INFO:trainer_layer_forward:123.26550483703613
INFO:trainer_layer_forward:122.67231941223145
INFO:trainer_layer_forward:121.56105041503906
INFO:trainer_layer_forward:127.43759155273438
INFO:trainer_layer_forward:122.33495712280273
INFO:trainer_layer_forward:122.44868278503418
INFO:trainer_layer_forward:121.25325202941895
INFO:trainer_layer_forward:123.90851974487305
INFO:trainer_layer_forward:122.62558937072754
INFO:trainer_layer_forward:121.66738510131836
INFO:trainer_layer_forward:123.01754951477051
INFO:trainer_layer_forward:124.17006492614746
INFO:trainer_layer_forward:122.4675178527832
INFO:trainer_layer_forward:121.69599533081055
INFO:trainer_layer_forward:122.16544151306152
INFO:trainer_layer_forward:124.52459335327148
INFO:trainer_layer_forward:123.73042106628418
INFO:trainer_layer_forward:121.28543853759766
INFO:trainer_layer_forward:123.84676933288574
INFO:trainer_layer_forward:126.37710571289062
INFO:trainer_layer_forward:123.49772453308105
INFO:trainer_layer_forward:122.3297119140625
INFO:trainer_layer_forward:124.13620948791504
INFO:trainer_layer_forward:126.00398063659668
INFO:trainer_layer_forward:122.68710136413574
INFO:trainer_layer_forward:122.13778495788574
INFO:trainer_layer_forward:122.32136726379395
INFO:trainer_layer_forward:124.25684928894043
INFO:trainer_layer_forward:122.17259407043457
INFO:trainer_layer_forward:121.72341346740723
INFO:trainer_layer_forward:123.07286262512207
INFO:trainer_layer_forward:125.07081031799316
INFO:trainer_layer_forward:124.69863891601562
INFO:trainer_layer_forward:121.98400497436523
INFO:trainer_layer_forward:121.48880958557129
INFO:trainer_layer_forward:124.61662292480469
INFO:trainer_layer_forward:122.30515480041504
INFO:trainer_layer_forward:121.63639068603516
INFO:trainer_layer_forward:120.98240852355957
INFO:trainer_layer_forward:123.06690216064453
INFO:trainer_layer_forward:122.13659286499023
INFO:trainer_layer_forward:120.70202827453613
INFO:trainer_layer_forward:124.71890449523926
INFO:trainer_layer_forward:127.04896926879883
INFO:trainer_layer_forward:120.55635452270508
INFO:trainer_layer_forward:123.3673095703125
INFO:trainer_layer_forward:124.68385696411133
INFO:trainer_layer_forward:124.15575981140137
INFO:trainer_layer_forward:121.24323844909668
INFO:trainer_layer_forward:123.10051918029785
INFO:trainer_layer_forward:122.2846508026123
INFO:trainer_layer_forward:123.89159202575684
INFO:trainer_layer_forward:123.11577796936035
INFO:trainer_layer_forward:122.14374542236328
INFO:trainer_layer_forward:122.95246124267578
INFO:trainer_layer_forward:124.46236610412598
INFO:trainer_layer_forward:124.33075904846191
INFO:trainer_layer_forward:124.37248229980469
INFO:trainer_layer_forward:121.80519104003906
INFO:trainer_layer_forward:123.35062026977539
INFO:trainer_layer_forward:121.16646766662598
INFO:trainer_layer_forward:122.72143363952637
INFO:trainer_layer_forward:122.65348434448242
INFO:trainer_layer_forward:123.43430519104004
INFO:trainer_layer_forward:121.30355834960938
INFO:trainer_layer_forward:120.97525596618652
INFO:trainer_layer_forward:124.05204772949219
INFO:trainer_layer_forward:124.21822547912598
INFO:trainer_layer_forward:124.44210052490234
INFO:trainer_layer_forward:121.54507637023926
INFO:trainer_layer_forward:123.46410751342773
INFO:trainer_layer_forward:124.58252906799316
INFO:trainer_layer_forward:121.38605117797852
INFO:trainer_layer_forward:121.49286270141602
INFO:trainer_layer_forward:122.98440933227539
INFO:trainer_layer_forward:126.31058692932129
INFO:trainer_layer_forward:124.22013282775879
INFO:trainer_layer_forward:121.71649932861328
INFO:trainer_layer_forward:122.88236618041992
INFO:trainer_layer_forward:124.61996078491211
INFO:trainer_layer_forward:124.61161613464355
INFO:trainer_layer_forward:121.57893180847168
INFO:trainer_layer_forward:121.01554870605469
INFO:trainer_layer_forward:123.28338623046875
INFO:trainer_layer_forward:122.53904342651367
INFO:trainer_layer_forward:124.10664558410645
INFO:trainer_layer_forward:122.83015251159668
INFO:trainer_layer_forward:123.60048294067383
INFO:trainer_layer_forward:121.25349044799805
INFO:trainer_layer_forward:124.25971031188965
INFO:trainer_layer_forward:123.71516227722168
INFO:trainer_layer_forward:124.15599822998047
INFO:trainer_layer_forward:121.56558036804199
INFO:trainer_layer_forward:121.88267707824707
INFO:trainer_layer_forward:122.49135971069336
INFO:trainer_layer_forward:125.89716911315918
INFO:trainer_layer_forward:121.93465232849121
INFO:trainer_layer_forward:121.70028686523438
INFO:trainer_layer_forward:122.52306938171387
INFO:trainer_layer_forward:127.04086303710938
INFO:trainer_layer_forward:123.82054328918457
INFO:trainer_layer_forward:122.17020988464355
INFO:trainer_layer_forward:121.32596969604492
INFO:trainer_layer_forward:123.96574020385742
INFO:trainer_layer_forward:123.81386756896973
INFO:trainer_layer_forward:121.94991111755371
INFO:trainer_layer_forward:121.26016616821289
INFO:trainer_layer_forward:124.59969520568848
INFO:trainer_layer_forward:121.24872207641602
INFO:trainer_layer_forward:124.0692138671875
INFO:trainer_layer_forward:122.06196784973145
INFO:trainer_layer_forward:124.75061416625977
INFO:trainer_layer_forward:121.2606430053711
INFO:trainer_layer_forward:122.94626235961914
INFO:trainer_layer_forward:121.35696411132812
INFO:trainer_layer_forward:125.49519538879395
INFO:trainer_layer_forward:120.6204891204834
INFO:trainer_layer_forward:121.98400497436523
INFO:trainer_layer_forward:121.89221382141113
INFO:trainer_layer_forward:123.72040748596191
INFO:trainer_layer_forward:123.37517738342285
INFO:trainer_layer_forward:122.15089797973633
INFO:trainer_layer_forward:122.88999557495117
INFO:trainer_layer_forward:122.26080894470215
INFO:trainer_layer_forward:122.5285530090332
INFO:trainer_layer_forward:121.32048606872559
INFO:trainer_layer_forward:122.07889556884766
INFO:trainer_layer_forward:124.36246871948242
INFO:trainer_layer_forward:124.02129173278809
INFO:trainer_layer_forward:121.37913703918457
INFO:trainer_layer_forward:122.1170425415039
INFO:trainer_layer_forward:123.9926815032959
INFO:trainer_layer_forward:122.1916675567627
INFO:trainer_layer_forward:123.0001449584961
INFO:trainer_layer_forward:122.38740921020508
INFO:trainer_layer_forward:123.91352653503418
INFO:trainer_layer_forward:121.01101875305176
INFO:trainer_layer_forward:121.43850326538086
INFO:trainer_layer_forward:122.76387214660645
INFO:trainer_layer_forward:124.21417236328125
INFO:trainer_layer_forward:122.12181091308594
INFO:trainer_layer_forward:121.47951126098633
INFO:trainer_layer_forward:121.69909477233887
INFO:trainer_layer_forward:124.13382530212402
INFO:trainer_layer_forward:121.54889106750488
INFO:trainer_layer_forward:121.84524536132812
INFO:trainer_layer_forward:123.5361099243164
INFO:trainer_layer_forward:123.65150451660156
INFO:trainer_layer_forward:124.59588050842285
INFO:trainer_layer_forward:120.83101272583008
INFO:trainer_layer_forward:123.34489822387695
INFO:trainer_layer_forward:125.85902214050293
INFO:trainer_layer_forward:124.31120872497559
INFO:trainer_layer_forward:123.13127517700195
INFO:trainer_layer_forward:122.65348434448242
INFO:trainer_layer_forward:123.6124038696289
INFO:trainer_layer_forward:124.26328659057617
INFO:trainer_layer_forward:124.79138374328613
INFO:trainer_layer_forward:121.11973762512207
INFO:trainer_layer_forward:121.98591232299805
INFO:trainer_layer_forward:124.58205223083496
INFO:trainer_layer_forward:122.65658378601074
INFO:trainer_layer_forward:123.20995330810547
INFO:trainer_layer_forward:123.95071983337402
INFO:trainer_layer_forward:121.70863151550293
INFO:trainer_layer_forward:122.18499183654785
INFO:trainer_layer_forward:122.54905700683594
INFO:trainer_layer_forward:125.94461441040039
INFO:trainer_layer_forward:122.58529663085938
INFO:trainer_layer_forward:121.92535400390625
INFO:trainer_layer_forward:124.28712844848633
INFO:trainer_layer_forward:124.45187568664551
INFO:trainer_layer_forward:123.95739555358887
INFO:trainer_layer_forward:122.37024307250977
INFO:trainer_layer_forward:122.82896041870117
INFO:trainer_layer_forward:123.93832206726074
INFO:trainer_layer_forward:123.86274337768555
INFO:trainer_layer_forward:121.56105041503906
INFO:trainer_layer_forward:122.15423583984375
INFO:trainer_layer_forward:122.91479110717773
INFO:trainer_layer_forward:123.1386661529541
INFO:trainer_layer_forward:124.4056224822998
INFO:trainer_layer_forward:121.67644500732422
INFO:trainer_layer_forward:124.90534782409668
INFO:trainer_layer_forward:123.78549575805664
INFO:trainer_layer_forward:121.08254432678223
INFO:trainer_layer_forward:125.24032592773438
INFO:trainer_layer_forward:125.18620491027832
INFO:trainer_layer_forward:124.37820434570312
INFO:trainer_layer_forward:122.70092964172363
INFO:trainer_layer_forward:122.06554412841797
INFO:trainer_layer_forward:125.08988380432129
INFO:trainer_layer_forward:123.15869331359863
INFO:trainer_layer_forward:122.41029739379883
