INFO:trainer_layer_forward:FFT_CNNEx | mnist
INFO:trainer_layer_forward:in_size : 1024 | epochs : 1 | batch : 1
INFO:trainer_layer_forward:kernel_l1 : 513 | kernel_l2 : 257 | kernel_l3 : 129 
INFO:trainer_layer_forward:o_channels_l1 : 5 | o_channels_l2 : 5 | o_channels_l3 : 5 
INFO:trainer_layer_forward::::::::::::::::::::::::::::::::::::::::::::::::::::::::::::
INFO:trainer_layer_forward:message : fft_all_layer 
INFO:trainer_layer_forward::::::::::::::::::::::::::::::::::::::::::::::::::::::::::::
INFO:trainer_layer_forward:Ave_Time : 26.019491954725616
INFO:trainer_layer_forward::::::::::::::::::::::::::::::::::::::::::::::::::::::::::::
INFO:trainer_layer_forward:26.330947875976562
INFO:trainer_layer_forward:24.42169189453125
INFO:trainer_layer_forward:25.529146194458008
INFO:trainer_layer_forward:27.057409286499023
INFO:trainer_layer_forward:40.17305374145508
INFO:trainer_layer_forward:24.698734283447266
INFO:trainer_layer_forward:26.798486709594727
INFO:trainer_layer_forward:24.378538131713867
INFO:trainer_layer_forward:25.24280548095703
INFO:trainer_layer_forward:27.377605438232422
INFO:trainer_layer_forward:26.221275329589844
INFO:trainer_layer_forward:24.274110794067383
INFO:trainer_layer_forward:26.020526885986328
INFO:trainer_layer_forward:26.63421630859375
INFO:trainer_layer_forward:24.82748031616211
INFO:trainer_layer_forward:25.115251541137695
INFO:trainer_layer_forward:26.64351463317871
INFO:trainer_layer_forward:24.355411529541016
INFO:trainer_layer_forward:31.535625457763672
INFO:trainer_layer_forward:24.918794631958008
INFO:trainer_layer_forward:26.99446678161621
INFO:trainer_layer_forward:26.50594711303711
INFO:trainer_layer_forward:24.891138076782227
INFO:trainer_layer_forward:26.307106018066406
INFO:trainer_layer_forward:26.70001983642578
INFO:trainer_layer_forward:24.932384490966797
INFO:trainer_layer_forward:25.310516357421875
INFO:trainer_layer_forward:26.888370513916016
INFO:trainer_layer_forward:26.166677474975586
INFO:trainer_layer_forward:24.892091751098633
INFO:trainer_layer_forward:26.350021362304688
INFO:trainer_layer_forward:26.498079299926758
INFO:trainer_layer_forward:24.868011474609375
INFO:trainer_layer_forward:25.181293487548828
INFO:trainer_layer_forward:26.53360366821289
INFO:trainer_layer_forward:24.776697158813477
INFO:trainer_layer_forward:25.127410888671875
INFO:trainer_layer_forward:26.4589786529541
INFO:trainer_layer_forward:24.82318878173828
INFO:trainer_layer_forward:25.44689178466797
INFO:trainer_layer_forward:26.78704261779785
INFO:trainer_layer_forward:25.992393493652344
INFO:trainer_layer_forward:25.007963180541992
INFO:trainer_layer_forward:26.54242515563965
INFO:trainer_layer_forward:26.669979095458984
INFO:trainer_layer_forward:24.932146072387695
INFO:trainer_layer_forward:25.16341209411621
INFO:trainer_layer_forward:26.54862403869629
INFO:trainer_layer_forward:24.8262882232666
INFO:trainer_layer_forward:24.973154067993164
INFO:trainer_layer_forward:26.558637619018555
INFO:trainer_layer_forward:24.476051330566406
INFO:trainer_layer_forward:25.738000869750977
INFO:trainer_layer_forward:27.124881744384766
INFO:trainer_layer_forward:25.546789169311523
INFO:trainer_layer_forward:25.047779083251953
INFO:trainer_layer_forward:26.636600494384766
INFO:trainer_layer_forward:26.737689971923828
INFO:trainer_layer_forward:24.842500686645508
INFO:trainer_layer_forward:25.315284729003906
INFO:trainer_layer_forward:27.243852615356445
INFO:trainer_layer_forward:25.340795516967773
INFO:trainer_layer_forward:24.885177612304688
INFO:trainer_layer_forward:26.5810489654541
INFO:trainer_layer_forward:26.989459991455078
INFO:trainer_layer_forward:24.884939193725586
INFO:trainer_layer_forward:25.85768699645996
INFO:trainer_layer_forward:26.978731155395508
INFO:trainer_layer_forward:26.143312454223633
INFO:trainer_layer_forward:24.9481201171875
INFO:trainer_layer_forward:26.718616485595703
INFO:trainer_layer_forward:26.93772315979004
INFO:trainer_layer_forward:25.08068084716797
INFO:trainer_layer_forward:25.257587432861328
INFO:trainer_layer_forward:27.170181274414062
INFO:trainer_layer_forward:24.82151985168457
INFO:trainer_layer_forward:25.084495544433594
INFO:trainer_layer_forward:26.226043701171875
INFO:trainer_layer_forward:23.740768432617188
INFO:trainer_layer_forward:24.30438995361328
INFO:trainer_layer_forward:26.72123908996582
INFO:trainer_layer_forward:24.933338165283203
INFO:trainer_layer_forward:25.027990341186523
INFO:trainer_layer_forward:26.560068130493164
INFO:trainer_layer_forward:26.95155143737793
INFO:trainer_layer_forward:25.0399112701416
INFO:trainer_layer_forward:25.739192962646484
INFO:trainer_layer_forward:27.265548706054688
INFO:trainer_layer_forward:26.192665100097656
INFO:trainer_layer_forward:24.987220764160156
INFO:trainer_layer_forward:26.24821662902832
INFO:trainer_layer_forward:26.9315242767334
INFO:trainer_layer_forward:24.789094924926758
INFO:trainer_layer_forward:25.527238845825195
INFO:trainer_layer_forward:27.03094482421875
INFO:trainer_layer_forward:24.977684020996094
INFO:trainer_layer_forward:25.12359619140625
INFO:trainer_layer_forward:26.529312133789062
INFO:trainer_layer_forward:26.86166763305664
INFO:trainer_layer_forward:25.709152221679688
INFO:trainer_layer_forward:25.25043487548828
INFO:trainer_layer_forward:26.993513107299805
INFO:trainer_layer_forward:25.66981315612793
INFO:trainer_layer_forward:25.088787078857422
INFO:trainer_layer_forward:26.733875274658203
INFO:trainer_layer_forward:26.6878604888916
INFO:trainer_layer_forward:25.0241756439209
INFO:trainer_layer_forward:25.347232818603516
INFO:trainer_layer_forward:26.64351463317871
INFO:trainer_layer_forward:24.45077896118164
INFO:trainer_layer_forward:26.050567626953125
INFO:trainer_layer_forward:25.873661041259766
INFO:trainer_layer_forward:25.00605583190918
INFO:trainer_layer_forward:24.37734603881836
INFO:trainer_layer_forward:27.193546295166016
INFO:trainer_layer_forward:26.030778884887695
INFO:trainer_layer_forward:24.84607696533203
INFO:trainer_layer_forward:26.31235122680664
INFO:trainer_layer_forward:26.199817657470703
INFO:trainer_layer_forward:25.130271911621094
INFO:trainer_layer_forward:25.810718536376953
INFO:trainer_layer_forward:26.897907257080078
INFO:trainer_layer_forward:26.74388885498047
INFO:trainer_layer_forward:25.00462532043457
INFO:trainer_layer_forward:26.28183364868164
INFO:trainer_layer_forward:27.035236358642578
INFO:trainer_layer_forward:25.17247200012207
INFO:trainer_layer_forward:25.743484497070312
INFO:trainer_layer_forward:26.782989501953125
INFO:trainer_layer_forward:26.363611221313477
INFO:trainer_layer_forward:24.95598793029785
INFO:trainer_layer_forward:26.36575698852539
INFO:trainer_layer_forward:26.7941951751709
INFO:trainer_layer_forward:25.20275115966797
INFO:trainer_layer_forward:25.542736053466797
INFO:trainer_layer_forward:26.96084976196289
INFO:trainer_layer_forward:26.346206665039062
INFO:trainer_layer_forward:25.058984756469727
INFO:trainer_layer_forward:26.374101638793945
INFO:trainer_layer_forward:27.046680450439453
INFO:trainer_layer_forward:24.718284606933594
INFO:trainer_layer_forward:25.860071182250977
INFO:trainer_layer_forward:26.359081268310547
INFO:trainer_layer_forward:25.82573890686035
INFO:trainer_layer_forward:24.744033813476562
INFO:trainer_layer_forward:25.954246520996094
INFO:trainer_layer_forward:27.055740356445312
INFO:trainer_layer_forward:24.762868881225586
INFO:trainer_layer_forward:25.781869888305664
INFO:trainer_layer_forward:27.217864990234375
INFO:trainer_layer_forward:26.297330856323242
INFO:trainer_layer_forward:25.049924850463867
INFO:trainer_layer_forward:26.36432647705078
INFO:trainer_layer_forward:26.94106101989746
INFO:trainer_layer_forward:25.188684463500977
INFO:trainer_layer_forward:24.600982666015625
INFO:trainer_layer_forward:26.999235153198242
INFO:trainer_layer_forward:27.286052703857422
INFO:trainer_layer_forward:25.680065155029297
INFO:trainer_layer_forward:25.311946868896484
INFO:trainer_layer_forward:25.694847106933594
INFO:trainer_layer_forward:25.650501251220703
INFO:trainer_layer_forward:24.379968643188477
INFO:trainer_layer_forward:26.3671875
INFO:trainer_layer_forward:26.133298873901367
INFO:trainer_layer_forward:24.431705474853516
INFO:trainer_layer_forward:26.029109954833984
INFO:trainer_layer_forward:26.010513305664062
INFO:trainer_layer_forward:24.981260299682617
INFO:trainer_layer_forward:25.124549865722656
INFO:trainer_layer_forward:26.30925178527832
INFO:trainer_layer_forward:24.854660034179688
INFO:trainer_layer_forward:24.919509887695312
INFO:trainer_layer_forward:37.61148452758789
INFO:trainer_layer_forward:25.131940841674805
INFO:trainer_layer_forward:26.8704891204834
INFO:trainer_layer_forward:26.323318481445312
INFO:trainer_layer_forward:24.993896484375
INFO:trainer_layer_forward:25.889158248901367
INFO:trainer_layer_forward:26.72290802001953
INFO:trainer_layer_forward:25.44236183166504
INFO:trainer_layer_forward:25.721311569213867
INFO:trainer_layer_forward:27.081012725830078
INFO:trainer_layer_forward:26.58247947692871
INFO:trainer_layer_forward:25.08091926574707
INFO:trainer_layer_forward:26.203393936157227
INFO:trainer_layer_forward:26.93963050842285
INFO:trainer_layer_forward:25.415897369384766
INFO:trainer_layer_forward:25.1009464263916
INFO:trainer_layer_forward:26.93796157836914
INFO:trainer_layer_forward:26.10015869140625
INFO:trainer_layer_forward:24.88255500793457
INFO:trainer_layer_forward:26.36408805847168
INFO:trainer_layer_forward:26.644468307495117
INFO:trainer_layer_forward:25.3903865814209
INFO:trainer_layer_forward:25.841474533081055
INFO:trainer_layer_forward:26.813030242919922
INFO:trainer_layer_forward:25.998353958129883
INFO:trainer_layer_forward:25.02727508544922
INFO:trainer_layer_forward:25.809049606323242
INFO:trainer_layer_forward:26.09419822692871
INFO:trainer_layer_forward:24.908781051635742
INFO:trainer_layer_forward:26.1993408203125
INFO:trainer_layer_forward:26.897192001342773
INFO:trainer_layer_forward:25.595903396606445
INFO:trainer_layer_forward:25.499820709228516
INFO:trainer_layer_forward:26.575326919555664
INFO:trainer_layer_forward:26.744365692138672
INFO:trainer_layer_forward:25.51579475402832
INFO:trainer_layer_forward:25.916337966918945
INFO:trainer_layer_forward:26.526689529418945
INFO:trainer_layer_forward:26.404619216918945
INFO:trainer_layer_forward:24.484872817993164
INFO:trainer_layer_forward:25.994300842285156
INFO:trainer_layer_forward:26.166915893554688
INFO:trainer_layer_forward:25.443315505981445
INFO:trainer_layer_forward:24.997234344482422
INFO:trainer_layer_forward:26.83877944946289
INFO:trainer_layer_forward:26.271343231201172
INFO:trainer_layer_forward:24.463653564453125
INFO:trainer_layer_forward:26.023387908935547
INFO:trainer_layer_forward:26.20840072631836
INFO:trainer_layer_forward:24.438142776489258
INFO:trainer_layer_forward:26.32284164428711
INFO:trainer_layer_forward:26.77750587463379
INFO:trainer_layer_forward:25.546550750732422
INFO:trainer_layer_forward:25.615215301513672
INFO:trainer_layer_forward:26.895761489868164
INFO:trainer_layer_forward:26.07417106628418
INFO:trainer_layer_forward:25.087594985961914
INFO:trainer_layer_forward:26.488780975341797
INFO:trainer_layer_forward:26.97157859802246
INFO:trainer_layer_forward:25.394439697265625
INFO:trainer_layer_forward:25.461673736572266
INFO:trainer_layer_forward:26.70454978942871
INFO:trainer_layer_forward:26.549339294433594
INFO:trainer_layer_forward:25.00319480895996
INFO:trainer_layer_forward:26.3822078704834
INFO:trainer_layer_forward:27.156829833984375
INFO:trainer_layer_forward:24.835586547851562
INFO:trainer_layer_forward:25.858163833618164
INFO:trainer_layer_forward:27.15897560119629
INFO:trainer_layer_forward:26.030540466308594
INFO:trainer_layer_forward:25.202512741088867
INFO:trainer_layer_forward:26.689529418945312
INFO:trainer_layer_forward:26.77154541015625
INFO:trainer_layer_forward:25.862455368041992
INFO:trainer_layer_forward:25.33125877380371
INFO:trainer_layer_forward:26.305437088012695
INFO:trainer_layer_forward:25.754451751708984
INFO:trainer_layer_forward:24.973392486572266
INFO:trainer_layer_forward:26.543617248535156
INFO:trainer_layer_forward:25.997400283813477
INFO:trainer_layer_forward:25.82836151123047
INFO:trainer_layer_forward:25.424480438232422
INFO:trainer_layer_forward:26.60346031188965
INFO:trainer_layer_forward:27.024269104003906
INFO:trainer_layer_forward:25.38323402404785
INFO:trainer_layer_forward:26.493310928344727
INFO:trainer_layer_forward:26.099205017089844
INFO:trainer_layer_forward:25.677919387817383
INFO:trainer_layer_forward:25.39682388305664
INFO:trainer_layer_forward:26.9317626953125
INFO:trainer_layer_forward:26.8557071685791
INFO:trainer_layer_forward:25.568485260009766
INFO:trainer_layer_forward:25.973081588745117
INFO:trainer_layer_forward:26.67093276977539
INFO:trainer_layer_forward:25.485515594482422
INFO:trainer_layer_forward:25.36916732788086
INFO:trainer_layer_forward:27.404069900512695
INFO:trainer_layer_forward:25.49004554748535
INFO:trainer_layer_forward:25.635957717895508
INFO:trainer_layer_forward:26.393651962280273
INFO:trainer_layer_forward:26.025772094726562
INFO:trainer_layer_forward:25.78449249267578
INFO:trainer_layer_forward:24.121761322021484
INFO:trainer_layer_forward:27.18353271484375
INFO:trainer_layer_forward:26.13544464111328
INFO:trainer_layer_forward:25.309324264526367
INFO:trainer_layer_forward:26.240825653076172
INFO:trainer_layer_forward:25.99167823791504
INFO:trainer_layer_forward:26.085853576660156
INFO:trainer_layer_forward:25.519371032714844
INFO:trainer_layer_forward:27.431964874267578
INFO:trainer_layer_forward:26.35955810546875
INFO:trainer_layer_forward:25.24542808532715
INFO:trainer_layer_forward:26.23128890991211
INFO:trainer_layer_forward:25.957107543945312
INFO:trainer_layer_forward:25.85005760192871
INFO:trainer_layer_forward:25.50363540649414
INFO:trainer_layer_forward:27.529478073120117
INFO:trainer_layer_forward:26.23128890991211
INFO:trainer_layer_forward:25.354862213134766
INFO:trainer_layer_forward:26.404142379760742
INFO:trainer_layer_forward:26.263952255249023
INFO:trainer_layer_forward:25.284290313720703
INFO:trainer_layer_forward:25.57229995727539
INFO:trainer_layer_forward:26.636123657226562
INFO:trainer_layer_forward:26.021242141723633
INFO:trainer_layer_forward:24.615049362182617
INFO:trainer_layer_forward:25.980234146118164
INFO:trainer_layer_forward:26.899099349975586
INFO:trainer_layer_forward:25.518178939819336
INFO:trainer_layer_forward:25.067567825317383
INFO:trainer_layer_forward:27.401447296142578
INFO:trainer_layer_forward:25.936365127563477
INFO:trainer_layer_forward:24.55902099609375
INFO:trainer_layer_forward:26.07893943786621
INFO:trainer_layer_forward:26.28326416015625
INFO:trainer_layer_forward:25.27928352355957
INFO:trainer_layer_forward:25.763988494873047
INFO:trainer_layer_forward:27.13775634765625
INFO:trainer_layer_forward:26.460647583007812
INFO:trainer_layer_forward:24.936676025390625
INFO:trainer_layer_forward:26.64971351623535
INFO:trainer_layer_forward:27.027606964111328
INFO:trainer_layer_forward:25.33435821533203
INFO:trainer_layer_forward:24.600982666015625
INFO:trainer_layer_forward:26.69668197631836
INFO:trainer_layer_forward:25.679349899291992
INFO:trainer_layer_forward:24.91164207458496
INFO:trainer_layer_forward:26.9167423248291
INFO:trainer_layer_forward:27.043819427490234
INFO:trainer_layer_forward:25.462627410888672
INFO:trainer_layer_forward:25.01368522644043
INFO:trainer_layer_forward:27.25529670715332
INFO:trainer_layer_forward:27.06623077392578
INFO:trainer_layer_forward:25.416135787963867
INFO:trainer_layer_forward:26.015520095825195
INFO:trainer_layer_forward:27.054786682128906
INFO:trainer_layer_forward:25.40874481201172
INFO:trainer_layer_forward:25.630712509155273
INFO:trainer_layer_forward:27.011394500732422
INFO:trainer_layer_forward:27.002334594726562
INFO:trainer_layer_forward:26.391267776489258
INFO:trainer_layer_forward:25.447845458984375
INFO:trainer_layer_forward:26.685237884521484
INFO:trainer_layer_forward:26.106595993041992
INFO:trainer_layer_forward:26.172876358032227
INFO:trainer_layer_forward:25.183916091918945
INFO:trainer_layer_forward:26.810884475708008
INFO:trainer_layer_forward:25.3753662109375
INFO:trainer_layer_forward:24.599552154541016
INFO:trainer_layer_forward:26.60655975341797
INFO:trainer_layer_forward:26.175975799560547
INFO:trainer_layer_forward:25.485992431640625
INFO:trainer_layer_forward:25.987625122070312
INFO:trainer_layer_forward:26.584625244140625
INFO:trainer_layer_forward:25.2685546875
INFO:trainer_layer_forward:25.356292724609375
INFO:trainer_layer_forward:26.140451431274414
INFO:trainer_layer_forward:26.602983474731445
INFO:trainer_layer_forward:25.245189666748047
INFO:trainer_layer_forward:26.13997459411621
INFO:trainer_layer_forward:25.954723358154297
INFO:trainer_layer_forward:25.925636291503906
INFO:trainer_layer_forward:25.599956512451172
INFO:trainer_layer_forward:26.644468307495117
INFO:trainer_layer_forward:26.471614837646484
INFO:trainer_layer_forward:25.339841842651367
INFO:trainer_layer_forward:25.383710861206055
INFO:trainer_layer_forward:26.644229888916016
INFO:trainer_layer_forward:25.36916732788086
INFO:trainer_layer_forward:25.50029754638672
INFO:trainer_layer_forward:26.24034881591797
INFO:trainer_layer_forward:26.734590530395508
INFO:trainer_layer_forward:25.50649642944336
INFO:trainer_layer_forward:25.99334716796875
INFO:trainer_layer_forward:26.25250816345215
INFO:trainer_layer_forward:26.018381118774414
INFO:trainer_layer_forward:25.47454833984375
INFO:trainer_layer_forward:26.120901107788086
INFO:trainer_layer_forward:26.55625343322754
INFO:trainer_layer_forward:25.356292724609375
INFO:trainer_layer_forward:26.380300521850586
INFO:trainer_layer_forward:26.00240707397461
INFO:trainer_layer_forward:25.976181030273438
INFO:trainer_layer_forward:25.700807571411133
INFO:trainer_layer_forward:27.292728424072266
INFO:trainer_layer_forward:25.476694107055664
INFO:trainer_layer_forward:25.435686111450195
INFO:trainer_layer_forward:26.77154541015625
INFO:trainer_layer_forward:26.752471923828125
INFO:trainer_layer_forward:24.901628494262695
INFO:trainer_layer_forward:26.35335922241211
INFO:trainer_layer_forward:27.239561080932617
INFO:trainer_layer_forward:25.395870208740234
INFO:trainer_layer_forward:25.65312385559082
INFO:trainer_layer_forward:25.822877883911133
INFO:trainer_layer_forward:26.517868041992188
INFO:trainer_layer_forward:25.532245635986328
INFO:trainer_layer_forward:25.702953338623047
INFO:trainer_layer_forward:26.813268661499023
INFO:trainer_layer_forward:26.554346084594727
INFO:trainer_layer_forward:25.539398193359375
INFO:trainer_layer_forward:26.43752098083496
INFO:trainer_layer_forward:26.639699935913086
INFO:trainer_layer_forward:25.903701782226562
INFO:trainer_layer_forward:25.29287338256836
INFO:trainer_layer_forward:27.057886123657227
INFO:trainer_layer_forward:26.40509605407715
INFO:trainer_layer_forward:25.93374252319336
INFO:trainer_layer_forward:26.317358016967773
INFO:trainer_layer_forward:26.200294494628906
INFO:trainer_layer_forward:26.3824462890625
INFO:trainer_layer_forward:25.27642250061035
INFO:trainer_layer_forward:27.03571319580078
INFO:trainer_layer_forward:25.992870330810547
INFO:trainer_layer_forward:25.1314640045166
INFO:trainer_layer_forward:26.645183563232422
INFO:trainer_layer_forward:25.882244110107422
INFO:trainer_layer_forward:26.40223503112793
INFO:trainer_layer_forward:25.342464447021484
INFO:trainer_layer_forward:27.30417251586914
INFO:trainer_layer_forward:25.52962303161621
INFO:trainer_layer_forward:25.61354637145996
INFO:trainer_layer_forward:26.643753051757812
INFO:trainer_layer_forward:26.090383529663086
INFO:trainer_layer_forward:26.23772621154785
INFO:trainer_layer_forward:25.55680274963379
INFO:trainer_layer_forward:26.605844497680664
INFO:trainer_layer_forward:25.539875030517578
INFO:trainer_layer_forward:25.63953399658203
INFO:trainer_layer_forward:26.700735092163086
INFO:trainer_layer_forward:26.89361572265625
INFO:trainer_layer_forward:25.36320686340332
INFO:trainer_layer_forward:25.815248489379883
INFO:trainer_layer_forward:26.955842971801758
INFO:trainer_layer_forward:26.22365951538086
INFO:trainer_layer_forward:25.20298957824707
INFO:trainer_layer_forward:26.739120483398438
INFO:trainer_layer_forward:26.059865951538086
INFO:trainer_layer_forward:26.175975799560547
INFO:trainer_layer_forward:25.462865829467773
INFO:trainer_layer_forward:27.011632919311523
INFO:trainer_layer_forward:25.43950080871582
INFO:trainer_layer_forward:25.53534507751465
INFO:trainer_layer_forward:26.65877342224121
INFO:trainer_layer_forward:26.765108108520508
INFO:trainer_layer_forward:25.994062423706055
INFO:trainer_layer_forward:25.27618408203125
INFO:trainer_layer_forward:27.178049087524414
INFO:trainer_layer_forward:26.83424949645996
INFO:trainer_layer_forward:25.336503982543945
INFO:trainer_layer_forward:26.416540145874023
INFO:trainer_layer_forward:26.022911071777344
INFO:trainer_layer_forward:25.961637496948242
INFO:trainer_layer_forward:25.62236785888672
INFO:trainer_layer_forward:27.132511138916016
INFO:trainer_layer_forward:25.393009185791016
INFO:trainer_layer_forward:25.491714477539062
INFO:trainer_layer_forward:26.657581329345703
INFO:trainer_layer_forward:25.963783264160156
INFO:trainer_layer_forward:25.47907829284668
INFO:trainer_layer_forward:26.070117950439453
INFO:trainer_layer_forward:27.159690856933594
INFO:trainer_layer_forward:25.547266006469727
INFO:trainer_layer_forward:25.724172592163086
INFO:trainer_layer_forward:26.61442756652832
INFO:trainer_layer_forward:26.101350784301758
INFO:trainer_layer_forward:26.381731033325195
INFO:trainer_layer_forward:25.478839874267578
INFO:trainer_layer_forward:26.235580444335938
INFO:trainer_layer_forward:26.322126388549805
INFO:trainer_layer_forward:25.583744049072266
INFO:trainer_layer_forward:26.572704315185547
INFO:trainer_layer_forward:26.730060577392578
INFO:trainer_layer_forward:25.417804718017578
INFO:trainer_layer_forward:25.950193405151367
INFO:trainer_layer_forward:27.39548683166504
INFO:trainer_layer_forward:25.6650447845459
INFO:trainer_layer_forward:25.86507797241211
INFO:trainer_layer_forward:26.669740676879883
INFO:trainer_layer_forward:25.987863540649414
INFO:trainer_layer_forward:25.39515495300293
INFO:trainer_layer_forward:26.482343673706055
INFO:trainer_layer_forward:26.40533447265625
INFO:trainer_layer_forward:25.60591697692871
INFO:trainer_layer_forward:25.87437629699707
INFO:trainer_layer_forward:26.354551315307617
INFO:trainer_layer_forward:27.166366577148438
INFO:trainer_layer_forward:25.470733642578125
INFO:trainer_layer_forward:25.455951690673828
INFO:trainer_layer_forward:27.035951614379883
INFO:trainer_layer_forward:25.786638259887695
INFO:trainer_layer_forward:26.161909103393555
INFO:trainer_layer_forward:25.482177734375
INFO:trainer_layer_forward:26.971817016601562
INFO:trainer_layer_forward:26.60202980041504
INFO:trainer_layer_forward:25.47764778137207
