INFO:trainer_layer_forward:FFT_CNNEx | mnist
INFO:trainer_layer_forward:in_size : 512 | epochs : 1 | batch : 1
INFO:trainer_layer_forward:kernel_l1 : 257 | kernel_l2 : 129 | kernel_l3 : 65 
INFO:trainer_layer_forward:o_channels_l1 : 5 | o_channels_l2 : 5 | o_channels_l3 : 5 
INFO:trainer_layer_forward::::::::::::::::::::::::::::::::::::::::::::::::::::::::::::
INFO:trainer_layer_forward:message : fft_all_layer 
INFO:trainer_layer_forward::::::::::::::::::::::::::::::::::::::::::::::::::::::::::::
INFO:trainer_layer_forward:Ave_Time : 6.50569857383261
INFO:trainer_layer_forward::::::::::::::::::::::::::::::::::::::::::::::::::::::::::::
INFO:trainer_layer_forward:7.011175155639648
INFO:trainer_layer_forward:7.471799850463867
INFO:trainer_layer_forward:6.984472274780273
INFO:trainer_layer_forward:8.341789245605469
INFO:trainer_layer_forward:7.6007843017578125
INFO:trainer_layer_forward:7.927656173706055
INFO:trainer_layer_forward:8.865594863891602
INFO:trainer_layer_forward:6.994485855102539
INFO:trainer_layer_forward:8.302927017211914
INFO:trainer_layer_forward:8.371591567993164
INFO:trainer_layer_forward:7.81702995300293
INFO:trainer_layer_forward:8.052587509155273
INFO:trainer_layer_forward:6.944417953491211
INFO:trainer_layer_forward:7.99250602722168
INFO:trainer_layer_forward:7.477998733520508
INFO:trainer_layer_forward:7.791280746459961
INFO:trainer_layer_forward:8.433103561401367
INFO:trainer_layer_forward:7.137537002563477
INFO:trainer_layer_forward:8.605003356933594
INFO:trainer_layer_forward:7.323026657104492
INFO:trainer_layer_forward:6.192684173583984
INFO:trainer_layer_forward:6.305932998657227
INFO:trainer_layer_forward:6.178617477416992
INFO:trainer_layer_forward:6.55817985534668
INFO:trainer_layer_forward:6.093025207519531
INFO:trainer_layer_forward:6.974220275878906
INFO:trainer_layer_forward:6.006956100463867
INFO:trainer_layer_forward:7.37309455871582
INFO:trainer_layer_forward:5.951166152954102
INFO:trainer_layer_forward:6.956338882446289
INFO:trainer_layer_forward:6.538867950439453
INFO:trainer_layer_forward:6.718158721923828
INFO:trainer_layer_forward:6.582975387573242
INFO:trainer_layer_forward:5.93113899230957
INFO:trainer_layer_forward:5.907535552978516
INFO:trainer_layer_forward:6.645917892456055
INFO:trainer_layer_forward:6.526708602905273
INFO:trainer_layer_forward:6.872415542602539
INFO:trainer_layer_forward:5.939722061157227
INFO:trainer_layer_forward:6.740331649780273
INFO:trainer_layer_forward:6.16765022277832
INFO:trainer_layer_forward:6.903409957885742
INFO:trainer_layer_forward:5.900382995605469
INFO:trainer_layer_forward:6.572961807250977
INFO:trainer_layer_forward:6.225347518920898
INFO:trainer_layer_forward:6.324529647827148
INFO:trainer_layer_forward:5.91588020324707
INFO:trainer_layer_forward:7.0133209228515625
INFO:trainer_layer_forward:5.892753601074219
INFO:trainer_layer_forward:7.11369514465332
INFO:trainer_layer_forward:5.877971649169922
INFO:trainer_layer_forward:6.880521774291992
INFO:trainer_layer_forward:5.892038345336914
INFO:trainer_layer_forward:7.03883171081543
INFO:trainer_layer_forward:5.897998809814453
INFO:trainer_layer_forward:7.146358489990234
INFO:trainer_layer_forward:5.889892578125
INFO:trainer_layer_forward:6.6852569580078125
INFO:trainer_layer_forward:5.887269973754883
INFO:trainer_layer_forward:6.827116012573242
INFO:trainer_layer_forward:5.891323089599609
INFO:trainer_layer_forward:6.417989730834961
INFO:trainer_layer_forward:6.371974945068359
INFO:trainer_layer_forward:6.666421890258789
INFO:trainer_layer_forward:5.878210067749023
INFO:trainer_layer_forward:6.283044815063477
INFO:trainer_layer_forward:6.459474563598633
INFO:trainer_layer_forward:5.979061126708984
INFO:trainer_layer_forward:6.892919540405273
INFO:trainer_layer_forward:6.480216979980469
INFO:trainer_layer_forward:6.580352783203125
INFO:trainer_layer_forward:5.886554718017578
INFO:trainer_layer_forward:6.572961807250977
INFO:trainer_layer_forward:5.937099456787109
INFO:trainer_layer_forward:6.921529769897461
INFO:trainer_layer_forward:5.95855712890625
INFO:trainer_layer_forward:6.837606430053711
INFO:trainer_layer_forward:5.8803558349609375
INFO:trainer_layer_forward:6.762504577636719
INFO:trainer_layer_forward:5.907535552978516
INFO:trainer_layer_forward:7.005453109741211
INFO:trainer_layer_forward:5.944967269897461
INFO:trainer_layer_forward:7.083415985107422
INFO:trainer_layer_forward:5.905628204345703
INFO:trainer_layer_forward:6.920337677001953
INFO:trainer_layer_forward:5.901336669921875
INFO:trainer_layer_forward:7.035970687866211
INFO:trainer_layer_forward:6.155967712402344
INFO:trainer_layer_forward:6.974220275878906
INFO:trainer_layer_forward:6.000995635986328
INFO:trainer_layer_forward:6.768465042114258
INFO:trainer_layer_forward:5.957603454589844
INFO:trainer_layer_forward:6.702423095703125
INFO:trainer_layer_forward:5.968809127807617
INFO:trainer_layer_forward:6.68787956237793
INFO:trainer_layer_forward:6.630420684814453
INFO:trainer_layer_forward:6.302833557128906
INFO:trainer_layer_forward:6.6928863525390625
INFO:trainer_layer_forward:6.53076171875
INFO:trainer_layer_forward:6.775856018066406
INFO:trainer_layer_forward:5.927562713623047
INFO:trainer_layer_forward:6.361246109008789
INFO:trainer_layer_forward:6.439447402954102
INFO:trainer_layer_forward:6.977081298828125
INFO:trainer_layer_forward:5.935192108154297
INFO:trainer_layer_forward:6.75654411315918
INFO:trainer_layer_forward:6.578683853149414
INFO:trainer_layer_forward:6.724834442138672
INFO:trainer_layer_forward:5.947589874267578
INFO:trainer_layer_forward:6.886005401611328
INFO:trainer_layer_forward:5.931377410888672
INFO:trainer_layer_forward:6.757974624633789
INFO:trainer_layer_forward:5.926609039306641
INFO:trainer_layer_forward:6.832122802734375
INFO:trainer_layer_forward:5.938529968261719
INFO:trainer_layer_forward:6.964683532714844
INFO:trainer_layer_forward:6.030559539794922
INFO:trainer_layer_forward:6.937265396118164
INFO:trainer_layer_forward:5.971431732177734
INFO:trainer_layer_forward:6.826639175415039
INFO:trainer_layer_forward:5.929708480834961
INFO:trainer_layer_forward:6.808996200561523
INFO:trainer_layer_forward:6.722927093505859
INFO:trainer_layer_forward:6.262540817260742
INFO:trainer_layer_forward:6.577968597412109
INFO:trainer_layer_forward:5.918264389038086
INFO:trainer_layer_forward:6.424665451049805
INFO:trainer_layer_forward:6.415128707885742
INFO:trainer_layer_forward:6.472587585449219
INFO:trainer_layer_forward:6.654262542724609
INFO:trainer_layer_forward:7.741451263427734
INFO:trainer_layer_forward:6.636142730712891
INFO:trainer_layer_forward:6.849765777587891
INFO:trainer_layer_forward:5.966663360595703
INFO:trainer_layer_forward:6.891965866088867
INFO:trainer_layer_forward:6.035327911376953
INFO:trainer_layer_forward:7.0209503173828125
INFO:trainer_layer_forward:5.930185317993164
INFO:trainer_layer_forward:6.711483001708984
INFO:trainer_layer_forward:5.917072296142578
INFO:trainer_layer_forward:6.881475448608398
INFO:trainer_layer_forward:5.916118621826172
INFO:trainer_layer_forward:6.714820861816406
INFO:trainer_layer_forward:6.076574325561523
INFO:trainer_layer_forward:6.928682327270508
INFO:trainer_layer_forward:6.017446517944336
INFO:trainer_layer_forward:6.547689437866211
INFO:trainer_layer_forward:7.010221481323242
INFO:trainer_layer_forward:6.038904190063477
INFO:trainer_layer_forward:6.987094879150391
INFO:trainer_layer_forward:6.135463714599609
INFO:trainer_layer_forward:7.528066635131836
INFO:trainer_layer_forward:5.955219268798828
INFO:trainer_layer_forward:6.769418716430664
INFO:trainer_layer_forward:6.504058837890625
INFO:trainer_layer_forward:7.025241851806641
INFO:trainer_layer_forward:5.978584289550781
INFO:trainer_layer_forward:7.042646408081055
INFO:trainer_layer_forward:6.723880767822266
INFO:trainer_layer_forward:6.5975189208984375
INFO:trainer_layer_forward:6.730556488037109
INFO:trainer_layer_forward:6.620883941650391
INFO:trainer_layer_forward:6.678342819213867
INFO:trainer_layer_forward:6.849050521850586
INFO:trainer_layer_forward:6.39033317565918
INFO:trainer_layer_forward:6.331205368041992
INFO:trainer_layer_forward:6.425380706787109
INFO:trainer_layer_forward:6.981849670410156
INFO:trainer_layer_forward:6.3762664794921875
INFO:trainer_layer_forward:6.245136260986328
INFO:trainer_layer_forward:6.449699401855469
INFO:trainer_layer_forward:6.380319595336914
INFO:trainer_layer_forward:5.933046340942383
INFO:trainer_layer_forward:6.621837615966797
INFO:trainer_layer_forward:5.9108734130859375
INFO:trainer_layer_forward:6.822347640991211
INFO:trainer_layer_forward:6.167411804199219
INFO:trainer_layer_forward:6.507396697998047
INFO:trainer_layer_forward:6.531715393066406
INFO:trainer_layer_forward:6.183147430419922
INFO:trainer_layer_forward:6.519794464111328
INFO:trainer_layer_forward:5.917549133300781
INFO:trainer_layer_forward:6.697177886962891
INFO:trainer_layer_forward:5.934953689575195
INFO:trainer_layer_forward:6.411075592041016
INFO:trainer_layer_forward:6.686925888061523
INFO:trainer_layer_forward:6.422996520996094
INFO:trainer_layer_forward:6.434202194213867
INFO:trainer_layer_forward:7.137060165405273
INFO:trainer_layer_forward:6.349802017211914
INFO:trainer_layer_forward:6.376504898071289
INFO:trainer_layer_forward:6.03795051574707
INFO:trainer_layer_forward:6.4029693603515625
INFO:trainer_layer_forward:6.37054443359375
INFO:trainer_layer_forward:6.3648223876953125
INFO:trainer_layer_forward:6.285905838012695
INFO:trainer_layer_forward:6.506919860839844
INFO:trainer_layer_forward:6.526708602905273
INFO:trainer_layer_forward:6.582975387573242
INFO:trainer_layer_forward:6.333827972412109
INFO:trainer_layer_forward:6.636142730712891
INFO:trainer_layer_forward:6.541967391967773
INFO:trainer_layer_forward:7.292032241821289
INFO:trainer_layer_forward:6.308078765869141
INFO:trainer_layer_forward:7.106304168701172
INFO:trainer_layer_forward:6.064414978027344
INFO:trainer_layer_forward:6.485939025878906
INFO:trainer_layer_forward:5.933523178100586
INFO:trainer_layer_forward:7.058858871459961
INFO:trainer_layer_forward:6.468057632446289
INFO:trainer_layer_forward:5.915641784667969
INFO:trainer_layer_forward:5.916833877563477
INFO:trainer_layer_forward:6.797313690185547
INFO:trainer_layer_forward:5.951404571533203
INFO:trainer_layer_forward:6.941080093383789
INFO:trainer_layer_forward:5.915403366088867
INFO:trainer_layer_forward:6.927251815795898
INFO:trainer_layer_forward:5.9871673583984375
INFO:trainer_layer_forward:6.98399543762207
INFO:trainer_layer_forward:5.980730056762695
INFO:trainer_layer_forward:7.080554962158203
INFO:trainer_layer_forward:5.907297134399414
INFO:trainer_layer_forward:7.078647613525391
INFO:trainer_layer_forward:5.893707275390625
INFO:trainer_layer_forward:7.028102874755859
INFO:trainer_layer_forward:5.8956146240234375
INFO:trainer_layer_forward:6.9789886474609375
INFO:trainer_layer_forward:5.981922149658203
INFO:trainer_layer_forward:6.985902786254883
INFO:trainer_layer_forward:5.924224853515625
INFO:trainer_layer_forward:7.074594497680664
INFO:trainer_layer_forward:5.949258804321289
INFO:trainer_layer_forward:6.939172744750977
INFO:trainer_layer_forward:5.952119827270508
INFO:trainer_layer_forward:7.1563720703125
INFO:trainer_layer_forward:5.91278076171875
INFO:trainer_layer_forward:6.993293762207031
INFO:trainer_layer_forward:5.931377410888672
INFO:trainer_layer_forward:7.050037384033203
INFO:trainer_layer_forward:5.94329833984375
INFO:trainer_layer_forward:6.8073272705078125
INFO:trainer_layer_forward:5.969524383544922
INFO:trainer_layer_forward:6.71696662902832
INFO:trainer_layer_forward:6.606340408325195
INFO:trainer_layer_forward:6.524085998535156
INFO:trainer_layer_forward:6.003618240356445
INFO:trainer_layer_forward:6.870031356811523
INFO:trainer_layer_forward:5.917787551879883
INFO:trainer_layer_forward:6.923913955688477
INFO:trainer_layer_forward:5.99217414855957
INFO:trainer_layer_forward:6.827592849731445
INFO:trainer_layer_forward:5.918025970458984
INFO:trainer_layer_forward:7.030963897705078
INFO:trainer_layer_forward:5.9661865234375
INFO:trainer_layer_forward:6.93058967590332
INFO:trainer_layer_forward:5.910396575927734
INFO:trainer_layer_forward:6.826162338256836
INFO:trainer_layer_forward:5.903959274291992
INFO:trainer_layer_forward:7.00688362121582
INFO:trainer_layer_forward:5.973100662231445
INFO:trainer_layer_forward:6.614208221435547
INFO:trainer_layer_forward:6.638765335083008
INFO:trainer_layer_forward:6.17527961730957
INFO:trainer_layer_forward:6.4849853515625
INFO:trainer_layer_forward:5.922794342041016
INFO:trainer_layer_forward:6.346225738525391
INFO:trainer_layer_forward:6.379842758178711
INFO:trainer_layer_forward:6.636381149291992
INFO:trainer_layer_forward:5.967378616333008
INFO:trainer_layer_forward:6.968498229980469
INFO:trainer_layer_forward:6.023883819580078
INFO:trainer_layer_forward:7.030725479125977
INFO:trainer_layer_forward:6.367921829223633
INFO:trainer_layer_forward:6.9484710693359375
INFO:trainer_layer_forward:6.129980087280273
INFO:trainer_layer_forward:6.695747375488281
INFO:trainer_layer_forward:6.055355072021484
INFO:trainer_layer_forward:6.933927536010742
INFO:trainer_layer_forward:6.679534912109375
INFO:trainer_layer_forward:6.616115570068359
INFO:trainer_layer_forward:6.541252136230469
INFO:trainer_layer_forward:6.188869476318359
INFO:trainer_layer_forward:6.437063217163086
INFO:trainer_layer_forward:6.266117095947266
INFO:trainer_layer_forward:6.477832794189453
INFO:trainer_layer_forward:6.3648223876953125
INFO:trainer_layer_forward:6.452798843383789
INFO:trainer_layer_forward:6.429433822631836
INFO:trainer_layer_forward:6.544589996337891
INFO:trainer_layer_forward:6.402015686035156
INFO:trainer_layer_forward:7.245063781738281
INFO:trainer_layer_forward:6.023406982421875
INFO:trainer_layer_forward:6.857156753540039
INFO:trainer_layer_forward:6.468296051025391
INFO:trainer_layer_forward:7.315397262573242
INFO:trainer_layer_forward:5.963802337646484
INFO:trainer_layer_forward:6.848812103271484
INFO:trainer_layer_forward:5.967378616333008
INFO:trainer_layer_forward:6.964445114135742
INFO:trainer_layer_forward:5.968332290649414
INFO:trainer_layer_forward:6.850004196166992
INFO:trainer_layer_forward:6.0596466064453125
INFO:trainer_layer_forward:6.7920684814453125
INFO:trainer_layer_forward:6.009578704833984
INFO:trainer_layer_forward:6.6375732421875
INFO:trainer_layer_forward:6.057500839233398
INFO:trainer_layer_forward:6.685018539428711
INFO:trainer_layer_forward:6.003141403198242
INFO:trainer_layer_forward:7.129669189453125
INFO:trainer_layer_forward:5.923032760620117
INFO:trainer_layer_forward:6.793498992919922
INFO:trainer_layer_forward:6.06846809387207
INFO:trainer_layer_forward:6.968975067138672
INFO:trainer_layer_forward:5.951166152954102
INFO:trainer_layer_forward:6.616830825805664
INFO:trainer_layer_forward:5.985021591186523
INFO:trainer_layer_forward:6.692647933959961
INFO:trainer_layer_forward:6.946086883544922
INFO:trainer_layer_forward:6.001949310302734
INFO:trainer_layer_forward:6.80088996887207
INFO:trainer_layer_forward:6.396293640136719
INFO:trainer_layer_forward:7.19761848449707
INFO:trainer_layer_forward:5.944728851318359
INFO:trainer_layer_forward:6.862401962280273
INFO:trainer_layer_forward:6.072282791137695
INFO:trainer_layer_forward:7.128238677978516
INFO:trainer_layer_forward:5.993127822875977
INFO:trainer_layer_forward:6.982088088989258
INFO:trainer_layer_forward:5.928754806518555
INFO:trainer_layer_forward:7.027626037597656
INFO:trainer_layer_forward:5.919933319091797
INFO:trainer_layer_forward:6.6509246826171875
INFO:trainer_layer_forward:5.957365036010742
INFO:trainer_layer_forward:6.727933883666992
INFO:trainer_layer_forward:5.90825080871582
INFO:trainer_layer_forward:6.715059280395508
INFO:trainer_layer_forward:5.914926528930664
INFO:trainer_layer_forward:6.781578063964844
INFO:trainer_layer_forward:6.014347076416016
INFO:trainer_layer_forward:6.810426712036133
INFO:trainer_layer_forward:5.987405776977539
INFO:trainer_layer_forward:6.891012191772461
INFO:trainer_layer_forward:5.999326705932617
INFO:trainer_layer_forward:6.988048553466797
INFO:trainer_layer_forward:5.932331085205078
INFO:trainer_layer_forward:6.827354431152344
INFO:trainer_layer_forward:5.988359451293945
INFO:trainer_layer_forward:6.683111190795898
INFO:trainer_layer_forward:6.3190460205078125
INFO:trainer_layer_forward:5.975008010864258
INFO:trainer_layer_forward:5.992650985717773
INFO:trainer_layer_forward:6.7462921142578125
INFO:trainer_layer_forward:6.53529167175293
INFO:trainer_layer_forward:6.249666213989258
INFO:trainer_layer_forward:6.429433822631836
INFO:trainer_layer_forward:6.539106369018555
INFO:trainer_layer_forward:6.418466567993164
INFO:trainer_layer_forward:6.981372833251953
INFO:trainer_layer_forward:6.366968154907227
INFO:trainer_layer_forward:6.10041618347168
INFO:trainer_layer_forward:6.581783294677734
INFO:trainer_layer_forward:6.429910659790039
INFO:trainer_layer_forward:5.892753601074219
INFO:trainer_layer_forward:6.821632385253906
INFO:trainer_layer_forward:5.933523178100586
INFO:trainer_layer_forward:7.060766220092773
INFO:trainer_layer_forward:5.9261322021484375
INFO:trainer_layer_forward:6.931781768798828
INFO:trainer_layer_forward:5.92041015625
INFO:trainer_layer_forward:7.019758224487305
INFO:trainer_layer_forward:6.481170654296875
INFO:trainer_layer_forward:5.997419357299805
INFO:trainer_layer_forward:6.305694580078125
INFO:trainer_layer_forward:6.1187744140625
INFO:trainer_layer_forward:6.567478179931641
INFO:trainer_layer_forward:5.978584289550781
INFO:trainer_layer_forward:6.332635879516602
INFO:trainer_layer_forward:6.04557991027832
INFO:trainer_layer_forward:7.692098617553711
INFO:trainer_layer_forward:5.913496017456055
INFO:trainer_layer_forward:6.743669509887695
INFO:trainer_layer_forward:5.899190902709961
INFO:trainer_layer_forward:6.423234939575195
INFO:trainer_layer_forward:5.914211273193359
INFO:trainer_layer_forward:6.314277648925781
INFO:trainer_layer_forward:6.437063217163086
INFO:trainer_layer_forward:5.926609039306641
INFO:trainer_layer_forward:6.598234176635742
INFO:trainer_layer_forward:5.898952484130859
INFO:trainer_layer_forward:6.879568099975586
INFO:trainer_layer_forward:5.9566497802734375
INFO:trainer_layer_forward:6.874322891235352
INFO:trainer_layer_forward:5.917072296142578
INFO:trainer_layer_forward:6.835222244262695
INFO:trainer_layer_forward:5.956172943115234
INFO:trainer_layer_forward:6.863594055175781
INFO:trainer_layer_forward:5.884885787963867
INFO:trainer_layer_forward:6.833076477050781
INFO:trainer_layer_forward:5.907773971557617
INFO:trainer_layer_forward:7.009983062744141
INFO:trainer_layer_forward:5.897045135498047
INFO:trainer_layer_forward:6.95037841796875
INFO:trainer_layer_forward:5.989789962768555
INFO:trainer_layer_forward:7.147789001464844
INFO:trainer_layer_forward:5.956411361694336
INFO:trainer_layer_forward:7.080554962158203
INFO:trainer_layer_forward:5.889177322387695
INFO:trainer_layer_forward:6.954193115234375
INFO:trainer_layer_forward:5.893230438232422
INFO:trainer_layer_forward:7.059335708618164
INFO:trainer_layer_forward:5.906105041503906
INFO:trainer_layer_forward:7.090568542480469
INFO:trainer_layer_forward:5.9261322021484375
INFO:trainer_layer_forward:6.835460662841797
INFO:trainer_layer_forward:5.897760391235352
INFO:trainer_layer_forward:7.779598236083984
INFO:trainer_layer_forward:7.035732269287109
INFO:trainer_layer_forward:5.950689315795898
INFO:trainer_layer_forward:7.385492324829102
INFO:trainer_layer_forward:6.000041961669922
INFO:trainer_layer_forward:6.900310516357422
INFO:trainer_layer_forward:6.203889846801758
INFO:trainer_layer_forward:6.310701370239258
INFO:trainer_layer_forward:6.838083267211914
INFO:trainer_layer_forward:6.342887878417969
INFO:trainer_layer_forward:6.37507438659668
INFO:trainer_layer_forward:6.137371063232422
INFO:trainer_layer_forward:6.522417068481445
INFO:trainer_layer_forward:6.7138671875
INFO:trainer_layer_forward:6.704807281494141
INFO:trainer_layer_forward:6.365537643432617
INFO:trainer_layer_forward:7.038116455078125
INFO:trainer_layer_forward:6.879091262817383
INFO:trainer_layer_forward:6.956577301025391
INFO:trainer_layer_forward:5.889415740966797
INFO:trainer_layer_forward:6.745815277099609
INFO:trainer_layer_forward:5.975484848022461
INFO:trainer_layer_forward:6.775140762329102
INFO:trainer_layer_forward:5.907535552978516
INFO:trainer_layer_forward:6.915092468261719
INFO:trainer_layer_forward:5.910634994506836
INFO:trainer_layer_forward:6.872415542602539
INFO:trainer_layer_forward:5.916595458984375
INFO:trainer_layer_forward:7.2193145751953125
INFO:trainer_layer_forward:5.950927734375
INFO:trainer_layer_forward:7.262706756591797
INFO:trainer_layer_forward:5.881071090698242
INFO:trainer_layer_forward:6.837606430053711
INFO:trainer_layer_forward:5.936384201049805
INFO:trainer_layer_forward:6.684541702270508
INFO:trainer_layer_forward:5.911588668823242
INFO:trainer_layer_forward:6.838321685791016
INFO:trainer_layer_forward:5.887269973754883
INFO:trainer_layer_forward:6.767749786376953
INFO:trainer_layer_forward:5.883932113647461
INFO:trainer_layer_forward:6.869077682495117
INFO:trainer_layer_forward:5.8994293212890625
INFO:trainer_layer_forward:6.855487823486328
INFO:trainer_layer_forward:5.916118621826172
INFO:trainer_layer_forward:6.77037239074707
INFO:trainer_layer_forward:6.137609481811523
INFO:trainer_layer_forward:6.891489028930664
INFO:trainer_layer_forward:5.904197692871094
INFO:trainer_layer_forward:6.865262985229492
INFO:trainer_layer_forward:5.90825080871582
INFO:trainer_layer_forward:6.352663040161133
INFO:trainer_layer_forward:6.708621978759766
INFO:trainer_layer_forward:6.0062408447265625
INFO:trainer_layer_forward:7.005214691162109
INFO:trainer_layer_forward:6.0863494873046875
INFO:trainer_layer_forward:6.846904754638672
INFO:trainer_layer_forward:5.974054336547852
INFO:trainer_layer_forward:6.745576858520508
INFO:trainer_layer_forward:5.952596664428711
INFO:trainer_layer_forward:7.031679153442383
INFO:trainer_layer_forward:5.954742431640625
INFO:trainer_layer_forward:7.032155990600586
INFO:trainer_layer_forward:5.9566497802734375
INFO:trainer_layer_forward:6.935834884643555
INFO:trainer_layer_forward:6.82377815246582
INFO:trainer_layer_forward:6.690025329589844
INFO:trainer_layer_forward:6.605386734008789
INFO:trainer_layer_forward:6.017208099365234
INFO:trainer_layer_forward:7.157802581787109
INFO:trainer_layer_forward:5.980730056762695
INFO:trainer_layer_forward:6.892204284667969
INFO:trainer_layer_forward:5.93113899230957
INFO:trainer_layer_forward:7.034540176391602
INFO:trainer_layer_forward:6.317138671875
INFO:trainer_layer_forward:6.769657135009766
