INFO:trainer_layer_forward:FFT_CNNEx | mnist
INFO:trainer_layer_forward:in_size : 256 | epochs : 1 | batch : 1
INFO:trainer_layer_forward:kernel_l1 : 129 | kernel_l2 : 65 | kernel_l3 : 33 
INFO:trainer_layer_forward:o_channels_l1 : 5 | o_channels_l2 : 5 | o_channels_l3 : 5 
INFO:trainer_layer_forward::::::::::::::::::::::::::::::::::::::::::::::::::::::::::::
INFO:trainer_layer_forward:message : fft_all_layer 
INFO:trainer_layer_forward::::::::::::::::::::::::::::::::::::::::::::::::::::::::::::
INFO:trainer_layer_forward:Ave_Time : 2.545340207158303
INFO:trainer_layer_forward::::::::::::::::::::::::::::::::::::::::::::::::::::::::::::
INFO:trainer_layer_forward:2.6426315307617188
INFO:trainer_layer_forward:3.1881332397460938
INFO:trainer_layer_forward:4.837274551391602
INFO:trainer_layer_forward:3.3147335052490234
INFO:trainer_layer_forward:3.276348114013672
INFO:trainer_layer_forward:3.3156871795654297
INFO:trainer_layer_forward:3.0364990234375
INFO:trainer_layer_forward:3.2575130462646484
INFO:trainer_layer_forward:3.1859874725341797
INFO:trainer_layer_forward:2.7458667755126953
INFO:trainer_layer_forward:2.7053356170654297
INFO:trainer_layer_forward:3.0603408813476562
INFO:trainer_layer_forward:3.242015838623047
INFO:trainer_layer_forward:2.9878616333007812
INFO:trainer_layer_forward:2.3431777954101562
INFO:trainer_layer_forward:2.1529197692871094
INFO:trainer_layer_forward:2.31170654296875
INFO:trainer_layer_forward:2.5734901428222656
INFO:trainer_layer_forward:2.161264419555664
INFO:trainer_layer_forward:2.3717880249023438
INFO:trainer_layer_forward:2.1185874938964844
INFO:trainer_layer_forward:2.970457077026367
INFO:trainer_layer_forward:2.2437572479248047
INFO:trainer_layer_forward:2.355337142944336
INFO:trainer_layer_forward:2.436399459838867
INFO:trainer_layer_forward:3.148317337036133
INFO:trainer_layer_forward:2.951383590698242
INFO:trainer_layer_forward:2.264261245727539
INFO:trainer_layer_forward:2.1963119506835938
INFO:trainer_layer_forward:2.448558807373047
INFO:trainer_layer_forward:2.1784305572509766
INFO:trainer_layer_forward:2.538919448852539
INFO:trainer_layer_forward:2.1677017211914062
INFO:trainer_layer_forward:2.368927001953125
INFO:trainer_layer_forward:3.3054351806640625
INFO:trainer_layer_forward:2.9206275939941406
INFO:trainer_layer_forward:5.6304931640625
INFO:trainer_layer_forward:3.2165050506591797
INFO:trainer_layer_forward:3.1366348266601562
INFO:trainer_layer_forward:2.6574134826660156
INFO:trainer_layer_forward:3.0062198638916016
INFO:trainer_layer_forward:2.572298049926758
INFO:trainer_layer_forward:2.796649932861328
INFO:trainer_layer_forward:3.1707286834716797
INFO:trainer_layer_forward:2.1545886993408203
INFO:trainer_layer_forward:2.0618438720703125
INFO:trainer_layer_forward:2.013683319091797
INFO:trainer_layer_forward:2.068042755126953
INFO:trainer_layer_forward:2.054452896118164
INFO:trainer_layer_forward:1.9390583038330078
INFO:trainer_layer_forward:2.558469772338867
INFO:trainer_layer_forward:2.5560855865478516
INFO:trainer_layer_forward:2.7208328247070312
INFO:trainer_layer_forward:2.4847984313964844
INFO:trainer_layer_forward:2.311229705810547
INFO:trainer_layer_forward:2.3851394653320312
INFO:trainer_layer_forward:2.7098655700683594
INFO:trainer_layer_forward:2.6395320892333984
INFO:trainer_layer_forward:2.5758743286132812
INFO:trainer_layer_forward:2.330303192138672
INFO:trainer_layer_forward:2.264261245727539
INFO:trainer_layer_forward:2.230405807495117
INFO:trainer_layer_forward:2.043485641479492
INFO:trainer_layer_forward:2.023935317993164
INFO:trainer_layer_forward:2.1970272064208984
INFO:trainer_layer_forward:2.187490463256836
INFO:trainer_layer_forward:2.3107528686523438
INFO:trainer_layer_forward:2.028942108154297
INFO:trainer_layer_forward:2.093791961669922
INFO:trainer_layer_forward:1.9207000732421875
INFO:trainer_layer_forward:2.1529197692871094
INFO:trainer_layer_forward:2.1734237670898438
INFO:trainer_layer_forward:2.555370330810547
INFO:trainer_layer_forward:2.1381378173828125
INFO:trainer_layer_forward:2.7675628662109375
INFO:trainer_layer_forward:2.2475719451904297
INFO:trainer_layer_forward:2.096891403198242
INFO:trainer_layer_forward:2.2466182708740234
INFO:trainer_layer_forward:2.034902572631836
INFO:trainer_layer_forward:2.5119781494140625
INFO:trainer_layer_forward:2.0456314086914062
INFO:trainer_layer_forward:2.0940303802490234
INFO:trainer_layer_forward:2.103567123413086
INFO:trainer_layer_forward:2.2780895233154297
INFO:trainer_layer_forward:2.2668838500976562
INFO:trainer_layer_forward:2.1812915802001953
INFO:trainer_layer_forward:1.932382583618164
INFO:trainer_layer_forward:4.007577896118164
INFO:trainer_layer_forward:4.088401794433594
INFO:trainer_layer_forward:2.771139144897461
INFO:trainer_layer_forward:2.44903564453125
INFO:trainer_layer_forward:2.312898635864258
INFO:trainer_layer_forward:2.988100051879883
INFO:trainer_layer_forward:2.3343563079833984
INFO:trainer_layer_forward:2.385854721069336
INFO:trainer_layer_forward:2.2590160369873047
INFO:trainer_layer_forward:2.4261474609375
INFO:trainer_layer_forward:2.481698989868164
INFO:trainer_layer_forward:3.0786991119384766
INFO:trainer_layer_forward:2.7403831481933594
INFO:trainer_layer_forward:3.088235855102539
INFO:trainer_layer_forward:2.4123191833496094
INFO:trainer_layer_forward:2.7451515197753906
INFO:trainer_layer_forward:2.6102066040039062
INFO:trainer_layer_forward:2.822399139404297
INFO:trainer_layer_forward:2.3450851440429688
INFO:trainer_layer_forward:4.373073577880859
INFO:trainer_layer_forward:2.666950225830078
INFO:trainer_layer_forward:4.148960113525391
INFO:trainer_layer_forward:2.9594898223876953
INFO:trainer_layer_forward:2.8836727142333984
INFO:trainer_layer_forward:2.7458667755126953
INFO:trainer_layer_forward:2.355337142944336
INFO:trainer_layer_forward:2.3980140686035156
INFO:trainer_layer_forward:2.6171207427978516
INFO:trainer_layer_forward:2.7425289154052734
INFO:trainer_layer_forward:2.331972122192383
INFO:trainer_layer_forward:2.338409423828125
INFO:trainer_layer_forward:2.338886260986328
INFO:trainer_layer_forward:2.4442672729492188
INFO:trainer_layer_forward:2.2013187408447266
INFO:trainer_layer_forward:2.4487972259521484
INFO:trainer_layer_forward:2.162933349609375
INFO:trainer_layer_forward:2.401590347290039
INFO:trainer_layer_forward:2.3746490478515625
INFO:trainer_layer_forward:2.348661422729492
INFO:trainer_layer_forward:2.284526824951172
INFO:trainer_layer_forward:2.404928207397461
INFO:trainer_layer_forward:2.2411346435546875
INFO:trainer_layer_forward:2.415180206298828
INFO:trainer_layer_forward:2.231121063232422
INFO:trainer_layer_forward:5.227804183959961
INFO:trainer_layer_forward:4.01616096496582
INFO:trainer_layer_forward:2.357006072998047
INFO:trainer_layer_forward:2.2399425506591797
INFO:trainer_layer_forward:1.8954277038574219
INFO:trainer_layer_forward:2.774953842163086
INFO:trainer_layer_forward:2.2237300872802734
INFO:trainer_layer_forward:2.1533966064453125
INFO:trainer_layer_forward:2.4042129516601562
INFO:trainer_layer_forward:3.0031204223632812
INFO:trainer_layer_forward:1.905202865600586
INFO:trainer_layer_forward:2.2821426391601562
INFO:trainer_layer_forward:1.82342529296875
INFO:trainer_layer_forward:2.3183822631835938
INFO:trainer_layer_forward:2.6552677154541016
INFO:trainer_layer_forward:1.9388198852539062
INFO:trainer_layer_forward:1.8947124481201172
INFO:trainer_layer_forward:2.0952224731445312
INFO:trainer_layer_forward:2.2864341735839844
INFO:trainer_layer_forward:2.077817916870117
INFO:trainer_layer_forward:1.8951892852783203
INFO:trainer_layer_forward:2.0339488983154297
INFO:trainer_layer_forward:2.147197723388672
INFO:trainer_layer_forward:3.447294235229492
INFO:trainer_layer_forward:2.529621124267578
INFO:trainer_layer_forward:1.9516944885253906
INFO:trainer_layer_forward:2.0761489868164062
INFO:trainer_layer_forward:2.916574478149414
INFO:trainer_layer_forward:1.8732547760009766
INFO:trainer_layer_forward:1.8610954284667969
INFO:trainer_layer_forward:1.811981201171875
INFO:trainer_layer_forward:8.322000503540039
INFO:trainer_layer_forward:1.8055438995361328
INFO:trainer_layer_forward:2.0303726196289062
INFO:trainer_layer_forward:2.1958351135253906
INFO:trainer_layer_forward:4.083156585693359
INFO:trainer_layer_forward:2.2563934326171875
INFO:trainer_layer_forward:2.115964889526367
INFO:trainer_layer_forward:4.7760009765625
INFO:trainer_layer_forward:2.5489330291748047
INFO:trainer_layer_forward:2.3565292358398438
INFO:trainer_layer_forward:1.810312271118164
INFO:trainer_layer_forward:2.9342174530029297
INFO:trainer_layer_forward:2.6133060455322266
INFO:trainer_layer_forward:2.6259422302246094
INFO:trainer_layer_forward:2.3233890533447266
INFO:trainer_layer_forward:2.821683883666992
INFO:trainer_layer_forward:2.390623092651367
INFO:trainer_layer_forward:2.160310745239258
INFO:trainer_layer_forward:2.495288848876953
INFO:trainer_layer_forward:3.1108856201171875
INFO:trainer_layer_forward:3.100872039794922
INFO:trainer_layer_forward:2.8977394104003906
INFO:trainer_layer_forward:2.811908721923828
INFO:trainer_layer_forward:3.1468868255615234
INFO:trainer_layer_forward:2.907276153564453
INFO:trainer_layer_forward:3.598451614379883
INFO:trainer_layer_forward:2.8514862060546875
INFO:trainer_layer_forward:2.271890640258789
INFO:trainer_layer_forward:2.7916431427001953
INFO:trainer_layer_forward:2.1479129791259766
INFO:trainer_layer_forward:2.3126602172851562
INFO:trainer_layer_forward:2.529144287109375
INFO:trainer_layer_forward:2.4285316467285156
INFO:trainer_layer_forward:2.9578208923339844
INFO:trainer_layer_forward:2.010822296142578
INFO:trainer_layer_forward:2.0148754119873047
INFO:trainer_layer_forward:2.069234848022461
INFO:trainer_layer_forward:2.452850341796875
INFO:trainer_layer_forward:2.1660327911376953
INFO:trainer_layer_forward:1.9638538360595703
INFO:trainer_layer_forward:2.02178955078125
INFO:trainer_layer_forward:2.1257400512695312
INFO:trainer_layer_forward:3.055095672607422
INFO:trainer_layer_forward:2.129077911376953
INFO:trainer_layer_forward:2.0318031311035156
INFO:trainer_layer_forward:2.034425735473633
INFO:trainer_layer_forward:2.207517623901367
INFO:trainer_layer_forward:2.837657928466797
INFO:trainer_layer_forward:2.4178028106689453
INFO:trainer_layer_forward:2.4423599243164062
INFO:trainer_layer_forward:2.088785171508789
INFO:trainer_layer_forward:2.704620361328125
INFO:trainer_layer_forward:2.048969268798828
INFO:trainer_layer_forward:2.062082290649414
INFO:trainer_layer_forward:2.154111862182617
INFO:trainer_layer_forward:2.3064613342285156
INFO:trainer_layer_forward:2.5284290313720703
INFO:trainer_layer_forward:2.097606658935547
INFO:trainer_layer_forward:1.9688606262207031
INFO:trainer_layer_forward:2.093791961669922
INFO:trainer_layer_forward:2.0923614501953125
INFO:trainer_layer_forward:2.4695396423339844
INFO:trainer_layer_forward:1.9555091857910156
INFO:trainer_layer_forward:2.210855484008789
INFO:trainer_layer_forward:2.1791458129882812
INFO:trainer_layer_forward:3.217458724975586
INFO:trainer_layer_forward:2.1805763244628906
INFO:trainer_layer_forward:1.9266605377197266
INFO:trainer_layer_forward:1.9259452819824219
INFO:trainer_layer_forward:2.0058155059814453
INFO:trainer_layer_forward:2.5353431701660156
INFO:trainer_layer_forward:2.0127296447753906
INFO:trainer_layer_forward:1.9636154174804688
INFO:trainer_layer_forward:2.043485641479492
INFO:trainer_layer_forward:2.1181106567382812
INFO:trainer_layer_forward:2.4716854095458984
INFO:trainer_layer_forward:2.1436214447021484
INFO:trainer_layer_forward:1.9953250885009766
INFO:trainer_layer_forward:2.073526382446289
INFO:trainer_layer_forward:2.293825149536133
INFO:trainer_layer_forward:4.240274429321289
INFO:trainer_layer_forward:2.1300315856933594
INFO:trainer_layer_forward:2.1207332611083984
INFO:trainer_layer_forward:2.599477767944336
INFO:trainer_layer_forward:2.3543834686279297
INFO:trainer_layer_forward:2.2029876708984375
INFO:trainer_layer_forward:2.1457672119140625
INFO:trainer_layer_forward:2.382993698120117
INFO:trainer_layer_forward:2.6345252990722656
INFO:trainer_layer_forward:2.0906925201416016
INFO:trainer_layer_forward:2.119779586791992
INFO:trainer_layer_forward:3.6842823028564453
INFO:trainer_layer_forward:4.523277282714844
INFO:trainer_layer_forward:1.9507408142089844
INFO:trainer_layer_forward:1.9903182983398438
INFO:trainer_layer_forward:1.9989013671875
INFO:trainer_layer_forward:2.6357173919677734
INFO:trainer_layer_forward:2.0449161529541016
INFO:trainer_layer_forward:1.9919872283935547
INFO:trainer_layer_forward:1.916646957397461
INFO:trainer_layer_forward:1.9390583038330078
INFO:trainer_layer_forward:2.973318099975586
INFO:trainer_layer_forward:2.1016597747802734
INFO:trainer_layer_forward:2.11334228515625
INFO:trainer_layer_forward:2.3543834686279297
INFO:trainer_layer_forward:2.930164337158203
INFO:trainer_layer_forward:4.1637420654296875
INFO:trainer_layer_forward:4.078149795532227
INFO:trainer_layer_forward:2.295255661010742
INFO:trainer_layer_forward:2.296924591064453
INFO:trainer_layer_forward:1.9462108612060547
INFO:trainer_layer_forward:2.0761489868164062
INFO:trainer_layer_forward:2.0301342010498047
INFO:trainer_layer_forward:2.5398731231689453
INFO:trainer_layer_forward:2.0904541015625
INFO:trainer_layer_forward:2.3920536041259766
INFO:trainer_layer_forward:2.0809173583984375
INFO:trainer_layer_forward:2.239227294921875
INFO:trainer_layer_forward:4.3621063232421875
INFO:trainer_layer_forward:2.3899078369140625
INFO:trainer_layer_forward:2.632617950439453
INFO:trainer_layer_forward:3.3288002014160156
INFO:trainer_layer_forward:2.4271011352539062
INFO:trainer_layer_forward:2.9630661010742188
INFO:trainer_layer_forward:3.1032562255859375
INFO:trainer_layer_forward:2.5463104248046875
INFO:trainer_layer_forward:1.939535140991211
INFO:trainer_layer_forward:2.168416976928711
INFO:trainer_layer_forward:2.149820327758789
INFO:trainer_layer_forward:2.659320831298828
INFO:trainer_layer_forward:2.03704833984375
INFO:trainer_layer_forward:1.8041133880615234
INFO:trainer_layer_forward:1.9271373748779297
INFO:trainer_layer_forward:2.770662307739258
INFO:trainer_layer_forward:3.477334976196289
INFO:trainer_layer_forward:1.8494129180908203
INFO:trainer_layer_forward:3.4856796264648438
INFO:trainer_layer_forward:3.4046173095703125
INFO:trainer_layer_forward:3.314971923828125
INFO:trainer_layer_forward:3.3774375915527344
INFO:trainer_layer_forward:3.182649612426758
INFO:trainer_layer_forward:3.006458282470703
INFO:trainer_layer_forward:2.709627151489258
INFO:trainer_layer_forward:1.97601318359375
INFO:trainer_layer_forward:2.2873878479003906
INFO:trainer_layer_forward:2.0911693572998047
INFO:trainer_layer_forward:2.450704574584961
INFO:trainer_layer_forward:2.3365020751953125
INFO:trainer_layer_forward:2.232074737548828
INFO:trainer_layer_forward:2.265453338623047
INFO:trainer_layer_forward:2.304553985595703
INFO:trainer_layer_forward:2.9196739196777344
INFO:trainer_layer_forward:2.2547245025634766
INFO:trainer_layer_forward:1.9474029541015625
INFO:trainer_layer_forward:2.1448135375976562
INFO:trainer_layer_forward:2.2516250610351562
INFO:trainer_layer_forward:2.7723312377929688
INFO:trainer_layer_forward:2.493619918823242
INFO:trainer_layer_forward:2.7618408203125
INFO:trainer_layer_forward:2.302408218383789
INFO:trainer_layer_forward:2.804279327392578
INFO:trainer_layer_forward:2.4542808532714844
INFO:trainer_layer_forward:2.503633499145508
INFO:trainer_layer_forward:2.4716854095458984
INFO:trainer_layer_forward:2.5675296783447266
INFO:trainer_layer_forward:2.31170654296875
INFO:trainer_layer_forward:2.0771026611328125
INFO:trainer_layer_forward:2.183675765991211
INFO:trainer_layer_forward:2.8562545776367188
INFO:trainer_layer_forward:2.1698474884033203
INFO:trainer_layer_forward:2.3276805877685547
INFO:trainer_layer_forward:2.1827220916748047
INFO:trainer_layer_forward:2.7081966400146484
INFO:trainer_layer_forward:2.781391143798828
INFO:trainer_layer_forward:2.575397491455078
INFO:trainer_layer_forward:2.177715301513672
INFO:trainer_layer_forward:2.933979034423828
INFO:trainer_layer_forward:2.3114681243896484
INFO:trainer_layer_forward:2.5234222412109375
INFO:trainer_layer_forward:2.1245479583740234
INFO:trainer_layer_forward:2.4640560150146484
INFO:trainer_layer_forward:2.624988555908203
INFO:trainer_layer_forward:1.93023681640625
INFO:trainer_layer_forward:2.316713333129883
INFO:trainer_layer_forward:2.2552013397216797
INFO:trainer_layer_forward:2.6178359985351562
INFO:trainer_layer_forward:2.3441314697265625
INFO:trainer_layer_forward:2.207517623901367
INFO:trainer_layer_forward:2.435445785522461
INFO:trainer_layer_forward:2.8083324432373047
INFO:trainer_layer_forward:2.2487640380859375
INFO:trainer_layer_forward:2.0651817321777344
INFO:trainer_layer_forward:1.9521713256835938
INFO:trainer_layer_forward:2.3975372314453125
INFO:trainer_layer_forward:2.536296844482422
INFO:trainer_layer_forward:2.4755001068115234
INFO:trainer_layer_forward:2.01416015625
INFO:trainer_layer_forward:2.248048782348633
INFO:trainer_layer_forward:2.634763717651367
INFO:trainer_layer_forward:2.2802352905273438
INFO:trainer_layer_forward:2.2842884063720703
INFO:trainer_layer_forward:2.2733211517333984
INFO:trainer_layer_forward:2.4573802947998047
INFO:trainer_layer_forward:2.885580062866211
INFO:trainer_layer_forward:2.05230712890625
INFO:trainer_layer_forward:2.1381378173828125
INFO:trainer_layer_forward:2.254486083984375
INFO:trainer_layer_forward:4.644155502319336
INFO:trainer_layer_forward:2.613067626953125
INFO:trainer_layer_forward:3.088712692260742
INFO:trainer_layer_forward:2.8166770935058594
INFO:trainer_layer_forward:2.0029544830322266
INFO:trainer_layer_forward:2.3679733276367188
INFO:trainer_layer_forward:3.213167190551758
INFO:trainer_layer_forward:2.491474151611328
INFO:trainer_layer_forward:2.243518829345703
INFO:trainer_layer_forward:2.226114273071289
INFO:trainer_layer_forward:1.9955635070800781
INFO:trainer_layer_forward:5.13911247253418
INFO:trainer_layer_forward:2.8162002563476562
INFO:trainer_layer_forward:2.4878978729248047
INFO:trainer_layer_forward:2.9611587524414062
INFO:trainer_layer_forward:1.9199848175048828
INFO:trainer_layer_forward:2.2211074829101562
INFO:trainer_layer_forward:2.204418182373047
INFO:trainer_layer_forward:2.3102760314941406
INFO:trainer_layer_forward:2.493619918823242
INFO:trainer_layer_forward:2.1207332611083984
INFO:trainer_layer_forward:2.1703243255615234
INFO:trainer_layer_forward:2.3484230041503906
INFO:trainer_layer_forward:2.5680065155029297
INFO:trainer_layer_forward:2.171754837036133
INFO:trainer_layer_forward:2.1834373474121094
INFO:trainer_layer_forward:2.1071434020996094
INFO:trainer_layer_forward:2.769947052001953
INFO:trainer_layer_forward:2.7878284454345703
INFO:trainer_layer_forward:3.2389163970947266
INFO:trainer_layer_forward:2.125978469848633
INFO:trainer_layer_forward:3.3321380615234375
INFO:trainer_layer_forward:2.3179054260253906
INFO:trainer_layer_forward:2.211332321166992
INFO:trainer_layer_forward:2.0804405212402344
INFO:trainer_layer_forward:2.8438568115234375
INFO:trainer_layer_forward:2.572774887084961
INFO:trainer_layer_forward:2.206563949584961
INFO:trainer_layer_forward:2.1736621856689453
INFO:trainer_layer_forward:2.2957324981689453
INFO:trainer_layer_forward:2.995014190673828
INFO:trainer_layer_forward:2.0647048950195312
INFO:trainer_layer_forward:2.102375030517578
INFO:trainer_layer_forward:2.241373062133789
INFO:trainer_layer_forward:2.942800521850586
INFO:trainer_layer_forward:2.084016799926758
INFO:trainer_layer_forward:2.2008419036865234
INFO:trainer_layer_forward:2.3000240325927734
INFO:trainer_layer_forward:4.545450210571289
INFO:trainer_layer_forward:2.6369094848632812
INFO:trainer_layer_forward:2.5255680084228516
INFO:trainer_layer_forward:3.9947032928466797
INFO:trainer_layer_forward:2.900362014770508
INFO:trainer_layer_forward:2.936840057373047
INFO:trainer_layer_forward:2.627134323120117
INFO:trainer_layer_forward:2.3012161254882812
INFO:trainer_layer_forward:2.456188201904297
INFO:trainer_layer_forward:2.848386764526367
INFO:trainer_layer_forward:3.7200450897216797
INFO:trainer_layer_forward:3.446817398071289
INFO:trainer_layer_forward:2.8073787689208984
INFO:trainer_layer_forward:3.470182418823242
INFO:trainer_layer_forward:3.248453140258789
INFO:trainer_layer_forward:2.8743743896484375
INFO:trainer_layer_forward:3.1549930572509766
INFO:trainer_layer_forward:3.4606456756591797
INFO:trainer_layer_forward:2.906322479248047
INFO:trainer_layer_forward:2.835512161254883
INFO:trainer_layer_forward:3.0808448791503906
INFO:trainer_layer_forward:3.0956268310546875
INFO:trainer_layer_forward:2.8133392333984375
INFO:trainer_layer_forward:3.066539764404297
INFO:trainer_layer_forward:2.5556087493896484
INFO:trainer_layer_forward:2.3794174194335938
INFO:trainer_layer_forward:2.3856163024902344
INFO:trainer_layer_forward:2.282857894897461
INFO:trainer_layer_forward:2.9892921447753906
INFO:trainer_layer_forward:2.750873565673828
INFO:trainer_layer_forward:2.317190170288086
INFO:trainer_layer_forward:2.263307571411133
INFO:trainer_layer_forward:3.3676624298095703
INFO:trainer_layer_forward:2.6895999908447266
INFO:trainer_layer_forward:2.9952526092529297
INFO:trainer_layer_forward:2.640962600708008
INFO:trainer_layer_forward:3.3347606658935547
INFO:trainer_layer_forward:2.6502609252929688
INFO:trainer_layer_forward:2.989053726196289
INFO:trainer_layer_forward:2.5954246520996094
INFO:trainer_layer_forward:2.8285980224609375
INFO:trainer_layer_forward:2.9211044311523438
INFO:trainer_layer_forward:2.647876739501953
INFO:trainer_layer_forward:2.8624534606933594
INFO:trainer_layer_forward:2.730131149291992
INFO:trainer_layer_forward:3.0584335327148438
INFO:trainer_layer_forward:2.3229122161865234
INFO:trainer_layer_forward:2.908945083618164
INFO:trainer_layer_forward:3.1783580780029297
INFO:trainer_layer_forward:2.8257369995117188
INFO:trainer_layer_forward:2.7654170989990234
INFO:trainer_layer_forward:2.843618392944336
INFO:trainer_layer_forward:2.2478103637695312
INFO:trainer_layer_forward:2.0780563354492188
INFO:trainer_layer_forward:2.530336380004883
INFO:trainer_layer_forward:2.429485321044922
INFO:trainer_layer_forward:2.319812774658203
INFO:trainer_layer_forward:2.343416213989258
INFO:trainer_layer_forward:2.400636672973633
INFO:trainer_layer_forward:2.4085044860839844
INFO:trainer_layer_forward:2.1483898162841797
INFO:trainer_layer_forward:2.081632614135742
INFO:trainer_layer_forward:2.1195411682128906
INFO:trainer_layer_forward:2.4034976959228516
INFO:trainer_layer_forward:2.299070358276367
INFO:trainer_layer_forward:2.000570297241211
INFO:trainer_layer_forward:2.0139217376708984
INFO:trainer_layer_forward:2.074003219604492
INFO:trainer_layer_forward:3.161907196044922
INFO:trainer_layer_forward:2.129077911376953
INFO:trainer_layer_forward:1.9230842590332031
INFO:trainer_layer_forward:1.9633769989013672
INFO:trainer_layer_forward:2.1257400512695312
