INFO:trainer_layer_forward:FFT_CNNEx | mnist
INFO:trainer_layer_forward:in_size : 128 | epochs : 1 | batch : 1
INFO:trainer_layer_forward:kernel_l1 : 65 | kernel_l2 : 33 | kernel_l3 : 17 
INFO:trainer_layer_forward:o_channels_l1 : 5 | o_channels_l2 : 5 | o_channels_l3 : 5 
INFO:trainer_layer_forward::::::::::::::::::::::::::::::::::::::::::::::::::::::::::::
INFO:trainer_layer_forward:message : fft_all_layer 
INFO:trainer_layer_forward::::::::::::::::::::::::::::::::::::::::::::::::::::::::::::
INFO:trainer_layer_forward:Ave_Time : 2.504286474111129
INFO:trainer_layer_forward::::::::::::::::::::::::::::::::::::::::::::::::::::::::::::
INFO:trainer_layer_forward:3.492593765258789
INFO:trainer_layer_forward:3.5355091094970703
INFO:trainer_layer_forward:2.382040023803711
INFO:trainer_layer_forward:5.136728286743164
INFO:trainer_layer_forward:3.0319690704345703
INFO:trainer_layer_forward:3.2248497009277344
INFO:trainer_layer_forward:3.119945526123047
INFO:trainer_layer_forward:3.342866897583008
INFO:trainer_layer_forward:3.1299591064453125
INFO:trainer_layer_forward:3.2422542572021484
INFO:trainer_layer_forward:2.4499893188476562
INFO:trainer_layer_forward:2.808809280395508
INFO:trainer_layer_forward:2.8533935546875
INFO:trainer_layer_forward:2.0759105682373047
INFO:trainer_layer_forward:2.617359161376953
INFO:trainer_layer_forward:2.1326541900634766
INFO:trainer_layer_forward:2.2084712982177734
INFO:trainer_layer_forward:2.2954940795898438
INFO:trainer_layer_forward:2.3016929626464844
INFO:trainer_layer_forward:3.1485557556152344
INFO:trainer_layer_forward:2.5377273559570312
INFO:trainer_layer_forward:2.3086071014404297
INFO:trainer_layer_forward:2.5157928466796875
INFO:trainer_layer_forward:2.2819042205810547
INFO:trainer_layer_forward:2.3915767669677734
INFO:trainer_layer_forward:2.4423599243164062
INFO:trainer_layer_forward:2.1698474884033203
INFO:trainer_layer_forward:2.1333694458007812
INFO:trainer_layer_forward:2.743959426879883
INFO:trainer_layer_forward:2.004384994506836
INFO:trainer_layer_forward:2.221822738647461
INFO:trainer_layer_forward:2.1653175354003906
INFO:trainer_layer_forward:2.196073532104492
INFO:trainer_layer_forward:2.0737648010253906
INFO:trainer_layer_forward:2.596139907836914
INFO:trainer_layer_forward:2.675294876098633
INFO:trainer_layer_forward:2.859830856323242
INFO:trainer_layer_forward:2.025127410888672
INFO:trainer_layer_forward:2.0704269409179688
INFO:trainer_layer_forward:2.5963783264160156
INFO:trainer_layer_forward:2.5262832641601562
INFO:trainer_layer_forward:2.1588802337646484
INFO:trainer_layer_forward:2.249479293823242
INFO:trainer_layer_forward:2.3245811462402344
INFO:trainer_layer_forward:2.3763179779052734
INFO:trainer_layer_forward:2.379894256591797
INFO:trainer_layer_forward:2.608060836791992
INFO:trainer_layer_forward:2.6121139526367188
INFO:trainer_layer_forward:2.8929710388183594
INFO:trainer_layer_forward:2.4366378784179688
INFO:trainer_layer_forward:2.5360584259033203
INFO:trainer_layer_forward:2.315998077392578
INFO:trainer_layer_forward:2.9273033142089844
INFO:trainer_layer_forward:2.4385452270507812
INFO:trainer_layer_forward:2.546548843383789
INFO:trainer_layer_forward:3.0770301818847656
INFO:trainer_layer_forward:2.933979034423828
INFO:trainer_layer_forward:2.8328895568847656
INFO:trainer_layer_forward:2.6962757110595703
INFO:trainer_layer_forward:2.9571056365966797
INFO:trainer_layer_forward:3.168344497680664
INFO:trainer_layer_forward:2.7844905853271484
INFO:trainer_layer_forward:3.0176639556884766
INFO:trainer_layer_forward:4.021406173706055
INFO:trainer_layer_forward:3.0078887939453125
INFO:trainer_layer_forward:2.5434494018554688
INFO:trainer_layer_forward:3.4885406494140625
INFO:trainer_layer_forward:3.2196044921875
INFO:trainer_layer_forward:2.571582794189453
INFO:trainer_layer_forward:2.3262500762939453
INFO:trainer_layer_forward:3.0105113983154297
INFO:trainer_layer_forward:2.668619155883789
INFO:trainer_layer_forward:2.3949146270751953
INFO:trainer_layer_forward:2.8748512268066406
INFO:trainer_layer_forward:2.5060176849365234
INFO:trainer_layer_forward:2.4847984313964844
INFO:trainer_layer_forward:2.462625503540039
INFO:trainer_layer_forward:2.8123855590820312
INFO:trainer_layer_forward:2.1963119506835938
INFO:trainer_layer_forward:2.355337142944336
INFO:trainer_layer_forward:2.1376609802246094
INFO:trainer_layer_forward:2.0880699157714844
INFO:trainer_layer_forward:2.661466598510742
INFO:trainer_layer_forward:3.1585693359375
INFO:trainer_layer_forward:2.6836395263671875
INFO:trainer_layer_forward:3.2303333282470703
INFO:trainer_layer_forward:2.66265869140625
INFO:trainer_layer_forward:4.554986953735352
INFO:trainer_layer_forward:3.022432327270508
INFO:trainer_layer_forward:2.863645553588867
INFO:trainer_layer_forward:3.1423568725585938
INFO:trainer_layer_forward:2.960681915283203
INFO:trainer_layer_forward:2.8645992279052734
INFO:trainer_layer_forward:3.0269622802734375
INFO:trainer_layer_forward:2.9633045196533203
INFO:trainer_layer_forward:2.5777816772460938
INFO:trainer_layer_forward:2.345561981201172
INFO:trainer_layer_forward:2.2962093353271484
INFO:trainer_layer_forward:2.1162033081054688
INFO:trainer_layer_forward:2.2611618041992188
INFO:trainer_layer_forward:2.160310745239258
INFO:trainer_layer_forward:2.711772918701172
INFO:trainer_layer_forward:2.175569534301758
INFO:trainer_layer_forward:2.2156238555908203
INFO:trainer_layer_forward:2.1991729736328125
INFO:trainer_layer_forward:2.6624202728271484
INFO:trainer_layer_forward:2.379179000854492
INFO:trainer_layer_forward:2.331972122192383
INFO:trainer_layer_forward:2.0906925201416016
INFO:trainer_layer_forward:2.3932456970214844
INFO:trainer_layer_forward:2.9485225677490234
INFO:trainer_layer_forward:1.9838809967041016
INFO:trainer_layer_forward:1.867532730102539
INFO:trainer_layer_forward:1.9698143005371094
INFO:trainer_layer_forward:2.034425735473633
INFO:trainer_layer_forward:4.264593124389648
INFO:trainer_layer_forward:2.002239227294922
INFO:trainer_layer_forward:2.180814743041992
INFO:trainer_layer_forward:2.5861263275146484
INFO:trainer_layer_forward:3.0090808868408203
INFO:trainer_layer_forward:1.9879341125488281
INFO:trainer_layer_forward:2.0051002502441406
INFO:trainer_layer_forward:2.2554397583007812
INFO:trainer_layer_forward:2.732515335083008
INFO:trainer_layer_forward:2.192974090576172
INFO:trainer_layer_forward:3.569364547729492
INFO:trainer_layer_forward:1.9621849060058594
INFO:trainer_layer_forward:2.1708011627197266
INFO:trainer_layer_forward:2.3844242095947266
INFO:trainer_layer_forward:1.8703937530517578
INFO:trainer_layer_forward:2.003908157348633
INFO:trainer_layer_forward:1.9838809967041016
INFO:trainer_layer_forward:4.216670989990234
INFO:trainer_layer_forward:3.1337738037109375
INFO:trainer_layer_forward:1.8970966339111328
INFO:trainer_layer_forward:1.8610954284667969
INFO:trainer_layer_forward:2.1240711212158203
INFO:trainer_layer_forward:3.964662551879883
INFO:trainer_layer_forward:3.4308433532714844
INFO:trainer_layer_forward:1.97601318359375
INFO:trainer_layer_forward:2.299070358276367
INFO:trainer_layer_forward:2.1715164184570312
INFO:trainer_layer_forward:1.9037723541259766
INFO:trainer_layer_forward:1.9099712371826172
INFO:trainer_layer_forward:1.9557476043701172
INFO:trainer_layer_forward:2.1393299102783203
INFO:trainer_layer_forward:2.7806758880615234
INFO:trainer_layer_forward:2.3093223571777344
INFO:trainer_layer_forward:2.3262500762939453
INFO:trainer_layer_forward:2.4483203887939453
INFO:trainer_layer_forward:2.2563934326171875
INFO:trainer_layer_forward:1.9717216491699219
INFO:trainer_layer_forward:1.91497802734375
INFO:trainer_layer_forward:2.2726058959960938
INFO:trainer_layer_forward:2.232074737548828
INFO:trainer_layer_forward:2.4988651275634766
INFO:trainer_layer_forward:1.9502639770507812
INFO:trainer_layer_forward:2.021312713623047
INFO:trainer_layer_forward:1.9066333770751953
INFO:trainer_layer_forward:4.348039627075195
INFO:trainer_layer_forward:2.244234085083008
INFO:trainer_layer_forward:2.0432472229003906
INFO:trainer_layer_forward:2.0112991333007812
INFO:trainer_layer_forward:1.9979476928710938
INFO:trainer_layer_forward:2.8870105743408203
INFO:trainer_layer_forward:2.705812454223633
INFO:trainer_layer_forward:2.524852752685547
INFO:trainer_layer_forward:2.409696578979492
INFO:trainer_layer_forward:2.467632293701172
INFO:trainer_layer_forward:2.1817684173583984
INFO:trainer_layer_forward:1.9900798797607422
INFO:trainer_layer_forward:2.2280216217041016
INFO:trainer_layer_forward:2.6645660400390625
INFO:trainer_layer_forward:3.9777755737304688
INFO:trainer_layer_forward:3.462076187133789
INFO:trainer_layer_forward:1.8775463104248047
INFO:trainer_layer_forward:3.238201141357422
INFO:trainer_layer_forward:1.9466876983642578
INFO:trainer_layer_forward:1.8820762634277344
INFO:trainer_layer_forward:3.023862838745117
INFO:trainer_layer_forward:3.0188560485839844
INFO:trainer_layer_forward:2.537965774536133
INFO:trainer_layer_forward:1.9001960754394531
INFO:trainer_layer_forward:1.9409656524658203
INFO:trainer_layer_forward:2.0101070404052734
INFO:trainer_layer_forward:3.0813217163085938
INFO:trainer_layer_forward:1.9447803497314453
INFO:trainer_layer_forward:1.8723011016845703
INFO:trainer_layer_forward:1.920461654663086
INFO:trainer_layer_forward:2.039670944213867
INFO:trainer_layer_forward:2.4781227111816406
INFO:trainer_layer_forward:1.9483566284179688
INFO:trainer_layer_forward:2.034902572631836
INFO:trainer_layer_forward:1.8830299377441406
INFO:trainer_layer_forward:1.9991397857666016
INFO:trainer_layer_forward:4.721879959106445
INFO:trainer_layer_forward:3.1676292419433594
INFO:trainer_layer_forward:2.6640892028808594
INFO:trainer_layer_forward:3.5915374755859375
INFO:trainer_layer_forward:3.396749496459961
INFO:trainer_layer_forward:3.4058094024658203
INFO:trainer_layer_forward:2.2623538970947266
INFO:trainer_layer_forward:2.735137939453125
INFO:trainer_layer_forward:2.063751220703125
INFO:trainer_layer_forward:1.9276142120361328
INFO:trainer_layer_forward:2.5920867919921875
INFO:trainer_layer_forward:1.878499984741211
INFO:trainer_layer_forward:1.9273757934570312
INFO:trainer_layer_forward:2.500772476196289
INFO:trainer_layer_forward:2.8908252716064453
INFO:trainer_layer_forward:2.866983413696289
INFO:trainer_layer_forward:4.231452941894531
INFO:trainer_layer_forward:2.964019775390625
INFO:trainer_layer_forward:2.0482540130615234
INFO:trainer_layer_forward:2.2690296173095703
INFO:trainer_layer_forward:1.9848346710205078
INFO:trainer_layer_forward:1.9927024841308594
INFO:trainer_layer_forward:2.5718212127685547
INFO:trainer_layer_forward:2.149820327758789
INFO:trainer_layer_forward:2.9144287109375
INFO:trainer_layer_forward:3.074169158935547
INFO:trainer_layer_forward:2.719879150390625
INFO:trainer_layer_forward:2.332448959350586
INFO:trainer_layer_forward:2.1545886993408203
INFO:trainer_layer_forward:2.031564712524414
INFO:trainer_layer_forward:3.789186477661133
INFO:trainer_layer_forward:4.369258880615234
INFO:trainer_layer_forward:1.9183158874511719
INFO:trainer_layer_forward:1.9881725311279297
INFO:trainer_layer_forward:2.5205612182617188
INFO:trainer_layer_forward:2.0432472229003906
INFO:trainer_layer_forward:1.9888877868652344
INFO:trainer_layer_forward:1.865386962890625
INFO:trainer_layer_forward:2.6497840881347656
INFO:trainer_layer_forward:2.482891082763672
INFO:trainer_layer_forward:2.580404281616211
INFO:trainer_layer_forward:1.992940902709961
INFO:trainer_layer_forward:1.9767284393310547
INFO:trainer_layer_forward:2.0589828491210938
INFO:trainer_layer_forward:5.690813064575195
INFO:trainer_layer_forward:2.917766571044922
INFO:trainer_layer_forward:1.852273941040039
INFO:trainer_layer_forward:2.3572444915771484
INFO:trainer_layer_forward:2.5827884674072266
INFO:trainer_layer_forward:2.0608901977539062
INFO:trainer_layer_forward:1.9059181213378906
INFO:trainer_layer_forward:1.9602775573730469
INFO:trainer_layer_forward:2.129077911376953
INFO:trainer_layer_forward:2.6853084564208984
INFO:trainer_layer_forward:1.9042491912841797
INFO:trainer_layer_forward:2.0623207092285156
INFO:trainer_layer_forward:1.8723011016845703
INFO:trainer_layer_forward:2.022266387939453
INFO:trainer_layer_forward:3.1266212463378906
INFO:trainer_layer_forward:1.9695758819580078
INFO:trainer_layer_forward:1.8870830535888672
INFO:trainer_layer_forward:1.9938945770263672
INFO:trainer_layer_forward:2.2110939025878906
INFO:trainer_layer_forward:3.1213760375976562
INFO:trainer_layer_forward:1.9602775573730469
INFO:trainer_layer_forward:2.008676528930664
INFO:trainer_layer_forward:2.009153366088867
INFO:trainer_layer_forward:3.225564956665039
INFO:trainer_layer_forward:2.8526782989501953
INFO:trainer_layer_forward:1.9528865814208984
INFO:trainer_layer_forward:1.8205642700195312
INFO:trainer_layer_forward:2.077817916870117
INFO:trainer_layer_forward:3.948688507080078
INFO:trainer_layer_forward:1.9333362579345703
INFO:trainer_layer_forward:2.2766590118408203
INFO:trainer_layer_forward:3.647327423095703
INFO:trainer_layer_forward:3.9551258087158203
INFO:trainer_layer_forward:3.721952438354492
INFO:trainer_layer_forward:4.194021224975586
INFO:trainer_layer_forward:1.8973350524902344
INFO:trainer_layer_forward:1.8737316131591797
INFO:trainer_layer_forward:1.8727779388427734
INFO:trainer_layer_forward:2.3703575134277344
INFO:trainer_layer_forward:2.5730133056640625
INFO:trainer_layer_forward:2.515554428100586
INFO:trainer_layer_forward:2.3908615112304688
INFO:trainer_layer_forward:2.429962158203125
INFO:trainer_layer_forward:2.541780471801758
INFO:trainer_layer_forward:2.13623046875
INFO:trainer_layer_forward:1.9562244415283203
INFO:trainer_layer_forward:1.9192695617675781
INFO:trainer_layer_forward:2.022981643676758
INFO:trainer_layer_forward:2.64739990234375
INFO:trainer_layer_forward:2.0477771759033203
INFO:trainer_layer_forward:1.932382583618164
INFO:trainer_layer_forward:1.9671916961669922
INFO:trainer_layer_forward:1.9485950469970703
INFO:trainer_layer_forward:2.469778060913086
INFO:trainer_layer_forward:3.670215606689453
INFO:trainer_layer_forward:2.020597457885742
INFO:trainer_layer_forward:2.3326873779296875
INFO:trainer_layer_forward:3.5233497619628906
INFO:trainer_layer_forward:2.2449493408203125
INFO:trainer_layer_forward:1.8880367279052734
INFO:trainer_layer_forward:2.371072769165039
INFO:trainer_layer_forward:3.7631988525390625
INFO:trainer_layer_forward:2.5217533111572266
INFO:trainer_layer_forward:2.4199485778808594
INFO:trainer_layer_forward:1.9676685333251953
INFO:trainer_layer_forward:2.8200149536132812
INFO:trainer_layer_forward:2.6137828826904297
INFO:trainer_layer_forward:2.1834373474121094
INFO:trainer_layer_forward:1.9233226776123047
INFO:trainer_layer_forward:1.9233226776123047
INFO:trainer_layer_forward:2.9964447021484375
INFO:trainer_layer_forward:2.442598342895508
INFO:trainer_layer_forward:2.430438995361328
INFO:trainer_layer_forward:1.8906593322753906
INFO:trainer_layer_forward:3.4728050231933594
INFO:trainer_layer_forward:3.0465126037597656
INFO:trainer_layer_forward:3.378152847290039
INFO:trainer_layer_forward:2.503633499145508
INFO:trainer_layer_forward:2.4712085723876953
INFO:trainer_layer_forward:2.1216869354248047
INFO:trainer_layer_forward:2.1495819091796875
INFO:trainer_layer_forward:2.5556087493896484
INFO:trainer_layer_forward:4.26483154296875
INFO:trainer_layer_forward:2.3059844970703125
INFO:trainer_layer_forward:1.8951892852783203
INFO:trainer_layer_forward:1.9731521606445312
INFO:trainer_layer_forward:2.1195411682128906
INFO:trainer_layer_forward:2.5169849395751953
INFO:trainer_layer_forward:1.9671916961669922
INFO:trainer_layer_forward:2.1631717681884766
INFO:trainer_layer_forward:3.6058425903320312
INFO:trainer_layer_forward:2.427816390991211
INFO:trainer_layer_forward:3.063678741455078
INFO:trainer_layer_forward:2.5911331176757812
INFO:trainer_layer_forward:2.532958984375
INFO:trainer_layer_forward:3.520965576171875
INFO:trainer_layer_forward:2.336740493774414
INFO:trainer_layer_forward:2.5081634521484375
INFO:trainer_layer_forward:1.966714859008789
INFO:trainer_layer_forward:3.481149673461914
INFO:trainer_layer_forward:2.8815269470214844
INFO:trainer_layer_forward:2.405881881713867
INFO:trainer_layer_forward:1.8358230590820312
INFO:trainer_layer_forward:1.9898414611816406
INFO:trainer_layer_forward:2.480745315551758
INFO:trainer_layer_forward:1.97601318359375
INFO:trainer_layer_forward:1.9183158874511719
INFO:trainer_layer_forward:3.346681594848633
INFO:trainer_layer_forward:2.2687911987304688
INFO:trainer_layer_forward:2.516031265258789
INFO:trainer_layer_forward:2.180337905883789
INFO:trainer_layer_forward:2.174854278564453
INFO:trainer_layer_forward:2.650737762451172
INFO:trainer_layer_forward:2.672433853149414
INFO:trainer_layer_forward:1.9176006317138672
INFO:trainer_layer_forward:1.9006729125976562
INFO:trainer_layer_forward:2.019643783569336
INFO:trainer_layer_forward:2.6810169219970703
INFO:trainer_layer_forward:2.356290817260742
INFO:trainer_layer_forward:1.992940902709961
INFO:trainer_layer_forward:1.901388168334961
INFO:trainer_layer_forward:1.905679702758789
INFO:trainer_layer_forward:2.357959747314453
INFO:trainer_layer_forward:1.9640922546386719
INFO:trainer_layer_forward:1.9173622131347656
INFO:trainer_layer_forward:1.8742084503173828
INFO:trainer_layer_forward:1.9118785858154297
INFO:trainer_layer_forward:3.0570030212402344
INFO:trainer_layer_forward:2.9218196868896484
INFO:trainer_layer_forward:2.3686885833740234
INFO:trainer_layer_forward:2.1724700927734375
INFO:trainer_layer_forward:2.9854774475097656
INFO:trainer_layer_forward:2.4907588958740234
INFO:trainer_layer_forward:2.7074813842773438
INFO:trainer_layer_forward:2.3076534271240234
INFO:trainer_layer_forward:2.2554397583007812
INFO:trainer_layer_forward:3.986358642578125
INFO:trainer_layer_forward:4.014492034912109
INFO:trainer_layer_forward:1.9540786743164062
INFO:trainer_layer_forward:2.6607513427734375
INFO:trainer_layer_forward:2.1266937255859375
INFO:trainer_layer_forward:2.3272037506103516
INFO:trainer_layer_forward:2.1762847900390625
INFO:trainer_layer_forward:2.2237300872802734
INFO:trainer_layer_forward:2.618074417114258
INFO:trainer_layer_forward:2.2559165954589844
INFO:trainer_layer_forward:2.086162567138672
INFO:trainer_layer_forward:2.2110939025878906
INFO:trainer_layer_forward:2.886533737182617
INFO:trainer_layer_forward:2.847433090209961
INFO:trainer_layer_forward:3.1194686889648438
INFO:trainer_layer_forward:2.6760101318359375
INFO:trainer_layer_forward:3.191232681274414
INFO:trainer_layer_forward:2.956867218017578
INFO:trainer_layer_forward:2.826690673828125
INFO:trainer_layer_forward:2.5839805603027344
INFO:trainer_layer_forward:2.5680065155029297
INFO:trainer_layer_forward:2.1555423736572266
INFO:trainer_layer_forward:2.344369888305664
INFO:trainer_layer_forward:2.1407604217529297
INFO:trainer_layer_forward:2.805471420288086
INFO:trainer_layer_forward:2.155780792236328
INFO:trainer_layer_forward:2.3424625396728516
INFO:trainer_layer_forward:2.2394657135009766
INFO:trainer_layer_forward:2.341747283935547
INFO:trainer_layer_forward:2.437591552734375
INFO:trainer_layer_forward:2.6051998138427734
INFO:trainer_layer_forward:2.141714096069336
INFO:trainer_layer_forward:2.1452903747558594
INFO:trainer_layer_forward:2.188444137573242
INFO:trainer_layer_forward:2.1533966064453125
INFO:trainer_layer_forward:2.1445751190185547
INFO:trainer_layer_forward:2.2649765014648438
INFO:trainer_layer_forward:2.2296905517578125
INFO:trainer_layer_forward:2.1169185638427734
INFO:trainer_layer_forward:2.3522377014160156
INFO:trainer_layer_forward:2.2029876708984375
INFO:trainer_layer_forward:2.2013187408447266
INFO:trainer_layer_forward:2.186298370361328
INFO:trainer_layer_forward:2.8352737426757812
INFO:trainer_layer_forward:2.1123886108398438
INFO:trainer_layer_forward:2.167224884033203
INFO:trainer_layer_forward:2.230405807495117
INFO:trainer_layer_forward:2.29644775390625
INFO:trainer_layer_forward:2.431154251098633
INFO:trainer_layer_forward:2.214193344116211
INFO:trainer_layer_forward:2.030611038208008
INFO:trainer_layer_forward:2.221822738647461
INFO:trainer_layer_forward:2.6481151580810547
INFO:trainer_layer_forward:3.0167102813720703
INFO:trainer_layer_forward:3.2444000244140625
INFO:trainer_layer_forward:2.307415008544922
INFO:trainer_layer_forward:2.436399459838867
INFO:trainer_layer_forward:2.296924591064453
INFO:trainer_layer_forward:2.0744800567626953
INFO:trainer_layer_forward:2.199888229370117
INFO:trainer_layer_forward:3.2820701599121094
INFO:trainer_layer_forward:3.3087730407714844
INFO:trainer_layer_forward:3.0329227447509766
INFO:trainer_layer_forward:2.936840057373047
INFO:trainer_layer_forward:2.7103424072265625
INFO:trainer_layer_forward:3.065347671508789
INFO:trainer_layer_forward:1.9714832305908203
INFO:trainer_layer_forward:2.346515655517578
INFO:trainer_layer_forward:2.3331642150878906
INFO:trainer_layer_forward:2.2573471069335938
INFO:trainer_layer_forward:2.1097660064697266
INFO:trainer_layer_forward:2.210378646850586
INFO:trainer_layer_forward:2.2001266479492188
INFO:trainer_layer_forward:2.6235580444335938
INFO:trainer_layer_forward:2.1033287048339844
INFO:trainer_layer_forward:2.517223358154297
INFO:trainer_layer_forward:2.1495819091796875
INFO:trainer_layer_forward:2.5987625122070312
INFO:trainer_layer_forward:2.0449161529541016
INFO:trainer_layer_forward:1.9261837005615234
INFO:trainer_layer_forward:2.015352249145508
INFO:trainer_layer_forward:2.5911331176757812
INFO:trainer_layer_forward:2.408742904663086
INFO:trainer_layer_forward:2.2497177124023438
INFO:trainer_layer_forward:1.9824504852294922
INFO:trainer_layer_forward:1.9600391387939453
INFO:trainer_layer_forward:3.0689239501953125
INFO:trainer_layer_forward:2.246379852294922
INFO:trainer_layer_forward:1.9598007202148438
INFO:trainer_layer_forward:2.151012420654297
INFO:trainer_layer_forward:2.2935867309570312
INFO:trainer_layer_forward:2.274751663208008
INFO:trainer_layer_forward:2.032041549682617
INFO:trainer_layer_forward:2.1762847900390625
INFO:trainer_layer_forward:2.197742462158203
INFO:trainer_layer_forward:3.2749176025390625
INFO:trainer_layer_forward:3.9701461791992188
INFO:trainer_layer_forward:3.218412399291992
INFO:trainer_layer_forward:2.978086471557617
INFO:trainer_layer_forward:2.835988998413086
INFO:trainer_layer_forward:3.4055709838867188
INFO:trainer_layer_forward:2.3827552795410156
INFO:trainer_layer_forward:2.1827220916748047
INFO:trainer_layer_forward:2.5353431701660156
INFO:trainer_layer_forward:2.6798248291015625
INFO:trainer_layer_forward:2.259492874145508
INFO:trainer_layer_forward:2.1779537200927734
INFO:trainer_layer_forward:2.0933151245117188
INFO:trainer_layer_forward:2.5620460510253906
INFO:trainer_layer_forward:2.621173858642578
INFO:trainer_layer_forward:2.017498016357422
INFO:trainer_layer_forward:2.6977062225341797
INFO:trainer_layer_forward:2.689361572265625
INFO:trainer_layer_forward:3.5102367401123047
INFO:trainer_layer_forward:2.109527587890625
