INFO:trainer:FFT_CNNEx | mnist
INFO:trainer:in_size : 256 | epochs : 30 | batch : 8
INFO:trainer:kernel_l1 : 129 | kernel_l2 : 65 | kernel_l3 : 33 
INFO:trainer:o_channels_l1 : 10 | o_channels_l2 : 10 | o_channels_l3 : 10 
INFO:trainer:learn_num_train : 1000 | learn_num_validate : 1000 
INFO:trainer::::::::::::::::::::::::::::::::::::::::::::::::::::::::::::
INFO:trainer:message : kernel 改造 このカーネルの条件でしか学習できないversion
INFO:trainer::::::::::::::::::::::::::::::::::::::::::::::::::::::::::::
INFO:trainer:Epoch 1/30 | Train/Loss 3.020 Acc 0.799 | Val/Loss 0.517 Acc 89.362 Time 57.30 s
INFO:trainer:Epoch 2/30 | Train/Loss 0.451 Acc 0.894 | Val/Loss 0.263 Acc 93.100 Time 57.30 s
INFO:trainer:Epoch 3/30 | Train/Loss 0.301 Acc 0.920 | Val/Loss 0.213 Acc 93.775 Time 57.34 s
INFO:trainer:Epoch 4/30 | Train/Loss 0.260 Acc 0.931 | Val/Loss 0.232 Acc 93.137 Time 56.79 s
INFO:trainer:Epoch 5/30 | Train/Loss 0.240 Acc 0.933 | Val/Loss 0.203 Acc 93.950 Time 57.04 s
INFO:trainer:Epoch 6/30 | Train/Loss 0.226 Acc 0.939 | Val/Loss 0.226 Acc 93.188 Time 56.15 s
INFO:trainer:Epoch 7/30 | Train/Loss 0.203 Acc 0.942 | Val/Loss 0.179 Acc 94.363 Time 56.15 s
INFO:trainer:Epoch 8/30 | Train/Loss 0.208 Acc 0.941 | Val/Loss 0.168 Acc 95.088 Time 56.27 s
INFO:trainer:Epoch 9/30 | Train/Loss 0.196 Acc 0.939 | Val/Loss 0.174 Acc 94.925 Time 55.55 s
INFO:trainer:Epoch 10/30 | Train/Loss 0.191 Acc 0.945 | Val/Loss 0.221 Acc 94.000 Time 55.45 s
INFO:trainer:Epoch 11/30 | Train/Loss 0.185 Acc 0.948 | Val/Loss 0.179 Acc 94.912 Time 55.37 s
INFO:trainer:Epoch 12/30 | Train/Loss 0.155 Acc 0.954 | Val/Loss 0.162 Acc 95.400 Time 55.45 s
INFO:trainer:Epoch 13/30 | Train/Loss 0.169 Acc 0.954 | Val/Loss 0.154 Acc 95.375 Time 55.31 s
INFO:trainer:Epoch 14/30 | Train/Loss 0.158 Acc 0.959 | Val/Loss 0.157 Acc 95.475 Time 55.55 s
INFO:trainer:Epoch 15/30 | Train/Loss 0.154 Acc 0.953 | Val/Loss 0.159 Acc 95.263 Time 55.36 s
INFO:trainer:Epoch 16/30 | Train/Loss 0.155 Acc 0.957 | Val/Loss 0.135 Acc 96.125 Time 55.25 s
INFO:trainer:Epoch 17/30 | Train/Loss 0.141 Acc 0.961 | Val/Loss 0.144 Acc 96.000 Time 55.28 s
INFO:trainer:Epoch 18/30 | Train/Loss 0.134 Acc 0.962 | Val/Loss 0.127 Acc 96.275 Time 55.23 s
INFO:trainer:Epoch 19/30 | Train/Loss 0.124 Acc 0.964 | Val/Loss 0.139 Acc 95.737 Time 55.21 s
INFO:trainer:Epoch 20/30 | Train/Loss 0.116 Acc 0.967 | Val/Loss 0.144 Acc 95.888 Time 55.24 s
INFO:trainer:Epoch 21/30 | Train/Loss 0.127 Acc 0.962 | Val/Loss 0.122 Acc 96.475 Time 55.15 s
INFO:trainer:Epoch 22/30 | Train/Loss 0.114 Acc 0.968 | Val/Loss 0.132 Acc 96.388 Time 55.13 s
INFO:trainer:Epoch 23/30 | Train/Loss 0.117 Acc 0.971 | Val/Loss 0.121 Acc 96.350 Time 55.20 s
INFO:trainer:Epoch 24/30 | Train/Loss 0.111 Acc 0.970 | Val/Loss 0.123 Acc 96.650 Time 55.06 s
INFO:trainer:Epoch 25/30 | Train/Loss 0.099 Acc 0.973 | Val/Loss 0.114 Acc 96.612 Time 55.14 s
INFO:trainer:Epoch 26/30 | Train/Loss 0.114 Acc 0.968 | Val/Loss 0.146 Acc 95.875 Time 55.14 s
INFO:trainer:Epoch 27/30 | Train/Loss 0.113 Acc 0.969 | Val/Loss 0.120 Acc 96.475 Time 55.13 s
INFO:trainer:Epoch 28/30 | Train/Loss 0.102 Acc 0.970 | Val/Loss 0.114 Acc 96.825 Time 55.09 s
INFO:trainer:Epoch 29/30 | Train/Loss 0.092 Acc 0.973 | Val/Loss 0.115 Acc 96.825 Time 55.14 s
INFO:trainer:Epoch 30/30 | Train/Loss 0.106 Acc 0.969 | Val/Loss 0.115 Acc 96.700 Time 55.07 s
INFO:trainer:Best validation accuracy:96.825%
INFO:trainer:Average_Time 55.66 s
