INFO:trainer:FFT_CNNEx | mnist
INFO:trainer:in_size : 256 | epochs : 30 | batch : 8
INFO:trainer:kernel_l1 : 129 | kernel_l2 : 65 | kernel_l3 : 33 
INFO:trainer:o_channels_l1 : 10 | o_channels_l2 : 10 | o_channels_l3 : 10 
INFO:trainer:learn_num_train : 1000 | learn_num_validate : 1000 
INFO:trainer::::::::::::::::::::::::::::::::::::::::::::::::::::::::::::
INFO:trainer:message : FFT_conv1 all_ok offsetとかの無駄な処理込みの時間
INFO:trainer::::::::::::::::::::::::::::::::::::::::::::::::::::::::::::
INFO:trainer:Epoch 1/30 | Train/Loss 3.651 Acc 0.763 | Val/Loss 0.830 Acc 86.925 Time 54.35 s
INFO:trainer:Epoch 2/30 | Train/Loss 0.587 Acc 0.887 | Val/Loss 0.377 Acc 90.775 Time 54.29 s
INFO:trainer:Epoch 3/30 | Train/Loss 0.301 Acc 0.922 | Val/Loss 0.354 Acc 91.362 Time 53.85 s
INFO:trainer:Epoch 4/30 | Train/Loss 0.300 Acc 0.921 | Val/Loss 0.234 Acc 93.188 Time 53.68 s
INFO:trainer:Epoch 5/30 | Train/Loss 0.237 Acc 0.936 | Val/Loss 0.237 Acc 93.537 Time 53.66 s
INFO:trainer:Epoch 6/30 | Train/Loss 0.205 Acc 0.943 | Val/Loss 0.211 Acc 94.188 Time 53.43 s
INFO:trainer:Epoch 7/30 | Train/Loss 0.206 Acc 0.939 | Val/Loss 0.218 Acc 93.787 Time 53.63 s
INFO:trainer:Epoch 8/30 | Train/Loss 0.205 Acc 0.944 | Val/Loss 0.171 Acc 95.138 Time 53.67 s
INFO:trainer:Epoch 9/30 | Train/Loss 0.214 Acc 0.939 | Val/Loss 0.197 Acc 94.225 Time 53.42 s
INFO:trainer:Epoch 10/30 | Train/Loss 0.193 Acc 0.945 | Val/Loss 0.182 Acc 94.737 Time 54.84 s
INFO:trainer:Epoch 11/30 | Train/Loss 0.192 Acc 0.947 | Val/Loss 0.175 Acc 94.863 Time 54.30 s
INFO:trainer:Epoch 12/30 | Train/Loss 0.161 Acc 0.953 | Val/Loss 0.167 Acc 94.950 Time 53.95 s
INFO:trainer:Epoch 13/30 | Train/Loss 0.152 Acc 0.955 | Val/Loss 0.154 Acc 95.550 Time 54.27 s
INFO:trainer:Epoch 14/30 | Train/Loss 0.150 Acc 0.955 | Val/Loss 0.142 Acc 96.100 Time 54.10 s
INFO:trainer:Epoch 15/30 | Train/Loss 0.153 Acc 0.957 | Val/Loss 0.136 Acc 96.175 Time 54.10 s
INFO:trainer:Epoch 16/30 | Train/Loss 0.124 Acc 0.964 | Val/Loss 0.137 Acc 95.975 Time 54.25 s
INFO:trainer:Epoch 17/30 | Train/Loss 0.125 Acc 0.963 | Val/Loss 0.162 Acc 95.325 Time 54.46 s
INFO:trainer:Epoch 18/30 | Train/Loss 0.126 Acc 0.964 | Val/Loss 0.127 Acc 95.987 Time 54.11 s
INFO:trainer:Epoch 19/30 | Train/Loss 0.132 Acc 0.964 | Val/Loss 0.128 Acc 96.300 Time 54.00 s
INFO:trainer:Epoch 20/30 | Train/Loss 0.119 Acc 0.965 | Val/Loss 0.134 Acc 96.138 Time 54.04 s
INFO:trainer:Epoch 21/30 | Train/Loss 0.119 Acc 0.966 | Val/Loss 0.121 Acc 96.438 Time 53.80 s
INFO:trainer:Epoch 22/30 | Train/Loss 0.104 Acc 0.972 | Val/Loss 0.109 Acc 96.862 Time 55.33 s
INFO:trainer:Epoch 23/30 | Train/Loss 0.116 Acc 0.967 | Val/Loss 0.121 Acc 96.350 Time 54.49 s
INFO:trainer:Epoch 24/30 | Train/Loss 0.100 Acc 0.971 | Val/Loss 0.128 Acc 96.275 Time 54.08 s
INFO:trainer:Epoch 25/30 | Train/Loss 0.108 Acc 0.967 | Val/Loss 0.107 Acc 96.700 Time 54.13 s
INFO:trainer:Epoch 26/30 | Train/Loss 0.094 Acc 0.972 | Val/Loss 0.115 Acc 96.912 Time 54.08 s
INFO:trainer:Epoch 27/30 | Train/Loss 0.097 Acc 0.973 | Val/Loss 0.115 Acc 96.600 Time 54.23 s
INFO:trainer:Epoch 28/30 | Train/Loss 0.097 Acc 0.973 | Val/Loss 0.104 Acc 96.850 Time 54.02 s
INFO:trainer:Epoch 29/30 | Train/Loss 0.099 Acc 0.972 | Val/Loss 0.120 Acc 96.513 Time 54.07 s
INFO:trainer:Epoch 30/30 | Train/Loss 0.098 Acc 0.973 | Val/Loss 0.106 Acc 96.962 Time 54.15 s
INFO:trainer:Best validation accuracy:96.962%
INFO:trainer:Average_Time 54.09 s
