INFO:trainer:FFT_CNNEx | mnist
INFO:trainer:in_size : 256 | epochs : 30 | batch : 8
INFO:trainer:kernel_l1 : 111 | kernel_l2 : 65 | kernel_l3 : 33 
INFO:trainer:o_channels_l1 : 10 | o_channels_l2 : 10 | o_channels_l3 : 10 
INFO:trainer:learn_num_train : 1000 | learn_num_validate : 1000 
INFO:trainer::::::::::::::::::::::::::::::::::::::::::::::::::::::::::::
INFO:trainer:message : FFT_conv1 
INFO:trainer::::::::::::::::::::::::::::::::::::::::::::::::::::::::::::
INFO:trainer:Epoch 1/30 | Train/Loss 7.406 Acc 0.790 | Val/Loss 1.999 Acc 84.575 Time 66.05 s
INFO:trainer:Epoch 2/30 | Train/Loss 0.801 Acc 0.895 | Val/Loss 0.381 Acc 91.938 Time 65.67 s
INFO:trainer:Epoch 3/30 | Train/Loss 0.387 Acc 0.920 | Val/Loss 0.343 Acc 91.712 Time 65.99 s
INFO:trainer:Epoch 4/30 | Train/Loss 0.298 Acc 0.926 | Val/Loss 0.314 Acc 92.600 Time 68.40 s
INFO:trainer:Epoch 5/30 | Train/Loss 0.289 Acc 0.923 | Val/Loss 0.251 Acc 92.987 Time 66.82 s
INFO:trainer:Epoch 6/30 | Train/Loss 0.241 Acc 0.931 | Val/Loss 0.217 Acc 93.487 Time 66.09 s
INFO:trainer:Epoch 7/30 | Train/Loss 0.196 Acc 0.942 | Val/Loss 0.190 Acc 94.288 Time 65.58 s
INFO:trainer:Epoch 8/30 | Train/Loss 0.208 Acc 0.935 | Val/Loss 0.211 Acc 93.588 Time 65.52 s
INFO:trainer:Epoch 9/30 | Train/Loss 0.181 Acc 0.947 | Val/Loss 0.171 Acc 94.975 Time 65.55 s
INFO:trainer:Epoch 10/30 | Train/Loss 0.182 Acc 0.948 | Val/Loss 0.178 Acc 94.675 Time 65.65 s
INFO:trainer:Epoch 11/30 | Train/Loss 0.189 Acc 0.946 | Val/Loss 0.171 Acc 95.025 Time 65.51 s
INFO:trainer:Epoch 12/30 | Train/Loss 0.177 Acc 0.948 | Val/Loss 0.157 Acc 95.438 Time 65.45 s
INFO:trainer:Epoch 13/30 | Train/Loss 0.173 Acc 0.953 | Val/Loss 0.170 Acc 95.150 Time 65.36 s
INFO:trainer:Epoch 14/30 | Train/Loss 0.164 Acc 0.954 | Val/Loss 0.146 Acc 95.438 Time 65.51 s
INFO:trainer:Epoch 15/30 | Train/Loss 0.146 Acc 0.960 | Val/Loss 0.137 Acc 95.875 Time 65.49 s
INFO:trainer:Epoch 16/30 | Train/Loss 0.153 Acc 0.958 | Val/Loss 0.156 Acc 95.450 Time 65.31 s
INFO:trainer:Epoch 17/30 | Train/Loss 0.128 Acc 0.964 | Val/Loss 0.131 Acc 96.188 Time 65.34 s
INFO:trainer:Epoch 18/30 | Train/Loss 0.126 Acc 0.964 | Val/Loss 0.132 Acc 96.362 Time 67.55 s
INFO:trainer:Epoch 19/30 | Train/Loss 0.131 Acc 0.963 | Val/Loss 0.174 Acc 94.800 Time 66.43 s
INFO:trainer:Epoch 20/30 | Train/Loss 0.124 Acc 0.965 | Val/Loss 0.122 Acc 96.325 Time 65.83 s
INFO:trainer:Epoch 21/30 | Train/Loss 0.116 Acc 0.963 | Val/Loss 0.129 Acc 96.037 Time 68.18 s
INFO:trainer:Epoch 22/30 | Train/Loss 0.116 Acc 0.969 | Val/Loss 0.105 Acc 96.825 Time 67.30 s
INFO:trainer:Epoch 23/30 | Train/Loss 0.101 Acc 0.969 | Val/Loss 0.122 Acc 96.325 Time 67.10 s
INFO:trainer:Epoch 24/30 | Train/Loss 0.096 Acc 0.975 | Val/Loss 0.117 Acc 96.525 Time 67.08 s
INFO:trainer:Epoch 25/30 | Train/Loss 0.109 Acc 0.968 | Val/Loss 0.110 Acc 96.688 Time 65.36 s
INFO:trainer:Epoch 26/30 | Train/Loss 0.099 Acc 0.974 | Val/Loss 0.135 Acc 96.125 Time 65.30 s
INFO:trainer:Epoch 27/30 | Train/Loss 0.108 Acc 0.969 | Val/Loss 0.109 Acc 96.975 Time 65.45 s
INFO:trainer:Epoch 28/30 | Train/Loss 0.096 Acc 0.972 | Val/Loss 0.107 Acc 96.487 Time 65.38 s
INFO:trainer:Epoch 29/30 | Train/Loss 0.100 Acc 0.970 | Val/Loss 0.122 Acc 96.450 Time 65.33 s
INFO:trainer:Epoch 30/30 | Train/Loss 0.101 Acc 0.972 | Val/Loss 0.120 Acc 96.688 Time 65.28 s
INFO:trainer:Best validation accuracy:96.975%
INFO:trainer:Average_Time 66.03 s
