INFO:trainer:FFT_CNNEx | mnist
INFO:trainer:in_size : 256 | epochs : 30 | batch : 8
INFO:trainer:kernel_l1 : 129 | kernel_l2 : 65 | kernel_l3 : 33 
INFO:trainer:o_channels_l1 : 10 | o_channels_l2 : 10 | o_channels_l3 : 10 
INFO:trainer:learn_num_train : 1000 | learn_num_validate : 1000 
INFO:trainer::::::::::::::::::::::::::::::::::::::::::::::::::::::::::::
INFO:trainer:message : FFT_conv1 
INFO:trainer::::::::::::::::::::::::::::::::::::::::::::::::::::::::::::
INFO:trainer:Epoch 1/30 | Train/Loss 3.601 Acc 0.769 | Val/Loss 0.636 Acc 88.075 Time 53.10 s
INFO:trainer:Epoch 2/30 | Train/Loss 0.473 Acc 0.895 | Val/Loss 0.361 Acc 91.675 Time 52.90 s
INFO:trainer:Epoch 3/30 | Train/Loss 0.334 Acc 0.911 | Val/Loss 0.274 Acc 92.900 Time 52.87 s
INFO:trainer:Epoch 4/30 | Train/Loss 0.284 Acc 0.920 | Val/Loss 0.279 Acc 92.525 Time 52.85 s
INFO:trainer:Epoch 5/30 | Train/Loss 0.251 Acc 0.924 | Val/Loss 0.222 Acc 93.912 Time 52.86 s
INFO:trainer:Epoch 6/30 | Train/Loss 0.227 Acc 0.936 | Val/Loss 0.189 Acc 94.562 Time 52.92 s
INFO:trainer:Epoch 7/30 | Train/Loss 0.199 Acc 0.944 | Val/Loss 0.168 Acc 95.275 Time 52.81 s
INFO:trainer:Epoch 8/30 | Train/Loss 0.203 Acc 0.940 | Val/Loss 0.206 Acc 94.325 Time 52.76 s
INFO:trainer:Epoch 9/30 | Train/Loss 0.205 Acc 0.941 | Val/Loss 0.189 Acc 94.450 Time 52.90 s
INFO:trainer:Epoch 10/30 | Train/Loss 0.180 Acc 0.947 | Val/Loss 0.172 Acc 95.088 Time 52.96 s
INFO:trainer:Epoch 11/30 | Train/Loss 0.181 Acc 0.946 | Val/Loss 0.166 Acc 95.112 Time 52.96 s
INFO:trainer:Epoch 12/30 | Train/Loss 0.166 Acc 0.951 | Val/Loss 0.160 Acc 95.125 Time 52.92 s
INFO:trainer:Epoch 13/30 | Train/Loss 0.167 Acc 0.951 | Val/Loss 0.174 Acc 94.625 Time 53.04 s
INFO:trainer:Epoch 14/30 | Train/Loss 0.150 Acc 0.956 | Val/Loss 0.150 Acc 95.650 Time 52.98 s
INFO:trainer:Epoch 15/30 | Train/Loss 0.155 Acc 0.956 | Val/Loss 0.148 Acc 95.700 Time 52.85 s
INFO:trainer:Epoch 16/30 | Train/Loss 0.138 Acc 0.960 | Val/Loss 0.135 Acc 95.925 Time 52.84 s
INFO:trainer:Epoch 17/30 | Train/Loss 0.139 Acc 0.961 | Val/Loss 0.135 Acc 95.962 Time 52.79 s
INFO:trainer:Epoch 18/30 | Train/Loss 0.135 Acc 0.963 | Val/Loss 0.130 Acc 96.138 Time 52.84 s
INFO:trainer:Epoch 19/30 | Train/Loss 0.136 Acc 0.963 | Val/Loss 0.137 Acc 95.987 Time 52.66 s
INFO:trainer:Epoch 20/30 | Train/Loss 0.114 Acc 0.967 | Val/Loss 0.147 Acc 95.300 Time 53.08 s
INFO:trainer:Epoch 21/30 | Train/Loss 0.128 Acc 0.963 | Val/Loss 0.118 Acc 96.638 Time 54.13 s
INFO:trainer:Epoch 22/30 | Train/Loss 0.121 Acc 0.965 | Val/Loss 0.113 Acc 96.762 Time 53.60 s
INFO:trainer:Epoch 23/30 | Train/Loss 0.106 Acc 0.970 | Val/Loss 0.115 Acc 96.938 Time 52.84 s
INFO:trainer:Epoch 24/30 | Train/Loss 0.098 Acc 0.972 | Val/Loss 0.130 Acc 96.662 Time 53.00 s
INFO:trainer:Epoch 25/30 | Train/Loss 0.109 Acc 0.969 | Val/Loss 0.114 Acc 96.888 Time 53.00 s
INFO:trainer:Epoch 26/30 | Train/Loss 0.093 Acc 0.974 | Val/Loss 0.127 Acc 96.612 Time 53.03 s
INFO:trainer:Epoch 27/30 | Train/Loss 0.100 Acc 0.971 | Val/Loss 0.134 Acc 96.475 Time 53.74 s
INFO:trainer:Epoch 28/30 | Train/Loss 0.101 Acc 0.971 | Val/Loss 0.099 Acc 97.088 Time 53.64 s
INFO:trainer:Epoch 29/30 | Train/Loss 0.089 Acc 0.974 | Val/Loss 0.105 Acc 96.938 Time 53.79 s
INFO:trainer:Epoch 30/30 | Train/Loss 0.088 Acc 0.974 | Val/Loss 0.107 Acc 97.062 Time 53.58 s
INFO:trainer:Best validation accuracy:97.088%
INFO:trainer:Average_Time 53.07 s
