INFO:trainer_layer_backward:CNNEx | mnist
INFO:trainer_layer_backward:in_size : 256 | epochs : 1 | batch : 1
INFO:trainer_layer_backward:kernel_l1 : 129 | 
INFO:trainer_layer_backward:o_channels_l1 : 20 | 
INFO:trainer_layer_backward:learn_num_train : 1000 | learn_num_validate : 0 
INFO:trainer_layer_backward::::::::::::::::::::::::::::::::::::::::::::::::::::::::::::
INFO:trainer_layer_backward:message : conv1 
INFO:trainer_layer_backward::::::::::::::::::::::::::::::::::::::::::::::::::::::::::::
INFO:trainer_layer_backward:Ave_Time : 14.09569364605528
INFO:trainer_layer_backward::::::::::::::::::::::::::::::::::::::::::::::::::::::::::::
INFO:trainer_layer_backward:19.634485244750977
INFO:trainer_layer_backward:18.434524536132812
INFO:trainer_layer_backward:14.843463897705078
INFO:trainer_layer_backward:13.971328735351562
INFO:trainer_layer_backward:14.234304428100586
INFO:trainer_layer_backward:14.865636825561523
INFO:trainer_layer_backward:14.051198959350586
INFO:trainer_layer_backward:14.800310134887695
INFO:trainer_layer_backward:14.668941497802734
INFO:trainer_layer_backward:14.360904693603516
INFO:trainer_layer_backward:14.819860458374023
INFO:trainer_layer_backward:14.41502571105957
INFO:trainer_layer_backward:14.898061752319336
INFO:trainer_layer_backward:14.833927154541016
INFO:trainer_layer_backward:14.685392379760742
INFO:trainer_layer_backward:13.79084587097168
INFO:trainer_layer_backward:13.515710830688477
INFO:trainer_layer_backward:14.498233795166016
INFO:trainer_layer_backward:20.79176902770996
INFO:trainer_layer_backward:14.533519744873047
INFO:trainer_layer_backward:12.717962265014648
INFO:trainer_layer_backward:13.605833053588867
INFO:trainer_layer_backward:14.40572738647461
INFO:trainer_layer_backward:14.052391052246094
INFO:trainer_layer_backward:14.024019241333008
INFO:trainer_layer_backward:15.343189239501953
INFO:trainer_layer_backward:13.667821884155273
INFO:trainer_layer_backward:14.592885971069336
INFO:trainer_layer_backward:14.066219329833984
INFO:trainer_layer_backward:14.440536499023438
INFO:trainer_layer_backward:13.978719711303711
INFO:trainer_layer_backward:14.508485794067383
INFO:trainer_layer_backward:14.7552490234375
INFO:trainer_layer_backward:14.913320541381836
INFO:trainer_layer_backward:14.439105987548828
INFO:trainer_layer_backward:15.273094177246094
INFO:trainer_layer_backward:14.371156692504883
INFO:trainer_layer_backward:14.624357223510742
INFO:trainer_layer_backward:13.875722885131836
INFO:trainer_layer_backward:14.225244522094727
INFO:trainer_layer_backward:13.526678085327148
INFO:trainer_layer_backward:14.000415802001953
INFO:trainer_layer_backward:13.298749923706055
INFO:trainer_layer_backward:14.491081237792969
INFO:trainer_layer_backward:14.607667922973633
INFO:trainer_layer_backward:13.377189636230469
INFO:trainer_layer_backward:15.085697174072266
INFO:trainer_layer_backward:13.658285140991211
INFO:trainer_layer_backward:12.998104095458984
INFO:trainer_layer_backward:14.719009399414062
INFO:trainer_layer_backward:12.481451034545898
INFO:trainer_layer_backward:14.524698257446289
INFO:trainer_layer_backward:13.844013214111328
INFO:trainer_layer_backward:13.700723648071289
INFO:trainer_layer_backward:14.274120330810547
INFO:trainer_layer_backward:14.80555534362793
INFO:trainer_layer_backward:14.118194580078125
INFO:trainer_layer_backward:13.753652572631836
INFO:trainer_layer_backward:14.130830764770508
INFO:trainer_layer_backward:14.012336730957031
INFO:trainer_layer_backward:13.953685760498047
INFO:trainer_layer_backward:14.474868774414062
INFO:trainer_layer_backward:14.467716217041016
INFO:trainer_layer_backward:14.234304428100586
INFO:trainer_layer_backward:13.939619064331055
INFO:trainer_layer_backward:14.330863952636719
INFO:trainer_layer_backward:14.317750930786133
INFO:trainer_layer_backward:14.118194580078125
INFO:trainer_layer_backward:14.36758041381836
INFO:trainer_layer_backward:14.251947402954102
INFO:trainer_layer_backward:13.52381706237793
INFO:trainer_layer_backward:13.369083404541016
INFO:trainer_layer_backward:13.052701950073242
INFO:trainer_layer_backward:12.515783309936523
INFO:trainer_layer_backward:12.935638427734375
INFO:trainer_layer_backward:13.687372207641602
INFO:trainer_layer_backward:14.277935028076172
INFO:trainer_layer_backward:14.415264129638672
INFO:trainer_layer_backward:14.45913314819336
INFO:trainer_layer_backward:13.891935348510742
INFO:trainer_layer_backward:14.066219329833984
INFO:trainer_layer_backward:14.322280883789062
INFO:trainer_layer_backward:14.211177825927734
INFO:trainer_layer_backward:14.316558837890625
INFO:trainer_layer_backward:14.291524887084961
INFO:trainer_layer_backward:14.525890350341797
INFO:trainer_layer_backward:13.870954513549805
INFO:trainer_layer_backward:14.075994491577148
INFO:trainer_layer_backward:13.484954833984375
INFO:trainer_layer_backward:13.475179672241211
INFO:trainer_layer_backward:13.130903244018555
INFO:trainer_layer_backward:13.113975524902344
INFO:trainer_layer_backward:12.539863586425781
INFO:trainer_layer_backward:13.502359390258789
INFO:trainer_layer_backward:13.552427291870117
INFO:trainer_layer_backward:14.33563232421875
INFO:trainer_layer_backward:13.849735260009766
INFO:trainer_layer_backward:14.14799690246582
INFO:trainer_layer_backward:13.938426971435547
INFO:trainer_layer_backward:14.129877090454102
INFO:trainer_layer_backward:14.703035354614258
INFO:trainer_layer_backward:14.2059326171875
INFO:trainer_layer_backward:14.548063278198242
INFO:trainer_layer_backward:13.784646987915039
INFO:trainer_layer_backward:14.311075210571289
INFO:trainer_layer_backward:13.837575912475586
INFO:trainer_layer_backward:13.991117477416992
INFO:trainer_layer_backward:13.38505744934082
INFO:trainer_layer_backward:13.343095779418945
INFO:trainer_layer_backward:13.077259063720703
INFO:trainer_layer_backward:12.538671493530273
INFO:trainer_layer_backward:12.964010238647461
INFO:trainer_layer_backward:13.597726821899414
INFO:trainer_layer_backward:13.83209228515625
INFO:trainer_layer_backward:13.835906982421875
INFO:trainer_layer_backward:14.32657241821289
INFO:trainer_layer_backward:14.347553253173828
INFO:trainer_layer_backward:14.182329177856445
INFO:trainer_layer_backward:14.45627212524414
INFO:trainer_layer_backward:14.423131942749023
INFO:trainer_layer_backward:14.442682266235352
INFO:trainer_layer_backward:13.765335083007812
INFO:trainer_layer_backward:14.133453369140625
INFO:trainer_layer_backward:13.470649719238281
INFO:trainer_layer_backward:13.494014739990234
INFO:trainer_layer_backward:13.125896453857422
INFO:trainer_layer_backward:14.657020568847656
INFO:trainer_layer_backward:14.653444290161133
INFO:trainer_layer_backward:12.595891952514648
INFO:trainer_layer_backward:13.600349426269531
INFO:trainer_layer_backward:14.1448974609375
INFO:trainer_layer_backward:13.855934143066406
INFO:trainer_layer_backward:13.736486434936523
INFO:trainer_layer_backward:14.788389205932617
INFO:trainer_layer_backward:14.067411422729492
INFO:trainer_layer_backward:14.143705368041992
INFO:trainer_layer_backward:13.951301574707031
INFO:trainer_layer_backward:14.293432235717773
INFO:trainer_layer_backward:14.628887176513672
INFO:trainer_layer_backward:13.827085494995117
INFO:trainer_layer_backward:14.504432678222656
INFO:trainer_layer_backward:14.542818069458008
INFO:trainer_layer_backward:13.881921768188477
INFO:trainer_layer_backward:14.091968536376953
INFO:trainer_layer_backward:14.353752136230469
INFO:trainer_layer_backward:14.310121536254883
INFO:trainer_layer_backward:13.761281967163086
INFO:trainer_layer_backward:13.844013214111328
INFO:trainer_layer_backward:13.513803482055664
INFO:trainer_layer_backward:13.061285018920898
INFO:trainer_layer_backward:12.580633163452148
INFO:trainer_layer_backward:12.979745864868164
INFO:trainer_layer_backward:13.66281509399414
INFO:trainer_layer_backward:14.09459114074707
INFO:trainer_layer_backward:13.924121856689453
INFO:trainer_layer_backward:13.770103454589844
INFO:trainer_layer_backward:14.556407928466797
INFO:trainer_layer_backward:14.416217803955078
INFO:trainer_layer_backward:13.880252838134766
INFO:trainer_layer_backward:14.40882682800293
INFO:trainer_layer_backward:13.948917388916016
INFO:trainer_layer_backward:14.204025268554688
INFO:trainer_layer_backward:14.198541641235352
INFO:trainer_layer_backward:13.498067855834961
INFO:trainer_layer_backward:13.339996337890625
INFO:trainer_layer_backward:13.133764266967773
INFO:trainer_layer_backward:12.58230209350586
INFO:trainer_layer_backward:12.941598892211914
INFO:trainer_layer_backward:13.917207717895508
INFO:trainer_layer_backward:14.341115951538086
INFO:trainer_layer_backward:13.934850692749023
INFO:trainer_layer_backward:14.009714126586914
INFO:trainer_layer_backward:14.390945434570312
INFO:trainer_layer_backward:14.307022094726562
INFO:trainer_layer_backward:14.499187469482422
INFO:trainer_layer_backward:14.844417572021484
INFO:trainer_layer_backward:14.47439193725586
INFO:trainer_layer_backward:13.803720474243164
INFO:trainer_layer_backward:14.338254928588867
INFO:trainer_layer_backward:14.448404312133789
INFO:trainer_layer_backward:13.818025588989258
INFO:trainer_layer_backward:14.165639877319336
INFO:trainer_layer_backward:13.445854187011719
INFO:trainer_layer_backward:12.98975944519043
INFO:trainer_layer_backward:13.101339340209961
INFO:trainer_layer_backward:12.62807846069336
INFO:trainer_layer_backward:14.582395553588867
INFO:trainer_layer_backward:13.665199279785156
INFO:trainer_layer_backward:13.649463653564453
INFO:trainer_layer_backward:14.340400695800781
INFO:trainer_layer_backward:14.320135116577148
INFO:trainer_layer_backward:14.425039291381836
INFO:trainer_layer_backward:14.504671096801758
INFO:trainer_layer_backward:13.738393783569336
INFO:trainer_layer_backward:14.348030090332031
INFO:trainer_layer_backward:14.195442199707031
INFO:trainer_layer_backward:13.805150985717773
INFO:trainer_layer_backward:14.307737350463867
INFO:trainer_layer_backward:13.792753219604492
INFO:trainer_layer_backward:14.127969741821289
INFO:trainer_layer_backward:13.435125350952148
INFO:trainer_layer_backward:13.334989547729492
INFO:trainer_layer_backward:13.065576553344727
INFO:trainer_layer_backward:12.607812881469727
INFO:trainer_layer_backward:12.989521026611328
INFO:trainer_layer_backward:13.622522354125977
INFO:trainer_layer_backward:14.544486999511719
INFO:trainer_layer_backward:14.3280029296875
INFO:trainer_layer_backward:14.229297637939453
INFO:trainer_layer_backward:14.251470565795898
INFO:trainer_layer_backward:13.999462127685547
INFO:trainer_layer_backward:14.222145080566406
INFO:trainer_layer_backward:14.34326171875
INFO:trainer_layer_backward:13.808012008666992
INFO:trainer_layer_backward:14.28532600402832
INFO:trainer_layer_backward:13.742446899414062
INFO:trainer_layer_backward:14.177083969116211
INFO:trainer_layer_backward:13.474464416503906
INFO:trainer_layer_backward:12.954235076904297
INFO:trainer_layer_backward:13.12112808227539
INFO:trainer_layer_backward:12.572765350341797
INFO:trainer_layer_backward:14.578104019165039
INFO:trainer_layer_backward:13.54360580444336
INFO:trainer_layer_backward:13.709545135498047
INFO:trainer_layer_backward:14.356136322021484
INFO:trainer_layer_backward:14.35232162475586
INFO:trainer_layer_backward:14.317989349365234
INFO:trainer_layer_backward:14.406681060791016
INFO:trainer_layer_backward:13.803720474243164
INFO:trainer_layer_backward:14.429569244384766
INFO:trainer_layer_backward:14.796972274780273
INFO:trainer_layer_backward:13.888835906982422
INFO:trainer_layer_backward:14.476537704467773
INFO:trainer_layer_backward:23.469209671020508
INFO:trainer_layer_backward:14.142513275146484
INFO:trainer_layer_backward:13.691425323486328
INFO:trainer_layer_backward:14.158248901367188
INFO:trainer_layer_backward:14.179706573486328
INFO:trainer_layer_backward:13.507366180419922
INFO:trainer_layer_backward:13.711690902709961
INFO:trainer_layer_backward:14.71400260925293
INFO:trainer_layer_backward:15.051126480102539
INFO:trainer_layer_backward:14.26839828491211
INFO:trainer_layer_backward:14.544486999511719
INFO:trainer_layer_backward:15.002012252807617
INFO:trainer_layer_backward:14.954090118408203
INFO:trainer_layer_backward:15.070676803588867
INFO:trainer_layer_backward:14.573097229003906
INFO:trainer_layer_backward:13.902902603149414
INFO:trainer_layer_backward:14.511823654174805
INFO:trainer_layer_backward:14.573335647583008
INFO:trainer_layer_backward:13.877391815185547
INFO:trainer_layer_backward:14.158487319946289
INFO:trainer_layer_backward:13.542652130126953
INFO:trainer_layer_backward:13.041019439697266
INFO:trainer_layer_backward:13.205289840698242
INFO:trainer_layer_backward:12.768030166625977
INFO:trainer_layer_backward:13.641595840454102
INFO:trainer_layer_backward:14.183759689331055
INFO:trainer_layer_backward:13.884305953979492
INFO:trainer_layer_backward:13.891458511352539
INFO:trainer_layer_backward:14.70804214477539
INFO:trainer_layer_backward:13.895750045776367
INFO:trainer_layer_backward:14.359712600708008
INFO:trainer_layer_backward:13.87333869934082
INFO:trainer_layer_backward:14.37234878540039
INFO:trainer_layer_backward:14.487266540527344
INFO:trainer_layer_backward:13.912677764892578
INFO:trainer_layer_backward:14.239072799682617
INFO:trainer_layer_backward:13.544082641601562
INFO:trainer_layer_backward:13.274908065795898
INFO:trainer_layer_backward:13.047218322753906
INFO:trainer_layer_backward:14.262914657592773
INFO:trainer_layer_backward:12.701034545898438
INFO:trainer_layer_backward:13.663768768310547
INFO:trainer_layer_backward:14.217376708984375
INFO:trainer_layer_backward:13.724088668823242
INFO:trainer_layer_backward:14.191865921020508
INFO:trainer_layer_backward:14.467239379882812
INFO:trainer_layer_backward:14.407157897949219
INFO:trainer_layer_backward:14.101743698120117
INFO:trainer_layer_backward:14.438867568969727
INFO:trainer_layer_backward:15.185117721557617
INFO:trainer_layer_backward:14.805316925048828
INFO:trainer_layer_backward:15.16103744506836
INFO:trainer_layer_backward:15.097856521606445
INFO:trainer_layer_backward:15.084505081176758
INFO:trainer_layer_backward:15.050411224365234
INFO:trainer_layer_backward:15.012025833129883
INFO:trainer_layer_backward:14.556407928466797
INFO:trainer_layer_backward:13.872861862182617
INFO:trainer_layer_backward:14.403581619262695
INFO:trainer_layer_backward:13.846158981323242
INFO:trainer_layer_backward:14.111042022705078
INFO:trainer_layer_backward:13.48567008972168
INFO:trainer_layer_backward:13.497352600097656
INFO:trainer_layer_backward:13.130664825439453
INFO:trainer_layer_backward:13.192415237426758
INFO:trainer_layer_backward:12.705326080322266
INFO:trainer_layer_backward:14.122724533081055
INFO:trainer_layer_backward:13.815641403198242
INFO:trainer_layer_backward:14.004707336425781
INFO:trainer_layer_backward:13.913154602050781
INFO:trainer_layer_backward:14.418363571166992
INFO:trainer_layer_backward:14.786243438720703
INFO:trainer_layer_backward:15.038251876831055
INFO:trainer_layer_backward:14.586448669433594
INFO:trainer_layer_backward:14.720439910888672
INFO:trainer_layer_backward:14.03951644897461
INFO:trainer_layer_backward:14.636993408203125
INFO:trainer_layer_backward:14.641046524047852
INFO:trainer_layer_backward:13.93437385559082
INFO:trainer_layer_backward:14.235496520996094
INFO:trainer_layer_backward:13.768672943115234
INFO:trainer_layer_backward:13.880729675292969
INFO:trainer_layer_backward:13.468027114868164
INFO:trainer_layer_backward:13.072013854980469
INFO:trainer_layer_backward:12.720584869384766
INFO:trainer_layer_backward:14.809370040893555
INFO:trainer_layer_backward:13.009071350097656
INFO:trainer_layer_backward:14.382362365722656
INFO:trainer_layer_backward:14.469385147094727
INFO:trainer_layer_backward:14.330387115478516
INFO:trainer_layer_backward:13.955116271972656
INFO:trainer_layer_backward:14.060497283935547
INFO:trainer_layer_backward:14.169931411743164
INFO:trainer_layer_backward:14.512062072753906
INFO:trainer_layer_backward:14.641523361206055
INFO:trainer_layer_backward:14.851808547973633
INFO:trainer_layer_backward:14.384031295776367
INFO:trainer_layer_backward:14.214038848876953
INFO:trainer_layer_backward:14.306783676147461
INFO:trainer_layer_backward:14.610052108764648
INFO:trainer_layer_backward:13.982772827148438
INFO:trainer_layer_backward:14.263153076171875
INFO:trainer_layer_backward:14.391660690307617
INFO:trainer_layer_backward:13.632774353027344
INFO:trainer_layer_backward:13.605594635009766
INFO:trainer_layer_backward:13.274908065795898
INFO:trainer_layer_backward:13.144731521606445
INFO:trainer_layer_backward:12.679815292358398
INFO:trainer_layer_backward:13.70549201965332
INFO:trainer_layer_backward:13.70859146118164
INFO:trainer_layer_backward:14.015674591064453
INFO:trainer_layer_backward:14.648914337158203
INFO:trainer_layer_backward:13.939619064331055
INFO:trainer_layer_backward:14.055967330932617
INFO:trainer_layer_backward:14.005422592163086
INFO:trainer_layer_backward:14.115095138549805
INFO:trainer_layer_backward:14.695167541503906
INFO:trainer_layer_backward:14.753341674804688
INFO:trainer_layer_backward:14.681100845336914
INFO:trainer_layer_backward:14.869451522827148
INFO:trainer_layer_backward:14.766693115234375
INFO:trainer_layer_backward:13.98777961730957
INFO:trainer_layer_backward:14.502525329589844
INFO:trainer_layer_backward:14.57977294921875
INFO:trainer_layer_backward:13.925790786743164
INFO:trainer_layer_backward:14.264106750488281
INFO:trainer_layer_backward:14.339923858642578
INFO:trainer_layer_backward:13.595104217529297
INFO:trainer_layer_backward:13.463020324707031
INFO:trainer_layer_backward:13.170242309570312
INFO:trainer_layer_backward:13.278484344482422
INFO:trainer_layer_backward:12.699127197265625
INFO:trainer_layer_backward:13.618946075439453
INFO:trainer_layer_backward:14.202356338500977
INFO:trainer_layer_backward:13.757705688476562
INFO:trainer_layer_backward:13.961315155029297
INFO:trainer_layer_backward:13.911008834838867
INFO:trainer_layer_backward:14.10984992980957
INFO:trainer_layer_backward:14.156579971313477
INFO:trainer_layer_backward:14.216899871826172
INFO:trainer_layer_backward:15.060901641845703
INFO:trainer_layer_backward:14.974117279052734
INFO:trainer_layer_backward:14.855623245239258
INFO:trainer_layer_backward:15.007734298706055
INFO:trainer_layer_backward:15.067577362060547
INFO:trainer_layer_backward:14.48202133178711
INFO:trainer_layer_backward:15.19918441772461
INFO:trainer_layer_backward:15.085935592651367
INFO:trainer_layer_backward:14.850378036499023
INFO:trainer_layer_backward:14.981508255004883
INFO:trainer_layer_backward:14.936208724975586
INFO:trainer_layer_backward:14.656305313110352
INFO:trainer_layer_backward:14.367341995239258
INFO:trainer_layer_backward:14.021158218383789
INFO:trainer_layer_backward:14.124155044555664
INFO:trainer_layer_backward:14.42098617553711
INFO:trainer_layer_backward:14.319896697998047
INFO:trainer_layer_backward:14.299154281616211
INFO:trainer_layer_backward:14.518499374389648
INFO:trainer_layer_backward:14.475584030151367
INFO:trainer_layer_backward:14.619588851928711
INFO:trainer_layer_backward:14.619827270507812
INFO:trainer_layer_backward:13.85045051574707
INFO:trainer_layer_backward:14.195919036865234
INFO:trainer_layer_backward:13.550758361816406
INFO:trainer_layer_backward:13.437986373901367
INFO:trainer_layer_backward:13.17906379699707
INFO:trainer_layer_backward:13.265132904052734
INFO:trainer_layer_backward:13.033151626586914
INFO:trainer_layer_backward:14.406204223632812
INFO:trainer_layer_backward:13.501405715942383
INFO:trainer_layer_backward:14.178276062011719
INFO:trainer_layer_backward:14.142513275146484
INFO:trainer_layer_backward:13.779878616333008
INFO:trainer_layer_backward:13.863086700439453
INFO:trainer_layer_backward:23.82659912109375
INFO:trainer_layer_backward:14.306068420410156
INFO:trainer_layer_backward:14.428138732910156
INFO:trainer_layer_backward:13.695716857910156
INFO:trainer_layer_backward:13.25225830078125
INFO:trainer_layer_backward:13.362407684326172
INFO:trainer_layer_backward:12.80832290649414
INFO:trainer_layer_backward:15.052556991577148
INFO:trainer_layer_backward:14.716863632202148
INFO:trainer_layer_backward:14.614582061767578
INFO:trainer_layer_backward:13.415813446044922
INFO:trainer_layer_backward:14.256954193115234
INFO:trainer_layer_backward:14.189004898071289
INFO:trainer_layer_backward:14.15872573852539
INFO:trainer_layer_backward:14.81175422668457
INFO:trainer_layer_backward:14.225006103515625
INFO:trainer_layer_backward:14.631032943725586
INFO:trainer_layer_backward:14.446020126342773
INFO:trainer_layer_backward:15.326261520385742
INFO:trainer_layer_backward:13.911247253417969
INFO:trainer_layer_backward:14.379024505615234
INFO:trainer_layer_backward:13.85498046875
INFO:trainer_layer_backward:14.16921615600586
INFO:trainer_layer_backward:14.281988143920898
INFO:trainer_layer_backward:14.394521713256836
INFO:trainer_layer_backward:15.042304992675781
INFO:trainer_layer_backward:14.921426773071289
INFO:trainer_layer_backward:14.96434211730957
INFO:trainer_layer_backward:14.766216278076172
INFO:trainer_layer_backward:14.672517776489258
INFO:trainer_layer_backward:14.551877975463867
INFO:trainer_layer_backward:14.890670776367188
INFO:trainer_layer_backward:14.483451843261719
INFO:trainer_layer_backward:15.028715133666992
INFO:trainer_layer_backward:14.511346817016602
INFO:trainer_layer_backward:13.893604278564453
INFO:trainer_layer_backward:14.301300048828125
INFO:trainer_layer_backward:14.604806900024414
INFO:trainer_layer_backward:13.994693756103516
INFO:trainer_layer_backward:14.227628707885742
INFO:trainer_layer_backward:13.516664505004883
INFO:trainer_layer_backward:13.490438461303711
INFO:trainer_layer_backward:13.128280639648438
INFO:trainer_layer_backward:12.688875198364258
INFO:trainer_layer_backward:13.079166412353516
INFO:trainer_layer_backward:13.77105712890625
INFO:trainer_layer_backward:14.34469223022461
INFO:trainer_layer_backward:14.356374740600586
INFO:trainer_layer_backward:14.47749137878418
INFO:trainer_layer_backward:14.202594757080078
INFO:trainer_layer_backward:14.32037353515625
INFO:trainer_layer_backward:14.737844467163086
INFO:trainer_layer_backward:15.009641647338867
INFO:trainer_layer_backward:14.78433609008789
INFO:trainer_layer_backward:14.271736145019531
INFO:trainer_layer_backward:15.030145645141602
INFO:trainer_layer_backward:14.818191528320312
INFO:trainer_layer_backward:13.740777969360352
INFO:trainer_layer_backward:14.398336410522461
INFO:trainer_layer_backward:14.585256576538086
INFO:trainer_layer_backward:13.81993293762207
INFO:trainer_layer_backward:14.123201370239258
INFO:trainer_layer_backward:13.511419296264648
INFO:trainer_layer_backward:13.596534729003906
INFO:trainer_layer_backward:13.166427612304688
INFO:trainer_layer_backward:12.63737678527832
INFO:trainer_layer_backward:13.282060623168945
INFO:trainer_layer_backward:13.620853424072266
INFO:trainer_layer_backward:14.45913314819336
INFO:trainer_layer_backward:14.237165451049805
INFO:trainer_layer_backward:13.845205307006836
INFO:trainer_layer_backward:14.392614364624023
INFO:trainer_layer_backward:14.485359191894531
INFO:trainer_layer_backward:14.547586441040039
INFO:trainer_layer_backward:14.442682266235352
INFO:trainer_layer_backward:14.012336730957031
INFO:trainer_layer_backward:14.424800872802734
INFO:trainer_layer_backward:14.937639236450195
INFO:trainer_layer_backward:13.984441757202148
INFO:trainer_layer_backward:14.900445938110352
INFO:trainer_layer_backward:15.12002944946289
INFO:trainer_layer_backward:15.00082015991211
INFO:trainer_layer_backward:14.868736267089844
INFO:trainer_layer_backward:15.03753662109375
INFO:trainer_layer_backward:14.925003051757812
INFO:trainer_layer_backward:14.910221099853516
INFO:trainer_layer_backward:13.951778411865234
INFO:trainer_layer_backward:14.235496520996094
INFO:trainer_layer_backward:14.514684677124023
INFO:trainer_layer_backward:14.136791229248047
INFO:trainer_layer_backward:14.118671417236328
INFO:trainer_layer_backward:14.32347297668457
INFO:trainer_layer_backward:13.945817947387695
INFO:trainer_layer_backward:13.569355010986328
INFO:trainer_layer_backward:13.164758682250977
INFO:trainer_layer_backward:13.227462768554688
INFO:trainer_layer_backward:12.701988220214844
INFO:trainer_layer_backward:13.943910598754883
INFO:trainer_layer_backward:14.042377471923828
INFO:trainer_layer_backward:14.372587203979492
INFO:trainer_layer_backward:13.910055160522461
INFO:trainer_layer_backward:14.003276824951172
INFO:trainer_layer_backward:14.274120330810547
INFO:trainer_layer_backward:14.178991317749023
INFO:trainer_layer_backward:14.945268630981445
INFO:trainer_layer_backward:14.693021774291992
INFO:trainer_layer_backward:13.907909393310547
INFO:trainer_layer_backward:14.399051666259766
INFO:trainer_layer_backward:13.954639434814453
INFO:trainer_layer_backward:14.26243782043457
INFO:trainer_layer_backward:13.728618621826172
INFO:trainer_layer_backward:13.844966888427734
INFO:trainer_layer_backward:13.193368911743164
INFO:trainer_layer_backward:12.588262557983398
INFO:trainer_layer_backward:13.371467590332031
INFO:trainer_layer_backward:14.103889465332031
INFO:trainer_layer_backward:13.77415657043457
INFO:trainer_layer_backward:13.86117935180664
INFO:trainer_layer_backward:14.022350311279297
INFO:trainer_layer_backward:14.417648315429688
INFO:trainer_layer_backward:14.16778564453125
INFO:trainer_layer_backward:14.311075210571289
INFO:trainer_layer_backward:14.139413833618164
INFO:trainer_layer_backward:13.998746871948242
INFO:trainer_layer_backward:14.845132827758789
INFO:trainer_layer_backward:14.458656311035156
INFO:trainer_layer_backward:14.011383056640625
INFO:trainer_layer_backward:14.609575271606445
INFO:trainer_layer_backward:14.32943344116211
INFO:trainer_layer_backward:13.893842697143555
INFO:trainer_layer_backward:14.101505279541016
INFO:trainer_layer_backward:13.535022735595703
INFO:trainer_layer_backward:13.582944869995117
INFO:trainer_layer_backward:13.210773468017578
INFO:trainer_layer_backward:13.19122314453125
INFO:trainer_layer_backward:12.739896774291992
INFO:trainer_layer_backward:13.65041732788086
INFO:trainer_layer_backward:14.004230499267578
INFO:trainer_layer_backward:13.898372650146484
INFO:trainer_layer_backward:14.170408248901367
INFO:trainer_layer_backward:14.357805252075195
INFO:trainer_layer_backward:14.583826065063477
INFO:trainer_layer_backward:14.288663864135742
INFO:trainer_layer_backward:14.972209930419922
INFO:trainer_layer_backward:15.021562576293945
INFO:trainer_layer_backward:14.845609664916992
INFO:trainer_layer_backward:14.974117279052734
INFO:trainer_layer_backward:14.824867248535156
INFO:trainer_layer_backward:13.933181762695312
INFO:trainer_layer_backward:14.577150344848633
INFO:trainer_layer_backward:14.53399658203125
INFO:trainer_layer_backward:14.150857925415039
INFO:trainer_layer_backward:14.26553726196289
INFO:trainer_layer_backward:14.35542106628418
INFO:trainer_layer_backward:14.350652694702148
INFO:trainer_layer_backward:13.885974884033203
INFO:trainer_layer_backward:13.606548309326172
INFO:trainer_layer_backward:13.11349868774414
INFO:trainer_layer_backward:13.296842575073242
INFO:trainer_layer_backward:12.720584869384766
INFO:trainer_layer_backward:13.742685317993164
INFO:trainer_layer_backward:13.865232467651367
INFO:trainer_layer_backward:13.970613479614258
INFO:trainer_layer_backward:14.35995101928711
INFO:trainer_layer_backward:14.462471008300781
INFO:trainer_layer_backward:14.284372329711914
INFO:trainer_layer_backward:14.454126358032227
INFO:trainer_layer_backward:14.262199401855469
INFO:trainer_layer_backward:14.261245727539062
INFO:trainer_layer_backward:13.897418975830078
INFO:trainer_layer_backward:14.163494110107422
INFO:trainer_layer_backward:13.504266738891602
INFO:trainer_layer_backward:13.517141342163086
INFO:trainer_layer_backward:13.14997673034668
INFO:trainer_layer_backward:13.165712356567383
INFO:trainer_layer_backward:13.015031814575195
INFO:trainer_layer_backward:13.614416122436523
INFO:trainer_layer_backward:13.712406158447266
INFO:trainer_layer_backward:14.026165008544922
INFO:trainer_layer_backward:14.078617095947266
INFO:trainer_layer_backward:14.401912689208984
INFO:trainer_layer_backward:14.267921447753906
INFO:trainer_layer_backward:13.928651809692383
INFO:trainer_layer_backward:14.446735382080078
INFO:trainer_layer_backward:13.94343376159668
INFO:trainer_layer_backward:14.562368392944336
INFO:trainer_layer_backward:14.542818069458008
INFO:trainer_layer_backward:14.273643493652344
INFO:trainer_layer_backward:14.51730728149414
INFO:trainer_layer_backward:14.10984992980957
INFO:trainer_layer_backward:14.207839965820312
INFO:trainer_layer_backward:14.31894302368164
INFO:trainer_layer_backward:13.5345458984375
INFO:trainer_layer_backward:13.573408126831055
INFO:trainer_layer_backward:13.212203979492188
INFO:trainer_layer_backward:13.254642486572266
INFO:trainer_layer_backward:12.713909149169922
INFO:trainer_layer_backward:13.670682907104492
INFO:trainer_layer_backward:14.34636116027832
INFO:trainer_layer_backward:13.995170593261719
INFO:trainer_layer_backward:13.740777969360352
INFO:trainer_layer_backward:13.893842697143555
INFO:trainer_layer_backward:13.890504837036133
INFO:trainer_layer_backward:14.825820922851562
INFO:trainer_layer_backward:13.855457305908203
INFO:trainer_layer_backward:14.825820922851562
INFO:trainer_layer_backward:14.903545379638672
INFO:trainer_layer_backward:14.918804168701172
INFO:trainer_layer_backward:14.733076095581055
INFO:trainer_layer_backward:14.990091323852539
INFO:trainer_layer_backward:14.492511749267578
INFO:trainer_layer_backward:14.929056167602539
INFO:trainer_layer_backward:14.596700668334961
INFO:trainer_layer_backward:15.284061431884766
INFO:trainer_layer_backward:14.596223831176758
INFO:trainer_layer_backward:14.720678329467773
INFO:trainer_layer_backward:14.586210250854492
INFO:trainer_layer_backward:14.43791389465332
INFO:trainer_layer_backward:13.983726501464844
INFO:trainer_layer_backward:14.395952224731445
INFO:trainer_layer_backward:14.420270919799805
INFO:trainer_layer_backward:14.223098754882812
INFO:trainer_layer_backward:14.271736145019531
INFO:trainer_layer_backward:13.656854629516602
INFO:trainer_layer_backward:13.445854187011719
INFO:trainer_layer_backward:13.151407241821289
INFO:trainer_layer_backward:12.617349624633789
INFO:trainer_layer_backward:13.428211212158203
INFO:trainer_layer_backward:13.642549514770508
INFO:trainer_layer_backward:13.707160949707031
INFO:trainer_layer_backward:14.343023300170898
INFO:trainer_layer_backward:13.966083526611328
INFO:trainer_layer_backward:14.04714584350586
INFO:trainer_layer_backward:14.202117919921875
INFO:trainer_layer_backward:14.407873153686523
INFO:trainer_layer_backward:14.786720275878906
INFO:trainer_layer_backward:14.61338996887207
INFO:trainer_layer_backward:13.91148567199707
INFO:trainer_layer_backward:14.600515365600586
INFO:trainer_layer_backward:14.369964599609375
INFO:trainer_layer_backward:14.517545700073242
INFO:trainer_layer_backward:13.993024826049805
INFO:trainer_layer_backward:14.37067985534668
INFO:trainer_layer_backward:14.450311660766602
INFO:trainer_layer_backward:14.229297637939453
INFO:trainer_layer_backward:13.576030731201172
INFO:trainer_layer_backward:13.374090194702148
INFO:trainer_layer_backward:13.193845748901367
INFO:trainer_layer_backward:12.997150421142578
INFO:trainer_layer_backward:13.050556182861328
INFO:trainer_layer_backward:13.776779174804688
INFO:trainer_layer_backward:14.220476150512695
INFO:trainer_layer_backward:14.440536499023438
INFO:trainer_layer_backward:14.45913314819336
INFO:trainer_layer_backward:14.532327651977539
INFO:trainer_layer_backward:14.568328857421875
INFO:trainer_layer_backward:13.935327529907227
INFO:trainer_layer_backward:13.966560363769531
INFO:trainer_layer_backward:14.038324356079102
INFO:trainer_layer_backward:13.89312744140625
INFO:trainer_layer_backward:14.269351959228516
INFO:trainer_layer_backward:14.617681503295898
INFO:trainer_layer_backward:13.965606689453125
INFO:trainer_layer_backward:14.53399658203125
INFO:trainer_layer_backward:14.537334442138672
INFO:trainer_layer_backward:13.910531997680664
INFO:trainer_layer_backward:14.24407958984375
INFO:trainer_layer_backward:14.320135116577148
INFO:trainer_layer_backward:13.572931289672852
INFO:trainer_layer_backward:13.411998748779297
INFO:trainer_layer_backward:13.148307800292969
INFO:trainer_layer_backward:12.621402740478516
INFO:trainer_layer_backward:13.106346130371094
INFO:trainer_layer_backward:14.228582382202148
INFO:trainer_layer_backward:13.927459716796875
INFO:trainer_layer_backward:13.98611068725586
INFO:trainer_layer_backward:14.295339584350586
INFO:trainer_layer_backward:14.363765716552734
INFO:trainer_layer_backward:14.647722244262695
INFO:trainer_layer_backward:14.346837997436523
INFO:trainer_layer_backward:13.906240463256836
INFO:trainer_layer_backward:14.450788497924805
INFO:trainer_layer_backward:14.452934265136719
INFO:trainer_layer_backward:13.98468017578125
INFO:trainer_layer_backward:14.155149459838867
INFO:trainer_layer_backward:13.55433464050293
INFO:trainer_layer_backward:13.54527473449707
INFO:trainer_layer_backward:13.168096542358398
INFO:trainer_layer_backward:13.307332992553711
INFO:trainer_layer_backward:12.676000595092773
INFO:trainer_layer_backward:13.707160949707031
INFO:trainer_layer_backward:13.758659362792969
INFO:trainer_layer_backward:13.904571533203125
INFO:trainer_layer_backward:14.081001281738281
INFO:trainer_layer_backward:14.150142669677734
INFO:trainer_layer_backward:14.936208724975586
INFO:trainer_layer_backward:14.757633209228516
INFO:trainer_layer_backward:14.48369026184082
INFO:trainer_layer_backward:13.915300369262695
INFO:trainer_layer_backward:14.483928680419922
INFO:trainer_layer_backward:14.56904411315918
INFO:trainer_layer_backward:13.937711715698242
INFO:trainer_layer_backward:14.257669448852539
INFO:trainer_layer_backward:14.350652694702148
INFO:trainer_layer_backward:13.507843017578125
INFO:trainer_layer_backward:13.383626937866211
INFO:trainer_layer_backward:13.149499893188477
INFO:trainer_layer_backward:13.272762298583984
INFO:trainer_layer_backward:12.666940689086914
INFO:trainer_layer_backward:13.692378997802734
INFO:trainer_layer_backward:13.993263244628906
INFO:trainer_layer_backward:14.271259307861328
INFO:trainer_layer_backward:13.993024826049805
INFO:trainer_layer_backward:14.073848724365234
INFO:trainer_layer_backward:13.971805572509766
INFO:trainer_layer_backward:14.316558837890625
INFO:trainer_layer_backward:14.290094375610352
INFO:trainer_layer_backward:14.971256256103516
INFO:trainer_layer_backward:15.026092529296875
INFO:trainer_layer_backward:13.864755630493164
INFO:trainer_layer_backward:14.441728591918945
INFO:trainer_layer_backward:14.457464218139648
INFO:trainer_layer_backward:14.295816421508789
INFO:trainer_layer_backward:14.346837997436523
INFO:trainer_layer_backward:13.519048690795898
INFO:trainer_layer_backward:13.480424880981445
INFO:trainer_layer_backward:13.141870498657227
INFO:trainer_layer_backward:12.97903060913086
INFO:trainer_layer_backward:12.769460678100586
INFO:trainer_layer_backward:13.527154922485352
INFO:trainer_layer_backward:14.273405075073242
INFO:trainer_layer_backward:14.220237731933594
INFO:trainer_layer_backward:13.979434967041016
INFO:trainer_layer_backward:13.948917388916016
INFO:trainer_layer_backward:14.169454574584961
INFO:trainer_layer_backward:14.828205108642578
INFO:trainer_layer_backward:14.402151107788086
INFO:trainer_layer_backward:14.94145393371582
INFO:trainer_layer_backward:14.697074890136719
INFO:trainer_layer_backward:13.949394226074219
INFO:trainer_layer_backward:14.486074447631836
INFO:trainer_layer_backward:14.509201049804688
INFO:trainer_layer_backward:13.88692855834961
INFO:trainer_layer_backward:14.446496963500977
INFO:trainer_layer_backward:14.357805252075195
INFO:trainer_layer_backward:13.519525527954102
INFO:trainer_layer_backward:13.515949249267578
INFO:trainer_layer_backward:13.144493103027344
INFO:trainer_layer_backward:13.077735900878906
INFO:trainer_layer_backward:13.046741485595703
INFO:trainer_layer_backward:13.825654983520508
INFO:trainer_layer_backward:14.452695846557617
INFO:trainer_layer_backward:14.041423797607422
INFO:trainer_layer_backward:14.118671417236328
INFO:trainer_layer_backward:13.945341110229492
INFO:trainer_layer_backward:14.674901962280273
INFO:trainer_layer_backward:14.333009719848633
INFO:trainer_layer_backward:13.945341110229492
INFO:trainer_layer_backward:14.580249786376953
INFO:trainer_layer_backward:14.702081680297852
INFO:trainer_layer_backward:14.677762985229492
INFO:trainer_layer_backward:14.581680297851562
INFO:trainer_layer_backward:13.900995254516602
INFO:trainer_layer_backward:14.310121536254883
INFO:trainer_layer_backward:13.529300689697266
INFO:trainer_layer_backward:13.450145721435547
INFO:trainer_layer_backward:13.185739517211914
INFO:trainer_layer_backward:13.189554214477539
INFO:trainer_layer_backward:13.003826141357422
INFO:trainer_layer_backward:13.195991516113281
INFO:trainer_layer_backward:14.109611511230469
INFO:trainer_layer_backward:13.75126838684082
INFO:trainer_layer_backward:14.418840408325195
INFO:trainer_layer_backward:14.002084732055664
INFO:trainer_layer_backward:14.287710189819336
INFO:trainer_layer_backward:14.829158782958984
INFO:trainer_layer_backward:14.338254928588867
INFO:trainer_layer_backward:14.519214630126953
INFO:trainer_layer_backward:14.564275741577148
INFO:trainer_layer_backward:13.969659805297852
INFO:trainer_layer_backward:14.127016067504883
INFO:trainer_layer_backward:14.42265510559082
INFO:trainer_layer_backward:13.750076293945312
INFO:trainer_layer_backward:14.04261589050293
INFO:trainer_layer_backward:13.839960098266602
INFO:trainer_layer_backward:13.530254364013672
INFO:trainer_layer_backward:13.116836547851562
INFO:trainer_layer_backward:13.151407241821289
INFO:trainer_layer_backward:12.68625259399414
INFO:trainer_layer_backward:14.098644256591797
INFO:trainer_layer_backward:13.950586318969727
INFO:trainer_layer_backward:13.948440551757812
INFO:trainer_layer_backward:14.263391494750977
INFO:trainer_layer_backward:13.726234436035156
INFO:trainer_layer_backward:14.284133911132812
INFO:trainer_layer_backward:13.977289199829102
INFO:trainer_layer_backward:14.820337295532227
INFO:trainer_layer_backward:13.847827911376953
INFO:trainer_layer_backward:14.363527297973633
INFO:trainer_layer_backward:14.750957489013672
INFO:trainer_layer_backward:14.634370803833008
INFO:trainer_layer_backward:13.890266418457031
INFO:trainer_layer_backward:14.549970626831055
INFO:trainer_layer_backward:14.597177505493164
INFO:trainer_layer_backward:14.552593231201172
INFO:trainer_layer_backward:13.900518417358398
INFO:trainer_layer_backward:14.229774475097656
INFO:trainer_layer_backward:13.526678085327148
INFO:trainer_layer_backward:13.467073440551758
INFO:trainer_layer_backward:13.163566589355469
INFO:trainer_layer_backward:13.142585754394531
INFO:trainer_layer_backward:12.663125991821289
INFO:trainer_layer_backward:13.626813888549805
INFO:trainer_layer_backward:13.702630996704102
INFO:trainer_layer_backward:14.279365539550781
INFO:trainer_layer_backward:13.952970504760742
INFO:trainer_layer_backward:14.078140258789062
INFO:trainer_layer_backward:14.663457870483398
INFO:trainer_layer_backward:14.891624450683594
INFO:trainer_layer_backward:14.74452018737793
INFO:trainer_layer_backward:14.310598373413086
INFO:trainer_layer_backward:14.435291290283203
INFO:trainer_layer_backward:14.852046966552734
INFO:trainer_layer_backward:14.83011245727539
INFO:trainer_layer_backward:14.903068542480469
INFO:trainer_layer_backward:14.072895050048828
INFO:trainer_layer_backward:14.343738555908203
INFO:trainer_layer_backward:14.470100402832031
INFO:trainer_layer_backward:13.852119445800781
INFO:trainer_layer_backward:14.175891876220703
INFO:trainer_layer_backward:13.525724411010742
INFO:trainer_layer_backward:13.445615768432617
INFO:trainer_layer_backward:13.224601745605469
INFO:trainer_layer_backward:13.22174072265625
INFO:trainer_layer_backward:12.720823287963867
INFO:trainer_layer_backward:13.697624206542969
INFO:trainer_layer_backward:14.374971389770508
INFO:trainer_layer_backward:13.849735260009766
INFO:trainer_layer_backward:13.880491256713867
INFO:trainer_layer_backward:14.459609985351562
INFO:trainer_layer_backward:13.971567153930664
INFO:trainer_layer_backward:14.246702194213867
INFO:trainer_layer_backward:14.542341232299805
INFO:trainer_layer_backward:14.9688720703125
INFO:trainer_layer_backward:14.436006546020508
INFO:trainer_layer_backward:14.995098114013672
INFO:trainer_layer_backward:14.67132568359375
INFO:trainer_layer_backward:13.938665390014648
INFO:trainer_layer_backward:14.345169067382812
INFO:trainer_layer_backward:13.930797576904297
INFO:trainer_layer_backward:14.330863952636719
INFO:trainer_layer_backward:14.376640319824219
INFO:trainer_layer_backward:13.611078262329102
INFO:trainer_layer_backward:13.328790664672852
INFO:trainer_layer_backward:13.23080062866211
INFO:trainer_layer_backward:12.654542922973633
INFO:trainer_layer_backward:13.034343719482422
INFO:trainer_layer_backward:13.993501663208008
INFO:trainer_layer_backward:14.095306396484375
INFO:trainer_layer_backward:13.901233673095703
INFO:trainer_layer_backward:14.27912712097168
INFO:trainer_layer_backward:14.479637145996094
INFO:trainer_layer_backward:14.849185943603516
INFO:trainer_layer_backward:15.100479125976562
INFO:trainer_layer_backward:15.033483505249023
INFO:trainer_layer_backward:14.490842819213867
INFO:trainer_layer_backward:13.950586318969727
INFO:trainer_layer_backward:14.240026473999023
INFO:trainer_layer_backward:13.854265213012695
INFO:trainer_layer_backward:14.028549194335938
INFO:trainer_layer_backward:13.526678085327148
INFO:trainer_layer_backward:13.561010360717773
INFO:trainer_layer_backward:13.157367706298828
INFO:trainer_layer_backward:13.236522674560547
INFO:trainer_layer_backward:13.051509857177734
INFO:trainer_layer_backward:13.591527938842773
INFO:trainer_layer_backward:13.724327087402344
INFO:trainer_layer_backward:13.888359069824219
INFO:trainer_layer_backward:14.377117156982422
INFO:trainer_layer_backward:14.260292053222656
INFO:trainer_layer_backward:14.966726303100586
INFO:trainer_layer_backward:14.671564102172852
INFO:trainer_layer_backward:15.382528305053711
INFO:trainer_layer_backward:14.657735824584961
INFO:trainer_layer_backward:14.593362808227539
INFO:trainer_layer_backward:14.477968215942383
INFO:trainer_layer_backward:13.814687728881836
INFO:trainer_layer_backward:14.339685440063477
INFO:trainer_layer_backward:14.539718627929688
INFO:trainer_layer_backward:13.80610466003418
INFO:trainer_layer_backward:14.278650283813477
INFO:trainer_layer_backward:14.255523681640625
INFO:trainer_layer_backward:13.965845108032227
INFO:trainer_layer_backward:13.576030731201172
INFO:trainer_layer_backward:13.09823989868164
INFO:trainer_layer_backward:12.626409530639648
INFO:trainer_layer_backward:13.05389404296875
INFO:trainer_layer_backward:13.740301132202148
INFO:trainer_layer_backward:14.467954635620117
INFO:trainer_layer_backward:13.98324966430664
INFO:trainer_layer_backward:14.189958572387695
INFO:trainer_layer_backward:14.462709426879883
INFO:trainer_layer_backward:14.659881591796875
INFO:trainer_layer_backward:14.801025390625
INFO:trainer_layer_backward:14.575481414794922
INFO:trainer_layer_backward:14.334678649902344
INFO:trainer_layer_backward:14.405488967895508
INFO:trainer_layer_backward:14.53852653503418
INFO:trainer_layer_backward:13.953685760498047
INFO:trainer_layer_backward:14.299869537353516
INFO:trainer_layer_backward:14.319658279418945
INFO:trainer_layer_backward:13.998746871948242
INFO:trainer_layer_backward:13.550996780395508
INFO:trainer_layer_backward:13.154983520507812
INFO:trainer_layer_backward:12.944936752319336
INFO:trainer_layer_backward:13.077020645141602
INFO:trainer_layer_backward:13.73434066772461
INFO:trainer_layer_backward:14.342069625854492
INFO:trainer_layer_backward:13.907909393310547
INFO:trainer_layer_backward:13.927698135375977
INFO:trainer_layer_backward:13.932228088378906
INFO:trainer_layer_backward:14.404296875
INFO:trainer_layer_backward:13.893604278564453
INFO:trainer_layer_backward:14.41192626953125
INFO:trainer_layer_backward:14.516830444335938
INFO:trainer_layer_backward:14.255046844482422
INFO:trainer_layer_backward:14.423847198486328
INFO:trainer_layer_backward:14.294862747192383
INFO:trainer_layer_backward:13.702630996704102
INFO:trainer_layer_backward:13.578176498413086
INFO:trainer_layer_backward:13.185977935791016
INFO:trainer_layer_backward:12.900114059448242
INFO:trainer_layer_backward:13.117790222167969
INFO:trainer_layer_backward:14.00446891784668
INFO:trainer_layer_backward:14.386415481567383
INFO:trainer_layer_backward:14.128684997558594
INFO:trainer_layer_backward:13.909101486206055
INFO:trainer_layer_backward:14.600992202758789
INFO:trainer_layer_backward:14.063119888305664
INFO:trainer_layer_backward:13.756513595581055
INFO:trainer_layer_backward:14.731645584106445
INFO:trainer_layer_backward:14.289379119873047
INFO:trainer_layer_backward:14.542102813720703
INFO:trainer_layer_backward:14.392375946044922
INFO:trainer_layer_backward:14.584064483642578
INFO:trainer_layer_backward:13.807058334350586
INFO:trainer_layer_backward:14.250755310058594
INFO:trainer_layer_backward:13.545989990234375
INFO:trainer_layer_backward:13.428688049316406
INFO:trainer_layer_backward:13.158082962036133
INFO:trainer_layer_backward:13.17286491394043
INFO:trainer_layer_backward:12.675285339355469
INFO:trainer_layer_backward:14.210224151611328
INFO:trainer_layer_backward:13.690471649169922
INFO:trainer_layer_backward:14.014959335327148
INFO:trainer_layer_backward:14.435529708862305
INFO:trainer_layer_backward:13.930797576904297
INFO:trainer_layer_backward:14.332771301269531
INFO:trainer_layer_backward:14.914989471435547
INFO:trainer_layer_backward:14.386415481567383
INFO:trainer_layer_backward:14.769792556762695
INFO:trainer_layer_backward:14.933586120605469
INFO:trainer_layer_backward:14.566898345947266
INFO:trainer_layer_backward:14.930009841918945
INFO:trainer_layer_backward:13.86570930480957
INFO:trainer_layer_backward:14.422178268432617
INFO:trainer_layer_backward:14.495372772216797
INFO:trainer_layer_backward:13.883590698242188
INFO:trainer_layer_backward:14.317512512207031
INFO:trainer_layer_backward:14.247655868530273
INFO:trainer_layer_backward:13.874292373657227
INFO:trainer_layer_backward:13.596296310424805
INFO:trainer_layer_backward:13.200998306274414
INFO:trainer_layer_backward:12.696504592895508
INFO:trainer_layer_backward:13.117313385009766
INFO:trainer_layer_backward:13.725996017456055
INFO:trainer_layer_backward:13.922691345214844
INFO:trainer_layer_backward:14.639854431152344
INFO:trainer_layer_backward:14.286041259765625
INFO:trainer_layer_backward:14.737367630004883
INFO:trainer_layer_backward:14.569282531738281
INFO:trainer_layer_backward:14.583826065063477
