INFO:trainer_layer_backward:CNNEx | mnist
INFO:trainer_layer_backward:in_size : 512 | epochs : 1 | batch : 1
INFO:trainer_layer_backward:kernel_l1 : 257 | 
INFO:trainer_layer_backward:o_channels_l1 : 20 | 
INFO:trainer_layer_backward:learn_num_train : 1000 | learn_num_validate : 0 
INFO:trainer_layer_backward::::::::::::::::::::::::::::::::::::::::::::::::::::::::::::
INFO:trainer_layer_backward:message : conv1 
INFO:trainer_layer_backward::::::::::::::::::::::::::::::::::::::::::::::::::::::::::::
INFO:trainer_layer_backward:Ave_Time : 202.2144975084247
INFO:trainer_layer_backward::::::::::::::::::::::::::::::::::::::::::::::::::::::::::::
INFO:trainer_layer_backward:200.12760162353516
INFO:trainer_layer_backward:209.43641662597656
INFO:trainer_layer_backward:201.10177993774414
INFO:trainer_layer_backward:199.4466781616211
INFO:trainer_layer_backward:199.7830867767334
INFO:trainer_layer_backward:201.16639137268066
INFO:trainer_layer_backward:202.87322998046875
INFO:trainer_layer_backward:203.26519012451172
INFO:trainer_layer_backward:200.0138759613037
INFO:trainer_layer_backward:207.30996131896973
INFO:trainer_layer_backward:197.30496406555176
INFO:trainer_layer_backward:200.18577575683594
INFO:trainer_layer_backward:199.50342178344727
INFO:trainer_layer_backward:203.99951934814453
INFO:trainer_layer_backward:198.20570945739746
INFO:trainer_layer_backward:199.91588592529297
INFO:trainer_layer_backward:194.25559043884277
INFO:trainer_layer_backward:196.66242599487305
INFO:trainer_layer_backward:201.64179801940918
INFO:trainer_layer_backward:201.39575004577637
INFO:trainer_layer_backward:203.92179489135742
INFO:trainer_layer_backward:201.3847827911377
INFO:trainer_layer_backward:197.59702682495117
INFO:trainer_layer_backward:198.7762451171875
INFO:trainer_layer_backward:198.3652114868164
INFO:trainer_layer_backward:198.8356113433838
INFO:trainer_layer_backward:197.72696495056152
INFO:trainer_layer_backward:200.73580741882324
INFO:trainer_layer_backward:199.3265151977539
INFO:trainer_layer_backward:196.72298431396484
INFO:trainer_layer_backward:202.66199111938477
INFO:trainer_layer_backward:198.50730895996094
INFO:trainer_layer_backward:197.63588905334473
INFO:trainer_layer_backward:199.16057586669922
INFO:trainer_layer_backward:196.70939445495605
INFO:trainer_layer_backward:197.92604446411133
INFO:trainer_layer_backward:198.6391544342041
INFO:trainer_layer_backward:198.1959342956543
INFO:trainer_layer_backward:198.72498512268066
INFO:trainer_layer_backward:200.47450065612793
INFO:trainer_layer_backward:199.55897331237793
INFO:trainer_layer_backward:197.76105880737305
INFO:trainer_layer_backward:199.41949844360352
INFO:trainer_layer_backward:199.39136505126953
INFO:trainer_layer_backward:196.31457328796387
INFO:trainer_layer_backward:200.03652572631836
INFO:trainer_layer_backward:197.78156280517578
INFO:trainer_layer_backward:198.75216484069824
INFO:trainer_layer_backward:201.24197006225586
INFO:trainer_layer_backward:198.55284690856934
INFO:trainer_layer_backward:199.96190071105957
INFO:trainer_layer_backward:201.002836227417
INFO:trainer_layer_backward:201.5683650970459
INFO:trainer_layer_backward:200.63066482543945
INFO:trainer_layer_backward:197.4780559539795
INFO:trainer_layer_backward:198.73785972595215
INFO:trainer_layer_backward:200.94704627990723
INFO:trainer_layer_backward:200.79326629638672
INFO:trainer_layer_backward:197.42631912231445
INFO:trainer_layer_backward:203.25875282287598
INFO:trainer_layer_backward:198.59766960144043
INFO:trainer_layer_backward:198.17423820495605
INFO:trainer_layer_backward:203.0634880065918
INFO:trainer_layer_backward:198.88877868652344
INFO:trainer_layer_backward:201.26032829284668
INFO:trainer_layer_backward:201.5223503112793
INFO:trainer_layer_backward:198.49920272827148
INFO:trainer_layer_backward:202.2252082824707
INFO:trainer_layer_backward:201.31635665893555
INFO:trainer_layer_backward:199.8894214630127
INFO:trainer_layer_backward:198.6558437347412
INFO:trainer_layer_backward:201.98559761047363
INFO:trainer_layer_backward:200.71673393249512
INFO:trainer_layer_backward:198.31442832946777
INFO:trainer_layer_backward:204.53119277954102
INFO:trainer_layer_backward:199.3114948272705
INFO:trainer_layer_backward:200.21581649780273
INFO:trainer_layer_backward:203.5541534423828
INFO:trainer_layer_backward:199.48482513427734
INFO:trainer_layer_backward:201.5366554260254
INFO:trainer_layer_backward:200.8051872253418
INFO:trainer_layer_backward:201.28726959228516
INFO:trainer_layer_backward:198.63176345825195
INFO:trainer_layer_backward:200.32978057861328
INFO:trainer_layer_backward:200.05345344543457
INFO:trainer_layer_backward:199.36800003051758
INFO:trainer_layer_backward:201.81775093078613
INFO:trainer_layer_backward:199.1410255432129
INFO:trainer_layer_backward:200.09636878967285
INFO:trainer_layer_backward:197.8452205657959
INFO:trainer_layer_backward:198.95696640014648
INFO:trainer_layer_backward:203.54175567626953
INFO:trainer_layer_backward:198.4241008758545
INFO:trainer_layer_backward:198.43816757202148
INFO:trainer_layer_backward:203.12881469726562
INFO:trainer_layer_backward:198.60410690307617
INFO:trainer_layer_backward:201.07078552246094
INFO:trainer_layer_backward:200.59633255004883
INFO:trainer_layer_backward:198.31538200378418
INFO:trainer_layer_backward:197.7701187133789
INFO:trainer_layer_backward:201.20811462402344
INFO:trainer_layer_backward:200.7129192352295
INFO:trainer_layer_backward:199.24688339233398
INFO:trainer_layer_backward:208.15634727478027
INFO:trainer_layer_backward:217.41962432861328
INFO:trainer_layer_backward:216.85242652893066
INFO:trainer_layer_backward:217.0252799987793
INFO:trainer_layer_backward:216.72320365905762
INFO:trainer_layer_backward:214.8449420928955
INFO:trainer_layer_backward:215.7611846923828
INFO:trainer_layer_backward:203.73034477233887
INFO:trainer_layer_backward:200.02174377441406
INFO:trainer_layer_backward:198.57239723205566
INFO:trainer_layer_backward:201.4908790588379
INFO:trainer_layer_backward:199.82218742370605
INFO:trainer_layer_backward:207.7162265777588
INFO:trainer_layer_backward:199.54252243041992
INFO:trainer_layer_backward:200.44827461242676
INFO:trainer_layer_backward:214.46657180786133
INFO:trainer_layer_backward:204.88691329956055
INFO:trainer_layer_backward:210.968017578125
INFO:trainer_layer_backward:203.13262939453125
INFO:trainer_layer_backward:202.1944522857666
INFO:trainer_layer_backward:201.8420696258545
INFO:trainer_layer_backward:200.82569122314453
INFO:trainer_layer_backward:200.93393325805664
INFO:trainer_layer_backward:200.4532814025879
INFO:trainer_layer_backward:201.6584873199463
INFO:trainer_layer_backward:199.0041732788086
INFO:trainer_layer_backward:201.7371654510498
INFO:trainer_layer_backward:199.3694305419922
INFO:trainer_layer_backward:202.2383213043213
INFO:trainer_layer_backward:203.0196189880371
INFO:trainer_layer_backward:199.16677474975586
INFO:trainer_layer_backward:203.63306999206543
INFO:trainer_layer_backward:200.35195350646973
INFO:trainer_layer_backward:199.8751163482666
INFO:trainer_layer_backward:204.25820350646973
INFO:trainer_layer_backward:199.30696487426758
INFO:trainer_layer_backward:200.29520988464355
INFO:trainer_layer_backward:201.65467262268066
INFO:trainer_layer_backward:200.79970359802246
INFO:trainer_layer_backward:198.22072982788086
INFO:trainer_layer_backward:200.6056308746338
INFO:trainer_layer_backward:201.71427726745605
INFO:trainer_layer_backward:200.9601593017578
INFO:trainer_layer_backward:206.04419708251953
INFO:trainer_layer_backward:199.3117332458496
INFO:trainer_layer_backward:199.25713539123535
INFO:trainer_layer_backward:204.26082611083984
INFO:trainer_layer_backward:198.69065284729004
INFO:trainer_layer_backward:200.55317878723145
INFO:trainer_layer_backward:201.76458358764648
INFO:trainer_layer_backward:200.65879821777344
INFO:trainer_layer_backward:200.5159854888916
INFO:trainer_layer_backward:201.77245140075684
INFO:trainer_layer_backward:200.54244995117188
INFO:trainer_layer_backward:197.47281074523926
INFO:trainer_layer_backward:199.84173774719238
INFO:trainer_layer_backward:199.00250434875488
INFO:trainer_layer_backward:199.28669929504395
INFO:trainer_layer_backward:202.3918628692627
INFO:trainer_layer_backward:199.99957084655762
INFO:trainer_layer_backward:200.10805130004883
INFO:trainer_layer_backward:201.432466506958
INFO:trainer_layer_backward:199.45454597473145
INFO:trainer_layer_backward:203.40466499328613
INFO:trainer_layer_backward:198.8961696624756
INFO:trainer_layer_backward:201.4467716217041
INFO:trainer_layer_backward:200.1657485961914
INFO:trainer_layer_backward:199.9051570892334
INFO:trainer_layer_backward:201.16877555847168
INFO:trainer_layer_backward:201.16376876831055
INFO:trainer_layer_backward:200.95205307006836
INFO:trainer_layer_backward:198.46510887145996
INFO:trainer_layer_backward:202.1465301513672
INFO:trainer_layer_backward:199.78952407836914
INFO:trainer_layer_backward:199.6161937713623
INFO:trainer_layer_backward:204.78582382202148
INFO:trainer_layer_backward:197.37792015075684
INFO:trainer_layer_backward:202.27408409118652
INFO:trainer_layer_backward:201.2648582458496
INFO:trainer_layer_backward:198.16327095031738
INFO:trainer_layer_backward:201.8105983734131
INFO:trainer_layer_backward:201.9050121307373
INFO:trainer_layer_backward:200.45781135559082
INFO:trainer_layer_backward:198.09508323669434
INFO:trainer_layer_backward:201.10249519348145
INFO:trainer_layer_backward:200.7925510406494
INFO:trainer_layer_backward:197.72934913635254
INFO:trainer_layer_backward:203.0785083770752
INFO:trainer_layer_backward:199.28956031799316
INFO:trainer_layer_backward:200.7591724395752
INFO:trainer_layer_backward:203.00984382629395
INFO:trainer_layer_backward:198.9755630493164
INFO:trainer_layer_backward:202.06713676452637
INFO:trainer_layer_backward:198.9727020263672
INFO:trainer_layer_backward:200.77013969421387
INFO:trainer_layer_backward:200.73938369750977
INFO:trainer_layer_backward:201.39598846435547
INFO:trainer_layer_backward:201.9329071044922
INFO:trainer_layer_backward:200.5445957183838
INFO:trainer_layer_backward:202.4402618408203
INFO:trainer_layer_backward:198.30894470214844
INFO:trainer_layer_backward:201.3545036315918
INFO:trainer_layer_backward:198.78268241882324
INFO:trainer_layer_backward:199.19919967651367
INFO:trainer_layer_backward:202.50940322875977
INFO:trainer_layer_backward:199.7213363647461
INFO:trainer_layer_backward:200.6394863128662
INFO:trainer_layer_backward:201.4634609222412
INFO:trainer_layer_backward:198.49348068237305
INFO:trainer_layer_backward:200.93894004821777
INFO:trainer_layer_backward:203.18293571472168
INFO:trainer_layer_backward:199.81050491333008
INFO:trainer_layer_backward:197.89814949035645
INFO:trainer_layer_backward:202.53539085388184
INFO:trainer_layer_backward:201.55954360961914
INFO:trainer_layer_backward:200.3180980682373
INFO:trainer_layer_backward:203.033447265625
INFO:trainer_layer_backward:199.71704483032227
INFO:trainer_layer_backward:198.3182430267334
INFO:trainer_layer_backward:203.96995544433594
INFO:trainer_layer_backward:197.46041297912598
INFO:trainer_layer_backward:202.01539993286133
INFO:trainer_layer_backward:202.31008529663086
INFO:trainer_layer_backward:199.5384693145752
INFO:trainer_layer_backward:200.28328895568848
INFO:trainer_layer_backward:201.33352279663086
INFO:trainer_layer_backward:199.99337196350098
INFO:trainer_layer_backward:198.59027862548828
INFO:trainer_layer_backward:199.4645595550537
INFO:trainer_layer_backward:200.4556655883789
INFO:trainer_layer_backward:199.94878768920898
INFO:trainer_layer_backward:202.07905769348145
INFO:trainer_layer_backward:199.74541664123535
INFO:trainer_layer_backward:203.58586311340332
INFO:trainer_layer_backward:198.63271713256836
INFO:trainer_layer_backward:199.12409782409668
INFO:trainer_layer_backward:204.83660697937012
INFO:trainer_layer_backward:201.43723487854004
INFO:trainer_layer_backward:199.9375820159912
INFO:trainer_layer_backward:199.55110549926758
INFO:trainer_layer_backward:198.29058647155762
INFO:trainer_layer_backward:202.02994346618652
INFO:trainer_layer_backward:200.4868984222412
INFO:trainer_layer_backward:200.08301734924316
INFO:trainer_layer_backward:199.00178909301758
INFO:trainer_layer_backward:202.92425155639648
INFO:trainer_layer_backward:199.0799903869629
INFO:trainer_layer_backward:199.26714897155762
INFO:trainer_layer_backward:203.27448844909668
INFO:trainer_layer_backward:199.08761978149414
INFO:trainer_layer_backward:203.34935188293457
INFO:trainer_layer_backward:215.8057689666748
INFO:trainer_layer_backward:205.2757740020752
INFO:trainer_layer_backward:200.32000541687012
INFO:trainer_layer_backward:200.48856735229492
INFO:trainer_layer_backward:201.93839073181152
INFO:trainer_layer_backward:198.5006332397461
INFO:trainer_layer_backward:201.33590698242188
INFO:trainer_layer_backward:199.28312301635742
INFO:trainer_layer_backward:199.8898983001709
INFO:trainer_layer_backward:201.96890830993652
INFO:trainer_layer_backward:199.77450370788574
INFO:trainer_layer_backward:199.9375820159912
INFO:trainer_layer_backward:202.09193229675293
INFO:trainer_layer_backward:198.74095916748047
INFO:trainer_layer_backward:201.8907070159912
INFO:trainer_layer_backward:201.07388496398926
INFO:trainer_layer_backward:201.82061195373535
INFO:trainer_layer_backward:201.10511779785156
INFO:trainer_layer_backward:198.07672500610352
INFO:trainer_layer_backward:200.9410858154297
INFO:trainer_layer_backward:202.63409614562988
INFO:trainer_layer_backward:200.4380226135254
INFO:trainer_layer_backward:199.4011402130127
INFO:trainer_layer_backward:201.36189460754395
INFO:trainer_layer_backward:201.37524604797363
INFO:trainer_layer_backward:199.33247566223145
INFO:trainer_layer_backward:204.50282096862793
INFO:trainer_layer_backward:211.04979515075684
INFO:trainer_layer_backward:203.14764976501465
INFO:trainer_layer_backward:203.0017375946045
INFO:trainer_layer_backward:202.55517959594727
INFO:trainer_layer_backward:199.54609870910645
INFO:trainer_layer_backward:201.63869857788086
INFO:trainer_layer_backward:202.21281051635742
INFO:trainer_layer_backward:200.10924339294434
INFO:trainer_layer_backward:203.2337188720703
INFO:trainer_layer_backward:201.4772891998291
INFO:trainer_layer_backward:200.2885341644287
INFO:trainer_layer_backward:203.35149765014648
INFO:trainer_layer_backward:200.2873420715332
INFO:trainer_layer_backward:202.46529579162598
INFO:trainer_layer_backward:201.41911506652832
INFO:trainer_layer_backward:198.17805290222168
INFO:trainer_layer_backward:204.06484603881836
INFO:trainer_layer_backward:202.1780014038086
INFO:trainer_layer_backward:201.25555992126465
INFO:trainer_layer_backward:201.76291465759277
INFO:trainer_layer_backward:201.33256912231445
INFO:trainer_layer_backward:203.8247585296631
INFO:trainer_layer_backward:202.75139808654785
INFO:trainer_layer_backward:202.09002494812012
INFO:trainer_layer_backward:200.39010047912598
INFO:trainer_layer_backward:203.7198543548584
INFO:trainer_layer_backward:199.7692584991455
INFO:trainer_layer_backward:200.24919509887695
INFO:trainer_layer_backward:205.63244819641113
INFO:trainer_layer_backward:199.2166042327881
INFO:trainer_layer_backward:201.9951343536377
INFO:trainer_layer_backward:202.6066780090332
INFO:trainer_layer_backward:198.28343391418457
INFO:trainer_layer_backward:202.10814476013184
INFO:trainer_layer_backward:203.1400203704834
INFO:trainer_layer_backward:203.12905311584473
INFO:trainer_layer_backward:199.36776161193848
INFO:trainer_layer_backward:203.9327621459961
INFO:trainer_layer_backward:200.87456703186035
INFO:trainer_layer_backward:200.26183128356934
INFO:trainer_layer_backward:203.56202125549316
INFO:trainer_layer_backward:200.19984245300293
INFO:trainer_layer_backward:203.08256149291992
INFO:trainer_layer_backward:199.9654769897461
INFO:trainer_layer_backward:200.50740242004395
INFO:trainer_layer_backward:203.60374450683594
INFO:trainer_layer_backward:199.49817657470703
INFO:trainer_layer_backward:203.29022407531738
INFO:trainer_layer_backward:201.95960998535156
INFO:trainer_layer_backward:199.3579864501953
INFO:trainer_layer_backward:198.92525672912598
INFO:trainer_layer_backward:203.17745208740234
INFO:trainer_layer_backward:212.62741088867188
INFO:trainer_layer_backward:218.60003471374512
INFO:trainer_layer_backward:218.94407272338867
INFO:trainer_layer_backward:217.67306327819824
INFO:trainer_layer_backward:218.65034103393555
INFO:trainer_layer_backward:206.7553997039795
INFO:trainer_layer_backward:198.81272315979004
INFO:trainer_layer_backward:215.63005447387695
INFO:trainer_layer_backward:203.2310962677002
INFO:trainer_layer_backward:202.17156410217285
INFO:trainer_layer_backward:200.7133960723877
INFO:trainer_layer_backward:211.1649513244629
INFO:trainer_layer_backward:217.23127365112305
INFO:trainer_layer_backward:216.7658805847168
INFO:trainer_layer_backward:216.78733825683594
INFO:trainer_layer_backward:202.95000076293945
INFO:trainer_layer_backward:205.04426956176758
INFO:trainer_layer_backward:203.53055000305176
INFO:trainer_layer_backward:203.01127433776855
INFO:trainer_layer_backward:206.0685157775879
INFO:trainer_layer_backward:218.29628944396973
INFO:trainer_layer_backward:201.92623138427734
INFO:trainer_layer_backward:200.96635818481445
INFO:trainer_layer_backward:204.28466796875
INFO:trainer_layer_backward:204.95128631591797
INFO:trainer_layer_backward:202.0125389099121
INFO:trainer_layer_backward:200.99711418151855
INFO:trainer_layer_backward:202.0266056060791
INFO:trainer_layer_backward:202.44288444519043
INFO:trainer_layer_backward:201.141357421875
INFO:trainer_layer_backward:205.45649528503418
INFO:trainer_layer_backward:201.9963264465332
INFO:trainer_layer_backward:200.96349716186523
INFO:trainer_layer_backward:205.4309844970703
INFO:trainer_layer_backward:200.3791332244873
INFO:trainer_layer_backward:201.25865936279297
INFO:trainer_layer_backward:206.86078071594238
INFO:trainer_layer_backward:203.71603965759277
INFO:trainer_layer_backward:202.0878791809082
INFO:trainer_layer_backward:202.67510414123535
INFO:trainer_layer_backward:201.89404487609863
INFO:trainer_layer_backward:201.2948989868164
INFO:trainer_layer_backward:205.41691780090332
INFO:trainer_layer_backward:202.47435569763184
INFO:trainer_layer_backward:199.09334182739258
INFO:trainer_layer_backward:204.93030548095703
INFO:trainer_layer_backward:199.721097946167
INFO:trainer_layer_backward:201.27606391906738
INFO:trainer_layer_backward:202.423095703125
INFO:trainer_layer_backward:201.14564895629883
INFO:trainer_layer_backward:203.2780647277832
INFO:trainer_layer_backward:201.2946605682373
INFO:trainer_layer_backward:202.8646469116211
INFO:trainer_layer_backward:201.8582820892334
INFO:trainer_layer_backward:202.00800895690918
INFO:trainer_layer_backward:202.92186737060547
INFO:trainer_layer_backward:205.46269416809082
INFO:trainer_layer_backward:201.94077491760254
INFO:trainer_layer_backward:201.38311386108398
INFO:trainer_layer_backward:201.75671577453613
INFO:trainer_layer_backward:201.96866989135742
INFO:trainer_layer_backward:201.04217529296875
INFO:trainer_layer_backward:204.99134063720703
INFO:trainer_layer_backward:201.46584510803223
INFO:trainer_layer_backward:203.02748680114746
INFO:trainer_layer_backward:202.58808135986328
INFO:trainer_layer_backward:200.364351272583
INFO:trainer_layer_backward:202.36515998840332
INFO:trainer_layer_backward:203.48310470581055
INFO:trainer_layer_backward:204.55694198608398
INFO:trainer_layer_backward:204.87308502197266
INFO:trainer_layer_backward:200.72555541992188
INFO:trainer_layer_backward:208.36901664733887
INFO:trainer_layer_backward:203.2148838043213
INFO:trainer_layer_backward:219.2237377166748
INFO:trainer_layer_backward:218.26791763305664
INFO:trainer_layer_backward:217.76342391967773
INFO:trainer_layer_backward:219.67506408691406
INFO:trainer_layer_backward:209.63430404663086
INFO:trainer_layer_backward:211.98487281799316
INFO:trainer_layer_backward:198.92501831054688
INFO:trainer_layer_backward:202.8508186340332
INFO:trainer_layer_backward:201.98941230773926
INFO:trainer_layer_backward:202.65650749206543
INFO:trainer_layer_backward:201.76124572753906
INFO:trainer_layer_backward:203.9477825164795
INFO:trainer_layer_backward:206.03108406066895
INFO:trainer_layer_backward:201.54261589050293
INFO:trainer_layer_backward:205.26623725891113
INFO:trainer_layer_backward:199.66936111450195
INFO:trainer_layer_backward:201.2805938720703
INFO:trainer_layer_backward:204.27465438842773
INFO:trainer_layer_backward:200.87575912475586
INFO:trainer_layer_backward:203.19342613220215
INFO:trainer_layer_backward:200.65832138061523
INFO:trainer_layer_backward:201.86161994934082
INFO:trainer_layer_backward:204.27274703979492
INFO:trainer_layer_backward:201.43508911132812
INFO:trainer_layer_backward:201.59363746643066
INFO:trainer_layer_backward:202.1503448486328
INFO:trainer_layer_backward:202.3754119873047
INFO:trainer_layer_backward:203.4618854522705
INFO:trainer_layer_backward:204.6980857849121
INFO:trainer_layer_backward:198.9288330078125
INFO:trainer_layer_backward:203.27997207641602
INFO:trainer_layer_backward:203.51862907409668
INFO:trainer_layer_backward:200.2847194671631
INFO:trainer_layer_backward:205.2938938140869
INFO:trainer_layer_backward:208.94122123718262
INFO:trainer_layer_backward:200.2239227294922
INFO:trainer_layer_backward:201.19285583496094
INFO:trainer_layer_backward:201.6885280609131
INFO:trainer_layer_backward:203.93013954162598
INFO:trainer_layer_backward:199.5255947113037
INFO:trainer_layer_backward:203.47118377685547
INFO:trainer_layer_backward:200.69575309753418
INFO:trainer_layer_backward:199.7702121734619
INFO:trainer_layer_backward:203.1564712524414
INFO:trainer_layer_backward:199.45883750915527
INFO:trainer_layer_backward:206.73060417175293
INFO:trainer_layer_backward:202.0740509033203
INFO:trainer_layer_backward:200.06203651428223
INFO:trainer_layer_backward:202.25143432617188
INFO:trainer_layer_backward:199.77903366088867
INFO:trainer_layer_backward:204.6957015991211
INFO:trainer_layer_backward:203.93657684326172
INFO:trainer_layer_backward:201.0788917541504
INFO:trainer_layer_backward:199.80907440185547
INFO:trainer_layer_backward:212.9223346710205
INFO:trainer_layer_backward:208.6167335510254
INFO:trainer_layer_backward:213.71817588806152
INFO:trainer_layer_backward:209.70702171325684
INFO:trainer_layer_backward:206.60758018493652
INFO:trainer_layer_backward:210.53314208984375
INFO:trainer_layer_backward:202.72326469421387
INFO:trainer_layer_backward:200.43277740478516
INFO:trainer_layer_backward:202.2104263305664
INFO:trainer_layer_backward:201.80583000183105
INFO:trainer_layer_backward:201.71666145324707
INFO:trainer_layer_backward:200.24919509887695
INFO:trainer_layer_backward:200.606107711792
INFO:trainer_layer_backward:203.45425605773926
INFO:trainer_layer_backward:200.92344284057617
INFO:trainer_layer_backward:203.57656478881836
INFO:trainer_layer_backward:201.40409469604492
INFO:trainer_layer_backward:205.31487464904785
INFO:trainer_layer_backward:201.5554904937744
INFO:trainer_layer_backward:202.14581489562988
INFO:trainer_layer_backward:202.97789573669434
INFO:trainer_layer_backward:199.81646537780762
INFO:trainer_layer_backward:203.1395435333252
INFO:trainer_layer_backward:202.93188095092773
INFO:trainer_layer_backward:200.09732246398926
INFO:trainer_layer_backward:202.38900184631348
INFO:trainer_layer_backward:201.51901245117188
INFO:trainer_layer_backward:201.27081871032715
INFO:trainer_layer_backward:198.8523006439209
INFO:trainer_layer_backward:205.75332641601562
INFO:trainer_layer_backward:200.38986206054688
INFO:trainer_layer_backward:201.48658752441406
INFO:trainer_layer_backward:204.2863368988037
INFO:trainer_layer_backward:199.26095008850098
INFO:trainer_layer_backward:202.4240493774414
INFO:trainer_layer_backward:200.7746696472168
INFO:trainer_layer_backward:198.58241081237793
INFO:trainer_layer_backward:200.7007598876953
INFO:trainer_layer_backward:201.71761512756348
INFO:trainer_layer_backward:219.68936920166016
INFO:trainer_layer_backward:217.32521057128906
INFO:trainer_layer_backward:217.3323631286621
INFO:trainer_layer_backward:214.65086936950684
INFO:trainer_layer_backward:206.23087882995605
INFO:trainer_layer_backward:204.97369766235352
INFO:trainer_layer_backward:202.00824737548828
INFO:trainer_layer_backward:203.54723930358887
INFO:trainer_layer_backward:198.25077056884766
INFO:trainer_layer_backward:219.79975700378418
INFO:trainer_layer_backward:216.43495559692383
INFO:trainer_layer_backward:214.21504020690918
INFO:trainer_layer_backward:209.19513702392578
INFO:trainer_layer_backward:219.29669380187988
INFO:trainer_layer_backward:218.17326545715332
INFO:trainer_layer_backward:216.45617485046387
INFO:trainer_layer_backward:205.67893981933594
INFO:trainer_layer_backward:200.33669471740723
INFO:trainer_layer_backward:206.62450790405273
INFO:trainer_layer_backward:204.62632179260254
INFO:trainer_layer_backward:199.82051849365234
INFO:trainer_layer_backward:203.0036449432373
INFO:trainer_layer_backward:201.3256549835205
INFO:trainer_layer_backward:201.99251174926758
INFO:trainer_layer_backward:202.20685005187988
INFO:trainer_layer_backward:200.2565860748291
INFO:trainer_layer_backward:201.49993896484375
INFO:trainer_layer_backward:204.6034336090088
INFO:trainer_layer_backward:202.20685005187988
INFO:trainer_layer_backward:204.0538787841797
INFO:trainer_layer_backward:220.4279899597168
INFO:trainer_layer_backward:206.20250701904297
INFO:trainer_layer_backward:198.61912727355957
INFO:trainer_layer_backward:195.61362266540527
INFO:trainer_layer_backward:199.57590103149414
INFO:trainer_layer_backward:201.46846771240234
INFO:trainer_layer_backward:211.95626258850098
INFO:trainer_layer_backward:215.53301811218262
INFO:trainer_layer_backward:201.0669708251953
INFO:trainer_layer_backward:199.3391513824463
INFO:trainer_layer_backward:208.36853981018066
INFO:trainer_layer_backward:209.64598655700684
INFO:trainer_layer_backward:216.06779098510742
INFO:trainer_layer_backward:198.29797744750977
INFO:trainer_layer_backward:210.99376678466797
INFO:trainer_layer_backward:222.08714485168457
INFO:trainer_layer_backward:222.53060340881348
INFO:trainer_layer_backward:218.5816764831543
INFO:trainer_layer_backward:205.0151824951172
INFO:trainer_layer_backward:200.21462440490723
INFO:trainer_layer_backward:202.9714584350586
INFO:trainer_layer_backward:201.56264305114746
INFO:trainer_layer_backward:199.4936466217041
INFO:trainer_layer_backward:198.64916801452637
INFO:trainer_layer_backward:201.79080963134766
INFO:trainer_layer_backward:201.48181915283203
INFO:trainer_layer_backward:199.18060302734375
INFO:trainer_layer_backward:199.3269920349121
INFO:trainer_layer_backward:198.5166072845459
INFO:trainer_layer_backward:199.15127754211426
INFO:trainer_layer_backward:200.58703422546387
INFO:trainer_layer_backward:201.72643661499023
INFO:trainer_layer_backward:199.6450424194336
INFO:trainer_layer_backward:200.1478672027588
INFO:trainer_layer_backward:201.0669708251953
INFO:trainer_layer_backward:203.5200595855713
INFO:trainer_layer_backward:202.46577262878418
INFO:trainer_layer_backward:200.06704330444336
INFO:trainer_layer_backward:203.14478874206543
INFO:trainer_layer_backward:200.59823989868164
INFO:trainer_layer_backward:199.60427284240723
INFO:trainer_layer_backward:201.70092582702637
INFO:trainer_layer_backward:200.9720802307129
INFO:trainer_layer_backward:200.20747184753418
INFO:trainer_layer_backward:202.90160179138184
INFO:trainer_layer_backward:200.58274269104004
INFO:trainer_layer_backward:200.94704627990723
INFO:trainer_layer_backward:199.8438835144043
INFO:trainer_layer_backward:198.72117042541504
INFO:trainer_layer_backward:201.58791542053223
INFO:trainer_layer_backward:199.3415355682373
INFO:trainer_layer_backward:201.01237297058105
INFO:trainer_layer_backward:199.86534118652344
INFO:trainer_layer_backward:200.2100944519043
INFO:trainer_layer_backward:201.07245445251465
INFO:trainer_layer_backward:199.53560829162598
INFO:trainer_layer_backward:200.39844512939453
INFO:trainer_layer_backward:199.3706226348877
INFO:trainer_layer_backward:202.0406723022461
INFO:trainer_layer_backward:201.30491256713867
INFO:trainer_layer_backward:198.55642318725586
INFO:trainer_layer_backward:199.62739944458008
INFO:trainer_layer_backward:201.71856880187988
INFO:trainer_layer_backward:200.10852813720703
INFO:trainer_layer_backward:200.37174224853516
INFO:trainer_layer_backward:201.67160034179688
INFO:trainer_layer_backward:199.85389709472656
INFO:trainer_layer_backward:199.71895217895508
INFO:trainer_layer_backward:201.5993595123291
INFO:trainer_layer_backward:200.75654983520508
INFO:trainer_layer_backward:199.00059700012207
INFO:trainer_layer_backward:201.52664184570312
INFO:trainer_layer_backward:200.15788078308105
INFO:trainer_layer_backward:199.91564750671387
INFO:trainer_layer_backward:199.33629035949707
INFO:trainer_layer_backward:199.45192337036133
INFO:trainer_layer_backward:199.25498962402344
INFO:trainer_layer_backward:200.2265453338623
INFO:trainer_layer_backward:201.6298770904541
INFO:trainer_layer_backward:201.36260986328125
INFO:trainer_layer_backward:201.80892944335938
INFO:trainer_layer_backward:199.84674453735352
INFO:trainer_layer_backward:200.74462890625
INFO:trainer_layer_backward:200.8662223815918
INFO:trainer_layer_backward:201.31659507751465
INFO:trainer_layer_backward:200.5443572998047
INFO:trainer_layer_backward:201.19976997375488
INFO:trainer_layer_backward:201.86638832092285
INFO:trainer_layer_backward:199.62596893310547
INFO:trainer_layer_backward:201.39479637145996
INFO:trainer_layer_backward:220.1852798461914
INFO:trainer_layer_backward:219.53749656677246
INFO:trainer_layer_backward:217.44632720947266
INFO:trainer_layer_backward:214.42413330078125
INFO:trainer_layer_backward:215.7609462738037
INFO:trainer_layer_backward:198.95052909851074
INFO:trainer_layer_backward:200.4692554473877
INFO:trainer_layer_backward:201.60150527954102
INFO:trainer_layer_backward:201.36404037475586
INFO:trainer_layer_backward:198.9748477935791
INFO:trainer_layer_backward:198.64344596862793
INFO:trainer_layer_backward:209.47599411010742
INFO:trainer_layer_backward:203.26972007751465
INFO:trainer_layer_backward:210.1907730102539
INFO:trainer_layer_backward:200.07610321044922
INFO:trainer_layer_backward:220.84736824035645
INFO:trainer_layer_backward:221.4679718017578
INFO:trainer_layer_backward:224.8852252960205
INFO:trainer_layer_backward:216.84980392456055
INFO:trainer_layer_backward:200.1028060913086
INFO:trainer_layer_backward:201.0657787322998
INFO:trainer_layer_backward:199.60927963256836
INFO:trainer_layer_backward:201.09844207763672
INFO:trainer_layer_backward:202.41045951843262
INFO:trainer_layer_backward:200.02245903015137
INFO:trainer_layer_backward:199.59640502929688
INFO:trainer_layer_backward:199.5410919189453
INFO:trainer_layer_backward:199.0528106689453
INFO:trainer_layer_backward:203.48715782165527
INFO:trainer_layer_backward:199.61857795715332
INFO:trainer_layer_backward:202.1796703338623
INFO:trainer_layer_backward:199.6936798095703
INFO:trainer_layer_backward:198.74119758605957
INFO:trainer_layer_backward:198.7771987915039
INFO:trainer_layer_backward:199.80931282043457
INFO:trainer_layer_backward:199.59092140197754
INFO:trainer_layer_backward:199.46813583374023
INFO:trainer_layer_backward:199.40686225891113
INFO:trainer_layer_backward:201.2007236480713
INFO:trainer_layer_backward:200.26683807373047
INFO:trainer_layer_backward:199.22113418579102
INFO:trainer_layer_backward:201.53307914733887
INFO:trainer_layer_backward:201.45845413208008
INFO:trainer_layer_backward:203.93753051757812
INFO:trainer_layer_backward:200.67715644836426
INFO:trainer_layer_backward:200.0126838684082
INFO:trainer_layer_backward:201.399564743042
INFO:trainer_layer_backward:199.58829879760742
INFO:trainer_layer_backward:202.46458053588867
INFO:trainer_layer_backward:200.1962661743164
INFO:trainer_layer_backward:204.70476150512695
INFO:trainer_layer_backward:203.6421298980713
INFO:trainer_layer_backward:203.34196090698242
INFO:trainer_layer_backward:200.3152370452881
INFO:trainer_layer_backward:202.09574699401855
INFO:trainer_layer_backward:202.3918628692627
INFO:trainer_layer_backward:214.1430377960205
INFO:trainer_layer_backward:208.55093002319336
INFO:trainer_layer_backward:213.16242218017578
INFO:trainer_layer_backward:199.60832595825195
INFO:trainer_layer_backward:216.74633026123047
INFO:trainer_layer_backward:221.95863723754883
INFO:trainer_layer_backward:223.2801914215088
INFO:trainer_layer_backward:217.9877758026123
INFO:trainer_layer_backward:201.30491256713867
INFO:trainer_layer_backward:199.51200485229492
INFO:trainer_layer_backward:198.70567321777344
INFO:trainer_layer_backward:199.5713710784912
INFO:trainer_layer_backward:199.97596740722656
INFO:trainer_layer_backward:200.06585121154785
INFO:trainer_layer_backward:198.80127906799316
INFO:trainer_layer_backward:199.52774047851562
INFO:trainer_layer_backward:202.94737815856934
INFO:trainer_layer_backward:199.90301132202148
INFO:trainer_layer_backward:200.40082931518555
INFO:trainer_layer_backward:201.76959037780762
INFO:trainer_layer_backward:199.21517372131348
INFO:trainer_layer_backward:200.5605697631836
INFO:trainer_layer_backward:200.2241611480713
INFO:trainer_layer_backward:201.89929008483887
INFO:trainer_layer_backward:201.09200477600098
INFO:trainer_layer_backward:200.3152370452881
INFO:trainer_layer_backward:203.80115509033203
INFO:trainer_layer_backward:199.293851852417
INFO:trainer_layer_backward:200.27709007263184
INFO:trainer_layer_backward:199.68605041503906
INFO:trainer_layer_backward:200.76417922973633
INFO:trainer_layer_backward:200.2243995666504
INFO:trainer_layer_backward:199.56016540527344
INFO:trainer_layer_backward:205.65176010131836
INFO:trainer_layer_backward:220.2165126800537
INFO:trainer_layer_backward:221.86613082885742
INFO:trainer_layer_backward:218.21928024291992
INFO:trainer_layer_backward:219.3293571472168
INFO:trainer_layer_backward:215.82293510437012
INFO:trainer_layer_backward:201.51114463806152
INFO:trainer_layer_backward:213.8652801513672
INFO:trainer_layer_backward:211.03310585021973
INFO:trainer_layer_backward:206.4533233642578
INFO:trainer_layer_backward:199.16367530822754
INFO:trainer_layer_backward:221.56238555908203
INFO:trainer_layer_backward:221.62437438964844
INFO:trainer_layer_backward:222.53823280334473
INFO:trainer_layer_backward:216.37821197509766
INFO:trainer_layer_backward:200.8669376373291
INFO:trainer_layer_backward:201.34544372558594
INFO:trainer_layer_backward:198.77362251281738
INFO:trainer_layer_backward:200.14095306396484
INFO:trainer_layer_backward:201.58672332763672
INFO:trainer_layer_backward:200.42157173156738
INFO:trainer_layer_backward:200.59895515441895
INFO:trainer_layer_backward:199.32150840759277
INFO:trainer_layer_backward:200.54888725280762
INFO:trainer_layer_backward:201.04551315307617
INFO:trainer_layer_backward:200.87003707885742
INFO:trainer_layer_backward:202.71635055541992
INFO:trainer_layer_backward:199.77617263793945
INFO:trainer_layer_backward:200.55842399597168
INFO:trainer_layer_backward:200.54864883422852
INFO:trainer_layer_backward:200.4871368408203
INFO:trainer_layer_backward:199.10097122192383
INFO:trainer_layer_backward:200.3633975982666
INFO:trainer_layer_backward:199.34868812561035
INFO:trainer_layer_backward:199.3539333343506
INFO:trainer_layer_backward:200.7441520690918
INFO:trainer_layer_backward:200.19793510437012
INFO:trainer_layer_backward:201.22718811035156
INFO:trainer_layer_backward:200.44875144958496
INFO:trainer_layer_backward:198.83036613464355
INFO:trainer_layer_backward:201.0042667388916
INFO:trainer_layer_backward:200.18577575683594
INFO:trainer_layer_backward:199.20754432678223
INFO:trainer_layer_backward:200.98328590393066
INFO:trainer_layer_backward:200.21772384643555
INFO:trainer_layer_backward:200.53815841674805
INFO:trainer_layer_backward:202.02875137329102
INFO:trainer_layer_backward:199.27668571472168
INFO:trainer_layer_backward:200.56724548339844
INFO:trainer_layer_backward:201.54833793640137
INFO:trainer_layer_backward:201.6620635986328
INFO:trainer_layer_backward:200.82998275756836
INFO:trainer_layer_backward:199.40710067749023
INFO:trainer_layer_backward:199.62263107299805
INFO:trainer_layer_backward:200.08063316345215
INFO:trainer_layer_backward:202.08477973937988
INFO:trainer_layer_backward:199.53155517578125
INFO:trainer_layer_backward:200.36888122558594
INFO:trainer_layer_backward:200.93941688537598
INFO:trainer_layer_backward:202.162504196167
INFO:trainer_layer_backward:199.74565505981445
INFO:trainer_layer_backward:200.5157470703125
INFO:trainer_layer_backward:199.76091384887695
INFO:trainer_layer_backward:199.36609268188477
INFO:trainer_layer_backward:202.6808261871338
INFO:trainer_layer_backward:200.69551467895508
INFO:trainer_layer_backward:199.02920722961426
INFO:trainer_layer_backward:200.4704475402832
INFO:trainer_layer_backward:201.46989822387695
INFO:trainer_layer_backward:200.26731491088867
INFO:trainer_layer_backward:200.5295753479004
INFO:trainer_layer_backward:199.85389709472656
INFO:trainer_layer_backward:200.03819465637207
INFO:trainer_layer_backward:201.4312744140625
INFO:trainer_layer_backward:203.80830764770508
INFO:trainer_layer_backward:199.8882293701172
INFO:trainer_layer_backward:199.82194900512695
INFO:trainer_layer_backward:200.6058692932129
INFO:trainer_layer_backward:199.95594024658203
INFO:trainer_layer_backward:199.80692863464355
INFO:trainer_layer_backward:200.1779079437256
INFO:trainer_layer_backward:199.15366172790527
INFO:trainer_layer_backward:201.39098167419434
INFO:trainer_layer_backward:200.5448341369629
INFO:trainer_layer_backward:199.13721084594727
INFO:trainer_layer_backward:200.04844665527344
INFO:trainer_layer_backward:202.23617553710938
INFO:trainer_layer_backward:199.53060150146484
INFO:trainer_layer_backward:199.66983795166016
INFO:trainer_layer_backward:202.13747024536133
INFO:trainer_layer_backward:199.33223724365234
INFO:trainer_layer_backward:199.68628883361816
INFO:trainer_layer_backward:201.18069648742676
INFO:trainer_layer_backward:199.27453994750977
INFO:trainer_layer_backward:198.79961013793945
INFO:trainer_layer_backward:200.58512687683105
INFO:trainer_layer_backward:199.85723495483398
INFO:trainer_layer_backward:200.19888877868652
INFO:trainer_layer_backward:201.47991180419922
INFO:trainer_layer_backward:199.28908348083496
INFO:trainer_layer_backward:199.53584671020508
INFO:trainer_layer_backward:200.02388954162598
INFO:trainer_layer_backward:199.631929397583
INFO:trainer_layer_backward:200.77753067016602
INFO:trainer_layer_backward:200.35529136657715
INFO:trainer_layer_backward:201.60675048828125
INFO:trainer_layer_backward:199.71847534179688
INFO:trainer_layer_backward:199.9208927154541
INFO:trainer_layer_backward:201.41267776489258
INFO:trainer_layer_backward:199.95355606079102
INFO:trainer_layer_backward:201.94506645202637
INFO:trainer_layer_backward:201.67922973632812
INFO:trainer_layer_backward:199.20825958251953
INFO:trainer_layer_backward:199.8915672302246
INFO:trainer_layer_backward:200.03652572631836
INFO:trainer_layer_backward:201.80511474609375
INFO:trainer_layer_backward:200.30570030212402
INFO:trainer_layer_backward:203.2604217529297
INFO:trainer_layer_backward:199.54800605773926
INFO:trainer_layer_backward:201.45869255065918
INFO:trainer_layer_backward:200.60205459594727
INFO:trainer_layer_backward:200.14333724975586
INFO:trainer_layer_backward:200.19197463989258
INFO:trainer_layer_backward:202.225923538208
INFO:trainer_layer_backward:198.8699436187744
INFO:trainer_layer_backward:201.1423110961914
INFO:trainer_layer_backward:199.5241641998291
INFO:trainer_layer_backward:200.27899742126465
INFO:trainer_layer_backward:201.8129825592041
INFO:trainer_layer_backward:200.42705535888672
INFO:trainer_layer_backward:201.7371654510498
INFO:trainer_layer_backward:200.25038719177246
INFO:trainer_layer_backward:199.25713539123535
INFO:trainer_layer_backward:200.13141632080078
INFO:trainer_layer_backward:199.91564750671387
INFO:trainer_layer_backward:199.75042343139648
INFO:trainer_layer_backward:200.5934715270996
INFO:trainer_layer_backward:199.97930526733398
INFO:trainer_layer_backward:202.17633247375488
INFO:trainer_layer_backward:199.23138618469238
INFO:trainer_layer_backward:200.5314826965332
INFO:trainer_layer_backward:200.14572143554688
INFO:trainer_layer_backward:199.80406761169434
INFO:trainer_layer_backward:201.00975036621094
INFO:trainer_layer_backward:200.62255859375
INFO:trainer_layer_backward:201.14469528198242
INFO:trainer_layer_backward:199.19133186340332
INFO:trainer_layer_backward:199.93853569030762
INFO:trainer_layer_backward:199.4001865386963
INFO:trainer_layer_backward:201.74503326416016
INFO:trainer_layer_backward:200.20151138305664
INFO:trainer_layer_backward:198.74310493469238
INFO:trainer_layer_backward:198.76742362976074
INFO:trainer_layer_backward:200.64401626586914
INFO:trainer_layer_backward:199.65362548828125
INFO:trainer_layer_backward:201.48968696594238
INFO:trainer_layer_backward:201.16329193115234
INFO:trainer_layer_backward:199.94258880615234
INFO:trainer_layer_backward:199.31364059448242
INFO:trainer_layer_backward:203.4890651702881
INFO:trainer_layer_backward:200.8063793182373
INFO:trainer_layer_backward:200.14309883117676
INFO:trainer_layer_backward:201.25913619995117
INFO:trainer_layer_backward:201.53284072875977
INFO:trainer_layer_backward:200.23655891418457
INFO:trainer_layer_backward:201.7059326171875
INFO:trainer_layer_backward:199.65147972106934
INFO:trainer_layer_backward:199.36323165893555
INFO:trainer_layer_backward:200.6855010986328
INFO:trainer_layer_backward:199.56612586975098
INFO:trainer_layer_backward:200.36983489990234
INFO:trainer_layer_backward:200.73390007019043
INFO:trainer_layer_backward:202.04997062683105
INFO:trainer_layer_backward:200.1328468322754
INFO:trainer_layer_backward:200.68120956420898
INFO:trainer_layer_backward:200.7913589477539
INFO:trainer_layer_backward:200.32691955566406
INFO:trainer_layer_backward:202.44836807250977
INFO:trainer_layer_backward:198.82559776306152
INFO:trainer_layer_backward:200.97017288208008
INFO:trainer_layer_backward:201.86972618103027
INFO:trainer_layer_backward:201.29990577697754
INFO:trainer_layer_backward:200.64735412597656
INFO:trainer_layer_backward:200.40583610534668
INFO:trainer_layer_backward:199.68676567077637
INFO:trainer_layer_backward:201.0045051574707
INFO:trainer_layer_backward:200.63114166259766
INFO:trainer_layer_backward:200.64735412597656
INFO:trainer_layer_backward:200.54221153259277
INFO:trainer_layer_backward:199.95713233947754
INFO:trainer_layer_backward:200.38270950317383
INFO:trainer_layer_backward:200.66332817077637
INFO:trainer_layer_backward:201.5969753265381
INFO:trainer_layer_backward:199.876070022583
INFO:trainer_layer_backward:201.0362148284912
INFO:trainer_layer_backward:201.09081268310547
INFO:trainer_layer_backward:199.9509334564209
INFO:trainer_layer_backward:200.07038116455078
INFO:trainer_layer_backward:199.94807243347168
INFO:trainer_layer_backward:200.51240921020508
INFO:trainer_layer_backward:201.59101486206055
INFO:trainer_layer_backward:200.4411220550537
INFO:trainer_layer_backward:200.55222511291504
INFO:trainer_layer_backward:200.2429962158203
INFO:trainer_layer_backward:202.1961212158203
INFO:trainer_layer_backward:200.91724395751953
INFO:trainer_layer_backward:200.72126388549805
INFO:trainer_layer_backward:200.86169242858887
INFO:trainer_layer_backward:199.737548828125
INFO:trainer_layer_backward:201.31349563598633
INFO:trainer_layer_backward:199.34725761413574
INFO:trainer_layer_backward:202.07452774047852
INFO:trainer_layer_backward:199.9967098236084
INFO:trainer_layer_backward:201.8105983734131
INFO:trainer_layer_backward:199.94521141052246
INFO:trainer_layer_backward:201.2162208557129
INFO:trainer_layer_backward:199.35035705566406
INFO:trainer_layer_backward:199.91660118103027
INFO:trainer_layer_backward:199.85604286193848
INFO:trainer_layer_backward:200.62828063964844
INFO:trainer_layer_backward:199.24211502075195
INFO:trainer_layer_backward:201.63869857788086
INFO:trainer_layer_backward:201.98321342468262
INFO:trainer_layer_backward:200.6988525390625
INFO:trainer_layer_backward:200.18267631530762
INFO:trainer_layer_backward:204.27584648132324
INFO:trainer_layer_backward:200.6213665008545
INFO:trainer_layer_backward:202.03900337219238
INFO:trainer_layer_backward:200.97637176513672
INFO:trainer_layer_backward:200.6685733795166
INFO:trainer_layer_backward:199.62692260742188
INFO:trainer_layer_backward:199.92971420288086
INFO:trainer_layer_backward:200.52742958068848
INFO:trainer_layer_backward:200.47926902770996
INFO:trainer_layer_backward:200.6533145904541
INFO:trainer_layer_backward:200.46043395996094
INFO:trainer_layer_backward:201.57909393310547
INFO:trainer_layer_backward:199.50270652770996
INFO:trainer_layer_backward:201.8415927886963
INFO:trainer_layer_backward:200.97875595092773
INFO:trainer_layer_backward:200.37102699279785
INFO:trainer_layer_backward:200.17671585083008
INFO:trainer_layer_backward:201.08652114868164
INFO:trainer_layer_backward:199.25165176391602
INFO:trainer_layer_backward:202.6364803314209
INFO:trainer_layer_backward:199.296236038208
INFO:trainer_layer_backward:198.82655143737793
INFO:trainer_layer_backward:200.64496994018555
INFO:trainer_layer_backward:200.927734375
INFO:trainer_layer_backward:201.36356353759766
INFO:trainer_layer_backward:200.69432258605957
INFO:trainer_layer_backward:199.3408203125
INFO:trainer_layer_backward:198.76551628112793
INFO:trainer_layer_backward:199.0666389465332
INFO:trainer_layer_backward:200.2887725830078
INFO:trainer_layer_backward:200.81686973571777
INFO:trainer_layer_backward:200.88744163513184
INFO:trainer_layer_backward:200.64043998718262
INFO:trainer_layer_backward:199.448823928833
INFO:trainer_layer_backward:199.18441772460938
INFO:trainer_layer_backward:201.08890533447266
INFO:trainer_layer_backward:200.92368125915527
INFO:trainer_layer_backward:200.0753879547119
INFO:trainer_layer_backward:201.7688751220703
INFO:trainer_layer_backward:199.631929397583
INFO:trainer_layer_backward:199.44453239440918
INFO:trainer_layer_backward:200.97041130065918
INFO:trainer_layer_backward:200.06251335144043
INFO:trainer_layer_backward:200.98400115966797
INFO:trainer_layer_backward:201.35760307312012
INFO:trainer_layer_backward:198.90952110290527
INFO:trainer_layer_backward:200.5772590637207
INFO:trainer_layer_backward:199.6171474456787
INFO:trainer_layer_backward:200.80924034118652
INFO:trainer_layer_backward:200.39916038513184
INFO:trainer_layer_backward:200.12450218200684
INFO:trainer_layer_backward:200.98567008972168
INFO:trainer_layer_backward:199.68128204345703
INFO:trainer_layer_backward:199.29838180541992
INFO:trainer_layer_backward:200.8984088897705
INFO:trainer_layer_backward:200.1330852508545
