INFO:trainer_layer_backward:FFT_CNNEx | mnist
INFO:trainer_layer_backward:in_size : 1024 | epochs : 1 | batch : 1
INFO:trainer_layer_backward:kernel_l1 : 513 | 
INFO:trainer_layer_backward:o_channels_l1 : 20 | 
INFO:trainer_layer_backward:learn_num_train : 1000 | learn_num_validate : 0 
INFO:trainer_layer_backward::::::::::::::::::::::::::::::::::::::::::::::::::::::::::::
INFO:trainer_layer_backward:message : FFT_conv1 
INFO:trainer_layer_backward::::::::::::::::::::::::::::::::::::::::::::::::::::::::::::
INFO:trainer_layer_backward:Ave_Time : 89.79111801494251
INFO:trainer_layer_backward::::::::::::::::::::::::::::::::::::::::::::::::::::::::::::
INFO:trainer_layer_backward:88.15765380859375
INFO:trainer_layer_backward:88.30475807189941
INFO:trainer_layer_backward:88.95564079284668
INFO:trainer_layer_backward:88.05012702941895
INFO:trainer_layer_backward:88.4702205657959
INFO:trainer_layer_backward:87.39018440246582
INFO:trainer_layer_backward:89.51926231384277
INFO:trainer_layer_backward:87.39614486694336
INFO:trainer_layer_backward:93.69897842407227
INFO:trainer_layer_backward:96.86589241027832
INFO:trainer_layer_backward:99.18737411499023
INFO:trainer_layer_backward:93.58930587768555
INFO:trainer_layer_backward:92.75412559509277
INFO:trainer_layer_backward:93.71089935302734
INFO:trainer_layer_backward:88.72818946838379
INFO:trainer_layer_backward:88.06395530700684
INFO:trainer_layer_backward:88.00435066223145
INFO:trainer_layer_backward:88.67383003234863
INFO:trainer_layer_backward:89.67852592468262
INFO:trainer_layer_backward:88.72723579406738
INFO:trainer_layer_backward:88.59610557556152
INFO:trainer_layer_backward:88.66310119628906
INFO:trainer_layer_backward:87.68010139465332
INFO:trainer_layer_backward:88.54269981384277
INFO:trainer_layer_backward:87.41235733032227
INFO:trainer_layer_backward:89.23029899597168
INFO:trainer_layer_backward:88.3948802947998
INFO:trainer_layer_backward:96.56143188476562
INFO:trainer_layer_backward:90.90447425842285
INFO:trainer_layer_backward:88.05632591247559
INFO:trainer_layer_backward:88.56654167175293
INFO:trainer_layer_backward:90.03877639770508
INFO:trainer_layer_backward:89.18380737304688
INFO:trainer_layer_backward:88.03439140319824
INFO:trainer_layer_backward:90.18874168395996
INFO:trainer_layer_backward:88.38748931884766
INFO:trainer_layer_backward:88.97542953491211
INFO:trainer_layer_backward:88.96851539611816
INFO:trainer_layer_backward:88.85502815246582
INFO:trainer_layer_backward:88.67120742797852
INFO:trainer_layer_backward:89.31279182434082
INFO:trainer_layer_backward:88.98353576660156
INFO:trainer_layer_backward:89.83898162841797
INFO:trainer_layer_backward:88.2713794708252
INFO:trainer_layer_backward:89.13183212280273
INFO:trainer_layer_backward:92.6675796508789
INFO:trainer_layer_backward:90.7735824584961
INFO:trainer_layer_backward:89.1566276550293
INFO:trainer_layer_backward:88.90795707702637
INFO:trainer_layer_backward:89.1730785369873
INFO:trainer_layer_backward:88.49763870239258
INFO:trainer_layer_backward:89.62082862854004
INFO:trainer_layer_backward:88.75918388366699
INFO:trainer_layer_backward:89.44940567016602
INFO:trainer_layer_backward:88.45996856689453
INFO:trainer_layer_backward:89.10131454467773
INFO:trainer_layer_backward:89.15376663208008
INFO:trainer_layer_backward:90.96503257751465
INFO:trainer_layer_backward:91.61591529846191
INFO:trainer_layer_backward:88.89889717102051
INFO:trainer_layer_backward:90.1188850402832
INFO:trainer_layer_backward:90.54088592529297
INFO:trainer_layer_backward:89.4472599029541
INFO:trainer_layer_backward:89.16950225830078
INFO:trainer_layer_backward:89.24579620361328
INFO:trainer_layer_backward:88.9902114868164
INFO:trainer_layer_backward:89.45012092590332
INFO:trainer_layer_backward:90.50273895263672
INFO:trainer_layer_backward:89.81204032897949
INFO:trainer_layer_backward:90.9578800201416
INFO:trainer_layer_backward:88.89937400817871
INFO:trainer_layer_backward:89.73956108093262
INFO:trainer_layer_backward:89.0963077545166
INFO:trainer_layer_backward:89.77484703063965
INFO:trainer_layer_backward:88.92297744750977
INFO:trainer_layer_backward:89.22123908996582
INFO:trainer_layer_backward:89.43748474121094
INFO:trainer_layer_backward:89.09916877746582
INFO:trainer_layer_backward:88.69099617004395
INFO:trainer_layer_backward:89.82729911804199
INFO:trainer_layer_backward:92.88525581359863
INFO:trainer_layer_backward:91.0482406616211
INFO:trainer_layer_backward:89.69950675964355
INFO:trainer_layer_backward:92.64206886291504
INFO:trainer_layer_backward:89.5988941192627
INFO:trainer_layer_backward:88.09304237365723
INFO:trainer_layer_backward:88.83380889892578
INFO:trainer_layer_backward:89.43843841552734
INFO:trainer_layer_backward:89.04886245727539
INFO:trainer_layer_backward:89.45989608764648
INFO:trainer_layer_backward:89.65396881103516
INFO:trainer_layer_backward:89.00642395019531
INFO:trainer_layer_backward:89.23935890197754
INFO:trainer_layer_backward:88.60206604003906
INFO:trainer_layer_backward:89.23721313476562
INFO:trainer_layer_backward:90.05475044250488
INFO:trainer_layer_backward:89.19715881347656
INFO:trainer_layer_backward:89.50471878051758
INFO:trainer_layer_backward:89.27655220031738
INFO:trainer_layer_backward:89.82396125793457
INFO:trainer_layer_backward:89.16759490966797
INFO:trainer_layer_backward:90.1496410369873
INFO:trainer_layer_backward:89.0352725982666
INFO:trainer_layer_backward:89.27297592163086
INFO:trainer_layer_backward:89.20764923095703
INFO:trainer_layer_backward:89.31732177734375
INFO:trainer_layer_backward:88.99784088134766
INFO:trainer_layer_backward:89.46681022644043
INFO:trainer_layer_backward:88.89317512512207
INFO:trainer_layer_backward:89.83874320983887
INFO:trainer_layer_backward:89.13969993591309
INFO:trainer_layer_backward:89.97893333435059
INFO:trainer_layer_backward:89.84661102294922
INFO:trainer_layer_backward:95.88313102722168
INFO:trainer_layer_backward:89.19429779052734
INFO:trainer_layer_backward:88.61994743347168
INFO:trainer_layer_backward:92.36907958984375
INFO:trainer_layer_backward:89.56670761108398
INFO:trainer_layer_backward:89.40482139587402
INFO:trainer_layer_backward:89.03765678405762
INFO:trainer_layer_backward:89.08724784851074
INFO:trainer_layer_backward:89.71428871154785
INFO:trainer_layer_backward:89.24460411071777
INFO:trainer_layer_backward:89.33782577514648
INFO:trainer_layer_backward:88.6080265045166
INFO:trainer_layer_backward:89.49851989746094
INFO:trainer_layer_backward:89.2341136932373
INFO:trainer_layer_backward:89.59722518920898
INFO:trainer_layer_backward:90.30938148498535
INFO:trainer_layer_backward:93.97768974304199
INFO:trainer_layer_backward:90.20352363586426
INFO:trainer_layer_backward:89.21599388122559
INFO:trainer_layer_backward:89.59507942199707
INFO:trainer_layer_backward:89.53094482421875
INFO:trainer_layer_backward:90.06333351135254
INFO:trainer_layer_backward:89.16616439819336
INFO:trainer_layer_backward:89.86330032348633
INFO:trainer_layer_backward:88.99903297424316
INFO:trainer_layer_backward:89.35904502868652
INFO:trainer_layer_backward:88.60230445861816
INFO:trainer_layer_backward:89.43939208984375
INFO:trainer_layer_backward:88.54198455810547
INFO:trainer_layer_backward:89.1263484954834
INFO:trainer_layer_backward:88.87863159179688
INFO:trainer_layer_backward:89.39528465270996
INFO:trainer_layer_backward:88.79995346069336
INFO:trainer_layer_backward:88.77372741699219
INFO:trainer_layer_backward:88.75608444213867
INFO:trainer_layer_backward:89.39766883850098
INFO:trainer_layer_backward:89.3242359161377
INFO:trainer_layer_backward:89.08247947692871
INFO:trainer_layer_backward:89.19668197631836
INFO:trainer_layer_backward:88.9892578125
INFO:trainer_layer_backward:88.78755569458008
INFO:trainer_layer_backward:94.77114677429199
INFO:trainer_layer_backward:90.72160720825195
INFO:trainer_layer_backward:94.80571746826172
INFO:trainer_layer_backward:90.86322784423828
INFO:trainer_layer_backward:88.58871459960938
INFO:trainer_layer_backward:87.5859260559082
INFO:trainer_layer_backward:90.86394309997559
INFO:trainer_layer_backward:89.13183212280273
INFO:trainer_layer_backward:87.85748481750488
INFO:trainer_layer_backward:89.63990211486816
INFO:trainer_layer_backward:87.93950080871582
INFO:trainer_layer_backward:93.18971633911133
INFO:trainer_layer_backward:90.83676338195801
INFO:trainer_layer_backward:87.75091171264648
INFO:trainer_layer_backward:87.54563331604004
INFO:trainer_layer_backward:88.75799179077148
INFO:trainer_layer_backward:90.08336067199707
INFO:trainer_layer_backward:88.83452415466309
INFO:trainer_layer_backward:88.69028091430664
INFO:trainer_layer_backward:88.95397186279297
INFO:trainer_layer_backward:87.72134780883789
INFO:trainer_layer_backward:90.51942825317383
INFO:trainer_layer_backward:87.6321792602539
INFO:trainer_layer_backward:88.75751495361328
INFO:trainer_layer_backward:88.32788467407227
INFO:trainer_layer_backward:88.5317325592041
INFO:trainer_layer_backward:90.27671813964844
INFO:trainer_layer_backward:91.74180030822754
INFO:trainer_layer_backward:88.65237236022949
INFO:trainer_layer_backward:89.73050117492676
INFO:trainer_layer_backward:92.76390075683594
INFO:trainer_layer_backward:89.2951488494873
INFO:trainer_layer_backward:89.44892883300781
INFO:trainer_layer_backward:88.72079849243164
INFO:trainer_layer_backward:90.92521667480469
INFO:trainer_layer_backward:89.72382545471191
INFO:trainer_layer_backward:88.68408203125
INFO:trainer_layer_backward:92.77486801147461
INFO:trainer_layer_backward:91.19153022766113
INFO:trainer_layer_backward:94.95806694030762
INFO:trainer_layer_backward:89.86377716064453
INFO:trainer_layer_backward:90.35444259643555
INFO:trainer_layer_backward:87.65602111816406
INFO:trainer_layer_backward:87.72611618041992
INFO:trainer_layer_backward:88.95158767700195
INFO:trainer_layer_backward:88.1032943725586
INFO:trainer_layer_backward:94.09379959106445
INFO:trainer_layer_backward:88.93108367919922
INFO:trainer_layer_backward:90.12961387634277
INFO:trainer_layer_backward:90.44051170349121
INFO:trainer_layer_backward:89.66541290283203
INFO:trainer_layer_backward:92.05460548400879
INFO:trainer_layer_backward:88.96946907043457
INFO:trainer_layer_backward:88.40107917785645
INFO:trainer_layer_backward:88.70434761047363
INFO:trainer_layer_backward:88.13786506652832
INFO:trainer_layer_backward:88.67502212524414
INFO:trainer_layer_backward:88.96040916442871
INFO:trainer_layer_backward:88.70863914489746
INFO:trainer_layer_backward:89.55812454223633
INFO:trainer_layer_backward:90.54398536682129
INFO:trainer_layer_backward:89.32995796203613
INFO:trainer_layer_backward:92.82612800598145
INFO:trainer_layer_backward:89.2174243927002
INFO:trainer_layer_backward:89.53523635864258
INFO:trainer_layer_backward:89.04409408569336
INFO:trainer_layer_backward:91.39871597290039
INFO:trainer_layer_backward:89.35070037841797
INFO:trainer_layer_backward:89.34497833251953
INFO:trainer_layer_backward:88.17362785339355
INFO:trainer_layer_backward:89.07341957092285
INFO:trainer_layer_backward:90.91901779174805
INFO:trainer_layer_backward:85.418701171875
INFO:trainer_layer_backward:88.35220336914062
INFO:trainer_layer_backward:89.60914611816406
INFO:trainer_layer_backward:88.99521827697754
INFO:trainer_layer_backward:89.3549919128418
INFO:trainer_layer_backward:89.3409252166748
INFO:trainer_layer_backward:88.91677856445312
INFO:trainer_layer_backward:88.7918472290039
INFO:trainer_layer_backward:91.30644798278809
INFO:trainer_layer_backward:89.07961845397949
INFO:trainer_layer_backward:92.08226203918457
INFO:trainer_layer_backward:91.46904945373535
INFO:trainer_layer_backward:88.87290954589844
INFO:trainer_layer_backward:88.9749526977539
INFO:trainer_layer_backward:94.81120109558105
INFO:trainer_layer_backward:89.36905860900879
INFO:trainer_layer_backward:90.65818786621094
INFO:trainer_layer_backward:89.57839012145996
INFO:trainer_layer_backward:89.35904502868652
INFO:trainer_layer_backward:88.77706527709961
INFO:trainer_layer_backward:89.04623985290527
INFO:trainer_layer_backward:91.14766120910645
INFO:trainer_layer_backward:89.02907371520996
INFO:trainer_layer_backward:91.55821800231934
INFO:trainer_layer_backward:88.76490592956543
INFO:trainer_layer_backward:88.7763500213623
INFO:trainer_layer_backward:92.90862083435059
INFO:trainer_layer_backward:89.15567398071289
INFO:trainer_layer_backward:92.0724868774414
INFO:trainer_layer_backward:94.0392017364502
INFO:trainer_layer_backward:91.19105339050293
INFO:trainer_layer_backward:92.72098541259766
INFO:trainer_layer_backward:90.29793739318848
INFO:trainer_layer_backward:93.7204360961914
INFO:trainer_layer_backward:92.37265586853027
INFO:trainer_layer_backward:91.24112129211426
INFO:trainer_layer_backward:89.35213088989258
INFO:trainer_layer_backward:93.24383735656738
INFO:trainer_layer_backward:92.38147735595703
INFO:trainer_layer_backward:91.5524959564209
INFO:trainer_layer_backward:91.23563766479492
INFO:trainer_layer_backward:92.41366386413574
INFO:trainer_layer_backward:91.08853340148926
INFO:trainer_layer_backward:92.77820587158203
INFO:trainer_layer_backward:91.1552906036377
INFO:trainer_layer_backward:92.1633243560791
INFO:trainer_layer_backward:89.54453468322754
INFO:trainer_layer_backward:90.13175964355469
INFO:trainer_layer_backward:89.90359306335449
INFO:trainer_layer_backward:89.45965766906738
INFO:trainer_layer_backward:89.9660587310791
INFO:trainer_layer_backward:87.96548843383789
INFO:trainer_layer_backward:95.2463150024414
INFO:trainer_layer_backward:88.89889717102051
INFO:trainer_layer_backward:88.5474681854248
INFO:trainer_layer_backward:89.7824764251709
INFO:trainer_layer_backward:93.9643383026123
INFO:trainer_layer_backward:91.87173843383789
INFO:trainer_layer_backward:88.96136283874512
INFO:trainer_layer_backward:88.3946418762207
INFO:trainer_layer_backward:92.31305122375488
INFO:trainer_layer_backward:89.28442001342773
INFO:trainer_layer_backward:88.7441635131836
INFO:trainer_layer_backward:87.6607894897461
INFO:trainer_layer_backward:88.65833282470703
INFO:trainer_layer_backward:88.88840675354004
INFO:trainer_layer_backward:91.01581573486328
INFO:trainer_layer_backward:87.40711212158203
INFO:trainer_layer_backward:88.44685554504395
INFO:trainer_layer_backward:89.27059173583984
INFO:trainer_layer_backward:90.20233154296875
INFO:trainer_layer_backward:91.29047393798828
INFO:trainer_layer_backward:88.85884284973145
INFO:trainer_layer_backward:89.2801284790039
INFO:trainer_layer_backward:88.36722373962402
INFO:trainer_layer_backward:91.19558334350586
INFO:trainer_layer_backward:88.75918388366699
INFO:trainer_layer_backward:90.8198356628418
INFO:trainer_layer_backward:89.16330337524414
INFO:trainer_layer_backward:90.74091911315918
INFO:trainer_layer_backward:89.82014656066895
INFO:trainer_layer_backward:88.5317325592041
INFO:trainer_layer_backward:91.28952026367188
INFO:trainer_layer_backward:89.33115005493164
INFO:trainer_layer_backward:91.16530418395996
INFO:trainer_layer_backward:90.89398384094238
INFO:trainer_layer_backward:93.12009811401367
INFO:trainer_layer_backward:99.18785095214844
INFO:trainer_layer_backward:94.90370750427246
INFO:trainer_layer_backward:94.50960159301758
INFO:trainer_layer_backward:94.79475021362305
INFO:trainer_layer_backward:94.70820426940918
INFO:trainer_layer_backward:94.47360038757324
INFO:trainer_layer_backward:89.02621269226074
INFO:trainer_layer_backward:89.13826942443848
INFO:trainer_layer_backward:89.24245834350586
INFO:trainer_layer_backward:88.80472183227539
INFO:trainer_layer_backward:88.89484405517578
INFO:trainer_layer_backward:89.0188217163086
INFO:trainer_layer_backward:88.46879005432129
INFO:trainer_layer_backward:89.08820152282715
INFO:trainer_layer_backward:88.86384963989258
INFO:trainer_layer_backward:89.20931816101074
INFO:trainer_layer_backward:88.76681327819824
INFO:trainer_layer_backward:88.91034126281738
INFO:trainer_layer_backward:89.15400505065918
INFO:trainer_layer_backward:88.2422924041748
INFO:trainer_layer_backward:89.68877792358398
INFO:trainer_layer_backward:88.22822570800781
INFO:trainer_layer_backward:89.02263641357422
INFO:trainer_layer_backward:88.98472785949707
INFO:trainer_layer_backward:88.86837959289551
INFO:trainer_layer_backward:88.85884284973145
INFO:trainer_layer_backward:89.21480178833008
INFO:trainer_layer_backward:88.61207962036133
INFO:trainer_layer_backward:89.07771110534668
INFO:trainer_layer_backward:88.51981163024902
INFO:trainer_layer_backward:89.41650390625
INFO:trainer_layer_backward:89.51950073242188
INFO:trainer_layer_backward:88.86408805847168
INFO:trainer_layer_backward:88.94228935241699
INFO:trainer_layer_backward:89.04004096984863
INFO:trainer_layer_backward:88.81759643554688
INFO:trainer_layer_backward:89.09153938293457
INFO:trainer_layer_backward:89.6306037902832
INFO:trainer_layer_backward:89.46561813354492
INFO:trainer_layer_backward:89.09058570861816
INFO:trainer_layer_backward:88.47975730895996
INFO:trainer_layer_backward:88.20271492004395
INFO:trainer_layer_backward:88.99712562561035
INFO:trainer_layer_backward:88.56749534606934
INFO:trainer_layer_backward:89.47229385375977
INFO:trainer_layer_backward:89.6310806274414
INFO:trainer_layer_backward:89.7667407989502
INFO:trainer_layer_backward:89.94221687316895
INFO:trainer_layer_backward:89.25580978393555
INFO:trainer_layer_backward:88.61207962036133
INFO:trainer_layer_backward:88.49096298217773
INFO:trainer_layer_backward:89.74814414978027
INFO:trainer_layer_backward:89.03288841247559
INFO:trainer_layer_backward:89.98847007751465
INFO:trainer_layer_backward:99.96819496154785
INFO:trainer_layer_backward:95.8547592163086
INFO:trainer_layer_backward:93.69778633117676
INFO:trainer_layer_backward:88.2558822631836
INFO:trainer_layer_backward:90.57068824768066
INFO:trainer_layer_backward:90.7292366027832
INFO:trainer_layer_backward:88.43207359313965
INFO:trainer_layer_backward:87.69869804382324
INFO:trainer_layer_backward:88.81926536560059
INFO:trainer_layer_backward:89.9512767791748
INFO:trainer_layer_backward:88.82975578308105
INFO:trainer_layer_backward:87.7537727355957
INFO:trainer_layer_backward:88.92178535461426
INFO:trainer_layer_backward:89.2789363861084
INFO:trainer_layer_backward:88.70816230773926
INFO:trainer_layer_backward:87.78119087219238
INFO:trainer_layer_backward:90.87562561035156
INFO:trainer_layer_backward:88.6983871459961
INFO:trainer_layer_backward:90.31152725219727
INFO:trainer_layer_backward:88.5009765625
INFO:trainer_layer_backward:87.63766288757324
INFO:trainer_layer_backward:87.7389907836914
INFO:trainer_layer_backward:90.69108963012695
INFO:trainer_layer_backward:89.59817886352539
INFO:trainer_layer_backward:88.52815628051758
INFO:trainer_layer_backward:89.28370475769043
INFO:trainer_layer_backward:88.74702453613281
INFO:trainer_layer_backward:91.3534164428711
INFO:trainer_layer_backward:89.18261528015137
INFO:trainer_layer_backward:89.45989608764648
INFO:trainer_layer_backward:89.7831916809082
INFO:trainer_layer_backward:89.4169807434082
INFO:trainer_layer_backward:89.94150161743164
INFO:trainer_layer_backward:89.42699432373047
INFO:trainer_layer_backward:88.67168426513672
INFO:trainer_layer_backward:90.1954174041748
INFO:trainer_layer_backward:89.12324905395508
INFO:trainer_layer_backward:94.47121620178223
INFO:trainer_layer_backward:94.70939636230469
INFO:trainer_layer_backward:95.11089324951172
INFO:trainer_layer_backward:94.58160400390625
INFO:trainer_layer_backward:95.07513046264648
INFO:trainer_layer_backward:94.71750259399414
INFO:trainer_layer_backward:94.86126899719238
INFO:trainer_layer_backward:90.09671211242676
INFO:trainer_layer_backward:90.88873863220215
INFO:trainer_layer_backward:89.58292007446289
INFO:trainer_layer_backward:88.69695663452148
INFO:trainer_layer_backward:89.54834938049316
INFO:trainer_layer_backward:90.4996395111084
INFO:trainer_layer_backward:89.90287780761719
INFO:trainer_layer_backward:89.70069885253906
INFO:trainer_layer_backward:88.83833885192871
INFO:trainer_layer_backward:88.67287635803223
INFO:trainer_layer_backward:93.02091598510742
INFO:trainer_layer_backward:89.86163139343262
INFO:trainer_layer_backward:90.49677848815918
INFO:trainer_layer_backward:89.39218521118164
INFO:trainer_layer_backward:88.28163146972656
INFO:trainer_layer_backward:91.28451347351074
INFO:trainer_layer_backward:90.97695350646973
INFO:trainer_layer_backward:89.25080299377441
INFO:trainer_layer_backward:91.66240692138672
INFO:trainer_layer_backward:92.8952693939209
INFO:trainer_layer_backward:89.36500549316406
INFO:trainer_layer_backward:90.99650382995605
INFO:trainer_layer_backward:89.36548233032227
INFO:trainer_layer_backward:89.48349952697754
INFO:trainer_layer_backward:90.73710441589355
INFO:trainer_layer_backward:89.29061889648438
INFO:trainer_layer_backward:89.25914764404297
INFO:trainer_layer_backward:94.92969512939453
INFO:trainer_layer_backward:93.75238418579102
INFO:trainer_layer_backward:89.14756774902344
INFO:trainer_layer_backward:88.89961242675781
INFO:trainer_layer_backward:89.5695686340332
INFO:trainer_layer_backward:91.11285209655762
INFO:trainer_layer_backward:91.77851676940918
INFO:trainer_layer_backward:89.60342407226562
INFO:trainer_layer_backward:89.35165405273438
INFO:trainer_layer_backward:89.33258056640625
INFO:trainer_layer_backward:88.3951187133789
INFO:trainer_layer_backward:90.3925895690918
INFO:trainer_layer_backward:89.13612365722656
INFO:trainer_layer_backward:88.80114555358887
INFO:trainer_layer_backward:89.30492401123047
INFO:trainer_layer_backward:90.03353118896484
INFO:trainer_layer_backward:90.01016616821289
INFO:trainer_layer_backward:89.14828300476074
INFO:trainer_layer_backward:88.1643295288086
INFO:trainer_layer_backward:89.36405181884766
INFO:trainer_layer_backward:90.37351608276367
INFO:trainer_layer_backward:89.21933174133301
INFO:trainer_layer_backward:88.04607391357422
INFO:trainer_layer_backward:89.51497077941895
INFO:trainer_layer_backward:89.13636207580566
INFO:trainer_layer_backward:88.96040916442871
INFO:trainer_layer_backward:88.96589279174805
INFO:trainer_layer_backward:90.56448936462402
INFO:trainer_layer_backward:89.55502510070801
INFO:trainer_layer_backward:90.55781364440918
INFO:trainer_layer_backward:88.84739875793457
INFO:trainer_layer_backward:88.88411521911621
INFO:trainer_layer_backward:89.22076225280762
INFO:trainer_layer_backward:89.30683135986328
INFO:trainer_layer_backward:90.28506278991699
INFO:trainer_layer_backward:88.88363838195801
INFO:trainer_layer_backward:89.55001831054688
INFO:trainer_layer_backward:89.68186378479004
INFO:trainer_layer_backward:90.33584594726562
INFO:trainer_layer_backward:88.93036842346191
INFO:trainer_layer_backward:89.28894996643066
INFO:trainer_layer_backward:88.82522583007812
INFO:trainer_layer_backward:89.13493156433105
INFO:trainer_layer_backward:90.32917022705078
INFO:trainer_layer_backward:91.34817123413086
INFO:trainer_layer_backward:89.9193286895752
INFO:trainer_layer_backward:88.70077133178711
INFO:trainer_layer_backward:90.79504013061523
INFO:trainer_layer_backward:88.95707130432129
INFO:trainer_layer_backward:91.68791770935059
INFO:trainer_layer_backward:89.00117874145508
INFO:trainer_layer_backward:88.61422538757324
INFO:trainer_layer_backward:90.79527854919434
INFO:trainer_layer_backward:89.31756019592285
INFO:trainer_layer_backward:89.98513221740723
INFO:trainer_layer_backward:88.46449851989746
INFO:trainer_layer_backward:88.67263793945312
INFO:trainer_layer_backward:90.29698371887207
INFO:trainer_layer_backward:88.72199058532715
INFO:trainer_layer_backward:89.36786651611328
INFO:trainer_layer_backward:90.45028686523438
INFO:trainer_layer_backward:90.58356285095215
INFO:trainer_layer_backward:89.01190757751465
INFO:trainer_layer_backward:88.83237838745117
INFO:trainer_layer_backward:89.04910087585449
INFO:trainer_layer_backward:88.9735221862793
INFO:trainer_layer_backward:91.21489524841309
INFO:trainer_layer_backward:89.26892280578613
INFO:trainer_layer_backward:89.05482292175293
INFO:trainer_layer_backward:90.1937484741211
INFO:trainer_layer_backward:91.13883972167969
INFO:trainer_layer_backward:92.1318531036377
INFO:trainer_layer_backward:89.07794952392578
INFO:trainer_layer_backward:89.22219276428223
INFO:trainer_layer_backward:88.71054649353027
INFO:trainer_layer_backward:90.96240997314453
INFO:trainer_layer_backward:89.68043327331543
INFO:trainer_layer_backward:89.30468559265137
INFO:trainer_layer_backward:89.21623229980469
INFO:trainer_layer_backward:89.74242210388184
INFO:trainer_layer_backward:89.63251113891602
INFO:trainer_layer_backward:88.32097053527832
INFO:trainer_layer_backward:91.89558029174805
INFO:trainer_layer_backward:90.33727645874023
INFO:trainer_layer_backward:90.9123420715332
INFO:trainer_layer_backward:89.65682983398438
INFO:trainer_layer_backward:88.84024620056152
INFO:trainer_layer_backward:90.0735855102539
INFO:trainer_layer_backward:89.21408653259277
INFO:trainer_layer_backward:91.13025665283203
INFO:trainer_layer_backward:89.01286125183105
INFO:trainer_layer_backward:88.99521827697754
INFO:trainer_layer_backward:88.77038955688477
INFO:trainer_layer_backward:90.93689918518066
INFO:trainer_layer_backward:90.09861946105957
INFO:trainer_layer_backward:89.1873836517334
INFO:trainer_layer_backward:89.64991569519043
INFO:trainer_layer_backward:88.79351615905762
INFO:trainer_layer_backward:91.03584289550781
INFO:trainer_layer_backward:88.91057968139648
INFO:trainer_layer_backward:89.61749076843262
INFO:trainer_layer_backward:88.90223503112793
INFO:trainer_layer_backward:89.95938301086426
INFO:trainer_layer_backward:90.12627601623535
INFO:trainer_layer_backward:91.7670726776123
INFO:trainer_layer_backward:89.66565132141113
INFO:trainer_layer_backward:88.9136791229248
INFO:trainer_layer_backward:91.72821044921875
INFO:trainer_layer_backward:88.17934989929199
INFO:trainer_layer_backward:89.60461616516113
INFO:trainer_layer_backward:88.31357955932617
INFO:trainer_layer_backward:90.09766578674316
INFO:trainer_layer_backward:88.70124816894531
INFO:trainer_layer_backward:89.18309211730957
INFO:trainer_layer_backward:89.08224105834961
INFO:trainer_layer_backward:90.95406532287598
INFO:trainer_layer_backward:91.40968322753906
INFO:trainer_layer_backward:88.95015716552734
INFO:trainer_layer_backward:89.42770957946777
INFO:trainer_layer_backward:88.73128890991211
INFO:trainer_layer_backward:89.65516090393066
INFO:trainer_layer_backward:89.09797668457031
INFO:trainer_layer_backward:89.53666687011719
INFO:trainer_layer_backward:89.01214599609375
INFO:trainer_layer_backward:89.47229385375977
INFO:trainer_layer_backward:90.18707275390625
INFO:trainer_layer_backward:91.5229320526123
INFO:trainer_layer_backward:88.98043632507324
INFO:trainer_layer_backward:89.63346481323242
INFO:trainer_layer_backward:88.29402923583984
INFO:trainer_layer_backward:90.9872055053711
INFO:trainer_layer_backward:90.06285667419434
INFO:trainer_layer_backward:88.28115463256836
INFO:trainer_layer_backward:89.12515640258789
INFO:trainer_layer_backward:89.34497833251953
INFO:trainer_layer_backward:89.79988098144531
INFO:trainer_layer_backward:89.55764770507812
INFO:trainer_layer_backward:91.2179946899414
INFO:trainer_layer_backward:89.61248397827148
INFO:trainer_layer_backward:90.66176414489746
INFO:trainer_layer_backward:89.16544914245605
INFO:trainer_layer_backward:89.2939567565918
INFO:trainer_layer_backward:89.02978897094727
INFO:trainer_layer_backward:89.15877342224121
INFO:trainer_layer_backward:90.1327133178711
INFO:trainer_layer_backward:88.68217468261719
INFO:trainer_layer_backward:89.75458145141602
INFO:trainer_layer_backward:88.2561206817627
INFO:trainer_layer_backward:91.67647361755371
INFO:trainer_layer_backward:89.17379379272461
INFO:trainer_layer_backward:88.9596939086914
INFO:trainer_layer_backward:88.82737159729004
INFO:trainer_layer_backward:88.72246742248535
INFO:trainer_layer_backward:90.64006805419922
INFO:trainer_layer_backward:89.20145034790039
INFO:trainer_layer_backward:89.08414840698242
INFO:trainer_layer_backward:88.91153335571289
INFO:trainer_layer_backward:90.16823768615723
INFO:trainer_layer_backward:89.21313285827637
INFO:trainer_layer_backward:90.68107604980469
INFO:trainer_layer_backward:89.73312377929688
INFO:trainer_layer_backward:89.04671669006348
INFO:trainer_layer_backward:90.77644348144531
INFO:trainer_layer_backward:88.8514518737793
INFO:trainer_layer_backward:88.89436721801758
INFO:trainer_layer_backward:91.38298034667969
INFO:trainer_layer_backward:90.36087989807129
INFO:trainer_layer_backward:89.38932418823242
INFO:trainer_layer_backward:89.72477912902832
INFO:trainer_layer_backward:88.74893188476562
INFO:trainer_layer_backward:91.63236618041992
INFO:trainer_layer_backward:90.91758728027344
INFO:trainer_layer_backward:88.99712562561035
INFO:trainer_layer_backward:89.0648365020752
INFO:trainer_layer_backward:88.98043632507324
INFO:trainer_layer_backward:89.0038013458252
INFO:trainer_layer_backward:88.55319023132324
INFO:trainer_layer_backward:88.33909034729004
INFO:trainer_layer_backward:88.95993232727051
INFO:trainer_layer_backward:89.28847312927246
INFO:trainer_layer_backward:90.84677696228027
INFO:trainer_layer_backward:91.28212928771973
INFO:trainer_layer_backward:89.06054496765137
INFO:trainer_layer_backward:89.54787254333496
INFO:trainer_layer_backward:89.12515640258789
INFO:trainer_layer_backward:91.4771556854248
INFO:trainer_layer_backward:88.70434761047363
INFO:trainer_layer_backward:90.62504768371582
INFO:trainer_layer_backward:90.15035629272461
INFO:trainer_layer_backward:89.89667892456055
INFO:trainer_layer_backward:89.69449996948242
INFO:trainer_layer_backward:88.88125419616699
INFO:trainer_layer_backward:91.49408340454102
INFO:trainer_layer_backward:89.05363082885742
INFO:trainer_layer_backward:90.75474739074707
INFO:trainer_layer_backward:89.78486061096191
INFO:trainer_layer_backward:88.78254890441895
INFO:trainer_layer_backward:89.19477462768555
INFO:trainer_layer_backward:88.33503723144531
INFO:trainer_layer_backward:90.0273323059082
INFO:trainer_layer_backward:88.74082565307617
INFO:trainer_layer_backward:89.33830261230469
INFO:trainer_layer_backward:88.36030960083008
INFO:trainer_layer_backward:91.29643440246582
INFO:trainer_layer_backward:89.17093276977539
INFO:trainer_layer_backward:89.70141410827637
INFO:trainer_layer_backward:89.36500549316406
INFO:trainer_layer_backward:88.70506286621094
INFO:trainer_layer_backward:90.02923965454102
INFO:trainer_layer_backward:91.04180335998535
INFO:trainer_layer_backward:89.2939567565918
INFO:trainer_layer_backward:88.94777297973633
INFO:trainer_layer_backward:89.74623680114746
INFO:trainer_layer_backward:89.28847312927246
INFO:trainer_layer_backward:91.20345115661621
INFO:trainer_layer_backward:89.16354179382324
INFO:trainer_layer_backward:89.3716812133789
INFO:trainer_layer_backward:89.97941017150879
INFO:trainer_layer_backward:88.8833999633789
INFO:trainer_layer_backward:89.50686454772949
INFO:trainer_layer_backward:89.96319770812988
INFO:trainer_layer_backward:89.01047706604004
INFO:trainer_layer_backward:90.51871299743652
INFO:trainer_layer_backward:89.73479270935059
INFO:trainer_layer_backward:89.11609649658203
INFO:trainer_layer_backward:91.39895439147949
INFO:trainer_layer_backward:90.59643745422363
INFO:trainer_layer_backward:89.38479423522949
INFO:trainer_layer_backward:88.90652656555176
INFO:trainer_layer_backward:88.80043029785156
INFO:trainer_layer_backward:89.2333984375
INFO:trainer_layer_backward:90.42119979858398
INFO:trainer_layer_backward:88.85645866394043
INFO:trainer_layer_backward:89.35713768005371
INFO:trainer_layer_backward:89.69902992248535
INFO:trainer_layer_backward:90.79670906066895
INFO:trainer_layer_backward:91.12739562988281
INFO:trainer_layer_backward:89.00785446166992
INFO:trainer_layer_backward:89.93101119995117
INFO:trainer_layer_backward:88.63115310668945
INFO:trainer_layer_backward:91.2790298461914
INFO:trainer_layer_backward:89.42961692810059
INFO:trainer_layer_backward:88.28520774841309
INFO:trainer_layer_backward:89.33854103088379
INFO:trainer_layer_backward:89.47134017944336
INFO:trainer_layer_backward:88.66310119628906
INFO:trainer_layer_backward:92.06700325012207
INFO:trainer_layer_backward:91.45355224609375
INFO:trainer_layer_backward:89.79010581970215
INFO:trainer_layer_backward:91.4158821105957
INFO:trainer_layer_backward:89.71762657165527
INFO:trainer_layer_backward:89.53022956848145
INFO:trainer_layer_backward:88.92679214477539
INFO:trainer_layer_backward:88.93895149230957
INFO:trainer_layer_backward:90.8212661743164
INFO:trainer_layer_backward:89.29204940795898
INFO:trainer_layer_backward:89.43414688110352
INFO:trainer_layer_backward:89.53022956848145
INFO:trainer_layer_backward:90.60883522033691
INFO:trainer_layer_backward:89.9820327758789
INFO:trainer_layer_backward:89.39528465270996
INFO:trainer_layer_backward:88.62924575805664
INFO:trainer_layer_backward:89.03908729553223
INFO:trainer_layer_backward:90.56520462036133
INFO:trainer_layer_backward:89.46585655212402
INFO:trainer_layer_backward:89.55240249633789
INFO:trainer_layer_backward:88.46020698547363
INFO:trainer_layer_backward:89.42365646362305
INFO:trainer_layer_backward:89.23721313476562
INFO:trainer_layer_backward:91.81880950927734
INFO:trainer_layer_backward:89.7979736328125
INFO:trainer_layer_backward:89.50519561767578
INFO:trainer_layer_backward:90.7895565032959
INFO:trainer_layer_backward:89.61844444274902
INFO:trainer_layer_backward:89.71357345581055
INFO:trainer_layer_backward:88.46902847290039
INFO:trainer_layer_backward:89.59341049194336
INFO:trainer_layer_backward:90.1639461517334
INFO:trainer_layer_backward:89.94889259338379
INFO:trainer_layer_backward:88.38105201721191
INFO:trainer_layer_backward:91.4144515991211
INFO:trainer_layer_backward:90.62433242797852
INFO:trainer_layer_backward:88.68241310119629
INFO:trainer_layer_backward:89.85614776611328
INFO:trainer_layer_backward:88.38200569152832
INFO:trainer_layer_backward:89.54310417175293
INFO:trainer_layer_backward:90.20423889160156
INFO:trainer_layer_backward:89.53404426574707
INFO:trainer_layer_backward:89.43843841552734
INFO:trainer_layer_backward:88.96851539611816
INFO:trainer_layer_backward:90.8060073852539
INFO:trainer_layer_backward:91.6750431060791
INFO:trainer_layer_backward:90.19923210144043
INFO:trainer_layer_backward:88.6225700378418
INFO:trainer_layer_backward:89.50018882751465
INFO:trainer_layer_backward:90.36040306091309
INFO:trainer_layer_backward:88.66262435913086
INFO:trainer_layer_backward:88.7148380279541
INFO:trainer_layer_backward:88.84453773498535
INFO:trainer_layer_backward:89.41292762756348
INFO:trainer_layer_backward:89.02096748352051
INFO:trainer_layer_backward:89.17069435119629
INFO:trainer_layer_backward:91.13860130310059
INFO:trainer_layer_backward:90.06834030151367
INFO:trainer_layer_backward:90.45600891113281
INFO:trainer_layer_backward:89.46061134338379
INFO:trainer_layer_backward:88.80305290222168
INFO:trainer_layer_backward:88.82260322570801
INFO:trainer_layer_backward:90.57331085205078
INFO:trainer_layer_backward:90.60454368591309
INFO:trainer_layer_backward:89.06745910644531
INFO:trainer_layer_backward:89.26796913146973
INFO:trainer_layer_backward:89.47396278381348
INFO:trainer_layer_backward:91.37272834777832
INFO:trainer_layer_backward:89.96844291687012
INFO:trainer_layer_backward:89.3702507019043
INFO:trainer_layer_backward:89.04695510864258
INFO:trainer_layer_backward:89.09153938293457
INFO:trainer_layer_backward:90.31462669372559
INFO:trainer_layer_backward:89.00737762451172
INFO:trainer_layer_backward:89.14470672607422
INFO:trainer_layer_backward:88.55223655700684
INFO:trainer_layer_backward:89.4777774810791
INFO:trainer_layer_backward:89.83588218688965
INFO:trainer_layer_backward:90.46173095703125
INFO:trainer_layer_backward:90.0115966796875
INFO:trainer_layer_backward:89.38384056091309
INFO:trainer_layer_backward:90.52586555480957
INFO:trainer_layer_backward:89.03098106384277
INFO:trainer_layer_backward:89.09201622009277
INFO:trainer_layer_backward:89.50924873352051
INFO:trainer_layer_backward:88.65046501159668
INFO:trainer_layer_backward:90.0416374206543
INFO:trainer_layer_backward:89.45059776306152
INFO:trainer_layer_backward:89.01500701904297
INFO:trainer_layer_backward:90.99388122558594
INFO:trainer_layer_backward:90.87800979614258
INFO:trainer_layer_backward:88.99831771850586
INFO:trainer_layer_backward:89.92624282836914
INFO:trainer_layer_backward:88.79351615905762
INFO:trainer_layer_backward:88.65880966186523
INFO:trainer_layer_backward:91.29977226257324
INFO:trainer_layer_backward:89.31326866149902
INFO:trainer_layer_backward:88.93251419067383
INFO:trainer_layer_backward:88.51766586303711
INFO:trainer_layer_backward:90.84677696228027
INFO:trainer_layer_backward:91.26710891723633
INFO:trainer_layer_backward:89.42294120788574
INFO:trainer_layer_backward:89.56766128540039
INFO:trainer_layer_backward:89.75982666015625
INFO:trainer_layer_backward:91.2923812866211
INFO:trainer_layer_backward:88.93299102783203
INFO:trainer_layer_backward:88.62638473510742
INFO:trainer_layer_backward:89.2477035522461
INFO:trainer_layer_backward:89.3242359161377
INFO:trainer_layer_backward:89.64729309082031
INFO:trainer_layer_backward:88.2883071899414
INFO:trainer_layer_backward:91.97139739990234
INFO:trainer_layer_backward:88.42134475708008
INFO:trainer_layer_backward:90.65651893615723
INFO:trainer_layer_backward:88.80949020385742
INFO:trainer_layer_backward:89.0498161315918
INFO:trainer_layer_backward:88.6991024017334
INFO:trainer_layer_backward:90.96360206604004
INFO:trainer_layer_backward:90.50369262695312
INFO:trainer_layer_backward:89.39313888549805
INFO:trainer_layer_backward:89.019775390625
INFO:trainer_layer_backward:89.06149864196777
INFO:trainer_layer_backward:90.68942070007324
INFO:trainer_layer_backward:88.23323249816895
INFO:trainer_layer_backward:89.62345123291016
INFO:trainer_layer_backward:88.1960391998291
INFO:trainer_layer_backward:89.41340446472168
INFO:trainer_layer_backward:90.75379371643066
INFO:trainer_layer_backward:90.32130241394043
INFO:trainer_layer_backward:89.46514129638672
INFO:trainer_layer_backward:88.94538879394531
INFO:trainer_layer_backward:89.65468406677246
INFO:trainer_layer_backward:89.92600440979004
INFO:trainer_layer_backward:91.04061126708984
INFO:trainer_layer_backward:89.10584449768066
INFO:trainer_layer_backward:89.45083618164062
INFO:trainer_layer_backward:90.68012237548828
INFO:trainer_layer_backward:89.08987045288086
INFO:trainer_layer_backward:88.74201774597168
INFO:trainer_layer_backward:90.79957008361816
INFO:trainer_layer_backward:89.73550796508789
INFO:trainer_layer_backward:90.19327163696289
INFO:trainer_layer_backward:89.31446075439453
INFO:trainer_layer_backward:89.25986289978027
INFO:trainer_layer_backward:91.46451950073242
INFO:trainer_layer_backward:91.50028228759766
INFO:trainer_layer_backward:89.03932571411133
INFO:trainer_layer_backward:89.83612060546875
INFO:trainer_layer_backward:88.97852897644043
INFO:trainer_layer_backward:88.97042274475098
INFO:trainer_layer_backward:88.89079093933105
INFO:trainer_layer_backward:88.16361427307129
INFO:trainer_layer_backward:89.35046195983887
INFO:trainer_layer_backward:89.29157257080078
INFO:trainer_layer_backward:90.67893028259277
INFO:trainer_layer_backward:91.16601943969727
INFO:trainer_layer_backward:88.99545669555664
INFO:trainer_layer_backward:89.39123153686523
INFO:trainer_layer_backward:88.30761909484863
INFO:trainer_layer_backward:91.31526947021484
INFO:trainer_layer_backward:88.75012397766113
INFO:trainer_layer_backward:91.06826782226562
INFO:trainer_layer_backward:89.24317359924316
INFO:trainer_layer_backward:91.52722358703613
INFO:trainer_layer_backward:88.55032920837402
INFO:trainer_layer_backward:90.03329277038574
INFO:trainer_layer_backward:91.57371520996094
INFO:trainer_layer_backward:89.17808532714844
INFO:trainer_layer_backward:90.93260765075684
INFO:trainer_layer_backward:89.01834487915039
INFO:trainer_layer_backward:88.79327774047852
INFO:trainer_layer_backward:89.69736099243164
INFO:trainer_layer_backward:88.82713317871094
INFO:trainer_layer_backward:90.41452407836914
INFO:trainer_layer_backward:89.24651145935059
INFO:trainer_layer_backward:89.30039405822754
INFO:trainer_layer_backward:89.04576301574707
INFO:trainer_layer_backward:90.53444862365723
INFO:trainer_layer_backward:89.77961540222168
INFO:trainer_layer_backward:89.6463394165039
INFO:trainer_layer_backward:88.84763717651367
INFO:trainer_layer_backward:88.65571022033691
INFO:trainer_layer_backward:91.35270118713379
INFO:trainer_layer_backward:89.44320678710938
INFO:trainer_layer_backward:89.01524543762207
INFO:trainer_layer_backward:88.88626098632812
INFO:trainer_layer_backward:88.52887153625488
INFO:trainer_layer_backward:89.78533744812012
INFO:trainer_layer_backward:91.23587608337402
INFO:trainer_layer_backward:88.93847465515137
INFO:trainer_layer_backward:89.42103385925293
INFO:trainer_layer_backward:90.69514274597168
INFO:trainer_layer_backward:89.36214447021484
INFO:trainer_layer_backward:88.87147903442383
INFO:trainer_layer_backward:88.30809593200684
INFO:trainer_layer_backward:89.54358100891113
INFO:trainer_layer_backward:90.34562110900879
INFO:trainer_layer_backward:89.44439888000488
INFO:trainer_layer_backward:89.2341136932373
INFO:trainer_layer_backward:90.80696105957031
INFO:trainer_layer_backward:90.64841270446777
INFO:trainer_layer_backward:89.26916122436523
INFO:trainer_layer_backward:88.79828453063965
INFO:trainer_layer_backward:89.52999114990234
INFO:trainer_layer_backward:88.22512626647949
INFO:trainer_layer_backward:90.77644348144531
INFO:trainer_layer_backward:88.74773979187012
INFO:trainer_layer_backward:89.19835090637207
INFO:trainer_layer_backward:89.00094032287598
INFO:trainer_layer_backward:90.40236473083496
INFO:trainer_layer_backward:91.92657470703125
INFO:trainer_layer_backward:89.18642997741699
INFO:trainer_layer_backward:89.37311172485352
INFO:trainer_layer_backward:89.43963050842285
INFO:trainer_layer_backward:91.68696403503418
INFO:trainer_layer_backward:89.91789817810059
INFO:trainer_layer_backward:88.30475807189941
INFO:trainer_layer_backward:88.21511268615723
INFO:trainer_layer_backward:89.79177474975586
INFO:trainer_layer_backward:89.0207290649414
INFO:trainer_layer_backward:89.10298347473145
INFO:trainer_layer_backward:90.99268913269043
INFO:trainer_layer_backward:89.4172191619873
INFO:trainer_layer_backward:91.29858016967773
INFO:trainer_layer_backward:88.9124870300293
INFO:trainer_layer_backward:89.34593200683594
INFO:trainer_layer_backward:88.83261680603027
INFO:trainer_layer_backward:90.27409553527832
INFO:trainer_layer_backward:90.56472778320312
INFO:trainer_layer_backward:88.91963958740234
INFO:trainer_layer_backward:89.4472599029541
INFO:trainer_layer_backward:88.78707885742188
INFO:trainer_layer_backward:91.72725677490234
INFO:trainer_layer_backward:89.27369117736816
INFO:trainer_layer_backward:89.37740325927734
INFO:trainer_layer_backward:88.52863311767578
INFO:trainer_layer_backward:89.3411636352539
INFO:trainer_layer_backward:90.33703804016113
INFO:trainer_layer_backward:91.2177562713623
INFO:trainer_layer_backward:89.6916389465332
INFO:trainer_layer_backward:88.82999420166016
INFO:trainer_layer_backward:89.0660285949707
INFO:trainer_layer_backward:89.05410766601562
INFO:trainer_layer_backward:91.61639213562012
INFO:trainer_layer_backward:89.25986289978027
INFO:trainer_layer_backward:89.54596519470215
INFO:trainer_layer_backward:90.11411666870117
INFO:trainer_layer_backward:89.45083618164062
INFO:trainer_layer_backward:88.5169506072998
INFO:trainer_layer_backward:91.10116958618164
INFO:trainer_layer_backward:88.73820304870605
INFO:trainer_layer_backward:90.73114395141602
INFO:trainer_layer_backward:89.55216407775879
INFO:trainer_layer_backward:89.64681625366211
INFO:trainer_layer_backward:91.17531776428223
INFO:trainer_layer_backward:91.05944633483887
INFO:trainer_layer_backward:89.40887451171875
INFO:trainer_layer_backward:90.0576114654541
INFO:trainer_layer_backward:89.41197395324707
INFO:trainer_layer_backward:89.69974517822266
INFO:trainer_layer_backward:88.28186988830566
INFO:trainer_layer_backward:89.89524841308594
INFO:trainer_layer_backward:88.27066421508789
INFO:trainer_layer_backward:89.77699279785156
INFO:trainer_layer_backward:90.4836654663086
INFO:trainer_layer_backward:91.11237525939941
INFO:trainer_layer_backward:89.57147598266602
INFO:trainer_layer_backward:89.32757377624512
INFO:trainer_layer_backward:88.69647979736328
INFO:trainer_layer_backward:91.22467041015625
INFO:trainer_layer_backward:88.14883232116699
INFO:trainer_layer_backward:91.19987487792969
INFO:trainer_layer_backward:89.76268768310547
INFO:trainer_layer_backward:88.79876136779785
INFO:trainer_layer_backward:88.85359764099121
INFO:trainer_layer_backward:89.29276466369629
INFO:trainer_layer_backward:91.44186973571777
INFO:trainer_layer_backward:89.7066593170166
INFO:trainer_layer_backward:91.74108505249023
INFO:trainer_layer_backward:88.23585510253906
INFO:trainer_layer_backward:89.59007263183594
INFO:trainer_layer_backward:88.7765884399414
INFO:trainer_layer_backward:91.29953384399414
INFO:trainer_layer_backward:90.36922454833984
INFO:trainer_layer_backward:89.1573429107666
INFO:trainer_layer_backward:89.6303653717041
INFO:trainer_layer_backward:88.82260322570801
INFO:trainer_layer_backward:92.02289581298828
INFO:trainer_layer_backward:89.4935131072998
INFO:trainer_layer_backward:89.46633338928223
INFO:trainer_layer_backward:88.27781677246094
INFO:trainer_layer_backward:89.50996398925781
INFO:trainer_layer_backward:90.85988998413086
INFO:trainer_layer_backward:89.45488929748535
INFO:trainer_layer_backward:88.70339393615723
INFO:trainer_layer_backward:89.01309967041016
INFO:trainer_layer_backward:89.50519561767578
INFO:trainer_layer_backward:89.18285369873047
INFO:trainer_layer_backward:91.71724319458008
INFO:trainer_layer_backward:89.23816680908203
INFO:trainer_layer_backward:89.19501304626465
INFO:trainer_layer_backward:90.58284759521484
INFO:trainer_layer_backward:89.55597877502441
INFO:trainer_layer_backward:90.12317657470703
INFO:trainer_layer_backward:91.44186973571777
INFO:trainer_layer_backward:88.90509605407715
