INFO:trainer_layer_backward:FFT_CNNEx | mnist
INFO:trainer_layer_backward:in_size : 512 | epochs : 1 | batch : 1
INFO:trainer_layer_backward:kernel_l1 : 257 | 
INFO:trainer_layer_backward:o_channels_l1 : 20 | 
INFO:trainer_layer_backward:learn_num_train : 1000 | learn_num_validate : 0 
INFO:trainer_layer_backward::::::::::::::::::::::::::::::::::::::::::::::::::::::::::::
INFO:trainer_layer_backward:message : FFT_conv1 
INFO:trainer_layer_backward::::::::::::::::::::::::::::::::::::::::::::::::::::::::::::
INFO:trainer_layer_backward:Ave_Time : 22.89526053149291
INFO:trainer_layer_backward::::::::::::::::::::::::::::::::::::::::::::::::::::::::::::
INFO:trainer_layer_backward:22.313356399536133
INFO:trainer_layer_backward:23.071765899658203
INFO:trainer_layer_backward:23.55051040649414
INFO:trainer_layer_backward:22.43328094482422
INFO:trainer_layer_backward:23.510217666625977
INFO:trainer_layer_backward:22.49288558959961
INFO:trainer_layer_backward:22.86219596862793
INFO:trainer_layer_backward:22.841215133666992
INFO:trainer_layer_backward:22.764921188354492
INFO:trainer_layer_backward:22.013187408447266
INFO:trainer_layer_backward:23.62799644470215
INFO:trainer_layer_backward:22.697925567626953
INFO:trainer_layer_backward:22.362947463989258
INFO:trainer_layer_backward:22.405147552490234
INFO:trainer_layer_backward:23.69093894958496
INFO:trainer_layer_backward:22.522449493408203
INFO:trainer_layer_backward:22.459030151367188
INFO:trainer_layer_backward:23.581266403198242
INFO:trainer_layer_backward:22.927284240722656
INFO:trainer_layer_backward:22.23992347717285
INFO:trainer_layer_backward:23.311376571655273
INFO:trainer_layer_backward:22.763729095458984
INFO:trainer_layer_backward:22.390365600585938
INFO:trainer_layer_backward:22.24588394165039
INFO:trainer_layer_backward:23.54741096496582
INFO:trainer_layer_backward:23.246049880981445
INFO:trainer_layer_backward:22.443056106567383
INFO:trainer_layer_backward:23.21314811706543
INFO:trainer_layer_backward:23.349285125732422
INFO:trainer_layer_backward:22.466421127319336
INFO:trainer_layer_backward:22.33409881591797
INFO:trainer_layer_backward:23.61440658569336
INFO:trainer_layer_backward:23.001432418823242
INFO:trainer_layer_backward:22.626876831054688
INFO:trainer_layer_backward:22.56011962890625
INFO:trainer_layer_backward:23.894786834716797
INFO:trainer_layer_backward:21.96979522705078
INFO:trainer_layer_backward:22.629737854003906
INFO:trainer_layer_backward:23.459196090698242
INFO:trainer_layer_backward:23.0863094329834
INFO:trainer_layer_backward:22.371292114257812
INFO:trainer_layer_backward:22.94135093688965
INFO:trainer_layer_backward:22.792339324951172
INFO:trainer_layer_backward:22.570133209228516
INFO:trainer_layer_backward:22.69721031188965
INFO:trainer_layer_backward:23.48017692565918
INFO:trainer_layer_backward:23.08201789855957
INFO:trainer_layer_backward:22.34649658203125
INFO:trainer_layer_backward:22.776365280151367
INFO:trainer_layer_backward:23.09417724609375
INFO:trainer_layer_backward:22.267818450927734
INFO:trainer_layer_backward:22.70054817199707
INFO:trainer_layer_backward:23.4372615814209
INFO:trainer_layer_backward:22.777795791625977
INFO:trainer_layer_backward:22.551774978637695
INFO:trainer_layer_backward:23.822546005249023
INFO:trainer_layer_backward:22.80735969543457
INFO:trainer_layer_backward:22.481918334960938
INFO:trainer_layer_backward:22.449970245361328
INFO:trainer_layer_backward:23.471355438232422
INFO:trainer_layer_backward:23.014068603515625
INFO:trainer_layer_backward:22.616147994995117
INFO:trainer_layer_backward:22.52793312072754
INFO:trainer_layer_backward:22.78447151184082
INFO:trainer_layer_backward:22.53413200378418
INFO:trainer_layer_backward:22.579431533813477
INFO:trainer_layer_backward:23.60844612121582
INFO:trainer_layer_backward:22.30381965637207
INFO:trainer_layer_backward:22.263526916503906
INFO:trainer_layer_backward:23.13518524169922
INFO:trainer_layer_backward:23.69379997253418
INFO:trainer_layer_backward:22.490739822387695
INFO:trainer_layer_backward:22.503376007080078
INFO:trainer_layer_backward:23.344993591308594
INFO:trainer_layer_backward:23.14448356628418
INFO:trainer_layer_backward:22.61495590209961
INFO:trainer_layer_backward:22.91083335876465
INFO:trainer_layer_backward:22.872447967529297
INFO:trainer_layer_backward:22.568702697753906
INFO:trainer_layer_backward:22.489070892333984
INFO:trainer_layer_backward:28.455495834350586
INFO:trainer_layer_backward:22.74632453918457
INFO:trainer_layer_backward:22.29619026184082
INFO:trainer_layer_backward:22.388696670532227
INFO:trainer_layer_backward:22.525787353515625
INFO:trainer_layer_backward:23.762226104736328
INFO:trainer_layer_backward:22.371292114257812
INFO:trainer_layer_backward:22.116422653198242
INFO:trainer_layer_backward:23.500919342041016
INFO:trainer_layer_backward:22.879362106323242
INFO:trainer_layer_backward:22.414684295654297
INFO:trainer_layer_backward:23.35214614868164
INFO:trainer_layer_backward:22.857189178466797
INFO:trainer_layer_backward:22.37391471862793
INFO:trainer_layer_backward:22.326946258544922
INFO:trainer_layer_backward:23.3919620513916
INFO:trainer_layer_backward:22.88031578063965
INFO:trainer_layer_backward:22.554397583007812
INFO:trainer_layer_backward:22.997617721557617
INFO:trainer_layer_backward:22.844791412353516
INFO:trainer_layer_backward:22.350549697875977
INFO:trainer_layer_backward:22.910594940185547
INFO:trainer_layer_backward:23.77486228942871
INFO:trainer_layer_backward:22.382020950317383
INFO:trainer_layer_backward:22.23801612854004
INFO:trainer_layer_backward:23.50616455078125
INFO:trainer_layer_backward:23.095130920410156
INFO:trainer_layer_backward:22.198915481567383
INFO:trainer_layer_backward:22.412776947021484
INFO:trainer_layer_backward:23.55670928955078
INFO:trainer_layer_backward:22.891759872436523
INFO:trainer_layer_backward:22.369861602783203
INFO:trainer_layer_backward:23.04553985595703
INFO:trainer_layer_backward:22.865772247314453
INFO:trainer_layer_backward:22.548675537109375
INFO:trainer_layer_backward:22.396326065063477
INFO:trainer_layer_backward:23.42510223388672
INFO:trainer_layer_backward:22.873640060424805
INFO:trainer_layer_backward:22.533893585205078
INFO:trainer_layer_backward:23.0712890625
INFO:trainer_layer_backward:22.855520248413086
INFO:trainer_layer_backward:22.472858428955078
INFO:trainer_layer_backward:22.485971450805664
INFO:trainer_layer_backward:23.700475692749023
INFO:trainer_layer_backward:22.855520248413086
INFO:trainer_layer_backward:22.617340087890625
INFO:trainer_layer_backward:22.99666404724121
INFO:trainer_layer_backward:22.85456657409668
INFO:trainer_layer_backward:22.581100463867188
INFO:trainer_layer_backward:22.63498306274414
INFO:trainer_layer_backward:23.40221405029297
INFO:trainer_layer_backward:22.251367568969727
INFO:trainer_layer_backward:22.369861602783203
INFO:trainer_layer_backward:23.202180862426758
INFO:trainer_layer_backward:23.35333824157715
INFO:trainer_layer_backward:22.547483444213867
INFO:trainer_layer_backward:22.417545318603516
INFO:trainer_layer_backward:23.724794387817383
INFO:trainer_layer_backward:22.395610809326172
INFO:trainer_layer_backward:22.515296936035156
INFO:trainer_layer_backward:22.802114486694336
INFO:trainer_layer_backward:23.82802963256836
INFO:trainer_layer_backward:22.60112762451172
INFO:trainer_layer_backward:22.210359573364258
INFO:trainer_layer_backward:23.512601852416992
INFO:trainer_layer_backward:23.11229705810547
INFO:trainer_layer_backward:22.582530975341797
INFO:trainer_layer_backward:22.31907844543457
INFO:trainer_layer_backward:23.380279541015625
INFO:trainer_layer_backward:22.54199981689453
INFO:trainer_layer_backward:22.234201431274414
INFO:trainer_layer_backward:22.866249084472656
INFO:trainer_layer_backward:22.536277770996094
INFO:trainer_layer_backward:22.48549461364746
INFO:trainer_layer_backward:23.03314208984375
INFO:trainer_layer_backward:22.783517837524414
INFO:trainer_layer_backward:22.516250610351562
INFO:trainer_layer_backward:23.123502731323242
INFO:trainer_layer_backward:22.850513458251953
INFO:trainer_layer_backward:22.492170333862305
INFO:trainer_layer_backward:22.42875099182129
INFO:trainer_layer_backward:23.47588539123535
INFO:trainer_layer_backward:23.01621437072754
INFO:trainer_layer_backward:22.69887924194336
INFO:trainer_layer_backward:22.42565155029297
INFO:trainer_layer_backward:23.291826248168945
INFO:trainer_layer_backward:22.539377212524414
INFO:trainer_layer_backward:22.329092025756836
INFO:trainer_layer_backward:23.311376571655273
INFO:trainer_layer_backward:23.012638092041016
INFO:trainer_layer_backward:22.5067138671875
INFO:trainer_layer_backward:22.88508415222168
INFO:trainer_layer_backward:22.80879020690918
INFO:trainer_layer_backward:22.541522979736328
INFO:trainer_layer_backward:22.542476654052734
INFO:trainer_layer_backward:23.531675338745117
INFO:trainer_layer_backward:22.96280860900879
INFO:trainer_layer_backward:22.310733795166016
INFO:trainer_layer_backward:22.951126098632812
INFO:trainer_layer_backward:23.499011993408203
INFO:trainer_layer_backward:22.593975067138672
INFO:trainer_layer_backward:22.345542907714844
INFO:trainer_layer_backward:23.4830379486084
INFO:trainer_layer_backward:22.918701171875
INFO:trainer_layer_backward:22.53127098083496
INFO:trainer_layer_backward:23.00119400024414
INFO:trainer_layer_backward:23.601770401000977
INFO:trainer_layer_backward:22.380590438842773
INFO:trainer_layer_backward:22.315502166748047
INFO:trainer_layer_backward:23.451566696166992
INFO:trainer_layer_backward:22.42875099182129
INFO:trainer_layer_backward:22.31144905090332
INFO:trainer_layer_backward:22.60589599609375
INFO:trainer_layer_backward:23.534297943115234
INFO:trainer_layer_backward:22.334575653076172
INFO:trainer_layer_backward:22.84836769104004
INFO:trainer_layer_backward:23.634910583496094
INFO:trainer_layer_backward:22.921323776245117
INFO:trainer_layer_backward:22.380828857421875
INFO:trainer_layer_backward:23.173093795776367
INFO:trainer_layer_backward:23.706912994384766
INFO:trainer_layer_backward:22.540807723999023
INFO:trainer_layer_backward:22.30095863342285
INFO:trainer_layer_backward:23.52285385131836
INFO:trainer_layer_backward:22.287607192993164
INFO:trainer_layer_backward:22.368669509887695
INFO:trainer_layer_backward:23.16594123840332
INFO:trainer_layer_backward:23.562192916870117
INFO:trainer_layer_backward:22.362947463989258
INFO:trainer_layer_backward:22.386550903320312
INFO:trainer_layer_backward:23.383617401123047
INFO:trainer_layer_backward:23.054122924804688
INFO:trainer_layer_backward:22.430896759033203
INFO:trainer_layer_backward:22.832632064819336
INFO:trainer_layer_backward:23.532629013061523
INFO:trainer_layer_backward:22.666215896606445
INFO:trainer_layer_backward:22.528886795043945
INFO:trainer_layer_backward:22.972583770751953
INFO:trainer_layer_backward:22.791624069213867
INFO:trainer_layer_backward:22.26543426513672
INFO:trainer_layer_backward:22.818565368652344
INFO:trainer_layer_backward:22.761821746826172
INFO:trainer_layer_backward:22.625446319580078
INFO:trainer_layer_backward:22.344589233398438
INFO:trainer_layer_backward:23.435354232788086
INFO:trainer_layer_backward:23.076772689819336
INFO:trainer_layer_backward:22.518396377563477
INFO:trainer_layer_backward:23.24509620666504
INFO:trainer_layer_backward:23.622512817382812
INFO:trainer_layer_backward:22.626399993896484
INFO:trainer_layer_backward:22.51720428466797
INFO:trainer_layer_backward:23.4377384185791
INFO:trainer_layer_backward:22.40157127380371
INFO:trainer_layer_backward:22.62425422668457
INFO:trainer_layer_backward:22.42732048034668
INFO:trainer_layer_backward:23.546457290649414
INFO:trainer_layer_backward:22.489547729492188
INFO:trainer_layer_backward:22.540569305419922
INFO:trainer_layer_backward:23.398876190185547
INFO:trainer_layer_backward:23.142099380493164
INFO:trainer_layer_backward:22.360801696777344
INFO:trainer_layer_backward:23.620128631591797
INFO:trainer_layer_backward:22.919416427612305
INFO:trainer_layer_backward:22.431612014770508
INFO:trainer_layer_backward:22.28236198425293
INFO:trainer_layer_backward:23.360252380371094
INFO:trainer_layer_backward:22.867679595947266
INFO:trainer_layer_backward:24.315834045410156
INFO:trainer_layer_backward:23.138761520385742
INFO:trainer_layer_backward:23.657798767089844
INFO:trainer_layer_backward:24.030685424804688
INFO:trainer_layer_backward:22.76158332824707
INFO:trainer_layer_backward:22.344350814819336
INFO:trainer_layer_backward:24.05071258544922
INFO:trainer_layer_backward:23.508071899414062
INFO:trainer_layer_backward:22.93086051940918
INFO:trainer_layer_backward:22.770404815673828
INFO:trainer_layer_backward:24.16825294494629
INFO:trainer_layer_backward:23.25439453125
INFO:trainer_layer_backward:22.83930778503418
INFO:trainer_layer_backward:22.908687591552734
INFO:trainer_layer_backward:24.069786071777344
INFO:trainer_layer_backward:23.193836212158203
INFO:trainer_layer_backward:22.732019424438477
INFO:trainer_layer_backward:22.250890731811523
INFO:trainer_layer_backward:23.777484893798828
INFO:trainer_layer_backward:23.27442169189453
INFO:trainer_layer_backward:22.71580696105957
INFO:trainer_layer_backward:22.51291275024414
INFO:trainer_layer_backward:23.94580841064453
INFO:trainer_layer_backward:22.933244705200195
INFO:trainer_layer_backward:22.336959838867188
INFO:trainer_layer_backward:24.0933895111084
INFO:trainer_layer_backward:23.740053176879883
INFO:trainer_layer_backward:22.884845733642578
INFO:trainer_layer_backward:22.76778221130371
INFO:trainer_layer_backward:23.892641067504883
INFO:trainer_layer_backward:23.238420486450195
INFO:trainer_layer_backward:22.688627243041992
INFO:trainer_layer_backward:23.00286293029785
INFO:trainer_layer_backward:23.94556999206543
INFO:trainer_layer_backward:23.212432861328125
INFO:trainer_layer_backward:22.35865592956543
INFO:trainer_layer_backward:22.93229103088379
INFO:trainer_layer_backward:23.395538330078125
INFO:trainer_layer_backward:22.29905128479004
INFO:trainer_layer_backward:22.582530975341797
INFO:trainer_layer_backward:23.395061492919922
INFO:trainer_layer_backward:23.081302642822266
INFO:trainer_layer_backward:21.921157836914062
INFO:trainer_layer_backward:23.2393741607666
INFO:trainer_layer_backward:22.823572158813477
INFO:trainer_layer_backward:22.509336471557617
INFO:trainer_layer_backward:22.23348617553711
INFO:trainer_layer_backward:23.665189743041992
INFO:trainer_layer_backward:22.95994758605957
INFO:trainer_layer_backward:22.383689880371094
INFO:trainer_layer_backward:22.973299026489258
INFO:trainer_layer_backward:22.71890640258789
INFO:trainer_layer_backward:22.43494987487793
INFO:trainer_layer_backward:22.372007369995117
INFO:trainer_layer_backward:23.626089096069336
INFO:trainer_layer_backward:23.008108139038086
INFO:trainer_layer_backward:22.409677505493164
INFO:trainer_layer_backward:23.5748291015625
INFO:trainer_layer_backward:23.62823486328125
INFO:trainer_layer_backward:22.454023361206055
INFO:trainer_layer_backward:22.400617599487305
INFO:trainer_layer_backward:23.525476455688477
INFO:trainer_layer_backward:23.011207580566406
INFO:trainer_layer_backward:22.535085678100586
INFO:trainer_layer_backward:22.66979217529297
INFO:trainer_layer_backward:23.442506790161133
INFO:trainer_layer_backward:22.649288177490234
INFO:trainer_layer_backward:22.53866195678711
INFO:trainer_layer_backward:23.015260696411133
INFO:trainer_layer_backward:22.655010223388672
INFO:trainer_layer_backward:22.480249404907227
INFO:trainer_layer_backward:23.03147315979004
INFO:trainer_layer_backward:22.79210090637207
INFO:trainer_layer_backward:22.269725799560547
INFO:trainer_layer_backward:22.330760955810547
INFO:trainer_layer_backward:23.45728874206543
INFO:trainer_layer_backward:23.138999938964844
INFO:trainer_layer_backward:22.783756256103516
INFO:trainer_layer_backward:22.545337677001953
INFO:trainer_layer_backward:23.53692054748535
INFO:trainer_layer_backward:21.945476531982422
INFO:trainer_layer_backward:22.502422332763672
INFO:trainer_layer_backward:23.340702056884766
INFO:trainer_layer_backward:23.210763931274414
INFO:trainer_layer_backward:22.334814071655273
INFO:trainer_layer_backward:23.228168487548828
INFO:trainer_layer_backward:22.74799346923828
INFO:trainer_layer_backward:22.391080856323242
INFO:trainer_layer_backward:22.41230010986328
INFO:trainer_layer_backward:23.440837860107422
INFO:trainer_layer_backward:23.219823837280273
INFO:trainer_layer_backward:21.893739700317383
INFO:trainer_layer_backward:23.352384567260742
INFO:trainer_layer_backward:22.79973030090332
INFO:trainer_layer_backward:22.279977798461914
INFO:trainer_layer_backward:22.34363555908203
INFO:trainer_layer_backward:23.432254791259766
INFO:trainer_layer_backward:22.862911224365234
INFO:trainer_layer_backward:22.58467674255371
INFO:trainer_layer_backward:22.79806137084961
INFO:trainer_layer_backward:23.08201789855957
INFO:trainer_layer_backward:22.664546966552734
INFO:trainer_layer_backward:22.1407413482666
INFO:trainer_layer_backward:23.32782745361328
INFO:trainer_layer_backward:22.85313606262207
INFO:trainer_layer_backward:22.65143394470215
INFO:trainer_layer_backward:22.500276565551758
INFO:trainer_layer_backward:23.235559463500977
INFO:trainer_layer_backward:22.657155990600586
INFO:trainer_layer_backward:22.546768188476562
INFO:trainer_layer_backward:23.421764373779297
INFO:trainer_layer_backward:22.310972213745117
INFO:trainer_layer_backward:22.57394790649414
INFO:trainer_layer_backward:23.46324920654297
INFO:trainer_layer_backward:23.616790771484375
INFO:trainer_layer_backward:22.505998611450195
INFO:trainer_layer_backward:22.495269775390625
INFO:trainer_layer_backward:23.398876190185547
INFO:trainer_layer_backward:22.815942764282227
INFO:trainer_layer_backward:22.621631622314453
INFO:trainer_layer_backward:22.544145584106445
INFO:trainer_layer_backward:23.495197296142578
INFO:trainer_layer_backward:22.33266830444336
INFO:trainer_layer_backward:22.205591201782227
INFO:trainer_layer_backward:23.858070373535156
INFO:trainer_layer_backward:23.0710506439209
INFO:trainer_layer_backward:22.533655166625977
INFO:trainer_layer_backward:22.568702697753906
INFO:trainer_layer_backward:23.314714431762695
INFO:trainer_layer_backward:22.427797317504883
INFO:trainer_layer_backward:22.406339645385742
INFO:trainer_layer_backward:23.211002349853516
INFO:trainer_layer_backward:23.07748794555664
INFO:trainer_layer_backward:22.576093673706055
INFO:trainer_layer_backward:22.515535354614258
INFO:trainer_layer_backward:23.37050437927246
INFO:trainer_layer_backward:22.60136604309082
INFO:trainer_layer_backward:22.50504493713379
INFO:trainer_layer_backward:23.347139358520508
INFO:trainer_layer_backward:22.26114273071289
INFO:trainer_layer_backward:22.246837615966797
INFO:trainer_layer_backward:23.097753524780273
INFO:trainer_layer_backward:23.561716079711914
INFO:trainer_layer_backward:22.309541702270508
INFO:trainer_layer_backward:22.661924362182617
INFO:trainer_layer_backward:23.08797836303711
INFO:trainer_layer_backward:22.35579490661621
INFO:trainer_layer_backward:23.535490036010742
INFO:trainer_layer_backward:25.223255157470703
INFO:trainer_layer_backward:24.239778518676758
INFO:trainer_layer_backward:23.060321807861328
INFO:trainer_layer_backward:23.01955223083496
INFO:trainer_layer_backward:23.510217666625977
INFO:trainer_layer_backward:23.87237548828125
INFO:trainer_layer_backward:23.17667007446289
INFO:trainer_layer_backward:22.829055786132812
INFO:trainer_layer_backward:23.623228073120117
INFO:trainer_layer_backward:23.970365524291992
INFO:trainer_layer_backward:22.927045822143555
INFO:trainer_layer_backward:23.441076278686523
INFO:trainer_layer_backward:22.696733474731445
INFO:trainer_layer_backward:21.997451782226562
INFO:trainer_layer_backward:23.187875747680664
INFO:trainer_layer_backward:22.620677947998047
INFO:trainer_layer_backward:23.76079559326172
INFO:trainer_layer_backward:23.18406105041504
INFO:trainer_layer_backward:22.283554077148438
INFO:trainer_layer_backward:22.773027420043945
INFO:trainer_layer_backward:23.85735511779785
INFO:trainer_layer_backward:23.17643165588379
INFO:trainer_layer_backward:21.86417579650879
INFO:trainer_layer_backward:23.0867862701416
INFO:trainer_layer_backward:23.785114288330078
INFO:trainer_layer_backward:22.800445556640625
INFO:trainer_layer_backward:22.64261245727539
INFO:trainer_layer_backward:23.046016693115234
INFO:trainer_layer_backward:23.923635482788086
INFO:trainer_layer_backward:22.92799949645996
INFO:trainer_layer_backward:22.148847579956055
INFO:trainer_layer_backward:22.99189567565918
INFO:trainer_layer_backward:23.647546768188477
INFO:trainer_layer_backward:22.980928421020508
INFO:trainer_layer_backward:22.800445556640625
INFO:trainer_layer_backward:22.483348846435547
INFO:trainer_layer_backward:24.508237838745117
INFO:trainer_layer_backward:23.263216018676758
INFO:trainer_layer_backward:22.748708724975586
INFO:trainer_layer_backward:22.736549377441406
INFO:trainer_layer_backward:23.205280303955078
INFO:trainer_layer_backward:22.72939682006836
INFO:trainer_layer_backward:22.862672805786133
INFO:trainer_layer_backward:23.948192596435547
INFO:trainer_layer_backward:23.47421646118164
INFO:trainer_layer_backward:22.737979888916016
INFO:trainer_layer_backward:22.69911766052246
INFO:trainer_layer_backward:23.355960845947266
INFO:trainer_layer_backward:23.308277130126953
INFO:trainer_layer_backward:22.136926651000977
INFO:trainer_layer_backward:22.400379180908203
INFO:trainer_layer_backward:23.91791343688965
INFO:trainer_layer_backward:23.10943603515625
INFO:trainer_layer_backward:22.26567268371582
INFO:trainer_layer_backward:22.849082946777344
INFO:trainer_layer_backward:23.64206314086914
INFO:trainer_layer_backward:22.406339645385742
INFO:trainer_layer_backward:21.778345108032227
INFO:trainer_layer_backward:23.434162139892578
INFO:trainer_layer_backward:23.01502227783203
INFO:trainer_layer_backward:22.594690322875977
INFO:trainer_layer_backward:22.983551025390625
INFO:trainer_layer_backward:22.732019424438477
INFO:trainer_layer_backward:22.258281707763672
INFO:trainer_layer_backward:22.280216217041016
INFO:trainer_layer_backward:23.703575134277344
INFO:trainer_layer_backward:22.34363555908203
INFO:trainer_layer_backward:22.46880531311035
INFO:trainer_layer_backward:23.35071563720703
INFO:trainer_layer_backward:23.398160934448242
INFO:trainer_layer_backward:22.29142189025879
INFO:trainer_layer_backward:22.226572036743164
INFO:trainer_layer_backward:23.49996566772461
INFO:trainer_layer_backward:23.057937622070312
INFO:trainer_layer_backward:22.319793701171875
INFO:trainer_layer_backward:22.273540496826172
INFO:trainer_layer_backward:23.3457088470459
INFO:trainer_layer_backward:22.471904754638672
INFO:trainer_layer_backward:22.35102653503418
INFO:trainer_layer_backward:23.726224899291992
INFO:trainer_layer_backward:23.041248321533203
INFO:trainer_layer_backward:22.50361442565918
INFO:trainer_layer_backward:22.86386489868164
INFO:trainer_layer_backward:22.864818572998047
INFO:trainer_layer_backward:22.336244583129883
INFO:trainer_layer_backward:22.383689880371094
INFO:trainer_layer_backward:23.789405822753906
INFO:trainer_layer_backward:23.107528686523438
INFO:trainer_layer_backward:21.894454956054688
INFO:trainer_layer_backward:22.966623306274414
INFO:trainer_layer_backward:23.593664169311523
INFO:trainer_layer_backward:22.30358123779297
INFO:trainer_layer_backward:22.567033767700195
INFO:trainer_layer_backward:23.334980010986328
INFO:trainer_layer_backward:22.25208282470703
INFO:trainer_layer_backward:22.39513397216797
INFO:trainer_layer_backward:23.5288143157959
INFO:trainer_layer_backward:22.791624069213867
INFO:trainer_layer_backward:22.332191467285156
INFO:trainer_layer_backward:22.49431610107422
INFO:trainer_layer_backward:23.60081672668457
INFO:trainer_layer_backward:22.928714752197266
INFO:trainer_layer_backward:22.604703903198242
INFO:trainer_layer_backward:23.001909255981445
INFO:trainer_layer_backward:22.954225540161133
INFO:trainer_layer_backward:22.421598434448242
INFO:trainer_layer_backward:22.22585678100586
INFO:trainer_layer_backward:23.64492416381836
INFO:trainer_layer_backward:22.806167602539062
INFO:trainer_layer_backward:22.355079650878906
INFO:trainer_layer_backward:23.064851760864258
INFO:trainer_layer_backward:23.93341064453125
INFO:trainer_layer_backward:22.744178771972656
INFO:trainer_layer_backward:22.5982666015625
INFO:trainer_layer_backward:23.604869842529297
INFO:trainer_layer_backward:23.808002471923828
INFO:trainer_layer_backward:22.90201187133789
INFO:trainer_layer_backward:22.631406784057617
INFO:trainer_layer_backward:24.16086196899414
INFO:trainer_layer_backward:23.82969856262207
INFO:trainer_layer_backward:22.8116512298584
INFO:trainer_layer_backward:22.609949111938477
INFO:trainer_layer_backward:23.862838745117188
INFO:trainer_layer_backward:22.986412048339844
INFO:trainer_layer_backward:22.594690322875977
INFO:trainer_layer_backward:22.373199462890625
INFO:trainer_layer_backward:23.66161346435547
INFO:trainer_layer_backward:22.70817756652832
INFO:trainer_layer_backward:22.9032039642334
INFO:trainer_layer_backward:23.51665496826172
INFO:trainer_layer_backward:23.65732192993164
INFO:trainer_layer_backward:22.888660430908203
INFO:trainer_layer_backward:22.755146026611328
INFO:trainer_layer_backward:23.47421646118164
INFO:trainer_layer_backward:23.145437240600586
INFO:trainer_layer_backward:22.863149642944336
INFO:trainer_layer_backward:22.932052612304688
INFO:trainer_layer_backward:23.883581161499023
INFO:trainer_layer_backward:23.09274673461914
INFO:trainer_layer_backward:22.683143615722656
INFO:trainer_layer_backward:22.555112838745117
INFO:trainer_layer_backward:23.70142936706543
INFO:trainer_layer_backward:23.12302589416504
INFO:trainer_layer_backward:22.568702697753906
INFO:trainer_layer_backward:22.189617156982422
INFO:trainer_layer_backward:22.97043800354004
INFO:trainer_layer_backward:22.56011962890625
INFO:trainer_layer_backward:22.76325225830078
INFO:trainer_layer_backward:23.592233657836914
INFO:trainer_layer_backward:22.315263748168945
INFO:trainer_layer_backward:22.00031280517578
INFO:trainer_layer_backward:23.548364639282227
INFO:trainer_layer_backward:22.331953048706055
INFO:trainer_layer_backward:22.57084846496582
INFO:trainer_layer_backward:22.877216339111328
INFO:trainer_layer_backward:23.41151237487793
INFO:trainer_layer_backward:22.549152374267578
INFO:trainer_layer_backward:22.58133888244629
INFO:trainer_layer_backward:23.376941680908203
INFO:trainer_layer_backward:22.291183471679688
INFO:trainer_layer_backward:23.472309112548828
INFO:trainer_layer_backward:23.17976951599121
INFO:trainer_layer_backward:23.755311965942383
INFO:trainer_layer_backward:22.897720336914062
INFO:trainer_layer_backward:22.63617515563965
INFO:trainer_layer_backward:23.06985855102539
INFO:trainer_layer_backward:23.524999618530273
INFO:trainer_layer_backward:23.401975631713867
INFO:trainer_layer_backward:22.282123565673828
INFO:trainer_layer_backward:23.244380950927734
INFO:trainer_layer_backward:22.16649055480957
INFO:trainer_layer_backward:22.70793914794922
INFO:trainer_layer_backward:22.45354652404785
INFO:trainer_layer_backward:23.50902557373047
INFO:trainer_layer_backward:22.66716957092285
INFO:trainer_layer_backward:22.577762603759766
INFO:trainer_layer_backward:23.43893051147461
INFO:trainer_layer_backward:22.336483001708984
INFO:trainer_layer_backward:22.59683609008789
INFO:trainer_layer_backward:22.940874099731445
INFO:trainer_layer_backward:22.797822952270508
INFO:trainer_layer_backward:22.371768951416016
INFO:trainer_layer_backward:22.503376007080078
INFO:trainer_layer_backward:23.534059524536133
INFO:trainer_layer_backward:23.021936416625977
INFO:trainer_layer_backward:22.335290908813477
INFO:trainer_layer_backward:23.24390411376953
INFO:trainer_layer_backward:23.380041122436523
INFO:trainer_layer_backward:22.11284637451172
INFO:trainer_layer_backward:23.27704429626465
INFO:trainer_layer_backward:23.074865341186523
INFO:trainer_layer_backward:22.83501625061035
INFO:trainer_layer_backward:22.29595184326172
INFO:trainer_layer_backward:22.66669273376465
INFO:trainer_layer_backward:23.900747299194336
INFO:trainer_layer_backward:22.63474464416504
INFO:trainer_layer_backward:22.521257400512695
INFO:trainer_layer_backward:23.421525955200195
INFO:trainer_layer_backward:22.554397583007812
INFO:trainer_layer_backward:22.710561752319336
INFO:trainer_layer_backward:23.070812225341797
INFO:trainer_layer_backward:23.433685302734375
INFO:trainer_layer_backward:22.571563720703125
INFO:trainer_layer_backward:21.988868713378906
INFO:trainer_layer_backward:23.4222412109375
INFO:trainer_layer_backward:22.228002548217773
INFO:trainer_layer_backward:22.620439529418945
INFO:trainer_layer_backward:22.58467674255371
INFO:trainer_layer_backward:23.859024047851562
INFO:trainer_layer_backward:22.417783737182617
INFO:trainer_layer_backward:22.64261245727539
INFO:trainer_layer_backward:23.44989776611328
INFO:trainer_layer_backward:22.316694259643555
INFO:trainer_layer_backward:22.550106048583984
INFO:trainer_layer_backward:22.388696670532227
INFO:trainer_layer_backward:23.128271102905273
INFO:trainer_layer_backward:22.45473861694336
INFO:trainer_layer_backward:22.446393966674805
INFO:trainer_layer_backward:23.41628074645996
INFO:trainer_layer_backward:23.021936416625977
INFO:trainer_layer_backward:22.510051727294922
INFO:trainer_layer_backward:22.591829299926758
INFO:trainer_layer_backward:23.593902587890625
INFO:trainer_layer_backward:22.127151489257812
INFO:trainer_layer_backward:23.032665252685547
INFO:trainer_layer_backward:23.486614227294922
INFO:trainer_layer_backward:22.362232208251953
INFO:trainer_layer_backward:22.62139320373535
INFO:trainer_layer_backward:22.43804931640625
INFO:trainer_layer_backward:23.04244041442871
INFO:trainer_layer_backward:23.284435272216797
INFO:trainer_layer_backward:22.155046463012695
INFO:trainer_layer_backward:23.33235740661621
INFO:trainer_layer_backward:23.030519485473633
INFO:trainer_layer_backward:22.03679084777832
INFO:trainer_layer_backward:22.584915161132812
INFO:trainer_layer_backward:23.244380950927734
INFO:trainer_layer_backward:22.578001022338867
INFO:trainer_layer_backward:22.393465042114258
INFO:trainer_layer_backward:23.276805877685547
INFO:trainer_layer_backward:22.92656898498535
INFO:trainer_layer_backward:22.562265396118164
INFO:trainer_layer_backward:22.805452346801758
INFO:trainer_layer_backward:22.808313369750977
INFO:trainer_layer_backward:22.614717483520508
INFO:trainer_layer_backward:22.400856018066406
INFO:trainer_layer_backward:23.306846618652344
INFO:trainer_layer_backward:23.053884506225586
INFO:trainer_layer_backward:22.721052169799805
INFO:trainer_layer_backward:22.352218627929688
INFO:trainer_layer_backward:23.600101470947266
INFO:trainer_layer_backward:22.635459899902344
INFO:trainer_layer_backward:22.392749786376953
INFO:trainer_layer_backward:23.42057228088379
INFO:trainer_layer_backward:22.942066192626953
INFO:trainer_layer_backward:22.630929946899414
INFO:trainer_layer_backward:22.54772186279297
INFO:trainer_layer_backward:22.83000946044922
INFO:trainer_layer_backward:22.66383171081543
INFO:trainer_layer_backward:22.47786521911621
INFO:trainer_layer_backward:23.304224014282227
INFO:trainer_layer_backward:22.320270538330078
INFO:trainer_layer_backward:22.371292114257812
INFO:trainer_layer_backward:22.712230682373047
INFO:trainer_layer_backward:23.814916610717773
INFO:trainer_layer_backward:21.901845932006836
INFO:trainer_layer_backward:22.185564041137695
INFO:trainer_layer_backward:23.44512939453125
INFO:trainer_layer_backward:22.848844528198242
INFO:trainer_layer_backward:22.301912307739258
INFO:trainer_layer_backward:22.995948791503906
INFO:trainer_layer_backward:23.456811904907227
INFO:trainer_layer_backward:22.341012954711914
INFO:trainer_layer_backward:22.593975067138672
INFO:trainer_layer_backward:26.335716247558594
INFO:trainer_layer_backward:24.10435676574707
INFO:trainer_layer_backward:22.932767868041992
INFO:trainer_layer_backward:22.934675216674805
INFO:trainer_layer_backward:22.346019744873047
INFO:trainer_layer_backward:23.824453353881836
INFO:trainer_layer_backward:22.916555404663086
INFO:trainer_layer_backward:22.78280258178711
INFO:trainer_layer_backward:23.147106170654297
INFO:trainer_layer_backward:23.595809936523438
INFO:trainer_layer_backward:22.65763282775879
INFO:trainer_layer_backward:22.82118797302246
INFO:trainer_layer_backward:24.028778076171875
INFO:trainer_layer_backward:23.700475692749023
INFO:trainer_layer_backward:22.889375686645508
INFO:trainer_layer_backward:22.80116081237793
INFO:trainer_layer_backward:23.856163024902344
INFO:trainer_layer_backward:23.22983741760254
INFO:trainer_layer_backward:22.57847785949707
INFO:trainer_layer_backward:22.6895809173584
INFO:trainer_layer_backward:23.88620376586914
INFO:trainer_layer_backward:22.975921630859375
INFO:trainer_layer_backward:22.913694381713867
INFO:trainer_layer_backward:22.460460662841797
INFO:trainer_layer_backward:23.968935012817383
INFO:trainer_layer_backward:22.773265838623047
INFO:trainer_layer_backward:22.523164749145508
INFO:trainer_layer_backward:23.870468139648438
INFO:trainer_layer_backward:23.641586303710938
INFO:trainer_layer_backward:22.939682006835938
INFO:trainer_layer_backward:22.166013717651367
INFO:trainer_layer_backward:23.95033836364746
INFO:trainer_layer_backward:23.77152442932129
INFO:trainer_layer_backward:22.900819778442383
INFO:trainer_layer_backward:22.539138793945312
INFO:trainer_layer_backward:23.606300354003906
INFO:trainer_layer_backward:23.040771484375
INFO:trainer_layer_backward:22.359609603881836
INFO:trainer_layer_backward:23.432016372680664
INFO:trainer_layer_backward:22.876501083374023
INFO:trainer_layer_backward:22.54962921142578
INFO:trainer_layer_backward:22.522449493408203
INFO:trainer_layer_backward:23.372888565063477
INFO:trainer_layer_backward:22.887706756591797
INFO:trainer_layer_backward:22.3233699798584
INFO:trainer_layer_backward:22.828340530395508
INFO:trainer_layer_backward:23.143529891967773
INFO:trainer_layer_backward:22.386789321899414
INFO:trainer_layer_backward:22.762775421142578
INFO:trainer_layer_backward:22.904157638549805
INFO:trainer_layer_backward:22.902488708496094
INFO:trainer_layer_backward:22.413969039916992
INFO:trainer_layer_backward:22.57823944091797
INFO:trainer_layer_backward:23.45442771911621
INFO:trainer_layer_backward:22.42279052734375
INFO:trainer_layer_backward:22.28522300720215
INFO:trainer_layer_backward:23.456811904907227
INFO:trainer_layer_backward:22.902488708496094
INFO:trainer_layer_backward:21.917104721069336
INFO:trainer_layer_backward:22.88055419921875
INFO:trainer_layer_backward:23.37503433227539
INFO:trainer_layer_backward:22.28260040283203
INFO:trainer_layer_backward:22.510766983032227
INFO:trainer_layer_backward:23.585796356201172
INFO:trainer_layer_backward:23.162841796875
INFO:trainer_layer_backward:22.324800491333008
INFO:trainer_layer_backward:21.29507064819336
INFO:trainer_layer_backward:23.319244384765625
INFO:trainer_layer_backward:23.28038215637207
INFO:trainer_layer_backward:22.66860008239746
INFO:trainer_layer_backward:23.380279541015625
INFO:trainer_layer_backward:23.34141731262207
INFO:trainer_layer_backward:22.269487380981445
INFO:trainer_layer_backward:22.44734764099121
INFO:trainer_layer_backward:23.69403839111328
INFO:trainer_layer_backward:22.394418716430664
INFO:trainer_layer_backward:21.867990493774414
INFO:trainer_layer_backward:23.441314697265625
INFO:trainer_layer_backward:22.230148315429688
INFO:trainer_layer_backward:22.440195083618164
INFO:trainer_layer_backward:22.763967514038086
INFO:trainer_layer_backward:23.175477981567383
INFO:trainer_layer_backward:22.60899543762207
INFO:trainer_layer_backward:22.287845611572266
INFO:trainer_layer_backward:23.569107055664062
INFO:trainer_layer_backward:22.92490005493164
INFO:trainer_layer_backward:22.542715072631836
INFO:trainer_layer_backward:22.306442260742188
INFO:trainer_layer_backward:23.311614990234375
INFO:trainer_layer_backward:22.324323654174805
INFO:trainer_layer_backward:21.82483673095703
INFO:trainer_layer_backward:23.165225982666016
INFO:trainer_layer_backward:22.774219512939453
INFO:trainer_layer_backward:22.355318069458008
INFO:trainer_layer_backward:22.900104522705078
INFO:trainer_layer_backward:22.73392677307129
INFO:trainer_layer_backward:21.95143699645996
INFO:trainer_layer_backward:23.01645278930664
INFO:trainer_layer_backward:23.52738380432129
INFO:trainer_layer_backward:22.295475006103516
INFO:trainer_layer_backward:22.23682403564453
INFO:trainer_layer_backward:23.49090576171875
INFO:trainer_layer_backward:22.95994758605957
INFO:trainer_layer_backward:22.401809692382812
INFO:trainer_layer_backward:22.963285446166992
INFO:trainer_layer_backward:23.53191375732422
INFO:trainer_layer_backward:22.385358810424805
INFO:trainer_layer_backward:22.44114875793457
INFO:trainer_layer_backward:23.530960083007812
INFO:trainer_layer_backward:22.3236083984375
INFO:trainer_layer_backward:22.285938262939453
INFO:trainer_layer_backward:23.292064666748047
INFO:trainer_layer_backward:23.5593318939209
INFO:trainer_layer_backward:22.363901138305664
INFO:trainer_layer_backward:22.197484970092773
INFO:trainer_layer_backward:23.387432098388672
INFO:trainer_layer_backward:22.923707962036133
INFO:trainer_layer_backward:22.47333526611328
INFO:trainer_layer_backward:23.44346046447754
INFO:trainer_layer_backward:23.265838623046875
INFO:trainer_layer_backward:22.62735366821289
INFO:trainer_layer_backward:22.008419036865234
INFO:trainer_layer_backward:23.343801498413086
INFO:trainer_layer_backward:22.25637435913086
INFO:trainer_layer_backward:22.220134735107422
INFO:trainer_layer_backward:23.427486419677734
INFO:trainer_layer_backward:23.679256439208984
INFO:trainer_layer_backward:22.08685874938965
INFO:trainer_layer_backward:24.338483810424805
INFO:trainer_layer_backward:24.58977699279785
INFO:trainer_layer_backward:24.02663230895996
INFO:trainer_layer_backward:23.70166778564453
INFO:trainer_layer_backward:22.624492645263672
INFO:trainer_layer_backward:22.94015884399414
INFO:trainer_layer_backward:23.66352081298828
INFO:trainer_layer_backward:23.15545082092285
INFO:trainer_layer_backward:22.21083641052246
INFO:trainer_layer_backward:22.9794979095459
INFO:trainer_layer_backward:23.61917495727539
INFO:trainer_layer_backward:23.15521240234375
INFO:trainer_layer_backward:22.335052490234375
INFO:trainer_layer_backward:22.818565368652344
INFO:trainer_layer_backward:23.48017692565918
INFO:trainer_layer_backward:23.044824600219727
INFO:trainer_layer_backward:21.759986877441406
INFO:trainer_layer_backward:22.954463958740234
INFO:trainer_layer_backward:24.079322814941406
INFO:trainer_layer_backward:23.27418327331543
INFO:trainer_layer_backward:22.136926651000977
INFO:trainer_layer_backward:22.901535034179688
INFO:trainer_layer_backward:23.816823959350586
INFO:trainer_layer_backward:23.125171661376953
INFO:trainer_layer_backward:22.670507431030273
INFO:trainer_layer_backward:23.100614547729492
INFO:trainer_layer_backward:23.85425567626953
INFO:trainer_layer_backward:23.20122718811035
INFO:trainer_layer_backward:22.907257080078125
INFO:trainer_layer_backward:23.176193237304688
INFO:trainer_layer_backward:23.57625961303711
INFO:trainer_layer_backward:23.303747177124023
INFO:trainer_layer_backward:22.12691307067871
INFO:trainer_layer_backward:22.847652435302734
INFO:trainer_layer_backward:22.605180740356445
INFO:trainer_layer_backward:21.819114685058594
INFO:trainer_layer_backward:22.30048179626465
INFO:trainer_layer_backward:23.459672927856445
INFO:trainer_layer_backward:22.823810577392578
INFO:trainer_layer_backward:22.441387176513672
INFO:trainer_layer_backward:22.71866798400879
INFO:trainer_layer_backward:22.758960723876953
INFO:trainer_layer_backward:22.462129592895508
INFO:trainer_layer_backward:22.63927459716797
INFO:trainer_layer_backward:23.525476455688477
INFO:trainer_layer_backward:23.085594177246094
INFO:trainer_layer_backward:22.035837173461914
INFO:trainer_layer_backward:23.007631301879883
INFO:trainer_layer_backward:23.38099479675293
INFO:trainer_layer_backward:22.35889434814453
INFO:trainer_layer_backward:23.148536682128906
INFO:trainer_layer_backward:23.790597915649414
INFO:trainer_layer_backward:23.37503433227539
INFO:trainer_layer_backward:22.368669509887695
INFO:trainer_layer_backward:22.771358489990234
INFO:trainer_layer_backward:23.287296295166016
INFO:trainer_layer_backward:22.357702255249023
INFO:trainer_layer_backward:22.30215072631836
INFO:trainer_layer_backward:23.400068283081055
INFO:trainer_layer_backward:23.682594299316406
INFO:trainer_layer_backward:22.334814071655273
INFO:trainer_layer_backward:22.568941116333008
INFO:trainer_layer_backward:23.760080337524414
INFO:trainer_layer_backward:22.288799285888672
INFO:trainer_layer_backward:22.36771583557129
INFO:trainer_layer_backward:22.894620895385742
INFO:trainer_layer_backward:22.74942398071289
INFO:trainer_layer_backward:22.349834442138672
INFO:trainer_layer_backward:22.899389266967773
INFO:trainer_layer_backward:23.64039421081543
INFO:trainer_layer_backward:22.980451583862305
INFO:trainer_layer_backward:22.554874420166016
INFO:trainer_layer_backward:22.49765396118164
INFO:trainer_layer_backward:23.4987735748291
INFO:trainer_layer_backward:22.30215072631836
INFO:trainer_layer_backward:22.442340850830078
INFO:trainer_layer_backward:23.68903160095215
INFO:trainer_layer_backward:23.061513900756836
INFO:trainer_layer_backward:22.556066513061523
INFO:trainer_layer_backward:23.00405502319336
INFO:trainer_layer_backward:23.105144500732422
INFO:trainer_layer_backward:22.57394790649414
INFO:trainer_layer_backward:22.58157730102539
INFO:trainer_layer_backward:23.4072208404541
INFO:trainer_layer_backward:23.128271102905273
INFO:trainer_layer_backward:22.046566009521484
INFO:trainer_layer_backward:22.890329360961914
INFO:trainer_layer_backward:23.470640182495117
INFO:trainer_layer_backward:22.45020866394043
INFO:trainer_layer_backward:22.54772186279297
INFO:trainer_layer_backward:23.520708084106445
INFO:trainer_layer_backward:22.297143936157227
INFO:trainer_layer_backward:22.670984268188477
INFO:trainer_layer_backward:22.996187210083008
INFO:trainer_layer_backward:23.68021011352539
INFO:trainer_layer_backward:21.91615104675293
INFO:trainer_layer_backward:22.383689880371094
INFO:trainer_layer_backward:23.47087860107422
INFO:trainer_layer_backward:23.10490608215332
INFO:trainer_layer_backward:22.334814071655273
INFO:trainer_layer_backward:23.604869842529297
INFO:trainer_layer_backward:23.1935977935791
INFO:trainer_layer_backward:22.346973419189453
INFO:trainer_layer_backward:22.037744522094727
INFO:trainer_layer_backward:23.297786712646484
INFO:trainer_layer_backward:23.162126541137695
INFO:trainer_layer_backward:21.90566062927246
INFO:trainer_layer_backward:23.00858497619629
INFO:trainer_layer_backward:22.816181182861328
INFO:trainer_layer_backward:22.555828094482422
INFO:trainer_layer_backward:22.589683532714844
INFO:trainer_layer_backward:23.54288101196289
INFO:trainer_layer_backward:23.110151290893555
INFO:trainer_layer_backward:21.900415420532227
INFO:trainer_layer_backward:22.82547950744629
INFO:trainer_layer_backward:23.453235626220703
INFO:trainer_layer_backward:22.4912166595459
INFO:trainer_layer_backward:22.432327270507812
INFO:trainer_layer_backward:23.432016372680664
INFO:trainer_layer_backward:22.88961410522461
INFO:trainer_layer_backward:22.33099937438965
INFO:trainer_layer_backward:22.893428802490234
INFO:trainer_layer_backward:22.736787796020508
INFO:trainer_layer_backward:22.58586883544922
INFO:trainer_layer_backward:22.6747989654541
INFO:trainer_layer_backward:23.45871925354004
INFO:trainer_layer_backward:23.029565811157227
INFO:trainer_layer_backward:22.614717483520508
INFO:trainer_layer_backward:22.616863250732422
INFO:trainer_layer_backward:23.17500114440918
INFO:trainer_layer_backward:22.568941116333008
INFO:trainer_layer_backward:22.2780704498291
INFO:trainer_layer_backward:22.93086051940918
INFO:trainer_layer_backward:22.922754287719727
INFO:trainer_layer_backward:22.626399993896484
INFO:trainer_layer_backward:23.214101791381836
INFO:trainer_layer_backward:23.486852645874023
INFO:trainer_layer_backward:22.27640151977539
INFO:trainer_layer_backward:22.155046463012695
INFO:trainer_layer_backward:23.73194694519043
INFO:trainer_layer_backward:23.008346557617188
INFO:trainer_layer_backward:22.397756576538086
INFO:trainer_layer_backward:23.337602615356445
INFO:trainer_layer_backward:23.537397384643555
INFO:trainer_layer_backward:23.141860961914062
INFO:trainer_layer_backward:22.593975067138672
INFO:trainer_layer_backward:22.783517837524414
INFO:trainer_layer_backward:22.999286651611328
INFO:trainer_layer_backward:22.227764129638672
INFO:trainer_layer_backward:22.4459171295166
INFO:trainer_layer_backward:23.40078353881836
INFO:trainer_layer_backward:21.970510482788086
INFO:trainer_layer_backward:22.517919540405273
INFO:trainer_layer_backward:23.566484451293945
INFO:trainer_layer_backward:22.545576095581055
INFO:trainer_layer_backward:21.975040435791016
INFO:trainer_layer_backward:23.091554641723633
INFO:trainer_layer_backward:23.54741096496582
INFO:trainer_layer_backward:22.52197265625
INFO:trainer_layer_backward:22.49765396118164
INFO:trainer_layer_backward:23.400545120239258
INFO:trainer_layer_backward:22.34482765197754
INFO:trainer_layer_backward:22.62425422668457
INFO:trainer_layer_backward:23.167133331298828
INFO:trainer_layer_backward:22.83024787902832
INFO:trainer_layer_backward:22.615432739257812
INFO:trainer_layer_backward:22.582530975341797
INFO:trainer_layer_backward:23.49567413330078
INFO:trainer_layer_backward:22.23944664001465
INFO:trainer_layer_backward:22.577285766601562
INFO:trainer_layer_backward:23.268938064575195
INFO:trainer_layer_backward:22.898197174072266
INFO:trainer_layer_backward:22.689104080200195
INFO:trainer_layer_backward:22.397518157958984
INFO:trainer_layer_backward:23.57339859008789
INFO:trainer_layer_backward:22.36008644104004
INFO:trainer_layer_backward:22.511959075927734
INFO:trainer_layer_backward:22.858381271362305
INFO:trainer_layer_backward:23.98991584777832
INFO:trainer_layer_backward:22.426843643188477
INFO:trainer_layer_backward:22.557735443115234
INFO:trainer_layer_backward:23.01645278930664
INFO:trainer_layer_backward:23.067951202392578
INFO:trainer_layer_backward:22.455930709838867
INFO:trainer_layer_backward:22.80139923095703
INFO:trainer_layer_backward:22.83930778503418
INFO:trainer_layer_backward:22.431373596191406
INFO:trainer_layer_backward:22.56155014038086
INFO:trainer_layer_backward:23.561716079711914
INFO:trainer_layer_backward:23.01955223083496
INFO:trainer_layer_backward:22.301912307739258
INFO:trainer_layer_backward:23.24962615966797
INFO:trainer_layer_backward:23.704051971435547
