INFO:trainer_layer_backward:FFT_CNNEx | mnist
INFO:trainer_layer_backward:in_size : 256 | epochs : 1 | batch : 1
INFO:trainer_layer_backward:kernel_l1 : 129 | 
INFO:trainer_layer_backward:o_channels_l1 : 20 | 
INFO:trainer_layer_backward:learn_num_train : 1000 | learn_num_validate : 0 
INFO:trainer_layer_backward::::::::::::::::::::::::::::::::::::::::::::::::::::::::::::
INFO:trainer_layer_backward:message : FFT_conv1 
INFO:trainer_layer_backward::::::::::::::::::::::::::::::::::::::::::::::::::::::::::::
INFO:trainer_layer_backward:Ave_Time : 5.680905448065864
INFO:trainer_layer_backward::::::::::::::::::::::::::::::::::::::::::::::::::::::::::::
INFO:trainer_layer_backward:6.825923919677734
INFO:trainer_layer_backward:6.827116012573242
INFO:trainer_layer_backward:6.217718124389648
INFO:trainer_layer_backward:6.853580474853516
INFO:trainer_layer_backward:6.438016891479492
INFO:trainer_layer_backward:6.584405899047852
INFO:trainer_layer_backward:6.531953811645508
INFO:trainer_layer_backward:6.923437118530273
INFO:trainer_layer_backward:6.116151809692383
INFO:trainer_layer_backward:6.576776504516602
INFO:trainer_layer_backward:6.582498550415039
INFO:trainer_layer_backward:6.937980651855469
INFO:trainer_layer_backward:6.157398223876953
INFO:trainer_layer_backward:7.354974746704102
INFO:trainer_layer_backward:6.586790084838867
INFO:trainer_layer_backward:6.610870361328125
INFO:trainer_layer_backward:6.186485290527344
INFO:trainer_layer_backward:6.972074508666992
INFO:trainer_layer_backward:6.182432174682617
INFO:trainer_layer_backward:6.465435028076172
INFO:trainer_layer_backward:5.171537399291992
INFO:trainer_layer_backward:6.008386611938477
INFO:trainer_layer_backward:5.442142486572266
INFO:trainer_layer_backward:5.887746810913086
INFO:trainer_layer_backward:5.731105804443359
INFO:trainer_layer_backward:6.323099136352539
INFO:trainer_layer_backward:5.899190902709961
INFO:trainer_layer_backward:5.794048309326172
INFO:trainer_layer_backward:5.450725555419922
INFO:trainer_layer_backward:5.474567413330078
INFO:trainer_layer_backward:5.821466445922852
INFO:trainer_layer_backward:5.0563812255859375
INFO:trainer_layer_backward:5.930662155151367
INFO:trainer_layer_backward:5.228519439697266
INFO:trainer_layer_backward:6.19816780090332
INFO:trainer_layer_backward:5.4759979248046875
INFO:trainer_layer_backward:6.853342056274414
INFO:trainer_layer_backward:5.051851272583008
INFO:trainer_layer_backward:6.053924560546875
INFO:trainer_layer_backward:5.495309829711914
INFO:trainer_layer_backward:5.809783935546875
INFO:trainer_layer_backward:5.418300628662109
INFO:trainer_layer_backward:5.7830810546875
INFO:trainer_layer_backward:5.583524703979492
INFO:trainer_layer_backward:5.467414855957031
INFO:trainer_layer_backward:5.872488021850586
INFO:trainer_layer_backward:5.254268646240234
INFO:trainer_layer_backward:6.026744842529297
INFO:trainer_layer_backward:5.083560943603516
INFO:trainer_layer_backward:5.832910537719727
INFO:trainer_layer_backward:5.068778991699219
INFO:trainer_layer_backward:5.076885223388672
INFO:trainer_layer_backward:5.503416061401367
INFO:trainer_layer_backward:6.353855133056641
INFO:trainer_layer_backward:5.591392517089844
INFO:trainer_layer_backward:5.043745040893555
INFO:trainer_layer_backward:6.958246231079102
INFO:trainer_layer_backward:5.065202713012695
INFO:trainer_layer_backward:6.495475769042969
INFO:trainer_layer_backward:5.806922912597656
INFO:trainer_layer_backward:6.821870803833008
INFO:trainer_layer_backward:5.352020263671875
INFO:trainer_layer_backward:6.287574768066406
INFO:trainer_layer_backward:5.038738250732422
INFO:trainer_layer_backward:6.768703460693359
INFO:trainer_layer_backward:5.180835723876953
INFO:trainer_layer_backward:6.124258041381836
INFO:trainer_layer_backward:5.702018737792969
INFO:trainer_layer_backward:5.872249603271484
INFO:trainer_layer_backward:5.134820938110352
INFO:trainer_layer_backward:5.77545166015625
INFO:trainer_layer_backward:5.984306335449219
INFO:trainer_layer_backward:5.403280258178711
INFO:trainer_layer_backward:6.297826766967773
INFO:trainer_layer_backward:5.036354064941406
INFO:trainer_layer_backward:6.661653518676758
INFO:trainer_layer_backward:5.419492721557617
INFO:trainer_layer_backward:6.285667419433594
INFO:trainer_layer_backward:5.028247833251953
INFO:trainer_layer_backward:16.738414764404297
INFO:trainer_layer_backward:5.22613525390625
INFO:trainer_layer_backward:5.096435546875
INFO:trainer_layer_backward:6.375312805175781
INFO:trainer_layer_backward:5.052328109741211
INFO:trainer_layer_backward:6.145954132080078
INFO:trainer_layer_backward:5.616664886474609
INFO:trainer_layer_backward:5.725622177124023
INFO:trainer_layer_backward:5.159139633178711
INFO:trainer_layer_backward:5.072355270385742
INFO:trainer_layer_backward:6.182193756103516
INFO:trainer_layer_backward:5.0640106201171875
INFO:trainer_layer_backward:6.23631477355957
INFO:trainer_layer_backward:5.154132843017578
INFO:trainer_layer_backward:8.139610290527344
INFO:trainer_layer_backward:5.347013473510742
INFO:trainer_layer_backward:6.438970565795898
INFO:trainer_layer_backward:5.3234100341796875
INFO:trainer_layer_backward:6.615161895751953
INFO:trainer_layer_backward:5.8135986328125
INFO:trainer_layer_backward:5.708217620849609
INFO:trainer_layer_backward:5.751848220825195
INFO:trainer_layer_backward:5.651950836181641
INFO:trainer_layer_backward:5.472421646118164
INFO:trainer_layer_backward:5.774736404418945
INFO:trainer_layer_backward:5.10716438293457
INFO:trainer_layer_backward:6.353855133056641
INFO:trainer_layer_backward:5.059480667114258
INFO:trainer_layer_backward:6.099939346313477
INFO:trainer_layer_backward:5.1174163818359375
INFO:trainer_layer_backward:5.922079086303711
INFO:trainer_layer_backward:5.248069763183594
INFO:trainer_layer_backward:5.392789840698242
INFO:trainer_layer_backward:5.731344223022461
INFO:trainer_layer_backward:5.046844482421875
INFO:trainer_layer_backward:6.604671478271484
INFO:trainer_layer_backward:5.3348541259765625
INFO:trainer_layer_backward:6.53529167175293
INFO:trainer_layer_backward:5.052804946899414
INFO:trainer_layer_backward:6.331443786621094
INFO:trainer_layer_backward:5.060911178588867
INFO:trainer_layer_backward:6.313323974609375
INFO:trainer_layer_backward:5.547761917114258
INFO:trainer_layer_backward:5.703449249267578
INFO:trainer_layer_backward:5.323171615600586
INFO:trainer_layer_backward:5.486011505126953
INFO:trainer_layer_backward:5.416631698608398
INFO:trainer_layer_backward:5.207538604736328
INFO:trainer_layer_backward:5.942583084106445
INFO:trainer_layer_backward:5.076408386230469
INFO:trainer_layer_backward:5.788326263427734
INFO:trainer_layer_backward:5.266904830932617
INFO:trainer_layer_backward:5.716085433959961
INFO:trainer_layer_backward:5.025625228881836
INFO:trainer_layer_backward:5.672693252563477
INFO:trainer_layer_backward:5.539417266845703
INFO:trainer_layer_backward:5.468130111694336
INFO:trainer_layer_backward:5.515336990356445
INFO:trainer_layer_backward:5.097389221191406
INFO:trainer_layer_backward:6.342649459838867
INFO:trainer_layer_backward:5.824565887451172
INFO:trainer_layer_backward:6.361961364746094
INFO:trainer_layer_backward:5.364418029785156
INFO:trainer_layer_backward:6.831884384155273
INFO:trainer_layer_backward:5.054712295532227
INFO:trainer_layer_backward:6.68644905090332
INFO:trainer_layer_backward:5.146503448486328
INFO:trainer_layer_backward:6.36744499206543
INFO:trainer_layer_backward:5.407571792602539
INFO:trainer_layer_backward:6.201982498168945
INFO:trainer_layer_backward:5.392789840698242
INFO:trainer_layer_backward:5.985021591186523
INFO:trainer_layer_backward:5.303621292114258
INFO:trainer_layer_backward:5.366086959838867
INFO:trainer_layer_backward:5.889415740966797
INFO:trainer_layer_backward:5.120038986206055
INFO:trainer_layer_backward:6.583929061889648
INFO:trainer_layer_backward:5.330562591552734
INFO:trainer_layer_backward:6.377935409545898
INFO:trainer_layer_backward:5.088567733764648
INFO:trainer_layer_backward:5.723714828491211
INFO:trainer_layer_backward:5.269289016723633
INFO:trainer_layer_backward:5.458831787109375
INFO:trainer_layer_backward:5.530118942260742
INFO:trainer_layer_backward:5.033016204833984
INFO:trainer_layer_backward:6.35218620300293
INFO:trainer_layer_backward:5.040407180786133
INFO:trainer_layer_backward:6.239652633666992
INFO:trainer_layer_backward:5.088567733764648
INFO:trainer_layer_backward:5.438566207885742
INFO:trainer_layer_backward:5.19251823425293
INFO:trainer_layer_backward:5.065441131591797
INFO:trainer_layer_backward:6.428003311157227
INFO:trainer_layer_backward:5.048036575317383
INFO:trainer_layer_backward:6.329536437988281
INFO:trainer_layer_backward:5.062103271484375
INFO:trainer_layer_backward:5.859375
INFO:trainer_layer_backward:5.343198776245117
INFO:trainer_layer_backward:5.48863410949707
INFO:trainer_layer_backward:5.22160530090332
INFO:trainer_layer_backward:5.094766616821289
INFO:trainer_layer_backward:6.258726119995117
INFO:trainer_layer_backward:5.045890808105469
INFO:trainer_layer_backward:6.393909454345703
INFO:trainer_layer_backward:5.059003829956055
INFO:trainer_layer_backward:6.215572357177734
INFO:trainer_layer_backward:5.18798828125
INFO:trainer_layer_backward:5.375385284423828
INFO:trainer_layer_backward:5.438089370727539
INFO:trainer_layer_backward:5.0754547119140625
INFO:trainer_layer_backward:6.2999725341796875
INFO:trainer_layer_backward:5.040884017944336
INFO:trainer_layer_backward:6.417751312255859
INFO:trainer_layer_backward:5.178213119506836
INFO:trainer_layer_backward:5.972623825073242
INFO:trainer_layer_backward:5.363225936889648
INFO:trainer_layer_backward:5.557537078857422
INFO:trainer_layer_backward:5.417108535766602
INFO:trainer_layer_backward:5.040407180786133
INFO:trainer_layer_backward:6.475925445556641
INFO:trainer_layer_backward:5.055665969848633
INFO:trainer_layer_backward:6.536006927490234
INFO:trainer_layer_backward:5.231618881225586
INFO:trainer_layer_backward:6.268024444580078
INFO:trainer_layer_backward:5.170345306396484
INFO:trainer_layer_backward:5.643606185913086
INFO:trainer_layer_backward:5.510091781616211
INFO:trainer_layer_backward:5.185365676879883
INFO:trainer_layer_backward:6.454706192016602
INFO:trainer_layer_backward:5.204200744628906
INFO:trainer_layer_backward:8.03232192993164
INFO:trainer_layer_backward:5.134820938110352
INFO:trainer_layer_backward:6.353855133056641
INFO:trainer_layer_backward:5.204916000366211
INFO:trainer_layer_backward:6.589412689208984
INFO:trainer_layer_backward:5.364894866943359
INFO:trainer_layer_backward:5.492687225341797
INFO:trainer_layer_backward:5.404949188232422
INFO:trainer_layer_backward:5.5694580078125
INFO:trainer_layer_backward:5.641937255859375
INFO:trainer_layer_backward:5.086183547973633
INFO:trainer_layer_backward:6.364583969116211
INFO:trainer_layer_backward:5.048274993896484
INFO:trainer_layer_backward:6.1626434326171875
INFO:trainer_layer_backward:5.050182342529297
INFO:trainer_layer_backward:5.631446838378906
INFO:trainer_layer_backward:5.046367645263672
INFO:trainer_layer_backward:5.047321319580078
INFO:trainer_layer_backward:6.151437759399414
INFO:trainer_layer_backward:5.057096481323242
INFO:trainer_layer_backward:5.855560302734375
INFO:trainer_layer_backward:5.038261413574219
INFO:trainer_layer_backward:5.493402481079102
INFO:trainer_layer_backward:5.209684371948242
INFO:trainer_layer_backward:5.054473876953125
INFO:trainer_layer_backward:6.192922592163086
INFO:trainer_layer_backward:5.048513412475586
INFO:trainer_layer_backward:5.965709686279297
INFO:trainer_layer_backward:5.053281784057617
INFO:trainer_layer_backward:5.449771881103516
INFO:trainer_layer_backward:5.170583724975586
INFO:trainer_layer_backward:5.563497543334961
INFO:trainer_layer_backward:5.718469619750977
INFO:trainer_layer_backward:5.072593688964844
INFO:trainer_layer_backward:6.117582321166992
INFO:trainer_layer_backward:5.043506622314453
INFO:trainer_layer_backward:6.109476089477539
INFO:trainer_layer_backward:5.424976348876953
INFO:trainer_layer_backward:6.619930267333984
INFO:trainer_layer_backward:5.1422119140625
INFO:trainer_layer_backward:5.628347396850586
INFO:trainer_layer_backward:5.062580108642578
INFO:trainer_layer_backward:5.582094192504883
INFO:trainer_layer_backward:5.859613418579102
INFO:trainer_layer_backward:5.059957504272461
INFO:trainer_layer_backward:6.139278411865234
INFO:trainer_layer_backward:5.052328109741211
INFO:trainer_layer_backward:5.970954895019531
INFO:trainer_layer_backward:5.080699920654297
INFO:trainer_layer_backward:5.549430847167969
INFO:trainer_layer_backward:5.083560943603516
INFO:trainer_layer_backward:5.6209564208984375
INFO:trainer_layer_backward:6.218194961547852
INFO:trainer_layer_backward:5.2433013916015625
INFO:trainer_layer_backward:6.123542785644531
INFO:trainer_layer_backward:5.190610885620117
INFO:trainer_layer_backward:6.528377532958984
INFO:trainer_layer_backward:5.201816558837891
INFO:trainer_layer_backward:6.334781646728516
INFO:trainer_layer_backward:5.209445953369141
INFO:trainer_layer_backward:6.663322448730469
INFO:trainer_layer_backward:5.0487518310546875
INFO:trainer_layer_backward:6.695985794067383
INFO:trainer_layer_backward:5.041837692260742
INFO:trainer_layer_backward:6.040811538696289
INFO:trainer_layer_backward:5.039215087890625
INFO:trainer_layer_backward:5.592107772827148
INFO:trainer_layer_backward:5.301952362060547
INFO:trainer_layer_backward:5.092859268188477
INFO:trainer_layer_backward:6.261348724365234
INFO:trainer_layer_backward:5.078554153442383
INFO:trainer_layer_backward:6.133794784545898
INFO:trainer_layer_backward:5.0563812255859375
INFO:trainer_layer_backward:5.877971649169922
INFO:trainer_layer_backward:5.08427619934082
INFO:trainer_layer_backward:5.573749542236328
INFO:trainer_layer_backward:5.709171295166016
INFO:trainer_layer_backward:5.062341690063477
INFO:trainer_layer_backward:6.436586380004883
INFO:trainer_layer_backward:5.055904388427734
INFO:trainer_layer_backward:6.112337112426758
INFO:trainer_layer_backward:5.066394805908203
INFO:trainer_layer_backward:5.482673645019531
INFO:trainer_layer_backward:5.061149597167969
INFO:trainer_layer_backward:5.035638809204102
INFO:trainer_layer_backward:6.1931610107421875
INFO:trainer_layer_backward:5.099058151245117
INFO:trainer_layer_backward:6.33549690246582
INFO:trainer_layer_backward:5.311727523803711
INFO:trainer_layer_backward:6.836891174316406
INFO:trainer_layer_backward:5.026102066040039
INFO:trainer_layer_backward:5.918025970458984
INFO:trainer_layer_backward:5.061864852905273
INFO:trainer_layer_backward:5.548715591430664
INFO:trainer_layer_backward:5.270957946777344
INFO:trainer_layer_backward:5.067110061645508
INFO:trainer_layer_backward:6.213665008544922
INFO:trainer_layer_backward:5.093097686767578
INFO:trainer_layer_backward:5.927801132202148
INFO:trainer_layer_backward:5.021810531616211
INFO:trainer_layer_backward:5.531549453735352
INFO:trainer_layer_backward:5.081415176391602
INFO:trainer_layer_backward:5.475759506225586
INFO:trainer_layer_backward:6.205081939697266
INFO:trainer_layer_backward:5.078792572021484
INFO:trainer_layer_backward:6.141901016235352
INFO:trainer_layer_backward:5.053520202636719
INFO:trainer_layer_backward:6.351232528686523
INFO:trainer_layer_backward:5.022525787353516
INFO:trainer_layer_backward:5.573272705078125
INFO:trainer_layer_backward:5.538702011108398
INFO:trainer_layer_backward:5.625486373901367
INFO:trainer_layer_backward:5.858421325683594
INFO:trainer_layer_backward:5.293130874633789
INFO:trainer_layer_backward:6.312131881713867
INFO:trainer_layer_backward:5.573749542236328
INFO:trainer_layer_backward:5.654573440551758
INFO:trainer_layer_backward:5.962133407592773
INFO:trainer_layer_backward:5.736112594604492
INFO:trainer_layer_backward:5.149126052856445
INFO:trainer_layer_backward:5.989313125610352
INFO:trainer_layer_backward:5.153894424438477
INFO:trainer_layer_backward:5.999326705932617
INFO:trainer_layer_backward:5.536317825317383
INFO:trainer_layer_backward:5.796909332275391
INFO:trainer_layer_backward:5.898952484130859
INFO:trainer_layer_backward:6.098270416259766
INFO:trainer_layer_backward:5.281686782836914
INFO:trainer_layer_backward:5.640745162963867
INFO:trainer_layer_backward:5.94639778137207
INFO:trainer_layer_backward:5.028963088989258
INFO:trainer_layer_backward:5.985736846923828
INFO:trainer_layer_backward:5.035877227783203
INFO:trainer_layer_backward:5.89752197265625
INFO:trainer_layer_backward:5.4798126220703125
INFO:trainer_layer_backward:5.802392959594727
INFO:trainer_layer_backward:5.428791046142578
INFO:trainer_layer_backward:5.940437316894531
INFO:trainer_layer_backward:5.543708801269531
INFO:trainer_layer_backward:5.8345794677734375
INFO:trainer_layer_backward:5.9757232666015625
INFO:trainer_layer_backward:5.767345428466797
INFO:trainer_layer_backward:5.947589874267578
INFO:trainer_layer_backward:5.8269500732421875
INFO:trainer_layer_backward:6.226539611816406
INFO:trainer_layer_backward:5.595922470092773
INFO:trainer_layer_backward:5.794048309326172
INFO:trainer_layer_backward:5.803108215332031
INFO:trainer_layer_backward:6.001949310302734
INFO:trainer_layer_backward:5.40924072265625
INFO:trainer_layer_backward:5.579233169555664
INFO:trainer_layer_backward:5.642890930175781
INFO:trainer_layer_backward:6.222009658813477
INFO:trainer_layer_backward:5.777597427368164
INFO:trainer_layer_backward:5.032539367675781
INFO:trainer_layer_backward:6.282567977905273
INFO:trainer_layer_backward:5.080699920654297
INFO:trainer_layer_backward:5.796909332275391
INFO:trainer_layer_backward:5.384922027587891
INFO:trainer_layer_backward:5.887746810913086
INFO:trainer_layer_backward:5.385160446166992
INFO:trainer_layer_backward:5.51605224609375
INFO:trainer_layer_backward:5.492925643920898
INFO:trainer_layer_backward:5.046367645263672
INFO:trainer_layer_backward:6.119489669799805
INFO:trainer_layer_backward:5.839109420776367
INFO:trainer_layer_backward:5.918741226196289
INFO:trainer_layer_backward:5.570650100708008
INFO:trainer_layer_backward:5.801200866699219
INFO:trainer_layer_backward:6.217002868652344
INFO:trainer_layer_backward:5.80906867980957
INFO:trainer_layer_backward:5.496978759765625
INFO:trainer_layer_backward:5.935430526733398
INFO:trainer_layer_backward:5.862712860107422
INFO:trainer_layer_backward:6.242513656616211
INFO:trainer_layer_backward:5.026817321777344
INFO:trainer_layer_backward:5.750417709350586
INFO:trainer_layer_backward:5.265474319458008
INFO:trainer_layer_backward:5.464315414428711
INFO:trainer_layer_backward:5.881547927856445
INFO:trainer_layer_backward:5.4645538330078125
INFO:trainer_layer_backward:5.921363830566406
INFO:trainer_layer_backward:5.0258636474609375
INFO:trainer_layer_backward:6.1931610107421875
INFO:trainer_layer_backward:5.742788314819336
INFO:trainer_layer_backward:5.600929260253906
INFO:trainer_layer_backward:5.04755973815918
INFO:trainer_layer_backward:5.441188812255859
INFO:trainer_layer_backward:5.923271179199219
INFO:trainer_layer_backward:5.049705505371094
INFO:trainer_layer_backward:5.980014801025391
INFO:trainer_layer_backward:5.446910858154297
INFO:trainer_layer_backward:5.785226821899414
INFO:trainer_layer_backward:5.271673202514648
INFO:trainer_layer_backward:5.6610107421875
INFO:trainer_layer_backward:5.7849884033203125
INFO:trainer_layer_backward:5.016803741455078
INFO:trainer_layer_backward:5.836725234985352
INFO:trainer_layer_backward:5.556344985961914
INFO:trainer_layer_backward:5.958318710327148
INFO:trainer_layer_backward:5.481958389282227
INFO:trainer_layer_backward:5.626916885375977
INFO:trainer_layer_backward:6.382942199707031
INFO:trainer_layer_backward:6.06226921081543
INFO:trainer_layer_backward:5.504608154296875
INFO:trainer_layer_backward:5.331754684448242
INFO:trainer_layer_backward:5.65028190612793
INFO:trainer_layer_backward:5.800008773803711
INFO:trainer_layer_backward:5.835294723510742
INFO:trainer_layer_backward:5.751848220825195
INFO:trainer_layer_backward:6.0214996337890625
INFO:trainer_layer_backward:5.472421646118164
INFO:trainer_layer_backward:5.654573440551758
INFO:trainer_layer_backward:5.348920822143555
INFO:trainer_layer_backward:5.347251892089844
INFO:trainer_layer_backward:5.742311477661133
INFO:trainer_layer_backward:5.053997039794922
INFO:trainer_layer_backward:5.7964324951171875
INFO:trainer_layer_backward:5.786657333374023
INFO:trainer_layer_backward:5.955696105957031
INFO:trainer_layer_backward:5.374670028686523
INFO:trainer_layer_backward:5.568027496337891
INFO:trainer_layer_backward:5.138874053955078
INFO:trainer_layer_backward:6.192684173583984
INFO:trainer_layer_backward:5.670785903930664
INFO:trainer_layer_backward:5.884885787963867
INFO:trainer_layer_backward:5.923271179199219
INFO:trainer_layer_backward:5.043983459472656
INFO:trainer_layer_backward:6.084918975830078
INFO:trainer_layer_backward:6.158351898193359
INFO:trainer_layer_backward:6.139039993286133
INFO:trainer_layer_backward:5.438566207885742
INFO:trainer_layer_backward:5.990505218505859
INFO:trainer_layer_backward:5.039453506469727
INFO:trainer_layer_backward:5.663633346557617
INFO:trainer_layer_backward:6.342887878417969
INFO:trainer_layer_backward:5.071401596069336
INFO:trainer_layer_backward:6.961345672607422
INFO:trainer_layer_backward:5.392313003540039
INFO:trainer_layer_backward:6.409168243408203
INFO:trainer_layer_backward:5.377054214477539
INFO:trainer_layer_backward:6.324529647827148
INFO:trainer_layer_backward:5.466938018798828
INFO:trainer_layer_backward:5.660057067871094
INFO:trainer_layer_backward:5.458593368530273
INFO:trainer_layer_backward:5.376100540161133
INFO:trainer_layer_backward:5.486965179443359
INFO:trainer_layer_backward:6.381034851074219
INFO:trainer_layer_backward:6.367206573486328
INFO:trainer_layer_backward:5.194425582885742
INFO:trainer_layer_backward:6.36601448059082
INFO:trainer_layer_backward:5.155086517333984
INFO:trainer_layer_backward:6.371736526489258
INFO:trainer_layer_backward:5.256175994873047
INFO:trainer_layer_backward:5.967855453491211
INFO:trainer_layer_backward:5.309581756591797
INFO:trainer_layer_backward:5.457639694213867
INFO:trainer_layer_backward:5.576610565185547
INFO:trainer_layer_backward:5.014181137084961
INFO:trainer_layer_backward:6.350517272949219
INFO:trainer_layer_backward:5.067586898803711
INFO:trainer_layer_backward:7.1468353271484375
INFO:trainer_layer_backward:5.034685134887695
INFO:trainer_layer_backward:6.093740463256836
INFO:trainer_layer_backward:5.479335784912109
INFO:trainer_layer_backward:5.988359451293945
INFO:trainer_layer_backward:5.1136016845703125
INFO:trainer_layer_backward:5.414485931396484
INFO:trainer_layer_backward:6.426811218261719
INFO:trainer_layer_backward:5.069255828857422
INFO:trainer_layer_backward:6.44373893737793
INFO:trainer_layer_backward:5.013942718505859
INFO:trainer_layer_backward:6.39796257019043
INFO:trainer_layer_backward:5.2089691162109375
INFO:trainer_layer_backward:5.417585372924805
INFO:trainer_layer_backward:5.559444427490234
INFO:trainer_layer_backward:5.436897277832031
INFO:trainer_layer_backward:5.246877670288086
INFO:trainer_layer_backward:5.051136016845703
INFO:trainer_layer_backward:6.431818008422852
INFO:trainer_layer_backward:5.045890808105469
INFO:trainer_layer_backward:6.477117538452148
INFO:trainer_layer_backward:5.21087646484375
INFO:trainer_layer_backward:6.290197372436523
INFO:trainer_layer_backward:5.176067352294922
INFO:trainer_layer_backward:5.4531097412109375
INFO:trainer_layer_backward:5.208015441894531
INFO:trainer_layer_backward:5.056619644165039
INFO:trainer_layer_backward:6.579399108886719
INFO:trainer_layer_backward:5.481243133544922
INFO:trainer_layer_backward:6.400823593139648
INFO:trainer_layer_backward:5.064249038696289
INFO:trainer_layer_backward:6.474494934082031
INFO:trainer_layer_backward:5.154848098754883
INFO:trainer_layer_backward:6.042003631591797
INFO:trainer_layer_backward:5.2433013916015625
INFO:trainer_layer_backward:5.443572998046875
INFO:trainer_layer_backward:5.584478378295898
INFO:trainer_layer_backward:5.03849983215332
INFO:trainer_layer_backward:6.325960159301758
INFO:trainer_layer_backward:5.043745040893555
INFO:trainer_layer_backward:6.409645080566406
INFO:trainer_layer_backward:5.2547454833984375
INFO:trainer_layer_backward:5.817174911499023
INFO:trainer_layer_backward:5.298852920532227
INFO:trainer_layer_backward:5.601406097412109
INFO:trainer_layer_backward:5.531549453735352
INFO:trainer_layer_backward:5.033731460571289
INFO:trainer_layer_backward:6.314992904663086
INFO:trainer_layer_backward:5.027532577514648
INFO:trainer_layer_backward:6.341218948364258
INFO:trainer_layer_backward:5.038738250732422
INFO:trainer_layer_backward:6.309270858764648
INFO:trainer_layer_backward:5.178213119506836
INFO:trainer_layer_backward:5.485057830810547
INFO:trainer_layer_backward:5.95545768737793
INFO:trainer_layer_backward:5.650043487548828
INFO:trainer_layer_backward:6.023168563842773
INFO:trainer_layer_backward:5.0811767578125
INFO:trainer_layer_backward:6.308317184448242
INFO:trainer_layer_backward:5.057573318481445
INFO:trainer_layer_backward:6.276130676269531
INFO:trainer_layer_backward:5.382537841796875
INFO:trainer_layer_backward:6.706953048706055
INFO:trainer_layer_backward:5.259513854980469
INFO:trainer_layer_backward:5.605459213256836
INFO:trainer_layer_backward:5.259990692138672
INFO:trainer_layer_backward:5.367279052734375
INFO:trainer_layer_backward:5.630731582641602
INFO:trainer_layer_backward:5.052804946899414
INFO:trainer_layer_backward:6.326913833618164
INFO:trainer_layer_backward:5.247354507446289
INFO:trainer_layer_backward:5.846738815307617
INFO:trainer_layer_backward:5.1326751708984375
INFO:trainer_layer_backward:5.703449249267578
INFO:trainer_layer_backward:5.118131637573242
INFO:trainer_layer_backward:5.125284194946289
INFO:trainer_layer_backward:6.2408447265625
INFO:trainer_layer_backward:5.078792572021484
INFO:trainer_layer_backward:6.35838508605957
INFO:trainer_layer_backward:5.099296569824219
INFO:trainer_layer_backward:6.292104721069336
INFO:trainer_layer_backward:5.0449371337890625
INFO:trainer_layer_backward:5.981922149658203
INFO:trainer_layer_backward:5.0678253173828125
INFO:trainer_layer_backward:5.524635314941406
INFO:trainer_layer_backward:5.644321441650391
INFO:trainer_layer_backward:5.207300186157227
INFO:trainer_layer_backward:6.354331970214844
INFO:trainer_layer_backward:5.202054977416992
INFO:trainer_layer_backward:6.248712539672852
INFO:trainer_layer_backward:5.578517913818359
INFO:trainer_layer_backward:6.598234176635742
INFO:trainer_layer_backward:5.147457122802734
INFO:trainer_layer_backward:6.182432174682617
INFO:trainer_layer_backward:5.038022994995117
INFO:trainer_layer_backward:6.0062408447265625
INFO:trainer_layer_backward:5.056858062744141
INFO:trainer_layer_backward:5.731344223022461
INFO:trainer_layer_backward:5.452394485473633
INFO:trainer_layer_backward:5.056619644165039
INFO:trainer_layer_backward:6.277322769165039
INFO:trainer_layer_backward:5.0506591796875
INFO:trainer_layer_backward:6.369113922119141
INFO:trainer_layer_backward:5.065679550170898
INFO:trainer_layer_backward:6.296873092651367
INFO:trainer_layer_backward:5.074262619018555
INFO:trainer_layer_backward:5.62596321105957
INFO:trainer_layer_backward:5.09333610534668
INFO:trainer_layer_backward:6.120204925537109
INFO:trainer_layer_backward:5.58161735534668
INFO:trainer_layer_backward:5.055665969848633
INFO:trainer_layer_backward:6.143331527709961
INFO:trainer_layer_backward:5.058765411376953
INFO:trainer_layer_backward:5.799055099487305
INFO:trainer_layer_backward:5.055427551269531
INFO:trainer_layer_backward:5.463123321533203
INFO:trainer_layer_backward:5.164861679077148
INFO:trainer_layer_backward:5.061864852905273
INFO:trainer_layer_backward:6.283044815063477
INFO:trainer_layer_backward:5.166530609130859
INFO:trainer_layer_backward:6.153106689453125
INFO:trainer_layer_backward:5.06138801574707
INFO:trainer_layer_backward:5.94019889831543
INFO:trainer_layer_backward:5.05828857421875
INFO:trainer_layer_backward:6.2503814697265625
INFO:trainer_layer_backward:5.054712295532227
INFO:trainer_layer_backward:6.386756896972656
INFO:trainer_layer_backward:5.094289779663086
INFO:trainer_layer_backward:5.6896209716796875
INFO:trainer_layer_backward:5.599498748779297
INFO:trainer_layer_backward:5.089521408081055
INFO:trainer_layer_backward:6.340742111206055
INFO:trainer_layer_backward:5.121469497680664
INFO:trainer_layer_backward:6.238222122192383
INFO:trainer_layer_backward:5.078792572021484
INFO:trainer_layer_backward:6.071805953979492
INFO:trainer_layer_backward:5.0716400146484375
INFO:trainer_layer_backward:6.058454513549805
INFO:trainer_layer_backward:5.143404006958008
INFO:trainer_layer_backward:5.631446838378906
INFO:trainer_layer_backward:5.868434906005859
INFO:trainer_layer_backward:5.239009857177734
INFO:trainer_layer_backward:6.328821182250977
INFO:trainer_layer_backward:5.199432373046875
INFO:trainer_layer_backward:6.863117218017578
INFO:trainer_layer_backward:5.025386810302734
INFO:trainer_layer_backward:6.184816360473633
INFO:trainer_layer_backward:5.726099014282227
INFO:trainer_layer_backward:6.311893463134766
INFO:trainer_layer_backward:5.044221878051758
INFO:trainer_layer_backward:5.759954452514648
INFO:trainer_layer_backward:5.686044692993164
INFO:trainer_layer_backward:5.140781402587891
INFO:trainer_layer_backward:6.110429763793945
INFO:trainer_layer_backward:5.548954010009766
INFO:trainer_layer_backward:6.571769714355469
INFO:trainer_layer_backward:5.02777099609375
INFO:trainer_layer_backward:6.287097930908203
INFO:trainer_layer_backward:5.187749862670898
INFO:trainer_layer_backward:6.747961044311523
INFO:trainer_layer_backward:5.617380142211914
INFO:trainer_layer_backward:6.344079971313477
INFO:trainer_layer_backward:5.162239074707031
INFO:trainer_layer_backward:5.977630615234375
INFO:trainer_layer_backward:5.1174163818359375
INFO:trainer_layer_backward:5.717992782592773
INFO:trainer_layer_backward:5.317449569702148
INFO:trainer_layer_backward:5.037069320678711
INFO:trainer_layer_backward:6.702899932861328
INFO:trainer_layer_backward:5.026340484619141
INFO:trainer_layer_backward:5.985498428344727
INFO:trainer_layer_backward:5.06281852722168
INFO:trainer_layer_backward:6.489038467407227
INFO:trainer_layer_backward:5.084753036499023
INFO:trainer_layer_backward:6.200551986694336
INFO:trainer_layer_backward:5.053281784057617
INFO:trainer_layer_backward:5.680561065673828
INFO:trainer_layer_backward:5.079984664916992
INFO:trainer_layer_backward:5.098104476928711
INFO:trainer_layer_backward:6.062746047973633
INFO:trainer_layer_backward:5.067110061645508
INFO:trainer_layer_backward:6.209850311279297
INFO:trainer_layer_backward:5.052089691162109
INFO:trainer_layer_backward:6.000041961669922
INFO:trainer_layer_backward:5.060672760009766
INFO:trainer_layer_backward:5.580902099609375
INFO:trainer_layer_backward:5.039691925048828
INFO:trainer_layer_backward:5.920886993408203
INFO:trainer_layer_backward:5.318164825439453
INFO:trainer_layer_backward:5.095720291137695
INFO:trainer_layer_backward:6.438493728637695
INFO:trainer_layer_backward:5.05375862121582
INFO:trainer_layer_backward:6.487131118774414
INFO:trainer_layer_backward:5.023479461669922
INFO:trainer_layer_backward:6.014347076416016
INFO:trainer_layer_backward:5.046606063842773
INFO:trainer_layer_backward:5.581855773925781
INFO:trainer_layer_backward:5.1784515380859375
INFO:trainer_layer_backward:5.701303482055664
INFO:trainer_layer_backward:5.759477615356445
INFO:trainer_layer_backward:6.524324417114258
INFO:trainer_layer_backward:6.057262420654297
INFO:trainer_layer_backward:5.069494247436523
INFO:trainer_layer_backward:6.190061569213867
INFO:trainer_layer_backward:5.125999450683594
INFO:trainer_layer_backward:7.107019424438477
INFO:trainer_layer_backward:5.418539047241211
INFO:trainer_layer_backward:5.978822708129883
INFO:trainer_layer_backward:5.628824234008789
INFO:trainer_layer_backward:6.027936935424805
INFO:trainer_layer_backward:5.038261413574219
INFO:trainer_layer_backward:5.579710006713867
INFO:trainer_layer_backward:5.517482757568359
INFO:trainer_layer_backward:5.045890808105469
INFO:trainer_layer_backward:6.326913833618164
INFO:trainer_layer_backward:5.179405212402344
INFO:trainer_layer_backward:6.233692169189453
INFO:trainer_layer_backward:5.069494247436523
INFO:trainer_layer_backward:6.122350692749023
INFO:trainer_layer_backward:5.071163177490234
INFO:trainer_layer_backward:6.155729293823242
INFO:trainer_layer_backward:5.052328109741211
INFO:trainer_layer_backward:6.421804428100586
INFO:trainer_layer_backward:5.214691162109375
INFO:trainer_layer_backward:5.560159683227539
INFO:trainer_layer_backward:5.722284317016602
INFO:trainer_layer_backward:5.880832672119141
INFO:trainer_layer_backward:5.0945281982421875
INFO:trainer_layer_backward:5.018472671508789
INFO:trainer_layer_backward:5.745172500610352
INFO:trainer_layer_backward:5.601644515991211
INFO:trainer_layer_backward:6.007194519042969
INFO:trainer_layer_backward:5.16510009765625
INFO:trainer_layer_backward:5.652189254760742
INFO:trainer_layer_backward:5.920171737670898
INFO:trainer_layer_backward:5.049228668212891
INFO:trainer_layer_backward:6.8607330322265625
INFO:trainer_layer_backward:5.484104156494141
INFO:trainer_layer_backward:5.889654159545898
INFO:trainer_layer_backward:5.073308944702148
INFO:trainer_layer_backward:6.114482879638672
INFO:trainer_layer_backward:5.44285774230957
INFO:trainer_layer_backward:5.87010383605957
INFO:trainer_layer_backward:5.797624588012695
INFO:trainer_layer_backward:6.196737289428711
INFO:trainer_layer_backward:6.131887435913086
INFO:trainer_layer_backward:7.091283798217773
INFO:trainer_layer_backward:5.126237869262695
INFO:trainer_layer_backward:6.322383880615234
INFO:trainer_layer_backward:5.244970321655273
INFO:trainer_layer_backward:5.534172058105469
INFO:trainer_layer_backward:5.354881286621094
INFO:trainer_layer_backward:5.483865737915039
INFO:trainer_layer_backward:5.850791931152344
INFO:trainer_layer_backward:5.047082901000977
INFO:trainer_layer_backward:6.353855133056641
INFO:trainer_layer_backward:5.057096481323242
INFO:trainer_layer_backward:6.20269775390625
INFO:trainer_layer_backward:5.071401596069336
INFO:trainer_layer_backward:5.993843078613281
INFO:trainer_layer_backward:6.589651107788086
INFO:trainer_layer_backward:6.44230842590332
INFO:trainer_layer_backward:5.9947967529296875
INFO:trainer_layer_backward:7.068395614624023
INFO:trainer_layer_backward:6.259441375732422
INFO:trainer_layer_backward:6.520986557006836
INFO:trainer_layer_backward:5.028247833251953
INFO:trainer_layer_backward:6.365537643432617
INFO:trainer_layer_backward:5.365610122680664
INFO:trainer_layer_backward:6.461143493652344
INFO:trainer_layer_backward:5.108356475830078
INFO:trainer_layer_backward:5.855321884155273
INFO:trainer_layer_backward:5.212545394897461
INFO:trainer_layer_backward:5.445957183837891
INFO:trainer_layer_backward:5.754232406616211
INFO:trainer_layer_backward:5.053043365478516
INFO:trainer_layer_backward:6.1931610107421875
INFO:trainer_layer_backward:5.021572113037109
INFO:trainer_layer_backward:6.204128265380859
INFO:trainer_layer_backward:5.16200065612793
INFO:trainer_layer_backward:5.403041839599609
INFO:trainer_layer_backward:5.643367767333984
INFO:trainer_layer_backward:5.013465881347656
INFO:trainer_layer_backward:6.304740905761719
INFO:trainer_layer_backward:5.028486251831055
INFO:trainer_layer_backward:6.332159042358398
INFO:trainer_layer_backward:5.077362060546875
INFO:trainer_layer_backward:6.2408447265625
INFO:trainer_layer_backward:5.174875259399414
INFO:trainer_layer_backward:5.463123321533203
INFO:trainer_layer_backward:5.305290222167969
INFO:trainer_layer_backward:5.388736724853516
INFO:trainer_layer_backward:5.742311477661133
INFO:trainer_layer_backward:5.074501037597656
INFO:trainer_layer_backward:6.414175033569336
INFO:trainer_layer_backward:5.040884017944336
INFO:trainer_layer_backward:6.274700164794922
INFO:trainer_layer_backward:5.227088928222656
INFO:trainer_layer_backward:5.419254302978516
INFO:trainer_layer_backward:5.432844161987305
INFO:trainer_layer_backward:5.085945129394531
INFO:trainer_layer_backward:6.367921829223633
INFO:trainer_layer_backward:5.18798828125
INFO:trainer_layer_backward:6.495475769042969
INFO:trainer_layer_backward:5.045413970947266
INFO:trainer_layer_backward:6.461858749389648
INFO:trainer_layer_backward:5.28717041015625
INFO:trainer_layer_backward:6.180763244628906
INFO:trainer_layer_backward:5.316257476806641
INFO:trainer_layer_backward:5.585432052612305
INFO:trainer_layer_backward:5.760431289672852
INFO:trainer_layer_backward:5.168914794921875
INFO:trainer_layer_backward:6.234884262084961
INFO:trainer_layer_backward:5.115747451782227
INFO:trainer_layer_backward:6.2465667724609375
INFO:trainer_layer_backward:5.125284194946289
INFO:trainer_layer_backward:6.402730941772461
INFO:trainer_layer_backward:5.187273025512695
INFO:trainer_layer_backward:5.460977554321289
INFO:trainer_layer_backward:5.600214004516602
INFO:trainer_layer_backward:5.083799362182617
INFO:trainer_layer_backward:6.420612335205078
INFO:trainer_layer_backward:5.226850509643555
INFO:trainer_layer_backward:6.450176239013672
INFO:trainer_layer_backward:5.180120468139648
INFO:trainer_layer_backward:6.530523300170898
INFO:trainer_layer_backward:5.2642822265625
INFO:trainer_layer_backward:5.516767501831055
INFO:trainer_layer_backward:5.400180816650391
INFO:trainer_layer_backward:5.478858947753906
INFO:trainer_layer_backward:5.662679672241211
INFO:trainer_layer_backward:5.188941955566406
INFO:trainer_layer_backward:6.235361099243164
INFO:trainer_layer_backward:5.13768196105957
INFO:trainer_layer_backward:6.316184997558594
INFO:trainer_layer_backward:5.246877670288086
INFO:trainer_layer_backward:5.492448806762695
INFO:trainer_layer_backward:5.303621292114258
INFO:trainer_layer_backward:5.058526992797852
INFO:trainer_layer_backward:5.938529968261719
INFO:trainer_layer_backward:5.045890808105469
INFO:trainer_layer_backward:5.810260772705078
INFO:trainer_layer_backward:5.378484725952148
INFO:trainer_layer_backward:6.8721771240234375
INFO:trainer_layer_backward:5.040645599365234
INFO:trainer_layer_backward:6.824731826782227
INFO:trainer_layer_backward:5.02324104309082
INFO:trainer_layer_backward:6.165504455566406
INFO:trainer_layer_backward:5.402565002441406
INFO:trainer_layer_backward:5.85174560546875
INFO:trainer_layer_backward:5.347967147827148
INFO:trainer_layer_backward:5.493402481079102
INFO:trainer_layer_backward:5.260467529296875
INFO:trainer_layer_backward:5.150556564331055
INFO:trainer_layer_backward:6.46662712097168
INFO:trainer_layer_backward:5.229711532592773
INFO:trainer_layer_backward:6.057024002075195
INFO:trainer_layer_backward:5.155324935913086
INFO:trainer_layer_backward:5.474328994750977
INFO:trainer_layer_backward:5.427360534667969
INFO:trainer_layer_backward:5.16510009765625
INFO:trainer_layer_backward:6.069183349609375
INFO:trainer_layer_backward:5.730152130126953
INFO:trainer_layer_backward:6.232023239135742
INFO:trainer_layer_backward:5.04302978515625
INFO:trainer_layer_backward:5.367755889892578
INFO:trainer_layer_backward:6.684780120849609
INFO:trainer_layer_backward:6.485462188720703
INFO:trainer_layer_backward:5.0296783447265625
INFO:trainer_layer_backward:6.334781646728516
INFO:trainer_layer_backward:6.390810012817383
INFO:trainer_layer_backward:6.685733795166016
INFO:trainer_layer_backward:5.661487579345703
INFO:trainer_layer_backward:6.598711013793945
INFO:trainer_layer_backward:6.450891494750977
INFO:trainer_layer_backward:6.463050842285156
INFO:trainer_layer_backward:5.097389221191406
INFO:trainer_layer_backward:6.136655807495117
INFO:trainer_layer_backward:5.3958892822265625
INFO:trainer_layer_backward:7.201194763183594
INFO:trainer_layer_backward:5.247354507446289
INFO:trainer_layer_backward:5.8689117431640625
INFO:trainer_layer_backward:5.259037017822266
INFO:trainer_layer_backward:6.417751312255859
INFO:trainer_layer_backward:5.375385284423828
INFO:trainer_layer_backward:5.486249923706055
INFO:trainer_layer_backward:5.868434906005859
INFO:trainer_layer_backward:5.202054977416992
INFO:trainer_layer_backward:6.651639938354492
INFO:trainer_layer_backward:5.244016647338867
INFO:trainer_layer_backward:6.537914276123047
INFO:trainer_layer_backward:5.121707916259766
INFO:trainer_layer_backward:6.5402984619140625
INFO:trainer_layer_backward:5.424737930297852
INFO:trainer_layer_backward:5.476236343383789
INFO:trainer_layer_backward:5.156040191650391
INFO:trainer_layer_backward:6.079673767089844
INFO:trainer_layer_backward:5.28264045715332
INFO:trainer_layer_backward:6.317138671875
INFO:trainer_layer_backward:5.29932975769043
INFO:trainer_layer_backward:6.702423095703125
INFO:trainer_layer_backward:5.76472282409668
INFO:trainer_layer_backward:5.367040634155273
INFO:trainer_layer_backward:5.876064300537109
INFO:trainer_layer_backward:5.211353302001953
INFO:trainer_layer_backward:5.8803558349609375
INFO:trainer_layer_backward:5.441188812255859
INFO:trainer_layer_backward:6.2541961669921875
INFO:trainer_layer_backward:5.106687545776367
INFO:trainer_layer_backward:6.147861480712891
INFO:trainer_layer_backward:5.25212287902832
INFO:trainer_layer_backward:5.4836273193359375
INFO:trainer_layer_backward:5.593776702880859
INFO:trainer_layer_backward:5.367755889892578
INFO:trainer_layer_backward:6.29734992980957
INFO:trainer_layer_backward:5.097627639770508
INFO:trainer_layer_backward:6.503105163574219
INFO:trainer_layer_backward:5.056858062744141
INFO:trainer_layer_backward:6.455898284912109
INFO:trainer_layer_backward:5.063295364379883
INFO:trainer_layer_backward:6.092309951782227
INFO:trainer_layer_backward:5.047321319580078
INFO:trainer_layer_backward:5.337238311767578
INFO:trainer_layer_backward:5.644798278808594
INFO:trainer_layer_backward:5.140066146850586
INFO:trainer_layer_backward:6.4373016357421875
INFO:trainer_layer_backward:5.766153335571289
INFO:trainer_layer_backward:6.448507308959961
INFO:trainer_layer_backward:5.159616470336914
INFO:trainer_layer_backward:6.336450576782227
INFO:trainer_layer_backward:5.467891693115234
INFO:trainer_layer_backward:6.335735321044922
INFO:trainer_layer_backward:5.238533020019531
INFO:trainer_layer_backward:6.595373153686523
INFO:trainer_layer_backward:5.272388458251953
INFO:trainer_layer_backward:6.492137908935547
INFO:trainer_layer_backward:5.084514617919922
INFO:trainer_layer_backward:5.481719970703125
INFO:trainer_layer_backward:5.298376083374023
INFO:trainer_layer_backward:5.335330963134766
INFO:trainer_layer_backward:6.377935409545898
INFO:trainer_layer_backward:5.077123641967773
INFO:trainer_layer_backward:6.3076019287109375
INFO:trainer_layer_backward:5.066633224487305
INFO:trainer_layer_backward:5.912065505981445
INFO:trainer_layer_backward:5.546092987060547
INFO:trainer_layer_backward:6.003379821777344
INFO:trainer_layer_backward:5.037546157836914
INFO:trainer_layer_backward:5.636453628540039
INFO:trainer_layer_backward:5.656957626342773
INFO:trainer_layer_backward:5.021333694458008
INFO:trainer_layer_backward:6.188392639160156
INFO:trainer_layer_backward:5.035877227783203
INFO:trainer_layer_backward:5.8078765869140625
INFO:trainer_layer_backward:5.019426345825195
INFO:trainer_layer_backward:5.461692810058594
INFO:trainer_layer_backward:5.439281463623047
INFO:trainer_layer_backward:5.939245223999023
INFO:trainer_layer_backward:5.620718002319336
INFO:trainer_layer_backward:5.039691925048828
INFO:trainer_layer_backward:6.146430969238281
INFO:trainer_layer_backward:5.0830841064453125
INFO:trainer_layer_backward:6.145477294921875
INFO:trainer_layer_backward:5.070209503173828
INFO:trainer_layer_backward:6.829500198364258
INFO:trainer_layer_backward:5.08570671081543
INFO:trainer_layer_backward:5.99980354309082
INFO:trainer_layer_backward:5.044460296630859
INFO:trainer_layer_backward:6.088018417358398
INFO:trainer_layer_backward:5.298376083374023
INFO:trainer_layer_backward:6.078243255615234
INFO:trainer_layer_backward:5.776882171630859
INFO:trainer_layer_backward:5.145549774169922
INFO:trainer_layer_backward:6.0062408447265625
INFO:trainer_layer_backward:5.094289779663086
INFO:trainer_layer_backward:6.136417388916016
INFO:trainer_layer_backward:5.974531173706055
INFO:trainer_layer_backward:6.180286407470703
INFO:trainer_layer_backward:5.153894424438477
INFO:trainer_layer_backward:5.626201629638672
INFO:trainer_layer_backward:5.1288604736328125
INFO:trainer_layer_backward:5.190610885620117
INFO:trainer_layer_backward:6.2618255615234375
INFO:trainer_layer_backward:5.04302978515625
INFO:trainer_layer_backward:5.955219268798828
INFO:trainer_layer_backward:5.037546157836914
INFO:trainer_layer_backward:5.427122116088867
INFO:trainer_layer_backward:5.069732666015625
INFO:trainer_layer_backward:5.045175552368164
INFO:trainer_layer_backward:6.170749664306641
INFO:trainer_layer_backward:5.026817321777344
INFO:trainer_layer_backward:5.885601043701172
INFO:trainer_layer_backward:5.469083786010742
INFO:trainer_layer_backward:5.658864974975586
INFO:trainer_layer_backward:5.044460296630859
INFO:trainer_layer_backward:5.522727966308594
INFO:trainer_layer_backward:5.980730056762695
INFO:trainer_layer_backward:5.033016204833984
INFO:trainer_layer_backward:6.147861480712891
INFO:trainer_layer_backward:5.053043365478516
INFO:trainer_layer_backward:6.305217742919922
INFO:trainer_layer_backward:5.015373229980469
INFO:trainer_layer_backward:5.519866943359375
INFO:trainer_layer_backward:5.314826965332031
INFO:trainer_layer_backward:5.031108856201172
INFO:trainer_layer_backward:6.045341491699219
INFO:trainer_layer_backward:5.038976669311523
INFO:trainer_layer_backward:5.92494010925293
INFO:trainer_layer_backward:5.01704216003418
INFO:trainer_layer_backward:5.470037460327148
INFO:trainer_layer_backward:5.539178848266602
INFO:trainer_layer_backward:5.050420761108398
INFO:trainer_layer_backward:6.18743896484375
INFO:trainer_layer_backward:5.0411224365234375
INFO:trainer_layer_backward:5.901098251342773
INFO:trainer_layer_backward:5.051612854003906
INFO:trainer_layer_backward:5.4874420166015625
INFO:trainer_layer_backward:5.462169647216797
INFO:trainer_layer_backward:5.721092224121094
INFO:trainer_layer_backward:5.463600158691406
