INFO:trainer:CNNEx | mnist
INFO:trainer:in_size : 256 | epochs : 30 | batch : 8
INFO:trainer:kernel_l1 : 160 | kernel_l2 : 65 | kernel_l3 : 33 
INFO:trainer:o_channels_l1 : 10 | o_channels_l2 : 10 | o_channels_l3 : 10 
INFO:trainer:learn_num_train : 1000 | learn_num_validate : 200 
INFO:trainer::::::::::::::::::::::::::::::::::::::::::::::::::::::::::::
INFO:trainer:message : conv1 
INFO:trainer::::::::::::::::::::::::::::::::::::::::::::::::::::::::::::
INFO:trainer:Epoch 1/30 | Train/Loss 1.732 Acc 0.386 | Val/Loss 0.880 Acc 75.625 Time 115.38 s
INFO:trainer:Epoch 2/30 | Train/Loss 1.441 Acc 0.484 | Val/Loss 0.736 Acc 75.000 Time 116.46 s
INFO:trainer:Epoch 3/30 | Train/Loss 1.378 Acc 0.515 | Val/Loss 0.768 Acc 73.625 Time 116.45 s
INFO:trainer:Epoch 4/30 | Train/Loss 1.321 Acc 0.528 | Val/Loss 0.643 Acc 78.125 Time 116.44 s
INFO:trainer:Epoch 5/30 | Train/Loss 1.312 Acc 0.543 | Val/Loss 0.648 Acc 81.250 Time 116.43 s
INFO:trainer:Epoch 6/30 | Train/Loss 1.277 Acc 0.552 | Val/Loss 0.558 Acc 83.562 Time 116.43 s
INFO:trainer:Epoch 7/30 | Train/Loss 1.252 Acc 0.567 | Val/Loss 0.619 Acc 83.375 Time 116.42 s
INFO:trainer:Epoch 8/30 | Train/Loss 1.231 Acc 0.567 | Val/Loss 0.545 Acc 85.250 Time 116.42 s
INFO:trainer:Epoch 9/30 | Train/Loss 1.199 Acc 0.579 | Val/Loss 0.489 Acc 89.125 Time 116.60 s
INFO:trainer:Epoch 10/30 | Train/Loss 1.178 Acc 0.595 | Val/Loss 0.520 Acc 87.625 Time 116.34 s
INFO:trainer:Epoch 11/30 | Train/Loss 1.190 Acc 0.585 | Val/Loss 0.491 Acc 89.625 Time 116.14 s
INFO:trainer:Epoch 12/30 | Train/Loss 1.160 Acc 0.597 | Val/Loss 0.433 Acc 91.375 Time 115.63 s
INFO:trainer:Epoch 13/30 | Train/Loss 1.124 Acc 0.611 | Val/Loss 0.437 Acc 91.312 Time 115.67 s
INFO:trainer:Epoch 14/30 | Train/Loss 1.132 Acc 0.615 | Val/Loss 0.429 Acc 90.062 Time 115.94 s
INFO:trainer:Epoch 15/30 | Train/Loss 1.111 Acc 0.629 | Val/Loss 0.389 Acc 90.812 Time 115.63 s
INFO:trainer:Epoch 16/30 | Train/Loss 1.093 Acc 0.628 | Val/Loss 0.412 Acc 91.312 Time 115.77 s
INFO:trainer:Epoch 17/30 | Train/Loss 1.095 Acc 0.631 | Val/Loss 0.390 Acc 92.688 Time 116.76 s
INFO:trainer:Epoch 18/30 | Train/Loss 1.100 Acc 0.622 | Val/Loss 0.408 Acc 91.500 Time 118.21 s
INFO:trainer:Epoch 19/30 | Train/Loss 1.071 Acc 0.643 | Val/Loss 0.421 Acc 89.625 Time 117.36 s
INFO:trainer:Epoch 20/30 | Train/Loss 1.068 Acc 0.641 | Val/Loss 0.368 Acc 93.250 Time 117.38 s
INFO:trainer:Epoch 21/30 | Train/Loss 1.066 Acc 0.632 | Val/Loss 0.375 Acc 92.312 Time 117.43 s
INFO:trainer:Epoch 22/30 | Train/Loss 1.043 Acc 0.650 | Val/Loss 0.334 Acc 94.000 Time 117.13 s
INFO:trainer:Epoch 23/30 | Train/Loss 1.020 Acc 0.651 | Val/Loss 0.362 Acc 93.625 Time 116.14 s
INFO:trainer:Epoch 24/30 | Train/Loss 1.050 Acc 0.648 | Val/Loss 0.366 Acc 93.438 Time 116.18 s
INFO:trainer:Epoch 25/30 | Train/Loss 1.048 Acc 0.655 | Val/Loss 0.365 Acc 93.000 Time 115.67 s
INFO:trainer:Epoch 26/30 | Train/Loss 1.063 Acc 0.644 | Val/Loss 0.371 Acc 93.438 Time 115.69 s
INFO:trainer:Epoch 27/30 | Train/Loss 1.068 Acc 0.645 | Val/Loss 0.370 Acc 93.688 Time 115.64 s
INFO:trainer:Epoch 28/30 | Train/Loss 1.039 Acc 0.655 | Val/Loss 0.356 Acc 94.000 Time 115.71 s
INFO:trainer:Epoch 29/30 | Train/Loss 1.020 Acc 0.660 | Val/Loss 0.353 Acc 93.188 Time 115.67 s
INFO:trainer:Epoch 30/30 | Train/Loss 1.036 Acc 0.654 | Val/Loss 0.334 Acc 94.250 Time 117.29 s
INFO:trainer:Best validation accuracy:94.250%
INFO:trainer:Average_Time 116.35 s
