INFO:trainer:CNNEx | mnist
INFO:trainer:in_size : 256 | epochs : 30 | batch : 8
INFO:trainer:kernel_l1 : 129 | kernel_l2 : 65 | kernel_l3 : 33 
INFO:trainer:o_channels_l1 : 10 | o_channels_l2 : 10 | o_channels_l3 : 10 
INFO:trainer:learn_num_train : 1000 | learn_num_validate : 200 
INFO:trainer::::::::::::::::::::::::::::::::::::::::::::::::::::::::::::
INFO:trainer:message : conv1 
INFO:trainer::::::::::::::::::::::::::::::::::::::::::::::::::::::::::::
INFO:trainer:Epoch 1/30 | Train/Loss 3.359 Acc 0.699 | Val/Loss 0.659 Acc 84.375 Time 156.61 s
INFO:trainer:Epoch 2/30 | Train/Loss 0.574 Acc 0.836 | Val/Loss 0.424 Acc 88.875 Time 156.77 s
INFO:trainer:Epoch 3/30 | Train/Loss 0.502 Acc 0.856 | Val/Loss 0.481 Acc 86.375 Time 155.60 s
INFO:trainer:Epoch 4/30 | Train/Loss 0.468 Acc 0.871 | Val/Loss 0.458 Acc 86.250 Time 156.56 s
INFO:trainer:Epoch 5/30 | Train/Loss 0.426 Acc 0.882 | Val/Loss 0.390 Acc 89.000 Time 155.85 s
INFO:trainer:Epoch 6/30 | Train/Loss 0.401 Acc 0.886 | Val/Loss 0.356 Acc 90.375 Time 155.74 s
INFO:trainer:Epoch 7/30 | Train/Loss 0.423 Acc 0.887 | Val/Loss 0.327 Acc 90.000 Time 155.85 s
INFO:trainer:Epoch 8/30 | Train/Loss 0.384 Acc 0.893 | Val/Loss 0.541 Acc 85.438 Time 156.59 s
INFO:trainer:Epoch 9/30 | Train/Loss 0.375 Acc 0.901 | Val/Loss 0.301 Acc 92.125 Time 156.26 s
INFO:trainer:Epoch 10/30 | Train/Loss 0.383 Acc 0.900 | Val/Loss 0.361 Acc 90.438 Time 156.39 s
INFO:trainer:Epoch 11/30 | Train/Loss 0.380 Acc 0.904 | Val/Loss 0.318 Acc 91.312 Time 158.11 s
INFO:trainer:Epoch 12/30 | Train/Loss 0.318 Acc 0.912 | Val/Loss 0.296 Acc 91.438 Time 156.83 s
INFO:trainer:Epoch 13/30 | Train/Loss 0.334 Acc 0.913 | Val/Loss 0.234 Acc 93.250 Time 155.37 s
INFO:trainer:Epoch 14/30 | Train/Loss 0.317 Acc 0.918 | Val/Loss 0.305 Acc 91.938 Time 155.32 s
INFO:trainer:Epoch 15/30 | Train/Loss 0.312 Acc 0.916 | Val/Loss 0.290 Acc 93.750 Time 155.32 s
INFO:trainer:Epoch 16/30 | Train/Loss 0.286 Acc 0.924 | Val/Loss 0.228 Acc 93.375 Time 155.24 s
INFO:trainer:Epoch 17/30 | Train/Loss 0.297 Acc 0.922 | Val/Loss 0.225 Acc 93.812 Time 155.45 s
INFO:trainer:Epoch 18/30 | Train/Loss 0.270 Acc 0.928 | Val/Loss 0.248 Acc 93.500 Time 155.37 s
INFO:trainer:Epoch 19/30 | Train/Loss 0.249 Acc 0.930 | Val/Loss 0.219 Acc 94.188 Time 155.19 s
INFO:trainer:Epoch 20/30 | Train/Loss 0.273 Acc 0.927 | Val/Loss 0.210 Acc 94.375 Time 155.43 s
INFO:trainer:Epoch 21/30 | Train/Loss 0.246 Acc 0.933 | Val/Loss 0.193 Acc 94.500 Time 155.21 s
INFO:trainer:Epoch 22/30 | Train/Loss 0.236 Acc 0.935 | Val/Loss 0.214 Acc 94.188 Time 155.39 s
INFO:trainer:Epoch 23/30 | Train/Loss 0.238 Acc 0.937 | Val/Loss 0.206 Acc 94.062 Time 155.31 s
INFO:trainer:Epoch 24/30 | Train/Loss 0.274 Acc 0.926 | Val/Loss 0.276 Acc 92.938 Time 155.13 s
INFO:trainer:Epoch 25/30 | Train/Loss 0.225 Acc 0.937 | Val/Loss 0.222 Acc 93.812 Time 155.43 s
INFO:trainer:Epoch 26/30 | Train/Loss 0.242 Acc 0.934 | Val/Loss 0.202 Acc 93.188 Time 155.21 s
INFO:trainer:Epoch 27/30 | Train/Loss 0.225 Acc 0.940 | Val/Loss 0.255 Acc 93.250 Time 155.28 s
INFO:trainer:Epoch 28/30 | Train/Loss 0.225 Acc 0.939 | Val/Loss 0.178 Acc 94.375 Time 155.91 s
INFO:trainer:Epoch 29/30 | Train/Loss 0.242 Acc 0.934 | Val/Loss 0.219 Acc 94.000 Time 152.59 s
INFO:trainer:Epoch 30/30 | Train/Loss 0.225 Acc 0.938 | Val/Loss 0.176 Acc 95.312 Time 152.10 s
INFO:trainer:Best validation accuracy:95.312%
INFO:trainer:Average_Time 155.58 s
