INFO:trainer_layer_backward:CNNEx | mnist
INFO:trainer_layer_backward:in_size : 512 | epochs : 1 | batch : 1
INFO:trainer_layer_backward:kernel_l1 : 257 | kernel_l2 : 129 | kernel_l3 : 65 
INFO:trainer_layer_backward:o_channels_l1 : 5 | o_channels_l2 : 5 | o_channels_l3 : 5 
INFO:trainer_layer_backward:learn_num_train : 1000 | learn_num_validate : 0 
INFO:trainer_layer_backward::::::::::::::::::::::::::::::::::::::::::::::::::::::::::::
INFO:trainer_layer_backward:message : conv1 
INFO:trainer_layer_backward::::::::::::::::::::::::::::::::::::::::::::::::::::::::::::
INFO:trainer_layer_backward:Ave_Time : 182.10066328145038
INFO:trainer_layer_backward::::::::::::::::::::::::::::::::::::::::::::::::::::::::::::
INFO:trainer_layer_backward:180.36818504333496
INFO:trainer_layer_backward:178.77840995788574
INFO:trainer_layer_backward:175.6424903869629
INFO:trainer_layer_backward:176.53870582580566
INFO:trainer_layer_backward:177.42919921875
INFO:trainer_layer_backward:175.7376194000244
INFO:trainer_layer_backward:175.95887184143066
INFO:trainer_layer_backward:176.90372467041016
INFO:trainer_layer_backward:174.80206489562988
INFO:trainer_layer_backward:186.34653091430664
INFO:trainer_layer_backward:183.18581581115723
INFO:trainer_layer_backward:178.42364311218262
INFO:trainer_layer_backward:180.1762580871582
INFO:trainer_layer_backward:176.32007598876953
INFO:trainer_layer_backward:176.5902042388916
INFO:trainer_layer_backward:178.42674255371094
INFO:trainer_layer_backward:180.48810958862305
INFO:trainer_layer_backward:178.0538558959961
INFO:trainer_layer_backward:179.0614128112793
INFO:trainer_layer_backward:181.10418319702148
INFO:trainer_layer_backward:176.47767066955566
INFO:trainer_layer_backward:178.82251739501953
INFO:trainer_layer_backward:179.73685264587402
INFO:trainer_layer_backward:179.28147315979004
INFO:trainer_layer_backward:179.84414100646973
INFO:trainer_layer_backward:180.80592155456543
INFO:trainer_layer_backward:185.50968170166016
INFO:trainer_layer_backward:178.3139705657959
INFO:trainer_layer_backward:176.23114585876465
INFO:trainer_layer_backward:178.98321151733398
INFO:trainer_layer_backward:187.94751167297363
INFO:trainer_layer_backward:186.9826316833496
INFO:trainer_layer_backward:179.734468460083
INFO:trainer_layer_backward:180.6645393371582
INFO:trainer_layer_backward:180.06110191345215
INFO:trainer_layer_backward:179.43978309631348
INFO:trainer_layer_backward:178.87425422668457
INFO:trainer_layer_backward:182.23166465759277
INFO:trainer_layer_backward:178.28893661499023
INFO:trainer_layer_backward:176.53894424438477
INFO:trainer_layer_backward:177.2780418395996
INFO:trainer_layer_backward:178.27415466308594
INFO:trainer_layer_backward:175.48108100891113
INFO:trainer_layer_backward:176.8193244934082
INFO:trainer_layer_backward:180.20915985107422
INFO:trainer_layer_backward:182.47723579406738
INFO:trainer_layer_backward:178.45749855041504
INFO:trainer_layer_backward:180.49287796020508
INFO:trainer_layer_backward:178.84469032287598
INFO:trainer_layer_backward:176.90634727478027
INFO:trainer_layer_backward:179.0623664855957
INFO:trainer_layer_backward:176.96118354797363
INFO:trainer_layer_backward:177.65212059020996
INFO:trainer_layer_backward:176.4822006225586
INFO:trainer_layer_backward:184.3259334564209
INFO:trainer_layer_backward:176.30910873413086
INFO:trainer_layer_backward:183.37011337280273
INFO:trainer_layer_backward:177.04439163208008
INFO:trainer_layer_backward:178.08175086975098
INFO:trainer_layer_backward:185.84942817687988
INFO:trainer_layer_backward:177.68406867980957
INFO:trainer_layer_backward:182.2967529296875
INFO:trainer_layer_backward:181.7476749420166
INFO:trainer_layer_backward:180.99236488342285
INFO:trainer_layer_backward:185.52684783935547
INFO:trainer_layer_backward:182.7232837677002
INFO:trainer_layer_backward:178.91335487365723
INFO:trainer_layer_backward:180.7410717010498
INFO:trainer_layer_backward:180.9830665588379
INFO:trainer_layer_backward:178.3301830291748
INFO:trainer_layer_backward:183.86030197143555
INFO:trainer_layer_backward:180.99379539489746
INFO:trainer_layer_backward:179.0633201599121
INFO:trainer_layer_backward:176.27596855163574
INFO:trainer_layer_backward:183.4561824798584
INFO:trainer_layer_backward:178.57766151428223
INFO:trainer_layer_backward:179.71181869506836
INFO:trainer_layer_backward:184.79275703430176
INFO:trainer_layer_backward:177.764892578125
INFO:trainer_layer_backward:182.55376815795898
INFO:trainer_layer_backward:176.9394874572754
INFO:trainer_layer_backward:180.09233474731445
INFO:trainer_layer_backward:184.45324897766113
INFO:trainer_layer_backward:187.9138946533203
INFO:trainer_layer_backward:176.55587196350098
INFO:trainer_layer_backward:184.1566562652588
INFO:trainer_layer_backward:183.46190452575684
INFO:trainer_layer_backward:179.50081825256348
INFO:trainer_layer_backward:177.8092384338379
INFO:trainer_layer_backward:180.21416664123535
INFO:trainer_layer_backward:183.63404273986816
INFO:trainer_layer_backward:178.9686679840088
INFO:trainer_layer_backward:178.3299446105957
INFO:trainer_layer_backward:181.25605583190918
INFO:trainer_layer_backward:181.77342414855957
INFO:trainer_layer_backward:177.60801315307617
INFO:trainer_layer_backward:183.90154838562012
INFO:trainer_layer_backward:184.2353343963623
INFO:trainer_layer_backward:179.37517166137695
INFO:trainer_layer_backward:179.88991737365723
INFO:trainer_layer_backward:180.6333065032959
INFO:trainer_layer_backward:176.5604019165039
INFO:trainer_layer_backward:179.01062965393066
INFO:trainer_layer_backward:177.3078441619873
INFO:trainer_layer_backward:177.61707305908203
INFO:trainer_layer_backward:178.77769470214844
INFO:trainer_layer_backward:177.1383285522461
INFO:trainer_layer_backward:181.65993690490723
INFO:trainer_layer_backward:178.12299728393555
INFO:trainer_layer_backward:176.41520500183105
INFO:trainer_layer_backward:180.13668060302734
INFO:trainer_layer_backward:175.54187774658203
INFO:trainer_layer_backward:177.9191493988037
INFO:trainer_layer_backward:179.96597290039062
INFO:trainer_layer_backward:178.1747341156006
INFO:trainer_layer_backward:178.04765701293945
INFO:trainer_layer_backward:178.27558517456055
INFO:trainer_layer_backward:178.52497100830078
INFO:trainer_layer_backward:180.41658401489258
INFO:trainer_layer_backward:177.565336227417
INFO:trainer_layer_backward:178.62391471862793
INFO:trainer_layer_backward:178.41076850891113
INFO:trainer_layer_backward:176.70297622680664
INFO:trainer_layer_backward:176.7864227294922
INFO:trainer_layer_backward:179.53920364379883
INFO:trainer_layer_backward:177.3679256439209
INFO:trainer_layer_backward:176.15938186645508
INFO:trainer_layer_backward:178.4536838531494
INFO:trainer_layer_backward:177.2775650024414
INFO:trainer_layer_backward:176.49459838867188
INFO:trainer_layer_backward:179.21924591064453
INFO:trainer_layer_backward:175.95791816711426
INFO:trainer_layer_backward:180.40871620178223
INFO:trainer_layer_backward:176.9115924835205
INFO:trainer_layer_backward:177.78658866882324
INFO:trainer_layer_backward:178.41124534606934
INFO:trainer_layer_backward:177.66189575195312
INFO:trainer_layer_backward:178.1013011932373
INFO:trainer_layer_backward:178.4076690673828
INFO:trainer_layer_backward:176.89251899719238
INFO:trainer_layer_backward:178.38358879089355
INFO:trainer_layer_backward:177.27160453796387
INFO:trainer_layer_backward:176.50818824768066
INFO:trainer_layer_backward:177.24013328552246
INFO:trainer_layer_backward:178.98845672607422
INFO:trainer_layer_backward:177.80303955078125
INFO:trainer_layer_backward:178.39670181274414
INFO:trainer_layer_backward:176.8205165863037
INFO:trainer_layer_backward:175.38142204284668
INFO:trainer_layer_backward:179.66651916503906
INFO:trainer_layer_backward:180.9062957763672
INFO:trainer_layer_backward:177.78778076171875
INFO:trainer_layer_backward:178.56574058532715
INFO:trainer_layer_backward:177.1523952484131
INFO:trainer_layer_backward:179.77356910705566
INFO:trainer_layer_backward:178.59959602355957
INFO:trainer_layer_backward:176.79786682128906
INFO:trainer_layer_backward:180.27901649475098
INFO:trainer_layer_backward:176.33771896362305
INFO:trainer_layer_backward:177.4146556854248
INFO:trainer_layer_backward:182.0821762084961
INFO:trainer_layer_backward:177.47139930725098
INFO:trainer_layer_backward:178.1003475189209
INFO:trainer_layer_backward:178.71499061584473
INFO:trainer_layer_backward:178.44772338867188
INFO:trainer_layer_backward:177.72269248962402
INFO:trainer_layer_backward:179.02302742004395
INFO:trainer_layer_backward:178.47847938537598
INFO:trainer_layer_backward:179.8231601715088
INFO:trainer_layer_backward:178.07316780090332
INFO:trainer_layer_backward:180.37056922912598
INFO:trainer_layer_backward:180.4194450378418
INFO:trainer_layer_backward:177.6721477508545
INFO:trainer_layer_backward:179.95953559875488
INFO:trainer_layer_backward:179.17227745056152
INFO:trainer_layer_backward:179.11219596862793
INFO:trainer_layer_backward:177.504301071167
INFO:trainer_layer_backward:179.3227195739746
INFO:trainer_layer_backward:178.60984802246094
INFO:trainer_layer_backward:179.9330711364746
INFO:trainer_layer_backward:182.04998970031738
INFO:trainer_layer_backward:177.5052547454834
INFO:trainer_layer_backward:180.62925338745117
INFO:trainer_layer_backward:180.9394359588623
INFO:trainer_layer_backward:179.06498908996582
INFO:trainer_layer_backward:180.0711154937744
INFO:trainer_layer_backward:178.58147621154785
INFO:trainer_layer_backward:181.42962455749512
INFO:trainer_layer_backward:178.70140075683594
INFO:trainer_layer_backward:177.80637741088867
INFO:trainer_layer_backward:180.96470832824707
INFO:trainer_layer_backward:180.51886558532715
INFO:trainer_layer_backward:177.7958869934082
INFO:trainer_layer_backward:182.0542812347412
INFO:trainer_layer_backward:178.01380157470703
INFO:trainer_layer_backward:178.98964881896973
INFO:trainer_layer_backward:182.18731880187988
INFO:trainer_layer_backward:179.46434020996094
INFO:trainer_layer_backward:177.55579948425293
INFO:trainer_layer_backward:180.08875846862793
INFO:trainer_layer_backward:180.3269386291504
INFO:trainer_layer_backward:179.25620079040527
INFO:trainer_layer_backward:178.5135269165039
INFO:trainer_layer_backward:179.98409271240234
INFO:trainer_layer_backward:181.74219131469727
INFO:trainer_layer_backward:178.31921577453613
INFO:trainer_layer_backward:179.52489852905273
INFO:trainer_layer_backward:180.88674545288086
INFO:trainer_layer_backward:179.96597290039062
INFO:trainer_layer_backward:177.6108741760254
INFO:trainer_layer_backward:181.09130859375
INFO:trainer_layer_backward:178.17068099975586
INFO:trainer_layer_backward:180.5891990661621
INFO:trainer_layer_backward:182.62410163879395
INFO:trainer_layer_backward:178.85994911193848
INFO:trainer_layer_backward:180.8788776397705
INFO:trainer_layer_backward:178.56097221374512
INFO:trainer_layer_backward:178.64418029785156
INFO:trainer_layer_backward:180.3121566772461
INFO:trainer_layer_backward:180.3302764892578
INFO:trainer_layer_backward:178.27129364013672
INFO:trainer_layer_backward:180.26137351989746
INFO:trainer_layer_backward:178.79295349121094
INFO:trainer_layer_backward:180.44734001159668
INFO:trainer_layer_backward:179.5518398284912
INFO:trainer_layer_backward:179.00633811950684
INFO:trainer_layer_backward:184.4167709350586
INFO:trainer_layer_backward:178.16758155822754
INFO:trainer_layer_backward:176.53965950012207
INFO:trainer_layer_backward:180.7842254638672
INFO:trainer_layer_backward:177.77442932128906
INFO:trainer_layer_backward:178.38120460510254
INFO:trainer_layer_backward:179.98242378234863
INFO:trainer_layer_backward:182.9242706298828
INFO:trainer_layer_backward:178.81131172180176
INFO:trainer_layer_backward:182.11698532104492
INFO:trainer_layer_backward:180.23180961608887
INFO:trainer_layer_backward:180.38678169250488
INFO:trainer_layer_backward:179.74114418029785
INFO:trainer_layer_backward:177.49762535095215
INFO:trainer_layer_backward:181.9906234741211
INFO:trainer_layer_backward:178.33781242370605
INFO:trainer_layer_backward:177.28400230407715
INFO:trainer_layer_backward:181.3223361968994
INFO:trainer_layer_backward:178.06696891784668
INFO:trainer_layer_backward:177.47139930725098
INFO:trainer_layer_backward:180.1891326904297
INFO:trainer_layer_backward:178.39837074279785
INFO:trainer_layer_backward:179.8229217529297
INFO:trainer_layer_backward:177.38962173461914
INFO:trainer_layer_backward:178.94816398620605
INFO:trainer_layer_backward:180.8626651763916
INFO:trainer_layer_backward:177.49500274658203
INFO:trainer_layer_backward:179.43310737609863
INFO:trainer_layer_backward:179.50892448425293
INFO:trainer_layer_backward:179.55541610717773
INFO:trainer_layer_backward:179.8551082611084
INFO:trainer_layer_backward:177.89101600646973
INFO:trainer_layer_backward:178.32446098327637
INFO:trainer_layer_backward:178.62248420715332
INFO:trainer_layer_backward:180.67002296447754
INFO:trainer_layer_backward:177.7780055999756
INFO:trainer_layer_backward:180.4354190826416
INFO:trainer_layer_backward:181.05030059814453
INFO:trainer_layer_backward:178.34973335266113
INFO:trainer_layer_backward:179.36301231384277
INFO:trainer_layer_backward:180.29308319091797
INFO:trainer_layer_backward:179.02445793151855
INFO:trainer_layer_backward:178.55358123779297
INFO:trainer_layer_backward:179.78620529174805
INFO:trainer_layer_backward:182.38162994384766
INFO:trainer_layer_backward:179.29887771606445
INFO:trainer_layer_backward:178.42793464660645
INFO:trainer_layer_backward:182.61456489562988
INFO:trainer_layer_backward:178.91168594360352
INFO:trainer_layer_backward:179.28123474121094
INFO:trainer_layer_backward:181.34140968322754
INFO:trainer_layer_backward:177.9947280883789
INFO:trainer_layer_backward:178.1768798828125
INFO:trainer_layer_backward:180.92894554138184
INFO:trainer_layer_backward:178.619384765625
INFO:trainer_layer_backward:179.41546440124512
INFO:trainer_layer_backward:178.92789840698242
INFO:trainer_layer_backward:178.23505401611328
INFO:trainer_layer_backward:180.85670471191406
INFO:trainer_layer_backward:179.13818359375
INFO:trainer_layer_backward:180.07588386535645
INFO:trainer_layer_backward:181.06937408447266
INFO:trainer_layer_backward:178.08961868286133
INFO:trainer_layer_backward:180.82833290100098
INFO:trainer_layer_backward:180.49240112304688
INFO:trainer_layer_backward:179.99601364135742
INFO:trainer_layer_backward:178.67541313171387
INFO:trainer_layer_backward:179.49962615966797
INFO:trainer_layer_backward:177.51765251159668
INFO:trainer_layer_backward:180.21106719970703
INFO:trainer_layer_backward:180.51505088806152
INFO:trainer_layer_backward:178.67207527160645
INFO:trainer_layer_backward:180.29451370239258
INFO:trainer_layer_backward:181.52284622192383
INFO:trainer_layer_backward:178.82204055786133
INFO:trainer_layer_backward:177.35648155212402
INFO:trainer_layer_backward:178.11822891235352
INFO:trainer_layer_backward:183.49671363830566
INFO:trainer_layer_backward:179.92591857910156
INFO:trainer_layer_backward:178.4646511077881
INFO:trainer_layer_backward:182.97052383422852
INFO:trainer_layer_backward:179.42571640014648
INFO:trainer_layer_backward:179.03447151184082
INFO:trainer_layer_backward:181.63323402404785
INFO:trainer_layer_backward:179.5024871826172
INFO:trainer_layer_backward:178.2386302947998
INFO:trainer_layer_backward:182.9204559326172
INFO:trainer_layer_backward:180.12094497680664
INFO:trainer_layer_backward:178.3432960510254
INFO:trainer_layer_backward:180.81116676330566
INFO:trainer_layer_backward:177.9463291168213
INFO:trainer_layer_backward:181.07080459594727
INFO:trainer_layer_backward:178.4834861755371
INFO:trainer_layer_backward:180.50217628479004
INFO:trainer_layer_backward:183.34412574768066
INFO:trainer_layer_backward:177.93536186218262
INFO:trainer_layer_backward:180.2070140838623
INFO:trainer_layer_backward:176.06139183044434
INFO:trainer_layer_backward:178.13920974731445
INFO:trainer_layer_backward:179.3539524078369
INFO:trainer_layer_backward:180.04512786865234
INFO:trainer_layer_backward:178.4663200378418
INFO:trainer_layer_backward:181.13970756530762
INFO:trainer_layer_backward:181.5967559814453
INFO:trainer_layer_backward:178.93481254577637
INFO:trainer_layer_backward:178.99322509765625
INFO:trainer_layer_backward:180.6337833404541
INFO:trainer_layer_backward:178.46298217773438
INFO:trainer_layer_backward:181.8711757659912
INFO:trainer_layer_backward:178.4343719482422
INFO:trainer_layer_backward:179.07357215881348
INFO:trainer_layer_backward:180.30476570129395
INFO:trainer_layer_backward:178.5283088684082
INFO:trainer_layer_backward:180.91964721679688
INFO:trainer_layer_backward:177.88362503051758
INFO:trainer_layer_backward:178.47752571105957
INFO:trainer_layer_backward:184.52858924865723
INFO:trainer_layer_backward:178.96032333374023
INFO:trainer_layer_backward:181.17594718933105
INFO:trainer_layer_backward:182.20019340515137
INFO:trainer_layer_backward:179.73613739013672
INFO:trainer_layer_backward:179.49438095092773
INFO:trainer_layer_backward:180.4635524749756
INFO:trainer_layer_backward:180.12022972106934
INFO:trainer_layer_backward:180.15599250793457
INFO:trainer_layer_backward:177.1843433380127
INFO:trainer_layer_backward:179.8844337463379
INFO:trainer_layer_backward:180.78303337097168
INFO:trainer_layer_backward:178.7703037261963
INFO:trainer_layer_backward:180.17339706420898
INFO:trainer_layer_backward:179.43954467773438
INFO:trainer_layer_backward:177.7503490447998
INFO:trainer_layer_backward:177.6578426361084
INFO:trainer_layer_backward:181.20479583740234
INFO:trainer_layer_backward:178.3123016357422
INFO:trainer_layer_backward:181.46705627441406
INFO:trainer_layer_backward:179.9793243408203
INFO:trainer_layer_backward:178.14373970031738
INFO:trainer_layer_backward:181.1540126800537
INFO:trainer_layer_backward:179.88991737365723
INFO:trainer_layer_backward:178.44414710998535
INFO:trainer_layer_backward:178.6797046661377
INFO:trainer_layer_backward:179.61764335632324
INFO:trainer_layer_backward:180.47189712524414
INFO:trainer_layer_backward:181.47015571594238
INFO:trainer_layer_backward:179.63886260986328
INFO:trainer_layer_backward:184.35192108154297
INFO:trainer_layer_backward:178.0388355255127
INFO:trainer_layer_backward:178.86066436767578
INFO:trainer_layer_backward:182.5847625732422
INFO:trainer_layer_backward:179.90612983703613
INFO:trainer_layer_backward:177.99949645996094
INFO:trainer_layer_backward:180.9678077697754
INFO:trainer_layer_backward:180.5562973022461
INFO:trainer_layer_backward:178.37119102478027
INFO:trainer_layer_backward:178.05862426757812
INFO:trainer_layer_backward:181.85019493103027
INFO:trainer_layer_backward:180.90248107910156
INFO:trainer_layer_backward:178.97701263427734
INFO:trainer_layer_backward:179.63695526123047
INFO:trainer_layer_backward:180.50193786621094
INFO:trainer_layer_backward:178.31850051879883
INFO:trainer_layer_backward:180.04584312438965
INFO:trainer_layer_backward:180.4342269897461
INFO:trainer_layer_backward:177.05225944519043
INFO:trainer_layer_backward:178.64370346069336
INFO:trainer_layer_backward:180.42373657226562
INFO:trainer_layer_backward:178.32660675048828
INFO:trainer_layer_backward:180.0394058227539
INFO:trainer_layer_backward:180.800199508667
INFO:trainer_layer_backward:179.65054512023926
INFO:trainer_layer_backward:180.99451065063477
INFO:trainer_layer_backward:181.61368370056152
INFO:trainer_layer_backward:177.8407096862793
INFO:trainer_layer_backward:179.98433113098145
INFO:trainer_layer_backward:179.02398109436035
INFO:trainer_layer_backward:177.71601676940918
INFO:trainer_layer_backward:178.192138671875
INFO:trainer_layer_backward:179.8243522644043
INFO:trainer_layer_backward:183.41994285583496
INFO:trainer_layer_backward:179.2902946472168
INFO:trainer_layer_backward:179.8253059387207
INFO:trainer_layer_backward:182.28816986083984
INFO:trainer_layer_backward:177.56414413452148
INFO:trainer_layer_backward:179.37350273132324
INFO:trainer_layer_backward:180.1431179046631
INFO:trainer_layer_backward:180.60040473937988
INFO:trainer_layer_backward:178.0257225036621
INFO:trainer_layer_backward:178.02882194519043
INFO:trainer_layer_backward:179.520845413208
INFO:trainer_layer_backward:179.84461784362793
INFO:trainer_layer_backward:178.82943153381348
INFO:trainer_layer_backward:181.02550506591797
INFO:trainer_layer_backward:183.12573432922363
INFO:trainer_layer_backward:179.2440414428711
INFO:trainer_layer_backward:181.59914016723633
INFO:trainer_layer_backward:180.26399612426758
INFO:trainer_layer_backward:179.80599403381348
INFO:trainer_layer_backward:177.63113975524902
INFO:trainer_layer_backward:179.1374683380127
INFO:trainer_layer_backward:177.93965339660645
INFO:trainer_layer_backward:179.70037460327148
INFO:trainer_layer_backward:181.6542148590088
INFO:trainer_layer_backward:178.04288864135742
INFO:trainer_layer_backward:182.04593658447266
INFO:trainer_layer_backward:180.83834648132324
INFO:trainer_layer_backward:179.66318130493164
INFO:trainer_layer_backward:179.3515682220459
INFO:trainer_layer_backward:179.89516258239746
INFO:trainer_layer_backward:178.79939079284668
INFO:trainer_layer_backward:180.7231903076172
INFO:trainer_layer_backward:178.41863632202148
INFO:trainer_layer_backward:183.54439735412598
INFO:trainer_layer_backward:180.15766143798828
INFO:trainer_layer_backward:177.8707504272461
INFO:trainer_layer_backward:182.57737159729004
INFO:trainer_layer_backward:178.3607006072998
INFO:trainer_layer_backward:178.1172752380371
INFO:trainer_layer_backward:180.91654777526855
INFO:trainer_layer_backward:179.83031272888184
INFO:trainer_layer_backward:179.4431209564209
INFO:trainer_layer_backward:178.75313758850098
INFO:trainer_layer_backward:180.13286590576172
INFO:trainer_layer_backward:178.07769775390625
INFO:trainer_layer_backward:179.9168586730957
INFO:trainer_layer_backward:180.25708198547363
INFO:trainer_layer_backward:180.01079559326172
INFO:trainer_layer_backward:178.6482334136963
INFO:trainer_layer_backward:179.60739135742188
INFO:trainer_layer_backward:181.7171573638916
INFO:trainer_layer_backward:180.00125885009766
INFO:trainer_layer_backward:178.6346435546875
INFO:trainer_layer_backward:178.8496971130371
INFO:trainer_layer_backward:178.11274528503418
INFO:trainer_layer_backward:177.46567726135254
INFO:trainer_layer_backward:181.75363540649414
INFO:trainer_layer_backward:179.1384220123291
INFO:trainer_layer_backward:181.00214004516602
INFO:trainer_layer_backward:180.42588233947754
INFO:trainer_layer_backward:178.65896224975586
INFO:trainer_layer_backward:180.27544021606445
INFO:trainer_layer_backward:178.15399169921875
INFO:trainer_layer_backward:178.85994911193848
INFO:trainer_layer_backward:178.98011207580566
INFO:trainer_layer_backward:178.7858009338379
INFO:trainer_layer_backward:180.37176132202148
INFO:trainer_layer_backward:179.9032688140869
INFO:trainer_layer_backward:177.886962890625
INFO:trainer_layer_backward:181.47897720336914
INFO:trainer_layer_backward:181.8852424621582
INFO:trainer_layer_backward:179.01110649108887
INFO:trainer_layer_backward:180.91607093811035
INFO:trainer_layer_backward:179.89516258239746
INFO:trainer_layer_backward:178.18903923034668
INFO:trainer_layer_backward:180.28903007507324
INFO:trainer_layer_backward:180.7694435119629
INFO:trainer_layer_backward:178.2376766204834
INFO:trainer_layer_backward:180.0994873046875
INFO:trainer_layer_backward:182.21426010131836
INFO:trainer_layer_backward:181.72836303710938
INFO:trainer_layer_backward:178.65276336669922
INFO:trainer_layer_backward:174.1335391998291
INFO:trainer_layer_backward:182.86633491516113
INFO:trainer_layer_backward:178.06696891784668
INFO:trainer_layer_backward:178.5140037536621
INFO:trainer_layer_backward:181.42318725585938
INFO:trainer_layer_backward:178.8928508758545
INFO:trainer_layer_backward:178.70616912841797
INFO:trainer_layer_backward:181.8220615386963
INFO:trainer_layer_backward:179.79955673217773
INFO:trainer_layer_backward:179.98719215393066
INFO:trainer_layer_backward:179.17466163635254
INFO:trainer_layer_backward:180.81355094909668
INFO:trainer_layer_backward:180.8774471282959
INFO:trainer_layer_backward:177.8731346130371
INFO:trainer_layer_backward:180.03153800964355
INFO:trainer_layer_backward:181.23912811279297
INFO:trainer_layer_backward:177.65045166015625
INFO:trainer_layer_backward:179.62956428527832
INFO:trainer_layer_backward:181.17809295654297
INFO:trainer_layer_backward:179.54254150390625
INFO:trainer_layer_backward:184.35144424438477
INFO:trainer_layer_backward:177.80733108520508
INFO:trainer_layer_backward:177.7653694152832
INFO:trainer_layer_backward:180.99522590637207
INFO:trainer_layer_backward:179.09550666809082
INFO:trainer_layer_backward:180.15456199645996
INFO:trainer_layer_backward:179.36968803405762
INFO:trainer_layer_backward:180.30905723571777
INFO:trainer_layer_backward:177.9642105102539
INFO:trainer_layer_backward:179.8837184906006
INFO:trainer_layer_backward:181.82373046875
INFO:trainer_layer_backward:181.99443817138672
INFO:trainer_layer_backward:177.50144004821777
INFO:trainer_layer_backward:178.1942844390869
INFO:trainer_layer_backward:179.39376831054688
INFO:trainer_layer_backward:178.5428524017334
INFO:trainer_layer_backward:178.76005172729492
INFO:trainer_layer_backward:183.0008029937744
INFO:trainer_layer_backward:178.96556854248047
INFO:trainer_layer_backward:178.42864990234375
INFO:trainer_layer_backward:181.7631721496582
INFO:trainer_layer_backward:178.56097221374512
INFO:trainer_layer_backward:181.898832321167
INFO:trainer_layer_backward:178.1632900238037
INFO:trainer_layer_backward:179.31747436523438
INFO:trainer_layer_backward:180.57847023010254
INFO:trainer_layer_backward:180.38296699523926
INFO:trainer_layer_backward:179.9936294555664
INFO:trainer_layer_backward:182.34825134277344
INFO:trainer_layer_backward:178.40886116027832
INFO:trainer_layer_backward:181.01835250854492
INFO:trainer_layer_backward:181.4887523651123
INFO:trainer_layer_backward:179.87990379333496
INFO:trainer_layer_backward:181.91766738891602
INFO:trainer_layer_backward:178.7548065185547
INFO:trainer_layer_backward:179.7654628753662
INFO:trainer_layer_backward:181.4405918121338
INFO:trainer_layer_backward:180.64451217651367
INFO:trainer_layer_backward:177.99782752990723
INFO:trainer_layer_backward:183.04133415222168
INFO:trainer_layer_backward:180.7713508605957
INFO:trainer_layer_backward:176.9237518310547
INFO:trainer_layer_backward:181.26177787780762
INFO:trainer_layer_backward:180.65428733825684
INFO:trainer_layer_backward:181.17761611938477
INFO:trainer_layer_backward:177.36387252807617
INFO:trainer_layer_backward:178.7881851196289
INFO:trainer_layer_backward:180.94348907470703
INFO:trainer_layer_backward:180.49359321594238
INFO:trainer_layer_backward:179.12530899047852
INFO:trainer_layer_backward:181.7162036895752
INFO:trainer_layer_backward:178.419828414917
INFO:trainer_layer_backward:179.31580543518066
INFO:trainer_layer_backward:184.53502655029297
INFO:trainer_layer_backward:178.77769470214844
INFO:trainer_layer_backward:181.08057975769043
INFO:trainer_layer_backward:177.3245334625244
INFO:trainer_layer_backward:180.33456802368164
INFO:trainer_layer_backward:181.81657791137695
INFO:trainer_layer_backward:178.57027053833008
INFO:trainer_layer_backward:179.77428436279297
INFO:trainer_layer_backward:179.85939979553223
INFO:trainer_layer_backward:178.10845375061035
INFO:trainer_layer_backward:179.84986305236816
INFO:trainer_layer_backward:181.18929862976074
INFO:trainer_layer_backward:181.20574951171875
INFO:trainer_layer_backward:181.80036544799805
INFO:trainer_layer_backward:178.54619026184082
INFO:trainer_layer_backward:178.3277988433838
INFO:trainer_layer_backward:180.82475662231445
INFO:trainer_layer_backward:179.30936813354492
INFO:trainer_layer_backward:178.26581001281738
INFO:trainer_layer_backward:180.2358627319336
INFO:trainer_layer_backward:181.33163452148438
INFO:trainer_layer_backward:179.97050285339355
INFO:trainer_layer_backward:180.06348609924316
INFO:trainer_layer_backward:180.59396743774414
INFO:trainer_layer_backward:180.67598342895508
INFO:trainer_layer_backward:178.25984954833984
INFO:trainer_layer_backward:179.19564247131348
INFO:trainer_layer_backward:182.71780014038086
INFO:trainer_layer_backward:178.55429649353027
INFO:trainer_layer_backward:179.76856231689453
INFO:trainer_layer_backward:180.57632446289062
INFO:trainer_layer_backward:179.19230461120605
INFO:trainer_layer_backward:178.08103561401367
INFO:trainer_layer_backward:182.67369270324707
INFO:trainer_layer_backward:179.03447151184082
INFO:trainer_layer_backward:180.30834197998047
INFO:trainer_layer_backward:179.34584617614746
INFO:trainer_layer_backward:180.06181716918945
INFO:trainer_layer_backward:182.01899528503418
INFO:trainer_layer_backward:179.7943115234375
INFO:trainer_layer_backward:179.95715141296387
INFO:trainer_layer_backward:180.73487281799316
INFO:trainer_layer_backward:179.05139923095703
INFO:trainer_layer_backward:182.4815273284912
INFO:trainer_layer_backward:181.34021759033203
INFO:trainer_layer_backward:178.36427688598633
INFO:trainer_layer_backward:182.0361614227295
INFO:trainer_layer_backward:179.71444129943848
INFO:trainer_layer_backward:178.56574058532715
INFO:trainer_layer_backward:181.39171600341797
INFO:trainer_layer_backward:178.71809005737305
INFO:trainer_layer_backward:178.43127250671387
INFO:trainer_layer_backward:180.99617958068848
INFO:trainer_layer_backward:182.4347972869873
INFO:trainer_layer_backward:179.17704582214355
INFO:trainer_layer_backward:180.77969551086426
INFO:trainer_layer_backward:181.78319931030273
INFO:trainer_layer_backward:180.57775497436523
INFO:trainer_layer_backward:177.598237991333
INFO:trainer_layer_backward:178.51638793945312
INFO:trainer_layer_backward:180.39584159851074
INFO:trainer_layer_backward:177.87599563598633
INFO:trainer_layer_backward:178.23243141174316
INFO:trainer_layer_backward:181.0152530670166
INFO:trainer_layer_backward:179.21137809753418
INFO:trainer_layer_backward:182.54518508911133
INFO:trainer_layer_backward:197.37815856933594
INFO:trainer_layer_backward:195.92714309692383
INFO:trainer_layer_backward:196.0775852203369
INFO:trainer_layer_backward:195.58095932006836
INFO:trainer_layer_backward:181.31184577941895
INFO:trainer_layer_backward:178.03049087524414
INFO:trainer_layer_backward:179.13222312927246
INFO:trainer_layer_backward:178.8492202758789
INFO:trainer_layer_backward:178.178071975708
INFO:trainer_layer_backward:179.60691452026367
INFO:trainer_layer_backward:180.43923377990723
INFO:trainer_layer_backward:190.6743049621582
INFO:trainer_layer_backward:178.76195907592773
INFO:trainer_layer_backward:177.87885665893555
INFO:trainer_layer_backward:178.33900451660156
INFO:trainer_layer_backward:178.52425575256348
INFO:trainer_layer_backward:177.79183387756348
INFO:trainer_layer_backward:191.00379943847656
INFO:trainer_layer_backward:182.37066268920898
INFO:trainer_layer_backward:178.75361442565918
INFO:trainer_layer_backward:179.75473403930664
INFO:trainer_layer_backward:179.47101593017578
INFO:trainer_layer_backward:177.90484428405762
INFO:trainer_layer_backward:178.35593223571777
INFO:trainer_layer_backward:180.0539493560791
INFO:trainer_layer_backward:178.5600185394287
INFO:trainer_layer_backward:178.62224578857422
INFO:trainer_layer_backward:179.06427383422852
INFO:trainer_layer_backward:180.8629035949707
INFO:trainer_layer_backward:192.7797794342041
INFO:trainer_layer_backward:182.59429931640625
INFO:trainer_layer_backward:178.50303649902344
INFO:trainer_layer_backward:179.6433925628662
INFO:trainer_layer_backward:177.82878875732422
INFO:trainer_layer_backward:178.51996421813965
INFO:trainer_layer_backward:178.37882041931152
INFO:trainer_layer_backward:179.07357215881348
INFO:trainer_layer_backward:179.9323558807373
INFO:trainer_layer_backward:189.4533634185791
INFO:trainer_layer_backward:180.2361011505127
INFO:trainer_layer_backward:182.94620513916016
INFO:trainer_layer_backward:188.3392333984375
INFO:trainer_layer_backward:178.47967147827148
INFO:trainer_layer_backward:178.51614952087402
INFO:trainer_layer_backward:178.2536506652832
INFO:trainer_layer_backward:179.97312545776367
INFO:trainer_layer_backward:188.40837478637695
INFO:trainer_layer_backward:179.58378791809082
INFO:trainer_layer_backward:178.57718467712402
INFO:trainer_layer_backward:184.79132652282715
INFO:trainer_layer_backward:189.0873908996582
INFO:trainer_layer_backward:178.83849143981934
INFO:trainer_layer_backward:178.57646942138672
INFO:trainer_layer_backward:180.33504486083984
INFO:trainer_layer_backward:178.35092544555664
INFO:trainer_layer_backward:179.75687980651855
INFO:trainer_layer_backward:178.64704132080078
INFO:trainer_layer_backward:177.62231826782227
INFO:trainer_layer_backward:178.63059043884277
INFO:trainer_layer_backward:178.79080772399902
INFO:trainer_layer_backward:178.0683994293213
INFO:trainer_layer_backward:179.11314964294434
INFO:trainer_layer_backward:177.93774604797363
INFO:trainer_layer_backward:178.14373970031738
INFO:trainer_layer_backward:179.17847633361816
INFO:trainer_layer_backward:178.422212600708
INFO:trainer_layer_backward:179.69059944152832
INFO:trainer_layer_backward:178.03502082824707
INFO:trainer_layer_backward:178.46131324768066
INFO:trainer_layer_backward:178.24411392211914
INFO:trainer_layer_backward:179.3360710144043
INFO:trainer_layer_backward:179.7168254852295
INFO:trainer_layer_backward:177.98781394958496
INFO:trainer_layer_backward:178.4675121307373
INFO:trainer_layer_backward:178.79819869995117
INFO:trainer_layer_backward:178.6036491394043
INFO:trainer_layer_backward:178.6630153656006
INFO:trainer_layer_backward:177.7784824371338
INFO:trainer_layer_backward:178.00354957580566
INFO:trainer_layer_backward:178.6630153656006
INFO:trainer_layer_backward:179.6567440032959
INFO:trainer_layer_backward:195.0061321258545
INFO:trainer_layer_backward:178.66945266723633
INFO:trainer_layer_backward:180.098295211792
INFO:trainer_layer_backward:179.8717975616455
INFO:trainer_layer_backward:179.06665802001953
INFO:trainer_layer_backward:185.45889854431152
INFO:trainer_layer_backward:185.47964096069336
INFO:trainer_layer_backward:178.8792610168457
INFO:trainer_layer_backward:177.77514457702637
INFO:trainer_layer_backward:177.5376796722412
INFO:trainer_layer_backward:180.7694435119629
INFO:trainer_layer_backward:184.79084968566895
INFO:trainer_layer_backward:194.39077377319336
INFO:trainer_layer_backward:192.2779083251953
INFO:trainer_layer_backward:192.4304962158203
INFO:trainer_layer_backward:196.0289478302002
INFO:trainer_layer_backward:192.31104850769043
INFO:trainer_layer_backward:193.73011589050293
INFO:trainer_layer_backward:190.85955619812012
INFO:trainer_layer_backward:193.59588623046875
INFO:trainer_layer_backward:192.27004051208496
INFO:trainer_layer_backward:191.6959285736084
INFO:trainer_layer_backward:198.00996780395508
INFO:trainer_layer_backward:193.0406093597412
INFO:trainer_layer_backward:192.48199462890625
INFO:trainer_layer_backward:191.53690338134766
INFO:trainer_layer_backward:194.3197250366211
INFO:trainer_layer_backward:191.17164611816406
INFO:trainer_layer_backward:193.86792182922363
INFO:trainer_layer_backward:191.00260734558105
INFO:trainer_layer_backward:193.6352252960205
INFO:trainer_layer_backward:194.81444358825684
INFO:trainer_layer_backward:194.8089599609375
INFO:trainer_layer_backward:192.1827793121338
INFO:trainer_layer_backward:192.34037399291992
INFO:trainer_layer_backward:192.41786003112793
INFO:trainer_layer_backward:194.20981407165527
INFO:trainer_layer_backward:191.18404388427734
INFO:trainer_layer_backward:193.7234401702881
INFO:trainer_layer_backward:193.50361824035645
INFO:trainer_layer_backward:192.00992584228516
INFO:trainer_layer_backward:196.38442993164062
INFO:trainer_layer_backward:192.98124313354492
INFO:trainer_layer_backward:192.95072555541992
INFO:trainer_layer_backward:192.4264430999756
INFO:trainer_layer_backward:196.35748863220215
INFO:trainer_layer_backward:193.3293342590332
INFO:trainer_layer_backward:194.29969787597656
INFO:trainer_layer_backward:192.37446784973145
INFO:trainer_layer_backward:195.05739212036133
INFO:trainer_layer_backward:194.8392391204834
INFO:trainer_layer_backward:193.4049129486084
INFO:trainer_layer_backward:191.3292407989502
INFO:trainer_layer_backward:194.40603256225586
INFO:trainer_layer_backward:196.976900100708
INFO:trainer_layer_backward:195.23215293884277
INFO:trainer_layer_backward:193.1314468383789
INFO:trainer_layer_backward:190.84858894348145
INFO:trainer_layer_backward:201.26700401306152
INFO:trainer_layer_backward:192.46244430541992
INFO:trainer_layer_backward:196.46477699279785
INFO:trainer_layer_backward:192.368745803833
INFO:trainer_layer_backward:193.54867935180664
INFO:trainer_layer_backward:199.30410385131836
INFO:trainer_layer_backward:195.34659385681152
INFO:trainer_layer_backward:192.55423545837402
INFO:trainer_layer_backward:198.32801818847656
INFO:trainer_layer_backward:179.62646484375
INFO:trainer_layer_backward:180.26018142700195
INFO:trainer_layer_backward:187.9873275756836
INFO:trainer_layer_backward:182.938814163208
INFO:trainer_layer_backward:177.33335494995117
INFO:trainer_layer_backward:178.59458923339844
INFO:trainer_layer_backward:178.52282524108887
INFO:trainer_layer_backward:180.1457405090332
INFO:trainer_layer_backward:180.7541847229004
INFO:trainer_layer_backward:180.98926544189453
INFO:trainer_layer_backward:184.42368507385254
INFO:trainer_layer_backward:194.9324607849121
INFO:trainer_layer_backward:183.84957313537598
INFO:trainer_layer_backward:182.40046501159668
INFO:trainer_layer_backward:181.2911033630371
INFO:trainer_layer_backward:189.39733505249023
INFO:trainer_layer_backward:187.14141845703125
INFO:trainer_layer_backward:192.43693351745605
INFO:trainer_layer_backward:195.13916969299316
INFO:trainer_layer_backward:195.33824920654297
INFO:trainer_layer_backward:192.3987865447998
INFO:trainer_layer_backward:192.79980659484863
INFO:trainer_layer_backward:192.84582138061523
INFO:trainer_layer_backward:179.80504035949707
INFO:trainer_layer_backward:188.84754180908203
INFO:trainer_layer_backward:184.26108360290527
INFO:trainer_layer_backward:181.5969944000244
INFO:trainer_layer_backward:194.1092014312744
INFO:trainer_layer_backward:193.89939308166504
INFO:trainer_layer_backward:190.9492015838623
INFO:trainer_layer_backward:192.90423393249512
INFO:trainer_layer_backward:192.60406494140625
INFO:trainer_layer_backward:194.34142112731934
INFO:trainer_layer_backward:193.6054229736328
INFO:trainer_layer_backward:192.6867961883545
INFO:trainer_layer_backward:192.2929286956787
INFO:trainer_layer_backward:194.1659450531006
INFO:trainer_layer_backward:194.6420669555664
INFO:trainer_layer_backward:193.41182708740234
INFO:trainer_layer_backward:192.39163398742676
INFO:trainer_layer_backward:189.24260139465332
INFO:trainer_layer_backward:179.23974990844727
INFO:trainer_layer_backward:187.40224838256836
INFO:trainer_layer_backward:192.18945503234863
INFO:trainer_layer_backward:180.2225112915039
INFO:trainer_layer_backward:195.5559253692627
INFO:trainer_layer_backward:179.5668601989746
INFO:trainer_layer_backward:190.8276081085205
INFO:trainer_layer_backward:178.85470390319824
INFO:trainer_layer_backward:180.1624298095703
INFO:trainer_layer_backward:178.68876457214355
INFO:trainer_layer_backward:194.52810287475586
INFO:trainer_layer_backward:181.7343235015869
INFO:trainer_layer_backward:180.2065372467041
INFO:trainer_layer_backward:190.1843547821045
INFO:trainer_layer_backward:196.45047187805176
INFO:trainer_layer_backward:196.86198234558105
INFO:trainer_layer_backward:196.2289810180664
INFO:trainer_layer_backward:194.32473182678223
INFO:trainer_layer_backward:198.0125904083252
INFO:trainer_layer_backward:196.61951065063477
INFO:trainer_layer_backward:197.45874404907227
INFO:trainer_layer_backward:193.76850128173828
INFO:trainer_layer_backward:192.2008991241455
INFO:trainer_layer_backward:194.4754123687744
INFO:trainer_layer_backward:196.23208045959473
INFO:trainer_layer_backward:194.72932815551758
INFO:trainer_layer_backward:196.54059410095215
INFO:trainer_layer_backward:197.62682914733887
INFO:trainer_layer_backward:194.73743438720703
INFO:trainer_layer_backward:192.7206516265869
INFO:trainer_layer_backward:194.17786598205566
INFO:trainer_layer_backward:194.00453567504883
INFO:trainer_layer_backward:195.01495361328125
INFO:trainer_layer_backward:193.41588020324707
INFO:trainer_layer_backward:194.03362274169922
INFO:trainer_layer_backward:190.02866744995117
INFO:trainer_layer_backward:192.20972061157227
INFO:trainer_layer_backward:195.1124668121338
INFO:trainer_layer_backward:192.8884983062744
INFO:trainer_layer_backward:191.0853385925293
INFO:trainer_layer_backward:194.01121139526367
INFO:trainer_layer_backward:193.51720809936523
INFO:trainer_layer_backward:194.96655464172363
INFO:trainer_layer_backward:193.43090057373047
INFO:trainer_layer_backward:193.2077407836914
INFO:trainer_layer_backward:190.6886100769043
INFO:trainer_layer_backward:193.86553764343262
INFO:trainer_layer_backward:192.28816032409668
INFO:trainer_layer_backward:193.33553314208984
INFO:trainer_layer_backward:191.45846366882324
INFO:trainer_layer_backward:195.61505317687988
INFO:trainer_layer_backward:194.04125213623047
INFO:trainer_layer_backward:193.09210777282715
INFO:trainer_layer_backward:192.63792037963867
INFO:trainer_layer_backward:182.93046951293945
INFO:trainer_layer_backward:179.92758750915527
INFO:trainer_layer_backward:180.0220012664795
INFO:trainer_layer_backward:180.77659606933594
INFO:trainer_layer_backward:179.76999282836914
INFO:trainer_layer_backward:180.24158477783203
INFO:trainer_layer_backward:194.83423233032227
INFO:trainer_layer_backward:181.1985969543457
INFO:trainer_layer_backward:185.49633026123047
INFO:trainer_layer_backward:196.5620517730713
INFO:trainer_layer_backward:183.16364288330078
INFO:trainer_layer_backward:191.3454532623291
INFO:trainer_layer_backward:183.88962745666504
INFO:trainer_layer_backward:177.60276794433594
INFO:trainer_layer_backward:192.67630577087402
INFO:trainer_layer_backward:192.9495334625244
INFO:trainer_layer_backward:194.0591335296631
INFO:trainer_layer_backward:193.04561614990234
INFO:trainer_layer_backward:184.5083236694336
INFO:trainer_layer_backward:177.88290977478027
INFO:trainer_layer_backward:191.24913215637207
INFO:trainer_layer_backward:182.00945854187012
INFO:trainer_layer_backward:178.19523811340332
INFO:trainer_layer_backward:178.56526374816895
INFO:trainer_layer_backward:176.93281173706055
INFO:trainer_layer_backward:178.82466316223145
INFO:trainer_layer_backward:178.37285995483398
INFO:trainer_layer_backward:179.26478385925293
INFO:trainer_layer_backward:178.9414882659912
INFO:trainer_layer_backward:180.9523105621338
INFO:trainer_layer_backward:178.7099838256836
INFO:trainer_layer_backward:186.16056442260742
INFO:trainer_layer_backward:184.3862533569336
INFO:trainer_layer_backward:188.86661529541016
INFO:trainer_layer_backward:180.89628219604492
INFO:trainer_layer_backward:185.97912788391113
INFO:trainer_layer_backward:179.03900146484375
INFO:trainer_layer_backward:178.10320854187012
INFO:trainer_layer_backward:178.83801460266113
INFO:trainer_layer_backward:178.89761924743652
INFO:trainer_layer_backward:178.29370498657227
INFO:trainer_layer_backward:180.6480884552002
INFO:trainer_layer_backward:181.9784641265869
INFO:trainer_layer_backward:182.9385757446289
INFO:trainer_layer_backward:201.51138305664062
INFO:trainer_layer_backward:194.1676139831543
INFO:trainer_layer_backward:194.98014450073242
INFO:trainer_layer_backward:183.67958068847656
INFO:trainer_layer_backward:181.21814727783203
INFO:trainer_layer_backward:179.65245246887207
INFO:trainer_layer_backward:178.619384765625
INFO:trainer_layer_backward:181.27799034118652
INFO:trainer_layer_backward:178.1630516052246
INFO:trainer_layer_backward:179.03590202331543
INFO:trainer_layer_backward:183.41827392578125
INFO:trainer_layer_backward:179.27241325378418
INFO:trainer_layer_backward:178.90262603759766
INFO:trainer_layer_backward:183.17937850952148
INFO:trainer_layer_backward:191.44630432128906
INFO:trainer_layer_backward:192.38662719726562
INFO:trainer_layer_backward:183.0151081085205
INFO:trainer_layer_backward:179.9447536468506
INFO:trainer_layer_backward:177.4461269378662
INFO:trainer_layer_backward:181.1225414276123
INFO:trainer_layer_backward:181.57196044921875
INFO:trainer_layer_backward:183.39991569519043
INFO:trainer_layer_backward:178.0385971069336
INFO:trainer_layer_backward:178.38382720947266
INFO:trainer_layer_backward:182.45625495910645
INFO:trainer_layer_backward:179.2457103729248
INFO:trainer_layer_backward:184.1418743133545
INFO:trainer_layer_backward:180.42778968811035
INFO:trainer_layer_backward:178.12466621398926
INFO:trainer_layer_backward:185.83202362060547
INFO:trainer_layer_backward:181.31756782531738
INFO:trainer_layer_backward:186.63454055786133
INFO:trainer_layer_backward:186.33151054382324
INFO:trainer_layer_backward:184.9966049194336
INFO:trainer_layer_backward:181.17046356201172
INFO:trainer_layer_backward:189.44215774536133
INFO:trainer_layer_backward:195.23167610168457
INFO:trainer_layer_backward:186.00845336914062
INFO:trainer_layer_backward:189.2387866973877
INFO:trainer_layer_backward:191.76077842712402
INFO:trainer_layer_backward:187.89291381835938
INFO:trainer_layer_backward:189.61286544799805
INFO:trainer_layer_backward:184.157133102417
INFO:trainer_layer_backward:179.4588565826416
INFO:trainer_layer_backward:179.80337142944336
INFO:trainer_layer_backward:186.07234954833984
INFO:trainer_layer_backward:180.2997589111328
INFO:trainer_layer_backward:178.83706092834473
INFO:trainer_layer_backward:178.1332492828369
INFO:trainer_layer_backward:181.4115047454834
INFO:trainer_layer_backward:177.92367935180664
INFO:trainer_layer_backward:179.73852157592773
INFO:trainer_layer_backward:178.56359481811523
INFO:trainer_layer_backward:178.2970428466797
INFO:trainer_layer_backward:179.32772636413574
INFO:trainer_layer_backward:180.2048683166504
INFO:trainer_layer_backward:179.20660972595215
INFO:trainer_layer_backward:181.14352226257324
INFO:trainer_layer_backward:194.93794441223145
INFO:trainer_layer_backward:197.53551483154297
INFO:trainer_layer_backward:190.08326530456543
INFO:trainer_layer_backward:188.85231018066406
INFO:trainer_layer_backward:188.0512237548828
INFO:trainer_layer_backward:189.81623649597168
INFO:trainer_layer_backward:198.5006332397461
INFO:trainer_layer_backward:196.28262519836426
INFO:trainer_layer_backward:198.81582260131836
INFO:trainer_layer_backward:196.70581817626953
INFO:trainer_layer_backward:195.94454765319824
INFO:trainer_layer_backward:186.4330768585205
INFO:trainer_layer_backward:184.02838706970215
INFO:trainer_layer_backward:182.2185516357422
INFO:trainer_layer_backward:181.0755729675293
INFO:trainer_layer_backward:185.46605110168457
INFO:trainer_layer_backward:181.26225471496582
INFO:trainer_layer_backward:178.59816551208496
INFO:trainer_layer_backward:180.96685409545898
