INFO:trainer_layer_backward:CNNEx | mnist
INFO:trainer_layer_backward:in_size : 128 | epochs : 1 | batch : 1
INFO:trainer_layer_backward:kernel_l1 : 65 | kernel_l2 : 33 | kernel_l3 : 17 
INFO:trainer_layer_backward:o_channels_l1 : 5 | o_channels_l2 : 5 | o_channels_l3 : 5 
INFO:trainer_layer_backward:learn_num_train : 1000 | learn_num_validate : 0 
INFO:trainer_layer_backward::::::::::::::::::::::::::::::::::::::::::::::::::::::::::::
INFO:trainer_layer_backward:message : conv1 
INFO:trainer_layer_backward::::::::::::::::::::::::::::::::::::::::::::::::::::::::::::
INFO:trainer_layer_backward:Ave_Time : 1.4316127757833461
INFO:trainer_layer_backward::::::::::::::::::::::::::::::::::::::::::::::::::::::::::::
INFO:trainer_layer_backward:1.2433528900146484
INFO:trainer_layer_backward:1.417398452758789
INFO:trainer_layer_backward:1.3544559478759766
INFO:trainer_layer_backward:1.5981197357177734
INFO:trainer_layer_backward:1.619100570678711
INFO:trainer_layer_backward:1.3747215270996094
INFO:trainer_layer_backward:1.7504692077636719
INFO:trainer_layer_backward:2.0186901092529297
INFO:trainer_layer_backward:1.6474723815917969
INFO:trainer_layer_backward:1.5289783477783203
INFO:trainer_layer_backward:1.4183521270751953
INFO:trainer_layer_backward:1.5215873718261719
INFO:trainer_layer_backward:1.2848377227783203
INFO:trainer_layer_backward:1.3883113861083984
INFO:trainer_layer_backward:1.271963119506836
INFO:trainer_layer_backward:2.981901168823242
INFO:trainer_layer_backward:1.3747215270996094
INFO:trainer_layer_backward:1.3148784637451172
INFO:trainer_layer_backward:1.390695571899414
INFO:trainer_layer_backward:5.769252777099609
INFO:trainer_layer_backward:1.2507438659667969
INFO:trainer_layer_backward:1.0209083557128906
INFO:trainer_layer_backward:1.3475418090820312
INFO:trainer_layer_backward:1.1458396911621094
INFO:trainer_layer_backward:1.2998580932617188
INFO:trainer_layer_backward:1.4061927795410156
INFO:trainer_layer_backward:1.2965202331542969
INFO:trainer_layer_backward:1.2240409851074219
INFO:trainer_layer_backward:1.348257064819336
INFO:trainer_layer_backward:1.386880874633789
INFO:trainer_layer_backward:1.3546943664550781
INFO:trainer_layer_backward:1.2309551239013672
INFO:trainer_layer_backward:1.5151500701904297
INFO:trainer_layer_backward:1.5349388122558594
INFO:trainer_layer_backward:1.3878345489501953
INFO:trainer_layer_backward:1.2052059173583984
INFO:trainer_layer_backward:1.142263412475586
INFO:trainer_layer_backward:1.0917186737060547
INFO:trainer_layer_backward:1.1861324310302734
INFO:trainer_layer_backward:1.199483871459961
INFO:trainer_layer_backward:1.0173320770263672
INFO:trainer_layer_backward:0.9684562683105469
INFO:trainer_layer_backward:1.1019706726074219
INFO:trainer_layer_backward:1.031637191772461
INFO:trainer_layer_backward:1.241445541381836
INFO:trainer_layer_backward:1.13677978515625
INFO:trainer_layer_backward:1.2094974517822266
INFO:trainer_layer_backward:1.3082027435302734
INFO:trainer_layer_backward:1.1496543884277344
INFO:trainer_layer_backward:1.4340877532958984
INFO:trainer_layer_backward:1.5001296997070312
INFO:trainer_layer_backward:1.2586116790771484
INFO:trainer_layer_backward:1.2428760528564453
INFO:trainer_layer_backward:1.1475086212158203
INFO:trainer_layer_backward:1.1928081512451172
INFO:trainer_layer_backward:1.2362003326416016
INFO:trainer_layer_backward:1.3642311096191406
INFO:trainer_layer_backward:1.531362533569336
INFO:trainer_layer_backward:1.3899803161621094
INFO:trainer_layer_backward:1.4221668243408203
INFO:trainer_layer_backward:1.3241767883300781
INFO:trainer_layer_backward:1.3489723205566406
INFO:trainer_layer_backward:1.481771469116211
INFO:trainer_layer_backward:1.3675689697265625
INFO:trainer_layer_backward:1.6837120056152344
INFO:trainer_layer_backward:1.5380382537841797
INFO:trainer_layer_backward:1.402139663696289
INFO:trainer_layer_backward:1.3647079467773438
INFO:trainer_layer_backward:1.3530254364013672
INFO:trainer_layer_backward:2.693653106689453
INFO:trainer_layer_backward:1.5337467193603516
INFO:trainer_layer_backward:1.3840198516845703
INFO:trainer_layer_backward:1.3241767883300781
INFO:trainer_layer_backward:1.641988754272461
INFO:trainer_layer_backward:1.3687610626220703
INFO:trainer_layer_backward:1.3370513916015625
INFO:trainer_layer_backward:1.2996196746826172
INFO:trainer_layer_backward:1.2407302856445312
INFO:trainer_layer_backward:1.3928413391113281
INFO:trainer_layer_backward:1.2753009796142578
INFO:trainer_layer_backward:1.2288093566894531
INFO:trainer_layer_backward:1.4286041259765625
INFO:trainer_layer_backward:2.330780029296875
INFO:trainer_layer_backward:1.5740394592285156
INFO:trainer_layer_backward:1.2946128845214844
INFO:trainer_layer_backward:1.1146068572998047
INFO:trainer_layer_backward:1.2044906616210938
INFO:trainer_layer_backward:1.645803451538086
INFO:trainer_layer_backward:1.7094612121582031
INFO:trainer_layer_backward:1.5811920166015625
INFO:trainer_layer_backward:1.550436019897461
INFO:trainer_layer_backward:1.1491775512695312
INFO:trainer_layer_backward:1.3549327850341797
INFO:trainer_layer_backward:1.3659000396728516
INFO:trainer_layer_backward:1.0912418365478516
INFO:trainer_layer_backward:1.138448715209961
INFO:trainer_layer_backward:1.5087127685546875
INFO:trainer_layer_backward:1.447439193725586
INFO:trainer_layer_backward:1.5473365783691406
INFO:trainer_layer_backward:1.5223026275634766
INFO:trainer_layer_backward:1.314401626586914
INFO:trainer_layer_backward:1.3451576232910156
INFO:trainer_layer_backward:1.2011528015136719
INFO:trainer_layer_backward:1.6813278198242188
INFO:trainer_layer_backward:1.8153190612792969
INFO:trainer_layer_backward:1.683950424194336
INFO:trainer_layer_backward:1.6641616821289062
INFO:trainer_layer_backward:1.589059829711914
INFO:trainer_layer_backward:1.251220703125
INFO:trainer_layer_backward:1.2974739074707031
INFO:trainer_layer_backward:1.2254714965820312
INFO:trainer_layer_backward:1.1551380157470703
INFO:trainer_layer_backward:1.314401626586914
INFO:trainer_layer_backward:1.4171600341796875
INFO:trainer_layer_backward:2.432584762573242
INFO:trainer_layer_backward:1.6181468963623047
INFO:trainer_layer_backward:1.4233589172363281
INFO:trainer_layer_backward:1.6293525695800781
INFO:trainer_layer_backward:1.3704299926757812
INFO:trainer_layer_backward:1.4581680297851562
INFO:trainer_layer_backward:1.6083717346191406
INFO:trainer_layer_backward:1.4333724975585938
INFO:trainer_layer_backward:1.2238025665283203
INFO:trainer_layer_backward:1.5981197357177734
INFO:trainer_layer_backward:1.3315677642822266
INFO:trainer_layer_backward:1.2562274932861328
INFO:trainer_layer_backward:1.440286636352539
INFO:trainer_layer_backward:1.3506412506103516
INFO:trainer_layer_backward:1.3613700866699219
INFO:trainer_layer_backward:1.149892807006836
INFO:trainer_layer_backward:1.3582706451416016
INFO:trainer_layer_backward:1.2912750244140625
INFO:trainer_layer_backward:1.5289783477783203
INFO:trainer_layer_backward:1.140594482421875
INFO:trainer_layer_backward:1.4996528625488281
INFO:trainer_layer_backward:1.6965866088867188
INFO:trainer_layer_backward:1.5423297882080078
INFO:trainer_layer_backward:1.5587806701660156
INFO:trainer_layer_backward:1.4083385467529297
INFO:trainer_layer_backward:1.2369155883789062
INFO:trainer_layer_backward:1.0075569152832031
INFO:trainer_layer_backward:1.0237693786621094
INFO:trainer_layer_backward:1.0275840759277344
INFO:trainer_layer_backward:1.287221908569336
INFO:trainer_layer_backward:1.087188720703125
INFO:trainer_layer_backward:1.081705093383789
INFO:trainer_layer_backward:1.1897087097167969
INFO:trainer_layer_backward:1.1682510375976562
INFO:trainer_layer_backward:1.1458396911621094
INFO:trainer_layer_backward:1.1322498321533203
INFO:trainer_layer_backward:1.1875629425048828
INFO:trainer_layer_backward:1.056671142578125
INFO:trainer_layer_backward:1.140594482421875
INFO:trainer_layer_backward:1.505136489868164
INFO:trainer_layer_backward:1.36566162109375
INFO:trainer_layer_backward:1.3456344604492188
INFO:trainer_layer_backward:1.3041496276855469
INFO:trainer_layer_backward:1.2824535369873047
INFO:trainer_layer_backward:1.5003681182861328
INFO:trainer_layer_backward:1.4393329620361328
INFO:trainer_layer_backward:1.4927387237548828
INFO:trainer_layer_backward:1.3518333435058594
INFO:trainer_layer_backward:1.157522201538086
INFO:trainer_layer_backward:1.2993812561035156
INFO:trainer_layer_backward:1.2133121490478516
INFO:trainer_layer_backward:1.4579296112060547
INFO:trainer_layer_backward:1.5230178833007812
INFO:trainer_layer_backward:1.6226768493652344
INFO:trainer_layer_backward:1.2478828430175781
INFO:trainer_layer_backward:1.251220703125
INFO:trainer_layer_backward:1.4913082122802734
INFO:trainer_layer_backward:2.073049545288086
INFO:trainer_layer_backward:1.3480186462402344
INFO:trainer_layer_backward:1.4357566833496094
INFO:trainer_layer_backward:1.5516281127929688
INFO:trainer_layer_backward:1.378774642944336
INFO:trainer_layer_backward:1.2955665588378906
INFO:trainer_layer_backward:5.136966705322266
INFO:trainer_layer_backward:2.4137496948242188
INFO:trainer_layer_backward:1.4379024505615234
INFO:trainer_layer_backward:1.2497901916503906
INFO:trainer_layer_backward:1.3210773468017578
INFO:trainer_layer_backward:1.5747547149658203
INFO:trainer_layer_backward:1.3523101806640625
INFO:trainer_layer_backward:1.3895034790039062
INFO:trainer_layer_backward:1.5687942504882812
INFO:trainer_layer_backward:1.474142074584961
INFO:trainer_layer_backward:1.6276836395263672
INFO:trainer_layer_backward:1.4650821685791016
INFO:trainer_layer_backward:1.4400482177734375
INFO:trainer_layer_backward:1.2977123260498047
INFO:trainer_layer_backward:1.333475112915039
INFO:trainer_layer_backward:1.5141963958740234
INFO:trainer_layer_backward:1.5592575073242188
INFO:trainer_layer_backward:1.1632442474365234
INFO:trainer_layer_backward:1.262664794921875
INFO:trainer_layer_backward:1.1861324310302734
INFO:trainer_layer_backward:1.2216567993164062
INFO:trainer_layer_backward:1.6093254089355469
INFO:trainer_layer_backward:1.4252662658691406
INFO:trainer_layer_backward:1.4090538024902344
INFO:trainer_layer_backward:1.1141300201416016
INFO:trainer_layer_backward:1.499176025390625
INFO:trainer_layer_backward:1.3422966003417969
INFO:trainer_layer_backward:1.325845718383789
INFO:trainer_layer_backward:1.5254020690917969
INFO:trainer_layer_backward:1.478433609008789
INFO:trainer_layer_backward:1.5010833740234375
INFO:trainer_layer_backward:1.2333393096923828
INFO:trainer_layer_backward:1.2557506561279297
INFO:trainer_layer_backward:1.4100074768066406
INFO:trainer_layer_backward:1.2753009796142578
INFO:trainer_layer_backward:1.196146011352539
INFO:trainer_layer_backward:1.6622543334960938
INFO:trainer_layer_backward:1.5630722045898438
INFO:trainer_layer_backward:1.3718605041503906
INFO:trainer_layer_backward:1.4255046844482422
INFO:trainer_layer_backward:1.2867450714111328
INFO:trainer_layer_backward:1.3134479522705078
INFO:trainer_layer_backward:1.3048648834228516
INFO:trainer_layer_backward:1.5187263488769531
INFO:trainer_layer_backward:1.2280941009521484
INFO:trainer_layer_backward:1.481771469116211
INFO:trainer_layer_backward:1.3158321380615234
INFO:trainer_layer_backward:1.4979839324951172
INFO:trainer_layer_backward:1.3418197631835938
INFO:trainer_layer_backward:1.294851303100586
INFO:trainer_layer_backward:1.4238357543945312
INFO:trainer_layer_backward:1.3811588287353516
INFO:trainer_layer_backward:1.692056655883789
INFO:trainer_layer_backward:1.4553070068359375
INFO:trainer_layer_backward:1.569986343383789
INFO:trainer_layer_backward:1.3968944549560547
INFO:trainer_layer_backward:1.5108585357666016
INFO:trainer_layer_backward:1.3899803161621094
INFO:trainer_layer_backward:1.3287067413330078
INFO:trainer_layer_backward:1.2934207916259766
INFO:trainer_layer_backward:3.1630992889404297
INFO:trainer_layer_backward:1.6813278198242188
INFO:trainer_layer_backward:1.1980533599853516
INFO:trainer_layer_backward:1.2149810791015625
INFO:trainer_layer_backward:1.5320777893066406
INFO:trainer_layer_backward:1.617431640625
INFO:trainer_layer_backward:1.5168190002441406
INFO:trainer_layer_backward:1.3687610626220703
INFO:trainer_layer_backward:1.1639595031738281
INFO:trainer_layer_backward:1.428842544555664
INFO:trainer_layer_backward:1.1749267578125
INFO:trainer_layer_backward:1.348733901977539
INFO:trainer_layer_backward:1.1823177337646484
INFO:trainer_layer_backward:1.1730194091796875
INFO:trainer_layer_backward:1.146554946899414
INFO:trainer_layer_backward:1.148223876953125
INFO:trainer_layer_backward:1.4328956604003906
INFO:trainer_layer_backward:1.0895729064941406
INFO:trainer_layer_backward:1.470327377319336
INFO:trainer_layer_backward:1.3985633850097656
INFO:trainer_layer_backward:1.268625259399414
INFO:trainer_layer_backward:1.6384124755859375
INFO:trainer_layer_backward:1.5137195587158203
INFO:trainer_layer_backward:1.4071464538574219
INFO:trainer_layer_backward:1.1935234069824219
INFO:trainer_layer_backward:1.5420913696289062
INFO:trainer_layer_backward:1.283884048461914
INFO:trainer_layer_backward:1.3167858123779297
INFO:trainer_layer_backward:1.211404800415039
INFO:trainer_layer_backward:1.3568401336669922
INFO:trainer_layer_backward:1.3926029205322266
INFO:trainer_layer_backward:1.3782978057861328
INFO:trainer_layer_backward:1.1630058288574219
INFO:trainer_layer_backward:1.458883285522461
INFO:trainer_layer_backward:1.4450550079345703
INFO:trainer_layer_backward:1.440286636352539
INFO:trainer_layer_backward:1.155853271484375
INFO:trainer_layer_backward:1.0890960693359375
INFO:trainer_layer_backward:1.074075698852539
INFO:trainer_layer_backward:1.1491775512695312
INFO:trainer_layer_backward:2.0143985748291016
INFO:trainer_layer_backward:1.5697479248046875
INFO:trainer_layer_backward:1.3246536254882812
INFO:trainer_layer_backward:1.3818740844726562
INFO:trainer_layer_backward:1.1303424835205078
INFO:trainer_layer_backward:1.2195110321044922
INFO:trainer_layer_backward:1.1119842529296875
INFO:trainer_layer_backward:1.1751651763916016
INFO:trainer_layer_backward:1.3136863708496094
INFO:trainer_layer_backward:1.669168472290039
INFO:trainer_layer_backward:1.4600753784179688
INFO:trainer_layer_backward:1.317739486694336
INFO:trainer_layer_backward:1.3430118560791016
INFO:trainer_layer_backward:1.3380050659179688
INFO:trainer_layer_backward:1.3575553894042969
INFO:trainer_layer_backward:1.5795230865478516
INFO:trainer_layer_backward:1.543283462524414
INFO:trainer_layer_backward:2.558469772338867
INFO:trainer_layer_backward:1.5459060668945312
INFO:trainer_layer_backward:1.3885498046875
INFO:trainer_layer_backward:1.4138221740722656
INFO:trainer_layer_backward:1.177072525024414
INFO:trainer_layer_backward:1.4812946319580078
INFO:trainer_layer_backward:1.1715888977050781
INFO:trainer_layer_backward:1.226186752319336
INFO:trainer_layer_backward:1.2984275817871094
INFO:trainer_layer_backward:1.3165473937988281
INFO:trainer_layer_backward:1.524209976196289
INFO:trainer_layer_backward:1.4824867248535156
INFO:trainer_layer_backward:1.0840892791748047
INFO:trainer_layer_backward:1.2011528015136719
INFO:trainer_layer_backward:1.079559326171875
INFO:trainer_layer_backward:1.3611316680908203
INFO:trainer_layer_backward:1.3284683227539062
INFO:trainer_layer_backward:1.4295578002929688
INFO:trainer_layer_backward:1.2829303741455078
INFO:trainer_layer_backward:1.3799667358398438
INFO:trainer_layer_backward:1.428365707397461
INFO:trainer_layer_backward:1.9536018371582031
INFO:trainer_layer_backward:1.4617443084716797
INFO:trainer_layer_backward:1.4085769653320312
INFO:trainer_layer_backward:1.1985301971435547
INFO:trainer_layer_backward:1.3365745544433594
INFO:trainer_layer_backward:1.3136863708496094
INFO:trainer_layer_backward:1.3494491577148438
INFO:trainer_layer_backward:1.4524459838867188
INFO:trainer_layer_backward:1.314401626586914
INFO:trainer_layer_backward:1.4278888702392578
INFO:trainer_layer_backward:1.2934207916259766
INFO:trainer_layer_backward:1.291036605834961
INFO:trainer_layer_backward:1.4081001281738281
INFO:trainer_layer_backward:1.4476776123046875
INFO:trainer_layer_backward:1.2969970703125
INFO:trainer_layer_backward:1.1563301086425781
INFO:trainer_layer_backward:1.1830329895019531
INFO:trainer_layer_backward:1.3930797576904297
INFO:trainer_layer_backward:1.4028549194335938
INFO:trainer_layer_backward:1.337289810180664
INFO:trainer_layer_backward:1.3802051544189453
INFO:trainer_layer_backward:1.2307167053222656
INFO:trainer_layer_backward:1.5554428100585938
INFO:trainer_layer_backward:2.2749900817871094
INFO:trainer_layer_backward:1.5506744384765625
INFO:trainer_layer_backward:1.4102458953857422
INFO:trainer_layer_backward:1.1849403381347656
INFO:trainer_layer_backward:1.5337467193603516
INFO:trainer_layer_backward:1.5964508056640625
INFO:trainer_layer_backward:1.5614032745361328
INFO:trainer_layer_backward:1.3687610626220703
INFO:trainer_layer_backward:1.1913776397705078
INFO:trainer_layer_backward:1.3937950134277344
INFO:trainer_layer_backward:1.3918876647949219
INFO:trainer_layer_backward:1.2917518615722656
INFO:trainer_layer_backward:1.138925552368164
INFO:trainer_layer_backward:1.233816146850586
INFO:trainer_layer_backward:1.2471675872802734
INFO:trainer_layer_backward:1.4650821685791016
INFO:trainer_layer_backward:1.3701915740966797
INFO:trainer_layer_backward:1.3341903686523438
INFO:trainer_layer_backward:1.340627670288086
INFO:trainer_layer_backward:1.2018680572509766
INFO:trainer_layer_backward:1.461029052734375
INFO:trainer_layer_backward:2.021312713623047
INFO:trainer_layer_backward:1.2578964233398438
INFO:trainer_layer_backward:1.6257762908935547
INFO:trainer_layer_backward:5.199193954467773
INFO:trainer_layer_backward:1.3570785522460938
INFO:trainer_layer_backward:6.717443466186523
INFO:trainer_layer_backward:2.4552345275878906
INFO:trainer_layer_backward:3.913402557373047
INFO:trainer_layer_backward:1.313924789428711
INFO:trainer_layer_backward:1.3425350189208984
INFO:trainer_layer_backward:4.751443862915039
INFO:trainer_layer_backward:1.8002986907958984
INFO:trainer_layer_backward:1.1959075927734375
INFO:trainer_layer_backward:1.1277198791503906
INFO:trainer_layer_backward:1.7483234405517578
INFO:trainer_layer_backward:1.2493133544921875
INFO:trainer_layer_backward:1.4591217041015625
INFO:trainer_layer_backward:1.4693737030029297
INFO:trainer_layer_backward:1.4545917510986328
INFO:trainer_layer_backward:1.7943382263183594
INFO:trainer_layer_backward:1.6701221466064453
INFO:trainer_layer_backward:1.6207695007324219
INFO:trainer_layer_backward:1.7993450164794922
INFO:trainer_layer_backward:1.5065670013427734
INFO:trainer_layer_backward:1.2784004211425781
INFO:trainer_layer_backward:1.1391639709472656
INFO:trainer_layer_backward:1.1680126190185547
INFO:trainer_layer_backward:1.1258125305175781
INFO:trainer_layer_backward:1.293182373046875
INFO:trainer_layer_backward:1.5447139739990234
INFO:trainer_layer_backward:1.5017986297607422
INFO:trainer_layer_backward:1.4774799346923828
INFO:trainer_layer_backward:2.426624298095703
INFO:trainer_layer_backward:1.814126968383789
INFO:trainer_layer_backward:1.3756752014160156
INFO:trainer_layer_backward:1.087188720703125
INFO:trainer_layer_backward:1.0974407196044922
INFO:trainer_layer_backward:0.9553432464599609
INFO:trainer_layer_backward:1.3229846954345703
INFO:trainer_layer_backward:1.499176025390625
INFO:trainer_layer_backward:1.116037368774414
INFO:trainer_layer_backward:1.0638236999511719
INFO:trainer_layer_backward:1.1396408081054688
INFO:trainer_layer_backward:1.2598037719726562
INFO:trainer_layer_backward:1.3356208801269531
INFO:trainer_layer_backward:1.1472702026367188
INFO:trainer_layer_backward:1.1539459228515625
INFO:trainer_layer_backward:1.0919570922851562
INFO:trainer_layer_backward:1.154184341430664
INFO:trainer_layer_backward:1.306295394897461
INFO:trainer_layer_backward:1.2524127960205078
INFO:trainer_layer_backward:1.3098716735839844
INFO:trainer_layer_backward:1.302480697631836
INFO:trainer_layer_backward:1.070261001586914
INFO:trainer_layer_backward:1.5137195587158203
INFO:trainer_layer_backward:1.4107227325439453
INFO:trainer_layer_backward:1.2733936309814453
INFO:trainer_layer_backward:1.432180404663086
INFO:trainer_layer_backward:2.3102760314941406
INFO:trainer_layer_backward:1.6045570373535156
INFO:trainer_layer_backward:1.4617443084716797
INFO:trainer_layer_backward:1.2712478637695312
INFO:trainer_layer_backward:1.3647079467773438
INFO:trainer_layer_backward:1.3325214385986328
INFO:trainer_layer_backward:1.0554790496826172
INFO:trainer_layer_backward:1.2180805206298828
INFO:trainer_layer_backward:1.2826919555664062
INFO:trainer_layer_backward:1.1715888977050781
INFO:trainer_layer_backward:1.3496875762939453
INFO:trainer_layer_backward:2.918243408203125
INFO:trainer_layer_backward:1.4615058898925781
INFO:trainer_layer_backward:1.5060901641845703
INFO:trainer_layer_backward:1.4355182647705078
INFO:trainer_layer_backward:1.0995864868164062
INFO:trainer_layer_backward:1.0085105895996094
INFO:trainer_layer_backward:1.3628005981445312
INFO:trainer_layer_backward:1.589059829711914
INFO:trainer_layer_backward:1.4405250549316406
INFO:trainer_layer_backward:1.2562274932861328
INFO:trainer_layer_backward:1.2581348419189453
INFO:trainer_layer_backward:1.2011528015136719
INFO:trainer_layer_backward:1.4111995697021484
INFO:trainer_layer_backward:1.322031021118164
INFO:trainer_layer_backward:1.2483596801757812
INFO:trainer_layer_backward:1.1816024780273438
INFO:trainer_layer_backward:1.5726089477539062
INFO:trainer_layer_backward:1.5230178833007812
INFO:trainer_layer_backward:1.657247543334961
INFO:trainer_layer_backward:1.3499259948730469
INFO:trainer_layer_backward:1.3871192932128906
INFO:trainer_layer_backward:1.3201236724853516
INFO:trainer_layer_backward:1.312255859375
INFO:trainer_layer_backward:1.7702579498291016
INFO:trainer_layer_backward:1.2636184692382812
INFO:trainer_layer_backward:1.2652873992919922
INFO:trainer_layer_backward:1.2054443359375
INFO:trainer_layer_backward:1.3167858123779297
INFO:trainer_layer_backward:1.4240741729736328
INFO:trainer_layer_backward:1.520395278930664
INFO:trainer_layer_backward:1.157999038696289
INFO:trainer_layer_backward:1.2319087982177734
INFO:trainer_layer_backward:2.7844905853271484
INFO:trainer_layer_backward:1.3353824615478516
INFO:trainer_layer_backward:1.5523433685302734
INFO:trainer_layer_backward:1.2860298156738281
INFO:trainer_layer_backward:1.3270378112792969
INFO:trainer_layer_backward:1.4455318450927734
INFO:trainer_layer_backward:1.4138221740722656
INFO:trainer_layer_backward:1.4178752899169922
INFO:trainer_layer_backward:1.8203258514404297
INFO:trainer_layer_backward:1.3747215270996094
INFO:trainer_layer_backward:1.2183189392089844
INFO:trainer_layer_backward:1.48773193359375
INFO:trainer_layer_backward:2.5060176849365234
INFO:trainer_layer_backward:1.4922618865966797
INFO:trainer_layer_backward:1.4605522155761719
INFO:trainer_layer_backward:1.4178752899169922
INFO:trainer_layer_backward:1.4140605926513672
INFO:trainer_layer_backward:1.394033432006836
INFO:trainer_layer_backward:1.1928081512451172
INFO:trainer_layer_backward:1.7247200012207031
INFO:trainer_layer_backward:1.6231536865234375
INFO:trainer_layer_backward:1.5423297882080078
INFO:trainer_layer_backward:1.4972686767578125
INFO:trainer_layer_backward:1.333475112915039
INFO:trainer_layer_backward:1.2853145599365234
INFO:trainer_layer_backward:1.439809799194336
INFO:trainer_layer_backward:1.238107681274414
INFO:trainer_layer_backward:1.596212387084961
INFO:trainer_layer_backward:1.5802383422851562
INFO:trainer_layer_backward:1.2233257293701172
INFO:trainer_layer_backward:1.402139663696289
INFO:trainer_layer_backward:1.4576911926269531
INFO:trainer_layer_backward:1.3623237609863281
INFO:trainer_layer_backward:1.476287841796875
INFO:trainer_layer_backward:1.5697479248046875
INFO:trainer_layer_backward:2.281665802001953
INFO:trainer_layer_backward:1.6586780548095703
INFO:trainer_layer_backward:1.5099048614501953
INFO:trainer_layer_backward:1.1758804321289062
INFO:trainer_layer_backward:1.3599395751953125
INFO:trainer_layer_backward:1.3167858123779297
INFO:trainer_layer_backward:1.5325546264648438
INFO:trainer_layer_backward:1.4297962188720703
INFO:trainer_layer_backward:1.2636184692382812
INFO:trainer_layer_backward:2.7637481689453125
INFO:trainer_layer_backward:2.1228790283203125
INFO:trainer_layer_backward:1.3775825500488281
INFO:trainer_layer_backward:1.2965202331542969
INFO:trainer_layer_backward:1.3515949249267578
INFO:trainer_layer_backward:1.4340877532958984
INFO:trainer_layer_backward:1.4011859893798828
INFO:trainer_layer_backward:1.310110092163086
INFO:trainer_layer_backward:1.322031021118164
INFO:trainer_layer_backward:1.117706298828125
INFO:trainer_layer_backward:1.5091896057128906
INFO:trainer_layer_backward:2.7675628662109375
INFO:trainer_layer_backward:1.0712146759033203
INFO:trainer_layer_backward:1.4464855194091797
INFO:trainer_layer_backward:1.1932849884033203
INFO:trainer_layer_backward:1.3873577117919922
INFO:trainer_layer_backward:1.253366470336914
INFO:trainer_layer_backward:1.413583755493164
INFO:trainer_layer_backward:1.3935565948486328
INFO:trainer_layer_backward:1.6889572143554688
INFO:trainer_layer_backward:1.7464160919189453
INFO:trainer_layer_backward:1.3298988342285156
INFO:trainer_layer_backward:1.2595653533935547
INFO:trainer_layer_backward:1.2116432189941406
INFO:trainer_layer_backward:1.4727115631103516
INFO:trainer_layer_backward:1.1487007141113281
INFO:trainer_layer_backward:1.2364387512207031
INFO:trainer_layer_backward:1.3167858123779297
INFO:trainer_layer_backward:1.3666152954101562
INFO:trainer_layer_backward:1.2519359588623047
INFO:trainer_layer_backward:1.3070106506347656
INFO:trainer_layer_backward:1.6589164733886719
INFO:trainer_layer_backward:1.2149810791015625
INFO:trainer_layer_backward:1.214742660522461
INFO:trainer_layer_backward:1.2662410736083984
INFO:trainer_layer_backward:1.1513233184814453
INFO:trainer_layer_backward:1.4979839324951172
INFO:trainer_layer_backward:2.003908157348633
INFO:trainer_layer_backward:1.48773193359375
INFO:trainer_layer_backward:1.2781620025634766
INFO:trainer_layer_backward:1.2717247009277344
INFO:trainer_layer_backward:1.1763572692871094
INFO:trainer_layer_backward:1.8336772918701172
INFO:trainer_layer_backward:1.2598037719726562
INFO:trainer_layer_backward:1.3065338134765625
INFO:trainer_layer_backward:1.1816024780273438
INFO:trainer_layer_backward:1.115560531616211
INFO:trainer_layer_backward:1.3880729675292969
INFO:trainer_layer_backward:1.5053749084472656
INFO:trainer_layer_backward:1.4204978942871094
INFO:trainer_layer_backward:1.255035400390625
INFO:trainer_layer_backward:1.3320446014404297
INFO:trainer_layer_backward:1.5704631805419922
INFO:trainer_layer_backward:2.6078224182128906
INFO:trainer_layer_backward:1.6350746154785156
INFO:trainer_layer_backward:1.5020370483398438
INFO:trainer_layer_backward:1.2979507446289062
INFO:trainer_layer_backward:1.0423660278320312
INFO:trainer_layer_backward:0.9822845458984375
INFO:trainer_layer_backward:1.3728141784667969
INFO:trainer_layer_backward:1.1239051818847656
INFO:trainer_layer_backward:4.090309143066406
INFO:trainer_layer_backward:1.3651847839355469
INFO:trainer_layer_backward:1.2438297271728516
INFO:trainer_layer_backward:1.264333724975586
INFO:trainer_layer_backward:1.0678768157958984
INFO:trainer_layer_backward:1.2607574462890625
INFO:trainer_layer_backward:1.0595321655273438
INFO:trainer_layer_backward:1.2183189392089844
INFO:trainer_layer_backward:1.3866424560546875
INFO:trainer_layer_backward:1.1818408966064453
INFO:trainer_layer_backward:1.0597705841064453
INFO:trainer_layer_backward:1.2509822845458984
INFO:trainer_layer_backward:1.3403892517089844
INFO:trainer_layer_backward:1.308441162109375
INFO:trainer_layer_backward:1.402139663696289
INFO:trainer_layer_backward:1.262664794921875
INFO:trainer_layer_backward:1.1947154998779297
INFO:trainer_layer_backward:1.2462139129638672
INFO:trainer_layer_backward:1.2738704681396484
INFO:trainer_layer_backward:1.2903213500976562
INFO:trainer_layer_backward:1.2934207916259766
INFO:trainer_layer_backward:1.5633106231689453
INFO:trainer_layer_backward:1.2669563293457031
INFO:trainer_layer_backward:1.3039112091064453
INFO:trainer_layer_backward:1.1823177337646484
INFO:trainer_layer_backward:1.2211799621582031
INFO:trainer_layer_backward:1.056671142578125
INFO:trainer_layer_backward:1.0836124420166016
INFO:trainer_layer_backward:1.0993480682373047
INFO:trainer_layer_backward:1.2559890747070312
INFO:trainer_layer_backward:1.8889904022216797
INFO:trainer_layer_backward:1.3000965118408203
INFO:trainer_layer_backward:1.2667179107666016
INFO:trainer_layer_backward:1.3642311096191406
INFO:trainer_layer_backward:1.1763572692871094
INFO:trainer_layer_backward:1.188039779663086
INFO:trainer_layer_backward:1.138448715209961
INFO:trainer_layer_backward:1.0890960693359375
INFO:trainer_layer_backward:1.142263412475586
INFO:trainer_layer_backward:1.1470317840576172
INFO:trainer_layer_backward:1.1744499206542969
INFO:trainer_layer_backward:1.0998249053955078
INFO:trainer_layer_backward:1.1644363403320312
INFO:trainer_layer_backward:1.1997222900390625
INFO:trainer_layer_backward:1.1894702911376953
INFO:trainer_layer_backward:1.2705326080322266
INFO:trainer_layer_backward:1.3480186462402344
INFO:trainer_layer_backward:1.4274120330810547
INFO:trainer_layer_backward:1.5919208526611328
INFO:trainer_layer_backward:1.5611648559570312
INFO:trainer_layer_backward:1.0652542114257812
INFO:trainer_layer_backward:1.1174678802490234
INFO:trainer_layer_backward:1.0139942169189453
INFO:trainer_layer_backward:1.1339187622070312
INFO:trainer_layer_backward:1.0342597961425781
INFO:trainer_layer_backward:1.0285377502441406
INFO:trainer_layer_backward:1.338958740234375
INFO:trainer_layer_backward:1.1086463928222656
INFO:trainer_layer_backward:1.2030601501464844
INFO:trainer_layer_backward:1.7189979553222656
INFO:trainer_layer_backward:1.6427040100097656
INFO:trainer_layer_backward:1.1572837829589844
INFO:trainer_layer_backward:1.0898113250732422
INFO:trainer_layer_backward:1.0836124420166016
INFO:trainer_layer_backward:1.1320114135742188
INFO:trainer_layer_backward:1.1653900146484375
INFO:trainer_layer_backward:1.3346672058105469
INFO:trainer_layer_backward:1.4827251434326172
INFO:trainer_layer_backward:1.3899803161621094
INFO:trainer_layer_backward:1.2583732604980469
INFO:trainer_layer_backward:1.3632774353027344
INFO:trainer_layer_backward:1.4159679412841797
INFO:trainer_layer_backward:1.4126300811767578
INFO:trainer_layer_backward:1.4700889587402344
INFO:trainer_layer_backward:1.3751983642578125
INFO:trainer_layer_backward:1.7049312591552734
INFO:trainer_layer_backward:1.275777816772461
INFO:trainer_layer_backward:1.6927719116210938
INFO:trainer_layer_backward:2.8619766235351562
INFO:trainer_layer_backward:1.135110855102539
INFO:trainer_layer_backward:1.062154769897461
INFO:trainer_layer_backward:1.0461807250976562
INFO:trainer_layer_backward:1.0404586791992188
INFO:trainer_layer_backward:1.4562606811523438
INFO:trainer_layer_backward:1.10626220703125
INFO:trainer_layer_backward:1.191854476928711
INFO:trainer_layer_backward:1.1491775512695312
INFO:trainer_layer_backward:1.346588134765625
INFO:trainer_layer_backward:1.468658447265625
INFO:trainer_layer_backward:3.0269622802734375
INFO:trainer_layer_backward:1.3790130615234375
INFO:trainer_layer_backward:1.4998912811279297
INFO:trainer_layer_backward:1.5146732330322266
INFO:trainer_layer_backward:1.2924671173095703
INFO:trainer_layer_backward:1.2831687927246094
INFO:trainer_layer_backward:1.2853145599365234
INFO:trainer_layer_backward:1.613616943359375
INFO:trainer_layer_backward:1.2054443359375
INFO:trainer_layer_backward:1.2090206146240234
INFO:trainer_layer_backward:1.3396739959716797
INFO:trainer_layer_backward:1.3430118560791016
INFO:trainer_layer_backward:1.3170242309570312
INFO:trainer_layer_backward:1.7457008361816406
INFO:trainer_layer_backward:1.4314651489257812
INFO:trainer_layer_backward:1.33514404296875
INFO:trainer_layer_backward:1.1355876922607422
INFO:trainer_layer_backward:1.2292861938476562
INFO:trainer_layer_backward:1.283407211303711
INFO:trainer_layer_backward:1.5299320220947266
INFO:trainer_layer_backward:1.2688636779785156
INFO:trainer_layer_backward:1.2590885162353516
INFO:trainer_layer_backward:1.1005401611328125
INFO:trainer_layer_backward:1.54876708984375
INFO:trainer_layer_backward:1.3415813446044922
INFO:trainer_layer_backward:1.7235279083251953
INFO:trainer_layer_backward:1.561880111694336
INFO:trainer_layer_backward:1.2886524200439453
INFO:trainer_layer_backward:1.2841224670410156
INFO:trainer_layer_backward:1.54876708984375
INFO:trainer_layer_backward:1.5919208526611328
INFO:trainer_layer_backward:1.3823509216308594
INFO:trainer_layer_backward:1.3971328735351562
INFO:trainer_layer_backward:1.5435218811035156
INFO:trainer_layer_backward:1.7597675323486328
INFO:trainer_layer_backward:1.2197494506835938
INFO:trainer_layer_backward:1.308441162109375
INFO:trainer_layer_backward:1.397848129272461
INFO:trainer_layer_backward:1.1706352233886719
INFO:trainer_layer_backward:1.2993812561035156
INFO:trainer_layer_backward:1.28173828125
INFO:trainer_layer_backward:1.5666484832763672
INFO:trainer_layer_backward:1.5757083892822266
INFO:trainer_layer_backward:1.3985633850097656
INFO:trainer_layer_backward:1.4979839324951172
INFO:trainer_layer_backward:1.4328956604003906
INFO:trainer_layer_backward:1.455545425415039
INFO:trainer_layer_backward:1.398324966430664
INFO:trainer_layer_backward:1.4781951904296875
INFO:trainer_layer_backward:1.461029052734375
INFO:trainer_layer_backward:1.4340877532958984
INFO:trainer_layer_backward:1.6963481903076172
INFO:trainer_layer_backward:1.377105712890625
INFO:trainer_layer_backward:1.31988525390625
INFO:trainer_layer_backward:1.2042522430419922
INFO:trainer_layer_backward:1.1754035949707031
INFO:trainer_layer_backward:1.2469291687011719
INFO:trainer_layer_backward:1.3103485107421875
INFO:trainer_layer_backward:1.3077259063720703
INFO:trainer_layer_backward:1.2729167938232422
INFO:trainer_layer_backward:1.6379356384277344
INFO:trainer_layer_backward:1.634836196899414
INFO:trainer_layer_backward:1.508951187133789
INFO:trainer_layer_backward:1.7442703247070312
INFO:trainer_layer_backward:1.6758441925048828
INFO:trainer_layer_backward:1.4710426330566406
INFO:trainer_layer_backward:1.1951923370361328
INFO:trainer_layer_backward:1.3585090637207031
INFO:trainer_layer_backward:1.4655590057373047
INFO:trainer_layer_backward:1.3358592987060547
INFO:trainer_layer_backward:1.3432502746582031
INFO:trainer_layer_backward:1.527547836303711
INFO:trainer_layer_backward:1.3098716735839844
INFO:trainer_layer_backward:1.4355182647705078
INFO:trainer_layer_backward:1.5289783477783203
INFO:trainer_layer_backward:1.6036033630371094
INFO:trainer_layer_backward:1.4109611511230469
INFO:trainer_layer_backward:1.4493465423583984
INFO:trainer_layer_backward:1.2729167938232422
INFO:trainer_layer_backward:1.2311935424804688
INFO:trainer_layer_backward:1.125335693359375
INFO:trainer_layer_backward:1.2440681457519531
INFO:trainer_layer_backward:1.1832714080810547
INFO:trainer_layer_backward:1.7406940460205078
INFO:trainer_layer_backward:1.4834403991699219
INFO:trainer_layer_backward:1.4202594757080078
INFO:trainer_layer_backward:1.1909008026123047
INFO:trainer_layer_backward:1.1744499206542969
INFO:trainer_layer_backward:1.1150836944580078
INFO:trainer_layer_backward:1.232147216796875
INFO:trainer_layer_backward:1.2602806091308594
INFO:trainer_layer_backward:1.3027191162109375
INFO:trainer_layer_backward:1.3203620910644531
INFO:trainer_layer_backward:1.3740062713623047
INFO:trainer_layer_backward:1.546621322631836
INFO:trainer_layer_backward:1.9843578338623047
INFO:trainer_layer_backward:1.6827583312988281
INFO:trainer_layer_backward:1.1429786682128906
INFO:trainer_layer_backward:1.0988712310791016
INFO:trainer_layer_backward:1.794576644897461
INFO:trainer_layer_backward:1.9581317901611328
INFO:trainer_layer_backward:1.5952587127685547
INFO:trainer_layer_backward:1.2850761413574219
INFO:trainer_layer_backward:1.6062259674072266
INFO:trainer_layer_backward:1.5380382537841797
INFO:trainer_layer_backward:1.741170883178711
INFO:trainer_layer_backward:1.3794898986816406
INFO:trainer_layer_backward:1.399993896484375
INFO:trainer_layer_backward:1.4867782592773438
INFO:trainer_layer_backward:1.224517822265625
INFO:trainer_layer_backward:1.2979507446289062
INFO:trainer_layer_backward:1.148223876953125
INFO:trainer_layer_backward:1.2807846069335938
INFO:trainer_layer_backward:1.447439193725586
INFO:trainer_layer_backward:1.4986991882324219
INFO:trainer_layer_backward:1.3115406036376953
INFO:trainer_layer_backward:1.0402202606201172
INFO:trainer_layer_backward:1.3844966888427734
INFO:trainer_layer_backward:1.5339851379394531
INFO:trainer_layer_backward:1.6391277313232422
INFO:trainer_layer_backward:1.2507438659667969
INFO:trainer_layer_backward:1.2962818145751953
INFO:trainer_layer_backward:1.1670589447021484
INFO:trainer_layer_backward:1.1172294616699219
INFO:trainer_layer_backward:0.9682178497314453
INFO:trainer_layer_backward:1.64031982421875
INFO:trainer_layer_backward:1.3184547424316406
INFO:trainer_layer_backward:1.3535022735595703
INFO:trainer_layer_backward:1.5475749969482422
INFO:trainer_layer_backward:1.8973350524902344
INFO:trainer_layer_backward:1.306295394897461
INFO:trainer_layer_backward:1.3210773468017578
INFO:trainer_layer_backward:1.2297630310058594
INFO:trainer_layer_backward:1.2402534484863281
INFO:trainer_layer_backward:1.2385845184326172
INFO:trainer_layer_backward:1.337289810180664
INFO:trainer_layer_backward:1.3654232025146484
INFO:trainer_layer_backward:1.4677047729492188
INFO:trainer_layer_backward:1.4064311981201172
INFO:trainer_layer_backward:1.5904903411865234
INFO:trainer_layer_backward:1.4684200286865234
INFO:trainer_layer_backward:1.3489723205566406
INFO:trainer_layer_backward:1.2745857238769531
INFO:trainer_layer_backward:1.0285377502441406
INFO:trainer_layer_backward:1.3573169708251953
INFO:trainer_layer_backward:1.3742446899414062
INFO:trainer_layer_backward:6.16908073425293
INFO:trainer_layer_backward:1.6257762908935547
INFO:trainer_layer_backward:1.7666816711425781
INFO:trainer_layer_backward:1.3616085052490234
INFO:trainer_layer_backward:1.329183578491211
INFO:trainer_layer_backward:1.3606548309326172
INFO:trainer_layer_backward:1.3518333435058594
INFO:trainer_layer_backward:1.117706298828125
INFO:trainer_layer_backward:1.3937950134277344
INFO:trainer_layer_backward:1.070261001586914
INFO:trainer_layer_backward:1.5511512756347656
INFO:trainer_layer_backward:1.3163089752197266
INFO:trainer_layer_backward:1.5408992767333984
INFO:trainer_layer_backward:1.2509822845458984
INFO:trainer_layer_backward:1.4848709106445312
INFO:trainer_layer_backward:1.2018680572509766
INFO:trainer_layer_backward:1.4688968658447266
INFO:trainer_layer_backward:1.832723617553711
INFO:trainer_layer_backward:1.1951923370361328
INFO:trainer_layer_backward:1.102447509765625
INFO:trainer_layer_backward:1.04522705078125
INFO:trainer_layer_backward:1.0499954223632812
INFO:trainer_layer_backward:1.2941360473632812
INFO:trainer_layer_backward:1.3170242309570312
INFO:trainer_layer_backward:1.0447502136230469
INFO:trainer_layer_backward:1.2574195861816406
INFO:trainer_layer_backward:1.4972686767578125
INFO:trainer_layer_backward:2.201080322265625
INFO:trainer_layer_backward:1.7311573028564453
INFO:trainer_layer_backward:1.317739486694336
INFO:trainer_layer_backward:1.13677978515625
INFO:trainer_layer_backward:1.1069774627685547
INFO:trainer_layer_backward:1.0831356048583984
INFO:trainer_layer_backward:1.1906623840332031
INFO:trainer_layer_backward:1.161813735961914
INFO:trainer_layer_backward:1.2919902801513672
INFO:trainer_layer_backward:1.348733901977539
INFO:trainer_layer_backward:1.5263557434082031
INFO:trainer_layer_backward:1.524209976196289
INFO:trainer_layer_backward:1.3611316680908203
INFO:trainer_layer_backward:1.1751651763916016
INFO:trainer_layer_backward:1.0957717895507812
INFO:trainer_layer_backward:1.1675357818603516
INFO:trainer_layer_backward:1.0404586791992188
INFO:trainer_layer_backward:1.2161731719970703
INFO:trainer_layer_backward:1.424551010131836
INFO:trainer_layer_backward:1.3396739959716797
INFO:trainer_layer_backward:1.4357566833496094
INFO:trainer_layer_backward:1.3530254364013672
INFO:trainer_layer_backward:1.3136863708496094
INFO:trainer_layer_backward:1.0821819305419922
INFO:trainer_layer_backward:1.0581016540527344
INFO:trainer_layer_backward:1.0633468627929688
INFO:trainer_layer_backward:1.0840892791748047
INFO:trainer_layer_backward:1.1556148529052734
INFO:trainer_layer_backward:1.3611316680908203
INFO:trainer_layer_backward:1.3837814331054688
INFO:trainer_layer_backward:1.5413761138916016
INFO:trainer_layer_backward:1.646280288696289
INFO:trainer_layer_backward:2.0935535430908203
INFO:trainer_layer_backward:1.2862682342529297
INFO:trainer_layer_backward:1.28173828125
INFO:trainer_layer_backward:1.4190673828125
INFO:trainer_layer_backward:1.392364501953125
INFO:trainer_layer_backward:1.451730728149414
INFO:trainer_layer_backward:1.2979507446289062
INFO:trainer_layer_backward:1.4336109161376953
INFO:trainer_layer_backward:1.4042854309082031
INFO:trainer_layer_backward:1.7549991607666016
INFO:trainer_layer_backward:1.7008781433105469
INFO:trainer_layer_backward:2.995014190673828
INFO:trainer_layer_backward:1.6629695892333984
INFO:trainer_layer_backward:1.3287067413330078
INFO:trainer_layer_backward:1.3682842254638672
INFO:trainer_layer_backward:1.239776611328125
INFO:trainer_layer_backward:1.3616085052490234
INFO:trainer_layer_backward:1.2652873992919922
INFO:trainer_layer_backward:1.056671142578125
INFO:trainer_layer_backward:1.0721683502197266
INFO:trainer_layer_backward:1.7673969268798828
INFO:trainer_layer_backward:1.2123584747314453
INFO:trainer_layer_backward:1.2340545654296875
INFO:trainer_layer_backward:1.1587142944335938
INFO:trainer_layer_backward:1.233816146850586
INFO:trainer_layer_backward:1.1200904846191406
INFO:trainer_layer_backward:1.1410713195800781
INFO:trainer_layer_backward:1.1525154113769531
INFO:trainer_layer_backward:1.1441707611083984
INFO:trainer_layer_backward:1.4317035675048828
INFO:trainer_layer_backward:1.317739486694336
INFO:trainer_layer_backward:1.4247894287109375
INFO:trainer_layer_backward:1.1513233184814453
INFO:trainer_layer_backward:1.4774799346923828
INFO:trainer_layer_backward:1.3022422790527344
INFO:trainer_layer_backward:1.3654232025146484
INFO:trainer_layer_backward:1.2221336364746094
INFO:trainer_layer_backward:1.310586929321289
INFO:trainer_layer_backward:1.3797283172607422
INFO:trainer_layer_backward:1.2772083282470703
INFO:trainer_layer_backward:1.3823509216308594
INFO:trainer_layer_backward:1.3556480407714844
INFO:trainer_layer_backward:1.2359619140625
INFO:trainer_layer_backward:1.3554096221923828
INFO:trainer_layer_backward:1.3620853424072266
INFO:trainer_layer_backward:1.682281494140625
INFO:trainer_layer_backward:2.227306365966797
INFO:trainer_layer_backward:1.3980865478515625
INFO:trainer_layer_backward:1.2826919555664062
INFO:trainer_layer_backward:1.581430435180664
INFO:trainer_layer_backward:1.3506412506103516
INFO:trainer_layer_backward:1.4462471008300781
INFO:trainer_layer_backward:1.6446113586425781
INFO:trainer_layer_backward:1.5287399291992188
INFO:trainer_layer_backward:1.7268657684326172
INFO:trainer_layer_backward:1.9333362579345703
INFO:trainer_layer_backward:1.9180774688720703
INFO:trainer_layer_backward:1.6565322875976562
INFO:trainer_layer_backward:1.203775405883789
INFO:trainer_layer_backward:1.4483928680419922
INFO:trainer_layer_backward:1.3380050659179688
INFO:trainer_layer_backward:1.332998275756836
INFO:trainer_layer_backward:1.54876708984375
INFO:trainer_layer_backward:1.3740062713623047
INFO:trainer_layer_backward:1.6689300537109375
INFO:trainer_layer_backward:1.5103816986083984
INFO:trainer_layer_backward:1.3570785522460938
INFO:trainer_layer_backward:1.2598037719726562
INFO:trainer_layer_backward:1.2166500091552734
INFO:trainer_layer_backward:1.7852783203125
INFO:trainer_layer_backward:1.898050308227539
INFO:trainer_layer_backward:5.530357360839844
INFO:trainer_layer_backward:2.089262008666992
INFO:trainer_layer_backward:1.4367103576660156
INFO:trainer_layer_backward:1.2278556823730469
INFO:trainer_layer_backward:1.3358592987060547
INFO:trainer_layer_backward:1.6987323760986328
INFO:trainer_layer_backward:1.386880874633789
INFO:trainer_layer_backward:1.1734962463378906
INFO:trainer_layer_backward:1.7514228820800781
INFO:trainer_layer_backward:1.4400482177734375
INFO:trainer_layer_backward:2.1944046020507812
INFO:trainer_layer_backward:1.57928466796875
INFO:trainer_layer_backward:1.3985633850097656
INFO:trainer_layer_backward:1.2052059173583984
INFO:trainer_layer_backward:1.4722347259521484
INFO:trainer_layer_backward:1.645803451538086
INFO:trainer_layer_backward:1.5501976013183594
INFO:trainer_layer_backward:1.2285709381103516
INFO:trainer_layer_backward:1.252889633178711
INFO:trainer_layer_backward:1.416921615600586
INFO:trainer_layer_backward:1.420736312866211
INFO:trainer_layer_backward:1.2924671173095703
INFO:trainer_layer_backward:1.4545917510986328
INFO:trainer_layer_backward:1.444101333618164
INFO:trainer_layer_backward:1.5583038330078125
INFO:trainer_layer_backward:1.2464523315429688
INFO:trainer_layer_backward:1.7461776733398438
INFO:trainer_layer_backward:1.4874935150146484
INFO:trainer_layer_backward:1.3337135314941406
INFO:trainer_layer_backward:1.2600421905517578
INFO:trainer_layer_backward:1.2786388397216797
INFO:trainer_layer_backward:1.7366409301757812
INFO:trainer_layer_backward:1.4781951904296875
INFO:trainer_layer_backward:1.3058185577392578
INFO:trainer_layer_backward:1.3852119445800781
INFO:trainer_layer_backward:1.4450550079345703
INFO:trainer_layer_backward:1.684427261352539
INFO:trainer_layer_backward:1.3556480407714844
INFO:trainer_layer_backward:1.2993812561035156
INFO:trainer_layer_backward:1.184701919555664
INFO:trainer_layer_backward:1.1289119720458984
INFO:trainer_layer_backward:1.1377334594726562
INFO:trainer_layer_backward:1.5268325805664062
INFO:trainer_layer_backward:1.2426376342773438
INFO:trainer_layer_backward:1.2412071228027344
INFO:trainer_layer_backward:1.477956771850586
INFO:trainer_layer_backward:1.3079643249511719
INFO:trainer_layer_backward:3.498077392578125
INFO:trainer_layer_backward:1.8792152404785156
INFO:trainer_layer_backward:1.3871192932128906
INFO:trainer_layer_backward:1.4224052429199219
INFO:trainer_layer_backward:1.3272762298583984
INFO:trainer_layer_backward:1.3477802276611328
INFO:trainer_layer_backward:1.2593269348144531
INFO:trainer_layer_backward:1.4867782592773438
INFO:trainer_layer_backward:1.2621879577636719
INFO:trainer_layer_backward:1.153707504272461
INFO:trainer_layer_backward:1.2984275817871094
INFO:trainer_layer_backward:1.3289451599121094
INFO:trainer_layer_backward:1.3957023620605469
