INFO:trainer_layer_backward:CNNEx | mnist
INFO:trainer_layer_backward:in_size : 256 | epochs : 1 | batch : 1
INFO:trainer_layer_backward:kernel_l1 : 129 | kernel_l2 : 65 | kernel_l3 : 33 
INFO:trainer_layer_backward:o_channels_l1 : 5 | o_channels_l2 : 5 | o_channels_l3 : 5 
INFO:trainer_layer_backward:learn_num_train : 1000 | learn_num_validate : 0 
INFO:trainer_layer_backward::::::::::::::::::::::::::::::::::::::::::::::::::::::::::::
INFO:trainer_layer_backward:message : conv1 
INFO:trainer_layer_backward::::::::::::::::::::::::::::::::::::::::::::::::::::::::::::
INFO:trainer_layer_backward:Ave_Time : 12.230322577736594
INFO:trainer_layer_backward::::::::::::::::::::::::::::::::::::::::::::::::::::::::::::
INFO:trainer_layer_backward:12.215137481689453
INFO:trainer_layer_backward:12.915372848510742
INFO:trainer_layer_backward:11.893033981323242
INFO:trainer_layer_backward:12.258768081665039
INFO:trainer_layer_backward:12.927055358886719
INFO:trainer_layer_backward:11.284351348876953
INFO:trainer_layer_backward:13.529539108276367
INFO:trainer_layer_backward:11.913061141967773
INFO:trainer_layer_backward:12.578964233398438
INFO:trainer_layer_backward:12.259483337402344
INFO:trainer_layer_backward:11.611223220825195
INFO:trainer_layer_backward:11.52944564819336
INFO:trainer_layer_backward:12.629270553588867
INFO:trainer_layer_backward:12.511730194091797
INFO:trainer_layer_backward:12.574195861816406
INFO:trainer_layer_backward:11.800050735473633
INFO:trainer_layer_backward:12.070894241333008
INFO:trainer_layer_backward:11.791706085205078
INFO:trainer_layer_backward:12.018203735351562
INFO:trainer_layer_backward:12.793302536010742
INFO:trainer_layer_backward:11.638402938842773
INFO:trainer_layer_backward:12.413740158081055
INFO:trainer_layer_backward:11.362552642822266
INFO:trainer_layer_backward:11.263847351074219
INFO:trainer_layer_backward:11.640071868896484
INFO:trainer_layer_backward:12.417793273925781
INFO:trainer_layer_backward:11.670112609863281
INFO:trainer_layer_backward:22.735595703125
INFO:trainer_layer_backward:11.384010314941406
INFO:trainer_layer_backward:13.068199157714844
INFO:trainer_layer_backward:12.505531311035156
INFO:trainer_layer_backward:12.659072875976562
INFO:trainer_layer_backward:12.504816055297852
INFO:trainer_layer_backward:11.945247650146484
INFO:trainer_layer_backward:13.322114944458008
INFO:trainer_layer_backward:12.043476104736328
INFO:trainer_layer_backward:12.78996467590332
INFO:trainer_layer_backward:12.63737678527832
INFO:trainer_layer_backward:12.977838516235352
INFO:trainer_layer_backward:13.382434844970703
INFO:trainer_layer_backward:13.161659240722656
INFO:trainer_layer_backward:11.583089828491211
INFO:trainer_layer_backward:11.364221572875977
INFO:trainer_layer_backward:11.94453239440918
INFO:trainer_layer_backward:11.674642562866211
INFO:trainer_layer_backward:13.097286224365234
INFO:trainer_layer_backward:12.283802032470703
INFO:trainer_layer_backward:12.442827224731445
INFO:trainer_layer_backward:11.792898178100586
INFO:trainer_layer_backward:11.492490768432617
INFO:trainer_layer_backward:11.687755584716797
INFO:trainer_layer_backward:12.040376663208008
INFO:trainer_layer_backward:11.517524719238281
INFO:trainer_layer_backward:12.092113494873047
INFO:trainer_layer_backward:11.581659317016602
INFO:trainer_layer_backward:11.190176010131836
INFO:trainer_layer_backward:11.153936386108398
INFO:trainer_layer_backward:12.497425079345703
INFO:trainer_layer_backward:12.018442153930664
INFO:trainer_layer_backward:12.293100357055664
INFO:trainer_layer_backward:12.687206268310547
INFO:trainer_layer_backward:12.632369995117188
INFO:trainer_layer_backward:11.696577072143555
INFO:trainer_layer_backward:12.132644653320312
INFO:trainer_layer_backward:11.518716812133789
INFO:trainer_layer_backward:11.887073516845703
INFO:trainer_layer_backward:12.680292129516602
INFO:trainer_layer_backward:12.887954711914062
INFO:trainer_layer_backward:18.437623977661133
INFO:trainer_layer_backward:12.794256210327148
INFO:trainer_layer_backward:12.704849243164062
INFO:trainer_layer_backward:13.544797897338867
INFO:trainer_layer_backward:13.170003890991211
INFO:trainer_layer_backward:12.234210968017578
INFO:trainer_layer_backward:12.319564819335938
INFO:trainer_layer_backward:11.780500411987305
INFO:trainer_layer_backward:12.712955474853516
INFO:trainer_layer_backward:12.860536575317383
INFO:trainer_layer_backward:12.497901916503906
INFO:trainer_layer_backward:13.386964797973633
INFO:trainer_layer_backward:13.24152946472168
INFO:trainer_layer_backward:12.945175170898438
INFO:trainer_layer_backward:13.175249099731445
INFO:trainer_layer_backward:12.939929962158203
INFO:trainer_layer_backward:12.828826904296875
INFO:trainer_layer_backward:12.65716552734375
INFO:trainer_layer_backward:11.430740356445312
INFO:trainer_layer_backward:12.849807739257812
INFO:trainer_layer_backward:12.818574905395508
INFO:trainer_layer_backward:12.684345245361328
INFO:trainer_layer_backward:12.414932250976562
INFO:trainer_layer_backward:13.028860092163086
INFO:trainer_layer_backward:12.71677017211914
INFO:trainer_layer_backward:12.012720108032227
INFO:trainer_layer_backward:11.533498764038086
INFO:trainer_layer_backward:12.461423873901367
INFO:trainer_layer_backward:13.205289840698242
INFO:trainer_layer_backward:12.974977493286133
INFO:trainer_layer_backward:13.054609298706055
INFO:trainer_layer_backward:12.94565200805664
INFO:trainer_layer_backward:12.140750885009766
INFO:trainer_layer_backward:11.678457260131836
INFO:trainer_layer_backward:12.04824447631836
INFO:trainer_layer_backward:12.430191040039062
INFO:trainer_layer_backward:14.189481735229492
INFO:trainer_layer_backward:13.732194900512695
INFO:trainer_layer_backward:12.836456298828125
INFO:trainer_layer_backward:13.45515251159668
INFO:trainer_layer_backward:12.900590896606445
INFO:trainer_layer_backward:12.327194213867188
INFO:trainer_layer_backward:11.66224479675293
INFO:trainer_layer_backward:11.325836181640625
INFO:trainer_layer_backward:12.466907501220703
INFO:trainer_layer_backward:12.741327285766602
INFO:trainer_layer_backward:13.118505477905273
INFO:trainer_layer_backward:12.815475463867188
INFO:trainer_layer_backward:13.092041015625
INFO:trainer_layer_backward:12.281417846679688
INFO:trainer_layer_backward:13.064861297607422
INFO:trainer_layer_backward:12.327432632446289
INFO:trainer_layer_backward:11.539697647094727
INFO:trainer_layer_backward:11.81793212890625
INFO:trainer_layer_backward:11.665105819702148
INFO:trainer_layer_backward:13.230562210083008
INFO:trainer_layer_backward:13.154983520507812
INFO:trainer_layer_backward:13.071537017822266
INFO:trainer_layer_backward:12.995004653930664
INFO:trainer_layer_backward:12.729167938232422
INFO:trainer_layer_backward:12.89057731628418
INFO:trainer_layer_backward:11.475086212158203
INFO:trainer_layer_backward:11.779308319091797
INFO:trainer_layer_backward:12.758255004882812
INFO:trainer_layer_backward:12.02082633972168
INFO:trainer_layer_backward:11.834383010864258
INFO:trainer_layer_backward:12.393474578857422
INFO:trainer_layer_backward:11.525630950927734
INFO:trainer_layer_backward:11.382818222045898
INFO:trainer_layer_backward:11.259794235229492
INFO:trainer_layer_backward:12.211322784423828
INFO:trainer_layer_backward:12.531757354736328
INFO:trainer_layer_backward:12.074708938598633
INFO:trainer_layer_backward:11.71112060546875
INFO:trainer_layer_backward:11.152267456054688
INFO:trainer_layer_backward:11.904239654541016
INFO:trainer_layer_backward:11.73257827758789
INFO:trainer_layer_backward:12.66789436340332
INFO:trainer_layer_backward:12.577056884765625
INFO:trainer_layer_backward:11.502742767333984
INFO:trainer_layer_backward:11.152267456054688
INFO:trainer_layer_backward:11.425018310546875
INFO:trainer_layer_backward:12.034893035888672
INFO:trainer_layer_backward:12.536764144897461
INFO:trainer_layer_backward:11.997222900390625
INFO:trainer_layer_backward:12.528419494628906
INFO:trainer_layer_backward:12.083768844604492
INFO:trainer_layer_backward:12.778520584106445
INFO:trainer_layer_backward:11.19232177734375
INFO:trainer_layer_backward:12.580633163452148
INFO:trainer_layer_backward:11.946678161621094
INFO:trainer_layer_backward:11.466026306152344
INFO:trainer_layer_backward:11.26241683959961
INFO:trainer_layer_backward:11.195659637451172
INFO:trainer_layer_backward:11.434555053710938
INFO:trainer_layer_backward:11.989831924438477
INFO:trainer_layer_backward:12.887716293334961
INFO:trainer_layer_backward:13.020515441894531
INFO:trainer_layer_backward:12.288808822631836
INFO:trainer_layer_backward:12.39156723022461
INFO:trainer_layer_backward:11.689186096191406
INFO:trainer_layer_backward:11.567354202270508
INFO:trainer_layer_backward:12.502908706665039
INFO:trainer_layer_backward:12.122869491577148
INFO:trainer_layer_backward:11.530876159667969
INFO:trainer_layer_backward:11.168718338012695
INFO:trainer_layer_backward:11.70206069946289
INFO:trainer_layer_backward:12.507438659667969
INFO:trainer_layer_backward:11.7645263671875
INFO:trainer_layer_backward:13.265609741210938
INFO:trainer_layer_backward:12.55941390991211
INFO:trainer_layer_backward:13.302326202392578
INFO:trainer_layer_backward:12.295246124267578
INFO:trainer_layer_backward:13.538837432861328
INFO:trainer_layer_backward:11.972188949584961
INFO:trainer_layer_backward:12.015104293823242
INFO:trainer_layer_backward:11.203289031982422
INFO:trainer_layer_backward:12.259960174560547
INFO:trainer_layer_backward:12.076139450073242
INFO:trainer_layer_backward:12.402057647705078
INFO:trainer_layer_backward:11.624813079833984
INFO:trainer_layer_backward:12.748956680297852
INFO:trainer_layer_backward:11.63339614868164
INFO:trainer_layer_backward:12.421131134033203
INFO:trainer_layer_backward:12.526988983154297
INFO:trainer_layer_backward:12.279510498046875
INFO:trainer_layer_backward:11.485099792480469
INFO:trainer_layer_backward:13.170242309570312
INFO:trainer_layer_backward:12.041807174682617
INFO:trainer_layer_backward:12.165069580078125
INFO:trainer_layer_backward:11.150121688842773
INFO:trainer_layer_backward:11.178255081176758
INFO:trainer_layer_backward:12.51077651977539
INFO:trainer_layer_backward:12.422561645507812
INFO:trainer_layer_backward:12.897253036499023
INFO:trainer_layer_backward:12.491464614868164
INFO:trainer_layer_backward:11.396646499633789
INFO:trainer_layer_backward:11.192560195922852
INFO:trainer_layer_backward:13.348579406738281
INFO:trainer_layer_backward:12.882232666015625
INFO:trainer_layer_backward:12.982368469238281
INFO:trainer_layer_backward:12.479305267333984
INFO:trainer_layer_backward:12.662649154663086
INFO:trainer_layer_backward:11.21068000793457
INFO:trainer_layer_backward:12.073993682861328
INFO:trainer_layer_backward:11.152505874633789
INFO:trainer_layer_backward:12.14456558227539
INFO:trainer_layer_backward:12.601137161254883
INFO:trainer_layer_backward:11.516332626342773
INFO:trainer_layer_backward:11.637687683105469
INFO:trainer_layer_backward:12.508153915405273
INFO:trainer_layer_backward:11.98124885559082
INFO:trainer_layer_backward:13.071298599243164
INFO:trainer_layer_backward:12.929916381835938
INFO:trainer_layer_backward:13.19432258605957
INFO:trainer_layer_backward:12.241601943969727
INFO:trainer_layer_backward:11.999130249023438
INFO:trainer_layer_backward:11.57069206237793
INFO:trainer_layer_backward:11.140823364257812
INFO:trainer_layer_backward:12.125015258789062
INFO:trainer_layer_backward:12.653827667236328
INFO:trainer_layer_backward:12.534141540527344
INFO:trainer_layer_backward:11.838674545288086
INFO:trainer_layer_backward:11.65628433227539
INFO:trainer_layer_backward:11.92474365234375
INFO:trainer_layer_backward:12.396812438964844
INFO:trainer_layer_backward:11.517524719238281
INFO:trainer_layer_backward:13.26751708984375
INFO:trainer_layer_backward:11.995792388916016
INFO:trainer_layer_backward:11.710643768310547
INFO:trainer_layer_backward:11.23952865600586
INFO:trainer_layer_backward:11.918306350708008
INFO:trainer_layer_backward:12.639522552490234
INFO:trainer_layer_backward:12.633085250854492
INFO:trainer_layer_backward:11.501073837280273
INFO:trainer_layer_backward:12.2222900390625
INFO:trainer_layer_backward:11.878252029418945
INFO:trainer_layer_backward:12.652158737182617
INFO:trainer_layer_backward:11.688709259033203
INFO:trainer_layer_backward:12.09259033203125
INFO:trainer_layer_backward:12.523889541625977
INFO:trainer_layer_backward:12.96544075012207
INFO:trainer_layer_backward:12.294530868530273
INFO:trainer_layer_backward:11.812925338745117
INFO:trainer_layer_backward:12.224435806274414
INFO:trainer_layer_backward:11.17253303527832
INFO:trainer_layer_backward:12.503623962402344
INFO:trainer_layer_backward:12.528181076049805
INFO:trainer_layer_backward:12.741804122924805
INFO:trainer_layer_backward:12.602567672729492
INFO:trainer_layer_backward:11.165618896484375
INFO:trainer_layer_backward:12.183427810668945
INFO:trainer_layer_backward:11.89565658569336
INFO:trainer_layer_backward:12.505054473876953
INFO:trainer_layer_backward:11.908769607543945
INFO:trainer_layer_backward:12.104988098144531
INFO:trainer_layer_backward:13.26298713684082
INFO:trainer_layer_backward:11.564493179321289
INFO:trainer_layer_backward:11.228799819946289
INFO:trainer_layer_backward:11.219024658203125
INFO:trainer_layer_backward:11.819839477539062
INFO:trainer_layer_backward:11.89112663269043
INFO:trainer_layer_backward:12.059926986694336
INFO:trainer_layer_backward:12.21609115600586
INFO:trainer_layer_backward:11.194467544555664
INFO:trainer_layer_backward:12.059450149536133
INFO:trainer_layer_backward:12.992620468139648
INFO:trainer_layer_backward:12.553215026855469
INFO:trainer_layer_backward:12.718677520751953
INFO:trainer_layer_backward:13.309240341186523
INFO:trainer_layer_backward:13.312101364135742
INFO:trainer_layer_backward:12.94851303100586
INFO:trainer_layer_backward:12.116670608520508
INFO:trainer_layer_backward:11.768817901611328
INFO:trainer_layer_backward:11.861085891723633
INFO:trainer_layer_backward:12.266159057617188
INFO:trainer_layer_backward:12.400627136230469
INFO:trainer_layer_backward:13.08751106262207
INFO:trainer_layer_backward:12.073278427124023
INFO:trainer_layer_backward:11.398792266845703
INFO:trainer_layer_backward:11.730194091796875
INFO:trainer_layer_backward:11.996746063232422
INFO:trainer_layer_backward:13.376235961914062
INFO:trainer_layer_backward:12.111425399780273
INFO:trainer_layer_backward:12.279510498046875
INFO:trainer_layer_backward:12.015104293823242
INFO:trainer_layer_backward:11.692285537719727
INFO:trainer_layer_backward:12.600183486938477
INFO:trainer_layer_backward:11.96908950805664
INFO:trainer_layer_backward:12.084484100341797
INFO:trainer_layer_backward:11.947393417358398
INFO:trainer_layer_backward:13.189315795898438
INFO:trainer_layer_backward:11.46245002746582
INFO:trainer_layer_backward:13.199329376220703
INFO:trainer_layer_backward:11.533737182617188
INFO:trainer_layer_backward:12.225866317749023
INFO:trainer_layer_backward:12.075662612915039
INFO:trainer_layer_backward:11.55543327331543
INFO:trainer_layer_backward:11.186361312866211
INFO:trainer_layer_backward:11.246919631958008
INFO:trainer_layer_backward:11.667013168334961
INFO:trainer_layer_backward:11.201858520507812
INFO:trainer_layer_backward:12.608766555786133
INFO:trainer_layer_backward:13.232707977294922
INFO:trainer_layer_backward:12.564659118652344
INFO:trainer_layer_backward:12.89510726928711
INFO:trainer_layer_backward:12.188434600830078
INFO:trainer_layer_backward:12.849807739257812
INFO:trainer_layer_backward:12.016773223876953
INFO:trainer_layer_backward:11.861562728881836
INFO:trainer_layer_backward:11.48366928100586
INFO:trainer_layer_backward:11.183977127075195
INFO:trainer_layer_backward:12.117862701416016
INFO:trainer_layer_backward:11.873960494995117
INFO:trainer_layer_backward:12.979984283447266
INFO:trainer_layer_backward:11.89112663269043
INFO:trainer_layer_backward:11.621713638305664
INFO:trainer_layer_backward:11.517047882080078
INFO:trainer_layer_backward:12.909889221191406
INFO:trainer_layer_backward:12.328624725341797
INFO:trainer_layer_backward:11.84701919555664
INFO:trainer_layer_backward:12.540102005004883
INFO:trainer_layer_backward:11.538267135620117
INFO:trainer_layer_backward:11.217355728149414
INFO:trainer_layer_backward:11.701583862304688
INFO:trainer_layer_backward:11.26861572265625
INFO:trainer_layer_backward:12.922525405883789
INFO:trainer_layer_backward:13.646125793457031
INFO:trainer_layer_backward:12.376785278320312
INFO:trainer_layer_backward:12.37940788269043
INFO:trainer_layer_backward:11.703014373779297
INFO:trainer_layer_backward:11.871576309204102
INFO:trainer_layer_backward:12.725830078125
INFO:trainer_layer_backward:12.080669403076172
INFO:trainer_layer_backward:11.55233383178711
INFO:trainer_layer_backward:11.162281036376953
INFO:trainer_layer_backward:11.212587356567383
INFO:trainer_layer_backward:11.965513229370117
INFO:trainer_layer_backward:12.77017593383789
INFO:trainer_layer_backward:12.921571731567383
INFO:trainer_layer_backward:12.179851531982422
INFO:trainer_layer_backward:12.847185134887695
INFO:trainer_layer_backward:12.060880661010742
INFO:trainer_layer_backward:13.118982315063477
INFO:trainer_layer_backward:11.873722076416016
INFO:trainer_layer_backward:11.476755142211914
INFO:trainer_layer_backward:12.220382690429688
INFO:trainer_layer_backward:13.384819030761719
INFO:trainer_layer_backward:12.58087158203125
INFO:trainer_layer_backward:12.739419937133789
INFO:trainer_layer_backward:12.111902236938477
INFO:trainer_layer_backward:11.565685272216797
INFO:trainer_layer_backward:11.218547821044922
INFO:trainer_layer_backward:11.143922805786133
INFO:trainer_layer_backward:12.529611587524414
INFO:trainer_layer_backward:12.314558029174805
INFO:trainer_layer_backward:12.127161026000977
INFO:trainer_layer_backward:12.095212936401367
INFO:trainer_layer_backward:12.662649154663086
INFO:trainer_layer_backward:11.566400527954102
INFO:trainer_layer_backward:11.614799499511719
INFO:trainer_layer_backward:11.988401412963867
INFO:trainer_layer_backward:12.274980545043945
INFO:trainer_layer_backward:11.636495590209961
INFO:trainer_layer_backward:12.529850006103516
INFO:trainer_layer_backward:11.794805526733398
INFO:trainer_layer_backward:13.042926788330078
INFO:trainer_layer_backward:11.584281921386719
INFO:trainer_layer_backward:11.379718780517578
INFO:trainer_layer_backward:12.331008911132812
INFO:trainer_layer_backward:12.119054794311523
INFO:trainer_layer_backward:12.087821960449219
INFO:trainer_layer_backward:12.463569641113281
INFO:trainer_layer_backward:11.809349060058594
INFO:trainer_layer_backward:11.603593826293945
INFO:trainer_layer_backward:11.183738708496094
INFO:trainer_layer_backward:11.401653289794922
INFO:trainer_layer_backward:12.102842330932617
INFO:trainer_layer_backward:12.958288192749023
INFO:trainer_layer_backward:13.280153274536133
INFO:trainer_layer_backward:11.76762580871582
INFO:trainer_layer_backward:12.208223342895508
INFO:trainer_layer_backward:13.015270233154297
INFO:trainer_layer_backward:12.78996467590332
INFO:trainer_layer_backward:12.182235717773438
INFO:trainer_layer_backward:11.620044708251953
INFO:trainer_layer_backward:11.16800308227539
INFO:trainer_layer_backward:12.790918350219727
INFO:trainer_layer_backward:11.607885360717773
INFO:trainer_layer_backward:11.242866516113281
INFO:trainer_layer_backward:11.429548263549805
INFO:trainer_layer_backward:12.284040451049805
INFO:trainer_layer_backward:12.006759643554688
INFO:trainer_layer_backward:11.403322219848633
INFO:trainer_layer_backward:11.233091354370117
INFO:trainer_layer_backward:12.80069351196289
INFO:trainer_layer_backward:12.359380722045898
INFO:trainer_layer_backward:11.633157730102539
INFO:trainer_layer_backward:12.211084365844727
INFO:trainer_layer_backward:11.551856994628906
INFO:trainer_layer_backward:12.304306030273438
INFO:trainer_layer_backward:11.13748550415039
INFO:trainer_layer_backward:13.031482696533203
INFO:trainer_layer_backward:12.671232223510742
INFO:trainer_layer_backward:11.566400527954102
INFO:trainer_layer_backward:12.220382690429688
INFO:trainer_layer_backward:11.556863784790039
INFO:trainer_layer_backward:12.464761734008789
INFO:trainer_layer_backward:11.823415756225586
INFO:trainer_layer_backward:12.545585632324219
INFO:trainer_layer_backward:12.424945831298828
INFO:trainer_layer_backward:12.338399887084961
INFO:trainer_layer_backward:12.628316879272461
INFO:trainer_layer_backward:12.552976608276367
INFO:trainer_layer_backward:11.78884506225586
INFO:trainer_layer_backward:11.179685592651367
INFO:trainer_layer_backward:11.24262809753418
INFO:trainer_layer_backward:11.211633682250977
INFO:trainer_layer_backward:12.517213821411133
INFO:trainer_layer_backward:12.38393783569336
INFO:trainer_layer_backward:12.938976287841797
INFO:trainer_layer_backward:11.46697998046875
INFO:trainer_layer_backward:12.079715728759766
INFO:trainer_layer_backward:12.46953010559082
INFO:trainer_layer_backward:13.335704803466797
INFO:trainer_layer_backward:12.627124786376953
INFO:trainer_layer_backward:11.414051055908203
INFO:trainer_layer_backward:12.44974136352539
INFO:trainer_layer_backward:11.754512786865234
INFO:trainer_layer_backward:11.538982391357422
INFO:trainer_layer_backward:11.202096939086914
INFO:trainer_layer_backward:12.070417404174805
INFO:trainer_layer_backward:12.012481689453125
INFO:trainer_layer_backward:11.566400527954102
INFO:trainer_layer_backward:12.484312057495117
INFO:trainer_layer_backward:11.16323471069336
INFO:trainer_layer_backward:12.062549591064453
INFO:trainer_layer_backward:12.739181518554688
INFO:trainer_layer_backward:12.812376022338867
INFO:trainer_layer_backward:11.984586715698242
INFO:trainer_layer_backward:13.050079345703125
INFO:trainer_layer_backward:11.50655746459961
INFO:trainer_layer_backward:11.74163818359375
INFO:trainer_layer_backward:12.02845573425293
INFO:trainer_layer_backward:11.208772659301758
INFO:trainer_layer_backward:11.39974594116211
INFO:trainer_layer_backward:11.539936065673828
INFO:trainer_layer_backward:12.62354850769043
INFO:trainer_layer_backward:12.586116790771484
INFO:trainer_layer_backward:12.45880126953125
INFO:trainer_layer_backward:13.029098510742188
INFO:trainer_layer_backward:12.586116790771484
INFO:trainer_layer_backward:12.454509735107422
INFO:trainer_layer_backward:12.113332748413086
INFO:trainer_layer_backward:11.552572250366211
INFO:trainer_layer_backward:11.153221130371094
INFO:trainer_layer_backward:11.293888092041016
INFO:trainer_layer_backward:12.276649475097656
INFO:trainer_layer_backward:12.280464172363281
INFO:trainer_layer_backward:13.365745544433594
INFO:trainer_layer_backward:12.13979721069336
INFO:trainer_layer_backward:11.502504348754883
INFO:trainer_layer_backward:12.571096420288086
INFO:trainer_layer_backward:12.018442153930664
INFO:trainer_layer_backward:11.290788650512695
INFO:trainer_layer_backward:11.143922805786133
INFO:trainer_layer_backward:11.479616165161133
INFO:trainer_layer_backward:11.173009872436523
INFO:trainer_layer_backward:12.13216781616211
INFO:trainer_layer_backward:12.18557357788086
INFO:trainer_layer_backward:12.052297592163086
INFO:trainer_layer_backward:12.19940185546875
INFO:trainer_layer_backward:12.080669403076172
INFO:trainer_layer_backward:11.498212814331055
INFO:trainer_layer_backward:11.635780334472656
INFO:trainer_layer_backward:11.926889419555664
INFO:trainer_layer_backward:12.382984161376953
INFO:trainer_layer_backward:12.92276382446289
INFO:trainer_layer_backward:11.62576675415039
INFO:trainer_layer_backward:11.476755142211914
INFO:trainer_layer_backward:15.740633010864258
INFO:trainer_layer_backward:12.038946151733398
INFO:trainer_layer_backward:11.902093887329102
INFO:trainer_layer_backward:11.313199996948242
INFO:trainer_layer_backward:12.773513793945312
INFO:trainer_layer_backward:12.983560562133789
INFO:trainer_layer_backward:12.154579162597656
INFO:trainer_layer_backward:12.076377868652344
INFO:trainer_layer_backward:11.84535026550293
INFO:trainer_layer_backward:12.827634811401367
INFO:trainer_layer_backward:11.475563049316406
INFO:trainer_layer_backward:12.575387954711914
INFO:trainer_layer_backward:12.992382049560547
INFO:trainer_layer_backward:11.627912521362305
INFO:trainer_layer_backward:11.484146118164062
INFO:trainer_layer_backward:11.827230453491211
INFO:trainer_layer_backward:11.269807815551758
INFO:trainer_layer_backward:13.126134872436523
INFO:trainer_layer_backward:12.744903564453125
INFO:trainer_layer_backward:12.807369232177734
INFO:trainer_layer_backward:13.115406036376953
INFO:trainer_layer_backward:12.729883193969727
INFO:trainer_layer_backward:12.38870620727539
INFO:trainer_layer_backward:11.864662170410156
INFO:trainer_layer_backward:11.427879333496094
INFO:trainer_layer_backward:11.330366134643555
INFO:trainer_layer_backward:11.324405670166016
INFO:trainer_layer_backward:12.504100799560547
INFO:trainer_layer_backward:12.615203857421875
INFO:trainer_layer_backward:11.839628219604492
INFO:trainer_layer_backward:11.722087860107422
INFO:trainer_layer_backward:12.824535369873047
INFO:trainer_layer_backward:13.22317123413086
INFO:trainer_layer_backward:13.193368911743164
INFO:trainer_layer_backward:13.101339340209961
INFO:trainer_layer_backward:12.230873107910156
INFO:trainer_layer_backward:12.553691864013672
INFO:trainer_layer_backward:12.982368469238281
INFO:trainer_layer_backward:11.28697395324707
INFO:trainer_layer_backward:12.998342514038086
INFO:trainer_layer_backward:12.611150741577148
INFO:trainer_layer_backward:13.12565803527832
INFO:trainer_layer_backward:12.683868408203125
INFO:trainer_layer_backward:11.556625366210938
INFO:trainer_layer_backward:11.229515075683594
INFO:trainer_layer_backward:11.226415634155273
INFO:trainer_layer_backward:11.748552322387695
INFO:trainer_layer_backward:12.60519027709961
INFO:trainer_layer_backward:12.291908264160156
INFO:trainer_layer_backward:11.714458465576172
INFO:trainer_layer_backward:11.590003967285156
INFO:trainer_layer_backward:12.813091278076172
INFO:trainer_layer_backward:12.553691864013672
INFO:trainer_layer_backward:13.154745101928711
INFO:trainer_layer_backward:11.5203857421875
INFO:trainer_layer_backward:13.137578964233398
INFO:trainer_layer_backward:11.679649353027344
INFO:trainer_layer_backward:11.71112060546875
INFO:trainer_layer_backward:11.871814727783203
INFO:trainer_layer_backward:12.099027633666992
INFO:trainer_layer_backward:12.328624725341797
INFO:trainer_layer_backward:12.819051742553711
INFO:trainer_layer_backward:12.18271255493164
INFO:trainer_layer_backward:11.77525520324707
INFO:trainer_layer_backward:11.239767074584961
INFO:trainer_layer_backward:12.444257736206055
INFO:trainer_layer_backward:12.627601623535156
INFO:trainer_layer_backward:12.73965835571289
INFO:trainer_layer_backward:12.636423110961914
INFO:trainer_layer_backward:12.646198272705078
INFO:trainer_layer_backward:11.927366256713867
INFO:trainer_layer_backward:11.77072525024414
INFO:trainer_layer_backward:11.371850967407227
INFO:trainer_layer_backward:11.533021926879883
INFO:trainer_layer_backward:11.763811111450195
INFO:trainer_layer_backward:12.517929077148438
INFO:trainer_layer_backward:12.350320816040039
INFO:trainer_layer_backward:11.83462142944336
INFO:trainer_layer_backward:11.874198913574219
INFO:trainer_layer_backward:12.933015823364258
INFO:trainer_layer_backward:13.050079345703125
INFO:trainer_layer_backward:11.541128158569336
INFO:trainer_layer_backward:12.975215911865234
INFO:trainer_layer_backward:12.866497039794922
INFO:trainer_layer_backward:11.626482009887695
INFO:trainer_layer_backward:13.092994689941406
INFO:trainer_layer_backward:12.145757675170898
INFO:trainer_layer_backward:11.346101760864258
INFO:trainer_layer_backward:11.224031448364258
INFO:trainer_layer_backward:12.111425399780273
INFO:trainer_layer_backward:11.731386184692383
INFO:trainer_layer_backward:12.40682601928711
INFO:trainer_layer_backward:12.137889862060547
INFO:trainer_layer_backward:12.612581253051758
INFO:trainer_layer_backward:11.962652206420898
INFO:trainer_layer_backward:12.073278427124023
INFO:trainer_layer_backward:13.004541397094727
INFO:trainer_layer_backward:12.499094009399414
INFO:trainer_layer_backward:11.742830276489258
INFO:trainer_layer_backward:11.28697395324707
INFO:trainer_layer_backward:12.251615524291992
INFO:trainer_layer_backward:12.648582458496094
INFO:trainer_layer_backward:12.79139518737793
INFO:trainer_layer_backward:13.145208358764648
INFO:trainer_layer_backward:12.001276016235352
INFO:trainer_layer_backward:11.680364608764648
INFO:trainer_layer_backward:12.467622756958008
INFO:trainer_layer_backward:12.313365936279297
INFO:trainer_layer_backward:11.707782745361328
INFO:trainer_layer_backward:11.345863342285156
INFO:trainer_layer_backward:12.141227722167969
INFO:trainer_layer_backward:11.771917343139648
INFO:trainer_layer_backward:11.230230331420898
INFO:trainer_layer_backward:12.889623641967773
INFO:trainer_layer_backward:12.04824447631836
INFO:trainer_layer_backward:13.815641403198242
INFO:trainer_layer_backward:12.890338897705078
INFO:trainer_layer_backward:12.869119644165039
INFO:trainer_layer_backward:11.671781539916992
INFO:trainer_layer_backward:13.365507125854492
INFO:trainer_layer_backward:11.783123016357422
INFO:trainer_layer_backward:12.02249526977539
INFO:trainer_layer_backward:11.293649673461914
INFO:trainer_layer_backward:11.78741455078125
INFO:trainer_layer_backward:12.689590454101562
INFO:trainer_layer_backward:13.459920883178711
INFO:trainer_layer_backward:11.563539505004883
INFO:trainer_layer_backward:12.189865112304688
INFO:trainer_layer_backward:12.04681396484375
INFO:trainer_layer_backward:11.271238327026367
INFO:trainer_layer_backward:12.99428939819336
INFO:trainer_layer_backward:12.451410293579102
INFO:trainer_layer_backward:12.909650802612305
INFO:trainer_layer_backward:12.409448623657227
INFO:trainer_layer_backward:11.81793212890625
INFO:trainer_layer_backward:11.400461196899414
INFO:trainer_layer_backward:12.217998504638672
INFO:trainer_layer_backward:12.67695426940918
INFO:trainer_layer_backward:11.826753616333008
INFO:trainer_layer_backward:13.036251068115234
INFO:trainer_layer_backward:12.58993148803711
INFO:trainer_layer_backward:12.219667434692383
INFO:trainer_layer_backward:12.576103210449219
INFO:trainer_layer_backward:12.221336364746094
INFO:trainer_layer_backward:11.270999908447266
INFO:trainer_layer_backward:11.272907257080078
INFO:trainer_layer_backward:12.128829956054688
INFO:trainer_layer_backward:12.900829315185547
INFO:trainer_layer_backward:12.663602828979492
INFO:trainer_layer_backward:11.564970016479492
INFO:trainer_layer_backward:11.193513870239258
INFO:trainer_layer_backward:11.488914489746094
INFO:trainer_layer_backward:12.825965881347656
INFO:trainer_layer_backward:12.047767639160156
INFO:trainer_layer_backward:12.33053207397461
INFO:trainer_layer_backward:11.648416519165039
INFO:trainer_layer_backward:11.287927627563477
INFO:trainer_layer_backward:11.294126510620117
INFO:trainer_layer_backward:11.801719665527344
INFO:trainer_layer_backward:12.986898422241211
INFO:trainer_layer_backward:11.634111404418945
INFO:trainer_layer_backward:12.090921401977539
INFO:trainer_layer_backward:11.2457275390625
INFO:trainer_layer_backward:12.587785720825195
INFO:trainer_layer_backward:13.194561004638672
INFO:trainer_layer_backward:13.17739486694336
INFO:trainer_layer_backward:13.337850570678711
INFO:trainer_layer_backward:12.736320495605469
INFO:trainer_layer_backward:11.70969009399414
INFO:trainer_layer_backward:13.153791427612305
INFO:trainer_layer_backward:11.620759963989258
INFO:trainer_layer_backward:11.234283447265625
INFO:trainer_layer_backward:11.50655746459961
INFO:trainer_layer_backward:12.600421905517578
INFO:trainer_layer_backward:12.349367141723633
INFO:trainer_layer_backward:12.088775634765625
INFO:trainer_layer_backward:11.851310729980469
INFO:trainer_layer_backward:12.178659439086914
INFO:trainer_layer_backward:12.300252914428711
INFO:trainer_layer_backward:12.956857681274414
INFO:trainer_layer_backward:11.626958847045898
INFO:trainer_layer_backward:11.234283447265625
INFO:trainer_layer_backward:11.78741455078125
INFO:trainer_layer_backward:11.385202407836914
INFO:trainer_layer_backward:12.056112289428711
INFO:trainer_layer_backward:12.689352035522461
INFO:trainer_layer_backward:13.000249862670898
INFO:trainer_layer_backward:13.113260269165039
INFO:trainer_layer_backward:13.164520263671875
INFO:trainer_layer_backward:12.55035400390625
INFO:trainer_layer_backward:11.816024780273438
INFO:trainer_layer_backward:11.871576309204102
INFO:trainer_layer_backward:12.157201766967773
INFO:trainer_layer_backward:11.295080184936523
INFO:trainer_layer_backward:11.292457580566406
INFO:trainer_layer_backward:11.344671249389648
INFO:trainer_layer_backward:11.211872100830078
INFO:trainer_layer_backward:11.736869812011719
INFO:trainer_layer_backward:12.333154678344727
INFO:trainer_layer_backward:12.39776611328125
INFO:trainer_layer_backward:12.925386428833008
INFO:trainer_layer_backward:12.627601623535156
INFO:trainer_layer_backward:12.119531631469727
INFO:trainer_layer_backward:12.92109489440918
INFO:trainer_layer_backward:12.122154235839844
INFO:trainer_layer_backward:11.823177337646484
INFO:trainer_layer_backward:11.27934455871582
INFO:trainer_layer_backward:11.289358139038086
INFO:trainer_layer_backward:11.528491973876953
INFO:trainer_layer_backward:12.019157409667969
INFO:trainer_layer_backward:11.516809463500977
INFO:trainer_layer_backward:11.325597763061523
INFO:trainer_layer_backward:12.666702270507812
INFO:trainer_layer_backward:12.751579284667969
INFO:trainer_layer_backward:12.853622436523438
INFO:trainer_layer_backward:12.203216552734375
INFO:trainer_layer_backward:12.772321701049805
INFO:trainer_layer_backward:11.872529983520508
INFO:trainer_layer_backward:11.879682540893555
INFO:trainer_layer_backward:11.248588562011719
INFO:trainer_layer_backward:12.21156120300293
INFO:trainer_layer_backward:12.73036003112793
INFO:trainer_layer_backward:12.356758117675781
INFO:trainer_layer_backward:11.652708053588867
INFO:trainer_layer_backward:11.986255645751953
INFO:trainer_layer_backward:12.686491012573242
INFO:trainer_layer_backward:13.407468795776367
INFO:trainer_layer_backward:12.598037719726562
INFO:trainer_layer_backward:12.848615646362305
INFO:trainer_layer_backward:12.874841690063477
INFO:trainer_layer_backward:11.729240417480469
INFO:trainer_layer_backward:11.277914047241211
INFO:trainer_layer_backward:12.340784072875977
INFO:trainer_layer_backward:12.945413589477539
INFO:trainer_layer_backward:12.141227722167969
INFO:trainer_layer_backward:12.112855911254883
INFO:trainer_layer_backward:12.508153915405273
INFO:trainer_layer_backward:12.661933898925781
INFO:trainer_layer_backward:13.039350509643555
INFO:trainer_layer_backward:12.653827667236328
INFO:trainer_layer_backward:11.474847793579102
INFO:trainer_layer_backward:12.063741683959961
INFO:trainer_layer_backward:12.751579284667969
INFO:trainer_layer_backward:12.630701065063477
INFO:trainer_layer_backward:12.861967086791992
INFO:trainer_layer_backward:11.557817459106445
INFO:trainer_layer_backward:12.872695922851562
INFO:trainer_layer_backward:11.728525161743164
INFO:trainer_layer_backward:11.60430908203125
INFO:trainer_layer_backward:12.559652328491211
INFO:trainer_layer_backward:12.990713119506836
INFO:trainer_layer_backward:13.147592544555664
INFO:trainer_layer_backward:13.184309005737305
INFO:trainer_layer_backward:12.178421020507812
INFO:trainer_layer_backward:11.667966842651367
INFO:trainer_layer_backward:12.451648712158203
INFO:trainer_layer_backward:12.475728988647461
INFO:trainer_layer_backward:13.167381286621094
INFO:trainer_layer_backward:12.83717155456543
INFO:trainer_layer_backward:11.905193328857422
INFO:trainer_layer_backward:12.072086334228516
INFO:trainer_layer_backward:11.340856552124023
INFO:trainer_layer_backward:11.818408966064453
INFO:trainer_layer_backward:11.227130889892578
INFO:trainer_layer_backward:12.71510124206543
INFO:trainer_layer_backward:11.531829833984375
INFO:trainer_layer_backward:13.300418853759766
INFO:trainer_layer_backward:12.310981750488281
INFO:trainer_layer_backward:11.320829391479492
INFO:trainer_layer_backward:12.020587921142578
INFO:trainer_layer_backward:12.50910758972168
INFO:trainer_layer_backward:12.181520462036133
INFO:trainer_layer_backward:11.591434478759766
INFO:trainer_layer_backward:11.246204376220703
INFO:trainer_layer_backward:12.225866317749023
INFO:trainer_layer_backward:11.698007583618164
INFO:trainer_layer_backward:11.919736862182617
INFO:trainer_layer_backward:11.826515197753906
INFO:trainer_layer_backward:12.260675430297852
INFO:trainer_layer_backward:13.057470321655273
INFO:trainer_layer_backward:13.085603713989258
INFO:trainer_layer_backward:12.749433517456055
INFO:trainer_layer_backward:12.443065643310547
INFO:trainer_layer_backward:11.557579040527344
INFO:trainer_layer_backward:11.245489120483398
INFO:trainer_layer_backward:12.139081954956055
INFO:trainer_layer_backward:12.866973876953125
INFO:trainer_layer_backward:12.065410614013672
INFO:trainer_layer_backward:12.15505599975586
INFO:trainer_layer_backward:11.631011962890625
INFO:trainer_layer_backward:12.196063995361328
INFO:trainer_layer_backward:12.913942337036133
INFO:trainer_layer_backward:12.767314910888672
INFO:trainer_layer_backward:13.107776641845703
INFO:trainer_layer_backward:12.761831283569336
INFO:trainer_layer_backward:12.288570404052734
INFO:trainer_layer_backward:11.835575103759766
INFO:trainer_layer_backward:11.30533218383789
INFO:trainer_layer_backward:12.469768524169922
INFO:trainer_layer_backward:12.097358703613281
INFO:trainer_layer_backward:11.642217636108398
INFO:trainer_layer_backward:11.593341827392578
INFO:trainer_layer_backward:12.697458267211914
INFO:trainer_layer_backward:12.182474136352539
INFO:trainer_layer_backward:11.512041091918945
INFO:trainer_layer_backward:11.651992797851562
INFO:trainer_layer_backward:12.803077697753906
INFO:trainer_layer_backward:13.051509857177734
INFO:trainer_layer_backward:13.239622116088867
INFO:trainer_layer_backward:12.683391571044922
INFO:trainer_layer_backward:12.475252151489258
INFO:trainer_layer_backward:13.280868530273438
INFO:trainer_layer_backward:11.936664581298828
INFO:trainer_layer_backward:11.809587478637695
INFO:trainer_layer_backward:11.434793472290039
INFO:trainer_layer_backward:11.290311813354492
INFO:trainer_layer_backward:12.796163558959961
INFO:trainer_layer_backward:11.660337448120117
INFO:trainer_layer_backward:11.786460876464844
INFO:trainer_layer_backward:11.693000793457031
INFO:trainer_layer_backward:11.290550231933594
INFO:trainer_layer_backward:12.477636337280273
INFO:trainer_layer_backward:13.036251068115234
INFO:trainer_layer_backward:12.564659118652344
INFO:trainer_layer_backward:13.287067413330078
INFO:trainer_layer_backward:12.761592864990234
INFO:trainer_layer_backward:11.63029670715332
INFO:trainer_layer_backward:11.77215576171875
INFO:trainer_layer_backward:11.32655143737793
INFO:trainer_layer_backward:12.137413024902344
INFO:trainer_layer_backward:11.573076248168945
INFO:trainer_layer_backward:13.282537460327148
INFO:trainer_layer_backward:12.207508087158203
INFO:trainer_layer_backward:11.962890625
INFO:trainer_layer_backward:11.212825775146484
INFO:trainer_layer_backward:11.765241622924805
INFO:trainer_layer_backward:13.0157470703125
INFO:trainer_layer_backward:13.416290283203125
INFO:trainer_layer_backward:12.63284683227539
INFO:trainer_layer_backward:12.511730194091797
INFO:trainer_layer_backward:11.960983276367188
INFO:trainer_layer_backward:11.316537857055664
INFO:trainer_layer_backward:12.11404800415039
INFO:trainer_layer_backward:11.349678039550781
INFO:trainer_layer_backward:11.583328247070312
INFO:trainer_layer_backward:12.864112854003906
INFO:trainer_layer_backward:12.46500015258789
INFO:trainer_layer_backward:11.854410171508789
INFO:trainer_layer_backward:11.440753936767578
INFO:trainer_layer_backward:13.141393661499023
INFO:trainer_layer_backward:12.30311393737793
INFO:trainer_layer_backward:12.316226959228516
INFO:trainer_layer_backward:13.099431991577148
INFO:trainer_layer_backward:12.241601943969727
INFO:trainer_layer_backward:12.82191276550293
INFO:trainer_layer_backward:12.209415435791016
INFO:trainer_layer_backward:11.615276336669922
INFO:trainer_layer_backward:11.705875396728516
INFO:trainer_layer_backward:11.563301086425781
INFO:trainer_layer_backward:11.339902877807617
INFO:trainer_layer_backward:12.85862922668457
INFO:trainer_layer_backward:11.665821075439453
INFO:trainer_layer_backward:11.568546295166016
INFO:trainer_layer_backward:11.762142181396484
INFO:trainer_layer_backward:12.112140655517578
INFO:trainer_layer_backward:12.714862823486328
INFO:trainer_layer_backward:12.432575225830078
INFO:trainer_layer_backward:11.614799499511719
INFO:trainer_layer_backward:11.249065399169922
INFO:trainer_layer_backward:11.239767074584961
INFO:trainer_layer_backward:11.773824691772461
INFO:trainer_layer_backward:11.308431625366211
INFO:trainer_layer_backward:12.115716934204102
INFO:trainer_layer_backward:13.011932373046875
INFO:trainer_layer_backward:11.636972427368164
INFO:trainer_layer_backward:11.304140090942383
INFO:trainer_layer_backward:12.174367904663086
INFO:trainer_layer_backward:11.234760284423828
INFO:trainer_layer_backward:12.164115905761719
INFO:trainer_layer_backward:12.520790100097656
INFO:trainer_layer_backward:12.627601623535156
INFO:trainer_layer_backward:12.50910758972168
INFO:trainer_layer_backward:12.371301651000977
INFO:trainer_layer_backward:11.789321899414062
INFO:trainer_layer_backward:12.087583541870117
INFO:trainer_layer_backward:12.627601623535156
INFO:trainer_layer_backward:12.639522552490234
INFO:trainer_layer_backward:12.868165969848633
INFO:trainer_layer_backward:12.723445892333984
INFO:trainer_layer_backward:12.47096061706543
INFO:trainer_layer_backward:11.826038360595703
INFO:trainer_layer_backward:11.801719665527344
INFO:trainer_layer_backward:12.628555297851562
INFO:trainer_layer_backward:12.917041778564453
INFO:trainer_layer_backward:11.560440063476562
INFO:trainer_layer_backward:11.253118515014648
INFO:trainer_layer_backward:12.507915496826172
INFO:trainer_layer_backward:12.24207878112793
INFO:trainer_layer_backward:12.914657592773438
INFO:trainer_layer_backward:13.200044631958008
INFO:trainer_layer_backward:12.117147445678711
INFO:trainer_layer_backward:13.091564178466797
INFO:trainer_layer_backward:12.554645538330078
INFO:trainer_layer_backward:11.96432113647461
INFO:trainer_layer_backward:11.244535446166992
INFO:trainer_layer_backward:12.654304504394531
INFO:trainer_layer_backward:13.270378112792969
INFO:trainer_layer_backward:13.381004333496094
INFO:trainer_layer_backward:13.377904891967773
INFO:trainer_layer_backward:13.117551803588867
INFO:trainer_layer_backward:12.199878692626953
INFO:trainer_layer_backward:11.55400276184082
INFO:trainer_layer_backward:11.801719665527344
INFO:trainer_layer_backward:12.069225311279297
INFO:trainer_layer_backward:12.214183807373047
INFO:trainer_layer_backward:12.906074523925781
INFO:trainer_layer_backward:11.554956436157227
INFO:trainer_layer_backward:11.309146881103516
INFO:trainer_layer_backward:11.261224746704102
INFO:trainer_layer_backward:12.191534042358398
INFO:trainer_layer_backward:12.330293655395508
INFO:trainer_layer_backward:13.265132904052734
INFO:trainer_layer_backward:12.306451797485352
INFO:trainer_layer_backward:12.5885009765625
INFO:trainer_layer_backward:12.270212173461914
INFO:trainer_layer_backward:11.743545532226562
INFO:trainer_layer_backward:11.694908142089844
INFO:trainer_layer_backward:12.548685073852539
INFO:trainer_layer_backward:12.792587280273438
INFO:trainer_layer_backward:13.35000991821289
INFO:trainer_layer_backward:12.98975944519043
INFO:trainer_layer_backward:12.616634368896484
INFO:trainer_layer_backward:11.720418930053711
INFO:trainer_layer_backward:11.890649795532227
INFO:trainer_layer_backward:11.486053466796875
INFO:trainer_layer_backward:12.573480606079102
INFO:trainer_layer_backward:24.628162384033203
INFO:trainer_layer_backward:12.291431427001953
INFO:trainer_layer_backward:11.782169342041016
INFO:trainer_layer_backward:12.20250129699707
INFO:trainer_layer_backward:12.911319732666016
INFO:trainer_layer_backward:12.821197509765625
INFO:trainer_layer_backward:12.98666000366211
INFO:trainer_layer_backward:12.779951095581055
INFO:trainer_layer_backward:12.453794479370117
INFO:trainer_layer_backward:12.466907501220703
INFO:trainer_layer_backward:11.576414108276367
INFO:trainer_layer_backward:11.243104934692383
INFO:trainer_layer_backward:12.322425842285156
INFO:trainer_layer_backward:12.567520141601562
INFO:trainer_layer_backward:12.149810791015625
INFO:trainer_layer_backward:12.178897857666016
INFO:trainer_layer_backward:11.813640594482422
INFO:trainer_layer_backward:11.359453201293945
INFO:trainer_layer_backward:12.472391128540039
INFO:trainer_layer_backward:12.963294982910156
INFO:trainer_layer_backward:12.56108283996582
INFO:trainer_layer_backward:12.517929077148438
INFO:trainer_layer_backward:12.55655288696289
INFO:trainer_layer_backward:11.70969009399414
INFO:trainer_layer_backward:11.995315551757812
INFO:trainer_layer_backward:12.913703918457031
INFO:trainer_layer_backward:12.725353240966797
INFO:trainer_layer_backward:11.835098266601562
INFO:trainer_layer_backward:12.801647186279297
INFO:trainer_layer_backward:11.689901351928711
INFO:trainer_layer_backward:11.83462142944336
INFO:trainer_layer_backward:11.760950088500977
INFO:trainer_layer_backward:13.228416442871094
INFO:trainer_layer_backward:12.392044067382812
INFO:trainer_layer_backward:12.347221374511719
INFO:trainer_layer_backward:13.081073760986328
INFO:trainer_layer_backward:12.662410736083984
INFO:trainer_layer_backward:12.304067611694336
INFO:trainer_layer_backward:11.597633361816406
INFO:trainer_layer_backward:12.107372283935547
INFO:trainer_layer_backward:12.691020965576172
INFO:trainer_layer_backward:12.581825256347656
INFO:trainer_layer_backward:13.020992279052734
INFO:trainer_layer_backward:12.278556823730469
INFO:trainer_layer_backward:11.673212051391602
INFO:trainer_layer_backward:11.916399002075195
INFO:trainer_layer_backward:12.647151947021484
INFO:trainer_layer_backward:12.84027099609375
INFO:trainer_layer_backward:12.775897979736328
INFO:trainer_layer_backward:12.07423210144043
INFO:trainer_layer_backward:11.914968490600586
INFO:trainer_layer_backward:11.637449264526367
INFO:trainer_layer_backward:12.328624725341797
INFO:trainer_layer_backward:11.223554611206055
INFO:trainer_layer_backward:12.12620735168457
INFO:trainer_layer_backward:12.20250129699707
INFO:trainer_layer_backward:12.961387634277344
INFO:trainer_layer_backward:11.806488037109375
INFO:trainer_layer_backward:11.869192123413086
INFO:trainer_layer_backward:11.22903823852539
INFO:trainer_layer_backward:12.688636779785156
INFO:trainer_layer_backward:13.181924819946289
INFO:trainer_layer_backward:12.754201889038086
INFO:trainer_layer_backward:12.794256210327148
INFO:trainer_layer_backward:12.509822845458984
INFO:trainer_layer_backward:11.86680793762207
