INFO:trainer_layer_backward:FFT_CNNEx | mnist
INFO:trainer_layer_backward:in_size : 256 | epochs : 1 | batch : 1
INFO:trainer_layer_backward:kernel_l1 : 129 | kernel_l2 : 65 | kernel_l3 : 33 
INFO:trainer_layer_backward:o_channels_l1 : 5 | o_channels_l2 : 5 | o_channels_l3 : 5 
INFO:trainer_layer_backward:learn_num_train : 1000 | learn_num_validate : 0 
INFO:trainer_layer_backward::::::::::::::::::::::::::::::::::::::::::::::::::::::::::::
INFO:trainer_layer_backward:message : FFT_conv1 
INFO:trainer_layer_backward::::::::::::::::::::::::::::::::::::::::::::::::::::::::::::
INFO:trainer_layer_backward:Ave_Time : 3.3839314874976574
INFO:trainer_layer_backward::::::::::::::::::::::::::::::::::::::::::::::::::::::::::::
INFO:trainer_layer_backward:4.171609878540039
INFO:trainer_layer_backward:4.238367080688477
INFO:trainer_layer_backward:3.8673877716064453
INFO:trainer_layer_backward:4.688739776611328
INFO:trainer_layer_backward:3.1328201293945312
INFO:trainer_layer_backward:4.323482513427734
INFO:trainer_layer_backward:3.201723098754883
INFO:trainer_layer_backward:3.694295883178711
INFO:trainer_layer_backward:3.5712718963623047
INFO:trainer_layer_backward:4.1046142578125
INFO:trainer_layer_backward:4.327535629272461
INFO:trainer_layer_backward:3.437042236328125
INFO:trainer_layer_backward:3.7920475006103516
INFO:trainer_layer_backward:3.2279491424560547
INFO:trainer_layer_backward:3.9000511169433594
INFO:trainer_layer_backward:3.5855770111083984
INFO:trainer_layer_backward:4.034996032714844
INFO:trainer_layer_backward:4.199981689453125
INFO:trainer_layer_backward:3.6666393280029297
INFO:trainer_layer_backward:3.5963058471679688
INFO:trainer_layer_backward:3.2241344451904297
INFO:trainer_layer_backward:3.1418800354003906
INFO:trainer_layer_backward:5.783319473266602
INFO:trainer_layer_backward:3.39508056640625
INFO:trainer_layer_backward:3.9136409759521484
INFO:trainer_layer_backward:3.627777099609375
INFO:trainer_layer_backward:3.504514694213867
INFO:trainer_layer_backward:3.8123130798339844
INFO:trainer_layer_backward:4.003763198852539
INFO:trainer_layer_backward:3.551483154296875
INFO:trainer_layer_backward:4.385948181152344
INFO:trainer_layer_backward:3.2930374145507812
INFO:trainer_layer_backward:3.347635269165039
INFO:trainer_layer_backward:3.414154052734375
INFO:trainer_layer_backward:4.021167755126953
INFO:trainer_layer_backward:4.052877426147461
INFO:trainer_layer_backward:4.385232925415039
INFO:trainer_layer_backward:4.239797592163086
INFO:trainer_layer_backward:3.093242645263672
INFO:trainer_layer_backward:3.7157535552978516
INFO:trainer_layer_backward:4.341602325439453
INFO:trainer_layer_backward:3.508329391479492
INFO:trainer_layer_backward:5.3558349609375
INFO:trainer_layer_backward:3.782033920288086
INFO:trainer_layer_backward:4.010677337646484
INFO:trainer_layer_backward:3.08990478515625
INFO:trainer_layer_backward:3.9114952087402344
INFO:trainer_layer_backward:3.6516189575195312
INFO:trainer_layer_backward:3.557920455932617
INFO:trainer_layer_backward:3.364086151123047
INFO:trainer_layer_backward:2.8536319732666016
INFO:trainer_layer_backward:2.661466598510742
INFO:trainer_layer_backward:3.1194686889648438
INFO:trainer_layer_backward:3.371715545654297
INFO:trainer_layer_backward:3.1354427337646484
INFO:trainer_layer_backward:2.571582794189453
INFO:trainer_layer_backward:2.9189586639404297
INFO:trainer_layer_backward:2.803802490234375
INFO:trainer_layer_backward:3.6978721618652344
INFO:trainer_layer_backward:2.834796905517578
INFO:trainer_layer_backward:2.84576416015625
INFO:trainer_layer_backward:3.2498836517333984
INFO:trainer_layer_backward:4.113197326660156
INFO:trainer_layer_backward:4.323005676269531
INFO:trainer_layer_backward:2.9697418212890625
INFO:trainer_layer_backward:3.2193660736083984
INFO:trainer_layer_backward:3.4580230712890625
INFO:trainer_layer_backward:3.1697750091552734
INFO:trainer_layer_backward:2.9783248901367188
INFO:trainer_layer_backward:4.338264465332031
INFO:trainer_layer_backward:3.51715087890625
INFO:trainer_layer_backward:3.1239986419677734
INFO:trainer_layer_backward:3.2494068145751953
INFO:trainer_layer_backward:2.9621124267578125
INFO:trainer_layer_backward:3.2715797424316406
INFO:trainer_layer_backward:3.6742687225341797
INFO:trainer_layer_backward:3.141164779663086
INFO:trainer_layer_backward:3.067493438720703
INFO:trainer_layer_backward:3.427743911743164
INFO:trainer_layer_backward:2.8984546661376953
INFO:trainer_layer_backward:3.4363269805908203
INFO:trainer_layer_backward:3.7136077880859375
INFO:trainer_layer_backward:3.2389163970947266
INFO:trainer_layer_backward:3.3049583435058594
INFO:trainer_layer_backward:2.6979446411132812
INFO:trainer_layer_backward:2.7132034301757812
INFO:trainer_layer_backward:3.9403438568115234
INFO:trainer_layer_backward:3.301382064819336
INFO:trainer_layer_backward:3.5216808319091797
INFO:trainer_layer_backward:3.9811134338378906
INFO:trainer_layer_backward:3.9594173431396484
INFO:trainer_layer_backward:2.866506576538086
INFO:trainer_layer_backward:3.6954879760742188
INFO:trainer_layer_backward:3.2129287719726562
INFO:trainer_layer_backward:2.993345260620117
INFO:trainer_layer_backward:3.859281539916992
INFO:trainer_layer_backward:3.521442413330078
INFO:trainer_layer_backward:3.2434463500976562
INFO:trainer_layer_backward:4.4422149658203125
INFO:trainer_layer_backward:3.4999847412109375
INFO:trainer_layer_backward:3.861665725708008
INFO:trainer_layer_backward:3.599405288696289
INFO:trainer_layer_backward:3.564596176147461
INFO:trainer_layer_backward:3.9052963256835938
INFO:trainer_layer_backward:3.494739532470703
INFO:trainer_layer_backward:4.650354385375977
INFO:trainer_layer_backward:4.251241683959961
INFO:trainer_layer_backward:3.5054683685302734
INFO:trainer_layer_backward:3.568887710571289
INFO:trainer_layer_backward:4.839897155761719
INFO:trainer_layer_backward:3.0879974365234375
INFO:trainer_layer_backward:4.677772521972656
INFO:trainer_layer_backward:2.997159957885742
INFO:trainer_layer_backward:3.080606460571289
INFO:trainer_layer_backward:3.0128955841064453
INFO:trainer_layer_backward:2.9137134552001953
INFO:trainer_layer_backward:2.8023719787597656
INFO:trainer_layer_backward:5.110740661621094
INFO:trainer_layer_backward:7.836341857910156
INFO:trainer_layer_backward:3.103971481323242
INFO:trainer_layer_backward:3.187894821166992
INFO:trainer_layer_backward:2.805471420288086
INFO:trainer_layer_backward:3.3528804779052734
INFO:trainer_layer_backward:2.489805221557617
INFO:trainer_layer_backward:2.4204254150390625
INFO:trainer_layer_backward:2.4225711822509766
INFO:trainer_layer_backward:3.2083988189697266
INFO:trainer_layer_backward:2.978086471557617
INFO:trainer_layer_backward:3.4079551696777344
INFO:trainer_layer_backward:2.8848648071289062
INFO:trainer_layer_backward:3.780841827392578
INFO:trainer_layer_backward:3.019571304321289
INFO:trainer_layer_backward:3.1054019927978516
INFO:trainer_layer_backward:2.749204635620117
INFO:trainer_layer_backward:2.725362777709961
INFO:trainer_layer_backward:4.549503326416016
INFO:trainer_layer_backward:3.233194351196289
INFO:trainer_layer_backward:2.7532577514648438
INFO:trainer_layer_backward:3.0591487884521484
INFO:trainer_layer_backward:3.518819808959961
INFO:trainer_layer_backward:3.300189971923828
INFO:trainer_layer_backward:4.750967025756836
INFO:trainer_layer_backward:5.122661590576172
INFO:trainer_layer_backward:3.8306713104248047
INFO:trainer_layer_backward:3.2901763916015625
INFO:trainer_layer_backward:3.5529136657714844
INFO:trainer_layer_backward:3.175973892211914
INFO:trainer_layer_backward:3.317594528198242
INFO:trainer_layer_backward:3.926992416381836
INFO:trainer_layer_backward:2.78472900390625
INFO:trainer_layer_backward:4.58073616027832
INFO:trainer_layer_backward:4.258394241333008
INFO:trainer_layer_backward:5.57708740234375
INFO:trainer_layer_backward:4.6901702880859375
INFO:trainer_layer_backward:4.404544830322266
INFO:trainer_layer_backward:3.360271453857422
INFO:trainer_layer_backward:3.3197402954101562
INFO:trainer_layer_backward:3.271818161010742
INFO:trainer_layer_backward:3.259897232055664
INFO:trainer_layer_backward:3.2007694244384766
INFO:trainer_layer_backward:3.16619873046875
INFO:trainer_layer_backward:3.2880306243896484
INFO:trainer_layer_backward:2.8994083404541016
INFO:trainer_layer_backward:3.1366348266601562
INFO:trainer_layer_backward:3.9000511169433594
INFO:trainer_layer_backward:3.1824111938476562
INFO:trainer_layer_backward:2.7837753295898438
INFO:trainer_layer_backward:2.6788711547851562
INFO:trainer_layer_backward:3.6423206329345703
INFO:trainer_layer_backward:4.3392181396484375
INFO:trainer_layer_backward:4.596471786499023
INFO:trainer_layer_backward:2.7933120727539062
INFO:trainer_layer_backward:2.5751590728759766
INFO:trainer_layer_backward:3.18145751953125
INFO:trainer_layer_backward:3.8733482360839844
INFO:trainer_layer_backward:4.248142242431641
INFO:trainer_layer_backward:4.720926284790039
INFO:trainer_layer_backward:3.068685531616211
INFO:trainer_layer_backward:3.1960010528564453
INFO:trainer_layer_backward:4.355430603027344
INFO:trainer_layer_backward:4.738092422485352
INFO:trainer_layer_backward:3.1943321228027344
INFO:trainer_layer_backward:3.3299922943115234
INFO:trainer_layer_backward:2.9647350311279297
INFO:trainer_layer_backward:3.7360191345214844
INFO:trainer_layer_backward:3.3762454986572266
INFO:trainer_layer_backward:4.959583282470703
INFO:trainer_layer_backward:3.934144973754883
INFO:trainer_layer_backward:2.756834030151367
INFO:trainer_layer_backward:2.7403831481933594
INFO:trainer_layer_backward:2.9594898223876953
INFO:trainer_layer_backward:2.4476051330566406
INFO:trainer_layer_backward:2.4313926696777344
INFO:trainer_layer_backward:2.6090145111083984
INFO:trainer_layer_backward:3.7386417388916016
INFO:trainer_layer_backward:2.7914047241210938
INFO:trainer_layer_backward:2.8526782989501953
INFO:trainer_layer_backward:2.829313278198242
INFO:trainer_layer_backward:3.1180381774902344
INFO:trainer_layer_backward:4.045963287353516
INFO:trainer_layer_backward:3.1905174255371094
INFO:trainer_layer_backward:2.897500991821289
INFO:trainer_layer_backward:2.904176712036133
INFO:trainer_layer_backward:2.8219223022460938
INFO:trainer_layer_backward:3.5851001739501953
INFO:trainer_layer_backward:2.991914749145508
INFO:trainer_layer_backward:2.680540084838867
INFO:trainer_layer_backward:3.1075477600097656
INFO:trainer_layer_backward:3.2520294189453125
INFO:trainer_layer_backward:3.232240676879883
INFO:trainer_layer_backward:2.752065658569336
INFO:trainer_layer_backward:4.758119583129883
INFO:trainer_layer_backward:4.9457550048828125
INFO:trainer_layer_backward:3.0164718627929688
INFO:trainer_layer_backward:3.215312957763672
INFO:trainer_layer_backward:3.0837059020996094
INFO:trainer_layer_backward:4.951715469360352
INFO:trainer_layer_backward:2.523660659790039
INFO:trainer_layer_backward:3.1366348266601562
INFO:trainer_layer_backward:3.9322376251220703
INFO:trainer_layer_backward:2.9463768005371094
INFO:trainer_layer_backward:2.7954578399658203
INFO:trainer_layer_backward:3.2134056091308594
INFO:trainer_layer_backward:2.989530563354492
INFO:trainer_layer_backward:3.1197071075439453
INFO:trainer_layer_backward:3.0279159545898438
INFO:trainer_layer_backward:2.492666244506836
INFO:trainer_layer_backward:2.6078224182128906
INFO:trainer_layer_backward:2.5010108947753906
INFO:trainer_layer_backward:2.7523040771484375
INFO:trainer_layer_backward:3.0562877655029297
INFO:trainer_layer_backward:2.707242965698242
INFO:trainer_layer_backward:2.8100013732910156
INFO:trainer_layer_backward:2.785921096801758
INFO:trainer_layer_backward:2.5920867919921875
INFO:trainer_layer_backward:2.6433467864990234
INFO:trainer_layer_backward:2.716064453125
INFO:trainer_layer_backward:2.9604434967041016
INFO:trainer_layer_backward:2.7387142181396484
INFO:trainer_layer_backward:2.7570724487304688
INFO:trainer_layer_backward:2.728700637817383
INFO:trainer_layer_backward:3.1747817993164062
INFO:trainer_layer_backward:2.776622772216797
INFO:trainer_layer_backward:2.468109130859375
INFO:trainer_layer_backward:2.9151439666748047
INFO:trainer_layer_backward:2.9823780059814453
INFO:trainer_layer_backward:2.833843231201172
INFO:trainer_layer_backward:2.920866012573242
INFO:trainer_layer_backward:3.5567283630371094
INFO:trainer_layer_backward:2.8333663940429688
INFO:trainer_layer_backward:3.163576126098633
INFO:trainer_layer_backward:3.4575462341308594
INFO:trainer_layer_backward:2.6803016662597656
INFO:trainer_layer_backward:4.144191741943359
INFO:trainer_layer_backward:3.1092166900634766
INFO:trainer_layer_backward:3.1592845916748047
INFO:trainer_layer_backward:3.4301280975341797
INFO:trainer_layer_backward:3.469705581665039
INFO:trainer_layer_backward:2.849102020263672
INFO:trainer_layer_backward:2.9234886169433594
INFO:trainer_layer_backward:3.2014846801757812
INFO:trainer_layer_backward:4.067420959472656
INFO:trainer_layer_backward:3.4284591674804688
INFO:trainer_layer_backward:3.2281875610351562
INFO:trainer_layer_backward:2.954244613647461
INFO:trainer_layer_backward:2.924203872680664
INFO:trainer_layer_backward:2.8023719787597656
INFO:trainer_layer_backward:3.197193145751953
INFO:trainer_layer_backward:3.797292709350586
INFO:trainer_layer_backward:3.7384033203125
INFO:trainer_layer_backward:2.96783447265625
INFO:trainer_layer_backward:2.6667118072509766
INFO:trainer_layer_backward:2.9540061950683594
INFO:trainer_layer_backward:3.4608840942382812
INFO:trainer_layer_backward:3.122091293334961
INFO:trainer_layer_backward:2.6955604553222656
INFO:trainer_layer_backward:2.9807090759277344
INFO:trainer_layer_backward:2.7418136596679688
INFO:trainer_layer_backward:2.9859542846679688
INFO:trainer_layer_backward:2.928018569946289
INFO:trainer_layer_backward:2.8624534606933594
INFO:trainer_layer_backward:2.6013851165771484
INFO:trainer_layer_backward:2.8586387634277344
INFO:trainer_layer_backward:3.221750259399414
INFO:trainer_layer_backward:2.8879642486572266
INFO:trainer_layer_backward:3.4139156341552734
INFO:trainer_layer_backward:5.212306976318359
INFO:trainer_layer_backward:3.207683563232422
INFO:trainer_layer_backward:5.644559860229492
INFO:trainer_layer_backward:2.831697463989258
INFO:trainer_layer_backward:2.6559829711914062
INFO:trainer_layer_backward:3.069162368774414
INFO:trainer_layer_backward:2.7060508728027344
INFO:trainer_layer_backward:2.4590492248535156
INFO:trainer_layer_backward:2.808809280395508
INFO:trainer_layer_backward:4.888057708740234
INFO:trainer_layer_backward:3.2379627227783203
INFO:trainer_layer_backward:2.6972293853759766
INFO:trainer_layer_backward:3.5619735717773438
INFO:trainer_layer_backward:2.6650428771972656
INFO:trainer_layer_backward:2.7043819427490234
INFO:trainer_layer_backward:3.2165050506591797
INFO:trainer_layer_backward:2.816438674926758
INFO:trainer_layer_backward:2.5911331176757812
INFO:trainer_layer_backward:2.5544166564941406
INFO:trainer_layer_backward:2.8412342071533203
INFO:trainer_layer_backward:4.091024398803711
INFO:trainer_layer_backward:3.1821727752685547
INFO:trainer_layer_backward:2.7892589569091797
INFO:trainer_layer_backward:2.7933120727539062
INFO:trainer_layer_backward:3.0341148376464844
INFO:trainer_layer_backward:3.3254623413085938
INFO:trainer_layer_backward:3.5839080810546875
INFO:trainer_layer_backward:2.5081634521484375
INFO:trainer_layer_backward:2.466440200805664
INFO:trainer_layer_backward:3.684520721435547
INFO:trainer_layer_backward:3.1936168670654297
INFO:trainer_layer_backward:2.8524398803710938
INFO:trainer_layer_backward:3.1206607818603516
INFO:trainer_layer_backward:3.2951831817626953
INFO:trainer_layer_backward:4.123687744140625
INFO:trainer_layer_backward:3.4389495849609375
INFO:trainer_layer_backward:3.8645267486572266
INFO:trainer_layer_backward:3.6759376525878906
INFO:trainer_layer_backward:5.817890167236328
INFO:trainer_layer_backward:5.899906158447266
INFO:trainer_layer_backward:3.5195350646972656
INFO:trainer_layer_backward:2.9630661010742188
INFO:trainer_layer_backward:3.240823745727539
INFO:trainer_layer_backward:3.462553024291992
INFO:trainer_layer_backward:3.214597702026367
INFO:trainer_layer_backward:2.717256546020508
INFO:trainer_layer_backward:2.7909278869628906
INFO:trainer_layer_backward:3.443002700805664
INFO:trainer_layer_backward:4.639148712158203
INFO:trainer_layer_backward:3.2868385314941406
INFO:trainer_layer_backward:3.7238597869873047
INFO:trainer_layer_backward:3.4165382385253906
INFO:trainer_layer_backward:2.853870391845703
INFO:trainer_layer_backward:5.085229873657227
INFO:trainer_layer_backward:3.4303665161132812
INFO:trainer_layer_backward:3.230571746826172
INFO:trainer_layer_backward:3.424406051635742
INFO:trainer_layer_backward:3.3681392669677734
INFO:trainer_layer_backward:2.7937889099121094
INFO:trainer_layer_backward:4.461526870727539
INFO:trainer_layer_backward:3.1516551971435547
INFO:trainer_layer_backward:2.7022361755371094
INFO:trainer_layer_backward:2.820253372192383
INFO:trainer_layer_backward:2.92205810546875
INFO:trainer_layer_backward:2.628326416015625
INFO:trainer_layer_backward:3.120899200439453
INFO:trainer_layer_backward:3.1316280364990234
INFO:trainer_layer_backward:2.824544906616211
INFO:trainer_layer_backward:2.6624202728271484
INFO:trainer_layer_backward:3.0450820922851562
INFO:trainer_layer_backward:3.752470016479492
INFO:trainer_layer_backward:3.1266212463378906
INFO:trainer_layer_backward:3.374338150024414
INFO:trainer_layer_backward:3.1752586364746094
INFO:trainer_layer_backward:2.988100051879883
INFO:trainer_layer_backward:2.994060516357422
INFO:trainer_layer_backward:3.002166748046875
INFO:trainer_layer_backward:5.24592399597168
INFO:trainer_layer_backward:2.964496612548828
INFO:trainer_layer_backward:2.9642581939697266
INFO:trainer_layer_backward:2.9959678649902344
INFO:trainer_layer_backward:3.5200119018554688
INFO:trainer_layer_backward:2.8150081634521484
INFO:trainer_layer_backward:3.334522247314453
INFO:trainer_layer_backward:3.3507347106933594
INFO:trainer_layer_backward:3.5927295684814453
INFO:trainer_layer_backward:3.4537315368652344
INFO:trainer_layer_backward:3.098726272583008
INFO:trainer_layer_backward:3.030061721801758
INFO:trainer_layer_backward:3.0188560485839844
INFO:trainer_layer_backward:3.2570362091064453
INFO:trainer_layer_backward:2.526521682739258
INFO:trainer_layer_backward:2.859354019165039
INFO:trainer_layer_backward:2.755880355834961
INFO:trainer_layer_backward:4.129886627197266
INFO:trainer_layer_backward:3.319978713989258
INFO:trainer_layer_backward:3.3245086669921875
INFO:trainer_layer_backward:3.056049346923828
INFO:trainer_layer_backward:3.040790557861328
INFO:trainer_layer_backward:2.735137939453125
INFO:trainer_layer_backward:2.8073787689208984
INFO:trainer_layer_backward:5.356788635253906
INFO:trainer_layer_backward:3.645181655883789
INFO:trainer_layer_backward:4.253864288330078
INFO:trainer_layer_backward:2.6400089263916016
INFO:trainer_layer_backward:2.9146671295166016
INFO:trainer_layer_backward:3.0074119567871094
INFO:trainer_layer_backward:3.238677978515625
INFO:trainer_layer_backward:3.1037330627441406
INFO:trainer_layer_backward:8.477210998535156
INFO:trainer_layer_backward:5.969524383544922
INFO:trainer_layer_backward:2.8412342071533203
INFO:trainer_layer_backward:3.935575485229492
INFO:trainer_layer_backward:2.903461456298828
INFO:trainer_layer_backward:3.0660629272460938
INFO:trainer_layer_backward:2.8274059295654297
INFO:trainer_layer_backward:3.9751529693603516
INFO:trainer_layer_backward:4.674673080444336
INFO:trainer_layer_backward:4.1179656982421875
INFO:trainer_layer_backward:3.4546852111816406
INFO:trainer_layer_backward:4.339933395385742
INFO:trainer_layer_backward:2.9745101928710938
INFO:trainer_layer_backward:3.5817623138427734
INFO:trainer_layer_backward:3.6520957946777344
INFO:trainer_layer_backward:5.549192428588867
INFO:trainer_layer_backward:3.2105445861816406
INFO:trainer_layer_backward:3.3807754516601562
INFO:trainer_layer_backward:2.9439926147460938
INFO:trainer_layer_backward:3.371000289916992
INFO:trainer_layer_backward:3.039121627807617
INFO:trainer_layer_backward:3.1168460845947266
INFO:trainer_layer_backward:4.596948623657227
INFO:trainer_layer_backward:2.7687549591064453
INFO:trainer_layer_backward:2.6006698608398438
INFO:trainer_layer_backward:3.5696029663085938
INFO:trainer_layer_backward:3.2761096954345703
INFO:trainer_layer_backward:3.115415573120117
INFO:trainer_layer_backward:3.459930419921875
INFO:trainer_layer_backward:3.3409595489501953
INFO:trainer_layer_backward:4.2400360107421875
INFO:trainer_layer_backward:4.793405532836914
INFO:trainer_layer_backward:3.44085693359375
INFO:trainer_layer_backward:5.563020706176758
INFO:trainer_layer_backward:3.198862075805664
INFO:trainer_layer_backward:3.0133724212646484
INFO:trainer_layer_backward:2.8312206268310547
INFO:trainer_layer_backward:3.0167102813720703
INFO:trainer_layer_backward:8.643150329589844
INFO:trainer_layer_backward:2.833127975463867
INFO:trainer_layer_backward:2.924203872680664
INFO:trainer_layer_backward:4.567623138427734
INFO:trainer_layer_backward:3.2939910888671875
INFO:trainer_layer_backward:3.5753250122070312
INFO:trainer_layer_backward:3.6046504974365234
INFO:trainer_layer_backward:4.498481750488281
INFO:trainer_layer_backward:3.9865970611572266
INFO:trainer_layer_backward:3.187417984008789
INFO:trainer_layer_backward:3.2720565795898438
INFO:trainer_layer_backward:2.593517303466797
INFO:trainer_layer_backward:2.700328826904297
INFO:trainer_layer_backward:3.061056137084961
INFO:trainer_layer_backward:2.7163028717041016
INFO:trainer_layer_backward:2.9795169830322266
INFO:trainer_layer_backward:5.440473556518555
INFO:trainer_layer_backward:3.005504608154297
INFO:trainer_layer_backward:4.909992218017578
INFO:trainer_layer_backward:3.008604049682617
INFO:trainer_layer_backward:3.2150745391845703
INFO:trainer_layer_backward:2.7060508728027344
INFO:trainer_layer_backward:3.5207271575927734
INFO:trainer_layer_backward:4.313230514526367
INFO:trainer_layer_backward:2.9549598693847656
INFO:trainer_layer_backward:4.024028778076172
INFO:trainer_layer_backward:3.8022994995117188
INFO:trainer_layer_backward:4.670858383178711
INFO:trainer_layer_backward:2.6640892028808594
INFO:trainer_layer_backward:3.759145736694336
INFO:trainer_layer_backward:5.1174163818359375
INFO:trainer_layer_backward:3.216981887817383
INFO:trainer_layer_backward:3.2367706298828125
INFO:trainer_layer_backward:3.453493118286133
INFO:trainer_layer_backward:3.2486915588378906
INFO:trainer_layer_backward:2.779722213745117
INFO:trainer_layer_backward:3.489971160888672
INFO:trainer_layer_backward:2.764463424682617
INFO:trainer_layer_backward:3.261566162109375
INFO:trainer_layer_backward:2.851724624633789
INFO:trainer_layer_backward:2.9866695404052734
INFO:trainer_layer_backward:3.727436065673828
INFO:trainer_layer_backward:3.300189971923828
INFO:trainer_layer_backward:3.1473636627197266
INFO:trainer_layer_backward:2.8755664825439453
INFO:trainer_layer_backward:3.2541751861572266
INFO:trainer_layer_backward:3.179788589477539
INFO:trainer_layer_backward:3.2629966735839844
INFO:trainer_layer_backward:3.5066604614257812
INFO:trainer_layer_backward:2.893209457397461
INFO:trainer_layer_backward:4.372119903564453
INFO:trainer_layer_backward:3.2176971435546875
INFO:trainer_layer_backward:2.876758575439453
INFO:trainer_layer_backward:3.1163692474365234
INFO:trainer_layer_backward:3.1783580780029297
INFO:trainer_layer_backward:3.0977725982666016
INFO:trainer_layer_backward:2.963542938232422
INFO:trainer_layer_backward:3.6063194274902344
INFO:trainer_layer_backward:3.0596256256103516
INFO:trainer_layer_backward:2.7594566345214844
INFO:trainer_layer_backward:3.5741329193115234
INFO:trainer_layer_backward:3.5552978515625
INFO:trainer_layer_backward:2.889394760131836
INFO:trainer_layer_backward:2.8188228607177734
INFO:trainer_layer_backward:2.4297237396240234
INFO:trainer_layer_backward:3.0891895294189453
INFO:trainer_layer_backward:2.585887908935547
INFO:trainer_layer_backward:2.6082992553710938
INFO:trainer_layer_backward:3.2036304473876953
INFO:trainer_layer_backward:2.9144287109375
INFO:trainer_layer_backward:8.322477340698242
INFO:trainer_layer_backward:3.2608509063720703
INFO:trainer_layer_backward:3.5583972930908203
INFO:trainer_layer_backward:3.2122135162353516
INFO:trainer_layer_backward:3.1397342681884766
INFO:trainer_layer_backward:3.7860870361328125
INFO:trainer_layer_backward:3.10516357421875
INFO:trainer_layer_backward:3.3762454986572266
INFO:trainer_layer_backward:2.6268959045410156
INFO:trainer_layer_backward:2.7077198028564453
INFO:trainer_layer_backward:2.8319358825683594
INFO:trainer_layer_backward:2.963542938232422
INFO:trainer_layer_backward:2.9230117797851562
INFO:trainer_layer_backward:2.980470657348633
INFO:trainer_layer_backward:2.848386764526367
INFO:trainer_layer_backward:3.086566925048828
INFO:trainer_layer_backward:3.515481948852539
INFO:trainer_layer_backward:3.065824508666992
INFO:trainer_layer_backward:3.4477710723876953
INFO:trainer_layer_backward:3.258228302001953
INFO:trainer_layer_backward:3.393888473510742
INFO:trainer_layer_backward:3.7240982055664062
INFO:trainer_layer_backward:3.020048141479492
INFO:trainer_layer_backward:2.896547317504883
INFO:trainer_layer_backward:3.3583641052246094
INFO:trainer_layer_backward:3.5009384155273438
INFO:trainer_layer_backward:3.0808448791503906
INFO:trainer_layer_backward:3.1232833862304688
INFO:trainer_layer_backward:2.8874874114990234
INFO:trainer_layer_backward:2.918720245361328
INFO:trainer_layer_backward:2.9304027557373047
INFO:trainer_layer_backward:3.4923553466796875
INFO:trainer_layer_backward:3.2196044921875
INFO:trainer_layer_backward:2.9296875
INFO:trainer_layer_backward:3.2842159271240234
INFO:trainer_layer_backward:4.573583602905273
INFO:trainer_layer_backward:2.980947494506836
INFO:trainer_layer_backward:4.03141975402832
INFO:trainer_layer_backward:3.3502578735351562
INFO:trainer_layer_backward:5.3386688232421875
INFO:trainer_layer_backward:3.141641616821289
INFO:trainer_layer_backward:3.1175613403320312
INFO:trainer_layer_backward:2.744436264038086
INFO:trainer_layer_backward:3.5691261291503906
INFO:trainer_layer_backward:2.6340484619140625
INFO:trainer_layer_backward:3.339529037475586
INFO:trainer_layer_backward:3.0112266540527344
INFO:trainer_layer_backward:3.2320022583007812
INFO:trainer_layer_backward:3.3397674560546875
INFO:trainer_layer_backward:4.596710205078125
INFO:trainer_layer_backward:4.7740936279296875
INFO:trainer_layer_backward:3.6602020263671875
INFO:trainer_layer_backward:3.0193328857421875
INFO:trainer_layer_backward:2.9075145721435547
INFO:trainer_layer_backward:5.531072616577148
INFO:trainer_layer_backward:2.531290054321289
INFO:trainer_layer_backward:3.2083988189697266
INFO:trainer_layer_backward:2.797365188598633
INFO:trainer_layer_backward:2.5582313537597656
INFO:trainer_layer_backward:2.6361942291259766
INFO:trainer_layer_backward:2.693653106689453
INFO:trainer_layer_backward:2.608060836791992
INFO:trainer_layer_backward:2.41851806640625
INFO:trainer_layer_backward:2.4068355560302734
INFO:trainer_layer_backward:2.766132354736328
INFO:trainer_layer_backward:3.7064552307128906
INFO:trainer_layer_backward:2.6640892028808594
INFO:trainer_layer_backward:2.592802047729492
INFO:trainer_layer_backward:3.134489059448242
INFO:trainer_layer_backward:2.9468536376953125
INFO:trainer_layer_backward:2.802610397338867
INFO:trainer_layer_backward:2.656698226928711
INFO:trainer_layer_backward:4.065275192260742
INFO:trainer_layer_backward:4.070758819580078
INFO:trainer_layer_backward:2.907276153564453
INFO:trainer_layer_backward:3.3159255981445312
INFO:trainer_layer_backward:5.889177322387695
INFO:trainer_layer_backward:3.426790237426758
INFO:trainer_layer_backward:7.9441070556640625
INFO:trainer_layer_backward:3.145933151245117
INFO:trainer_layer_backward:3.1969547271728516
INFO:trainer_layer_backward:3.141164779663086
INFO:trainer_layer_backward:3.3147335052490234
INFO:trainer_layer_backward:2.7620792388916016
INFO:trainer_layer_backward:2.428770065307617
INFO:trainer_layer_backward:3.0782222747802734
INFO:trainer_layer_backward:7.411956787109375
INFO:trainer_layer_backward:3.4601688385009766
INFO:trainer_layer_backward:2.583026885986328
INFO:trainer_layer_backward:2.9671192169189453
INFO:trainer_layer_backward:3.457307815551758
INFO:trainer_layer_backward:4.060268402099609
INFO:trainer_layer_backward:3.311634063720703
INFO:trainer_layer_backward:2.701282501220703
INFO:trainer_layer_backward:2.813100814819336
INFO:trainer_layer_backward:4.20379638671875
INFO:trainer_layer_backward:3.0312538146972656
INFO:trainer_layer_backward:2.8421878814697266
INFO:trainer_layer_backward:3.646373748779297
INFO:trainer_layer_backward:3.185272216796875
INFO:trainer_layer_backward:3.0145645141601562
INFO:trainer_layer_backward:4.3735504150390625
INFO:trainer_layer_backward:2.9861927032470703
INFO:trainer_layer_backward:4.129648208618164
INFO:trainer_layer_backward:3.2422542572021484
INFO:trainer_layer_backward:3.2634735107421875
INFO:trainer_layer_backward:3.2091140747070312
INFO:trainer_layer_backward:3.106832504272461
INFO:trainer_layer_backward:3.2999515533447266
INFO:trainer_layer_backward:3.251791000366211
INFO:trainer_layer_backward:3.267049789428711
INFO:trainer_layer_backward:3.3075809478759766
INFO:trainer_layer_backward:4.074811935424805
INFO:trainer_layer_backward:2.9900074005126953
INFO:trainer_layer_backward:3.136157989501953
INFO:trainer_layer_backward:2.74658203125
INFO:trainer_layer_backward:3.0846595764160156
INFO:trainer_layer_backward:3.8957595825195312
INFO:trainer_layer_backward:3.6144256591796875
INFO:trainer_layer_backward:3.1991004943847656
INFO:trainer_layer_backward:3.8352012634277344
INFO:trainer_layer_backward:2.9892921447753906
INFO:trainer_layer_backward:3.703594207763672
INFO:trainer_layer_backward:3.376483917236328
INFO:trainer_layer_backward:3.3974647521972656
INFO:trainer_layer_backward:2.943277359008789
INFO:trainer_layer_backward:3.521442413330078
INFO:trainer_layer_backward:2.804279327392578
INFO:trainer_layer_backward:2.8400421142578125
INFO:trainer_layer_backward:2.652406692504883
INFO:trainer_layer_backward:3.387928009033203
INFO:trainer_layer_backward:4.563331604003906
INFO:trainer_layer_backward:2.748250961303711
INFO:trainer_layer_backward:3.075122833251953
INFO:trainer_layer_backward:4.049062728881836
INFO:trainer_layer_backward:6.603002548217773
INFO:trainer_layer_backward:3.718137741088867
INFO:trainer_layer_backward:3.435850143432617
INFO:trainer_layer_backward:3.0159950256347656
INFO:trainer_layer_backward:3.7958621978759766
INFO:trainer_layer_backward:4.0721893310546875
INFO:trainer_layer_backward:7.289648056030273
INFO:trainer_layer_backward:3.2224655151367188
INFO:trainer_layer_backward:2.638578414916992
INFO:trainer_layer_backward:2.9611587524414062
INFO:trainer_layer_backward:3.4093856811523438
INFO:trainer_layer_backward:3.7746429443359375
INFO:trainer_layer_backward:2.8257369995117188
INFO:trainer_layer_backward:2.607583999633789
INFO:trainer_layer_backward:3.4532546997070312
INFO:trainer_layer_backward:2.872467041015625
INFO:trainer_layer_backward:3.5734176635742188
INFO:trainer_layer_backward:3.248453140258789
INFO:trainer_layer_backward:3.4384727478027344
INFO:trainer_layer_backward:3.2410621643066406
INFO:trainer_layer_backward:3.34930419921875
INFO:trainer_layer_backward:2.918243408203125
INFO:trainer_layer_backward:3.2548904418945312
INFO:trainer_layer_backward:2.5429725646972656
INFO:trainer_layer_backward:2.7480125427246094
INFO:trainer_layer_backward:2.9456615447998047
INFO:trainer_layer_backward:2.778291702270508
INFO:trainer_layer_backward:2.5696754455566406
INFO:trainer_layer_backward:3.219127655029297
INFO:trainer_layer_backward:2.8409957885742188
INFO:trainer_layer_backward:2.8531551361083984
INFO:trainer_layer_backward:3.2777786254882812
INFO:trainer_layer_backward:3.1862258911132812
INFO:trainer_layer_backward:3.1800270080566406
INFO:trainer_layer_backward:3.1082630157470703
INFO:trainer_layer_backward:5.173444747924805
INFO:trainer_layer_backward:2.6378631591796875
INFO:trainer_layer_backward:4.2724609375
INFO:trainer_layer_backward:4.244565963745117
INFO:trainer_layer_backward:2.953767776489258
INFO:trainer_layer_backward:3.1599998474121094
INFO:trainer_layer_backward:2.5072097778320312
INFO:trainer_layer_backward:2.8018951416015625
INFO:trainer_layer_backward:2.742290496826172
INFO:trainer_layer_backward:3.2744407653808594
INFO:trainer_layer_backward:4.099369049072266
INFO:trainer_layer_backward:3.4027099609375
INFO:trainer_layer_backward:2.918720245361328
INFO:trainer_layer_backward:2.4068355560302734
INFO:trainer_layer_backward:2.4526119232177734
INFO:trainer_layer_backward:2.7608871459960938
INFO:trainer_layer_backward:2.7883052825927734
INFO:trainer_layer_backward:4.0798187255859375
INFO:trainer_layer_backward:2.928495407104492
INFO:trainer_layer_backward:2.6445388793945312
INFO:trainer_layer_backward:2.6743412017822266
INFO:trainer_layer_backward:2.6640892028808594
INFO:trainer_layer_backward:2.709627151489258
INFO:trainer_layer_backward:2.900838851928711
INFO:trainer_layer_backward:2.682209014892578
INFO:trainer_layer_backward:2.664804458618164
INFO:trainer_layer_backward:2.6755332946777344
INFO:trainer_layer_backward:2.962827682495117
INFO:trainer_layer_backward:2.775907516479492
INFO:trainer_layer_backward:2.55584716796875
INFO:trainer_layer_backward:3.058910369873047
INFO:trainer_layer_backward:3.1630992889404297
INFO:trainer_layer_backward:2.685546875
INFO:trainer_layer_backward:2.7675628662109375
INFO:trainer_layer_backward:2.9599666595458984
INFO:trainer_layer_backward:3.3111572265625
INFO:trainer_layer_backward:3.9627552032470703
INFO:trainer_layer_backward:2.9976367950439453
INFO:trainer_layer_backward:3.009796142578125
INFO:trainer_layer_backward:2.611398696899414
INFO:trainer_layer_backward:3.0333995819091797
INFO:trainer_layer_backward:3.2579898834228516
INFO:trainer_layer_backward:3.0908584594726562
INFO:trainer_layer_backward:3.1974315643310547
INFO:trainer_layer_backward:2.580881118774414
INFO:trainer_layer_backward:2.447843551635742
INFO:trainer_layer_backward:7.920265197753906
INFO:trainer_layer_backward:3.6940574645996094
INFO:trainer_layer_backward:3.186941146850586
INFO:trainer_layer_backward:3.1244754791259766
INFO:trainer_layer_backward:2.8162002563476562
INFO:trainer_layer_backward:2.5827884674072266
INFO:trainer_layer_backward:2.965211868286133
INFO:trainer_layer_backward:3.0455589294433594
INFO:trainer_layer_backward:2.797842025756836
INFO:trainer_layer_backward:2.695798873901367
INFO:trainer_layer_backward:3.6230087280273438
INFO:trainer_layer_backward:3.5674571990966797
INFO:trainer_layer_backward:2.783060073852539
INFO:trainer_layer_backward:2.5663375854492188
INFO:trainer_layer_backward:3.087282180786133
INFO:trainer_layer_backward:2.569437026977539
INFO:trainer_layer_backward:2.8142929077148438
INFO:trainer_layer_backward:2.5587081909179688
INFO:trainer_layer_backward:2.9566287994384766
INFO:trainer_layer_backward:2.8486251831054688
INFO:trainer_layer_backward:2.6481151580810547
INFO:trainer_layer_backward:6.60395622253418
INFO:trainer_layer_backward:2.90679931640625
INFO:trainer_layer_backward:3.0896663665771484
INFO:trainer_layer_backward:5.677938461303711
INFO:trainer_layer_backward:3.566265106201172
INFO:trainer_layer_backward:4.983186721801758
INFO:trainer_layer_backward:3.123760223388672
INFO:trainer_layer_backward:3.2682418823242188
INFO:trainer_layer_backward:2.9938220977783203
INFO:trainer_layer_backward:2.7647018432617188
INFO:trainer_layer_backward:2.588510513305664
INFO:trainer_layer_backward:3.41796875
INFO:trainer_layer_backward:3.226757049560547
INFO:trainer_layer_backward:4.738330841064453
INFO:trainer_layer_backward:4.415750503540039
INFO:trainer_layer_backward:3.666400909423828
INFO:trainer_layer_backward:3.7550926208496094
INFO:trainer_layer_backward:2.702474594116211
INFO:trainer_layer_backward:2.910614013671875
INFO:trainer_layer_backward:4.223108291625977
INFO:trainer_layer_backward:4.182338714599609
INFO:trainer_layer_backward:2.9087066650390625
INFO:trainer_layer_backward:2.9358863830566406
INFO:trainer_layer_backward:3.4782886505126953
INFO:trainer_layer_backward:3.2889842987060547
INFO:trainer_layer_backward:3.138303756713867
INFO:trainer_layer_backward:5.038261413574219
INFO:trainer_layer_backward:2.959012985229492
INFO:trainer_layer_backward:2.9115676879882812
INFO:trainer_layer_backward:3.0028820037841797
INFO:trainer_layer_backward:3.3130645751953125
INFO:trainer_layer_backward:2.8378963470458984
INFO:trainer_layer_backward:3.371000289916992
INFO:trainer_layer_backward:5.541801452636719
INFO:trainer_layer_backward:2.892017364501953
INFO:trainer_layer_backward:2.8183460235595703
INFO:trainer_layer_backward:3.000497817993164
INFO:trainer_layer_backward:4.328727722167969
INFO:trainer_layer_backward:3.7529468536376953
INFO:trainer_layer_backward:2.9637813568115234
INFO:trainer_layer_backward:3.9534568786621094
INFO:trainer_layer_backward:3.1974315643310547
INFO:trainer_layer_backward:3.068208694458008
INFO:trainer_layer_backward:3.076791763305664
INFO:trainer_layer_backward:2.4700164794921875
INFO:trainer_layer_backward:2.6938915252685547
INFO:trainer_layer_backward:2.5565624237060547
INFO:trainer_layer_backward:2.7463436126708984
INFO:trainer_layer_backward:4.42814826965332
INFO:trainer_layer_backward:2.9065608978271484
INFO:trainer_layer_backward:2.445220947265625
INFO:trainer_layer_backward:2.9115676879882812
INFO:trainer_layer_backward:2.896547317504883
INFO:trainer_layer_backward:3.8118362426757812
INFO:trainer_layer_backward:2.6955604553222656
INFO:trainer_layer_backward:3.1762123107910156
INFO:trainer_layer_backward:2.74658203125
INFO:trainer_layer_backward:3.1490325927734375
INFO:trainer_layer_backward:3.1158924102783203
INFO:trainer_layer_backward:3.0808448791503906
INFO:trainer_layer_backward:3.201007843017578
INFO:trainer_layer_backward:3.214597702026367
INFO:trainer_layer_backward:3.0012130737304688
INFO:trainer_layer_backward:3.065347671508789
INFO:trainer_layer_backward:3.2567977905273438
INFO:trainer_layer_backward:3.616809844970703
INFO:trainer_layer_backward:3.484487533569336
INFO:trainer_layer_backward:3.3881664276123047
INFO:trainer_layer_backward:4.160165786743164
INFO:trainer_layer_backward:2.6941299438476562
INFO:trainer_layer_backward:4.714012145996094
INFO:trainer_layer_backward:3.180980682373047
INFO:trainer_layer_backward:3.374338150024414
INFO:trainer_layer_backward:4.18853759765625
INFO:trainer_layer_backward:2.7663707733154297
INFO:trainer_layer_backward:3.1740665435791016
INFO:trainer_layer_backward:3.3447742462158203
INFO:trainer_layer_backward:3.717184066772461
INFO:trainer_layer_backward:3.144502639770508
INFO:trainer_layer_backward:2.9795169830322266
INFO:trainer_layer_backward:3.1290054321289062
INFO:trainer_layer_backward:2.743244171142578
INFO:trainer_layer_backward:3.104686737060547
INFO:trainer_layer_backward:2.7756690979003906
INFO:trainer_layer_backward:2.8738975524902344
INFO:trainer_layer_backward:2.6788711547851562
INFO:trainer_layer_backward:2.524137496948242
INFO:trainer_layer_backward:2.9211044311523438
INFO:trainer_layer_backward:2.5682449340820312
INFO:trainer_layer_backward:2.7608871459960938
INFO:trainer_layer_backward:2.753734588623047
INFO:trainer_layer_backward:3.9391517639160156
INFO:trainer_layer_backward:4.309415817260742
INFO:trainer_layer_backward:3.3915042877197266
INFO:trainer_layer_backward:4.511594772338867
INFO:trainer_layer_backward:3.0469894409179688
INFO:trainer_layer_backward:4.592180252075195
INFO:trainer_layer_backward:2.7933120727539062
INFO:trainer_layer_backward:3.019571304321289
INFO:trainer_layer_backward:5.446195602416992
INFO:trainer_layer_backward:2.858400344848633
INFO:trainer_layer_backward:7.991552352905273
INFO:trainer_layer_backward:7.77745246887207
INFO:trainer_layer_backward:2.6667118072509766
INFO:trainer_layer_backward:3.2286643981933594
INFO:trainer_layer_backward:3.1197071075439453
INFO:trainer_layer_backward:3.155231475830078
INFO:trainer_layer_backward:2.9418468475341797
INFO:trainer_layer_backward:2.870798110961914
INFO:trainer_layer_backward:3.4170150756835938
INFO:trainer_layer_backward:2.6874542236328125
INFO:trainer_layer_backward:2.671480178833008
INFO:trainer_layer_backward:3.0531883239746094
INFO:trainer_layer_backward:2.807140350341797
INFO:trainer_layer_backward:2.6564598083496094
INFO:trainer_layer_backward:3.3888816833496094
INFO:trainer_layer_backward:4.225730895996094
INFO:trainer_layer_backward:3.045320510864258
INFO:trainer_layer_backward:2.9296875
INFO:trainer_layer_backward:3.5829544067382812
INFO:trainer_layer_backward:3.1201839447021484
INFO:trainer_layer_backward:3.5216808319091797
INFO:trainer_layer_backward:2.4394989013671875
INFO:trainer_layer_backward:4.267692565917969
INFO:trainer_layer_backward:3.1969547271728516
INFO:trainer_layer_backward:3.9534568786621094
INFO:trainer_layer_backward:3.223896026611328
INFO:trainer_layer_backward:4.217624664306641
INFO:trainer_layer_backward:4.512548446655273
INFO:trainer_layer_backward:3.452777862548828
INFO:trainer_layer_backward:3.4644603729248047
INFO:trainer_layer_backward:3.0117034912109375
INFO:trainer_layer_backward:5.528450012207031
INFO:trainer_layer_backward:3.4334659576416016
INFO:trainer_layer_backward:3.0770301818847656
INFO:trainer_layer_backward:5.003690719604492
INFO:trainer_layer_backward:3.2024383544921875
INFO:trainer_layer_backward:4.599094390869141
INFO:trainer_layer_backward:2.923250198364258
INFO:trainer_layer_backward:2.752542495727539
INFO:trainer_layer_backward:2.7518272399902344
INFO:trainer_layer_backward:3.209829330444336
INFO:trainer_layer_backward:2.8150081634521484
INFO:trainer_layer_backward:2.8073787689208984
INFO:trainer_layer_backward:2.7544498443603516
INFO:trainer_layer_backward:4.363536834716797
INFO:trainer_layer_backward:4.364728927612305
INFO:trainer_layer_backward:3.880739212036133
INFO:trainer_layer_backward:3.6551952362060547
INFO:trainer_layer_backward:4.61268424987793
INFO:trainer_layer_backward:3.6191940307617188
INFO:trainer_layer_backward:2.5453567504882812
INFO:trainer_layer_backward:2.5773048400878906
INFO:trainer_layer_backward:2.662181854248047
INFO:trainer_layer_backward:3.5474300384521484
INFO:trainer_layer_backward:3.4847259521484375
INFO:trainer_layer_backward:3.3369064331054688
INFO:trainer_layer_backward:3.149747848510742
INFO:trainer_layer_backward:3.228902816772461
INFO:trainer_layer_backward:3.2432079315185547
INFO:trainer_layer_backward:3.6301612854003906
INFO:trainer_layer_backward:4.079103469848633
INFO:trainer_layer_backward:4.346609115600586
INFO:trainer_layer_backward:3.998994827270508
INFO:trainer_layer_backward:3.8869380950927734
INFO:trainer_layer_backward:7.72404670715332
INFO:trainer_layer_backward:2.7561187744140625
INFO:trainer_layer_backward:3.1347274780273438
INFO:trainer_layer_backward:2.807140350341797
INFO:trainer_layer_backward:3.4265518188476562
INFO:trainer_layer_backward:7.512807846069336
INFO:trainer_layer_backward:3.500223159790039
INFO:trainer_layer_backward:3.117084503173828
INFO:trainer_layer_backward:4.472017288208008
INFO:trainer_layer_backward:3.547191619873047
INFO:trainer_layer_backward:3.2820701599121094
INFO:trainer_layer_backward:3.2405853271484375
INFO:trainer_layer_backward:2.6013851165771484
INFO:trainer_layer_backward:3.069162368774414
INFO:trainer_layer_backward:3.0655860900878906
INFO:trainer_layer_backward:4.279851913452148
INFO:trainer_layer_backward:2.990245819091797
INFO:trainer_layer_backward:2.8581619262695312
INFO:trainer_layer_backward:2.627134323120117
INFO:trainer_layer_backward:2.658367156982422
INFO:trainer_layer_backward:2.6786327362060547
INFO:trainer_layer_backward:2.7506351470947266
INFO:trainer_layer_backward:2.816915512084961
INFO:trainer_layer_backward:2.634286880493164
INFO:trainer_layer_backward:3.3121109008789062
INFO:trainer_layer_backward:3.359556198120117
INFO:trainer_layer_backward:3.416299819946289
INFO:trainer_layer_backward:2.8536319732666016
INFO:trainer_layer_backward:3.545999526977539
INFO:trainer_layer_backward:2.9163360595703125
INFO:trainer_layer_backward:2.9251575469970703
INFO:trainer_layer_backward:3.214120864868164
INFO:trainer_layer_backward:3.4193992614746094
INFO:trainer_layer_backward:3.05938720703125
INFO:trainer_layer_backward:3.381013870239258
INFO:trainer_layer_backward:2.895355224609375
INFO:trainer_layer_backward:4.590749740600586
INFO:trainer_layer_backward:4.194736480712891
INFO:trainer_layer_backward:3.2889842987060547
INFO:trainer_layer_backward:4.630804061889648
INFO:trainer_layer_backward:2.5887489318847656
INFO:trainer_layer_backward:2.769947052001953
INFO:trainer_layer_backward:2.779722213745117
INFO:trainer_layer_backward:3.4253597259521484
INFO:trainer_layer_backward:3.8428306579589844
INFO:trainer_layer_backward:2.928018569946289
INFO:trainer_layer_backward:2.434968948364258
INFO:trainer_layer_backward:2.476215362548828
INFO:trainer_layer_backward:5.4492950439453125
INFO:trainer_layer_backward:3.2668113708496094
INFO:trainer_layer_backward:2.567768096923828
INFO:trainer_layer_backward:2.8035640716552734
INFO:trainer_layer_backward:2.8378963470458984
INFO:trainer_layer_backward:3.096342086791992
INFO:trainer_layer_backward:3.098726272583008
INFO:trainer_layer_backward:2.7916431427001953
INFO:trainer_layer_backward:5.252361297607422
INFO:trainer_layer_backward:2.8345584869384766
INFO:trainer_layer_backward:2.8314590454101562
INFO:trainer_layer_backward:2.8154850006103516
INFO:trainer_layer_backward:4.342079162597656
INFO:trainer_layer_backward:3.742218017578125
INFO:trainer_layer_backward:2.914905548095703
INFO:trainer_layer_backward:2.531290054321289
INFO:trainer_layer_backward:2.9299259185791016
INFO:trainer_layer_backward:3.3638477325439453
INFO:trainer_layer_backward:3.623485565185547
INFO:trainer_layer_backward:4.04667854309082
INFO:trainer_layer_backward:3.2765865325927734
INFO:trainer_layer_backward:2.6082992553710938
INFO:trainer_layer_backward:3.2646656036376953
INFO:trainer_layer_backward:5.728721618652344
INFO:trainer_layer_backward:3.1778812408447266
INFO:trainer_layer_backward:3.4542083740234375
INFO:trainer_layer_backward:3.197908401489258
INFO:trainer_layer_backward:2.6710033416748047
INFO:trainer_layer_backward:3.1065940856933594
INFO:trainer_layer_backward:4.784345626831055
INFO:trainer_layer_backward:4.59599494934082
INFO:trainer_layer_backward:2.8705596923828125
INFO:trainer_layer_backward:2.535104751586914
INFO:trainer_layer_backward:2.8867721557617188
INFO:trainer_layer_backward:3.011941909790039
INFO:trainer_layer_backward:3.068685531616211
INFO:trainer_layer_backward:3.1249523162841797
