INFO:trainer_layer_backward:FFT_CNNEx | mnist
INFO:trainer_layer_backward:in_size : 1024 | epochs : 1 | batch : 1
INFO:trainer_layer_backward:kernel_l1 : 513 | kernel_l2 : 257 | kernel_l3 : 129 
INFO:trainer_layer_backward:o_channels_l1 : 5 | o_channels_l2 : 5 | o_channels_l3 : 5 
INFO:trainer_layer_backward:learn_num_train : 1000 | learn_num_validate : 0 
INFO:trainer_layer_backward::::::::::::::::::::::::::::::::::::::::::::::::::::::::::::
INFO:trainer_layer_backward:message : FFT_conv1 
INFO:trainer_layer_backward::::::::::::::::::::::::::::::::::::::::::::::::::::::::::::
INFO:trainer_layer_backward:Ave_Time : 40.40809929972947
INFO:trainer_layer_backward::::::::::::::::::::::::::::::::::::::::::::::::::::::::::::
INFO:trainer_layer_backward:40.45987129211426
INFO:trainer_layer_backward:40.51327705383301
INFO:trainer_layer_backward:40.67730903625488
INFO:trainer_layer_backward:39.88146781921387
INFO:trainer_layer_backward:41.0761833190918
INFO:trainer_layer_backward:41.68415069580078
INFO:trainer_layer_backward:42.58084297180176
INFO:trainer_layer_backward:40.019989013671875
INFO:trainer_layer_backward:41.818857192993164
INFO:trainer_layer_backward:41.30244255065918
INFO:trainer_layer_backward:40.572166442871094
INFO:trainer_layer_backward:38.76018524169922
INFO:trainer_layer_backward:42.116641998291016
INFO:trainer_layer_backward:40.738582611083984
INFO:trainer_layer_backward:41.799306869506836
INFO:trainer_layer_backward:41.29481315612793
INFO:trainer_layer_backward:40.47822952270508
INFO:trainer_layer_backward:42.62995719909668
INFO:trainer_layer_backward:41.84603691101074
INFO:trainer_layer_backward:39.83783721923828
INFO:trainer_layer_backward:42.87981986999512
INFO:trainer_layer_backward:41.60475730895996
INFO:trainer_layer_backward:40.37809371948242
INFO:trainer_layer_backward:41.99028015136719
INFO:trainer_layer_backward:41.57853126525879
INFO:trainer_layer_backward:39.86978530883789
INFO:trainer_layer_backward:42.79756546020508
INFO:trainer_layer_backward:41.37086868286133
INFO:trainer_layer_backward:40.28797149658203
INFO:trainer_layer_backward:42.28401184082031
INFO:trainer_layer_backward:40.75908660888672
INFO:trainer_layer_backward:41.63360595703125
INFO:trainer_layer_backward:41.8851375579834
INFO:trainer_layer_backward:40.493011474609375
INFO:trainer_layer_backward:39.96992111206055
INFO:trainer_layer_backward:41.54038429260254
INFO:trainer_layer_backward:41.2144660949707
INFO:trainer_layer_backward:41.74232482910156
INFO:trainer_layer_backward:37.71710395812988
INFO:trainer_layer_backward:38.16032409667969
INFO:trainer_layer_backward:42.491912841796875
INFO:trainer_layer_backward:40.72713851928711
INFO:trainer_layer_backward:40.170907974243164
INFO:trainer_layer_backward:40.67873954772949
INFO:trainer_layer_backward:39.00337219238281
INFO:trainer_layer_backward:40.26365280151367
INFO:trainer_layer_backward:40.518760681152344
INFO:trainer_layer_backward:40.26532173156738
INFO:trainer_layer_backward:40.79794883728027
INFO:trainer_layer_backward:40.708303451538086
INFO:trainer_layer_backward:43.33901405334473
INFO:trainer_layer_backward:41.007280349731445
INFO:trainer_layer_backward:38.6962890625
INFO:trainer_layer_backward:41.13125801086426
INFO:trainer_layer_backward:38.110971450805664
INFO:trainer_layer_backward:39.45279121398926
INFO:trainer_layer_backward:40.05765914916992
INFO:trainer_layer_backward:42.31119155883789
INFO:trainer_layer_backward:38.942813873291016
INFO:trainer_layer_backward:39.594173431396484
INFO:trainer_layer_backward:41.48674011230469
INFO:trainer_layer_backward:39.82043266296387
INFO:trainer_layer_backward:41.09668731689453
INFO:trainer_layer_backward:40.13228416442871
INFO:trainer_layer_backward:39.33429718017578
INFO:trainer_layer_backward:42.64426231384277
INFO:trainer_layer_backward:41.0158634185791
INFO:trainer_layer_backward:41.53943061828613
INFO:trainer_layer_backward:39.03698921203613
INFO:trainer_layer_backward:40.764808654785156
INFO:trainer_layer_backward:41.0158634185791
INFO:trainer_layer_backward:38.73252868652344
INFO:trainer_layer_backward:39.45183753967285
INFO:trainer_layer_backward:39.099693298339844
INFO:trainer_layer_backward:40.58265686035156
INFO:trainer_layer_backward:40.89069366455078
INFO:trainer_layer_backward:42.08827018737793
INFO:trainer_layer_backward:40.45391082763672
INFO:trainer_layer_backward:38.68532180786133
INFO:trainer_layer_backward:42.56558418273926
INFO:trainer_layer_backward:41.00227355957031
INFO:trainer_layer_backward:39.83497619628906
INFO:trainer_layer_backward:40.38405418395996
INFO:trainer_layer_backward:39.53671455383301
INFO:trainer_layer_backward:40.38286209106445
INFO:trainer_layer_backward:41.5797233581543
INFO:trainer_layer_backward:40.22789001464844
INFO:trainer_layer_backward:41.00465774536133
INFO:trainer_layer_backward:39.0167236328125
INFO:trainer_layer_backward:39.77012634277344
INFO:trainer_layer_backward:41.14866256713867
INFO:trainer_layer_backward:40.006399154663086
INFO:trainer_layer_backward:39.764404296875
INFO:trainer_layer_backward:39.984941482543945
INFO:trainer_layer_backward:39.86501693725586
INFO:trainer_layer_backward:40.541887283325195
INFO:trainer_layer_backward:38.97237777709961
INFO:trainer_layer_backward:42.30237007141113
INFO:trainer_layer_backward:41.329383850097656
INFO:trainer_layer_backward:39.84379768371582
INFO:trainer_layer_backward:40.802717208862305
INFO:trainer_layer_backward:38.12289237976074
INFO:trainer_layer_backward:41.700124740600586
INFO:trainer_layer_backward:39.122581481933594
INFO:trainer_layer_backward:40.364980697631836
INFO:trainer_layer_backward:40.84038734436035
INFO:trainer_layer_backward:38.863420486450195
INFO:trainer_layer_backward:41.609764099121094
INFO:trainer_layer_backward:40.60935974121094
INFO:trainer_layer_backward:40.05694389343262
INFO:trainer_layer_backward:42.54746437072754
INFO:trainer_layer_backward:40.326595306396484
INFO:trainer_layer_backward:41.98408126831055
INFO:trainer_layer_backward:54.40473556518555
INFO:trainer_layer_backward:40.99106788635254
INFO:trainer_layer_backward:40.55619239807129
INFO:trainer_layer_backward:40.52257537841797
INFO:trainer_layer_backward:41.764020919799805
INFO:trainer_layer_backward:40.85230827331543
INFO:trainer_layer_backward:40.873050689697266
INFO:trainer_layer_backward:40.71807861328125
INFO:trainer_layer_backward:39.05797004699707
INFO:trainer_layer_backward:38.90419006347656
INFO:trainer_layer_backward:41.65959358215332
INFO:trainer_layer_backward:40.62151908874512
INFO:trainer_layer_backward:41.07952117919922
INFO:trainer_layer_backward:39.71076011657715
INFO:trainer_layer_backward:40.42863845825195
INFO:trainer_layer_backward:38.93709182739258
INFO:trainer_layer_backward:40.543317794799805
INFO:trainer_layer_backward:41.09501838684082
INFO:trainer_layer_backward:38.51819038391113
INFO:trainer_layer_backward:40.651798248291016
INFO:trainer_layer_backward:41.7323112487793
INFO:trainer_layer_backward:39.62421417236328
INFO:trainer_layer_backward:41.45407676696777
INFO:trainer_layer_backward:38.05398941040039
INFO:trainer_layer_backward:39.940595626831055
INFO:trainer_layer_backward:40.79270362854004
INFO:trainer_layer_backward:40.74668884277344
INFO:trainer_layer_backward:42.91486740112305
INFO:trainer_layer_backward:40.9085750579834
INFO:trainer_layer_backward:38.980722427368164
INFO:trainer_layer_backward:41.09501838684082
INFO:trainer_layer_backward:40.195465087890625
INFO:trainer_layer_backward:40.09604454040527
INFO:trainer_layer_backward:40.24648666381836
INFO:trainer_layer_backward:40.29989242553711
INFO:trainer_layer_backward:41.26143455505371
INFO:trainer_layer_backward:40.485382080078125
INFO:trainer_layer_backward:41.39137268066406
INFO:trainer_layer_backward:41.10074043273926
INFO:trainer_layer_backward:38.11240196228027
INFO:trainer_layer_backward:40.99750518798828
INFO:trainer_layer_backward:41.26930236816406
INFO:trainer_layer_backward:39.77513313293457
INFO:trainer_layer_backward:39.86334800720215
INFO:trainer_layer_backward:40.155887603759766
INFO:trainer_layer_backward:42.30046272277832
INFO:trainer_layer_backward:40.23289680480957
INFO:trainer_layer_backward:40.52591323852539
INFO:trainer_layer_backward:41.394948959350586
INFO:trainer_layer_backward:40.14921188354492
INFO:trainer_layer_backward:38.67149353027344
INFO:trainer_layer_backward:39.6113395690918
INFO:trainer_layer_backward:38.543701171875
INFO:trainer_layer_backward:40.71664810180664
INFO:trainer_layer_backward:39.768218994140625
INFO:trainer_layer_backward:39.35813903808594
INFO:trainer_layer_backward:39.57629203796387
INFO:trainer_layer_backward:38.886308670043945
INFO:trainer_layer_backward:40.07458686828613
INFO:trainer_layer_backward:40.93813896179199
INFO:trainer_layer_backward:40.18211364746094
INFO:trainer_layer_backward:41.361093521118164
INFO:trainer_layer_backward:40.05837440490723
INFO:trainer_layer_backward:39.88504409790039
INFO:trainer_layer_backward:42.322635650634766
INFO:trainer_layer_backward:39.92295265197754
INFO:trainer_layer_backward:40.85278511047363
INFO:trainer_layer_backward:40.938377380371094
INFO:trainer_layer_backward:40.96388816833496
INFO:trainer_layer_backward:41.922807693481445
INFO:trainer_layer_backward:41.92924499511719
INFO:trainer_layer_backward:39.97659683227539
INFO:trainer_layer_backward:39.201974868774414
INFO:trainer_layer_backward:38.93113136291504
INFO:trainer_layer_backward:40.03620147705078
INFO:trainer_layer_backward:44.255971908569336
INFO:trainer_layer_backward:40.76218605041504
INFO:trainer_layer_backward:41.881561279296875
INFO:trainer_layer_backward:40.59648513793945
INFO:trainer_layer_backward:40.12441635131836
INFO:trainer_layer_backward:40.19474983215332
INFO:trainer_layer_backward:40.753841400146484
INFO:trainer_layer_backward:39.113759994506836
INFO:trainer_layer_backward:41.411638259887695
INFO:trainer_layer_backward:42.15216636657715
INFO:trainer_layer_backward:39.97015953063965
INFO:trainer_layer_backward:40.45724868774414
INFO:trainer_layer_backward:41.62883758544922
INFO:trainer_layer_backward:39.33978080749512
INFO:trainer_layer_backward:38.8491153717041
INFO:trainer_layer_backward:40.30609130859375
INFO:trainer_layer_backward:40.14730453491211
INFO:trainer_layer_backward:40.0996208190918
INFO:trainer_layer_backward:38.274288177490234
INFO:trainer_layer_backward:40.13657569885254
INFO:trainer_layer_backward:41.07809066772461
INFO:trainer_layer_backward:39.98517990112305
INFO:trainer_layer_backward:38.98930549621582
INFO:trainer_layer_backward:40.54403305053711
INFO:trainer_layer_backward:40.30323028564453
INFO:trainer_layer_backward:40.756940841674805
INFO:trainer_layer_backward:40.27581214904785
INFO:trainer_layer_backward:39.859771728515625
INFO:trainer_layer_backward:40.399789810180664
INFO:trainer_layer_backward:38.87581825256348
INFO:trainer_layer_backward:39.59226608276367
INFO:trainer_layer_backward:40.53211212158203
INFO:trainer_layer_backward:40.76814651489258
INFO:trainer_layer_backward:40.86875915527344
INFO:trainer_layer_backward:39.97397422790527
INFO:trainer_layer_backward:42.56629943847656
INFO:trainer_layer_backward:40.52233695983887
INFO:trainer_layer_backward:39.70623016357422
INFO:trainer_layer_backward:40.16423225402832
INFO:trainer_layer_backward:40.595293045043945
INFO:trainer_layer_backward:41.93687438964844
INFO:trainer_layer_backward:39.240360260009766
INFO:trainer_layer_backward:40.221214294433594
INFO:trainer_layer_backward:40.87328910827637
INFO:trainer_layer_backward:39.93487358093262
INFO:trainer_layer_backward:39.624929428100586
INFO:trainer_layer_backward:40.291547775268555
INFO:trainer_layer_backward:40.89760780334473
INFO:trainer_layer_backward:42.395591735839844
INFO:trainer_layer_backward:40.006160736083984
INFO:trainer_layer_backward:40.68565368652344
INFO:trainer_layer_backward:40.57741165161133
INFO:trainer_layer_backward:39.91961479187012
INFO:trainer_layer_backward:41.13650321960449
INFO:trainer_layer_backward:39.07132148742676
INFO:trainer_layer_backward:40.35687446594238
INFO:trainer_layer_backward:38.70964050292969
INFO:trainer_layer_backward:41.31031036376953
INFO:trainer_layer_backward:39.884328842163086
INFO:trainer_layer_backward:40.62628746032715
INFO:trainer_layer_backward:40.39263725280762
INFO:trainer_layer_backward:39.31117057800293
INFO:trainer_layer_backward:38.31672668457031
INFO:trainer_layer_backward:40.58384895324707
INFO:trainer_layer_backward:40.77553749084473
INFO:trainer_layer_backward:40.91930389404297
INFO:trainer_layer_backward:40.31968116760254
INFO:trainer_layer_backward:40.56286811828613
INFO:trainer_layer_backward:40.910959243774414
INFO:trainer_layer_backward:39.16788101196289
INFO:trainer_layer_backward:42.57035255432129
INFO:trainer_layer_backward:42.2368049621582
INFO:trainer_layer_backward:40.220022201538086
INFO:trainer_layer_backward:40.56119918823242
INFO:trainer_layer_backward:41.201114654541016
INFO:trainer_layer_backward:40.68493843078613
INFO:trainer_layer_backward:38.78140449523926
INFO:trainer_layer_backward:39.20912742614746
INFO:trainer_layer_backward:41.79787635803223
INFO:trainer_layer_backward:40.804147720336914
INFO:trainer_layer_backward:40.8627986907959
INFO:trainer_layer_backward:41.64457321166992
INFO:trainer_layer_backward:40.69113731384277
INFO:trainer_layer_backward:40.677547454833984
INFO:trainer_layer_backward:39.786338806152344
INFO:trainer_layer_backward:40.09366035461426
INFO:trainer_layer_backward:41.48602485656738
INFO:trainer_layer_backward:40.36736488342285
INFO:trainer_layer_backward:41.17536544799805
INFO:trainer_layer_backward:39.321184158325195
INFO:trainer_layer_backward:42.39797592163086
INFO:trainer_layer_backward:41.17274284362793
INFO:trainer_layer_backward:38.2237434387207
INFO:trainer_layer_backward:40.387868881225586
INFO:trainer_layer_backward:39.68214988708496
INFO:trainer_layer_backward:40.36307334899902
INFO:trainer_layer_backward:37.519216537475586
INFO:trainer_layer_backward:40.22383689880371
INFO:trainer_layer_backward:40.483713150024414
INFO:trainer_layer_backward:41.49293899536133
INFO:trainer_layer_backward:40.91215133666992
INFO:trainer_layer_backward:40.27676582336426
INFO:trainer_layer_backward:38.1925106048584
INFO:trainer_layer_backward:40.06600379943848
INFO:trainer_layer_backward:41.31627082824707
INFO:trainer_layer_backward:41.419267654418945
INFO:trainer_layer_backward:40.99917411804199
INFO:trainer_layer_backward:41.669368743896484
INFO:trainer_layer_backward:41.92328453063965
INFO:trainer_layer_backward:40.009498596191406
INFO:trainer_layer_backward:42.17243194580078
INFO:trainer_layer_backward:42.00410842895508
INFO:trainer_layer_backward:40.400028228759766
INFO:trainer_layer_backward:41.410207748413086
INFO:trainer_layer_backward:43.36071014404297
INFO:trainer_layer_backward:41.00370407104492
INFO:trainer_layer_backward:40.780067443847656
INFO:trainer_layer_backward:42.03486442565918
INFO:trainer_layer_backward:40.157318115234375
INFO:trainer_layer_backward:42.36769676208496
INFO:trainer_layer_backward:41.89705848693848
INFO:trainer_layer_backward:40.30179977416992
INFO:trainer_layer_backward:41.455745697021484
INFO:trainer_layer_backward:41.36204719543457
INFO:trainer_layer_backward:40.52853584289551
INFO:trainer_layer_backward:43.33233833312988
INFO:trainer_layer_backward:40.76838493347168
INFO:trainer_layer_backward:40.68255424499512
INFO:trainer_layer_backward:42.49763488769531
INFO:trainer_layer_backward:40.921926498413086
INFO:trainer_layer_backward:38.445472717285156
INFO:trainer_layer_backward:41.96739196777344
INFO:trainer_layer_backward:40.63844680786133
INFO:trainer_layer_backward:38.67673873901367
INFO:trainer_layer_backward:40.79294204711914
INFO:trainer_layer_backward:40.61269760131836
INFO:trainer_layer_backward:41.300058364868164
INFO:trainer_layer_backward:40.10438919067383
INFO:trainer_layer_backward:41.76521301269531
INFO:trainer_layer_backward:40.111541748046875
INFO:trainer_layer_backward:39.56341743469238
INFO:trainer_layer_backward:38.50674629211426
INFO:trainer_layer_backward:40.37022590637207
INFO:trainer_layer_backward:42.165279388427734
INFO:trainer_layer_backward:40.59886932373047
INFO:trainer_layer_backward:41.468143463134766
INFO:trainer_layer_backward:41.48387908935547
INFO:trainer_layer_backward:40.27986526489258
INFO:trainer_layer_backward:39.97397422790527
INFO:trainer_layer_backward:41.211605072021484
INFO:trainer_layer_backward:39.31856155395508
INFO:trainer_layer_backward:41.45669937133789
INFO:trainer_layer_backward:40.53616523742676
INFO:trainer_layer_backward:39.708614349365234
INFO:trainer_layer_backward:41.90182685852051
INFO:trainer_layer_backward:39.50190544128418
INFO:trainer_layer_backward:37.49513626098633
INFO:trainer_layer_backward:40.36259651184082
INFO:trainer_layer_backward:41.70966148376465
INFO:trainer_layer_backward:40.21501541137695
INFO:trainer_layer_backward:42.299747467041016
INFO:trainer_layer_backward:40.82989692687988
INFO:trainer_layer_backward:38.294315338134766
INFO:trainer_layer_backward:41.56780242919922
INFO:trainer_layer_backward:41.532039642333984
INFO:trainer_layer_backward:40.55023193359375
INFO:trainer_layer_backward:41.28074645996094
INFO:trainer_layer_backward:37.928104400634766
INFO:trainer_layer_backward:40.146589279174805
INFO:trainer_layer_backward:41.50986671447754
INFO:trainer_layer_backward:40.72165489196777
INFO:trainer_layer_backward:38.99407386779785
INFO:trainer_layer_backward:38.73467445373535
INFO:trainer_layer_backward:40.33923149108887
INFO:trainer_layer_backward:39.35694694519043
INFO:trainer_layer_backward:38.88368606567383
INFO:trainer_layer_backward:41.405439376831055
INFO:trainer_layer_backward:39.83449935913086
INFO:trainer_layer_backward:40.51327705383301
INFO:trainer_layer_backward:40.08841514587402
INFO:trainer_layer_backward:42.63663291931152
INFO:trainer_layer_backward:40.20524024963379
INFO:trainer_layer_backward:39.910078048706055
INFO:trainer_layer_backward:39.80731964111328
INFO:trainer_layer_backward:40.929555892944336
INFO:trainer_layer_backward:40.13681411743164
INFO:trainer_layer_backward:38.808584213256836
INFO:trainer_layer_backward:42.09423065185547
INFO:trainer_layer_backward:40.20380973815918
INFO:trainer_layer_backward:38.561105728149414
INFO:trainer_layer_backward:39.01982307434082
INFO:trainer_layer_backward:40.59720039367676
INFO:trainer_layer_backward:40.14015197753906
INFO:trainer_layer_backward:41.56994819641113
INFO:trainer_layer_backward:40.460824966430664
INFO:trainer_layer_backward:40.56501388549805
INFO:trainer_layer_backward:39.366722106933594
INFO:trainer_layer_backward:40.8625602722168
INFO:trainer_layer_backward:39.752960205078125
INFO:trainer_layer_backward:41.11313819885254
INFO:trainer_layer_backward:40.573835372924805
INFO:trainer_layer_backward:38.22660446166992
INFO:trainer_layer_backward:40.89236259460449
INFO:trainer_layer_backward:40.89784622192383
INFO:trainer_layer_backward:40.26150703430176
INFO:trainer_layer_backward:38.46287727355957
INFO:trainer_layer_backward:39.32905197143555
INFO:trainer_layer_backward:40.16876220703125
INFO:trainer_layer_backward:41.94498062133789
INFO:trainer_layer_backward:40.06028175354004
INFO:trainer_layer_backward:40.17329216003418
INFO:trainer_layer_backward:40.616512298583984
INFO:trainer_layer_backward:41.99790954589844
INFO:trainer_layer_backward:39.80755805969238
INFO:trainer_layer_backward:41.08738899230957
INFO:trainer_layer_backward:39.0322208404541
INFO:trainer_layer_backward:41.07046127319336
INFO:trainer_layer_backward:40.41719436645508
INFO:trainer_layer_backward:40.892601013183594
INFO:trainer_layer_backward:40.83991050720215
INFO:trainer_layer_backward:39.87479209899902
INFO:trainer_layer_backward:38.96284103393555
INFO:trainer_layer_backward:39.74151611328125
INFO:trainer_layer_backward:41.7940616607666
INFO:trainer_layer_backward:43.2889461517334
INFO:trainer_layer_backward:41.20349884033203
INFO:trainer_layer_backward:39.14666175842285
INFO:trainer_layer_backward:43.69688034057617
INFO:trainer_layer_backward:38.681745529174805
INFO:trainer_layer_backward:41.228532791137695
INFO:trainer_layer_backward:39.884090423583984
INFO:trainer_layer_backward:40.72308540344238
INFO:trainer_layer_backward:40.5268669128418
INFO:trainer_layer_backward:39.67404365539551
INFO:trainer_layer_backward:41.48530960083008
INFO:trainer_layer_backward:38.86723518371582
INFO:trainer_layer_backward:38.07854652404785
INFO:trainer_layer_backward:40.10415077209473
INFO:trainer_layer_backward:39.51239585876465
INFO:trainer_layer_backward:40.82608222961426
INFO:trainer_layer_backward:40.268898010253906
INFO:trainer_layer_backward:40.20190238952637
INFO:trainer_layer_backward:39.69621658325195
INFO:trainer_layer_backward:41.463375091552734
INFO:trainer_layer_backward:40.43722152709961
INFO:trainer_layer_backward:40.03596305847168
INFO:trainer_layer_backward:40.398359298706055
INFO:trainer_layer_backward:39.48068618774414
INFO:trainer_layer_backward:40.08293151855469
INFO:trainer_layer_backward:40.39192199707031
INFO:trainer_layer_backward:41.751861572265625
INFO:trainer_layer_backward:37.442922592163086
INFO:trainer_layer_backward:40.625810623168945
INFO:trainer_layer_backward:41.725873947143555
INFO:trainer_layer_backward:40.98320007324219
INFO:trainer_layer_backward:40.14945030212402
INFO:trainer_layer_backward:41.10383987426758
INFO:trainer_layer_backward:39.97993469238281
INFO:trainer_layer_backward:41.707515716552734
INFO:trainer_layer_backward:41.9154167175293
INFO:trainer_layer_backward:40.29059410095215
INFO:trainer_layer_backward:41.28766059875488
INFO:trainer_layer_backward:41.185855865478516
INFO:trainer_layer_backward:40.678977966308594
INFO:trainer_layer_backward:42.761802673339844
INFO:trainer_layer_backward:40.41028022766113
INFO:trainer_layer_backward:40.28606414794922
INFO:trainer_layer_backward:42.046546936035156
INFO:trainer_layer_backward:41.99481010437012
INFO:trainer_layer_backward:40.438175201416016
INFO:trainer_layer_backward:40.71974754333496
INFO:trainer_layer_backward:42.24252700805664
INFO:trainer_layer_backward:40.755510330200195
INFO:trainer_layer_backward:39.40439224243164
INFO:trainer_layer_backward:41.333913803100586
INFO:trainer_layer_backward:39.82186317443848
INFO:trainer_layer_backward:41.34988784790039
INFO:trainer_layer_backward:40.637969970703125
INFO:trainer_layer_backward:40.8329963684082
INFO:trainer_layer_backward:41.222333908081055
INFO:trainer_layer_backward:39.388179779052734
INFO:trainer_layer_backward:40.90261459350586
INFO:trainer_layer_backward:39.25824165344238
INFO:trainer_layer_backward:39.25037384033203
INFO:trainer_layer_backward:38.489580154418945
INFO:trainer_layer_backward:39.22843933105469
INFO:trainer_layer_backward:40.62986373901367
INFO:trainer_layer_backward:42.209625244140625
INFO:trainer_layer_backward:40.48585891723633
INFO:trainer_layer_backward:39.635658264160156
INFO:trainer_layer_backward:40.46988487243652
INFO:trainer_layer_backward:40.06242752075195
INFO:trainer_layer_backward:42.250633239746094
INFO:trainer_layer_backward:41.0161018371582
INFO:trainer_layer_backward:40.979623794555664
INFO:trainer_layer_backward:38.92207145690918
INFO:trainer_layer_backward:40.91501235961914
INFO:trainer_layer_backward:40.116071701049805
INFO:trainer_layer_backward:41.23067855834961
INFO:trainer_layer_backward:39.85166549682617
INFO:trainer_layer_backward:39.64734077453613
INFO:trainer_layer_backward:39.4899845123291
INFO:trainer_layer_backward:41.136980056762695
INFO:trainer_layer_backward:41.481733322143555
INFO:trainer_layer_backward:38.47312927246094
INFO:trainer_layer_backward:41.7790412902832
INFO:trainer_layer_backward:39.69860076904297
INFO:trainer_layer_backward:40.05932807922363
INFO:trainer_layer_backward:40.5116081237793
INFO:trainer_layer_backward:39.99972343444824
INFO:trainer_layer_backward:41.46838188171387
INFO:trainer_layer_backward:41.213274002075195
INFO:trainer_layer_backward:40.5728816986084
INFO:trainer_layer_backward:40.918588638305664
INFO:trainer_layer_backward:40.76981544494629
INFO:trainer_layer_backward:41.52274131774902
INFO:trainer_layer_backward:39.084672927856445
INFO:trainer_layer_backward:37.66989707946777
INFO:trainer_layer_backward:40.67397117614746
INFO:trainer_layer_backward:39.02101516723633
INFO:trainer_layer_backward:41.19467735290527
INFO:trainer_layer_backward:41.33868217468262
INFO:trainer_layer_backward:39.77036476135254
INFO:trainer_layer_backward:38.88821601867676
INFO:trainer_layer_backward:42.02699661254883
INFO:trainer_layer_backward:40.89951515197754
INFO:trainer_layer_backward:40.349721908569336
INFO:trainer_layer_backward:39.556264877319336
INFO:trainer_layer_backward:41.013240814208984
INFO:trainer_layer_backward:39.791107177734375
INFO:trainer_layer_backward:40.345191955566406
INFO:trainer_layer_backward:39.74270820617676
INFO:trainer_layer_backward:38.22755813598633
INFO:trainer_layer_backward:39.80112075805664
INFO:trainer_layer_backward:40.98105430603027
INFO:trainer_layer_backward:40.006160736083984
INFO:trainer_layer_backward:40.51470756530762
INFO:trainer_layer_backward:38.91491889953613
INFO:trainer_layer_backward:42.2511100769043
INFO:trainer_layer_backward:39.875030517578125
INFO:trainer_layer_backward:40.31014442443848
INFO:trainer_layer_backward:42.18411445617676
INFO:trainer_layer_backward:40.47989845275879
INFO:trainer_layer_backward:39.75486755371094
INFO:trainer_layer_backward:42.22702980041504
INFO:trainer_layer_backward:40.992021560668945
INFO:trainer_layer_backward:40.186405181884766
INFO:trainer_layer_backward:39.872169494628906
INFO:trainer_layer_backward:40.16995429992676
INFO:trainer_layer_backward:38.45334053039551
INFO:trainer_layer_backward:42.86503791809082
INFO:trainer_layer_backward:41.53752326965332
INFO:trainer_layer_backward:40.63534736633301
INFO:trainer_layer_backward:41.324615478515625
INFO:trainer_layer_backward:42.125701904296875
INFO:trainer_layer_backward:39.792776107788086
INFO:trainer_layer_backward:41.96500778198242
INFO:trainer_layer_backward:39.82090950012207
INFO:trainer_layer_backward:41.25070571899414
INFO:trainer_layer_backward:40.45867919921875
INFO:trainer_layer_backward:40.72690010070801
INFO:trainer_layer_backward:40.740251541137695
INFO:trainer_layer_backward:40.79627990722656
INFO:trainer_layer_backward:39.704084396362305
INFO:trainer_layer_backward:40.87400436401367
INFO:trainer_layer_backward:38.16962242126465
INFO:trainer_layer_backward:41.863441467285156
INFO:trainer_layer_backward:40.2371883392334
INFO:trainer_layer_backward:38.63883018493652
INFO:trainer_layer_backward:40.70544242858887
INFO:trainer_layer_backward:41.63384437561035
INFO:trainer_layer_backward:41.140079498291016
INFO:trainer_layer_backward:39.66975212097168
INFO:trainer_layer_backward:40.2979850769043
INFO:trainer_layer_backward:40.42172431945801
INFO:trainer_layer_backward:39.40463066101074
INFO:trainer_layer_backward:39.946794509887695
INFO:trainer_layer_backward:39.13569450378418
INFO:trainer_layer_backward:39.30521011352539
INFO:trainer_layer_backward:40.169477462768555
INFO:trainer_layer_backward:40.56715965270996
INFO:trainer_layer_backward:40.081024169921875
INFO:trainer_layer_backward:40.3294563293457
INFO:trainer_layer_backward:38.98882865905762
INFO:trainer_layer_backward:42.180776596069336
INFO:trainer_layer_backward:40.162086486816406
INFO:trainer_layer_backward:39.58559036254883
INFO:trainer_layer_backward:39.5970344543457
INFO:trainer_layer_backward:39.65044021606445
INFO:trainer_layer_backward:39.95776176452637
INFO:trainer_layer_backward:42.4199104309082
INFO:trainer_layer_backward:38.66744041442871
INFO:trainer_layer_backward:40.76433181762695
INFO:trainer_layer_backward:41.245460510253906
INFO:trainer_layer_backward:39.7646427154541
INFO:trainer_layer_backward:41.71323776245117
INFO:trainer_layer_backward:39.13688659667969
INFO:trainer_layer_backward:41.15414619445801
INFO:trainer_layer_backward:37.90402412414551
INFO:trainer_layer_backward:38.433074951171875
INFO:trainer_layer_backward:39.888858795166016
INFO:trainer_layer_backward:42.839765548706055
INFO:trainer_layer_backward:41.32580757141113
INFO:trainer_layer_backward:41.38994216918945
INFO:trainer_layer_backward:42.10066795349121
INFO:trainer_layer_backward:41.37539863586426
INFO:trainer_layer_backward:40.29440879821777
INFO:trainer_layer_backward:38.788557052612305
INFO:trainer_layer_backward:40.00687599182129
INFO:trainer_layer_backward:39.09468650817871
INFO:trainer_layer_backward:41.26286506652832
INFO:trainer_layer_backward:39.78562355041504
INFO:trainer_layer_backward:40.4818058013916
INFO:trainer_layer_backward:39.91580009460449
INFO:trainer_layer_backward:39.66808319091797
INFO:trainer_layer_backward:37.6887321472168
INFO:trainer_layer_backward:39.9782657623291
INFO:trainer_layer_backward:42.17267036437988
INFO:trainer_layer_backward:40.9085750579834
INFO:trainer_layer_backward:40.93527793884277
INFO:trainer_layer_backward:41.46456718444824
INFO:trainer_layer_backward:39.66474533081055
INFO:trainer_layer_backward:41.14055633544922
INFO:trainer_layer_backward:40.172576904296875
INFO:trainer_layer_backward:41.1379337310791
INFO:trainer_layer_backward:41.40591621398926
INFO:trainer_layer_backward:39.55531120300293
INFO:trainer_layer_backward:39.807796478271484
INFO:trainer_layer_backward:39.52670097351074
INFO:trainer_layer_backward:38.843631744384766
INFO:trainer_layer_backward:39.40916061401367
INFO:trainer_layer_backward:40.21763801574707
INFO:trainer_layer_backward:42.66476631164551
INFO:trainer_layer_backward:41.390419006347656
INFO:trainer_layer_backward:39.11113739013672
INFO:trainer_layer_backward:40.54880142211914
INFO:trainer_layer_backward:39.69526290893555
INFO:trainer_layer_backward:39.370059967041016
INFO:trainer_layer_backward:39.710283279418945
INFO:trainer_layer_backward:41.27931594848633
INFO:trainer_layer_backward:40.91310501098633
INFO:trainer_layer_backward:40.528297424316406
INFO:trainer_layer_backward:40.444135665893555
INFO:trainer_layer_backward:40.38429260253906
INFO:trainer_layer_backward:41.14723205566406
INFO:trainer_layer_backward:40.13657569885254
INFO:trainer_layer_backward:37.802696228027344
INFO:trainer_layer_backward:42.17863082885742
INFO:trainer_layer_backward:41.17107391357422
INFO:trainer_layer_backward:40.53497314453125
INFO:trainer_layer_backward:41.37277603149414
INFO:trainer_layer_backward:40.96651077270508
INFO:trainer_layer_backward:40.411949157714844
INFO:trainer_layer_backward:39.971113204956055
INFO:trainer_layer_backward:40.08674621582031
INFO:trainer_layer_backward:42.41204261779785
INFO:trainer_layer_backward:39.02459144592285
INFO:trainer_layer_backward:40.31538963317871
INFO:trainer_layer_backward:40.0395393371582
INFO:trainer_layer_backward:39.95347023010254
INFO:trainer_layer_backward:39.804935455322266
INFO:trainer_layer_backward:37.811279296875
INFO:trainer_layer_backward:39.05653953552246
INFO:trainer_layer_backward:41.41592979431152
INFO:trainer_layer_backward:41.46695137023926
INFO:trainer_layer_backward:41.153907775878906
INFO:trainer_layer_backward:39.700984954833984
INFO:trainer_layer_backward:38.834333419799805
INFO:trainer_layer_backward:40.772199630737305
INFO:trainer_layer_backward:41.42475128173828
INFO:trainer_layer_backward:40.16566276550293
INFO:trainer_layer_backward:40.50779342651367
INFO:trainer_layer_backward:41.237831115722656
INFO:trainer_layer_backward:40.09866714477539
INFO:trainer_layer_backward:40.08793830871582
INFO:trainer_layer_backward:41.19300842285156
INFO:trainer_layer_backward:39.72673416137695
INFO:trainer_layer_backward:40.08316993713379
INFO:trainer_layer_backward:40.14134407043457
INFO:trainer_layer_backward:41.11313819885254
INFO:trainer_layer_backward:38.09928894042969
INFO:trainer_layer_backward:40.00234603881836
INFO:trainer_layer_backward:38.72942924499512
INFO:trainer_layer_backward:41.99647903442383
INFO:trainer_layer_backward:39.93034362792969
INFO:trainer_layer_backward:41.051626205444336
INFO:trainer_layer_backward:39.05296325683594
INFO:trainer_layer_backward:38.33818435668945
INFO:trainer_layer_backward:39.00313377380371
INFO:trainer_layer_backward:39.678096771240234
INFO:trainer_layer_backward:40.39740562438965
INFO:trainer_layer_backward:38.91801834106445
INFO:trainer_layer_backward:41.02373123168945
INFO:trainer_layer_backward:38.08116912841797
INFO:trainer_layer_backward:41.43500328063965
INFO:trainer_layer_backward:40.29369354248047
INFO:trainer_layer_backward:41.80312156677246
INFO:trainer_layer_backward:40.45867919921875
INFO:trainer_layer_backward:39.12973403930664
INFO:trainer_layer_backward:40.05289077758789
INFO:trainer_layer_backward:42.05965995788574
INFO:trainer_layer_backward:40.53187370300293
INFO:trainer_layer_backward:39.01553153991699
INFO:trainer_layer_backward:40.402889251708984
INFO:trainer_layer_backward:40.08340835571289
INFO:trainer_layer_backward:39.968013763427734
INFO:trainer_layer_backward:37.81700134277344
INFO:trainer_layer_backward:39.8249626159668
INFO:trainer_layer_backward:39.41607475280762
INFO:trainer_layer_backward:38.86055946350098
INFO:trainer_layer_backward:41.01133346557617
INFO:trainer_layer_backward:41.589975357055664
INFO:trainer_layer_backward:40.92884063720703
INFO:trainer_layer_backward:42.160987854003906
INFO:trainer_layer_backward:41.461944580078125
INFO:trainer_layer_backward:40.482282638549805
INFO:trainer_layer_backward:37.808895111083984
INFO:trainer_layer_backward:40.71187973022461
INFO:trainer_layer_backward:42.21963882446289
INFO:trainer_layer_backward:42.55795478820801
INFO:trainer_layer_backward:39.08109664916992
INFO:trainer_layer_backward:41.321516036987305
INFO:trainer_layer_backward:37.60838508605957
INFO:trainer_layer_backward:39.504289627075195
INFO:trainer_layer_backward:37.60027885437012
INFO:trainer_layer_backward:41.10264778137207
INFO:trainer_layer_backward:40.45844078063965
INFO:trainer_layer_backward:39.78729248046875
INFO:trainer_layer_backward:40.799856185913086
INFO:trainer_layer_backward:39.31307792663574
INFO:trainer_layer_backward:42.39034652709961
INFO:trainer_layer_backward:41.06950759887695
INFO:trainer_layer_backward:39.031982421875
INFO:trainer_layer_backward:39.05463218688965
INFO:trainer_layer_backward:40.65299034118652
INFO:trainer_layer_backward:40.31658172607422
INFO:trainer_layer_backward:40.34829139709473
INFO:trainer_layer_backward:39.06893730163574
INFO:trainer_layer_backward:39.98875617980957
INFO:trainer_layer_backward:39.894819259643555
INFO:trainer_layer_backward:41.089534759521484
INFO:trainer_layer_backward:38.446903228759766
INFO:trainer_layer_backward:41.214942932128906
INFO:trainer_layer_backward:40.5735969543457
INFO:trainer_layer_backward:40.18568992614746
INFO:trainer_layer_backward:38.10548782348633
INFO:trainer_layer_backward:39.69383239746094
INFO:trainer_layer_backward:41.298627853393555
INFO:trainer_layer_backward:40.73524475097656
INFO:trainer_layer_backward:38.92397880554199
INFO:trainer_layer_backward:41.38374328613281
INFO:trainer_layer_backward:39.84522819519043
INFO:trainer_layer_backward:41.10527038574219
INFO:trainer_layer_backward:39.543867111206055
INFO:trainer_layer_backward:42.062997817993164
INFO:trainer_layer_backward:40.25769233703613
INFO:trainer_layer_backward:39.575815200805664
INFO:trainer_layer_backward:39.624929428100586
INFO:trainer_layer_backward:38.864850997924805
INFO:trainer_layer_backward:39.09182548522949
INFO:trainer_layer_backward:40.06624221801758
INFO:trainer_layer_backward:39.42751884460449
INFO:trainer_layer_backward:40.23027420043945
INFO:trainer_layer_backward:38.81216049194336
INFO:trainer_layer_backward:40.470123291015625
INFO:trainer_layer_backward:40.26079177856445
INFO:trainer_layer_backward:39.02435302734375
INFO:trainer_layer_backward:42.62256622314453
INFO:trainer_layer_backward:39.362430572509766
INFO:trainer_layer_backward:41.016340255737305
INFO:trainer_layer_backward:39.87741470336914
INFO:trainer_layer_backward:40.31944274902344
INFO:trainer_layer_backward:39.89076614379883
INFO:trainer_layer_backward:38.572072982788086
INFO:trainer_layer_backward:40.041208267211914
INFO:trainer_layer_backward:38.339853286743164
INFO:trainer_layer_backward:40.95458984375
INFO:trainer_layer_backward:39.197444915771484
INFO:trainer_layer_backward:39.980411529541016
INFO:trainer_layer_backward:40.62390327453613
INFO:trainer_layer_backward:39.114952087402344
INFO:trainer_layer_backward:42.07468032836914
INFO:trainer_layer_backward:39.13569450378418
INFO:trainer_layer_backward:40.53616523742676
INFO:trainer_layer_backward:39.12949562072754
INFO:trainer_layer_backward:40.618896484375
INFO:trainer_layer_backward:38.94853591918945
INFO:trainer_layer_backward:40.389060974121094
INFO:trainer_layer_backward:40.29345512390137
INFO:trainer_layer_backward:39.632320404052734
INFO:trainer_layer_backward:41.05019569396973
INFO:trainer_layer_backward:38.5432243347168
INFO:trainer_layer_backward:38.858652114868164
INFO:trainer_layer_backward:41.33915901184082
INFO:trainer_layer_backward:39.17574882507324
INFO:trainer_layer_backward:39.73054885864258
INFO:trainer_layer_backward:42.13523864746094
INFO:trainer_layer_backward:40.14086723327637
INFO:trainer_layer_backward:41.136980056762695
INFO:trainer_layer_backward:41.269540786743164
INFO:trainer_layer_backward:39.82734680175781
INFO:trainer_layer_backward:40.45748710632324
INFO:trainer_layer_backward:42.24419593811035
INFO:trainer_layer_backward:40.62676429748535
INFO:trainer_layer_backward:41.23973846435547
INFO:trainer_layer_backward:40.69685935974121
INFO:trainer_layer_backward:38.494110107421875
INFO:trainer_layer_backward:40.26651382446289
INFO:trainer_layer_backward:39.55650329589844
INFO:trainer_layer_backward:41.38326644897461
INFO:trainer_layer_backward:41.29219055175781
INFO:trainer_layer_backward:41.11838340759277
INFO:trainer_layer_backward:40.93742370605469
INFO:trainer_layer_backward:39.404869079589844
INFO:trainer_layer_backward:40.54379463195801
INFO:trainer_layer_backward:39.807796478271484
INFO:trainer_layer_backward:38.693904876708984
INFO:trainer_layer_backward:40.04383087158203
INFO:trainer_layer_backward:39.99781608581543
INFO:trainer_layer_backward:40.61245918273926
INFO:trainer_layer_backward:40.28654098510742
INFO:trainer_layer_backward:40.40932655334473
INFO:trainer_layer_backward:39.3826961517334
INFO:trainer_layer_backward:38.36989402770996
INFO:trainer_layer_backward:39.18957710266113
INFO:trainer_layer_backward:40.68565368652344
INFO:trainer_layer_backward:42.64664649963379
INFO:trainer_layer_backward:41.40305519104004
INFO:trainer_layer_backward:37.650346755981445
INFO:trainer_layer_backward:40.95172882080078
INFO:trainer_layer_backward:39.56103324890137
INFO:trainer_layer_backward:40.958404541015625
INFO:trainer_layer_backward:39.10207748413086
INFO:trainer_layer_backward:42.04726219177246
INFO:trainer_layer_backward:39.032697677612305
INFO:trainer_layer_backward:40.79914093017578
INFO:trainer_layer_backward:39.415597915649414
INFO:trainer_layer_backward:40.64059257507324
INFO:trainer_layer_backward:38.84720802307129
INFO:trainer_layer_backward:39.7489070892334
INFO:trainer_layer_backward:39.15047645568848
INFO:trainer_layer_backward:40.70615768432617
INFO:trainer_layer_backward:38.191795349121094
INFO:trainer_layer_backward:40.093183517456055
INFO:trainer_layer_backward:41.31150245666504
INFO:trainer_layer_backward:42.099714279174805
INFO:trainer_layer_backward:40.94266891479492
INFO:trainer_layer_backward:39.1535758972168
INFO:trainer_layer_backward:40.6496524810791
INFO:trainer_layer_backward:39.66116905212402
INFO:trainer_layer_backward:40.853023529052734
INFO:trainer_layer_backward:39.926767349243164
INFO:trainer_layer_backward:42.47927665710449
INFO:trainer_layer_backward:41.7020320892334
INFO:trainer_layer_backward:40.58504104614258
INFO:trainer_layer_backward:37.66512870788574
INFO:trainer_layer_backward:40.89713096618652
INFO:trainer_layer_backward:40.27414321899414
INFO:trainer_layer_backward:39.24727439880371
INFO:trainer_layer_backward:40.0242805480957
INFO:trainer_layer_backward:39.907217025756836
INFO:trainer_layer_backward:39.48330879211426
INFO:trainer_layer_backward:41.285037994384766
INFO:trainer_layer_backward:39.77012634277344
INFO:trainer_layer_backward:41.355133056640625
INFO:trainer_layer_backward:41.08738899230957
INFO:trainer_layer_backward:39.44993019104004
INFO:trainer_layer_backward:40.96388816833496
INFO:trainer_layer_backward:40.09270668029785
INFO:trainer_layer_backward:40.606021881103516
INFO:trainer_layer_backward:41.64600372314453
INFO:trainer_layer_backward:39.67142105102539
INFO:trainer_layer_backward:39.97206687927246
INFO:trainer_layer_backward:40.31801223754883
INFO:trainer_layer_backward:40.552377700805664
INFO:trainer_layer_backward:38.352251052856445
INFO:trainer_layer_backward:41.29505157470703
INFO:trainer_layer_backward:40.87376594543457
INFO:trainer_layer_backward:39.8404598236084
INFO:trainer_layer_backward:38.704633712768555
INFO:trainer_layer_backward:41.23830795288086
INFO:trainer_layer_backward:39.54958915710449
INFO:trainer_layer_backward:40.91215133666992
INFO:trainer_layer_backward:39.139509201049805
INFO:trainer_layer_backward:40.970563888549805
INFO:trainer_layer_backward:40.04669189453125
INFO:trainer_layer_backward:40.111541748046875
INFO:trainer_layer_backward:40.384531021118164
INFO:trainer_layer_backward:38.674116134643555
INFO:trainer_layer_backward:39.83783721923828
INFO:trainer_layer_backward:38.431406021118164
INFO:trainer_layer_backward:38.820505142211914
INFO:trainer_layer_backward:39.75653648376465
INFO:trainer_layer_backward:40.59481620788574
INFO:trainer_layer_backward:39.876461029052734
INFO:trainer_layer_backward:40.688514709472656
INFO:trainer_layer_backward:40.34423828125
INFO:trainer_layer_backward:39.03841972351074
INFO:trainer_layer_backward:41.05949401855469
INFO:trainer_layer_backward:39.57629203796387
INFO:trainer_layer_backward:41.18537902832031
INFO:trainer_layer_backward:41.08238220214844
INFO:trainer_layer_backward:40.662288665771484
INFO:trainer_layer_backward:38.99383544921875
INFO:trainer_layer_backward:42.307138442993164
INFO:trainer_layer_backward:40.65203666687012
INFO:trainer_layer_backward:38.6197566986084
INFO:trainer_layer_backward:40.67277908325195
INFO:trainer_layer_backward:38.68746757507324
INFO:trainer_layer_backward:40.564537048339844
INFO:trainer_layer_backward:41.46695137023926
INFO:trainer_layer_backward:38.39373588562012
INFO:trainer_layer_backward:39.9777889251709
INFO:trainer_layer_backward:40.065765380859375
INFO:trainer_layer_backward:41.42284393310547
INFO:trainer_layer_backward:38.97237777709961
INFO:trainer_layer_backward:41.864871978759766
INFO:trainer_layer_backward:40.68112373352051
INFO:trainer_layer_backward:39.39366340637207
INFO:trainer_layer_backward:39.72148895263672
INFO:trainer_layer_backward:39.85309600830078
INFO:trainer_layer_backward:40.781497955322266
INFO:trainer_layer_backward:41.35489463806152
INFO:trainer_layer_backward:40.97747802734375
INFO:trainer_layer_backward:38.23280334472656
INFO:trainer_layer_backward:39.20769691467285
INFO:trainer_layer_backward:42.006492614746094
INFO:trainer_layer_backward:39.920806884765625
INFO:trainer_layer_backward:40.341854095458984
INFO:trainer_layer_backward:42.21153259277344
INFO:trainer_layer_backward:40.621042251586914
INFO:trainer_layer_backward:39.4594669342041
INFO:trainer_layer_backward:40.450334548950195
INFO:trainer_layer_backward:40.628910064697266
INFO:trainer_layer_backward:40.45605659484863
INFO:trainer_layer_backward:41.577816009521484
INFO:trainer_layer_backward:40.73667526245117
INFO:trainer_layer_backward:39.63422775268555
INFO:trainer_layer_backward:41.31937026977539
INFO:trainer_layer_backward:39.475202560424805
INFO:trainer_layer_backward:40.60029983520508
INFO:trainer_layer_backward:39.087772369384766
INFO:trainer_layer_backward:39.08109664916992
INFO:trainer_layer_backward:41.8848991394043
INFO:trainer_layer_backward:40.33970832824707
INFO:trainer_layer_backward:48.34175109863281
INFO:trainer_layer_backward:41.23115539550781
INFO:trainer_layer_backward:39.26897048950195
INFO:trainer_layer_backward:40.82655906677246
INFO:trainer_layer_backward:38.96760940551758
INFO:trainer_layer_backward:42.13762283325195
INFO:trainer_layer_backward:40.409088134765625
INFO:trainer_layer_backward:39.56770896911621
INFO:trainer_layer_backward:39.32070732116699
INFO:trainer_layer_backward:40.65203666687012
INFO:trainer_layer_backward:40.67397117614746
INFO:trainer_layer_backward:39.68238830566406
INFO:trainer_layer_backward:38.14530372619629
INFO:trainer_layer_backward:40.097951889038086
INFO:trainer_layer_backward:40.85254669189453
INFO:trainer_layer_backward:41.744232177734375
INFO:trainer_layer_backward:41.18061065673828
INFO:trainer_layer_backward:39.91532325744629
INFO:trainer_layer_backward:37.802934646606445
INFO:trainer_layer_backward:40.03190994262695
INFO:trainer_layer_backward:41.74923896789551
INFO:trainer_layer_backward:40.8480167388916
INFO:trainer_layer_backward:39.99471664428711
INFO:trainer_layer_backward:42.10972785949707
INFO:trainer_layer_backward:40.89617729187012
INFO:trainer_layer_backward:39.94941711425781
INFO:trainer_layer_backward:41.013479232788086
INFO:trainer_layer_backward:39.78848457336426
INFO:trainer_layer_backward:38.49315643310547
INFO:trainer_layer_backward:39.443016052246094
INFO:trainer_layer_backward:40.680885314941406
INFO:trainer_layer_backward:40.02809524536133
INFO:trainer_layer_backward:42.4196720123291
INFO:trainer_layer_backward:41.25690460205078
INFO:trainer_layer_backward:39.395809173583984
INFO:trainer_layer_backward:41.27049446105957
INFO:trainer_layer_backward:40.756940841674805
INFO:trainer_layer_backward:38.01584243774414
INFO:trainer_layer_backward:41.25165939331055
INFO:trainer_layer_backward:39.177656173706055
INFO:trainer_layer_backward:41.069984436035156
INFO:trainer_layer_backward:40.19451141357422
INFO:trainer_layer_backward:41.9313907623291
INFO:trainer_layer_backward:40.450334548950195
INFO:trainer_layer_backward:39.46566581726074
INFO:trainer_layer_backward:41.27073287963867
INFO:trainer_layer_backward:38.4676456451416
INFO:trainer_layer_backward:41.612863540649414
INFO:trainer_layer_backward:40.69972038269043
INFO:trainer_layer_backward:40.64583778381348
INFO:trainer_layer_backward:41.092634201049805
INFO:trainer_layer_backward:40.88902473449707
INFO:trainer_layer_backward:39.327144622802734
INFO:trainer_layer_backward:40.349483489990234
INFO:trainer_layer_backward:41.14484786987305
INFO:trainer_layer_backward:41.35847091674805
INFO:trainer_layer_backward:41.602373123168945
