INFO:trainer_layer_backward:FFT_CNNEx | mnist
INFO:trainer_layer_backward:in_size : 128 | epochs : 1 | batch : 1
INFO:trainer_layer_backward:kernel_l1 : 65 | kernel_l2 : 33 | kernel_l3 : 17 
INFO:trainer_layer_backward:o_channels_l1 : 5 | o_channels_l2 : 5 | o_channels_l3 : 5 
INFO:trainer_layer_backward:learn_num_train : 1000 | learn_num_validate : 0 
INFO:trainer_layer_backward::::::::::::::::::::::::::::::::::::::::::::::::::::::::::::
INFO:trainer_layer_backward:message : FFT_conv1 
INFO:trainer_layer_backward::::::::::::::::::::::::::::::::::::::::::::::::::::::::::::
INFO:trainer_layer_backward:Ave_Time : 3.1926858304726955
INFO:trainer_layer_backward::::::::::::::::::::::::::::::::::::::::::::::::::::::::::::
INFO:trainer_layer_backward:4.809856414794922
INFO:trainer_layer_backward:5.760431289672852
INFO:trainer_layer_backward:3.2339096069335938
INFO:trainer_layer_backward:2.515077590942383
INFO:trainer_layer_backward:3.4270286560058594
INFO:trainer_layer_backward:3.1189918518066406
INFO:trainer_layer_backward:2.9726028442382812
INFO:trainer_layer_backward:3.1404495239257812
INFO:trainer_layer_backward:2.9239654541015625
INFO:trainer_layer_backward:3.690958023071289
INFO:trainer_layer_backward:2.9382705688476562
INFO:trainer_layer_backward:2.7217864990234375
INFO:trainer_layer_backward:2.501964569091797
INFO:trainer_layer_backward:2.294778823852539
INFO:trainer_layer_backward:2.7027130126953125
INFO:trainer_layer_backward:4.135370254516602
INFO:trainer_layer_backward:2.701997756958008
INFO:trainer_layer_backward:4.244089126586914
INFO:trainer_layer_backward:3.335237503051758
INFO:trainer_layer_backward:3.4122467041015625
INFO:trainer_layer_backward:3.4716129302978516
INFO:trainer_layer_backward:3.3571720123291016
INFO:trainer_layer_backward:3.3261775970458984
INFO:trainer_layer_backward:5.165815353393555
INFO:trainer_layer_backward:2.926349639892578
INFO:trainer_layer_backward:3.4193992614746094
INFO:trainer_layer_backward:3.2296180725097656
INFO:trainer_layer_backward:3.4084320068359375
INFO:trainer_layer_backward:4.43720817565918
INFO:trainer_layer_backward:3.5505294799804688
INFO:trainer_layer_backward:3.8094520568847656
INFO:trainer_layer_backward:2.3043155670166016
INFO:trainer_layer_backward:3.0214786529541016
INFO:trainer_layer_backward:3.3826828002929688
INFO:trainer_layer_backward:3.1974315643310547
INFO:trainer_layer_backward:3.172636032104492
INFO:trainer_layer_backward:3.541707992553711
INFO:trainer_layer_backward:3.0984878540039062
INFO:trainer_layer_backward:2.3217201232910156
INFO:trainer_layer_backward:2.534627914428711
INFO:trainer_layer_backward:3.0753612518310547
INFO:trainer_layer_backward:3.5202503204345703
INFO:trainer_layer_backward:2.994537353515625
INFO:trainer_layer_backward:3.8504600524902344
INFO:trainer_layer_backward:4.835844039916992
INFO:trainer_layer_backward:3.3197402954101562
INFO:trainer_layer_backward:3.2160282135009766
INFO:trainer_layer_backward:4.184961318969727
INFO:trainer_layer_backward:4.837751388549805
INFO:trainer_layer_backward:3.9687156677246094
INFO:trainer_layer_backward:4.321813583374023
INFO:trainer_layer_backward:3.367900848388672
INFO:trainer_layer_backward:3.15093994140625
INFO:trainer_layer_backward:2.674579620361328
INFO:trainer_layer_backward:3.026247024536133
INFO:trainer_layer_backward:2.7854442596435547
INFO:trainer_layer_backward:2.8100013732910156
INFO:trainer_layer_backward:2.8982162475585938
INFO:trainer_layer_backward:2.2978782653808594
INFO:trainer_layer_backward:2.7616024017333984
INFO:trainer_layer_backward:2.101421356201172
INFO:trainer_layer_backward:2.9418468475341797
INFO:trainer_layer_backward:3.3903121948242188
INFO:trainer_layer_backward:3.8061141967773438
INFO:trainer_layer_backward:2.5229454040527344
INFO:trainer_layer_backward:7.369756698608398
INFO:trainer_layer_backward:3.92913818359375
INFO:trainer_layer_backward:4.400968551635742
INFO:trainer_layer_backward:2.949953079223633
INFO:trainer_layer_backward:3.248929977416992
INFO:trainer_layer_backward:3.708362579345703
INFO:trainer_layer_backward:3.522157669067383
INFO:trainer_layer_backward:4.191160202026367
INFO:trainer_layer_backward:4.105806350708008
INFO:trainer_layer_backward:3.190755844116211
INFO:trainer_layer_backward:3.248453140258789
INFO:trainer_layer_backward:5.059719085693359
INFO:trainer_layer_backward:3.9582252502441406
INFO:trainer_layer_backward:3.492116928100586
INFO:trainer_layer_backward:3.003358840942383
INFO:trainer_layer_backward:3.6344528198242188
INFO:trainer_layer_backward:3.5271644592285156
INFO:trainer_layer_backward:3.189563751220703
INFO:trainer_layer_backward:3.730297088623047
INFO:trainer_layer_backward:4.40526008605957
INFO:trainer_layer_backward:3.265857696533203
INFO:trainer_layer_backward:3.319978713989258
INFO:trainer_layer_backward:3.730297088623047
INFO:trainer_layer_backward:2.9745101928710938
INFO:trainer_layer_backward:2.131938934326172
INFO:trainer_layer_backward:3.638744354248047
INFO:trainer_layer_backward:4.446744918823242
INFO:trainer_layer_backward:3.793478012084961
INFO:trainer_layer_backward:5.341053009033203
INFO:trainer_layer_backward:3.1452178955078125
INFO:trainer_layer_backward:4.019975662231445
INFO:trainer_layer_backward:2.632617950439453
INFO:trainer_layer_backward:3.201007843017578
INFO:trainer_layer_backward:3.7343502044677734
INFO:trainer_layer_backward:2.6323795318603516
INFO:trainer_layer_backward:2.5446414947509766
INFO:trainer_layer_backward:3.5779476165771484
INFO:trainer_layer_backward:3.2939910888671875
INFO:trainer_layer_backward:2.408742904663086
INFO:trainer_layer_backward:2.465963363647461
INFO:trainer_layer_backward:4.149675369262695
INFO:trainer_layer_backward:2.699613571166992
INFO:trainer_layer_backward:2.521514892578125
INFO:trainer_layer_backward:3.735780715942383
INFO:trainer_layer_backward:4.185676574707031
INFO:trainer_layer_backward:3.5407543182373047
INFO:trainer_layer_backward:3.221273422241211
INFO:trainer_layer_backward:3.015279769897461
INFO:trainer_layer_backward:2.5398731231689453
INFO:trainer_layer_backward:2.841949462890625
INFO:trainer_layer_backward:3.6911964416503906
INFO:trainer_layer_backward:2.7093887329101562
INFO:trainer_layer_backward:2.9828548431396484
INFO:trainer_layer_backward:3.030061721801758
INFO:trainer_layer_backward:3.1397342681884766
INFO:trainer_layer_backward:2.727985382080078
INFO:trainer_layer_backward:3.8700103759765625
INFO:trainer_layer_backward:2.9959678649902344
INFO:trainer_layer_backward:3.0732154846191406
INFO:trainer_layer_backward:3.4482479095458984
INFO:trainer_layer_backward:3.061532974243164
INFO:trainer_layer_backward:3.0219554901123047
INFO:trainer_layer_backward:3.12042236328125
INFO:trainer_layer_backward:3.0291080474853516
INFO:trainer_layer_backward:2.8176307678222656
INFO:trainer_layer_backward:2.798795700073242
INFO:trainer_layer_backward:2.7816295623779297
INFO:trainer_layer_backward:2.4814605712890625
INFO:trainer_layer_backward:2.5849342346191406
INFO:trainer_layer_backward:2.530813217163086
INFO:trainer_layer_backward:2.4538040161132812
INFO:trainer_layer_backward:3.2558441162109375
INFO:trainer_layer_backward:3.586292266845703
INFO:trainer_layer_backward:4.309654235839844
INFO:trainer_layer_backward:3.4461021423339844
INFO:trainer_layer_backward:4.649639129638672
INFO:trainer_layer_backward:3.4410953521728516
INFO:trainer_layer_backward:3.139495849609375
INFO:trainer_layer_backward:3.057718276977539
INFO:trainer_layer_backward:2.7611255645751953
INFO:trainer_layer_backward:3.1118392944335938
INFO:trainer_layer_backward:3.367185592651367
INFO:trainer_layer_backward:2.9180049896240234
INFO:trainer_layer_backward:2.7146339416503906
INFO:trainer_layer_backward:2.690553665161133
INFO:trainer_layer_backward:2.7153491973876953
INFO:trainer_layer_backward:2.8154850006103516
INFO:trainer_layer_backward:3.0717849731445312
INFO:trainer_layer_backward:3.403186798095703
INFO:trainer_layer_backward:3.5800933837890625
INFO:trainer_layer_backward:3.177642822265625
INFO:trainer_layer_backward:2.4726390838623047
INFO:trainer_layer_backward:2.4933815002441406
INFO:trainer_layer_backward:2.6357173919677734
INFO:trainer_layer_backward:2.140045166015625
INFO:trainer_layer_backward:2.1224021911621094
INFO:trainer_layer_backward:2.918243408203125
INFO:trainer_layer_backward:3.354310989379883
INFO:trainer_layer_backward:3.0736923217773438
INFO:trainer_layer_backward:3.4711360931396484
INFO:trainer_layer_backward:3.590106964111328
INFO:trainer_layer_backward:2.3398399353027344
INFO:trainer_layer_backward:2.313852310180664
INFO:trainer_layer_backward:1.9850730895996094
INFO:trainer_layer_backward:3.0565261840820312
INFO:trainer_layer_backward:4.081964492797852
INFO:trainer_layer_backward:2.5708675384521484
INFO:trainer_layer_backward:4.172086715698242
INFO:trainer_layer_backward:4.375219345092773
INFO:trainer_layer_backward:3.9343833923339844
INFO:trainer_layer_backward:4.401683807373047
INFO:trainer_layer_backward:3.980875015258789
INFO:trainer_layer_backward:5.988597869873047
INFO:trainer_layer_backward:3.1540393829345703
INFO:trainer_layer_backward:2.5653839111328125
INFO:trainer_layer_backward:2.656698226928711
INFO:trainer_layer_backward:2.1271705627441406
INFO:trainer_layer_backward:2.9401779174804688
INFO:trainer_layer_backward:2.956390380859375
INFO:trainer_layer_backward:4.293203353881836
INFO:trainer_layer_backward:3.397703170776367
INFO:trainer_layer_backward:2.9659271240234375
INFO:trainer_layer_backward:3.0202865600585938
INFO:trainer_layer_backward:2.897977828979492
INFO:trainer_layer_backward:2.791881561279297
INFO:trainer_layer_backward:3.879070281982422
INFO:trainer_layer_backward:3.9818286895751953
INFO:trainer_layer_backward:2.747058868408203
INFO:trainer_layer_backward:2.7861595153808594
INFO:trainer_layer_backward:3.709077835083008
INFO:trainer_layer_backward:3.24249267578125
INFO:trainer_layer_backward:2.247333526611328
INFO:trainer_layer_backward:2.4666786193847656
INFO:trainer_layer_backward:2.5408267974853516
INFO:trainer_layer_backward:2.004384994506836
INFO:trainer_layer_backward:2.0399093627929688
INFO:trainer_layer_backward:2.134561538696289
INFO:trainer_layer_backward:2.6755332946777344
INFO:trainer_layer_backward:2.3260116577148438
INFO:trainer_layer_backward:2.2153854370117188
INFO:trainer_layer_backward:2.6955604553222656
INFO:trainer_layer_backward:2.5789737701416016
INFO:trainer_layer_backward:2.0754337310791016
INFO:trainer_layer_backward:2.0546913146972656
INFO:trainer_layer_backward:1.8911361694335938
INFO:trainer_layer_backward:3.7932395935058594
INFO:trainer_layer_backward:3.270864486694336
INFO:trainer_layer_backward:2.4194717407226562
INFO:trainer_layer_backward:2.928495407104492
INFO:trainer_layer_backward:2.4652481079101562
INFO:trainer_layer_backward:2.1648406982421875
INFO:trainer_layer_backward:2.859354019165039
INFO:trainer_layer_backward:4.4231414794921875
INFO:trainer_layer_backward:3.307819366455078
INFO:trainer_layer_backward:3.261089324951172
INFO:trainer_layer_backward:3.2835006713867188
INFO:trainer_layer_backward:2.8412342071533203
INFO:trainer_layer_backward:2.3157596588134766
INFO:trainer_layer_backward:3.738880157470703
INFO:trainer_layer_backward:3.1478404998779297
INFO:trainer_layer_backward:3.1473636627197266
INFO:trainer_layer_backward:2.783060073852539
INFO:trainer_layer_backward:2.269268035888672
INFO:trainer_layer_backward:2.932310104370117
INFO:trainer_layer_backward:3.343820571899414
INFO:trainer_layer_backward:2.5823116302490234
INFO:trainer_layer_backward:3.1082630157470703
INFO:trainer_layer_backward:2.0859241485595703
INFO:trainer_layer_backward:1.9567012786865234
INFO:trainer_layer_backward:3.149271011352539
INFO:trainer_layer_backward:4.555702209472656
INFO:trainer_layer_backward:4.072904586791992
INFO:trainer_layer_backward:2.927064895629883
INFO:trainer_layer_backward:3.661632537841797
INFO:trainer_layer_backward:2.8312206268310547
INFO:trainer_layer_backward:3.3757686614990234
INFO:trainer_layer_backward:4.160165786743164
INFO:trainer_layer_backward:3.3240318298339844
INFO:trainer_layer_backward:2.935171127319336
INFO:trainer_layer_backward:2.4514198303222656
INFO:trainer_layer_backward:2.9163360595703125
INFO:trainer_layer_backward:2.815723419189453
INFO:trainer_layer_backward:4.52423095703125
INFO:trainer_layer_backward:4.24957275390625
INFO:trainer_layer_backward:5.257844924926758
INFO:trainer_layer_backward:4.283428192138672
INFO:trainer_layer_backward:3.7279129028320312
INFO:trainer_layer_backward:5.9719085693359375
INFO:trainer_layer_backward:2.6009082794189453
INFO:trainer_layer_backward:2.310037612915039
INFO:trainer_layer_backward:2.9935836791992188
INFO:trainer_layer_backward:2.7446746826171875
INFO:trainer_layer_backward:4.036426544189453
INFO:trainer_layer_backward:3.1778812408447266
INFO:trainer_layer_backward:3.2837390899658203
INFO:trainer_layer_backward:5.050420761108398
INFO:trainer_layer_backward:2.4449825286865234
INFO:trainer_layer_backward:3.523111343383789
INFO:trainer_layer_backward:2.860546112060547
INFO:trainer_layer_backward:2.7170181274414062
INFO:trainer_layer_backward:2.2051334381103516
INFO:trainer_layer_backward:2.4602413177490234
INFO:trainer_layer_backward:3.2851696014404297
INFO:trainer_layer_backward:4.391670227050781
INFO:trainer_layer_backward:3.3385753631591797
INFO:trainer_layer_backward:3.183126449584961
INFO:trainer_layer_backward:2.9480457305908203
INFO:trainer_layer_backward:4.0225982666015625
INFO:trainer_layer_backward:5.063056945800781
INFO:trainer_layer_backward:4.794597625732422
INFO:trainer_layer_backward:3.574848175048828
INFO:trainer_layer_backward:2.4793148040771484
INFO:trainer_layer_backward:2.306699752807617
INFO:trainer_layer_backward:2.204418182373047
INFO:trainer_layer_backward:3.572702407836914
INFO:trainer_layer_backward:5.128622055053711
INFO:trainer_layer_backward:3.7004947662353516
INFO:trainer_layer_backward:3.4966468811035156
INFO:trainer_layer_backward:3.1599998474121094
INFO:trainer_layer_backward:2.6929378509521484
INFO:trainer_layer_backward:3.091573715209961
INFO:trainer_layer_backward:2.475738525390625
INFO:trainer_layer_backward:3.013134002685547
INFO:trainer_layer_backward:2.760171890258789
INFO:trainer_layer_backward:3.659963607788086
INFO:trainer_layer_backward:4.299640655517578
INFO:trainer_layer_backward:4.038572311401367
INFO:trainer_layer_backward:4.122495651245117
INFO:trainer_layer_backward:3.2558441162109375
INFO:trainer_layer_backward:2.0897388458251953
INFO:trainer_layer_backward:3.0019283294677734
INFO:trainer_layer_backward:3.4711360931396484
INFO:trainer_layer_backward:4.148244857788086
INFO:trainer_layer_backward:3.2796859741210938
INFO:trainer_layer_backward:4.079341888427734
INFO:trainer_layer_backward:3.429412841796875
INFO:trainer_layer_backward:2.2122859954833984
INFO:trainer_layer_backward:2.274036407470703
INFO:trainer_layer_backward:3.4742355346679688
INFO:trainer_layer_backward:2.5649070739746094
INFO:trainer_layer_backward:2.6586055755615234
INFO:trainer_layer_backward:3.5331249237060547
INFO:trainer_layer_backward:4.315614700317383
INFO:trainer_layer_backward:4.364013671875
INFO:trainer_layer_backward:3.3724308013916016
INFO:trainer_layer_backward:4.655122756958008
INFO:trainer_layer_backward:8.124828338623047
INFO:trainer_layer_backward:2.8040409088134766
INFO:trainer_layer_backward:2.794027328491211
INFO:trainer_layer_backward:2.528667449951172
INFO:trainer_layer_backward:3.4418106079101562
INFO:trainer_layer_backward:2.494335174560547
INFO:trainer_layer_backward:2.440214157104492
INFO:trainer_layer_backward:6.234407424926758
INFO:trainer_layer_backward:2.7751922607421875
INFO:trainer_layer_backward:3.702402114868164
INFO:trainer_layer_backward:3.695249557495117
INFO:trainer_layer_backward:3.345489501953125
INFO:trainer_layer_backward:2.2373199462890625
INFO:trainer_layer_backward:3.23486328125
INFO:trainer_layer_backward:3.623485565185547
INFO:trainer_layer_backward:4.163980484008789
INFO:trainer_layer_backward:3.062009811401367
INFO:trainer_layer_backward:2.775430679321289
INFO:trainer_layer_backward:2.2172927856445312
INFO:trainer_layer_backward:2.210855484008789
INFO:trainer_layer_backward:2.332925796508789
INFO:trainer_layer_backward:2.241373062133789
INFO:trainer_layer_backward:3.573179244995117
INFO:trainer_layer_backward:3.6873817443847656
INFO:trainer_layer_backward:3.5152435302734375
INFO:trainer_layer_backward:2.5289058685302734
INFO:trainer_layer_backward:2.630949020385742
INFO:trainer_layer_backward:2.7060508728027344
INFO:trainer_layer_backward:2.4056434631347656
INFO:trainer_layer_backward:3.3943653106689453
INFO:trainer_layer_backward:3.766775131225586
INFO:trainer_layer_backward:3.1998157501220703
INFO:trainer_layer_backward:3.7679672241210938
INFO:trainer_layer_backward:3.480195999145508
INFO:trainer_layer_backward:2.4678707122802734
INFO:trainer_layer_backward:2.543926239013672
INFO:trainer_layer_backward:2.9649734497070312
INFO:trainer_layer_backward:4.443645477294922
INFO:trainer_layer_backward:3.2198429107666016
INFO:trainer_layer_backward:3.634214401245117
INFO:trainer_layer_backward:3.1189918518066406
INFO:trainer_layer_backward:3.3066272735595703
INFO:trainer_layer_backward:2.986907958984375
INFO:trainer_layer_backward:2.849578857421875
INFO:trainer_layer_backward:2.681255340576172
INFO:trainer_layer_backward:4.60362434387207
INFO:trainer_layer_backward:3.367185592651367
INFO:trainer_layer_backward:3.1375885009765625
INFO:trainer_layer_backward:4.557132720947266
INFO:trainer_layer_backward:4.055500030517578
INFO:trainer_layer_backward:3.213167190551758
INFO:trainer_layer_backward:3.387928009033203
INFO:trainer_layer_backward:3.115415573120117
INFO:trainer_layer_backward:3.8056373596191406
INFO:trainer_layer_backward:6.251811981201172
INFO:trainer_layer_backward:3.4360885620117188
INFO:trainer_layer_backward:2.5637149810791016
INFO:trainer_layer_backward:3.1366348266601562
INFO:trainer_layer_backward:3.222942352294922
INFO:trainer_layer_backward:3.1838417053222656
INFO:trainer_layer_backward:3.338336944580078
INFO:trainer_layer_backward:2.750396728515625
INFO:trainer_layer_backward:3.4530162811279297
INFO:trainer_layer_backward:3.083944320678711
INFO:trainer_layer_backward:2.924680709838867
INFO:trainer_layer_backward:2.844572067260742
INFO:trainer_layer_backward:3.1092166900634766
INFO:trainer_layer_backward:3.3075809478759766
INFO:trainer_layer_backward:2.264261245727539
INFO:trainer_layer_backward:2.15911865234375
INFO:trainer_layer_backward:2.9935836791992188
INFO:trainer_layer_backward:3.338336944580078
INFO:trainer_layer_backward:4.71186637878418
INFO:trainer_layer_backward:3.340005874633789
INFO:trainer_layer_backward:3.069639205932617
INFO:trainer_layer_backward:3.2317638397216797
INFO:trainer_layer_backward:2.9010772705078125
INFO:trainer_layer_backward:3.2906532287597656
INFO:trainer_layer_backward:2.8579235076904297
INFO:trainer_layer_backward:3.460407257080078
INFO:trainer_layer_backward:2.5568008422851562
INFO:trainer_layer_backward:2.3920536041259766
INFO:trainer_layer_backward:4.368066787719727
INFO:trainer_layer_backward:4.599809646606445
INFO:trainer_layer_backward:3.8793087005615234
INFO:trainer_layer_backward:2.9001235961914062
INFO:trainer_layer_backward:2.9404163360595703
INFO:trainer_layer_backward:2.4313926696777344
INFO:trainer_layer_backward:2.288341522216797
INFO:trainer_layer_backward:2.974271774291992
INFO:trainer_layer_backward:2.155303955078125
INFO:trainer_layer_backward:1.9993782043457031
INFO:trainer_layer_backward:1.9824504852294922
INFO:trainer_layer_backward:3.1592845916748047
INFO:trainer_layer_backward:2.7456283569335938
INFO:trainer_layer_backward:4.087209701538086
INFO:trainer_layer_backward:4.521846771240234
INFO:trainer_layer_backward:3.452777862548828
INFO:trainer_layer_backward:3.721952438354492
INFO:trainer_layer_backward:3.4723281860351562
INFO:trainer_layer_backward:2.4192333221435547
INFO:trainer_layer_backward:1.993417739868164
INFO:trainer_layer_backward:1.9233226776123047
INFO:trainer_layer_backward:3.7689208984375
INFO:trainer_layer_backward:2.535581588745117
INFO:trainer_layer_backward:2.506732940673828
INFO:trainer_layer_backward:2.382040023803711
INFO:trainer_layer_backward:2.9189586639404297
INFO:trainer_layer_backward:2.266407012939453
INFO:trainer_layer_backward:2.0029544830322266
INFO:trainer_layer_backward:2.156972885131836
INFO:trainer_layer_backward:3.0281543731689453
INFO:trainer_layer_backward:3.2083988189697266
INFO:trainer_layer_backward:2.4399757385253906
INFO:trainer_layer_backward:3.1456947326660156
INFO:trainer_layer_backward:3.0884742736816406
INFO:trainer_layer_backward:2.7303695678710938
INFO:trainer_layer_backward:2.803802490234375
INFO:trainer_layer_backward:2.702951431274414
INFO:trainer_layer_backward:3.682374954223633
INFO:trainer_layer_backward:4.29081916809082
INFO:trainer_layer_backward:3.37982177734375
INFO:trainer_layer_backward:2.3071765899658203
INFO:trainer_layer_backward:2.4518966674804688
INFO:trainer_layer_backward:2.4504661560058594
INFO:trainer_layer_backward:2.0296573638916016
INFO:trainer_layer_backward:2.003908157348633
INFO:trainer_layer_backward:3.307819366455078
INFO:trainer_layer_backward:3.1218528747558594
INFO:trainer_layer_backward:2.788543701171875
INFO:trainer_layer_backward:3.27301025390625
INFO:trainer_layer_backward:5.454063415527344
INFO:trainer_layer_backward:2.9878616333007812
INFO:trainer_layer_backward:3.0868053436279297
INFO:trainer_layer_backward:11.04593276977539
INFO:trainer_layer_backward:2.375364303588867
INFO:trainer_layer_backward:2.1970272064208984
INFO:trainer_layer_backward:2.033710479736328
INFO:trainer_layer_backward:2.830982208251953
INFO:trainer_layer_backward:4.104375839233398
INFO:trainer_layer_backward:4.358053207397461
INFO:trainer_layer_backward:3.3621788024902344
INFO:trainer_layer_backward:3.226757049560547
INFO:trainer_layer_backward:2.5899410247802734
INFO:trainer_layer_backward:2.2759437561035156
INFO:trainer_layer_backward:2.9189586639404297
INFO:trainer_layer_backward:2.8960704803466797
INFO:trainer_layer_backward:2.949237823486328
INFO:trainer_layer_backward:5.205869674682617
INFO:trainer_layer_backward:2.8154850006103516
INFO:trainer_layer_backward:2.726316452026367
INFO:trainer_layer_backward:2.4557113647460938
INFO:trainer_layer_backward:2.378225326538086
INFO:trainer_layer_backward:2.2912025451660156
INFO:trainer_layer_backward:3.1888484954833984
INFO:trainer_layer_backward:3.612041473388672
INFO:trainer_layer_backward:3.4635066986083984
INFO:trainer_layer_backward:3.863096237182617
INFO:trainer_layer_backward:3.1850337982177734
INFO:trainer_layer_backward:2.214670181274414
INFO:trainer_layer_backward:3.0188560485839844
INFO:trainer_layer_backward:4.328012466430664
INFO:trainer_layer_backward:2.391338348388672
INFO:trainer_layer_backward:2.605915069580078
INFO:trainer_layer_backward:2.5691986083984375
INFO:trainer_layer_backward:4.064083099365234
INFO:trainer_layer_backward:2.419710159301758
INFO:trainer_layer_backward:2.4683475494384766
INFO:trainer_layer_backward:4.831075668334961
INFO:trainer_layer_backward:2.977609634399414
INFO:trainer_layer_backward:4.427909851074219
INFO:trainer_layer_backward:2.9039382934570312
INFO:trainer_layer_backward:6.208658218383789
INFO:trainer_layer_backward:2.665281295776367
INFO:trainer_layer_backward:2.2547245025634766
INFO:trainer_layer_backward:3.167867660522461
INFO:trainer_layer_backward:2.3491382598876953
INFO:trainer_layer_backward:3.3342838287353516
INFO:trainer_layer_backward:3.7107467651367188
INFO:trainer_layer_backward:2.67791748046875
INFO:trainer_layer_backward:2.3512840270996094
INFO:trainer_layer_backward:2.1131038665771484
INFO:trainer_layer_backward:1.9881725311279297
INFO:trainer_layer_backward:2.2559165954589844
INFO:trainer_layer_backward:3.1156539916992188
INFO:trainer_layer_backward:4.788398742675781
INFO:trainer_layer_backward:3.673076629638672
INFO:trainer_layer_backward:3.0210018157958984
INFO:trainer_layer_backward:2.6803016662597656
INFO:trainer_layer_backward:3.5092830657958984
INFO:trainer_layer_backward:3.0298233032226562
INFO:trainer_layer_backward:2.5000572204589844
INFO:trainer_layer_backward:2.6655197143554688
INFO:trainer_layer_backward:2.7878284454345703
INFO:trainer_layer_backward:3.7415027618408203
INFO:trainer_layer_backward:2.7327537536621094
INFO:trainer_layer_backward:4.194021224975586
INFO:trainer_layer_backward:2.6640892028808594
INFO:trainer_layer_backward:2.640962600708008
INFO:trainer_layer_backward:3.8950443267822266
INFO:trainer_layer_backward:11.94906234741211
INFO:trainer_layer_backward:2.4242401123046875
INFO:trainer_layer_backward:3.1974315643310547
INFO:trainer_layer_backward:2.4988651275634766
INFO:trainer_layer_backward:2.185821533203125
INFO:trainer_layer_backward:1.9633769989013672
INFO:trainer_layer_backward:3.7114620208740234
INFO:trainer_layer_backward:2.766132354736328
INFO:trainer_layer_backward:3.856182098388672
INFO:trainer_layer_backward:4.57763671875
INFO:trainer_layer_backward:3.5400390625
INFO:trainer_layer_backward:2.0821094512939453
INFO:trainer_layer_backward:2.399921417236328
INFO:trainer_layer_backward:2.8836727142333984
INFO:trainer_layer_backward:4.033565521240234
INFO:trainer_layer_backward:4.253387451171875
INFO:trainer_layer_backward:2.5403499603271484
INFO:trainer_layer_backward:2.4878978729248047
INFO:trainer_layer_backward:2.2242069244384766
INFO:trainer_layer_backward:2.1522045135498047
INFO:trainer_layer_backward:2.410888671875
INFO:trainer_layer_backward:2.412557601928711
INFO:trainer_layer_backward:3.548145294189453
INFO:trainer_layer_backward:2.3789405822753906
INFO:trainer_layer_backward:2.912282943725586
INFO:trainer_layer_backward:2.6569366455078125
INFO:trainer_layer_backward:2.2535324096679688
INFO:trainer_layer_backward:2.2263526916503906
INFO:trainer_layer_backward:2.6443004608154297
INFO:trainer_layer_backward:2.666950225830078
INFO:trainer_layer_backward:2.1910667419433594
INFO:trainer_layer_backward:2.559661865234375
INFO:trainer_layer_backward:2.3772716522216797
INFO:trainer_layer_backward:5.088329315185547
INFO:trainer_layer_backward:3.9267539978027344
INFO:trainer_layer_backward:4.217863082885742
INFO:trainer_layer_backward:3.0946731567382812
INFO:trainer_layer_backward:5.445718765258789
INFO:trainer_layer_backward:3.1867027282714844
INFO:trainer_layer_backward:2.622842788696289
INFO:trainer_layer_backward:6.862878799438477
INFO:trainer_layer_backward:3.2351016998291016
INFO:trainer_layer_backward:2.8679370880126953
INFO:trainer_layer_backward:2.6769638061523438
INFO:trainer_layer_backward:3.5676956176757812
INFO:trainer_layer_backward:3.217458724975586
INFO:trainer_layer_backward:4.338502883911133
INFO:trainer_layer_backward:3.7543773651123047
INFO:trainer_layer_backward:3.0906200408935547
INFO:trainer_layer_backward:3.385305404663086
INFO:trainer_layer_backward:3.2587051391601562
INFO:trainer_layer_backward:3.910541534423828
INFO:trainer_layer_backward:3.1278133392333984
INFO:trainer_layer_backward:2.8803348541259766
INFO:trainer_layer_backward:2.301454544067383
INFO:trainer_layer_backward:2.844572067260742
INFO:trainer_layer_backward:3.459453582763672
INFO:trainer_layer_backward:4.5795440673828125
INFO:trainer_layer_backward:2.6786327362060547
INFO:trainer_layer_backward:2.6259422302246094
INFO:trainer_layer_backward:2.5200843811035156
INFO:trainer_layer_backward:2.0198822021484375
INFO:trainer_layer_backward:2.409219741821289
INFO:trainer_layer_backward:2.648591995239258
INFO:trainer_layer_backward:3.4151077270507812
INFO:trainer_layer_backward:2.878904342651367
INFO:trainer_layer_backward:3.1752586364746094
INFO:trainer_layer_backward:3.025531768798828
INFO:trainer_layer_backward:2.5942325592041016
INFO:trainer_layer_backward:2.521991729736328
INFO:trainer_layer_backward:3.008127212524414
INFO:trainer_layer_backward:3.014087677001953
INFO:trainer_layer_backward:3.1974315643310547
INFO:trainer_layer_backward:3.9529800415039062
INFO:trainer_layer_backward:4.044771194458008
INFO:trainer_layer_backward:3.4308433532714844
INFO:trainer_layer_backward:2.5823116302490234
INFO:trainer_layer_backward:3.0121803283691406
INFO:trainer_layer_backward:2.4251937866210938
INFO:trainer_layer_backward:6.618499755859375
INFO:trainer_layer_backward:3.496885299682617
INFO:trainer_layer_backward:2.373218536376953
INFO:trainer_layer_backward:2.342700958251953
INFO:trainer_layer_backward:2.736806869506836
INFO:trainer_layer_backward:3.1719207763671875
INFO:trainer_layer_backward:3.5936832427978516
INFO:trainer_layer_backward:3.969907760620117
INFO:trainer_layer_backward:3.5407543182373047
INFO:trainer_layer_backward:2.9120445251464844
INFO:trainer_layer_backward:2.3889541625976562
INFO:trainer_layer_backward:2.2284984588623047
INFO:trainer_layer_backward:2.9413700103759766
INFO:trainer_layer_backward:3.1354427337646484
INFO:trainer_layer_backward:4.839897155761719
INFO:trainer_layer_backward:2.8150081634521484
INFO:trainer_layer_backward:2.3458003997802734
INFO:trainer_layer_backward:3.9818286895751953
INFO:trainer_layer_backward:4.065752029418945
INFO:trainer_layer_backward:3.2155513763427734
INFO:trainer_layer_backward:4.017353057861328
INFO:trainer_layer_backward:2.4101734161376953
INFO:trainer_layer_backward:2.2144317626953125
INFO:trainer_layer_backward:3.565073013305664
INFO:trainer_layer_backward:2.9137134552001953
INFO:trainer_layer_backward:4.092216491699219
INFO:trainer_layer_backward:2.7680397033691406
INFO:trainer_layer_backward:2.729177474975586
INFO:trainer_layer_backward:2.4318695068359375
INFO:trainer_layer_backward:5.402803421020508
INFO:trainer_layer_backward:4.211664199829102
INFO:trainer_layer_backward:4.483461380004883
INFO:trainer_layer_backward:2.8603076934814453
INFO:trainer_layer_backward:3.9005279541015625
INFO:trainer_layer_backward:3.2274723052978516
INFO:trainer_layer_backward:3.8628578186035156
INFO:trainer_layer_backward:2.7327537536621094
INFO:trainer_layer_backward:2.3772716522216797
INFO:trainer_layer_backward:3.1387805938720703
INFO:trainer_layer_backward:3.558635711669922
INFO:trainer_layer_backward:3.473997116088867
INFO:trainer_layer_backward:3.513813018798828
INFO:trainer_layer_backward:2.3856163024902344
INFO:trainer_layer_backward:2.196073532104492
INFO:trainer_layer_backward:2.1440982818603516
INFO:trainer_layer_backward:2.508878707885742
INFO:trainer_layer_backward:3.790616989135742
INFO:trainer_layer_backward:3.488779067993164
INFO:trainer_layer_backward:4.699468612670898
INFO:trainer_layer_backward:3.80706787109375
INFO:trainer_layer_backward:3.8208961486816406
INFO:trainer_layer_backward:3.2880306243896484
INFO:trainer_layer_backward:4.306793212890625
INFO:trainer_layer_backward:3.9000511169433594
INFO:trainer_layer_backward:2.9191970825195312
INFO:trainer_layer_backward:2.9175281524658203
INFO:trainer_layer_backward:3.8619041442871094
INFO:trainer_layer_backward:3.7059783935546875
INFO:trainer_layer_backward:3.269672393798828
INFO:trainer_layer_backward:3.7870407104492188
INFO:trainer_layer_backward:3.2019615173339844
INFO:trainer_layer_backward:3.3118724822998047
INFO:trainer_layer_backward:3.0510425567626953
INFO:trainer_layer_backward:3.1447410583496094
INFO:trainer_layer_backward:3.756284713745117
INFO:trainer_layer_backward:3.3714771270751953
INFO:trainer_layer_backward:3.317594528198242
INFO:trainer_layer_backward:3.9870738983154297
INFO:trainer_layer_backward:5.546331405639648
INFO:trainer_layer_backward:2.9327869415283203
INFO:trainer_layer_backward:3.155946731567383
INFO:trainer_layer_backward:3.923177719116211
INFO:trainer_layer_backward:1.9659996032714844
INFO:trainer_layer_backward:3.597736358642578
INFO:trainer_layer_backward:2.8667449951171875
INFO:trainer_layer_backward:3.2806396484375
INFO:trainer_layer_backward:2.50244140625
INFO:trainer_layer_backward:2.6407241821289062
INFO:trainer_layer_backward:2.203226089477539
INFO:trainer_layer_backward:2.7348995208740234
INFO:trainer_layer_backward:3.3545494079589844
INFO:trainer_layer_backward:2.774477005004883
INFO:trainer_layer_backward:2.1429061889648438
INFO:trainer_layer_backward:2.2530555725097656
INFO:trainer_layer_backward:2.8226375579833984
INFO:trainer_layer_backward:3.3876895904541016
INFO:trainer_layer_backward:3.3445358276367188
INFO:trainer_layer_backward:3.782510757446289
INFO:trainer_layer_backward:2.3326873779296875
INFO:trainer_layer_backward:2.3131370544433594
INFO:trainer_layer_backward:2.767324447631836
INFO:trainer_layer_backward:2.9439926147460938
INFO:trainer_layer_backward:4.346132278442383
INFO:trainer_layer_backward:2.7501583099365234
INFO:trainer_layer_backward:3.570079803466797
INFO:trainer_layer_backward:3.2591819763183594
INFO:trainer_layer_backward:2.8929710388183594
INFO:trainer_layer_backward:3.8595199584960938
INFO:trainer_layer_backward:4.678487777709961
INFO:trainer_layer_backward:2.759218215942383
INFO:trainer_layer_backward:3.1757354736328125
INFO:trainer_layer_backward:2.8388500213623047
INFO:trainer_layer_backward:3.6661624908447266
INFO:trainer_layer_backward:2.7129650115966797
INFO:trainer_layer_backward:2.5589466094970703
INFO:trainer_layer_backward:6.996870040893555
INFO:trainer_layer_backward:2.5758743286132812
INFO:trainer_layer_backward:2.4831295013427734
INFO:trainer_layer_backward:2.777099609375
INFO:trainer_layer_backward:2.977132797241211
INFO:trainer_layer_backward:2.055644989013672
INFO:trainer_layer_backward:2.3546218872070312
INFO:trainer_layer_backward:2.1741390228271484
INFO:trainer_layer_backward:2.399444580078125
INFO:trainer_layer_backward:2.7217864990234375
INFO:trainer_layer_backward:2.74658203125
INFO:trainer_layer_backward:2.9861927032470703
INFO:trainer_layer_backward:4.512786865234375
INFO:trainer_layer_backward:2.727031707763672
INFO:trainer_layer_backward:3.765583038330078
INFO:trainer_layer_backward:3.4096240997314453
INFO:trainer_layer_backward:2.323627471923828
INFO:trainer_layer_backward:3.21197509765625
INFO:trainer_layer_backward:3.205537796020508
INFO:trainer_layer_backward:4.07862663269043
INFO:trainer_layer_backward:3.943920135498047
INFO:trainer_layer_backward:3.6699771881103516
INFO:trainer_layer_backward:2.760171890258789
INFO:trainer_layer_backward:2.1975040435791016
INFO:trainer_layer_backward:2.035379409790039
INFO:trainer_layer_backward:1.985788345336914
INFO:trainer_layer_backward:1.9834041595458984
INFO:trainer_layer_backward:1.953125
INFO:trainer_layer_backward:2.5124549865722656
INFO:trainer_layer_backward:2.391815185546875
INFO:trainer_layer_backward:2.134084701538086
INFO:trainer_layer_backward:2.148866653442383
INFO:trainer_layer_backward:2.169370651245117
INFO:trainer_layer_backward:2.3343563079833984
INFO:trainer_layer_backward:2.061605453491211
INFO:trainer_layer_backward:2.152681350708008
INFO:trainer_layer_backward:1.9648075103759766
INFO:trainer_layer_backward:2.366304397583008
INFO:trainer_layer_backward:3.777027130126953
INFO:trainer_layer_backward:3.9310455322265625
INFO:trainer_layer_backward:4.486322402954102
INFO:trainer_layer_backward:3.065347671508789
INFO:trainer_layer_backward:2.7685165405273438
INFO:trainer_layer_backward:2.6466846466064453
INFO:trainer_layer_backward:4.543781280517578
INFO:trainer_layer_backward:4.9896240234375
INFO:trainer_layer_backward:4.841089248657227
INFO:trainer_layer_backward:4.15349006652832
INFO:trainer_layer_backward:2.943754196166992
INFO:trainer_layer_backward:3.0813217163085938
INFO:trainer_layer_backward:2.67791748046875
INFO:trainer_layer_backward:2.410411834716797
INFO:trainer_layer_backward:2.4917125701904297
INFO:trainer_layer_backward:1.934051513671875
INFO:trainer_layer_backward:2.1431446075439453
INFO:trainer_layer_backward:3.500699996948242
INFO:trainer_layer_backward:3.7605762481689453
INFO:trainer_layer_backward:4.375696182250977
INFO:trainer_layer_backward:2.6619434356689453
INFO:trainer_layer_backward:2.1524429321289062
INFO:trainer_layer_backward:2.321958541870117
INFO:trainer_layer_backward:2.1915435791015625
INFO:trainer_layer_backward:2.5064945220947266
INFO:trainer_layer_backward:2.0461082458496094
INFO:trainer_layer_backward:1.7719268798828125
INFO:trainer_layer_backward:2.8896331787109375
INFO:trainer_layer_backward:2.4709701538085938
INFO:trainer_layer_backward:4.794120788574219
INFO:trainer_layer_backward:2.955913543701172
INFO:trainer_layer_backward:3.0159950256347656
INFO:trainer_layer_backward:3.582000732421875
INFO:trainer_layer_backward:2.030611038208008
INFO:trainer_layer_backward:1.8167495727539062
INFO:trainer_layer_backward:2.6824474334716797
INFO:trainer_layer_backward:2.6950836181640625
INFO:trainer_layer_backward:2.607583999633789
INFO:trainer_layer_backward:3.2329559326171875
INFO:trainer_layer_backward:4.272937774658203
INFO:trainer_layer_backward:2.895832061767578
INFO:trainer_layer_backward:2.827167510986328
INFO:trainer_layer_backward:2.6149749755859375
INFO:trainer_layer_backward:2.917766571044922
INFO:trainer_layer_backward:3.264188766479492
INFO:trainer_layer_backward:5.222320556640625
INFO:trainer_layer_backward:3.1783580780029297
INFO:trainer_layer_backward:4.0454864501953125
INFO:trainer_layer_backward:4.395246505737305
INFO:trainer_layer_backward:3.015756607055664
INFO:trainer_layer_backward:3.0705928802490234
INFO:trainer_layer_backward:3.9196014404296875
INFO:trainer_layer_backward:2.341032028198242
INFO:trainer_layer_backward:2.4373531341552734
INFO:trainer_layer_backward:3.1867027282714844
INFO:trainer_layer_backward:3.877878189086914
INFO:trainer_layer_backward:3.729104995727539
INFO:trainer_layer_backward:5.540609359741211
INFO:trainer_layer_backward:2.9103755950927734
INFO:trainer_layer_backward:2.586841583251953
INFO:trainer_layer_backward:2.138853073120117
INFO:trainer_layer_backward:2.3393630981445312
INFO:trainer_layer_backward:2.772092819213867
INFO:trainer_layer_backward:2.3345947265625
INFO:trainer_layer_backward:2.012968063354492
INFO:trainer_layer_backward:3.0672550201416016
INFO:trainer_layer_backward:3.4062862396240234
INFO:trainer_layer_backward:2.468109130859375
INFO:trainer_layer_backward:2.384185791015625
INFO:trainer_layer_backward:3.377676010131836
INFO:trainer_layer_backward:3.0269622802734375
INFO:trainer_layer_backward:2.3505687713623047
INFO:trainer_layer_backward:2.1431446075439453
INFO:trainer_layer_backward:3.8144588470458984
INFO:trainer_layer_backward:4.606485366821289
INFO:trainer_layer_backward:3.2045841217041016
INFO:trainer_layer_backward:3.8292407989501953
INFO:trainer_layer_backward:3.2982826232910156
INFO:trainer_layer_backward:3.0159950256347656
INFO:trainer_layer_backward:2.6836395263671875
INFO:trainer_layer_backward:3.0319690704345703
INFO:trainer_layer_backward:3.261089324951172
INFO:trainer_layer_backward:4.012584686279297
INFO:trainer_layer_backward:3.41796875
INFO:trainer_layer_backward:3.259420394897461
INFO:trainer_layer_backward:4.5566558837890625
INFO:trainer_layer_backward:3.5431385040283203
INFO:trainer_layer_backward:3.6118030548095703
INFO:trainer_layer_backward:2.7854442596435547
INFO:trainer_layer_backward:3.2727718353271484
INFO:trainer_layer_backward:2.4728775024414062
INFO:trainer_layer_backward:3.1664371490478516
INFO:trainer_layer_backward:2.4373531341552734
INFO:trainer_layer_backward:2.6395320892333984
INFO:trainer_layer_backward:7.012367248535156
INFO:trainer_layer_backward:2.9854774475097656
INFO:trainer_layer_backward:1.8913745880126953
INFO:trainer_layer_backward:2.129077911376953
INFO:trainer_layer_backward:3.3156871795654297
INFO:trainer_layer_backward:4.171848297119141
INFO:trainer_layer_backward:3.1075477600097656
INFO:trainer_layer_backward:3.2656192779541016
INFO:trainer_layer_backward:2.3899078369140625
INFO:trainer_layer_backward:2.1092891693115234
INFO:trainer_layer_backward:2.377748489379883
INFO:trainer_layer_backward:2.185821533203125
INFO:trainer_layer_backward:2.4499893188476562
INFO:trainer_layer_backward:3.5409927368164062
INFO:trainer_layer_backward:2.734661102294922
INFO:trainer_layer_backward:3.6253929138183594
INFO:trainer_layer_backward:2.4263858795166016
INFO:trainer_layer_backward:2.664327621459961
INFO:trainer_layer_backward:2.5446414947509766
INFO:trainer_layer_backward:3.347158432006836
INFO:trainer_layer_backward:3.336668014526367
INFO:trainer_layer_backward:3.793001174926758
INFO:trainer_layer_backward:3.8585662841796875
INFO:trainer_layer_backward:3.130197525024414
INFO:trainer_layer_backward:3.0205249786376953
INFO:trainer_layer_backward:3.203868865966797
INFO:trainer_layer_backward:3.5583972930908203
INFO:trainer_layer_backward:3.1518936157226562
INFO:trainer_layer_backward:3.055572509765625
INFO:trainer_layer_backward:3.2355785369873047
INFO:trainer_layer_backward:2.328634262084961
INFO:trainer_layer_backward:2.1996498107910156
INFO:trainer_layer_backward:2.0127296447753906
INFO:trainer_layer_backward:2.3360252380371094
INFO:trainer_layer_backward:2.975940704345703
INFO:trainer_layer_backward:3.377676010131836
INFO:trainer_layer_backward:3.3757686614990234
INFO:trainer_layer_backward:3.8573741912841797
INFO:trainer_layer_backward:2.6161670684814453
INFO:trainer_layer_backward:2.5169849395751953
INFO:trainer_layer_backward:3.051280975341797
INFO:trainer_layer_backward:3.2491683959960938
INFO:trainer_layer_backward:3.1964778900146484
INFO:trainer_layer_backward:3.9048194885253906
INFO:trainer_layer_backward:2.7806758880615234
INFO:trainer_layer_backward:2.4340152740478516
INFO:trainer_layer_backward:2.7303695678710938
INFO:trainer_layer_backward:2.975940704345703
INFO:trainer_layer_backward:1.8913745880126953
INFO:trainer_layer_backward:2.026081085205078
INFO:trainer_layer_backward:1.7571449279785156
INFO:trainer_layer_backward:3.177642822265625
INFO:trainer_layer_backward:3.076791763305664
INFO:trainer_layer_backward:3.2138824462890625
INFO:trainer_layer_backward:2.602100372314453
INFO:trainer_layer_backward:3.0527114868164062
INFO:trainer_layer_backward:3.8614273071289062
INFO:trainer_layer_backward:4.113912582397461
INFO:trainer_layer_backward:2.9616355895996094
INFO:trainer_layer_backward:3.9186477661132812
INFO:trainer_layer_backward:3.1430721282958984
INFO:trainer_layer_backward:3.3757686614990234
INFO:trainer_layer_backward:2.027273178100586
INFO:trainer_layer_backward:1.9974708557128906
INFO:trainer_layer_backward:2.460479736328125
INFO:trainer_layer_backward:2.8645992279052734
INFO:trainer_layer_backward:2.371549606323242
INFO:trainer_layer_backward:3.3388137817382812
INFO:trainer_layer_backward:6.474494934082031
INFO:trainer_layer_backward:2.925395965576172
INFO:trainer_layer_backward:2.994537353515625
INFO:trainer_layer_backward:2.868175506591797
INFO:trainer_layer_backward:2.938508987426758
INFO:trainer_layer_backward:2.7153491973876953
INFO:trainer_layer_backward:2.2878646850585938
INFO:trainer_layer_backward:2.269268035888672
INFO:trainer_layer_backward:2.577066421508789
INFO:trainer_layer_backward:3.2508373260498047
INFO:trainer_layer_backward:4.227876663208008
INFO:trainer_layer_backward:3.1709671020507812
INFO:trainer_layer_backward:2.7532577514648438
INFO:trainer_layer_backward:3.083944320678711
INFO:trainer_layer_backward:3.1442642211914062
INFO:trainer_layer_backward:2.380847930908203
INFO:trainer_layer_backward:2.307891845703125
INFO:trainer_layer_backward:3.551483154296875
INFO:trainer_layer_backward:2.4366378784179688
INFO:trainer_layer_backward:2.9599666595458984
INFO:trainer_layer_backward:3.264904022216797
INFO:trainer_layer_backward:3.0329227447509766
INFO:trainer_layer_backward:3.0488967895507812
INFO:trainer_layer_backward:3.076314926147461
INFO:trainer_layer_backward:3.959178924560547
INFO:trainer_layer_backward:2.033233642578125
INFO:trainer_layer_backward:2.323627471923828
INFO:trainer_layer_backward:4.820108413696289
INFO:trainer_layer_backward:2.8138160705566406
INFO:trainer_layer_backward:2.412080764770508
INFO:trainer_layer_backward:2.268075942993164
INFO:trainer_layer_backward:3.3545494079589844
INFO:trainer_layer_backward:3.7860870361328125
INFO:trainer_layer_backward:3.5903453826904297
INFO:trainer_layer_backward:14.296293258666992
INFO:trainer_layer_backward:4.394292831420898
INFO:trainer_layer_backward:3.080606460571289
INFO:trainer_layer_backward:2.6459693908691406
INFO:trainer_layer_backward:5.566596984863281
INFO:trainer_layer_backward:6.673336029052734
INFO:trainer_layer_backward:2.1610260009765625
INFO:trainer_layer_backward:1.8949508666992188
INFO:trainer_layer_backward:2.025604248046875
INFO:trainer_layer_backward:1.8339157104492188
INFO:trainer_layer_backward:2.3183822631835938
INFO:trainer_layer_backward:4.548788070678711
INFO:trainer_layer_backward:4.06956672668457
INFO:trainer_layer_backward:3.3855438232421875
INFO:trainer_layer_backward:2.7899742126464844
INFO:trainer_layer_backward:2.966642379760742
INFO:trainer_layer_backward:2.571582794189453
INFO:trainer_layer_backward:2.5980472564697266
INFO:trainer_layer_backward:4.142045974731445
INFO:trainer_layer_backward:3.9992332458496094
INFO:trainer_layer_backward:3.2110214233398438
INFO:trainer_layer_backward:2.4843215942382812
INFO:trainer_layer_backward:2.4378299713134766
INFO:trainer_layer_backward:4.621744155883789
INFO:trainer_layer_backward:4.923105239868164
INFO:trainer_layer_backward:2.4802684783935547
INFO:trainer_layer_backward:2.4526119232177734
INFO:trainer_layer_backward:3.4863948822021484
INFO:trainer_layer_backward:3.695249557495117
INFO:trainer_layer_backward:3.5600662231445312
INFO:trainer_layer_backward:2.567291259765625
INFO:trainer_layer_backward:4.292488098144531
INFO:trainer_layer_backward:3.572702407836914
INFO:trainer_layer_backward:3.196239471435547
INFO:trainer_layer_backward:3.7517547607421875
INFO:trainer_layer_backward:2.9273033142089844
INFO:trainer_layer_backward:2.051830291748047
INFO:trainer_layer_backward:2.7904510498046875
INFO:trainer_layer_backward:2.706289291381836
INFO:trainer_layer_backward:2.6268959045410156
INFO:trainer_layer_backward:3.2804012298583984
INFO:trainer_layer_backward:3.0298233032226562
INFO:trainer_layer_backward:3.1921863555908203
INFO:trainer_layer_backward:3.2875537872314453
INFO:trainer_layer_backward:4.196405410766602
INFO:trainer_layer_backward:2.7289390563964844
INFO:trainer_layer_backward:2.40325927734375
INFO:trainer_layer_backward:2.4814605712890625
INFO:trainer_layer_backward:2.730131149291992
INFO:trainer_layer_backward:2.2978782653808594
INFO:trainer_layer_backward:2.351522445678711
INFO:trainer_layer_backward:3.0968189239501953
INFO:trainer_layer_backward:3.8356781005859375
INFO:trainer_layer_backward:5.068540573120117
INFO:trainer_layer_backward:2.7463436126708984
INFO:trainer_layer_backward:2.5489330291748047
INFO:trainer_layer_backward:3.499269485473633
INFO:trainer_layer_backward:3.0438899993896484
INFO:trainer_layer_backward:3.7360191345214844
INFO:trainer_layer_backward:2.6924610137939453
INFO:trainer_layer_backward:3.3555030822753906
