INFO:trainer_layer_backward:FFT_CNNEx | mnist
INFO:trainer_layer_backward:in_size : 512 | epochs : 1 | batch : 1
INFO:trainer_layer_backward:kernel_l1 : 257 | kernel_l2 : 129 | kernel_l3 : 65 
INFO:trainer_layer_backward:o_channels_l1 : 5 | o_channels_l2 : 5 | o_channels_l3 : 5 
INFO:trainer_layer_backward:learn_num_train : 1000 | learn_num_validate : 0 
INFO:trainer_layer_backward::::::::::::::::::::::::::::::::::::::::::::::::::::::::::::
INFO:trainer_layer_backward:message : FFT_conv1 
INFO:trainer_layer_backward::::::::::::::::::::::::::::::::::::::::::::::::::::::::::::
INFO:trainer_layer_backward:Ave_Time : 10.322093963623047
INFO:trainer_layer_backward::::::::::::::::::::::::::::::::::::::::::::::::::::::::::::
INFO:trainer_layer_backward:12.816429138183594
INFO:trainer_layer_backward:13.193130493164062
INFO:trainer_layer_backward:12.686967849731445
INFO:trainer_layer_backward:13.026952743530273
INFO:trainer_layer_backward:13.486862182617188
INFO:trainer_layer_backward:12.571573257446289
INFO:trainer_layer_backward:11.661767959594727
INFO:trainer_layer_backward:9.759664535522461
INFO:trainer_layer_backward:9.900331497192383
INFO:trainer_layer_backward:10.384082794189453
INFO:trainer_layer_backward:10.396242141723633
INFO:trainer_layer_backward:9.768486022949219
INFO:trainer_layer_backward:9.896993637084961
INFO:trainer_layer_backward:12.597084045410156
INFO:trainer_layer_backward:10.590791702270508
INFO:trainer_layer_backward:10.43248176574707
INFO:trainer_layer_backward:9.4451904296875
INFO:trainer_layer_backward:10.643243789672852
INFO:trainer_layer_backward:10.285615921020508
INFO:trainer_layer_backward:9.849071502685547
INFO:trainer_layer_backward:9.449958801269531
INFO:trainer_layer_backward:10.6658935546875
INFO:trainer_layer_backward:10.81705093383789
INFO:trainer_layer_backward:9.725809097290039
INFO:trainer_layer_backward:10.229349136352539
INFO:trainer_layer_backward:10.845422744750977
INFO:trainer_layer_backward:9.91201400756836
INFO:trainer_layer_backward:9.38558578491211
INFO:trainer_layer_backward:10.309696197509766
INFO:trainer_layer_backward:10.303497314453125
INFO:trainer_layer_backward:10.157585144042969
INFO:trainer_layer_backward:9.473800659179688
INFO:trainer_layer_backward:10.885477066040039
INFO:trainer_layer_backward:11.267423629760742
INFO:trainer_layer_backward:11.043310165405273
INFO:trainer_layer_backward:10.045528411865234
INFO:trainer_layer_backward:9.780168533325195
INFO:trainer_layer_backward:10.582685470581055
INFO:trainer_layer_backward:11.162757873535156
INFO:trainer_layer_backward:10.641098022460938
INFO:trainer_layer_backward:9.386777877807617
INFO:trainer_layer_backward:10.783672332763672
INFO:trainer_layer_backward:11.225223541259766
INFO:trainer_layer_backward:10.6658935546875
INFO:trainer_layer_backward:9.383916854858398
INFO:trainer_layer_backward:10.502815246582031
INFO:trainer_layer_backward:11.170625686645508
INFO:trainer_layer_backward:10.103464126586914
INFO:trainer_layer_backward:9.807586669921875
INFO:trainer_layer_backward:9.573698043823242
INFO:trainer_layer_backward:9.662866592407227
INFO:trainer_layer_backward:9.849786758422852
INFO:trainer_layer_backward:9.867429733276367
INFO:trainer_layer_backward:10.627508163452148
INFO:trainer_layer_backward:10.606050491333008
INFO:trainer_layer_backward:10.71619987487793
INFO:trainer_layer_backward:9.61756706237793
INFO:trainer_layer_backward:10.451555252075195
INFO:trainer_layer_backward:9.799957275390625
INFO:trainer_layer_backward:9.85097885131836
INFO:trainer_layer_backward:9.496212005615234
INFO:trainer_layer_backward:11.098861694335938
INFO:trainer_layer_backward:11.338949203491211
INFO:trainer_layer_backward:11.10219955444336
INFO:trainer_layer_backward:10.207176208496094
INFO:trainer_layer_backward:9.50312614440918
INFO:trainer_layer_backward:10.504484176635742
INFO:trainer_layer_backward:10.26463508605957
INFO:trainer_layer_backward:10.292530059814453
INFO:trainer_layer_backward:10.805606842041016
INFO:trainer_layer_backward:9.807586669921875
INFO:trainer_layer_backward:10.850906372070312
INFO:trainer_layer_backward:10.777711868286133
INFO:trainer_layer_backward:10.68735122680664
INFO:trainer_layer_backward:9.394168853759766
INFO:trainer_layer_backward:10.627269744873047
INFO:trainer_layer_backward:11.24429702758789
INFO:trainer_layer_backward:10.102987289428711
INFO:trainer_layer_backward:9.404182434082031
INFO:trainer_layer_backward:11.110067367553711
INFO:trainer_layer_backward:11.30819320678711
INFO:trainer_layer_backward:10.538578033447266
INFO:trainer_layer_backward:9.452342987060547
INFO:trainer_layer_backward:10.674715042114258
INFO:trainer_layer_backward:11.14654541015625
INFO:trainer_layer_backward:10.512828826904297
INFO:trainer_layer_backward:9.473800659179688
INFO:trainer_layer_backward:10.863542556762695
INFO:trainer_layer_backward:10.366201400756836
INFO:trainer_layer_backward:10.694742202758789
INFO:trainer_layer_backward:9.900331497192383
INFO:trainer_layer_backward:9.929895401000977
INFO:trainer_layer_backward:10.890722274780273
INFO:trainer_layer_backward:10.184049606323242
INFO:trainer_layer_backward:9.768247604370117
INFO:trainer_layer_backward:9.971857070922852
INFO:trainer_layer_backward:10.525703430175781
INFO:trainer_layer_backward:11.55233383178711
INFO:trainer_layer_backward:11.378765106201172
INFO:trainer_layer_backward:10.367155075073242
INFO:trainer_layer_backward:9.439229965209961
INFO:trainer_layer_backward:10.94961166381836
INFO:trainer_layer_backward:11.450052261352539
INFO:trainer_layer_backward:11.141061782836914
INFO:trainer_layer_backward:10.006189346313477
INFO:trainer_layer_backward:9.468555450439453
INFO:trainer_layer_backward:11.385917663574219
INFO:trainer_layer_backward:11.155366897583008
INFO:trainer_layer_backward:9.922266006469727
INFO:trainer_layer_backward:9.420633316040039
INFO:trainer_layer_backward:10.542154312133789
INFO:trainer_layer_backward:10.832548141479492
INFO:trainer_layer_backward:9.993314743041992
INFO:trainer_layer_backward:9.733200073242188
INFO:trainer_layer_backward:10.872840881347656
INFO:trainer_layer_backward:11.017560958862305
INFO:trainer_layer_backward:10.392904281616211
INFO:trainer_layer_backward:10.860204696655273
INFO:trainer_layer_backward:10.927438735961914
INFO:trainer_layer_backward:10.61701774597168
INFO:trainer_layer_backward:11.306047439575195
INFO:trainer_layer_backward:10.26153564453125
INFO:trainer_layer_backward:9.419918060302734
INFO:trainer_layer_backward:10.63394546508789
INFO:trainer_layer_backward:10.859012603759766
INFO:trainer_layer_backward:11.069297790527344
INFO:trainer_layer_backward:9.567737579345703
INFO:trainer_layer_backward:10.639667510986328
INFO:trainer_layer_backward:11.461019515991211
INFO:trainer_layer_backward:10.654687881469727
INFO:trainer_layer_backward:9.420633316040039
INFO:trainer_layer_backward:10.342836380004883
INFO:trainer_layer_backward:11.323213577270508
INFO:trainer_layer_backward:11.267423629760742
INFO:trainer_layer_backward:10.010480880737305
INFO:trainer_layer_backward:9.978532791137695
INFO:trainer_layer_backward:10.474205017089844
INFO:trainer_layer_backward:11.266469955444336
INFO:trainer_layer_backward:11.406660079956055
INFO:trainer_layer_backward:10.821819305419922
INFO:trainer_layer_backward:10.598182678222656
INFO:trainer_layer_backward:9.953498840332031
INFO:trainer_layer_backward:10.473489761352539
INFO:trainer_layer_backward:10.608911514282227
INFO:trainer_layer_backward:9.937763214111328
INFO:trainer_layer_backward:9.470224380493164
INFO:trainer_layer_backward:9.495258331298828
INFO:trainer_layer_backward:9.743213653564453
INFO:trainer_layer_backward:9.606361389160156
INFO:trainer_layer_backward:10.632038116455078
INFO:trainer_layer_backward:10.288476943969727
INFO:trainer_layer_backward:10.181903839111328
INFO:trainer_layer_backward:9.86480712890625
INFO:trainer_layer_backward:9.880781173706055
INFO:trainer_layer_backward:10.558128356933594
INFO:trainer_layer_backward:11.133193969726562
INFO:trainer_layer_backward:10.067462921142578
INFO:trainer_layer_backward:10.193109512329102
INFO:trainer_layer_backward:10.580301284790039
INFO:trainer_layer_backward:10.800600051879883
INFO:trainer_layer_backward:10.768890380859375
INFO:trainer_layer_backward:9.421110153198242
INFO:trainer_layer_backward:9.432554244995117
INFO:trainer_layer_backward:9.495019912719727
INFO:trainer_layer_backward:9.517431259155273
INFO:trainer_layer_backward:9.79924201965332
INFO:trainer_layer_backward:10.281562805175781
INFO:trainer_layer_backward:10.89167594909668
INFO:trainer_layer_backward:9.42850112915039
INFO:trainer_layer_backward:10.576248168945312
INFO:trainer_layer_backward:10.42032241821289
INFO:trainer_layer_backward:10.55908203125
INFO:trainer_layer_backward:10.294914245605469
INFO:trainer_layer_backward:9.522199630737305
INFO:trainer_layer_backward:9.957551956176758
INFO:trainer_layer_backward:10.779857635498047
INFO:trainer_layer_backward:10.522842407226562
INFO:trainer_layer_backward:9.697437286376953
INFO:trainer_layer_backward:10.24937629699707
INFO:trainer_layer_backward:10.715961456298828
INFO:trainer_layer_backward:10.457277297973633
INFO:trainer_layer_backward:9.442806243896484
INFO:trainer_layer_backward:10.32400131225586
INFO:trainer_layer_backward:10.696172714233398
INFO:trainer_layer_backward:10.625600814819336
INFO:trainer_layer_backward:9.427785873413086
INFO:trainer_layer_backward:10.631084442138672
INFO:trainer_layer_backward:11.518478393554688
INFO:trainer_layer_backward:11.212587356567383
INFO:trainer_layer_backward:10.273933410644531
INFO:trainer_layer_backward:9.444236755371094
INFO:trainer_layer_backward:10.666608810424805
INFO:trainer_layer_backward:9.897232055664062
INFO:trainer_layer_backward:9.752273559570312
INFO:trainer_layer_backward:9.419918060302734
INFO:trainer_layer_backward:9.556770324707031
INFO:trainer_layer_backward:11.321306228637695
INFO:trainer_layer_backward:9.757757186889648
INFO:trainer_layer_backward:9.40394401550293
INFO:trainer_layer_backward:11.771202087402344
INFO:trainer_layer_backward:10.526418685913086
INFO:trainer_layer_backward:11.244058609008789
INFO:trainer_layer_backward:9.458065032958984
INFO:trainer_layer_backward:10.767459869384766
INFO:trainer_layer_backward:10.248661041259766
INFO:trainer_layer_backward:11.202335357666016
INFO:trainer_layer_backward:9.772777557373047
INFO:trainer_layer_backward:10.557174682617188
INFO:trainer_layer_backward:10.458230972290039
INFO:trainer_layer_backward:10.086774826049805
INFO:trainer_layer_backward:10.091543197631836
INFO:trainer_layer_backward:9.524106979370117
INFO:trainer_layer_backward:10.418891906738281
INFO:trainer_layer_backward:10.164737701416016
INFO:trainer_layer_backward:10.455608367919922
INFO:trainer_layer_backward:10.355234146118164
INFO:trainer_layer_backward:10.307788848876953
INFO:trainer_layer_backward:10.590314865112305
INFO:trainer_layer_backward:9.438753128051758
INFO:trainer_layer_backward:9.427309036254883
INFO:trainer_layer_backward:9.932994842529297
INFO:trainer_layer_backward:10.237455368041992
INFO:trainer_layer_backward:9.389638900756836
INFO:trainer_layer_backward:10.539770126342773
INFO:trainer_layer_backward:11.320114135742188
INFO:trainer_layer_backward:10.627508163452148
INFO:trainer_layer_backward:9.992361068725586
INFO:trainer_layer_backward:10.31351089477539
INFO:trainer_layer_backward:10.25700569152832
INFO:trainer_layer_backward:10.314702987670898
INFO:trainer_layer_backward:9.549856185913086
INFO:trainer_layer_backward:9.799718856811523
INFO:trainer_layer_backward:10.58197021484375
INFO:trainer_layer_backward:10.235786437988281
INFO:trainer_layer_backward:9.874820709228516
INFO:trainer_layer_backward:10.396242141723633
INFO:trainer_layer_backward:10.807037353515625
INFO:trainer_layer_backward:10.702371597290039
INFO:trainer_layer_backward:10.097265243530273
INFO:trainer_layer_backward:10.040283203125
INFO:trainer_layer_backward:9.666204452514648
INFO:trainer_layer_backward:10.982751846313477
INFO:trainer_layer_backward:9.774923324584961
INFO:trainer_layer_backward:9.415626525878906
INFO:trainer_layer_backward:10.23101806640625
INFO:trainer_layer_backward:11.348724365234375
INFO:trainer_layer_backward:10.681867599487305
INFO:trainer_layer_backward:10.521888732910156
INFO:trainer_layer_backward:9.413003921508789
INFO:trainer_layer_backward:11.150121688842773
INFO:trainer_layer_backward:11.198997497558594
INFO:trainer_layer_backward:10.830402374267578
INFO:trainer_layer_backward:10.068655014038086
INFO:trainer_layer_backward:9.471893310546875
INFO:trainer_layer_backward:10.70261001586914
INFO:trainer_layer_backward:10.167598724365234
INFO:trainer_layer_backward:9.631633758544922
INFO:trainer_layer_backward:9.540081024169922
INFO:trainer_layer_backward:10.689973831176758
INFO:trainer_layer_backward:10.67209243774414
INFO:trainer_layer_backward:9.982585906982422
INFO:trainer_layer_backward:9.552001953125
INFO:trainer_layer_backward:10.344743728637695
INFO:trainer_layer_backward:10.772943496704102
INFO:trainer_layer_backward:9.835481643676758
INFO:trainer_layer_backward:9.449958801269531
INFO:trainer_layer_backward:10.040521621704102
INFO:trainer_layer_backward:10.265111923217773
INFO:trainer_layer_backward:10.13326644897461
INFO:trainer_layer_backward:10.39886474609375
INFO:trainer_layer_backward:10.735034942626953
INFO:trainer_layer_backward:11.714935302734375
INFO:trainer_layer_backward:10.348796844482422
INFO:trainer_layer_backward:10.741949081420898
INFO:trainer_layer_backward:10.393619537353516
INFO:trainer_layer_backward:10.113716125488281
INFO:trainer_layer_backward:10.692596435546875
INFO:trainer_layer_backward:11.286020278930664
INFO:trainer_layer_backward:9.69696044921875
INFO:trainer_layer_backward:9.548425674438477
INFO:trainer_layer_backward:11.368751525878906
INFO:trainer_layer_backward:10.508537292480469
INFO:trainer_layer_backward:9.926795959472656
INFO:trainer_layer_backward:10.190725326538086
INFO:trainer_layer_backward:10.671377182006836
INFO:trainer_layer_backward:10.973215103149414
INFO:trainer_layer_backward:10.25843620300293
INFO:trainer_layer_backward:9.456634521484375
INFO:trainer_layer_backward:10.054349899291992
INFO:trainer_layer_backward:10.94675064086914
INFO:trainer_layer_backward:9.973764419555664
INFO:trainer_layer_backward:9.415864944458008
INFO:trainer_layer_backward:11.29770278930664
INFO:trainer_layer_backward:10.913610458374023
INFO:trainer_layer_backward:9.890079498291016
INFO:trainer_layer_backward:9.716033935546875
INFO:trainer_layer_backward:10.81085205078125
INFO:trainer_layer_backward:11.448144912719727
INFO:trainer_layer_backward:10.164499282836914
INFO:trainer_layer_backward:9.447574615478516
INFO:trainer_layer_backward:10.895252227783203
INFO:trainer_layer_backward:11.408090591430664
INFO:trainer_layer_backward:10.156393051147461
INFO:trainer_layer_backward:10.606050491333008
INFO:trainer_layer_backward:10.327816009521484
INFO:trainer_layer_backward:10.921955108642578
INFO:trainer_layer_backward:10.450363159179688
INFO:trainer_layer_backward:9.77182388305664
INFO:trainer_layer_backward:9.93037223815918
INFO:trainer_layer_backward:11.456012725830078
INFO:trainer_layer_backward:11.3525390625
INFO:trainer_layer_backward:10.403633117675781
INFO:trainer_layer_backward:9.987592697143555
INFO:trainer_layer_backward:9.574651718139648
INFO:trainer_layer_backward:10.207653045654297
INFO:trainer_layer_backward:10.277509689331055
INFO:trainer_layer_backward:9.978294372558594
INFO:trainer_layer_backward:10.736227035522461
INFO:trainer_layer_backward:10.735750198364258
INFO:trainer_layer_backward:10.020971298217773
INFO:trainer_layer_backward:9.538650512695312
INFO:trainer_layer_backward:10.628461837768555
INFO:trainer_layer_backward:10.789155960083008
INFO:trainer_layer_backward:10.473012924194336
INFO:trainer_layer_backward:9.363174438476562
INFO:trainer_layer_backward:9.577035903930664
INFO:trainer_layer_backward:10.45370101928711
INFO:trainer_layer_backward:9.826183319091797
INFO:trainer_layer_backward:9.63735580444336
INFO:trainer_layer_backward:10.585308074951172
INFO:trainer_layer_backward:11.228322982788086
INFO:trainer_layer_backward:9.923934936523438
INFO:trainer_layer_backward:9.7808837890625
INFO:trainer_layer_backward:10.684728622436523
INFO:trainer_layer_backward:9.731054306030273
INFO:trainer_layer_backward:9.514570236206055
INFO:trainer_layer_backward:9.474039077758789
INFO:trainer_layer_backward:9.562969207763672
INFO:trainer_layer_backward:10.74528694152832
INFO:trainer_layer_backward:9.792089462280273
INFO:trainer_layer_backward:9.596109390258789
INFO:trainer_layer_backward:10.726213455200195
INFO:trainer_layer_backward:10.36977767944336
INFO:trainer_layer_backward:10.103225708007812
INFO:trainer_layer_backward:9.474039077758789
INFO:trainer_layer_backward:10.324716567993164
INFO:trainer_layer_backward:9.878158569335938
INFO:trainer_layer_backward:9.588241577148438
INFO:trainer_layer_backward:9.414911270141602
INFO:trainer_layer_backward:9.744644165039062
INFO:trainer_layer_backward:11.17849349975586
INFO:trainer_layer_backward:9.995698928833008
INFO:trainer_layer_backward:10.46299934387207
INFO:trainer_layer_backward:10.592460632324219
INFO:trainer_layer_backward:10.716676712036133
INFO:trainer_layer_backward:9.749650955200195
INFO:trainer_layer_backward:10.524272918701172
INFO:trainer_layer_backward:10.175704956054688
INFO:trainer_layer_backward:9.89532470703125
INFO:trainer_layer_backward:9.44662094116211
INFO:trainer_layer_backward:10.706186294555664
INFO:trainer_layer_backward:10.709524154663086
INFO:trainer_layer_backward:10.589361190795898
INFO:trainer_layer_backward:9.718656539916992
INFO:trainer_layer_backward:9.424448013305664
INFO:trainer_layer_backward:9.714603424072266
INFO:trainer_layer_backward:9.559154510498047
INFO:trainer_layer_backward:9.563684463500977
INFO:trainer_layer_backward:10.495424270629883
INFO:trainer_layer_backward:10.793924331665039
INFO:trainer_layer_backward:9.50169563293457
INFO:trainer_layer_backward:10.440587997436523
INFO:trainer_layer_backward:10.33782958984375
INFO:trainer_layer_backward:10.841131210327148
INFO:trainer_layer_backward:9.509086608886719
INFO:trainer_layer_backward:9.877920150756836
INFO:trainer_layer_backward:9.772062301635742
INFO:trainer_layer_backward:10.76817512512207
INFO:trainer_layer_backward:10.181188583374023
INFO:trainer_layer_backward:10.191917419433594
INFO:trainer_layer_backward:9.372472763061523
INFO:trainer_layer_backward:10.442018508911133
INFO:trainer_layer_backward:9.89842414855957
INFO:trainer_layer_backward:10.126829147338867
INFO:trainer_layer_backward:10.239124298095703
INFO:trainer_layer_backward:10.2386474609375
INFO:trainer_layer_backward:10.311365127563477
INFO:trainer_layer_backward:9.450912475585938
INFO:trainer_layer_backward:9.772062301635742
INFO:trainer_layer_backward:11.23666763305664
INFO:trainer_layer_backward:10.863304138183594
INFO:trainer_layer_backward:10.77890396118164
INFO:trainer_layer_backward:9.668111801147461
INFO:trainer_layer_backward:9.81450080871582
INFO:trainer_layer_backward:10.49661636352539
INFO:trainer_layer_backward:11.004924774169922
INFO:trainer_layer_backward:9.835958480834961
INFO:trainer_layer_backward:10.70261001586914
INFO:trainer_layer_backward:10.164260864257812
INFO:trainer_layer_backward:10.036230087280273
INFO:trainer_layer_backward:10.126590728759766
INFO:trainer_layer_backward:9.766101837158203
INFO:trainer_layer_backward:11.02447509765625
INFO:trainer_layer_backward:11.258125305175781
INFO:trainer_layer_backward:10.346651077270508
INFO:trainer_layer_backward:9.959220886230469
INFO:trainer_layer_backward:11.096000671386719
INFO:trainer_layer_backward:10.766029357910156
INFO:trainer_layer_backward:11.450529098510742
INFO:trainer_layer_backward:9.898900985717773
INFO:trainer_layer_backward:9.601354598999023
INFO:trainer_layer_backward:11.18779182434082
INFO:trainer_layer_backward:10.626792907714844
INFO:trainer_layer_backward:10.599136352539062
INFO:trainer_layer_backward:10.323524475097656
INFO:trainer_layer_backward:10.576009750366211
INFO:trainer_layer_backward:11.061668395996094
INFO:trainer_layer_backward:10.366201400756836
INFO:trainer_layer_backward:9.963750839233398
INFO:trainer_layer_backward:9.553194046020508
INFO:trainer_layer_backward:9.723663330078125
INFO:trainer_layer_backward:10.419607162475586
INFO:trainer_layer_backward:10.272741317749023
INFO:trainer_layer_backward:9.520530700683594
INFO:trainer_layer_backward:9.53817367553711
INFO:trainer_layer_backward:9.397506713867188
INFO:trainer_layer_backward:10.09821891784668
INFO:trainer_layer_backward:11.254310607910156
INFO:trainer_layer_backward:10.108232498168945
INFO:trainer_layer_backward:10.705232620239258
INFO:trainer_layer_backward:9.685993194580078
INFO:trainer_layer_backward:10.393857955932617
INFO:trainer_layer_backward:11.160850524902344
INFO:trainer_layer_backward:9.817361831665039
INFO:trainer_layer_backward:9.408712387084961
INFO:trainer_layer_backward:11.571407318115234
INFO:trainer_layer_backward:10.190010070800781
INFO:trainer_layer_backward:9.814023971557617
INFO:trainer_layer_backward:9.402275085449219
INFO:trainer_layer_backward:11.239051818847656
INFO:trainer_layer_backward:10.799646377563477
INFO:trainer_layer_backward:10.316848754882812
INFO:trainer_layer_backward:9.390830993652344
INFO:trainer_layer_backward:11.048316955566406
INFO:trainer_layer_backward:10.249853134155273
INFO:trainer_layer_backward:9.906530380249023
INFO:trainer_layer_backward:9.936094284057617
INFO:trainer_layer_backward:10.183572769165039
INFO:trainer_layer_backward:11.475563049316406
INFO:trainer_layer_backward:10.521411895751953
INFO:trainer_layer_backward:9.92274284362793
INFO:trainer_layer_backward:9.435653686523438
INFO:trainer_layer_backward:10.612249374389648
INFO:trainer_layer_backward:9.773731231689453
INFO:trainer_layer_backward:9.438753128051758
INFO:trainer_layer_backward:10.883569717407227
INFO:trainer_layer_backward:10.468482971191406
INFO:trainer_layer_backward:10.538101196289062
INFO:trainer_layer_backward:9.685993194580078
INFO:trainer_layer_backward:9.463787078857422
INFO:trainer_layer_backward:10.81705093383789
INFO:trainer_layer_backward:9.901762008666992
INFO:trainer_layer_backward:9.466409683227539
INFO:trainer_layer_backward:10.635137557983398
INFO:trainer_layer_backward:9.932756423950195
INFO:trainer_layer_backward:9.557008743286133
INFO:trainer_layer_backward:10.162115097045898
INFO:trainer_layer_backward:10.413646697998047
INFO:trainer_layer_backward:9.826421737670898
INFO:trainer_layer_backward:9.598493576049805
INFO:trainer_layer_backward:9.81283187866211
INFO:trainer_layer_backward:11.005401611328125
INFO:trainer_layer_backward:11.549949645996094
INFO:trainer_layer_backward:10.375499725341797
INFO:trainer_layer_backward:9.868621826171875
INFO:trainer_layer_backward:10.323762893676758
INFO:trainer_layer_backward:10.085821151733398
INFO:trainer_layer_backward:11.560916900634766
INFO:trainer_layer_backward:10.31637191772461
INFO:trainer_layer_backward:10.006189346313477
INFO:trainer_layer_backward:9.816408157348633
INFO:trainer_layer_backward:11.029720306396484
INFO:trainer_layer_backward:10.942459106445312
INFO:trainer_layer_backward:10.045766830444336
INFO:trainer_layer_backward:9.572029113769531
INFO:trainer_layer_backward:10.433197021484375
INFO:trainer_layer_backward:10.472297668457031
INFO:trainer_layer_backward:10.422468185424805
INFO:trainer_layer_backward:9.419918060302734
INFO:trainer_layer_backward:10.596990585327148
INFO:trainer_layer_backward:10.101795196533203
INFO:trainer_layer_backward:10.453939437866211
INFO:trainer_layer_backward:9.526968002319336
INFO:trainer_layer_backward:10.501384735107422
INFO:trainer_layer_backward:11.397600173950195
INFO:trainer_layer_backward:10.518789291381836
INFO:trainer_layer_backward:9.464263916015625
INFO:trainer_layer_backward:10.451316833496094
INFO:trainer_layer_backward:10.919570922851562
INFO:trainer_layer_backward:11.278152465820312
INFO:trainer_layer_backward:9.871721267700195
INFO:trainer_layer_backward:10.22028923034668
INFO:trainer_layer_backward:10.903596878051758
INFO:trainer_layer_backward:10.715246200561523
INFO:trainer_layer_backward:10.748624801635742
INFO:trainer_layer_backward:10.003805160522461
INFO:trainer_layer_backward:10.51473617553711
INFO:trainer_layer_backward:10.872364044189453
INFO:trainer_layer_backward:9.931325912475586
INFO:trainer_layer_backward:9.613513946533203
INFO:trainer_layer_backward:9.775638580322266
INFO:trainer_layer_backward:10.491609573364258
INFO:trainer_layer_backward:10.186910629272461
INFO:trainer_layer_backward:9.611845016479492
INFO:trainer_layer_backward:9.959697723388672
INFO:trainer_layer_backward:9.722232818603516
INFO:trainer_layer_backward:10.583162307739258
INFO:trainer_layer_backward:9.429693222045898
INFO:trainer_layer_backward:11.0931396484375
INFO:trainer_layer_backward:11.303424835205078
INFO:trainer_layer_backward:10.714530944824219
INFO:trainer_layer_backward:10.326385498046875
INFO:trainer_layer_backward:9.6282958984375
INFO:trainer_layer_backward:11.075019836425781
INFO:trainer_layer_backward:11.350393295288086
INFO:trainer_layer_backward:10.869264602661133
INFO:trainer_layer_backward:9.368181228637695
INFO:trainer_layer_backward:10.62154769897461
INFO:trainer_layer_backward:10.850667953491211
INFO:trainer_layer_backward:9.926080703735352
INFO:trainer_layer_backward:9.41610336303711
INFO:trainer_layer_backward:10.820150375366211
INFO:trainer_layer_backward:10.271787643432617
INFO:trainer_layer_backward:10.662078857421875
INFO:trainer_layer_backward:9.407281875610352
INFO:trainer_layer_backward:10.601282119750977
INFO:trainer_layer_backward:10.804176330566406
INFO:trainer_layer_backward:10.31351089477539
INFO:trainer_layer_backward:9.84501838684082
INFO:trainer_layer_backward:9.706258773803711
INFO:trainer_layer_backward:10.894298553466797
INFO:trainer_layer_backward:11.71731948852539
INFO:trainer_layer_backward:9.911060333251953
INFO:trainer_layer_backward:9.43613052368164
INFO:trainer_layer_backward:11.20448112487793
INFO:trainer_layer_backward:11.039018630981445
INFO:trainer_layer_backward:9.944438934326172
INFO:trainer_layer_backward:9.662151336669922
INFO:trainer_layer_backward:10.470390319824219
INFO:trainer_layer_backward:11.457681655883789
INFO:trainer_layer_backward:10.4217529296875
INFO:trainer_layer_backward:10.016679763793945
INFO:trainer_layer_backward:10.321617126464844
INFO:trainer_layer_backward:10.761260986328125
INFO:trainer_layer_backward:10.634660720825195
INFO:trainer_layer_backward:10.258674621582031
INFO:trainer_layer_backward:9.473800659179688
INFO:trainer_layer_backward:10.243415832519531
INFO:trainer_layer_backward:9.751558303833008
INFO:trainer_layer_backward:10.438203811645508
INFO:trainer_layer_backward:9.452104568481445
INFO:trainer_layer_backward:10.122299194335938
INFO:trainer_layer_backward:11.659860610961914
INFO:trainer_layer_backward:10.026693344116211
INFO:trainer_layer_backward:9.93037223815918
INFO:trainer_layer_backward:10.765552520751953
INFO:trainer_layer_backward:10.289669036865234
INFO:trainer_layer_backward:9.383916854858398
INFO:trainer_layer_backward:10.691404342651367
INFO:trainer_layer_backward:11.035919189453125
INFO:trainer_layer_backward:9.736776351928711
INFO:trainer_layer_backward:9.413719177246094
INFO:trainer_layer_backward:10.275125503540039
INFO:trainer_layer_backward:10.565757751464844
INFO:trainer_layer_backward:10.329961776733398
INFO:trainer_layer_backward:9.54890251159668
INFO:trainer_layer_backward:11.191844940185547
INFO:trainer_layer_backward:11.276960372924805
INFO:trainer_layer_backward:10.598421096801758
INFO:trainer_layer_backward:9.457826614379883
INFO:trainer_layer_backward:10.420560836791992
INFO:trainer_layer_backward:10.256290435791016
INFO:trainer_layer_backward:10.071039199829102
INFO:trainer_layer_backward:9.424448013305664
INFO:trainer_layer_backward:10.499000549316406
INFO:trainer_layer_backward:10.555028915405273
INFO:trainer_layer_backward:10.369300842285156
INFO:trainer_layer_backward:10.236978530883789
INFO:trainer_layer_backward:10.779380798339844
INFO:trainer_layer_backward:10.913372039794922
INFO:trainer_layer_backward:10.889530181884766
INFO:trainer_layer_backward:9.446859359741211
INFO:trainer_layer_backward:10.590076446533203
INFO:trainer_layer_backward:11.49129867553711
INFO:trainer_layer_backward:10.868310928344727
INFO:trainer_layer_backward:10.930776596069336
INFO:trainer_layer_backward:10.123729705810547
INFO:trainer_layer_backward:10.294914245605469
INFO:trainer_layer_backward:9.879827499389648
INFO:trainer_layer_backward:10.331392288208008
INFO:trainer_layer_backward:9.703397750854492
INFO:trainer_layer_backward:10.239124298095703
INFO:trainer_layer_backward:9.760141372680664
INFO:trainer_layer_backward:9.591102600097656
INFO:trainer_layer_backward:10.260581970214844
INFO:trainer_layer_backward:10.815143585205078
INFO:trainer_layer_backward:10.184049606323242
INFO:trainer_layer_backward:10.860919952392578
INFO:trainer_layer_backward:9.390830993652344
INFO:trainer_layer_backward:10.694503784179688
INFO:trainer_layer_backward:9.693145751953125
INFO:trainer_layer_backward:9.472846984863281
INFO:trainer_layer_backward:9.8876953125
INFO:trainer_layer_backward:10.902166366577148
INFO:trainer_layer_backward:10.09821891784668
INFO:trainer_layer_backward:9.418964385986328
INFO:trainer_layer_backward:10.60175895690918
INFO:trainer_layer_backward:11.307954788208008
INFO:trainer_layer_backward:11.22736930847168
INFO:trainer_layer_backward:9.952306747436523
INFO:trainer_layer_backward:9.606361389160156
INFO:trainer_layer_backward:10.88857650756836
INFO:trainer_layer_backward:11.216163635253906
INFO:trainer_layer_backward:10.042428970336914
INFO:trainer_layer_backward:9.461641311645508
INFO:trainer_layer_backward:10.950565338134766
INFO:trainer_layer_backward:10.724306106567383
INFO:trainer_layer_backward:10.017633438110352
INFO:trainer_layer_backward:9.443044662475586
INFO:trainer_layer_backward:10.923385620117188
INFO:trainer_layer_backward:11.379241943359375
INFO:trainer_layer_backward:10.661840438842773
INFO:trainer_layer_backward:9.421825408935547
INFO:trainer_layer_backward:10.928630828857422
INFO:trainer_layer_backward:11.18922233581543
INFO:trainer_layer_backward:10.355472564697266
INFO:trainer_layer_backward:9.882926940917969
INFO:trainer_layer_backward:10.72382926940918
INFO:trainer_layer_backward:10.83993911743164
INFO:trainer_layer_backward:10.884523391723633
INFO:trainer_layer_backward:11.452436447143555
INFO:trainer_layer_backward:9.916067123413086
INFO:trainer_layer_backward:9.521484375
INFO:trainer_layer_backward:9.65261459350586
INFO:trainer_layer_backward:10.029792785644531
INFO:trainer_layer_backward:10.21718978881836
INFO:trainer_layer_backward:9.500265121459961
INFO:trainer_layer_backward:10.91623306274414
INFO:trainer_layer_backward:11.124134063720703
INFO:trainer_layer_backward:10.017871856689453
INFO:trainer_layer_backward:9.482383728027344
INFO:trainer_layer_backward:10.491132736206055
INFO:trainer_layer_backward:11.008501052856445
INFO:trainer_layer_backward:10.366678237915039
INFO:trainer_layer_backward:10.448694229125977
INFO:trainer_layer_backward:10.759592056274414
INFO:trainer_layer_backward:10.934114456176758
INFO:trainer_layer_backward:11.05499267578125
INFO:trainer_layer_backward:10.171651840209961
INFO:trainer_layer_backward:10.071516036987305
INFO:trainer_layer_backward:10.321855545043945
INFO:trainer_layer_backward:10.490179061889648
INFO:trainer_layer_backward:10.116100311279297
INFO:trainer_layer_backward:9.443521499633789
INFO:trainer_layer_backward:9.74893569946289
INFO:trainer_layer_backward:10.606765747070312
INFO:trainer_layer_backward:10.410785675048828
INFO:trainer_layer_backward:9.689807891845703
INFO:trainer_layer_backward:10.886907577514648
INFO:trainer_layer_backward:10.702133178710938
INFO:trainer_layer_backward:10.230779647827148
INFO:trainer_layer_backward:9.438037872314453
INFO:trainer_layer_backward:10.53762435913086
INFO:trainer_layer_backward:10.561943054199219
INFO:trainer_layer_backward:11.920928955078125
INFO:trainer_layer_backward:10.413646697998047
INFO:trainer_layer_backward:9.485721588134766
INFO:trainer_layer_backward:10.429143905639648
INFO:trainer_layer_backward:9.777545928955078
INFO:trainer_layer_backward:10.54525375366211
INFO:trainer_layer_backward:9.48023796081543
INFO:trainer_layer_backward:10.058164596557617
INFO:trainer_layer_backward:11.313915252685547
INFO:trainer_layer_backward:10.750770568847656
INFO:trainer_layer_backward:10.044574737548828
INFO:trainer_layer_backward:9.576559066772461
INFO:trainer_layer_backward:10.63394546508789
INFO:trainer_layer_backward:9.731054306030273
INFO:trainer_layer_backward:10.11347770690918
INFO:trainer_layer_backward:9.396791458129883
INFO:trainer_layer_backward:10.26010513305664
INFO:trainer_layer_backward:9.782075881958008
INFO:trainer_layer_backward:10.180950164794922
INFO:trainer_layer_backward:10.804176330566406
INFO:trainer_layer_backward:10.9405517578125
INFO:trainer_layer_backward:10.339975357055664
INFO:trainer_layer_backward:9.395599365234375
INFO:trainer_layer_backward:10.228157043457031
INFO:trainer_layer_backward:11.324167251586914
INFO:trainer_layer_backward:10.412454605102539
INFO:trainer_layer_backward:9.997129440307617
INFO:trainer_layer_backward:10.809659957885742
INFO:trainer_layer_backward:10.575056076049805
INFO:trainer_layer_backward:10.53762435913086
INFO:trainer_layer_backward:9.87553596496582
INFO:trainer_layer_backward:9.623050689697266
INFO:trainer_layer_backward:11.094331741333008
INFO:trainer_layer_backward:10.983467102050781
INFO:trainer_layer_backward:9.695053100585938
INFO:trainer_layer_backward:9.615659713745117
INFO:trainer_layer_backward:10.31041145324707
INFO:trainer_layer_backward:10.337352752685547
INFO:trainer_layer_backward:10.184764862060547
INFO:trainer_layer_backward:9.469270706176758
INFO:trainer_layer_backward:10.943174362182617
INFO:trainer_layer_backward:10.915279388427734
INFO:trainer_layer_backward:9.868144989013672
INFO:trainer_layer_backward:10.301589965820312
INFO:trainer_layer_backward:10.505914688110352
INFO:trainer_layer_backward:9.731769561767578
INFO:trainer_layer_backward:10.746955871582031
INFO:trainer_layer_backward:9.441614151000977
INFO:trainer_layer_backward:10.467767715454102
INFO:trainer_layer_backward:10.262489318847656
INFO:trainer_layer_backward:9.814739227294922
INFO:trainer_layer_backward:9.882688522338867
INFO:trainer_layer_backward:10.775566101074219
INFO:trainer_layer_backward:11.742115020751953
INFO:trainer_layer_backward:11.64698600769043
INFO:trainer_layer_backward:10.478734970092773
INFO:trainer_layer_backward:9.824514389038086
INFO:trainer_layer_backward:9.556770324707031
INFO:trainer_layer_backward:10.46895980834961
INFO:trainer_layer_backward:10.78939437866211
INFO:trainer_layer_backward:11.053085327148438
INFO:trainer_layer_backward:9.539365768432617
INFO:trainer_layer_backward:10.20503044128418
INFO:trainer_layer_backward:11.35563850402832
INFO:trainer_layer_backward:11.209964752197266
INFO:trainer_layer_backward:10.030746459960938
INFO:trainer_layer_backward:9.47427749633789
INFO:trainer_layer_backward:10.782480239868164
INFO:trainer_layer_backward:10.790348052978516
INFO:trainer_layer_backward:10.096311569213867
INFO:trainer_layer_backward:9.453058242797852
INFO:trainer_layer_backward:11.09933853149414
INFO:trainer_layer_backward:10.506868362426758
INFO:trainer_layer_backward:9.682178497314453
INFO:trainer_layer_backward:9.529590606689453
INFO:trainer_layer_backward:10.626554489135742
INFO:trainer_layer_backward:10.796070098876953
INFO:trainer_layer_backward:10.144233703613281
INFO:trainer_layer_backward:9.482860565185547
INFO:trainer_layer_backward:12.181282043457031
INFO:trainer_layer_backward:11.623382568359375
INFO:trainer_layer_backward:10.373830795288086
INFO:trainer_layer_backward:10.116100311279297
INFO:trainer_layer_backward:10.183334350585938
INFO:trainer_layer_backward:10.594367980957031
INFO:trainer_layer_backward:10.682821273803711
INFO:trainer_layer_backward:10.07390022277832
INFO:trainer_layer_backward:9.462118148803711
INFO:trainer_layer_backward:10.778665542602539
INFO:trainer_layer_backward:11.249542236328125
INFO:trainer_layer_backward:9.990215301513672
INFO:trainer_layer_backward:10.567665100097656
INFO:trainer_layer_backward:10.69021224975586
INFO:trainer_layer_backward:11.348962783813477
INFO:trainer_layer_backward:10.527372360229492
INFO:trainer_layer_backward:9.612083435058594
INFO:trainer_layer_backward:9.466171264648438
INFO:trainer_layer_backward:9.617805480957031
INFO:trainer_layer_backward:10.02359390258789
INFO:trainer_layer_backward:9.558677673339844
INFO:trainer_layer_backward:10.340452194213867
INFO:trainer_layer_backward:9.645938873291016
INFO:trainer_layer_backward:11.107683181762695
INFO:trainer_layer_backward:9.610891342163086
INFO:trainer_layer_backward:10.445833206176758
INFO:trainer_layer_backward:10.607719421386719
INFO:trainer_layer_backward:10.773181915283203
INFO:trainer_layer_backward:9.580373764038086
INFO:trainer_layer_backward:10.198354721069336
INFO:trainer_layer_backward:9.973764419555664
INFO:trainer_layer_backward:10.785341262817383
INFO:trainer_layer_backward:9.902238845825195
INFO:trainer_layer_backward:10.452747344970703
INFO:trainer_layer_backward:10.520458221435547
INFO:trainer_layer_backward:10.528326034545898
INFO:trainer_layer_backward:10.545730590820312
INFO:trainer_layer_backward:9.445428848266602
INFO:trainer_layer_backward:11.113882064819336
INFO:trainer_layer_backward:10.355949401855469
INFO:trainer_layer_backward:9.582042694091797
INFO:trainer_layer_backward:10.210752487182617
INFO:trainer_layer_backward:11.31749153137207
INFO:trainer_layer_backward:11.044025421142578
INFO:trainer_layer_backward:9.84811782836914
INFO:trainer_layer_backward:10.30731201171875
INFO:trainer_layer_backward:10.761022567749023
INFO:trainer_layer_backward:10.855436325073242
INFO:trainer_layer_backward:10.44607162475586
INFO:trainer_layer_backward:9.417295455932617
INFO:trainer_layer_backward:10.17451286315918
INFO:trainer_layer_backward:11.36636734008789
INFO:trainer_layer_backward:10.850191116333008
INFO:trainer_layer_backward:9.408712387084961
INFO:trainer_layer_backward:10.7574462890625
INFO:trainer_layer_backward:11.312246322631836
INFO:trainer_layer_backward:10.791778564453125
INFO:trainer_layer_backward:10.848283767700195
INFO:trainer_layer_backward:9.424209594726562
INFO:trainer_layer_backward:9.473800659179688
INFO:trainer_layer_backward:9.457111358642578
INFO:trainer_layer_backward:9.41324234008789
INFO:trainer_layer_backward:9.908914566040039
INFO:trainer_layer_backward:11.19542121887207
INFO:trainer_layer_backward:10.690689086914062
INFO:trainer_layer_backward:9.617090225219727
INFO:trainer_layer_backward:10.412216186523438
INFO:trainer_layer_backward:10.026216506958008
INFO:trainer_layer_backward:10.807275772094727
INFO:trainer_layer_backward:9.615421295166016
INFO:trainer_layer_backward:9.413003921508789
INFO:trainer_layer_backward:9.560108184814453
INFO:trainer_layer_backward:11.137008666992188
INFO:trainer_layer_backward:10.668754577636719
INFO:trainer_layer_backward:9.859323501586914
INFO:trainer_layer_backward:9.510040283203125
INFO:trainer_layer_backward:11.291742324829102
INFO:trainer_layer_backward:10.762214660644531
INFO:trainer_layer_backward:9.463071823120117
INFO:trainer_layer_backward:10.222196578979492
INFO:trainer_layer_backward:10.88404655456543
INFO:trainer_layer_backward:11.044740676879883
INFO:trainer_layer_backward:9.982585906982422
INFO:trainer_layer_backward:9.715080261230469
INFO:trainer_layer_backward:10.61868667602539
INFO:trainer_layer_backward:10.70857048034668
INFO:trainer_layer_backward:10.02955436706543
INFO:trainer_layer_backward:9.544610977172852
INFO:trainer_layer_backward:10.042190551757812
INFO:trainer_layer_backward:10.22791862487793
INFO:trainer_layer_backward:9.49716567993164
INFO:trainer_layer_backward:10.892391204833984
INFO:trainer_layer_backward:11.025190353393555
INFO:trainer_layer_backward:10.743856430053711
INFO:trainer_layer_backward:10.034561157226562
INFO:trainer_layer_backward:9.443998336791992
INFO:trainer_layer_backward:11.106014251708984
INFO:trainer_layer_backward:10.375261306762695
INFO:trainer_layer_backward:9.428262710571289
INFO:trainer_layer_backward:10.248422622680664
INFO:trainer_layer_backward:9.929895401000977
INFO:trainer_layer_backward:10.091066360473633
INFO:trainer_layer_backward:9.892940521240234
INFO:trainer_layer_backward:10.74981689453125
INFO:trainer_layer_backward:10.637998580932617
INFO:trainer_layer_backward:9.960174560546875
INFO:trainer_layer_backward:10.419607162475586
INFO:trainer_layer_backward:11.080026626586914
INFO:trainer_layer_backward:10.813474655151367
INFO:trainer_layer_backward:10.75887680053711
INFO:trainer_layer_backward:10.037899017333984
INFO:trainer_layer_backward:9.625673294067383
INFO:trainer_layer_backward:10.624170303344727
INFO:trainer_layer_backward:10.230064392089844
INFO:trainer_layer_backward:10.314226150512695
INFO:trainer_layer_backward:9.469985961914062
INFO:trainer_layer_backward:9.561300277709961
INFO:trainer_layer_backward:9.536027908325195
INFO:trainer_layer_backward:9.612321853637695
INFO:trainer_layer_backward:11.09004020690918
INFO:trainer_layer_backward:10.742902755737305
INFO:trainer_layer_backward:11.920928955078125
INFO:trainer_layer_backward:10.294675827026367
INFO:trainer_layer_backward:10.233640670776367
INFO:trainer_layer_backward:10.074615478515625
INFO:trainer_layer_backward:11.439085006713867
INFO:trainer_layer_backward:11.216878890991211
INFO:trainer_layer_backward:9.919166564941406
INFO:trainer_layer_backward:9.99140739440918
INFO:trainer_layer_backward:10.193824768066406
INFO:trainer_layer_backward:10.609626770019531
INFO:trainer_layer_backward:10.152339935302734
INFO:trainer_layer_backward:9.414196014404297
INFO:trainer_layer_backward:11.021614074707031
INFO:trainer_layer_backward:10.221719741821289
INFO:trainer_layer_backward:9.819507598876953
INFO:trainer_layer_backward:9.634256362915039
INFO:trainer_layer_backward:10.697603225708008
INFO:trainer_layer_backward:10.910272598266602
INFO:trainer_layer_backward:10.696172714233398
INFO:trainer_layer_backward:9.426116943359375
INFO:trainer_layer_backward:11.02304458618164
INFO:trainer_layer_backward:11.230707168579102
INFO:trainer_layer_backward:11.890411376953125
INFO:trainer_layer_backward:9.737730026245117
INFO:trainer_layer_backward:10.207653045654297
INFO:trainer_layer_backward:10.31041145324707
INFO:trainer_layer_backward:10.127544403076172
INFO:trainer_layer_backward:10.353565216064453
INFO:trainer_layer_backward:9.459257125854492
INFO:trainer_layer_backward:11.393547058105469
INFO:trainer_layer_backward:11.409282684326172
INFO:trainer_layer_backward:10.356426239013672
INFO:trainer_layer_backward:10.741233825683594
INFO:trainer_layer_backward:10.099649429321289
INFO:trainer_layer_backward:10.706663131713867
INFO:trainer_layer_backward:9.951114654541016
INFO:trainer_layer_backward:9.389877319335938
INFO:trainer_layer_backward:10.720252990722656
INFO:trainer_layer_backward:10.290861129760742
INFO:trainer_layer_backward:9.779214859008789
INFO:trainer_layer_backward:9.860515594482422
INFO:trainer_layer_backward:9.656906127929688
INFO:trainer_layer_backward:9.598731994628906
INFO:trainer_layer_backward:9.777069091796875
INFO:trainer_layer_backward:9.712696075439453
INFO:trainer_layer_backward:9.452581405639648
INFO:trainer_layer_backward:10.673046112060547
INFO:trainer_layer_backward:11.368989944458008
INFO:trainer_layer_backward:10.444164276123047
INFO:trainer_layer_backward:9.482860565185547
INFO:trainer_layer_backward:9.598493576049805
INFO:trainer_layer_backward:10.646343231201172
INFO:trainer_layer_backward:9.779691696166992
INFO:trainer_layer_backward:10.29825210571289
INFO:trainer_layer_backward:10.26463508605957
INFO:trainer_layer_backward:9.767293930053711
INFO:trainer_layer_backward:10.484695434570312
INFO:trainer_layer_backward:9.995222091674805
INFO:trainer_layer_backward:9.669065475463867
INFO:trainer_layer_backward:11.203289031982422
INFO:trainer_layer_backward:9.82046127319336
INFO:trainer_layer_backward:10.059833526611328
INFO:trainer_layer_backward:10.721683502197266
INFO:trainer_layer_backward:9.826898574829102
INFO:trainer_layer_backward:10.803461074829102
INFO:trainer_layer_backward:10.089635848999023
INFO:trainer_layer_backward:9.808063507080078
INFO:trainer_layer_backward:9.789466857910156
INFO:trainer_layer_backward:9.686470031738281
INFO:trainer_layer_backward:10.26463508605957
INFO:trainer_layer_backward:9.630680084228516
INFO:trainer_layer_backward:9.971857070922852
INFO:trainer_layer_backward:9.58108901977539
INFO:trainer_layer_backward:9.98234748840332
INFO:trainer_layer_backward:10.722160339355469
INFO:trainer_layer_backward:10.385274887084961
INFO:trainer_layer_backward:9.557008743286133
INFO:trainer_layer_backward:10.319709777832031
INFO:trainer_layer_backward:10.261774063110352
INFO:trainer_layer_backward:10.041952133178711
INFO:trainer_layer_backward:9.585857391357422
INFO:trainer_layer_backward:10.488510131835938
INFO:trainer_layer_backward:10.646581649780273
INFO:trainer_layer_backward:9.777545928955078
INFO:trainer_layer_backward:12.610435485839844
INFO:trainer_layer_backward:9.997367858886719
INFO:trainer_layer_backward:10.759592056274414
INFO:trainer_layer_backward:10.279417037963867
INFO:trainer_layer_backward:9.928703308105469
INFO:trainer_layer_backward:9.458541870117188
INFO:trainer_layer_backward:9.611845016479492
INFO:trainer_layer_backward:9.443283081054688
INFO:trainer_layer_backward:10.499954223632812
INFO:trainer_layer_backward:9.508371353149414
INFO:trainer_layer_backward:10.639429092407227
INFO:trainer_layer_backward:10.23411750793457
INFO:trainer_layer_backward:11.529922485351562
INFO:trainer_layer_backward:10.753631591796875
INFO:trainer_layer_backward:10.348320007324219
INFO:trainer_layer_backward:11.039018630981445
INFO:trainer_layer_backward:10.539770126342773
INFO:trainer_layer_backward:10.901927947998047
INFO:trainer_layer_backward:10.06627082824707
INFO:trainer_layer_backward:10.408639907836914
INFO:trainer_layer_backward:11.225461959838867
INFO:trainer_layer_backward:10.665416717529297
INFO:trainer_layer_backward:9.810209274291992
INFO:trainer_layer_backward:10.38217544555664
INFO:trainer_layer_backward:10.602235794067383
INFO:trainer_layer_backward:10.3302001953125
INFO:trainer_layer_backward:9.93037223815918
INFO:trainer_layer_backward:9.741067886352539
INFO:trainer_layer_backward:11.344671249389648
INFO:trainer_layer_backward:10.789871215820312
INFO:trainer_layer_backward:10.529279708862305
INFO:trainer_layer_backward:9.534120559692383
