INFO:trainer_layer_backward:CNNEx | mnist
INFO:trainer_layer_backward:in_size : 256 | epochs : 1 | batch : 1
INFO:trainer_layer_backward:kernel_l1 : 129 | 
INFO:trainer_layer_backward:o_channels_l1 : 20 | 
INFO:trainer_layer_backward:learn_num_train : 1000 | learn_num_validate : 0 
INFO:trainer_layer_backward::::::::::::::::::::::::::::::::::::::::::::::::::::::::::::
INFO:trainer_layer_backward:message : conv1 
INFO:trainer_layer_backward::::::::::::::::::::::::::::::::::::::::::::::::::::::::::::
INFO:trainer_layer_backward:Ave_Time : 13.695767672374995
INFO:trainer_layer_backward::::::::::::::::::::::::::::::::::::::::::::::::::::::::::::
INFO:trainer_layer_backward:15.743732452392578
INFO:trainer_layer_backward:13.16213607788086
INFO:trainer_layer_backward:13.160943984985352
INFO:trainer_layer_backward:13.293266296386719
INFO:trainer_layer_backward:13.585805892944336
INFO:trainer_layer_backward:13.094186782836914
INFO:trainer_layer_backward:14.121055603027344
INFO:trainer_layer_backward:13.811826705932617
INFO:trainer_layer_backward:14.34326171875
INFO:trainer_layer_backward:12.910842895507812
INFO:trainer_layer_backward:14.269590377807617
INFO:trainer_layer_backward:14.71257209777832
INFO:trainer_layer_backward:14.876604080200195
INFO:trainer_layer_backward:14.919281005859375
INFO:trainer_layer_backward:14.015674591064453
INFO:trainer_layer_backward:13.84735107421875
INFO:trainer_layer_backward:29.393672943115234
INFO:trainer_layer_backward:14.432191848754883
INFO:trainer_layer_backward:14.511585235595703
INFO:trainer_layer_backward:14.16325569152832
INFO:trainer_layer_backward:13.086318969726562
INFO:trainer_layer_backward:13.710260391235352
INFO:trainer_layer_backward:14.600753784179688
INFO:trainer_layer_backward:14.072179794311523
INFO:trainer_layer_backward:13.35287094116211
INFO:trainer_layer_backward:13.660430908203125
INFO:trainer_layer_backward:12.981653213500977
INFO:trainer_layer_backward:12.520074844360352
INFO:trainer_layer_backward:13.840675354003906
INFO:trainer_layer_backward:13.526439666748047
INFO:trainer_layer_backward:15.114784240722656
INFO:trainer_layer_backward:14.05954360961914
INFO:trainer_layer_backward:13.969182968139648
INFO:trainer_layer_backward:14.510631561279297
INFO:trainer_layer_backward:13.978242874145508
INFO:trainer_layer_backward:13.314485549926758
INFO:trainer_layer_backward:14.05477523803711
INFO:trainer_layer_backward:13.916254043579102
INFO:trainer_layer_backward:14.00899887084961
INFO:trainer_layer_backward:13.266801834106445
INFO:trainer_layer_backward:13.13018798828125
INFO:trainer_layer_backward:15.404462814331055
INFO:trainer_layer_backward:12.91346549987793
INFO:trainer_layer_backward:13.883590698242188
INFO:trainer_layer_backward:12.819051742553711
INFO:trainer_layer_backward:13.751029968261719
INFO:trainer_layer_backward:13.606071472167969
INFO:trainer_layer_backward:13.91911506652832
INFO:trainer_layer_backward:13.944387435913086
INFO:trainer_layer_backward:14.428138732910156
INFO:trainer_layer_backward:13.813972473144531
INFO:trainer_layer_backward:12.442588806152344
INFO:trainer_layer_backward:12.409210205078125
INFO:trainer_layer_backward:13.366222381591797
INFO:trainer_layer_backward:13.968706130981445
INFO:trainer_layer_backward:13.393163681030273
INFO:trainer_layer_backward:13.362646102905273
INFO:trainer_layer_backward:12.913227081298828
INFO:trainer_layer_backward:12.328147888183594
INFO:trainer_layer_backward:13.549566268920898
INFO:trainer_layer_backward:13.206243515014648
INFO:trainer_layer_backward:14.572381973266602
INFO:trainer_layer_backward:13.900995254516602
INFO:trainer_layer_backward:14.059305191040039
INFO:trainer_layer_backward:14.234542846679688
INFO:trainer_layer_backward:13.355493545532227
INFO:trainer_layer_backward:14.12510871887207
INFO:trainer_layer_backward:13.402223587036133
INFO:trainer_layer_backward:13.961076736450195
INFO:trainer_layer_backward:13.608694076538086
INFO:trainer_layer_backward:13.463735580444336
INFO:trainer_layer_backward:12.95328140258789
INFO:trainer_layer_backward:12.417078018188477
INFO:trainer_layer_backward:13.804912567138672
INFO:trainer_layer_backward:13.961076736450195
INFO:trainer_layer_backward:14.102458953857422
INFO:trainer_layer_backward:13.670206069946289
INFO:trainer_layer_backward:14.130115509033203
INFO:trainer_layer_backward:13.338565826416016
INFO:trainer_layer_backward:14.09006118774414
INFO:trainer_layer_backward:13.94963264465332
INFO:trainer_layer_backward:14.178991317749023
INFO:trainer_layer_backward:14.235973358154297
INFO:trainer_layer_backward:14.146804809570312
INFO:trainer_layer_backward:13.824224472045898
INFO:trainer_layer_backward:13.58485221862793
INFO:trainer_layer_backward:12.896299362182617
INFO:trainer_layer_backward:12.363433837890625
INFO:trainer_layer_backward:13.64278793334961
INFO:trainer_layer_backward:13.823986053466797
INFO:trainer_layer_backward:13.371467590332031
INFO:trainer_layer_backward:14.013528823852539
INFO:trainer_layer_backward:14.43934440612793
INFO:trainer_layer_backward:14.07480239868164
INFO:trainer_layer_backward:13.515472412109375
INFO:trainer_layer_backward:13.971805572509766
INFO:trainer_layer_backward:14.000177383422852
INFO:trainer_layer_backward:14.128684997558594
INFO:trainer_layer_backward:13.279438018798828
INFO:trainer_layer_backward:12.737035751342773
INFO:trainer_layer_backward:12.89677619934082
INFO:trainer_layer_backward:12.883901596069336
INFO:trainer_layer_backward:13.185501098632812
INFO:trainer_layer_backward:14.285802841186523
INFO:trainer_layer_backward:13.67497444152832
INFO:trainer_layer_backward:14.362335205078125
INFO:trainer_layer_backward:14.350652694702148
INFO:trainer_layer_backward:14.268159866333008
INFO:trainer_layer_backward:13.511896133422852
INFO:trainer_layer_backward:14.126062393188477
INFO:trainer_layer_backward:14.051198959350586
INFO:trainer_layer_backward:13.282299041748047
INFO:trainer_layer_backward:13.318538665771484
INFO:trainer_layer_backward:12.877941131591797
INFO:trainer_layer_backward:12.436151504516602
INFO:trainer_layer_backward:14.629364013671875
INFO:trainer_layer_backward:14.348506927490234
INFO:trainer_layer_backward:13.915061950683594
INFO:trainer_layer_backward:14.626026153564453
INFO:trainer_layer_backward:13.543367385864258
INFO:trainer_layer_backward:12.329578399658203
INFO:trainer_layer_backward:12.345552444458008
INFO:trainer_layer_backward:14.77503776550293
INFO:trainer_layer_backward:13.556480407714844
INFO:trainer_layer_backward:13.629436492919922
INFO:trainer_layer_backward:13.750791549682617
INFO:trainer_layer_backward:14.071941375732422
INFO:trainer_layer_backward:14.272928237915039
INFO:trainer_layer_backward:14.264106750488281
INFO:trainer_layer_backward:14.126300811767578
INFO:trainer_layer_backward:13.78941535949707
INFO:trainer_layer_backward:13.374805450439453
INFO:trainer_layer_backward:13.148307800292969
INFO:trainer_layer_backward:12.904882431030273
INFO:trainer_layer_backward:12.342214584350586
INFO:trainer_layer_backward:13.192176818847656
INFO:trainer_layer_backward:13.965606689453125
INFO:trainer_layer_backward:13.653039932250977
INFO:trainer_layer_backward:13.394594192504883
INFO:trainer_layer_backward:14.346122741699219
INFO:trainer_layer_backward:13.577461242675781
INFO:trainer_layer_backward:14.365196228027344
INFO:trainer_layer_backward:14.22262191772461
INFO:trainer_layer_backward:13.545513153076172
INFO:trainer_layer_backward:13.96632194519043
INFO:trainer_layer_backward:13.726234436035156
INFO:trainer_layer_backward:13.889551162719727
INFO:trainer_layer_backward:13.55433464050293
INFO:trainer_layer_backward:13.07988166809082
INFO:trainer_layer_backward:12.952804565429688
INFO:trainer_layer_backward:12.356758117675781
INFO:trainer_layer_backward:13.16690444946289
INFO:trainer_layer_backward:12.36867904663086
INFO:trainer_layer_backward:13.43226432800293
INFO:trainer_layer_backward:13.064146041870117
INFO:trainer_layer_backward:13.476848602294922
INFO:trainer_layer_backward:13.699769973754883
INFO:trainer_layer_backward:12.873411178588867
INFO:trainer_layer_backward:13.049602508544922
INFO:trainer_layer_backward:12.700080871582031
INFO:trainer_layer_backward:12.446880340576172
INFO:trainer_layer_backward:13.603448867797852
INFO:trainer_layer_backward:13.96799087524414
INFO:trainer_layer_backward:14.031648635864258
INFO:trainer_layer_backward:14.641046524047852
INFO:trainer_layer_backward:14.550447463989258
INFO:trainer_layer_backward:14.694690704345703
INFO:trainer_layer_backward:14.768362045288086
INFO:trainer_layer_backward:14.244556427001953
INFO:trainer_layer_backward:14.349699020385742
INFO:trainer_layer_backward:14.284610748291016
INFO:trainer_layer_backward:14.203548431396484
INFO:trainer_layer_backward:14.141321182250977
INFO:trainer_layer_backward:14.650821685791016
INFO:trainer_layer_backward:15.247821807861328
INFO:trainer_layer_backward:14.74142074584961
INFO:trainer_layer_backward:13.47970962524414
INFO:trainer_layer_backward:13.561487197875977
INFO:trainer_layer_backward:13.39578628540039
INFO:trainer_layer_backward:14.074325561523438
INFO:trainer_layer_backward:13.46445083618164
INFO:trainer_layer_backward:13.166427612304688
INFO:trainer_layer_backward:12.906789779663086
INFO:trainer_layer_backward:12.998104095458984
INFO:trainer_layer_backward:12.424230575561523
INFO:trainer_layer_backward:14.054059982299805
INFO:trainer_layer_backward:13.68856430053711
INFO:trainer_layer_backward:14.718294143676758
INFO:trainer_layer_backward:13.372421264648438
INFO:trainer_layer_backward:12.301206588745117
INFO:trainer_layer_backward:12.292146682739258
INFO:trainer_layer_backward:13.76032829284668
INFO:trainer_layer_backward:13.450860977172852
INFO:trainer_layer_backward:13.550281524658203
INFO:trainer_layer_backward:13.55886459350586
INFO:trainer_layer_backward:12.844562530517578
INFO:trainer_layer_backward:12.888669967651367
INFO:trainer_layer_backward:12.31837272644043
INFO:trainer_layer_backward:12.520551681518555
INFO:trainer_layer_backward:13.744115829467773
INFO:trainer_layer_backward:14.156579971313477
INFO:trainer_layer_backward:14.489412307739258
INFO:trainer_layer_backward:14.257431030273438
INFO:trainer_layer_backward:14.189481735229492
INFO:trainer_layer_backward:14.352798461914062
INFO:trainer_layer_backward:13.485908508300781
INFO:trainer_layer_backward:14.182806015014648
INFO:trainer_layer_backward:13.674736022949219
INFO:trainer_layer_backward:13.540506362915039
INFO:trainer_layer_backward:13.547897338867188
INFO:trainer_layer_backward:12.375593185424805
INFO:trainer_layer_backward:14.055490493774414
INFO:trainer_layer_backward:12.742757797241211
INFO:trainer_layer_backward:12.388467788696289
INFO:trainer_layer_backward:14.201164245605469
INFO:trainer_layer_backward:14.095544815063477
INFO:trainer_layer_backward:13.895750045776367
INFO:trainer_layer_backward:14.238357543945312
INFO:trainer_layer_backward:14.12653923034668
INFO:trainer_layer_backward:13.256311416625977
INFO:trainer_layer_backward:13.99540901184082
INFO:trainer_layer_backward:13.981342315673828
INFO:trainer_layer_backward:13.803243637084961
INFO:trainer_layer_backward:14.014005661010742
INFO:trainer_layer_backward:14.21666145324707
INFO:trainer_layer_backward:13.277292251586914
INFO:trainer_layer_backward:12.935638427734375
INFO:trainer_layer_backward:13.50092887878418
INFO:trainer_layer_backward:12.802362442016602
INFO:trainer_layer_backward:12.40086555480957
INFO:trainer_layer_backward:13.761758804321289
INFO:trainer_layer_backward:14.016866683959961
INFO:trainer_layer_backward:14.283180236816406
INFO:trainer_layer_backward:14.446735382080078
INFO:trainer_layer_backward:14.259576797485352
INFO:trainer_layer_backward:23.16594123840332
INFO:trainer_layer_backward:13.983011245727539
INFO:trainer_layer_backward:13.306140899658203
INFO:trainer_layer_backward:13.150930404663086
INFO:trainer_layer_backward:12.638092041015625
INFO:trainer_layer_backward:13.859272003173828
INFO:trainer_layer_backward:14.19830322265625
INFO:trainer_layer_backward:13.503313064575195
INFO:trainer_layer_backward:14.058828353881836
INFO:trainer_layer_backward:13.057947158813477
INFO:trainer_layer_backward:13.658523559570312
INFO:trainer_layer_backward:14.428138732910156
INFO:trainer_layer_backward:14.39666748046875
INFO:trainer_layer_backward:13.605117797851562
INFO:trainer_layer_backward:14.088630676269531
INFO:trainer_layer_backward:13.886213302612305
INFO:trainer_layer_backward:13.58795166015625
INFO:trainer_layer_backward:13.088226318359375
INFO:trainer_layer_backward:12.971162796020508
INFO:trainer_layer_backward:12.474775314331055
INFO:trainer_layer_backward:13.282537460327148
INFO:trainer_layer_backward:13.506889343261719
INFO:trainer_layer_backward:13.815879821777344
INFO:trainer_layer_backward:14.075279235839844
INFO:trainer_layer_backward:13.691186904907227
INFO:trainer_layer_backward:14.114141464233398
INFO:trainer_layer_backward:14.269113540649414
INFO:trainer_layer_backward:13.681650161743164
INFO:trainer_layer_backward:14.174461364746094
INFO:trainer_layer_backward:13.950347900390625
INFO:trainer_layer_backward:13.719558715820312
INFO:trainer_layer_backward:13.739585876464844
INFO:trainer_layer_backward:13.553142547607422
INFO:trainer_layer_backward:13.085126876831055
INFO:trainer_layer_backward:12.991905212402344
INFO:trainer_layer_backward:12.409687042236328
INFO:trainer_layer_backward:13.149499893188477
INFO:trainer_layer_backward:14.087677001953125
INFO:trainer_layer_backward:13.50712776184082
INFO:trainer_layer_backward:13.720989227294922
INFO:trainer_layer_backward:14.238595962524414
INFO:trainer_layer_backward:14.066457748413086
INFO:trainer_layer_backward:13.750791549682617
INFO:trainer_layer_backward:14.130592346191406
INFO:trainer_layer_backward:14.389514923095703
INFO:trainer_layer_backward:14.407157897949219
INFO:trainer_layer_backward:14.488697052001953
INFO:trainer_layer_backward:14.448165893554688
INFO:trainer_layer_backward:13.532876968383789
INFO:trainer_layer_backward:14.068365097045898
INFO:trainer_layer_backward:13.385534286499023
INFO:trainer_layer_backward:13.689517974853516
INFO:trainer_layer_backward:13.460159301757812
INFO:trainer_layer_backward:13.01121711730957
INFO:trainer_layer_backward:12.930870056152344
INFO:trainer_layer_backward:12.610912322998047
INFO:trainer_layer_backward:13.951539993286133
INFO:trainer_layer_backward:13.276815414428711
INFO:trainer_layer_backward:13.587713241577148
INFO:trainer_layer_backward:14.008283615112305
INFO:trainer_layer_backward:14.11294937133789
INFO:trainer_layer_backward:13.492584228515625
INFO:trainer_layer_backward:13.967752456665039
INFO:trainer_layer_backward:13.739824295043945
INFO:trainer_layer_backward:12.980937957763672
INFO:trainer_layer_backward:13.582944869995117
INFO:trainer_layer_backward:13.66424560546875
INFO:trainer_layer_backward:13.296365737915039
INFO:trainer_layer_backward:14.17684555053711
INFO:trainer_layer_backward:12.750864028930664
INFO:trainer_layer_backward:13.414144515991211
INFO:trainer_layer_backward:14.786005020141602
INFO:trainer_layer_backward:12.419462203979492
INFO:trainer_layer_backward:13.525724411010742
INFO:trainer_layer_backward:14.461040496826172
INFO:trainer_layer_backward:13.840198516845703
INFO:trainer_layer_backward:14.628410339355469
INFO:trainer_layer_backward:14.499902725219727
INFO:trainer_layer_backward:14.512062072753906
INFO:trainer_layer_backward:13.285398483276367
INFO:trainer_layer_backward:14.716148376464844
INFO:trainer_layer_backward:13.785362243652344
INFO:trainer_layer_backward:13.778209686279297
INFO:trainer_layer_backward:13.869762420654297
INFO:trainer_layer_backward:14.866828918457031
INFO:trainer_layer_backward:14.846563339233398
INFO:trainer_layer_backward:13.656139373779297
INFO:trainer_layer_backward:15.053033828735352
INFO:trainer_layer_backward:13.55290412902832
INFO:trainer_layer_backward:13.788223266601562
INFO:trainer_layer_backward:12.373685836791992
INFO:trainer_layer_backward:12.929439544677734
INFO:trainer_layer_backward:14.281988143920898
INFO:trainer_layer_backward:14.141321182250977
INFO:trainer_layer_backward:13.676643371582031
INFO:trainer_layer_backward:14.223337173461914
INFO:trainer_layer_backward:12.453794479370117
INFO:trainer_layer_backward:13.256072998046875
INFO:trainer_layer_backward:12.522459030151367
INFO:trainer_layer_backward:12.388944625854492
INFO:trainer_layer_backward:12.94398307800293
INFO:trainer_layer_backward:13.064146041870117
INFO:trainer_layer_backward:13.065338134765625
INFO:trainer_layer_backward:12.416601181030273
INFO:trainer_layer_backward:12.461423873901367
INFO:trainer_layer_backward:14.063835144042969
INFO:trainer_layer_backward:13.293027877807617
INFO:trainer_layer_backward:15.073299407958984
INFO:trainer_layer_backward:13.852834701538086
INFO:trainer_layer_backward:14.775753021240234
INFO:trainer_layer_backward:13.796567916870117
INFO:trainer_layer_backward:14.360666275024414
INFO:trainer_layer_backward:14.221906661987305
INFO:trainer_layer_backward:13.479471206665039
INFO:trainer_layer_backward:14.48965072631836
INFO:trainer_layer_backward:13.265609741210938
INFO:trainer_layer_backward:13.681650161743164
INFO:trainer_layer_backward:13.749122619628906
INFO:trainer_layer_backward:14.03188705444336
INFO:trainer_layer_backward:13.511896133422852
INFO:trainer_layer_backward:13.506174087524414
INFO:trainer_layer_backward:12.42828369140625
INFO:trainer_layer_backward:12.363195419311523
INFO:trainer_layer_backward:13.348579406738281
INFO:trainer_layer_backward:14.234542846679688
INFO:trainer_layer_backward:14.342308044433594
INFO:trainer_layer_backward:15.143394470214844
INFO:trainer_layer_backward:14.675617218017578
INFO:trainer_layer_backward:13.712644577026367
INFO:trainer_layer_backward:13.977766036987305
INFO:trainer_layer_backward:14.104127883911133
INFO:trainer_layer_backward:13.640165328979492
INFO:trainer_layer_backward:13.698101043701172
INFO:trainer_layer_backward:14.844179153442383
INFO:trainer_layer_backward:14.117717742919922
INFO:trainer_layer_backward:13.031005859375
INFO:trainer_layer_backward:13.770580291748047
INFO:trainer_layer_backward:14.673948287963867
INFO:trainer_layer_backward:13.89455795288086
INFO:trainer_layer_backward:13.447284698486328
INFO:trainer_layer_backward:13.330698013305664
INFO:trainer_layer_backward:12.441873550415039
INFO:trainer_layer_backward:13.652801513671875
INFO:trainer_layer_backward:12.450933456420898
INFO:trainer_layer_backward:14.243125915527344
INFO:trainer_layer_backward:13.75889778137207
INFO:trainer_layer_backward:13.826131820678711
INFO:trainer_layer_backward:14.446735382080078
INFO:trainer_layer_backward:14.188051223754883
INFO:trainer_layer_backward:14.129638671875
INFO:trainer_layer_backward:12.978792190551758
INFO:trainer_layer_backward:13.566017150878906
INFO:trainer_layer_backward:14.144420623779297
INFO:trainer_layer_backward:14.49894905090332
INFO:trainer_layer_backward:13.461589813232422
INFO:trainer_layer_backward:14.185905456542969
INFO:trainer_layer_backward:14.103889465332031
INFO:trainer_layer_backward:14.108896255493164
INFO:trainer_layer_backward:13.625144958496094
INFO:trainer_layer_backward:13.574361801147461
INFO:trainer_layer_backward:12.89057731628418
INFO:trainer_layer_backward:12.410879135131836
INFO:trainer_layer_backward:14.670133590698242
INFO:trainer_layer_backward:13.298511505126953
INFO:trainer_layer_backward:13.586997985839844
INFO:trainer_layer_backward:13.378381729125977
INFO:trainer_layer_backward:13.543367385864258
INFO:trainer_layer_backward:13.366937637329102
INFO:trainer_layer_backward:14.366388320922852
INFO:trainer_layer_backward:13.740301132202148
INFO:trainer_layer_backward:14.1448974609375
INFO:trainer_layer_backward:14.15395736694336
INFO:trainer_layer_backward:14.300346374511719
INFO:trainer_layer_backward:13.338804244995117
INFO:trainer_layer_backward:13.249397277832031
INFO:trainer_layer_backward:14.796018600463867
INFO:trainer_layer_backward:12.999773025512695
INFO:trainer_layer_backward:13.30113410949707
INFO:trainer_layer_backward:12.750625610351562
INFO:trainer_layer_backward:12.459754943847656
INFO:trainer_layer_backward:13.757467269897461
INFO:trainer_layer_backward:14.107465744018555
INFO:trainer_layer_backward:13.33308219909668
INFO:trainer_layer_backward:14.520406723022461
INFO:trainer_layer_backward:13.417959213256836
INFO:trainer_layer_backward:13.661384582519531
INFO:trainer_layer_backward:13.669967651367188
INFO:trainer_layer_backward:14.053821563720703
INFO:trainer_layer_backward:12.931108474731445
INFO:trainer_layer_backward:13.195514678955078
INFO:trainer_layer_backward:12.693405151367188
INFO:trainer_layer_backward:12.930631637573242
INFO:trainer_layer_backward:13.949155807495117
INFO:trainer_layer_backward:12.93325424194336
INFO:trainer_layer_backward:13.480663299560547
INFO:trainer_layer_backward:13.562679290771484
INFO:trainer_layer_backward:13.691186904907227
INFO:trainer_layer_backward:12.498140335083008
INFO:trainer_layer_backward:13.756275177001953
INFO:trainer_layer_backward:14.345884323120117
INFO:trainer_layer_backward:13.73744010925293
INFO:trainer_layer_backward:12.406587600708008
INFO:trainer_layer_backward:12.440204620361328
INFO:trainer_layer_backward:13.254404067993164
INFO:trainer_layer_backward:14.040231704711914
INFO:trainer_layer_backward:14.189004898071289
INFO:trainer_layer_backward:13.354778289794922
INFO:trainer_layer_backward:12.89987564086914
INFO:trainer_layer_backward:13.004064559936523
INFO:trainer_layer_backward:13.215780258178711
INFO:trainer_layer_backward:14.770746231079102
INFO:trainer_layer_backward:14.1448974609375
INFO:trainer_layer_backward:13.964414596557617
INFO:trainer_layer_backward:13.977527618408203
INFO:trainer_layer_backward:14.012575149536133
INFO:trainer_layer_backward:14.477252960205078
INFO:trainer_layer_backward:14.727115631103516
INFO:trainer_layer_backward:13.352394104003906
INFO:trainer_layer_backward:15.021800994873047
INFO:trainer_layer_backward:14.677762985229492
INFO:trainer_layer_backward:13.793706893920898
INFO:trainer_layer_backward:13.584136962890625
INFO:trainer_layer_backward:13.995885848999023
INFO:trainer_layer_backward:13.204097747802734
INFO:trainer_layer_backward:13.243675231933594
INFO:trainer_layer_backward:12.466907501220703
INFO:trainer_layer_backward:13.190746307373047
INFO:trainer_layer_backward:12.438058853149414
INFO:trainer_layer_backward:13.263940811157227
INFO:trainer_layer_backward:13.505935668945312
INFO:trainer_layer_backward:13.552188873291016
INFO:trainer_layer_backward:13.939142227172852
INFO:trainer_layer_backward:13.483762741088867
INFO:trainer_layer_backward:13.419866561889648
INFO:trainer_layer_backward:17.043352127075195
INFO:trainer_layer_backward:13.120174407958984
INFO:trainer_layer_backward:12.478113174438477
INFO:trainer_layer_backward:13.328075408935547
INFO:trainer_layer_backward:13.109445571899414
INFO:trainer_layer_backward:12.424707412719727
INFO:trainer_layer_backward:13.871192932128906
INFO:trainer_layer_backward:12.438058853149414
INFO:trainer_layer_backward:15.102624893188477
INFO:trainer_layer_backward:13.689517974853516
INFO:trainer_layer_backward:14.15705680847168
INFO:trainer_layer_backward:14.192819595336914
INFO:trainer_layer_backward:13.972997665405273
INFO:trainer_layer_backward:13.902425765991211
INFO:trainer_layer_backward:14.279603958129883
INFO:trainer_layer_backward:14.301538467407227
INFO:trainer_layer_backward:14.01972770690918
INFO:trainer_layer_backward:13.738155364990234
INFO:trainer_layer_backward:14.327287673950195
INFO:trainer_layer_backward:14.206171035766602
INFO:trainer_layer_backward:13.847827911376953
INFO:trainer_layer_backward:13.265371322631836
INFO:trainer_layer_backward:12.971639633178711
INFO:trainer_layer_backward:12.431144714355469
INFO:trainer_layer_backward:13.262033462524414
INFO:trainer_layer_backward:13.432502746582031
INFO:trainer_layer_backward:14.69731330871582
INFO:trainer_layer_backward:13.67807388305664
INFO:trainer_layer_backward:14.41335678100586
INFO:trainer_layer_backward:15.00701904296875
INFO:trainer_layer_backward:14.454364776611328
INFO:trainer_layer_backward:14.002561569213867
INFO:trainer_layer_backward:14.256715774536133
INFO:trainer_layer_backward:13.532876968383789
INFO:trainer_layer_backward:14.013051986694336
INFO:trainer_layer_backward:13.546228408813477
INFO:trainer_layer_backward:12.889385223388672
INFO:trainer_layer_backward:12.948989868164062
INFO:trainer_layer_backward:12.446403503417969
INFO:trainer_layer_backward:14.16921615600586
INFO:trainer_layer_backward:13.343095779418945
INFO:trainer_layer_backward:14.396905899047852
INFO:trainer_layer_backward:13.354301452636719
INFO:trainer_layer_backward:14.060258865356445
INFO:trainer_layer_backward:13.347387313842773
INFO:trainer_layer_backward:14.292240142822266
INFO:trainer_layer_backward:13.955354690551758
INFO:trainer_layer_backward:14.39666748046875
INFO:trainer_layer_backward:14.106988906860352
INFO:trainer_layer_backward:14.697074890136719
INFO:trainer_layer_backward:14.306306838989258
INFO:trainer_layer_backward:13.482332229614258
INFO:trainer_layer_backward:14.313459396362305
INFO:trainer_layer_backward:14.754295349121094
INFO:trainer_layer_backward:14.471054077148438
INFO:trainer_layer_backward:14.683246612548828
INFO:trainer_layer_backward:14.287471771240234
INFO:trainer_layer_backward:13.988494873046875
INFO:trainer_layer_backward:13.455390930175781
INFO:trainer_layer_backward:14.228582382202148
INFO:trainer_layer_backward:14.714717864990234
INFO:trainer_layer_backward:15.07711410522461
INFO:trainer_layer_backward:14.159440994262695
INFO:trainer_layer_backward:14.652252197265625
INFO:trainer_layer_backward:14.412403106689453
INFO:trainer_layer_backward:13.441324234008789
INFO:trainer_layer_backward:13.337373733520508
INFO:trainer_layer_backward:13.04483413696289
INFO:trainer_layer_backward:14.5263671875
INFO:trainer_layer_backward:13.086795806884766
INFO:trainer_layer_backward:13.32402229309082
INFO:trainer_layer_backward:14.435768127441406
INFO:trainer_layer_backward:14.567136764526367
INFO:trainer_layer_backward:13.184070587158203
INFO:trainer_layer_backward:14.055490493774414
INFO:trainer_layer_backward:13.586759567260742
INFO:trainer_layer_backward:13.787508010864258
INFO:trainer_layer_backward:14.372825622558594
INFO:trainer_layer_backward:14.160871505737305
INFO:trainer_layer_backward:13.648748397827148
INFO:trainer_layer_backward:15.882730484008789
INFO:trainer_layer_backward:14.935731887817383
INFO:trainer_layer_backward:14.041662216186523
INFO:trainer_layer_backward:14.623880386352539
INFO:trainer_layer_backward:14.713287353515625
INFO:trainer_layer_backward:14.39666748046875
INFO:trainer_layer_backward:14.29438591003418
INFO:trainer_layer_backward:14.113187789916992
INFO:trainer_layer_backward:14.217138290405273
INFO:trainer_layer_backward:13.859033584594727
INFO:trainer_layer_backward:13.800382614135742
INFO:trainer_layer_backward:13.859748840332031
INFO:trainer_layer_backward:14.14346694946289
INFO:trainer_layer_backward:14.108419418334961
INFO:trainer_layer_backward:14.25623893737793
INFO:trainer_layer_backward:13.967275619506836
INFO:trainer_layer_backward:13.055562973022461
INFO:trainer_layer_backward:13.31186294555664
INFO:trainer_layer_backward:12.900829315185547
INFO:trainer_layer_backward:13.166189193725586
INFO:trainer_layer_backward:14.232397079467773
INFO:trainer_layer_backward:13.862848281860352
INFO:trainer_layer_backward:14.073610305786133
INFO:trainer_layer_backward:13.974666595458984
INFO:trainer_layer_backward:15.10167121887207
INFO:trainer_layer_backward:14.033317565917969
INFO:trainer_layer_backward:13.999223709106445
INFO:trainer_layer_backward:13.878822326660156
INFO:trainer_layer_backward:14.961719512939453
INFO:trainer_layer_backward:14.171123504638672
INFO:trainer_layer_backward:14.857769012451172
INFO:trainer_layer_backward:14.356374740600586
INFO:trainer_layer_backward:14.59503173828125
INFO:trainer_layer_backward:14.203786849975586
INFO:trainer_layer_backward:14.618396759033203
INFO:trainer_layer_backward:15.298843383789062
INFO:trainer_layer_backward:14.362335205078125
INFO:trainer_layer_backward:14.10984992980957
INFO:trainer_layer_backward:14.148235321044922
INFO:trainer_layer_backward:13.509035110473633
INFO:trainer_layer_backward:13.720273971557617
INFO:trainer_layer_backward:14.800310134887695
INFO:trainer_layer_backward:14.16015625
INFO:trainer_layer_backward:13.5650634765625
INFO:trainer_layer_backward:13.779878616333008
INFO:trainer_layer_backward:13.55290412902832
INFO:trainer_layer_backward:13.245820999145508
INFO:trainer_layer_backward:13.94963264465332
INFO:trainer_layer_backward:12.728214263916016
INFO:trainer_layer_backward:12.458324432373047
INFO:trainer_layer_backward:12.467145919799805
INFO:trainer_layer_backward:13.297557830810547
INFO:trainer_layer_backward:14.05644416809082
INFO:trainer_layer_backward:14.070510864257812
INFO:trainer_layer_backward:14.36471939086914
INFO:trainer_layer_backward:14.002561569213867
INFO:trainer_layer_backward:14.413118362426758
INFO:trainer_layer_backward:13.988494873046875
INFO:trainer_layer_backward:14.122962951660156
INFO:trainer_layer_backward:13.378620147705078
INFO:trainer_layer_backward:13.57722282409668
INFO:trainer_layer_backward:12.760162353515625
INFO:trainer_layer_backward:12.392044067382812
INFO:trainer_layer_backward:13.306856155395508
INFO:trainer_layer_backward:13.744354248046875
INFO:trainer_layer_backward:13.242721557617188
INFO:trainer_layer_backward:13.725042343139648
INFO:trainer_layer_backward:13.582706451416016
INFO:trainer_layer_backward:14.161348342895508
INFO:trainer_layer_backward:13.636589050292969
INFO:trainer_layer_backward:14.382123947143555
INFO:trainer_layer_backward:14.373302459716797
INFO:trainer_layer_backward:13.142108917236328
INFO:trainer_layer_backward:14.06097412109375
INFO:trainer_layer_backward:13.897895812988281
INFO:trainer_layer_backward:13.7481689453125
INFO:trainer_layer_backward:12.820243835449219
INFO:trainer_layer_backward:13.349771499633789
INFO:trainer_layer_backward:13.165950775146484
INFO:trainer_layer_backward:13.456106185913086
INFO:trainer_layer_backward:12.860536575317383
INFO:trainer_layer_backward:13.467550277709961
INFO:trainer_layer_backward:14.61935043334961
INFO:trainer_layer_backward:13.994932174682617
INFO:trainer_layer_backward:14.305830001831055
INFO:trainer_layer_backward:14.012813568115234
INFO:trainer_layer_backward:13.289213180541992
INFO:trainer_layer_backward:13.637065887451172
INFO:trainer_layer_backward:13.783931732177734
INFO:trainer_layer_backward:13.885498046875
INFO:trainer_layer_backward:14.396190643310547
INFO:trainer_layer_backward:13.489961624145508
INFO:trainer_layer_backward:13.703584671020508
INFO:trainer_layer_backward:13.442516326904297
INFO:trainer_layer_backward:13.224124908447266
INFO:trainer_layer_backward:12.993812561035156
INFO:trainer_layer_backward:12.807369232177734
INFO:trainer_layer_backward:12.420177459716797
INFO:trainer_layer_backward:13.567686080932617
INFO:trainer_layer_backward:13.769149780273438
INFO:trainer_layer_backward:13.679027557373047
INFO:trainer_layer_backward:14.275789260864258
INFO:trainer_layer_backward:14.043092727661133
INFO:trainer_layer_backward:14.29438591003418
INFO:trainer_layer_backward:13.207674026489258
INFO:trainer_layer_backward:13.097524642944336
INFO:trainer_layer_backward:13.141155242919922
INFO:trainer_layer_backward:12.905359268188477
INFO:trainer_layer_backward:13.14401626586914
INFO:trainer_layer_backward:12.475967407226562
INFO:trainer_layer_backward:13.696432113647461
INFO:trainer_layer_backward:13.32712173461914
INFO:trainer_layer_backward:12.564659118652344
INFO:trainer_layer_backward:12.500762939453125
INFO:trainer_layer_backward:14.034271240234375
INFO:trainer_layer_backward:14.034509658813477
INFO:trainer_layer_backward:14.190196990966797
INFO:trainer_layer_backward:14.396429061889648
INFO:trainer_layer_backward:14.225959777832031
INFO:trainer_layer_backward:13.607263565063477
INFO:trainer_layer_backward:14.72783088684082
INFO:trainer_layer_backward:14.522552490234375
INFO:trainer_layer_backward:14.188528060913086
INFO:trainer_layer_backward:14.309406280517578
INFO:trainer_layer_backward:14.459609985351562
INFO:trainer_layer_backward:14.452695846557617
INFO:trainer_layer_backward:14.458417892456055
INFO:trainer_layer_backward:13.803720474243164
INFO:trainer_layer_backward:14.225006103515625
INFO:trainer_layer_backward:13.674020767211914
INFO:trainer_layer_backward:13.980388641357422
INFO:trainer_layer_backward:13.506650924682617
INFO:trainer_layer_backward:13.421058654785156
INFO:trainer_layer_backward:12.939214706420898
INFO:trainer_layer_backward:12.522220611572266
INFO:trainer_layer_backward:13.282537460327148
INFO:trainer_layer_backward:13.4429931640625
INFO:trainer_layer_backward:13.453483581542969
INFO:trainer_layer_backward:13.038873672485352
INFO:trainer_layer_backward:13.804912567138672
INFO:trainer_layer_backward:13.777017593383789
INFO:trainer_layer_backward:12.993812561035156
INFO:trainer_layer_backward:12.867450714111328
INFO:trainer_layer_backward:12.47549057006836
INFO:trainer_layer_backward:12.625455856323242
INFO:trainer_layer_backward:13.333320617675781
INFO:trainer_layer_backward:12.704610824584961
INFO:trainer_layer_backward:12.487649917602539
INFO:trainer_layer_backward:13.153553009033203
INFO:trainer_layer_backward:13.227701187133789
INFO:trainer_layer_backward:13.60464096069336
INFO:trainer_layer_backward:13.687849044799805
INFO:trainer_layer_backward:13.526201248168945
INFO:trainer_layer_backward:13.479948043823242
INFO:trainer_layer_backward:13.132572174072266
INFO:trainer_layer_backward:12.411355972290039
INFO:trainer_layer_backward:13.336896896362305
INFO:trainer_layer_backward:13.878345489501953
INFO:trainer_layer_backward:13.530492782592773
INFO:trainer_layer_backward:13.940095901489258
INFO:trainer_layer_backward:14.683008193969727
INFO:trainer_layer_backward:14.462947845458984
INFO:trainer_layer_backward:13.820171356201172
INFO:trainer_layer_backward:14.259815216064453
INFO:trainer_layer_backward:14.317512512207031
INFO:trainer_layer_backward:14.101266860961914
INFO:trainer_layer_backward:14.523983001708984
INFO:trainer_layer_backward:14.043569564819336
INFO:trainer_layer_backward:14.441728591918945
INFO:trainer_layer_backward:13.712644577026367
INFO:trainer_layer_backward:13.574361801147461
INFO:trainer_layer_backward:13.107776641845703
INFO:trainer_layer_backward:12.892007827758789
INFO:trainer_layer_backward:12.420415878295898
INFO:trainer_layer_backward:13.197183609008789
INFO:trainer_layer_backward:13.564825057983398
INFO:trainer_layer_backward:13.474225997924805
INFO:trainer_layer_backward:13.295888900756836
INFO:trainer_layer_backward:14.00303840637207
INFO:trainer_layer_backward:12.738943099975586
INFO:trainer_layer_backward:13.342142105102539
INFO:trainer_layer_backward:13.826847076416016
INFO:trainer_layer_backward:12.840747833251953
INFO:trainer_layer_backward:12.39156723022461
INFO:trainer_layer_backward:13.28134536743164
INFO:trainer_layer_backward:12.627363204956055
INFO:trainer_layer_backward:13.289213180541992
INFO:trainer_layer_backward:12.501955032348633
INFO:trainer_layer_backward:14.290332794189453
INFO:trainer_layer_backward:14.505386352539062
INFO:trainer_layer_backward:13.114213943481445
INFO:trainer_layer_backward:13.571977615356445
INFO:trainer_layer_backward:14.048337936401367
INFO:trainer_layer_backward:13.897418975830078
INFO:trainer_layer_backward:15.355825424194336
INFO:trainer_layer_backward:13.498067855834961
INFO:trainer_layer_backward:13.601541519165039
INFO:trainer_layer_backward:12.770891189575195
INFO:trainer_layer_backward:13.266324996948242
INFO:trainer_layer_backward:13.329029083251953
INFO:trainer_layer_backward:13.863563537597656
INFO:trainer_layer_backward:14.64533805847168
INFO:trainer_layer_backward:14.404296875
INFO:trainer_layer_backward:13.485193252563477
INFO:trainer_layer_backward:12.749910354614258
INFO:trainer_layer_backward:12.420177459716797
INFO:trainer_layer_backward:14.942407608032227
INFO:trainer_layer_backward:14.19830322265625
INFO:trainer_layer_backward:13.403892517089844
INFO:trainer_layer_backward:14.074325561523438
INFO:trainer_layer_backward:13.268470764160156
INFO:trainer_layer_backward:12.937545776367188
INFO:trainer_layer_backward:13.107061386108398
INFO:trainer_layer_backward:12.414932250976562
INFO:trainer_layer_backward:12.890100479125977
INFO:trainer_layer_backward:14.039039611816406
INFO:trainer_layer_backward:13.388633728027344
INFO:trainer_layer_backward:13.367414474487305
INFO:trainer_layer_backward:12.460947036743164
INFO:trainer_layer_backward:13.270854949951172
INFO:trainer_layer_backward:14.286994934082031
INFO:trainer_layer_backward:14.429092407226562
INFO:trainer_layer_backward:14.450788497924805
INFO:trainer_layer_backward:13.283014297485352
INFO:trainer_layer_backward:13.676643371582031
INFO:trainer_layer_backward:13.47208023071289
INFO:trainer_layer_backward:13.488531112670898
INFO:trainer_layer_backward:13.261556625366211
INFO:trainer_layer_backward:12.665510177612305
INFO:trainer_layer_backward:12.618541717529297
INFO:trainer_layer_backward:15.077590942382812
INFO:trainer_layer_backward:13.49496841430664
INFO:trainer_layer_backward:14.624357223510742
INFO:trainer_layer_backward:13.844013214111328
INFO:trainer_layer_backward:14.283895492553711
INFO:trainer_layer_backward:14.095306396484375
INFO:trainer_layer_backward:13.649463653564453
INFO:trainer_layer_backward:14.36471939086914
INFO:trainer_layer_backward:13.393640518188477
INFO:trainer_layer_backward:14.351129531860352
INFO:trainer_layer_backward:14.104366302490234
INFO:trainer_layer_backward:13.172388076782227
INFO:trainer_layer_backward:14.208793640136719
INFO:trainer_layer_backward:13.283252716064453
INFO:trainer_layer_backward:12.470722198486328
INFO:trainer_layer_backward:13.155460357666016
INFO:trainer_layer_backward:12.482404708862305
INFO:trainer_layer_backward:13.767242431640625
INFO:trainer_layer_backward:12.386798858642578
INFO:trainer_layer_backward:13.308048248291016
INFO:trainer_layer_backward:14.27912712097168
INFO:trainer_layer_backward:13.838052749633789
INFO:trainer_layer_backward:14.117717742919922
INFO:trainer_layer_backward:14.079570770263672
INFO:trainer_layer_backward:13.181686401367188
INFO:trainer_layer_backward:14.030933380126953
INFO:trainer_layer_backward:13.72218132019043
INFO:trainer_layer_backward:14.174938201904297
INFO:trainer_layer_backward:13.686895370483398
INFO:trainer_layer_backward:13.536691665649414
INFO:trainer_layer_backward:13.451337814331055
INFO:trainer_layer_backward:14.471769332885742
INFO:trainer_layer_backward:13.175487518310547
INFO:trainer_layer_backward:13.666868209838867
INFO:trainer_layer_backward:12.917041778564453
INFO:trainer_layer_backward:12.464046478271484
INFO:trainer_layer_backward:14.562845230102539
INFO:trainer_layer_backward:14.178752899169922
INFO:trainer_layer_backward:13.31186294555664
INFO:trainer_layer_backward:13.249397277832031
INFO:trainer_layer_backward:13.859748840332031
INFO:trainer_layer_backward:13.853073120117188
INFO:trainer_layer_backward:14.687776565551758
INFO:trainer_layer_backward:13.670921325683594
INFO:trainer_layer_backward:13.552665710449219
INFO:trainer_layer_backward:14.038562774658203
INFO:trainer_layer_backward:14.188766479492188
INFO:trainer_layer_backward:13.704776763916016
INFO:trainer_layer_backward:13.370037078857422
INFO:trainer_layer_backward:13.092517852783203
INFO:trainer_layer_backward:12.473344802856445
INFO:trainer_layer_backward:13.258695602416992
INFO:trainer_layer_backward:12.71963119506836
INFO:trainer_layer_backward:12.452840805053711
INFO:trainer_layer_backward:13.22627067565918
INFO:trainer_layer_backward:13.260841369628906
INFO:trainer_layer_backward:12.660026550292969
INFO:trainer_layer_backward:13.248443603515625
INFO:trainer_layer_backward:13.675689697265625
INFO:trainer_layer_backward:12.948989868164062
INFO:trainer_layer_backward:13.206005096435547
INFO:trainer_layer_backward:13.089656829833984
INFO:trainer_layer_backward:12.6800537109375
INFO:trainer_layer_backward:13.40937614440918
INFO:trainer_layer_backward:13.598918914794922
INFO:trainer_layer_backward:14.17088508605957
INFO:trainer_layer_backward:14.518499374389648
INFO:trainer_layer_backward:13.797760009765625
INFO:trainer_layer_backward:14.254331588745117
INFO:trainer_layer_backward:13.702630996704102
INFO:trainer_layer_backward:14.01066780090332
INFO:trainer_layer_backward:13.873815536499023
INFO:trainer_layer_backward:13.35597038269043
INFO:trainer_layer_backward:13.106346130371094
INFO:trainer_layer_backward:12.450456619262695
INFO:trainer_layer_backward:15.118598937988281
INFO:trainer_layer_backward:14.73689079284668
INFO:trainer_layer_backward:12.423515319824219
INFO:trainer_layer_backward:13.733863830566406
INFO:trainer_layer_backward:14.417171478271484
INFO:trainer_layer_backward:13.968706130981445
INFO:trainer_layer_backward:13.478994369506836
INFO:trainer_layer_backward:13.984441757202148
INFO:trainer_layer_backward:12.800216674804688
INFO:trainer_layer_backward:12.66789436340332
INFO:trainer_layer_backward:13.80610466003418
INFO:trainer_layer_backward:12.754678726196289
INFO:trainer_layer_backward:12.470245361328125
INFO:trainer_layer_backward:13.631105422973633
INFO:trainer_layer_backward:12.416839599609375
INFO:trainer_layer_backward:14.194965362548828
INFO:trainer_layer_backward:14.320611953735352
INFO:trainer_layer_backward:13.822078704833984
INFO:trainer_layer_backward:14.352560043334961
INFO:trainer_layer_backward:14.800786972045898
INFO:trainer_layer_backward:13.942241668701172
INFO:trainer_layer_backward:14.860868453979492
INFO:trainer_layer_backward:14.473199844360352
INFO:trainer_layer_backward:12.400627136230469
INFO:trainer_layer_backward:14.06240463256836
INFO:trainer_layer_backward:13.699769973754883
INFO:trainer_layer_backward:14.117956161499023
INFO:trainer_layer_backward:13.651132583618164
INFO:trainer_layer_backward:13.991594314575195
INFO:trainer_layer_backward:13.60940933227539
INFO:trainer_layer_backward:12.928009033203125
INFO:trainer_layer_backward:12.389183044433594
INFO:trainer_layer_backward:13.444185256958008
INFO:trainer_layer_backward:13.225317001342773
INFO:trainer_layer_backward:13.892650604248047
INFO:trainer_layer_backward:14.295101165771484
INFO:trainer_layer_backward:13.739824295043945
INFO:trainer_layer_backward:14.18614387512207
INFO:trainer_layer_backward:14.285564422607422
INFO:trainer_layer_backward:13.680458068847656
INFO:trainer_layer_backward:13.906478881835938
INFO:trainer_layer_backward:12.699127197265625
INFO:trainer_layer_backward:12.71367073059082
INFO:trainer_layer_backward:13.628959655761719
INFO:trainer_layer_backward:12.764215469360352
INFO:trainer_layer_backward:12.369632720947266
INFO:trainer_layer_backward:13.183116912841797
INFO:trainer_layer_backward:12.450218200683594
INFO:trainer_layer_backward:13.308048248291016
INFO:trainer_layer_backward:13.875484466552734
INFO:trainer_layer_backward:13.511419296264648
INFO:trainer_layer_backward:13.989686965942383
INFO:trainer_layer_backward:13.42630386352539
INFO:trainer_layer_backward:13.417482376098633
INFO:trainer_layer_backward:12.955665588378906
INFO:trainer_layer_backward:12.50314712524414
INFO:trainer_layer_backward:13.247966766357422
INFO:trainer_layer_backward:12.685775756835938
INFO:trainer_layer_backward:14.336824417114258
INFO:trainer_layer_backward:14.505386352539062
INFO:trainer_layer_backward:13.623476028442383
INFO:trainer_layer_backward:14.14346694946289
INFO:trainer_layer_backward:14.126062393188477
INFO:trainer_layer_backward:14.150857925415039
INFO:trainer_layer_backward:13.354778289794922
INFO:trainer_layer_backward:15.228271484375
INFO:trainer_layer_backward:13.511419296264648
INFO:trainer_layer_backward:12.913227081298828
INFO:trainer_layer_backward:14.365673065185547
INFO:trainer_layer_backward:14.058113098144531
INFO:trainer_layer_backward:12.917518615722656
INFO:trainer_layer_backward:12.480735778808594
INFO:trainer_layer_backward:13.643026351928711
INFO:trainer_layer_backward:14.436483383178711
INFO:trainer_layer_backward:13.818025588989258
INFO:trainer_layer_backward:14.091968536376953
INFO:trainer_layer_backward:14.339208602905273
INFO:trainer_layer_backward:14.747858047485352
INFO:trainer_layer_backward:13.66114616394043
INFO:trainer_layer_backward:14.31894302368164
INFO:trainer_layer_backward:13.998031616210938
INFO:trainer_layer_backward:13.215780258178711
INFO:trainer_layer_backward:13.178110122680664
INFO:trainer_layer_backward:13.118267059326172
INFO:trainer_layer_backward:13.037443161010742
INFO:trainer_layer_backward:12.84646987915039
INFO:trainer_layer_backward:13.309240341186523
INFO:trainer_layer_backward:12.516021728515625
INFO:trainer_layer_backward:14.203548431396484
INFO:trainer_layer_backward:13.285160064697266
INFO:trainer_layer_backward:13.74673843383789
INFO:trainer_layer_backward:14.352798461914062
INFO:trainer_layer_backward:14.319658279418945
INFO:trainer_layer_backward:13.333559036254883
INFO:trainer_layer_backward:14.331579208374023
INFO:trainer_layer_backward:14.152288436889648
INFO:trainer_layer_backward:13.855218887329102
INFO:trainer_layer_backward:12.699127197265625
INFO:trainer_layer_backward:12.678861618041992
INFO:trainer_layer_backward:12.823343276977539
INFO:trainer_layer_backward:13.108015060424805
INFO:trainer_layer_backward:13.306856155395508
INFO:trainer_layer_backward:13.480901718139648
INFO:trainer_layer_backward:13.591766357421875
INFO:trainer_layer_backward:13.066768646240234
INFO:trainer_layer_backward:13.987302780151367
INFO:trainer_layer_backward:14.42098617553711
INFO:trainer_layer_backward:13.778209686279297
INFO:trainer_layer_backward:13.756990432739258
INFO:trainer_layer_backward:13.506650924682617
INFO:trainer_layer_backward:13.745784759521484
INFO:trainer_layer_backward:13.028860092163086
INFO:trainer_layer_backward:12.998819351196289
INFO:trainer_layer_backward:12.471675872802734
INFO:trainer_layer_backward:13.759613037109375
INFO:trainer_layer_backward:13.713598251342773
INFO:trainer_layer_backward:13.654470443725586
INFO:trainer_layer_backward:12.786149978637695
INFO:trainer_layer_backward:13.656854629516602
INFO:trainer_layer_backward:12.746334075927734
INFO:trainer_layer_backward:13.299226760864258
INFO:trainer_layer_backward:13.713359832763672
INFO:trainer_layer_backward:14.147043228149414
INFO:trainer_layer_backward:13.315439224243164
INFO:trainer_layer_backward:13.499021530151367
INFO:trainer_layer_backward:13.010501861572266
INFO:trainer_layer_backward:13.020038604736328
INFO:trainer_layer_backward:12.484312057495117
INFO:trainer_layer_backward:12.565374374389648
INFO:trainer_layer_backward:13.531208038330078
INFO:trainer_layer_backward:13.76199722290039
INFO:trainer_layer_backward:12.545108795166016
INFO:trainer_layer_backward:13.570785522460938
INFO:trainer_layer_backward:13.807058334350586
INFO:trainer_layer_backward:13.9617919921875
INFO:trainer_layer_backward:14.728307723999023
