INFO:trainer_layer_backward:CNNEx | mnist
INFO:trainer_layer_backward:in_size : 512 | epochs : 1 | batch : 1
INFO:trainer_layer_backward:kernel_l1 : 257 | 
INFO:trainer_layer_backward:o_channels_l1 : 20 | 
INFO:trainer_layer_backward:learn_num_train : 1000 | learn_num_validate : 0 
INFO:trainer_layer_backward::::::::::::::::::::::::::::::::::::::::::::::::::::::::::::
INFO:trainer_layer_backward:message : conv1 
INFO:trainer_layer_backward::::::::::::::::::::::::::::::::::::::::::::::::::::::::::::
INFO:trainer_layer_backward:Ave_Time : 200.84238148698904
INFO:trainer_layer_backward::::::::::::::::::::::::::::::::::::::::::::::::::::::::::::
INFO:trainer_layer_backward:195.8761215209961
INFO:trainer_layer_backward:198.78172874450684
INFO:trainer_layer_backward:195.75047492980957
INFO:trainer_layer_backward:198.46415519714355
INFO:trainer_layer_backward:196.89249992370605
INFO:trainer_layer_backward:194.96464729309082
INFO:trainer_layer_backward:200.3333568572998
INFO:trainer_layer_backward:195.6024169921875
INFO:trainer_layer_backward:198.0583667755127
INFO:trainer_layer_backward:198.1978416442871
INFO:trainer_layer_backward:194.87452507019043
INFO:trainer_layer_backward:197.46041297912598
INFO:trainer_layer_backward:197.45659828186035
INFO:trainer_layer_backward:199.32913780212402
INFO:trainer_layer_backward:196.3508129119873
INFO:trainer_layer_backward:198.7318992614746
INFO:trainer_layer_backward:197.2646713256836
INFO:trainer_layer_backward:199.45502281188965
INFO:trainer_layer_backward:200.57916641235352
INFO:trainer_layer_backward:195.58954238891602
INFO:trainer_layer_backward:196.9461441040039
INFO:trainer_layer_backward:197.38507270812988
INFO:trainer_layer_backward:197.312593460083
INFO:trainer_layer_backward:200.41179656982422
INFO:trainer_layer_backward:198.90069961547852
INFO:trainer_layer_backward:197.32308387756348
INFO:trainer_layer_backward:197.6757049560547
INFO:trainer_layer_backward:198.35829734802246
INFO:trainer_layer_backward:198.8515853881836
INFO:trainer_layer_backward:196.81811332702637
INFO:trainer_layer_backward:198.58527183532715
INFO:trainer_layer_backward:199.02586936950684
INFO:trainer_layer_backward:198.57549667358398
INFO:trainer_layer_backward:200.5455493927002
INFO:trainer_layer_backward:199.65147972106934
INFO:trainer_layer_backward:196.9127655029297
INFO:trainer_layer_backward:200.30593872070312
INFO:trainer_layer_backward:196.49052619934082
INFO:trainer_layer_backward:202.87275314331055
INFO:trainer_layer_backward:199.81646537780762
INFO:trainer_layer_backward:197.64995574951172
INFO:trainer_layer_backward:200.82736015319824
INFO:trainer_layer_backward:198.15564155578613
INFO:trainer_layer_backward:199.63407516479492
INFO:trainer_layer_backward:196.09975814819336
INFO:trainer_layer_backward:199.39875602722168
INFO:trainer_layer_backward:199.47099685668945
INFO:trainer_layer_backward:195.692777633667
INFO:trainer_layer_backward:201.18308067321777
INFO:trainer_layer_backward:196.8538761138916
INFO:trainer_layer_backward:196.98834419250488
INFO:trainer_layer_backward:198.97937774658203
INFO:trainer_layer_backward:196.87891006469727
INFO:trainer_layer_backward:200.38175582885742
INFO:trainer_layer_backward:198.04883003234863
INFO:trainer_layer_backward:196.3491439819336
INFO:trainer_layer_backward:198.6560821533203
INFO:trainer_layer_backward:198.55713844299316
INFO:trainer_layer_backward:201.06744766235352
INFO:trainer_layer_backward:196.09332084655762
INFO:trainer_layer_backward:199.17917251586914
INFO:trainer_layer_backward:200.96516609191895
INFO:trainer_layer_backward:198.3649730682373
INFO:trainer_layer_backward:203.4285068511963
INFO:trainer_layer_backward:198.01855087280273
INFO:trainer_layer_backward:196.34509086608887
INFO:trainer_layer_backward:200.93441009521484
INFO:trainer_layer_backward:199.26810264587402
INFO:trainer_layer_backward:199.54681396484375
INFO:trainer_layer_backward:202.58378982543945
INFO:trainer_layer_backward:197.0658302307129
INFO:trainer_layer_backward:198.72403144836426
INFO:trainer_layer_backward:197.23129272460938
INFO:trainer_layer_backward:198.8508701324463
INFO:trainer_layer_backward:197.34930992126465
INFO:trainer_layer_backward:199.68414306640625
INFO:trainer_layer_backward:200.23584365844727
INFO:trainer_layer_backward:199.25737380981445
INFO:trainer_layer_backward:201.41005516052246
INFO:trainer_layer_backward:196.68269157409668
INFO:trainer_layer_backward:199.34988021850586
INFO:trainer_layer_backward:201.0810375213623
INFO:trainer_layer_backward:196.9456672668457
INFO:trainer_layer_backward:200.92487335205078
INFO:trainer_layer_backward:198.530912399292
INFO:trainer_layer_backward:199.31626319885254
INFO:trainer_layer_backward:199.4154453277588
INFO:trainer_layer_backward:198.7602710723877
INFO:trainer_layer_backward:199.2788314819336
INFO:trainer_layer_backward:199.26714897155762
INFO:trainer_layer_backward:199.68652725219727
INFO:trainer_layer_backward:199.35011863708496
INFO:trainer_layer_backward:200.26397705078125
INFO:trainer_layer_backward:200.30498504638672
INFO:trainer_layer_backward:196.20871543884277
INFO:trainer_layer_backward:200.08015632629395
INFO:trainer_layer_backward:201.48754119873047
INFO:trainer_layer_backward:197.59798049926758
INFO:trainer_layer_backward:201.78484916687012
INFO:trainer_layer_backward:198.4260082244873
INFO:trainer_layer_backward:200.15192031860352
INFO:trainer_layer_backward:198.59814643859863
INFO:trainer_layer_backward:196.80500030517578
INFO:trainer_layer_backward:200.42848587036133
INFO:trainer_layer_backward:201.7993927001953
INFO:trainer_layer_backward:202.16131210327148
INFO:trainer_layer_backward:197.74532318115234
INFO:trainer_layer_backward:199.96404647827148
INFO:trainer_layer_backward:199.3424892425537
INFO:trainer_layer_backward:198.44722747802734
INFO:trainer_layer_backward:202.25024223327637
INFO:trainer_layer_backward:198.38619232177734
INFO:trainer_layer_backward:199.59163665771484
INFO:trainer_layer_backward:201.7230987548828
INFO:trainer_layer_backward:198.55523109436035
INFO:trainer_layer_backward:201.36475563049316
INFO:trainer_layer_backward:200.44183731079102
INFO:trainer_layer_backward:198.37474822998047
INFO:trainer_layer_backward:200.1361846923828
INFO:trainer_layer_backward:199.3732452392578
INFO:trainer_layer_backward:201.43437385559082
INFO:trainer_layer_backward:197.32093811035156
INFO:trainer_layer_backward:200.7002830505371
INFO:trainer_layer_backward:198.8370418548584
INFO:trainer_layer_backward:199.2645263671875
INFO:trainer_layer_backward:203.02319526672363
INFO:trainer_layer_backward:198.69279861450195
INFO:trainer_layer_backward:200.20055770874023
INFO:trainer_layer_backward:201.2345790863037
INFO:trainer_layer_backward:199.12457466125488
INFO:trainer_layer_backward:201.01451873779297
INFO:trainer_layer_backward:201.25412940979004
INFO:trainer_layer_backward:198.5321044921875
INFO:trainer_layer_backward:202.82602310180664
INFO:trainer_layer_backward:199.2056369781494
INFO:trainer_layer_backward:200.8981704711914
INFO:trainer_layer_backward:197.8585720062256
INFO:trainer_layer_backward:201.02787017822266
INFO:trainer_layer_backward:200.0272274017334
INFO:trainer_layer_backward:198.51398468017578
INFO:trainer_layer_backward:202.58569717407227
INFO:trainer_layer_backward:199.5530128479004
INFO:trainer_layer_backward:198.62937927246094
INFO:trainer_layer_backward:202.43000984191895
INFO:trainer_layer_backward:198.87733459472656
INFO:trainer_layer_backward:200.88815689086914
INFO:trainer_layer_backward:200.77180862426758
INFO:trainer_layer_backward:200.0288963317871
INFO:trainer_layer_backward:199.28503036499023
INFO:trainer_layer_backward:198.29440116882324
INFO:trainer_layer_backward:201.96080207824707
INFO:trainer_layer_backward:202.225923538208
INFO:trainer_layer_backward:203.43375205993652
INFO:trainer_layer_backward:197.951078414917
INFO:trainer_layer_backward:197.02506065368652
INFO:trainer_layer_backward:201.13372802734375
INFO:trainer_layer_backward:199.04756546020508
INFO:trainer_layer_backward:200.9437084197998
INFO:trainer_layer_backward:200.3939151763916
INFO:trainer_layer_backward:201.63702964782715
INFO:trainer_layer_backward:199.71108436584473
INFO:trainer_layer_backward:201.02953910827637
INFO:trainer_layer_backward:202.08334922790527
INFO:trainer_layer_backward:198.05240631103516
INFO:trainer_layer_backward:200.20008087158203
INFO:trainer_layer_backward:201.44271850585938
INFO:trainer_layer_backward:199.0361213684082
INFO:trainer_layer_backward:203.29666137695312
INFO:trainer_layer_backward:198.66180419921875
INFO:trainer_layer_backward:198.02379608154297
INFO:trainer_layer_backward:199.93138313293457
INFO:trainer_layer_backward:198.7612247467041
INFO:trainer_layer_backward:202.67248153686523
INFO:trainer_layer_backward:201.97129249572754
INFO:trainer_layer_backward:199.74255561828613
INFO:trainer_layer_backward:199.8732089996338
INFO:trainer_layer_backward:199.13625717163086
INFO:trainer_layer_backward:200.8664608001709
INFO:trainer_layer_backward:199.10669326782227
INFO:trainer_layer_backward:200.43635368347168
INFO:trainer_layer_backward:198.66466522216797
INFO:trainer_layer_backward:200.42967796325684
INFO:trainer_layer_backward:200.06251335144043
INFO:trainer_layer_backward:198.8687515258789
INFO:trainer_layer_backward:199.33176040649414
INFO:trainer_layer_backward:199.65767860412598
INFO:trainer_layer_backward:198.9445686340332
INFO:trainer_layer_backward:203.1247615814209
INFO:trainer_layer_backward:200.59466361999512
INFO:trainer_layer_backward:198.47726821899414
INFO:trainer_layer_backward:200.29401779174805
INFO:trainer_layer_backward:200.41966438293457
INFO:trainer_layer_backward:201.2019157409668
INFO:trainer_layer_backward:198.49610328674316
INFO:trainer_layer_backward:201.04360580444336
INFO:trainer_layer_backward:199.72491264343262
INFO:trainer_layer_backward:199.5701789855957
INFO:trainer_layer_backward:203.46736907958984
INFO:trainer_layer_backward:199.51844215393066
INFO:trainer_layer_backward:198.7159252166748
INFO:trainer_layer_backward:199.82099533081055
INFO:trainer_layer_backward:199.15008544921875
INFO:trainer_layer_backward:203.29999923706055
INFO:trainer_layer_backward:199.48863983154297
INFO:trainer_layer_backward:201.5550136566162
INFO:trainer_layer_backward:202.45790481567383
INFO:trainer_layer_backward:201.19261741638184
INFO:trainer_layer_backward:200.84857940673828
INFO:trainer_layer_backward:202.66485214233398
INFO:trainer_layer_backward:200.55198669433594
INFO:trainer_layer_backward:197.67522811889648
INFO:trainer_layer_backward:202.08072662353516
INFO:trainer_layer_backward:199.74136352539062
INFO:trainer_layer_backward:198.6410617828369
INFO:trainer_layer_backward:203.4435272216797
INFO:trainer_layer_backward:198.23884963989258
INFO:trainer_layer_backward:200.07586479187012
INFO:trainer_layer_backward:202.78286933898926
INFO:trainer_layer_backward:199.86844062805176
INFO:trainer_layer_backward:200.5305290222168
INFO:trainer_layer_backward:200.7286548614502
INFO:trainer_layer_backward:198.6086368560791
INFO:trainer_layer_backward:198.760986328125
INFO:trainer_layer_backward:201.27558708190918
INFO:trainer_layer_backward:203.0489444732666
INFO:trainer_layer_backward:198.6246109008789
INFO:trainer_layer_backward:200.31118392944336
INFO:trainer_layer_backward:200.13737678527832
INFO:trainer_layer_backward:199.18584823608398
INFO:trainer_layer_backward:202.2871971130371
INFO:trainer_layer_backward:198.80938529968262
INFO:trainer_layer_backward:199.19109344482422
INFO:trainer_layer_backward:203.7220001220703
INFO:trainer_layer_backward:197.74556159973145
INFO:trainer_layer_backward:201.737642288208
INFO:trainer_layer_backward:201.18141174316406
INFO:trainer_layer_backward:199.52964782714844
INFO:trainer_layer_backward:201.78842544555664
INFO:trainer_layer_backward:202.59761810302734
INFO:trainer_layer_backward:199.9650001525879
INFO:trainer_layer_backward:200.3614902496338
INFO:trainer_layer_backward:201.67875289916992
INFO:trainer_layer_backward:200.80137252807617
INFO:trainer_layer_backward:199.17869567871094
INFO:trainer_layer_backward:200.79636573791504
INFO:trainer_layer_backward:202.42571830749512
INFO:trainer_layer_backward:199.28646087646484
INFO:trainer_layer_backward:202.01587677001953
INFO:trainer_layer_backward:199.65600967407227
INFO:trainer_layer_backward:200.84571838378906
INFO:trainer_layer_backward:199.22471046447754
INFO:trainer_layer_backward:201.1120319366455
INFO:trainer_layer_backward:199.19395446777344
INFO:trainer_layer_backward:199.79262351989746
INFO:trainer_layer_backward:201.11870765686035
INFO:trainer_layer_backward:199.9678611755371
INFO:trainer_layer_backward:200.9427547454834
INFO:trainer_layer_backward:198.6846923828125
INFO:trainer_layer_backward:198.286771774292
INFO:trainer_layer_backward:199.82552528381348
INFO:trainer_layer_backward:199.00941848754883
INFO:trainer_layer_backward:202.09312438964844
INFO:trainer_layer_backward:199.97024536132812
INFO:trainer_layer_backward:198.8973617553711
INFO:trainer_layer_backward:200.15788078308105
INFO:trainer_layer_backward:199.9342441558838
INFO:trainer_layer_backward:201.48587226867676
INFO:trainer_layer_backward:199.12219047546387
INFO:trainer_layer_backward:198.317289352417
INFO:trainer_layer_backward:200.69146156311035
INFO:trainer_layer_backward:198.97079467773438
INFO:trainer_layer_backward:201.2336254119873
INFO:trainer_layer_backward:200.80280303955078
INFO:trainer_layer_backward:199.6326446533203
INFO:trainer_layer_backward:199.92637634277344
INFO:trainer_layer_backward:199.60880279541016
INFO:trainer_layer_backward:200.60157775878906
INFO:trainer_layer_backward:201.7664909362793
INFO:trainer_layer_backward:198.11224937438965
INFO:trainer_layer_backward:203.73153686523438
INFO:trainer_layer_backward:201.25460624694824
INFO:trainer_layer_backward:201.77698135375977
INFO:trainer_layer_backward:198.68969917297363
INFO:trainer_layer_backward:200.1626491546631
INFO:trainer_layer_backward:200.67453384399414
INFO:trainer_layer_backward:200.09779930114746
INFO:trainer_layer_backward:202.85677909851074
INFO:trainer_layer_backward:199.01728630065918
INFO:trainer_layer_backward:198.40312004089355
INFO:trainer_layer_backward:201.1566162109375
INFO:trainer_layer_backward:198.34375381469727
INFO:trainer_layer_backward:202.72541046142578
INFO:trainer_layer_backward:198.9274024963379
INFO:trainer_layer_backward:201.86543464660645
INFO:trainer_layer_backward:201.14660263061523
INFO:trainer_layer_backward:199.56469535827637
INFO:trainer_layer_backward:199.59712028503418
INFO:trainer_layer_backward:199.7058391571045
INFO:trainer_layer_backward:200.12569427490234
INFO:trainer_layer_backward:198.68922233581543
INFO:trainer_layer_backward:200.74963569641113
INFO:trainer_layer_backward:198.92406463623047
INFO:trainer_layer_backward:198.79150390625
INFO:trainer_layer_backward:201.399564743042
INFO:trainer_layer_backward:199.2628574371338
INFO:trainer_layer_backward:200.02126693725586
INFO:trainer_layer_backward:202.57019996643066
INFO:trainer_layer_backward:198.43792915344238
INFO:trainer_layer_backward:201.19476318359375
INFO:trainer_layer_backward:202.56638526916504
INFO:trainer_layer_backward:198.7752914428711
INFO:trainer_layer_backward:200.6547451019287
INFO:trainer_layer_backward:200.58631896972656
INFO:trainer_layer_backward:200.75011253356934
INFO:trainer_layer_backward:198.16136360168457
INFO:trainer_layer_backward:213.34409713745117
INFO:trainer_layer_backward:199.52893257141113
INFO:trainer_layer_backward:199.01752471923828
INFO:trainer_layer_backward:201.1096477508545
INFO:trainer_layer_backward:198.70305061340332
INFO:trainer_layer_backward:197.82614707946777
INFO:trainer_layer_backward:200.87003707885742
INFO:trainer_layer_backward:198.9600658416748
INFO:trainer_layer_backward:201.43508911132812
INFO:trainer_layer_backward:200.98590850830078
INFO:trainer_layer_backward:202.15654373168945
INFO:trainer_layer_backward:201.5235424041748
INFO:trainer_layer_backward:200.8049488067627
INFO:trainer_layer_backward:200.84452629089355
INFO:trainer_layer_backward:197.70359992980957
INFO:trainer_layer_backward:200.56819915771484
INFO:trainer_layer_backward:202.92997360229492
INFO:trainer_layer_backward:199.10907745361328
INFO:trainer_layer_backward:202.20637321472168
INFO:trainer_layer_backward:198.57001304626465
INFO:trainer_layer_backward:199.07259941101074
INFO:trainer_layer_backward:203.38702201843262
INFO:trainer_layer_backward:198.93646240234375
INFO:trainer_layer_backward:201.14779472351074
INFO:trainer_layer_backward:201.90668106079102
INFO:trainer_layer_backward:200.6850242614746
INFO:trainer_layer_backward:200.45852661132812
INFO:trainer_layer_backward:200.41966438293457
INFO:trainer_layer_backward:200.67667961120605
INFO:trainer_layer_backward:198.51207733154297
INFO:trainer_layer_backward:203.87506484985352
INFO:trainer_layer_backward:200.0441551208496
INFO:trainer_layer_backward:199.73516464233398
INFO:trainer_layer_backward:200.22058486938477
INFO:trainer_layer_backward:198.23384284973145
INFO:trainer_layer_backward:202.09264755249023
INFO:trainer_layer_backward:199.74327087402344
INFO:trainer_layer_backward:199.0978717803955
INFO:trainer_layer_backward:201.08580589294434
INFO:trainer_layer_backward:199.4335651397705
INFO:trainer_layer_backward:202.45027542114258
INFO:trainer_layer_backward:198.40550422668457
INFO:trainer_layer_backward:199.601411819458
INFO:trainer_layer_backward:200.61993598937988
INFO:trainer_layer_backward:199.20754432678223
INFO:trainer_layer_backward:201.0784149169922
INFO:trainer_layer_backward:199.5844841003418
INFO:trainer_layer_backward:198.42982292175293
INFO:trainer_layer_backward:200.03342628479004
INFO:trainer_layer_backward:199.16081428527832
INFO:trainer_layer_backward:200.78206062316895
INFO:trainer_layer_backward:200.69241523742676
INFO:trainer_layer_backward:200.31380653381348
INFO:trainer_layer_backward:199.74207878112793
INFO:trainer_layer_backward:198.41313362121582
INFO:trainer_layer_backward:201.1089324951172
INFO:trainer_layer_backward:200.02055168151855
INFO:trainer_layer_backward:200.38270950317383
INFO:trainer_layer_backward:202.20518112182617
INFO:trainer_layer_backward:198.06170463562012
INFO:trainer_layer_backward:202.6360034942627
INFO:trainer_layer_backward:199.17798042297363
INFO:trainer_layer_backward:198.9281177520752
INFO:trainer_layer_backward:202.90279388427734
INFO:trainer_layer_backward:198.93479347229004
INFO:trainer_layer_backward:201.6773223876953
INFO:trainer_layer_backward:201.36594772338867
INFO:trainer_layer_backward:199.94258880615234
INFO:trainer_layer_backward:201.48539543151855
INFO:trainer_layer_backward:199.4647979736328
INFO:trainer_layer_backward:201.2484073638916
INFO:trainer_layer_backward:201.20525360107422
INFO:trainer_layer_backward:200.74701309204102
INFO:trainer_layer_backward:198.6079216003418
INFO:trainer_layer_backward:200.4530429840088
INFO:trainer_layer_backward:200.3645896911621
INFO:trainer_layer_backward:199.71323013305664
INFO:trainer_layer_backward:201.08771324157715
INFO:trainer_layer_backward:199.01227951049805
INFO:trainer_layer_backward:200.4711627960205
INFO:trainer_layer_backward:204.9393653869629
INFO:trainer_layer_backward:201.77960395812988
INFO:trainer_layer_backward:202.7592658996582
INFO:trainer_layer_backward:201.45034790039062
INFO:trainer_layer_backward:200.00410079956055
INFO:trainer_layer_backward:200.92391967773438
INFO:trainer_layer_backward:201.30348205566406
INFO:trainer_layer_backward:202.30388641357422
INFO:trainer_layer_backward:200.00863075256348
INFO:trainer_layer_backward:201.3847827911377
INFO:trainer_layer_backward:202.63314247131348
INFO:trainer_layer_backward:197.77631759643555
INFO:trainer_layer_backward:204.0417194366455
INFO:trainer_layer_backward:200.37198066711426
INFO:trainer_layer_backward:199.27000999450684
INFO:trainer_layer_backward:203.89699935913086
INFO:trainer_layer_backward:200.31309127807617
INFO:trainer_layer_backward:202.6505470275879
INFO:trainer_layer_backward:203.03678512573242
INFO:trainer_layer_backward:200.2274990081787
INFO:trainer_layer_backward:201.7831802368164
INFO:trainer_layer_backward:203.0954360961914
INFO:trainer_layer_backward:204.34165000915527
INFO:trainer_layer_backward:202.34441757202148
INFO:trainer_layer_backward:203.9206027984619
INFO:trainer_layer_backward:199.6445655822754
INFO:trainer_layer_backward:201.47347450256348
INFO:trainer_layer_backward:203.37891578674316
INFO:trainer_layer_backward:200.0105381011963
INFO:trainer_layer_backward:201.94149017333984
INFO:trainer_layer_backward:201.45773887634277
INFO:trainer_layer_backward:201.33042335510254
INFO:trainer_layer_backward:202.0397186279297
INFO:trainer_layer_backward:202.02016830444336
INFO:trainer_layer_backward:201.64823532104492
INFO:trainer_layer_backward:200.7577419281006
INFO:trainer_layer_backward:201.32827758789062
INFO:trainer_layer_backward:200.70743560791016
INFO:trainer_layer_backward:199.4030475616455
INFO:trainer_layer_backward:204.6358585357666
INFO:trainer_layer_backward:200.2575397491455
INFO:trainer_layer_backward:199.94044303894043
INFO:trainer_layer_backward:204.48851585388184
INFO:trainer_layer_backward:201.11799240112305
INFO:trainer_layer_backward:203.34744453430176
INFO:trainer_layer_backward:202.27789878845215
INFO:trainer_layer_backward:199.13578033447266
INFO:trainer_layer_backward:201.77865028381348
INFO:trainer_layer_backward:200.7753849029541
INFO:trainer_layer_backward:201.41005516052246
INFO:trainer_layer_backward:200.17671585083008
INFO:trainer_layer_backward:200.96230506896973
INFO:trainer_layer_backward:200.96659660339355
INFO:trainer_layer_backward:200.57392120361328
INFO:trainer_layer_backward:202.88920402526855
INFO:trainer_layer_backward:200.03437995910645
INFO:trainer_layer_backward:200.49738883972168
INFO:trainer_layer_backward:203.29928398132324
INFO:trainer_layer_backward:200.00720024108887
INFO:trainer_layer_backward:202.4979591369629
INFO:trainer_layer_backward:199.42712783813477
INFO:trainer_layer_backward:201.6904354095459
INFO:trainer_layer_backward:203.80854606628418
INFO:trainer_layer_backward:201.1580467224121
INFO:trainer_layer_backward:202.1620273590088
INFO:trainer_layer_backward:202.32486724853516
INFO:trainer_layer_backward:201.60722732543945
INFO:trainer_layer_backward:200.24371147155762
INFO:trainer_layer_backward:201.67136192321777
INFO:trainer_layer_backward:200.6537914276123
INFO:trainer_layer_backward:199.10740852355957
INFO:trainer_layer_backward:203.5973072052002
INFO:trainer_layer_backward:198.73976707458496
INFO:trainer_layer_backward:199.85294342041016
INFO:trainer_layer_backward:204.4055461883545
INFO:trainer_layer_backward:199.84865188598633
INFO:trainer_layer_backward:201.41077041625977
INFO:trainer_layer_backward:201.68042182922363
INFO:trainer_layer_backward:200.46377182006836
INFO:trainer_layer_backward:201.768159866333
INFO:trainer_layer_backward:201.4625072479248
INFO:trainer_layer_backward:200.5162239074707
INFO:trainer_layer_backward:199.87845420837402
INFO:trainer_layer_backward:203.89080047607422
INFO:trainer_layer_backward:200.95181465148926
INFO:trainer_layer_backward:200.32930374145508
INFO:trainer_layer_backward:205.60741424560547
INFO:trainer_layer_backward:200.55556297302246
INFO:trainer_layer_backward:202.56519317626953
INFO:trainer_layer_backward:202.0571231842041
INFO:trainer_layer_backward:200.18339157104492
INFO:trainer_layer_backward:200.68001747131348
INFO:trainer_layer_backward:201.2174129486084
INFO:trainer_layer_backward:202.56781578063965
INFO:trainer_layer_backward:201.3697624206543
INFO:trainer_layer_backward:201.97677612304688
INFO:trainer_layer_backward:200.90413093566895
INFO:trainer_layer_backward:199.3253231048584
INFO:trainer_layer_backward:203.75847816467285
INFO:trainer_layer_backward:198.71282577514648
INFO:trainer_layer_backward:200.03867149353027
INFO:trainer_layer_backward:200.0720500946045
INFO:trainer_layer_backward:198.7452507019043
INFO:trainer_layer_backward:202.6214599609375
INFO:trainer_layer_backward:200.15668869018555
INFO:trainer_layer_backward:200.57392120361328
INFO:trainer_layer_backward:201.50160789489746
INFO:trainer_layer_backward:202.01992988586426
INFO:trainer_layer_backward:200.7882595062256
INFO:trainer_layer_backward:199.85079765319824
INFO:trainer_layer_backward:201.60388946533203
INFO:trainer_layer_backward:200.70266723632812
INFO:trainer_layer_backward:200.1047134399414
INFO:trainer_layer_backward:202.528715133667
INFO:trainer_layer_backward:200.9866237640381
INFO:trainer_layer_backward:199.13077354431152
INFO:trainer_layer_backward:204.48946952819824
INFO:trainer_layer_backward:199.65839385986328
INFO:trainer_layer_backward:201.9977569580078
INFO:trainer_layer_backward:200.49786567687988
INFO:trainer_layer_backward:200.8981704711914
INFO:trainer_layer_backward:202.62813568115234
INFO:trainer_layer_backward:200.82426071166992
INFO:trainer_layer_backward:202.64053344726562
INFO:trainer_layer_backward:201.13897323608398
INFO:trainer_layer_backward:202.43287086486816
INFO:trainer_layer_backward:198.4114646911621
INFO:trainer_layer_backward:203.13787460327148
INFO:trainer_layer_backward:201.09844207763672
INFO:trainer_layer_backward:199.9208927154541
INFO:trainer_layer_backward:203.36198806762695
INFO:trainer_layer_backward:199.87249374389648
INFO:trainer_layer_backward:199.98955726623535
INFO:trainer_layer_backward:201.80535316467285
INFO:trainer_layer_backward:201.24220848083496
INFO:trainer_layer_backward:200.68836212158203
INFO:trainer_layer_backward:200.55580139160156
INFO:trainer_layer_backward:199.45216178894043
INFO:trainer_layer_backward:200.60181617736816
INFO:trainer_layer_backward:201.97796821594238
INFO:trainer_layer_backward:201.91621780395508
INFO:trainer_layer_backward:198.91595840454102
INFO:trainer_layer_backward:201.04336738586426
INFO:trainer_layer_backward:199.5704174041748
INFO:trainer_layer_backward:199.70941543579102
INFO:trainer_layer_backward:202.98027992248535
INFO:trainer_layer_backward:201.2946605682373
INFO:trainer_layer_backward:200.45018196105957
INFO:trainer_layer_backward:202.07524299621582
INFO:trainer_layer_backward:198.62914085388184
INFO:trainer_layer_backward:202.1811008453369
INFO:trainer_layer_backward:201.3392448425293
INFO:trainer_layer_backward:200.13833045959473
INFO:trainer_layer_backward:201.48992538452148
INFO:trainer_layer_backward:199.89585876464844
INFO:trainer_layer_backward:200.51860809326172
INFO:trainer_layer_backward:199.27120208740234
INFO:trainer_layer_backward:202.34060287475586
INFO:trainer_layer_backward:202.39591598510742
INFO:trainer_layer_backward:200.37317276000977
INFO:trainer_layer_backward:200.86932182312012
INFO:trainer_layer_backward:199.23925399780273
INFO:trainer_layer_backward:201.20477676391602
INFO:trainer_layer_backward:201.2500762939453
INFO:trainer_layer_backward:200.35576820373535
INFO:trainer_layer_backward:199.8603343963623
INFO:trainer_layer_backward:201.90024375915527
INFO:trainer_layer_backward:202.33678817749023
INFO:trainer_layer_backward:199.65767860412598
INFO:trainer_layer_backward:201.981782913208
INFO:trainer_layer_backward:201.26056671142578
INFO:trainer_layer_backward:200.5910873413086
INFO:trainer_layer_backward:203.0649185180664
INFO:trainer_layer_backward:200.2577781677246
INFO:trainer_layer_backward:201.71523094177246
INFO:trainer_layer_backward:200.05011558532715
INFO:trainer_layer_backward:199.9032497406006
INFO:trainer_layer_backward:203.94062995910645
INFO:trainer_layer_backward:200.72364807128906
INFO:trainer_layer_backward:199.00798797607422
INFO:trainer_layer_backward:199.94354248046875
INFO:trainer_layer_backward:200.0563144683838
INFO:trainer_layer_backward:200.88958740234375
INFO:trainer_layer_backward:199.51581954956055
INFO:trainer_layer_backward:200.6375789642334
INFO:trainer_layer_backward:201.45750045776367
INFO:trainer_layer_backward:199.5556354522705
INFO:trainer_layer_backward:206.31170272827148
INFO:trainer_layer_backward:199.5084285736084
INFO:trainer_layer_backward:201.60651206970215
INFO:trainer_layer_backward:203.51934432983398
INFO:trainer_layer_backward:199.2321014404297
INFO:trainer_layer_backward:204.68997955322266
INFO:trainer_layer_backward:200.8383274078369
INFO:trainer_layer_backward:202.2533416748047
INFO:trainer_layer_backward:202.80075073242188
INFO:trainer_layer_backward:200.93727111816406
INFO:trainer_layer_backward:199.53203201293945
INFO:trainer_layer_backward:201.1575698852539
INFO:trainer_layer_backward:203.70817184448242
INFO:trainer_layer_backward:199.67079162597656
INFO:trainer_layer_backward:202.22020149230957
INFO:trainer_layer_backward:201.46536827087402
INFO:trainer_layer_backward:200.24728775024414
INFO:trainer_layer_backward:203.5372257232666
INFO:trainer_layer_backward:199.51772689819336
INFO:trainer_layer_backward:200.93607902526855
INFO:trainer_layer_backward:204.65993881225586
INFO:trainer_layer_backward:199.00918006896973
INFO:trainer_layer_backward:201.9665241241455
INFO:trainer_layer_backward:203.49907875061035
INFO:trainer_layer_backward:200.57296752929688
INFO:trainer_layer_backward:200.49381256103516
INFO:trainer_layer_backward:202.2559642791748
INFO:trainer_layer_backward:202.62765884399414
INFO:trainer_layer_backward:200.3469467163086
INFO:trainer_layer_backward:201.60531997680664
INFO:trainer_layer_backward:203.77397537231445
INFO:trainer_layer_backward:200.2730369567871
INFO:trainer_layer_backward:204.31852340698242
INFO:trainer_layer_backward:199.80144500732422
INFO:trainer_layer_backward:199.6324062347412
INFO:trainer_layer_backward:201.93004608154297
INFO:trainer_layer_backward:199.91326332092285
INFO:trainer_layer_backward:202.80075073242188
INFO:trainer_layer_backward:201.90143585205078
INFO:trainer_layer_backward:202.16608047485352
INFO:trainer_layer_backward:200.41704177856445
INFO:trainer_layer_backward:201.52807235717773
INFO:trainer_layer_backward:199.39637184143066
INFO:trainer_layer_backward:199.8891830444336
INFO:trainer_layer_backward:203.1266689300537
INFO:trainer_layer_backward:199.93329048156738
INFO:trainer_layer_backward:200.62017440795898
INFO:trainer_layer_backward:200.10948181152344
INFO:trainer_layer_backward:199.77474212646484
INFO:trainer_layer_backward:202.32176780700684
INFO:trainer_layer_backward:202.96597480773926
INFO:trainer_layer_backward:200.84023475646973
INFO:trainer_layer_backward:200.6533145904541
INFO:trainer_layer_backward:200.52242279052734
INFO:trainer_layer_backward:202.4374008178711
INFO:trainer_layer_backward:201.16686820983887
INFO:trainer_layer_backward:203.3696174621582
INFO:trainer_layer_backward:202.01778411865234
INFO:trainer_layer_backward:198.35162162780762
INFO:trainer_layer_backward:201.0500431060791
INFO:trainer_layer_backward:200.178861618042
INFO:trainer_layer_backward:199.91230964660645
INFO:trainer_layer_backward:200.6220817565918
INFO:trainer_layer_backward:199.55873489379883
INFO:trainer_layer_backward:201.13754272460938
INFO:trainer_layer_backward:201.979398727417
INFO:trainer_layer_backward:198.75097274780273
INFO:trainer_layer_backward:201.8454074859619
INFO:trainer_layer_backward:202.32129096984863
INFO:trainer_layer_backward:202.9702663421631
INFO:trainer_layer_backward:199.8157501220703
INFO:trainer_layer_backward:202.12554931640625
INFO:trainer_layer_backward:199.7396945953369
INFO:trainer_layer_backward:201.53260231018066
INFO:trainer_layer_backward:202.36659049987793
INFO:trainer_layer_backward:199.98884201049805
INFO:trainer_layer_backward:202.73876190185547
INFO:trainer_layer_backward:202.5008201599121
INFO:trainer_layer_backward:199.7396945953369
INFO:trainer_layer_backward:205.2624225616455
INFO:trainer_layer_backward:201.6434669494629
INFO:trainer_layer_backward:202.41045951843262
INFO:trainer_layer_backward:201.80892944335938
INFO:trainer_layer_backward:200.58083534240723
INFO:trainer_layer_backward:201.4143466949463
INFO:trainer_layer_backward:202.73637771606445
INFO:trainer_layer_backward:201.28178596496582
INFO:trainer_layer_backward:201.3709545135498
INFO:trainer_layer_backward:204.38528060913086
INFO:trainer_layer_backward:199.97549057006836
INFO:trainer_layer_backward:199.13649559020996
INFO:trainer_layer_backward:203.39488983154297
INFO:trainer_layer_backward:199.85318183898926
INFO:trainer_layer_backward:201.65443420410156
INFO:trainer_layer_backward:205.8553695678711
INFO:trainer_layer_backward:201.31158828735352
INFO:trainer_layer_backward:202.34417915344238
INFO:trainer_layer_backward:203.58872413635254
INFO:trainer_layer_backward:200.6545066833496
INFO:trainer_layer_backward:200.4384994506836
INFO:trainer_layer_backward:201.48515701293945
INFO:trainer_layer_backward:202.29148864746094
INFO:trainer_layer_backward:200.52742958068848
INFO:trainer_layer_backward:202.49629020690918
INFO:trainer_layer_backward:199.67913627624512
INFO:trainer_layer_backward:199.78737831115723
INFO:trainer_layer_backward:203.14502716064453
INFO:trainer_layer_backward:199.95713233947754
INFO:trainer_layer_backward:203.2465934753418
INFO:trainer_layer_backward:202.85606384277344
INFO:trainer_layer_backward:200.43563842773438
INFO:trainer_layer_backward:202.77976989746094
INFO:trainer_layer_backward:203.53293418884277
INFO:trainer_layer_backward:203.6266326904297
INFO:trainer_layer_backward:200.17552375793457
INFO:trainer_layer_backward:200.3171443939209
INFO:trainer_layer_backward:200.11425018310547
INFO:trainer_layer_backward:202.66246795654297
INFO:trainer_layer_backward:202.25119590759277
INFO:trainer_layer_backward:202.73113250732422
INFO:trainer_layer_backward:199.66554641723633
INFO:trainer_layer_backward:201.46870613098145
INFO:trainer_layer_backward:201.19047164916992
INFO:trainer_layer_backward:201.85160636901855
INFO:trainer_layer_backward:200.94919204711914
INFO:trainer_layer_backward:199.25403594970703
INFO:trainer_layer_backward:202.70276069641113
INFO:trainer_layer_backward:202.33726501464844
INFO:trainer_layer_backward:202.28862762451172
INFO:trainer_layer_backward:199.55182075500488
INFO:trainer_layer_backward:204.58102226257324
INFO:trainer_layer_backward:200.00934600830078
INFO:trainer_layer_backward:201.99942588806152
INFO:trainer_layer_backward:202.8648853302002
INFO:trainer_layer_backward:200.18792152404785
INFO:trainer_layer_backward:202.0735740661621
INFO:trainer_layer_backward:200.65569877624512
INFO:trainer_layer_backward:200.60348510742188
INFO:trainer_layer_backward:203.9175033569336
INFO:trainer_layer_backward:200.63257217407227
INFO:trainer_layer_backward:202.7292251586914
INFO:trainer_layer_backward:201.34520530700684
INFO:trainer_layer_backward:200.9143829345703
INFO:trainer_layer_backward:203.06682586669922
INFO:trainer_layer_backward:201.4167308807373
INFO:trainer_layer_backward:203.83644104003906
INFO:trainer_layer_backward:199.97167587280273
INFO:trainer_layer_backward:202.42905616760254
INFO:trainer_layer_backward:201.17449760437012
INFO:trainer_layer_backward:201.0519504547119
INFO:trainer_layer_backward:204.11252975463867
INFO:trainer_layer_backward:199.96213912963867
INFO:trainer_layer_backward:200.41608810424805
INFO:trainer_layer_backward:203.86028289794922
INFO:trainer_layer_backward:200.57415962219238
INFO:trainer_layer_backward:200.63328742980957
INFO:trainer_layer_backward:200.3161907196045
INFO:trainer_layer_backward:199.16915893554688
INFO:trainer_layer_backward:201.09868049621582
INFO:trainer_layer_backward:199.44071769714355
INFO:trainer_layer_backward:202.33559608459473
INFO:trainer_layer_backward:199.9375820159912
INFO:trainer_layer_backward:203.97686958312988
INFO:trainer_layer_backward:199.2359161376953
INFO:trainer_layer_backward:198.96745681762695
INFO:trainer_layer_backward:202.09932327270508
INFO:trainer_layer_backward:198.3499526977539
INFO:trainer_layer_backward:202.88491249084473
INFO:trainer_layer_backward:201.99227333068848
INFO:trainer_layer_backward:199.91302490234375
INFO:trainer_layer_backward:201.20811462402344
INFO:trainer_layer_backward:199.1446018218994
INFO:trainer_layer_backward:203.18174362182617
INFO:trainer_layer_backward:199.79619979858398
INFO:trainer_layer_backward:203.3548355102539
INFO:trainer_layer_backward:201.70855522155762
INFO:trainer_layer_backward:198.78911972045898
INFO:trainer_layer_backward:202.5153636932373
INFO:trainer_layer_backward:200.21557807922363
INFO:trainer_layer_backward:200.98114013671875
INFO:trainer_layer_backward:200.5767822265625
INFO:trainer_layer_backward:202.0723819732666
INFO:trainer_layer_backward:202.27694511413574
INFO:trainer_layer_backward:199.9189853668213
INFO:trainer_layer_backward:200.6363868713379
INFO:trainer_layer_backward:202.28934288024902
INFO:trainer_layer_backward:202.7876377105713
INFO:trainer_layer_backward:204.41961288452148
INFO:trainer_layer_backward:200.45733451843262
INFO:trainer_layer_backward:201.45130157470703
INFO:trainer_layer_backward:200.6838321685791
INFO:trainer_layer_backward:200.6523609161377
INFO:trainer_layer_backward:205.27005195617676
INFO:trainer_layer_backward:200.30593872070312
INFO:trainer_layer_backward:201.45010948181152
INFO:trainer_layer_backward:202.68797874450684
INFO:trainer_layer_backward:198.23884963989258
INFO:trainer_layer_backward:202.57329940795898
INFO:trainer_layer_backward:202.05163955688477
INFO:trainer_layer_backward:204.01358604431152
INFO:trainer_layer_backward:201.3392448425293
INFO:trainer_layer_backward:199.62263107299805
INFO:trainer_layer_backward:203.28831672668457
INFO:trainer_layer_backward:202.65436172485352
INFO:trainer_layer_backward:203.7811279296875
INFO:trainer_layer_backward:199.70297813415527
INFO:trainer_layer_backward:202.43191719055176
INFO:trainer_layer_backward:202.6650905609131
INFO:trainer_layer_backward:200.2410888671875
INFO:trainer_layer_backward:205.26409149169922
INFO:trainer_layer_backward:200.0415325164795
INFO:trainer_layer_backward:201.84850692749023
INFO:trainer_layer_backward:204.33926582336426
INFO:trainer_layer_backward:200.7577419281006
INFO:trainer_layer_backward:203.91154289245605
INFO:trainer_layer_backward:203.31621170043945
INFO:trainer_layer_backward:200.80232620239258
INFO:trainer_layer_backward:199.83935356140137
INFO:trainer_layer_backward:201.47275924682617
INFO:trainer_layer_backward:203.047513961792
INFO:trainer_layer_backward:201.6284465789795
INFO:trainer_layer_backward:203.50217819213867
INFO:trainer_layer_backward:201.76434516906738
INFO:trainer_layer_backward:200.58965682983398
INFO:trainer_layer_backward:203.66740226745605
INFO:trainer_layer_backward:200.79278945922852
INFO:trainer_layer_backward:204.0262222290039
INFO:trainer_layer_backward:201.10583305358887
INFO:trainer_layer_backward:200.46663284301758
INFO:trainer_layer_backward:201.76386833190918
INFO:trainer_layer_backward:201.53355598449707
INFO:trainer_layer_backward:202.61096954345703
INFO:trainer_layer_backward:199.93138313293457
INFO:trainer_layer_backward:199.65791702270508
INFO:trainer_layer_backward:202.05187797546387
INFO:trainer_layer_backward:199.7065544128418
INFO:trainer_layer_backward:201.86161994934082
INFO:trainer_layer_backward:200.17719268798828
INFO:trainer_layer_backward:201.1861801147461
INFO:trainer_layer_backward:202.7895450592041
INFO:trainer_layer_backward:200.6065845489502
INFO:trainer_layer_backward:202.30793952941895
INFO:trainer_layer_backward:203.03702354431152
INFO:trainer_layer_backward:198.1651782989502
INFO:trainer_layer_backward:202.72374153137207
INFO:trainer_layer_backward:201.80940628051758
INFO:trainer_layer_backward:201.58910751342773
INFO:trainer_layer_backward:201.09081268310547
INFO:trainer_layer_backward:202.12459564208984
INFO:trainer_layer_backward:202.0857334136963
INFO:trainer_layer_backward:200.49786567687988
INFO:trainer_layer_backward:203.08709144592285
INFO:trainer_layer_backward:199.59354400634766
INFO:trainer_layer_backward:203.37581634521484
INFO:trainer_layer_backward:201.97725296020508
INFO:trainer_layer_backward:199.23019409179688
INFO:trainer_layer_backward:202.60024070739746
INFO:trainer_layer_backward:201.86281204223633
INFO:trainer_layer_backward:201.4460563659668
INFO:trainer_layer_backward:203.4451961517334
INFO:trainer_layer_backward:200.1197338104248
INFO:trainer_layer_backward:200.88672637939453
INFO:trainer_layer_backward:204.36716079711914
INFO:trainer_layer_backward:202.8656005859375
INFO:trainer_layer_backward:200.86336135864258
INFO:trainer_layer_backward:201.65491104125977
INFO:trainer_layer_backward:201.76172256469727
INFO:trainer_layer_backward:200.82545280456543
INFO:trainer_layer_backward:204.03146743774414
INFO:trainer_layer_backward:200.58369636535645
INFO:trainer_layer_backward:200.72627067565918
INFO:trainer_layer_backward:204.79583740234375
INFO:trainer_layer_backward:200.25396347045898
INFO:trainer_layer_backward:203.5682201385498
INFO:trainer_layer_backward:204.67114448547363
INFO:trainer_layer_backward:200.80041885375977
INFO:trainer_layer_backward:200.24561882019043
INFO:trainer_layer_backward:202.38399505615234
INFO:trainer_layer_backward:202.2078037261963
INFO:trainer_layer_backward:199.7525691986084
INFO:trainer_layer_backward:204.17451858520508
INFO:trainer_layer_backward:199.97453689575195
INFO:trainer_layer_backward:199.9795436859131
INFO:trainer_layer_backward:202.98123359680176
INFO:trainer_layer_backward:198.9119052886963
INFO:trainer_layer_backward:202.7266025543213
INFO:trainer_layer_backward:203.2914161682129
INFO:trainer_layer_backward:199.50008392333984
INFO:trainer_layer_backward:201.60937309265137
INFO:trainer_layer_backward:200.20580291748047
INFO:trainer_layer_backward:202.6526927947998
INFO:trainer_layer_backward:200.8976936340332
INFO:trainer_layer_backward:199.22947883605957
INFO:trainer_layer_backward:200.01816749572754
INFO:trainer_layer_backward:200.3035545349121
INFO:trainer_layer_backward:204.11109924316406
INFO:trainer_layer_backward:200.38604736328125
INFO:trainer_layer_backward:200.90103149414062
INFO:trainer_layer_backward:200.18315315246582
INFO:trainer_layer_backward:201.94554328918457
INFO:trainer_layer_backward:202.61049270629883
INFO:trainer_layer_backward:202.1481990814209
INFO:trainer_layer_backward:200.84762573242188
INFO:trainer_layer_backward:203.4316062927246
INFO:trainer_layer_backward:202.5454044342041
INFO:trainer_layer_backward:202.47983932495117
INFO:trainer_layer_backward:200.19936561584473
INFO:trainer_layer_backward:200.6077766418457
INFO:trainer_layer_backward:202.52513885498047
INFO:trainer_layer_backward:201.3719081878662
INFO:trainer_layer_backward:205.02853393554688
INFO:trainer_layer_backward:200.75154304504395
INFO:trainer_layer_backward:204.71596717834473
INFO:trainer_layer_backward:201.06267929077148
INFO:trainer_layer_backward:200.5314826965332
INFO:trainer_layer_backward:204.85281944274902
INFO:trainer_layer_backward:200.5443572998047
INFO:trainer_layer_backward:202.2237777709961
INFO:trainer_layer_backward:202.44503021240234
INFO:trainer_layer_backward:201.67136192321777
INFO:trainer_layer_backward:198.1794834136963
INFO:trainer_layer_backward:204.17046546936035
INFO:trainer_layer_backward:202.83269882202148
INFO:trainer_layer_backward:199.46813583374023
INFO:trainer_layer_backward:202.23307609558105
INFO:trainer_layer_backward:202.17204093933105
INFO:trainer_layer_backward:200.4830837249756
INFO:trainer_layer_backward:206.8321704864502
INFO:trainer_layer_backward:198.31132888793945
INFO:trainer_layer_backward:201.0178565979004
INFO:trainer_layer_backward:203.94396781921387
INFO:trainer_layer_backward:200.96945762634277
INFO:trainer_layer_backward:204.4062614440918
INFO:trainer_layer_backward:201.7691135406494
INFO:trainer_layer_backward:200.1650333404541
INFO:trainer_layer_backward:202.36825942993164
INFO:trainer_layer_backward:202.09407806396484
INFO:trainer_layer_backward:204.16927337646484
INFO:trainer_layer_backward:200.0746726989746
INFO:trainer_layer_backward:202.54039764404297
INFO:trainer_layer_backward:201.13444328308105
INFO:trainer_layer_backward:200.1326084136963
INFO:trainer_layer_backward:205.92975616455078
INFO:trainer_layer_backward:202.12864875793457
INFO:trainer_layer_backward:201.47132873535156
INFO:trainer_layer_backward:202.54778861999512
INFO:trainer_layer_backward:200.21939277648926
INFO:trainer_layer_backward:201.98726654052734
INFO:trainer_layer_backward:199.35059547424316
INFO:trainer_layer_backward:201.69806480407715
INFO:trainer_layer_backward:199.81956481933594
INFO:trainer_layer_backward:202.96049118041992
INFO:trainer_layer_backward:201.63273811340332
INFO:trainer_layer_backward:200.2389430999756
INFO:trainer_layer_backward:203.01270484924316
INFO:trainer_layer_backward:200.68764686584473
INFO:trainer_layer_backward:199.9959945678711
INFO:trainer_layer_backward:203.2911777496338
INFO:trainer_layer_backward:200.8976936340332
INFO:trainer_layer_backward:202.19087600708008
INFO:trainer_layer_backward:202.42667198181152
INFO:trainer_layer_backward:201.82204246520996
INFO:trainer_layer_backward:203.12833786010742
INFO:trainer_layer_backward:201.26867294311523
INFO:trainer_layer_backward:202.20375061035156
INFO:trainer_layer_backward:201.90906524658203
INFO:trainer_layer_backward:203.5074234008789
INFO:trainer_layer_backward:201.9500732421875
INFO:trainer_layer_backward:201.60746574401855
INFO:trainer_layer_backward:203.73082160949707
INFO:trainer_layer_backward:202.44479179382324
INFO:trainer_layer_backward:204.6957015991211
INFO:trainer_layer_backward:200.05345344543457
INFO:trainer_layer_backward:202.0881175994873
INFO:trainer_layer_backward:202.5587558746338
INFO:trainer_layer_backward:197.88622856140137
INFO:trainer_layer_backward:203.42326164245605
INFO:trainer_layer_backward:202.40116119384766
INFO:trainer_layer_backward:199.6927261352539
INFO:trainer_layer_backward:200.9751796722412
INFO:trainer_layer_backward:201.81751251220703
INFO:trainer_layer_backward:203.5355567932129
INFO:trainer_layer_backward:200.653076171875
INFO:trainer_layer_backward:202.9094696044922
INFO:trainer_layer_backward:201.8117904663086
INFO:trainer_layer_backward:201.5514373779297
INFO:trainer_layer_backward:203.87005805969238
INFO:trainer_layer_backward:198.93121719360352
INFO:trainer_layer_backward:200.81233978271484
INFO:trainer_layer_backward:203.4921646118164
INFO:trainer_layer_backward:199.66578483581543
INFO:trainer_layer_backward:202.94189453125
INFO:trainer_layer_backward:202.56471633911133
INFO:trainer_layer_backward:202.04639434814453
INFO:trainer_layer_backward:199.99361038208008
INFO:trainer_layer_backward:201.61199569702148
INFO:trainer_layer_backward:203.17816734313965
INFO:trainer_layer_backward:200.4401683807373
INFO:trainer_layer_backward:204.56957817077637
INFO:trainer_layer_backward:200.84643363952637
INFO:trainer_layer_backward:202.4092674255371
INFO:trainer_layer_backward:200.7133960723877
INFO:trainer_layer_backward:200.22869110107422
INFO:trainer_layer_backward:201.95817947387695
INFO:trainer_layer_backward:202.239990234375
INFO:trainer_layer_backward:200.10018348693848
INFO:trainer_layer_backward:200.91605186462402
INFO:trainer_layer_backward:200.96850395202637
