INFO:trainer_layer_backward:FFT_CNNEx | mnist
INFO:trainer_layer_backward:in_size : 1024 | epochs : 1 | batch : 1
INFO:trainer_layer_backward:kernel_l1 : 513 | 
INFO:trainer_layer_backward:o_channels_l1 : 20 | 
INFO:trainer_layer_backward:learn_num_train : 1000 | learn_num_validate : 0 
INFO:trainer_layer_backward::::::::::::::::::::::::::::::::::::::::::::::::::::::::::::
INFO:trainer_layer_backward:message : FFT_conv1 
INFO:trainer_layer_backward::::::::::::::::::::::::::::::::::::::::::::::::::::::::::::
INFO:trainer_layer_backward:Ave_Time : 89.62107643936619
INFO:trainer_layer_backward::::::::::::::::::::::::::::::::::::::::::::::::::::::::::::
INFO:trainer_layer_backward:93.96839141845703
INFO:trainer_layer_backward:92.65804290771484
INFO:trainer_layer_backward:93.43647956848145
INFO:trainer_layer_backward:94.53439712524414
INFO:trainer_layer_backward:93.04952621459961
INFO:trainer_layer_backward:93.4145450592041
INFO:trainer_layer_backward:93.8575267791748
INFO:trainer_layer_backward:94.4051742553711
INFO:trainer_layer_backward:91.46499633789062
INFO:trainer_layer_backward:90.0275707244873
INFO:trainer_layer_backward:89.34259414672852
INFO:trainer_layer_backward:89.59269523620605
INFO:trainer_layer_backward:89.14852142333984
INFO:trainer_layer_backward:88.89365196228027
INFO:trainer_layer_backward:88.96565437316895
INFO:trainer_layer_backward:88.67001533508301
INFO:trainer_layer_backward:90.6057357788086
INFO:trainer_layer_backward:90.86370468139648
INFO:trainer_layer_backward:88.98258209228516
INFO:trainer_layer_backward:88.85002136230469
INFO:trainer_layer_backward:88.8833999633789
INFO:trainer_layer_backward:86.9896411895752
INFO:trainer_layer_backward:92.2861099243164
INFO:trainer_layer_backward:89.0207290649414
INFO:trainer_layer_backward:88.81974220275879
INFO:trainer_layer_backward:89.71714973449707
INFO:trainer_layer_backward:89.05673027038574
INFO:trainer_layer_backward:88.99402618408203
INFO:trainer_layer_backward:90.10505676269531
INFO:trainer_layer_backward:90.8961296081543
INFO:trainer_layer_backward:88.98305892944336
INFO:trainer_layer_backward:88.92083168029785
INFO:trainer_layer_backward:89.00928497314453
INFO:trainer_layer_backward:89.92147445678711
INFO:trainer_layer_backward:88.6380672454834
INFO:trainer_layer_backward:89.32161331176758
INFO:trainer_layer_backward:88.65070343017578
INFO:trainer_layer_backward:87.40711212158203
INFO:trainer_layer_backward:90.95025062561035
INFO:trainer_layer_backward:103.89304161071777
INFO:trainer_layer_backward:89.04290199279785
INFO:trainer_layer_backward:88.99569511413574
INFO:trainer_layer_backward:90.70348739624023
INFO:trainer_layer_backward:88.98186683654785
INFO:trainer_layer_backward:90.47317504882812
INFO:trainer_layer_backward:89.48278427124023
INFO:trainer_layer_backward:89.24365043640137
INFO:trainer_layer_backward:89.51544761657715
INFO:trainer_layer_backward:90.63982963562012
INFO:trainer_layer_backward:89.46084976196289
INFO:trainer_layer_backward:89.72477912902832
INFO:trainer_layer_backward:88.83357048034668
INFO:trainer_layer_backward:88.90151977539062
INFO:trainer_layer_backward:87.2049331665039
INFO:trainer_layer_backward:91.46714210510254
INFO:trainer_layer_backward:92.13805198669434
INFO:trainer_layer_backward:89.32352066040039
INFO:trainer_layer_backward:88.99307250976562
INFO:trainer_layer_backward:89.25747871398926
INFO:trainer_layer_backward:89.14351463317871
INFO:trainer_layer_backward:89.28632736206055
INFO:trainer_layer_backward:90.7597541809082
INFO:trainer_layer_backward:89.4019603729248
INFO:trainer_layer_backward:88.85598182678223
INFO:trainer_layer_backward:90.36612510681152
INFO:trainer_layer_backward:92.42701530456543
INFO:trainer_layer_backward:91.91417694091797
INFO:trainer_layer_backward:93.25313568115234
INFO:trainer_layer_backward:93.50442886352539
INFO:trainer_layer_backward:93.41597557067871
INFO:trainer_layer_backward:92.75531768798828
INFO:trainer_layer_backward:93.45722198486328
INFO:trainer_layer_backward:94.29621696472168
INFO:trainer_layer_backward:92.70048141479492
INFO:trainer_layer_backward:92.82040596008301
INFO:trainer_layer_backward:93.33610534667969
INFO:trainer_layer_backward:94.35367584228516
INFO:trainer_layer_backward:92.4689769744873
INFO:trainer_layer_backward:91.81404113769531
INFO:trainer_layer_backward:89.10679817199707
INFO:trainer_layer_backward:90.71183204650879
INFO:trainer_layer_backward:89.5383358001709
INFO:trainer_layer_backward:89.17880058288574
INFO:trainer_layer_backward:89.83516693115234
INFO:trainer_layer_backward:92.86260604858398
INFO:trainer_layer_backward:87.4640941619873
INFO:trainer_layer_backward:90.46125411987305
INFO:trainer_layer_backward:90.87085723876953
INFO:trainer_layer_backward:88.74368667602539
INFO:trainer_layer_backward:89.23506736755371
INFO:trainer_layer_backward:88.77730369567871
INFO:trainer_layer_backward:88.91582489013672
INFO:trainer_layer_backward:89.26177024841309
INFO:trainer_layer_backward:90.76595306396484
INFO:trainer_layer_backward:89.00594711303711
INFO:trainer_layer_backward:88.97137641906738
INFO:trainer_layer_backward:89.10274505615234
INFO:trainer_layer_backward:87.9356861114502
INFO:trainer_layer_backward:90.97051620483398
INFO:trainer_layer_backward:88.5474681854248
INFO:trainer_layer_backward:90.30723571777344
INFO:trainer_layer_backward:87.49747276306152
INFO:trainer_layer_backward:90.67988395690918
INFO:trainer_layer_backward:88.45996856689453
INFO:trainer_layer_backward:90.46220779418945
INFO:trainer_layer_backward:88.58060836791992
INFO:trainer_layer_backward:90.02256393432617
INFO:trainer_layer_backward:93.57810020446777
INFO:trainer_layer_backward:90.8973217010498
INFO:trainer_layer_backward:89.86639976501465
INFO:trainer_layer_backward:88.3324146270752
INFO:trainer_layer_backward:89.95223045349121
INFO:trainer_layer_backward:89.08438682556152
INFO:trainer_layer_backward:90.4686450958252
INFO:trainer_layer_backward:90.5911922454834
INFO:trainer_layer_backward:88.68026733398438
INFO:trainer_layer_backward:88.74702453613281
INFO:trainer_layer_backward:87.13817596435547
INFO:trainer_layer_backward:91.11690521240234
INFO:trainer_layer_backward:89.48326110839844
INFO:trainer_layer_backward:89.06769752502441
INFO:trainer_layer_backward:89.05315399169922
INFO:trainer_layer_backward:89.0512466430664
INFO:trainer_layer_backward:89.1411304473877
INFO:trainer_layer_backward:89.0498161315918
INFO:trainer_layer_backward:90.50869941711426
INFO:trainer_layer_backward:90.39187431335449
INFO:trainer_layer_backward:89.42151069641113
INFO:trainer_layer_backward:88.87362480163574
INFO:trainer_layer_backward:89.15090560913086
INFO:trainer_layer_backward:88.6533260345459
INFO:trainer_layer_backward:89.48254585266113
INFO:trainer_layer_backward:89.70904350280762
INFO:trainer_layer_backward:88.86575698852539
INFO:trainer_layer_backward:91.32838249206543
INFO:trainer_layer_backward:88.86885643005371
INFO:trainer_layer_backward:89.42580223083496
INFO:trainer_layer_backward:90.34180641174316
INFO:trainer_layer_backward:89.15281295776367
INFO:trainer_layer_backward:90.93546867370605
INFO:trainer_layer_backward:89.09153938293457
INFO:trainer_layer_backward:88.87839317321777
INFO:trainer_layer_backward:88.97519111633301
INFO:trainer_layer_backward:88.01531791687012
INFO:trainer_layer_backward:88.58990669250488
INFO:trainer_layer_backward:89.25414085388184
INFO:trainer_layer_backward:90.99626541137695
INFO:trainer_layer_backward:89.55144882202148
INFO:trainer_layer_backward:88.75751495361328
INFO:trainer_layer_backward:87.0509147644043
INFO:trainer_layer_backward:90.58761596679688
INFO:trainer_layer_backward:88.91701698303223
INFO:trainer_layer_backward:90.85226058959961
INFO:trainer_layer_backward:89.05506134033203
INFO:trainer_layer_backward:88.86384963989258
INFO:trainer_layer_backward:88.93585205078125
INFO:trainer_layer_backward:88.78183364868164
INFO:trainer_layer_backward:89.62321281433105
INFO:trainer_layer_backward:90.09838104248047
INFO:trainer_layer_backward:90.12532234191895
INFO:trainer_layer_backward:88.45686912536621
INFO:trainer_layer_backward:88.46330642700195
INFO:trainer_layer_backward:88.6843204498291
INFO:trainer_layer_backward:90.85893630981445
INFO:trainer_layer_backward:89.26606178283691
INFO:trainer_layer_backward:88.64116668701172
INFO:trainer_layer_backward:91.65835380554199
INFO:trainer_layer_backward:88.99545669555664
INFO:trainer_layer_backward:89.7371768951416
INFO:trainer_layer_backward:88.78827095031738
INFO:trainer_layer_backward:88.94848823547363
INFO:trainer_layer_backward:90.27814865112305
INFO:trainer_layer_backward:89.28966522216797
INFO:trainer_layer_backward:88.9577865600586
INFO:trainer_layer_backward:90.7442569732666
INFO:trainer_layer_backward:88.12665939331055
INFO:trainer_layer_backward:89.3547534942627
INFO:trainer_layer_backward:88.72127532958984
INFO:trainer_layer_backward:89.41340446472168
INFO:trainer_layer_backward:89.68353271484375
INFO:trainer_layer_backward:88.35959434509277
INFO:trainer_layer_backward:87.33415603637695
INFO:trainer_layer_backward:91.10045433044434
INFO:trainer_layer_backward:88.91534805297852
INFO:trainer_layer_backward:90.71898460388184
INFO:trainer_layer_backward:90.9585952758789
INFO:trainer_layer_backward:89.111328125
INFO:trainer_layer_backward:89.24603462219238
INFO:trainer_layer_backward:89.27297592163086
INFO:trainer_layer_backward:88.29975128173828
INFO:trainer_layer_backward:90.03496170043945
INFO:trainer_layer_backward:91.04537963867188
INFO:trainer_layer_backward:88.71126174926758
INFO:trainer_layer_backward:89.30730819702148
INFO:trainer_layer_backward:88.96136283874512
INFO:trainer_layer_backward:88.37199211120605
INFO:trainer_layer_backward:88.64569664001465
INFO:trainer_layer_backward:87.27121353149414
INFO:trainer_layer_backward:91.29786491394043
INFO:trainer_layer_backward:89.41841125488281
INFO:trainer_layer_backward:89.13326263427734
INFO:trainer_layer_backward:90.31224250793457
INFO:trainer_layer_backward:88.66429328918457
INFO:trainer_layer_backward:88.67526054382324
INFO:trainer_layer_backward:89.01071548461914
INFO:trainer_layer_backward:89.11609649658203
INFO:trainer_layer_backward:90.49248695373535
INFO:trainer_layer_backward:89.32876586914062
INFO:trainer_layer_backward:89.1876220703125
INFO:trainer_layer_backward:88.94896507263184
INFO:trainer_layer_backward:88.88840675354004
INFO:trainer_layer_backward:90.14320373535156
INFO:trainer_layer_backward:90.89922904968262
INFO:trainer_layer_backward:87.53776550292969
INFO:trainer_layer_backward:90.49654006958008
INFO:trainer_layer_backward:88.90652656555176
INFO:trainer_layer_backward:88.82951736450195
INFO:trainer_layer_backward:89.13969993591309
INFO:trainer_layer_backward:89.23053741455078
INFO:trainer_layer_backward:89.080810546875
INFO:trainer_layer_backward:88.55128288269043
INFO:trainer_layer_backward:89.14828300476074
INFO:trainer_layer_backward:88.7298583984375
INFO:trainer_layer_backward:90.28410911560059
INFO:trainer_layer_backward:91.08376502990723
INFO:trainer_layer_backward:89.16783332824707
INFO:trainer_layer_backward:87.9204273223877
INFO:trainer_layer_backward:90.34514427185059
INFO:trainer_layer_backward:88.79637718200684
INFO:trainer_layer_backward:87.22329139709473
INFO:trainer_layer_backward:91.0336971282959
INFO:trainer_layer_backward:89.88571166992188
INFO:trainer_layer_backward:88.94634246826172
INFO:trainer_layer_backward:89.78271484375
INFO:trainer_layer_backward:89.15233612060547
INFO:trainer_layer_backward:88.6988639831543
INFO:trainer_layer_backward:89.02716636657715
INFO:trainer_layer_backward:89.69426155090332
INFO:trainer_layer_backward:88.79518508911133
INFO:trainer_layer_backward:90.95358848571777
INFO:trainer_layer_backward:89.04075622558594
INFO:trainer_layer_backward:88.55700492858887
INFO:trainer_layer_backward:89.52808380126953
INFO:trainer_layer_backward:89.58768844604492
INFO:trainer_layer_backward:90.8050537109375
INFO:trainer_layer_backward:87.83745765686035
INFO:trainer_layer_backward:90.50536155700684
INFO:trainer_layer_backward:88.97113800048828
INFO:trainer_layer_backward:88.98305892944336
INFO:trainer_layer_backward:88.98544311523438
INFO:trainer_layer_backward:91.19820594787598
INFO:trainer_layer_backward:88.80305290222168
INFO:trainer_layer_backward:88.77110481262207
INFO:trainer_layer_backward:89.23649787902832
INFO:trainer_layer_backward:88.33503723144531
INFO:trainer_layer_backward:88.87577056884766
INFO:trainer_layer_backward:89.2336368560791
INFO:trainer_layer_backward:93.57857704162598
INFO:trainer_layer_backward:88.76848220825195
INFO:trainer_layer_backward:88.44494819641113
INFO:trainer_layer_backward:89.25318717956543
INFO:trainer_layer_backward:90.64149856567383
INFO:trainer_layer_backward:92.4835205078125
INFO:trainer_layer_backward:91.13454818725586
INFO:trainer_layer_backward:89.34164047241211
INFO:trainer_layer_backward:88.6847972869873
INFO:trainer_layer_backward:90.35634994506836
INFO:trainer_layer_backward:92.62871742248535
INFO:trainer_layer_backward:89.23530578613281
INFO:trainer_layer_backward:91.01748466491699
INFO:trainer_layer_backward:92.96393394470215
INFO:trainer_layer_backward:90.12627601623535
INFO:trainer_layer_backward:91.3081169128418
INFO:trainer_layer_backward:89.38217163085938
INFO:trainer_layer_backward:88.81759643554688
INFO:trainer_layer_backward:91.37344360351562
INFO:trainer_layer_backward:92.63730049133301
INFO:trainer_layer_backward:90.16251564025879
INFO:trainer_layer_backward:91.06683731079102
INFO:trainer_layer_backward:87.95809745788574
INFO:trainer_layer_backward:90.18731117248535
INFO:trainer_layer_backward:88.470458984375
INFO:trainer_layer_backward:89.27035331726074
INFO:trainer_layer_backward:88.04011344909668
INFO:trainer_layer_backward:90.19589424133301
INFO:trainer_layer_backward:89.17903900146484
INFO:trainer_layer_backward:88.82355690002441
INFO:trainer_layer_backward:89.62631225585938
INFO:trainer_layer_backward:89.1571044921875
INFO:trainer_layer_backward:90.83056449890137
INFO:trainer_layer_backward:89.18929100036621
INFO:trainer_layer_backward:88.76419067382812
INFO:trainer_layer_backward:88.98091316223145
INFO:trainer_layer_backward:89.43486213684082
INFO:trainer_layer_backward:91.28403663635254
INFO:trainer_layer_backward:88.83953094482422
INFO:trainer_layer_backward:88.58942985534668
INFO:trainer_layer_backward:89.38384056091309
INFO:trainer_layer_backward:89.65134620666504
INFO:trainer_layer_backward:90.94905853271484
INFO:trainer_layer_backward:89.42532539367676
INFO:trainer_layer_backward:88.54818344116211
INFO:trainer_layer_backward:90.91424942016602
INFO:trainer_layer_backward:89.05911445617676
INFO:trainer_layer_backward:90.25216102600098
INFO:trainer_layer_backward:94.23422813415527
INFO:trainer_layer_backward:89.19024467468262
INFO:trainer_layer_backward:89.3406867980957
INFO:trainer_layer_backward:90.53444862365723
INFO:trainer_layer_backward:87.64052391052246
INFO:trainer_layer_backward:93.93954277038574
INFO:trainer_layer_backward:91.71009063720703
INFO:trainer_layer_backward:87.9976749420166
INFO:trainer_layer_backward:90.5144214630127
INFO:trainer_layer_backward:88.75298500061035
INFO:trainer_layer_backward:90.62957763671875
INFO:trainer_layer_backward:90.37137031555176
INFO:trainer_layer_backward:89.48421478271484
INFO:trainer_layer_backward:89.14804458618164
INFO:trainer_layer_backward:89.37740325927734
INFO:trainer_layer_backward:90.33775329589844
INFO:trainer_layer_backward:89.17427062988281
INFO:trainer_layer_backward:89.67256546020508
INFO:trainer_layer_backward:88.95540237426758
INFO:trainer_layer_backward:89.33019638061523
INFO:trainer_layer_backward:89.05696868896484
INFO:trainer_layer_backward:92.32974052429199
INFO:trainer_layer_backward:89.26558494567871
INFO:trainer_layer_backward:89.50328826904297
INFO:trainer_layer_backward:89.76602554321289
INFO:trainer_layer_backward:89.16139602661133
INFO:trainer_layer_backward:91.10641479492188
INFO:trainer_layer_backward:88.99593353271484
INFO:trainer_layer_backward:89.07532691955566
INFO:trainer_layer_backward:89.07175064086914
INFO:trainer_layer_backward:89.22433853149414
INFO:trainer_layer_backward:89.95819091796875
INFO:trainer_layer_backward:90.23094177246094
INFO:trainer_layer_backward:89.4923210144043
INFO:trainer_layer_backward:89.04743194580078
INFO:trainer_layer_backward:89.39862251281738
INFO:trainer_layer_backward:88.62447738647461
INFO:trainer_layer_backward:91.13526344299316
INFO:trainer_layer_backward:89.4780158996582
INFO:trainer_layer_backward:89.56646919250488
INFO:trainer_layer_backward:88.90748023986816
INFO:trainer_layer_backward:88.60278129577637
INFO:trainer_layer_backward:89.4773006439209
INFO:trainer_layer_backward:89.46704864501953
INFO:trainer_layer_backward:89.17880058288574
INFO:trainer_layer_backward:89.01691436767578
INFO:trainer_layer_backward:89.39814567565918
INFO:trainer_layer_backward:89.3547534942627
INFO:trainer_layer_backward:90.11316299438477
INFO:trainer_layer_backward:90.91901779174805
INFO:trainer_layer_backward:89.16544914245605
INFO:trainer_layer_backward:89.0045166015625
INFO:trainer_layer_backward:87.59188652038574
INFO:trainer_layer_backward:92.87476539611816
INFO:trainer_layer_backward:89.15328979492188
INFO:trainer_layer_backward:88.5004997253418
INFO:trainer_layer_backward:88.64092826843262
INFO:trainer_layer_backward:89.18237686157227
INFO:trainer_layer_backward:88.98091316223145
INFO:trainer_layer_backward:89.57147598266602
INFO:trainer_layer_backward:88.76943588256836
INFO:trainer_layer_backward:89.20860290527344
INFO:trainer_layer_backward:91.34531021118164
INFO:trainer_layer_backward:89.05339241027832
INFO:trainer_layer_backward:91.03083610534668
INFO:trainer_layer_backward:89.35236930847168
INFO:trainer_layer_backward:89.00642395019531
INFO:trainer_layer_backward:89.00141716003418
INFO:trainer_layer_backward:87.71324157714844
INFO:trainer_layer_backward:92.09275245666504
INFO:trainer_layer_backward:89.5078182220459
INFO:trainer_layer_backward:88.93299102783203
INFO:trainer_layer_backward:89.07890319824219
INFO:trainer_layer_backward:88.90557289123535
INFO:trainer_layer_backward:89.25652503967285
INFO:trainer_layer_backward:90.96360206604004
INFO:trainer_layer_backward:89.02692794799805
INFO:trainer_layer_backward:88.74392509460449
INFO:trainer_layer_backward:89.08247947692871
INFO:trainer_layer_backward:88.60564231872559
INFO:trainer_layer_backward:88.90199661254883
INFO:trainer_layer_backward:90.14773368835449
INFO:trainer_layer_backward:88.9277458190918
INFO:trainer_layer_backward:89.25676345825195
INFO:trainer_layer_backward:87.36610412597656
INFO:trainer_layer_backward:90.84057807922363
INFO:trainer_layer_backward:90.18111228942871
INFO:trainer_layer_backward:89.6604061126709
INFO:trainer_layer_backward:90.00730514526367
INFO:trainer_layer_backward:88.59395980834961
INFO:trainer_layer_backward:89.35403823852539
INFO:trainer_layer_backward:90.9271240234375
INFO:trainer_layer_backward:89.38741683959961
INFO:trainer_layer_backward:89.3712043762207
INFO:trainer_layer_backward:90.12651443481445
INFO:trainer_layer_backward:89.65563774108887
INFO:trainer_layer_backward:90.32392501831055
INFO:trainer_layer_backward:89.3239974975586
INFO:trainer_layer_backward:89.77007865905762
INFO:trainer_layer_backward:89.36142921447754
INFO:trainer_layer_backward:87.1741771697998
INFO:trainer_layer_backward:90.85273742675781
INFO:trainer_layer_backward:90.71016311645508
INFO:trainer_layer_backward:88.65022659301758
INFO:trainer_layer_backward:88.74034881591797
INFO:trainer_layer_backward:88.80281448364258
INFO:trainer_layer_backward:89.13540840148926
INFO:trainer_layer_backward:89.52975273132324
INFO:trainer_layer_backward:88.86861801147461
INFO:trainer_layer_backward:88.68670463562012
INFO:trainer_layer_backward:89.75934982299805
INFO:trainer_layer_backward:88.99760246276855
INFO:trainer_layer_backward:88.8526439666748
INFO:trainer_layer_backward:90.26694297790527
INFO:trainer_layer_backward:90.2705192565918
INFO:trainer_layer_backward:88.62686157226562
INFO:trainer_layer_backward:87.56709098815918
INFO:trainer_layer_backward:90.97027778625488
INFO:trainer_layer_backward:89.45298194885254
INFO:trainer_layer_backward:90.07549285888672
INFO:trainer_layer_backward:90.33083915710449
INFO:trainer_layer_backward:89.50161933898926
INFO:trainer_layer_backward:88.98138999938965
INFO:trainer_layer_backward:89.17427062988281
INFO:trainer_layer_backward:90.32440185546875
INFO:trainer_layer_backward:89.28561210632324
INFO:trainer_layer_backward:89.06269073486328
INFO:trainer_layer_backward:91.27449989318848
INFO:trainer_layer_backward:88.92536163330078
INFO:trainer_layer_backward:89.47253227233887
INFO:trainer_layer_backward:89.67161178588867
INFO:trainer_layer_backward:89.48636054992676
INFO:trainer_layer_backward:87.49961853027344
INFO:trainer_layer_backward:92.44203567504883
INFO:trainer_layer_backward:90.38853645324707
INFO:trainer_layer_backward:89.66302871704102
INFO:trainer_layer_backward:89.28728103637695
INFO:trainer_layer_backward:88.81258964538574
INFO:trainer_layer_backward:89.11466598510742
INFO:trainer_layer_backward:88.8817310333252
INFO:trainer_layer_backward:90.99650382995605
INFO:trainer_layer_backward:89.34187889099121
INFO:trainer_layer_backward:89.1883373260498
INFO:trainer_layer_backward:89.19692039489746
INFO:trainer_layer_backward:88.5307788848877
INFO:trainer_layer_backward:89.9662971496582
INFO:trainer_layer_backward:89.87283706665039
INFO:trainer_layer_backward:89.66469764709473
INFO:trainer_layer_backward:87.39590644836426
INFO:trainer_layer_backward:91.16721153259277
INFO:trainer_layer_backward:89.34760093688965
INFO:trainer_layer_backward:90.46244621276855
INFO:trainer_layer_backward:89.33210372924805
INFO:trainer_layer_backward:90.82174301147461
INFO:trainer_layer_backward:89.20598030090332
INFO:trainer_layer_backward:88.81807327270508
INFO:trainer_layer_backward:89.32805061340332
INFO:trainer_layer_backward:88.84954452514648
INFO:trainer_layer_backward:89.39552307128906
INFO:trainer_layer_backward:90.96789360046387
INFO:trainer_layer_backward:89.17498588562012
INFO:trainer_layer_backward:88.97995948791504
INFO:trainer_layer_backward:89.53666687011719
INFO:trainer_layer_backward:89.26796913146973
INFO:trainer_layer_backward:87.35132217407227
INFO:trainer_layer_backward:91.34316444396973
INFO:trainer_layer_backward:90.65628051757812
INFO:trainer_layer_backward:89.62178230285645
INFO:trainer_layer_backward:88.58728408813477
INFO:trainer_layer_backward:89.29586410522461
INFO:trainer_layer_backward:88.95492553710938
INFO:trainer_layer_backward:88.91153335571289
INFO:trainer_layer_backward:90.8198356628418
INFO:trainer_layer_backward:90.69228172302246
INFO:trainer_layer_backward:89.68377113342285
INFO:trainer_layer_backward:89.10536766052246
INFO:trainer_layer_backward:89.25867080688477
INFO:trainer_layer_backward:89.0507698059082
INFO:trainer_layer_backward:90.95954895019531
INFO:trainer_layer_backward:89.14875984191895
INFO:trainer_layer_backward:87.71705627441406
INFO:trainer_layer_backward:91.46642684936523
INFO:trainer_layer_backward:89.07938003540039
INFO:trainer_layer_backward:90.00849723815918
INFO:trainer_layer_backward:89.26272392272949
INFO:trainer_layer_backward:90.92330932617188
INFO:trainer_layer_backward:89.57314491271973
INFO:trainer_layer_backward:88.66620063781738
INFO:trainer_layer_backward:89.49804306030273
INFO:trainer_layer_backward:91.15719795227051
INFO:trainer_layer_backward:89.53070640563965
INFO:trainer_layer_backward:88.6235237121582
INFO:trainer_layer_backward:90.14010429382324
INFO:trainer_layer_backward:89.54095840454102
INFO:trainer_layer_backward:89.07198905944824
INFO:trainer_layer_backward:89.18428421020508
INFO:trainer_layer_backward:87.58759498596191
INFO:trainer_layer_backward:90.50679206848145
INFO:trainer_layer_backward:90.43717384338379
INFO:trainer_layer_backward:90.20423889160156
INFO:trainer_layer_backward:88.73343467712402
INFO:trainer_layer_backward:89.06030654907227
INFO:trainer_layer_backward:89.16878700256348
INFO:trainer_layer_backward:89.11848068237305
INFO:trainer_layer_backward:89.21504020690918
INFO:trainer_layer_backward:91.28427505493164
INFO:trainer_layer_backward:89.05506134033203
INFO:trainer_layer_backward:89.08653259277344
INFO:trainer_layer_backward:88.86551856994629
INFO:trainer_layer_backward:89.21027183532715
INFO:trainer_layer_backward:89.7376537322998
INFO:trainer_layer_backward:91.08734130859375
INFO:trainer_layer_backward:88.46807479858398
INFO:trainer_layer_backward:90.8968448638916
INFO:trainer_layer_backward:89.00809288024902
INFO:trainer_layer_backward:89.12944793701172
INFO:trainer_layer_backward:91.23826026916504
INFO:trainer_layer_backward:89.3254280090332
INFO:trainer_layer_backward:91.64166450500488
INFO:trainer_layer_backward:88.93465995788574
INFO:trainer_layer_backward:89.10441398620605
INFO:trainer_layer_backward:90.53492546081543
INFO:trainer_layer_backward:89.27369117736816
INFO:trainer_layer_backward:88.73510360717773
INFO:trainer_layer_backward:89.68782424926758
INFO:trainer_layer_backward:89.50424194335938
INFO:trainer_layer_backward:89.16330337524414
INFO:trainer_layer_backward:90.54732322692871
INFO:trainer_layer_backward:87.65530586242676
INFO:trainer_layer_backward:90.48986434936523
INFO:trainer_layer_backward:88.98377418518066
INFO:trainer_layer_backward:88.83881568908691
INFO:trainer_layer_backward:89.0653133392334
INFO:trainer_layer_backward:88.74058723449707
INFO:trainer_layer_backward:88.93990516662598
INFO:trainer_layer_backward:88.52529525756836
INFO:trainer_layer_backward:90.0716781616211
INFO:trainer_layer_backward:89.6298885345459
INFO:trainer_layer_backward:90.96312522888184
INFO:trainer_layer_backward:89.21551704406738
INFO:trainer_layer_backward:89.14351463317871
INFO:trainer_layer_backward:89.39290046691895
INFO:trainer_layer_backward:89.17355537414551
INFO:trainer_layer_backward:89.5545482635498
INFO:trainer_layer_backward:88.99998664855957
INFO:trainer_layer_backward:91.4309024810791
INFO:trainer_layer_backward:89.68329429626465
INFO:trainer_layer_backward:89.07341957092285
INFO:trainer_layer_backward:88.91773223876953
INFO:trainer_layer_backward:89.78271484375
INFO:trainer_layer_backward:89.00117874145508
INFO:trainer_layer_backward:89.36953544616699
INFO:trainer_layer_backward:88.93585205078125
INFO:trainer_layer_backward:89.24555778503418
INFO:trainer_layer_backward:90.87824821472168
INFO:trainer_layer_backward:88.96160125732422
INFO:trainer_layer_backward:88.6387825012207
INFO:trainer_layer_backward:89.38288688659668
INFO:trainer_layer_backward:88.80352973937988
INFO:trainer_layer_backward:90.11673927307129
INFO:trainer_layer_backward:88.4239673614502
INFO:trainer_layer_backward:91.07756614685059
INFO:trainer_layer_backward:88.98019790649414
INFO:trainer_layer_backward:89.38050270080566
INFO:trainer_layer_backward:91.52746200561523
INFO:trainer_layer_backward:90.96217155456543
INFO:trainer_layer_backward:89.03384208679199
INFO:trainer_layer_backward:89.29014205932617
INFO:trainer_layer_backward:89.06674385070801
INFO:trainer_layer_backward:89.0340805053711
INFO:trainer_layer_backward:88.96517753601074
INFO:trainer_layer_backward:89.23196792602539
INFO:trainer_layer_backward:89.04004096984863
INFO:trainer_layer_backward:89.35880661010742
INFO:trainer_layer_backward:89.0665054321289
INFO:trainer_layer_backward:89.74647521972656
INFO:trainer_layer_backward:88.28449249267578
INFO:trainer_layer_backward:91.09067916870117
INFO:trainer_layer_backward:88.67931365966797
INFO:trainer_layer_backward:88.46187591552734
INFO:trainer_layer_backward:89.56694602966309
INFO:trainer_layer_backward:89.6310806274414
INFO:trainer_layer_backward:89.07127380371094
INFO:trainer_layer_backward:88.81735801696777
INFO:trainer_layer_backward:89.00570869445801
INFO:trainer_layer_backward:89.29800987243652
INFO:trainer_layer_backward:89.88022804260254
INFO:trainer_layer_backward:89.49089050292969
INFO:trainer_layer_backward:89.33568000793457
INFO:trainer_layer_backward:88.98758888244629
INFO:trainer_layer_backward:91.08543395996094
INFO:trainer_layer_backward:89.15543556213379
INFO:trainer_layer_backward:89.48659896850586
INFO:trainer_layer_backward:89.54906463623047
INFO:trainer_layer_backward:89.10012245178223
INFO:trainer_layer_backward:89.33115005493164
INFO:trainer_layer_backward:90.08550643920898
INFO:trainer_layer_backward:90.96407890319824
INFO:trainer_layer_backward:89.57695960998535
INFO:trainer_layer_backward:89.22958374023438
INFO:trainer_layer_backward:88.61970901489258
INFO:trainer_layer_backward:89.01667594909668
INFO:trainer_layer_backward:89.37811851501465
INFO:trainer_layer_backward:91.7825698852539
INFO:trainer_layer_backward:89.29085731506348
INFO:trainer_layer_backward:88.83166313171387
INFO:trainer_layer_backward:88.78970146179199
INFO:trainer_layer_backward:88.92703056335449
INFO:trainer_layer_backward:88.04106712341309
INFO:trainer_layer_backward:90.80004692077637
INFO:trainer_layer_backward:90.01946449279785
INFO:trainer_layer_backward:89.19477462768555
INFO:trainer_layer_backward:88.98210525512695
INFO:trainer_layer_backward:89.06054496765137
INFO:trainer_layer_backward:91.44878387451172
INFO:trainer_layer_backward:89.25318717956543
INFO:trainer_layer_backward:90.8820629119873
INFO:trainer_layer_backward:88.54961395263672
INFO:trainer_layer_backward:89.11967277526855
INFO:trainer_layer_backward:89.4308090209961
INFO:trainer_layer_backward:89.12181854248047
INFO:trainer_layer_backward:89.18309211730957
INFO:trainer_layer_backward:90.57354927062988
INFO:trainer_layer_backward:89.37311172485352
INFO:trainer_layer_backward:88.3028507232666
INFO:trainer_layer_backward:91.2940502166748
INFO:trainer_layer_backward:89.2629623413086
INFO:trainer_layer_backward:89.10393714904785
INFO:trainer_layer_backward:89.34617042541504
INFO:trainer_layer_backward:91.4621353149414
INFO:trainer_layer_backward:91.28904342651367
INFO:trainer_layer_backward:89.1425609588623
INFO:trainer_layer_backward:89.29610252380371
INFO:trainer_layer_backward:89.11013603210449
INFO:trainer_layer_backward:88.60993385314941
INFO:trainer_layer_backward:90.64626693725586
INFO:trainer_layer_backward:89.71643447875977
INFO:trainer_layer_backward:89.10202980041504
INFO:trainer_layer_backward:89.04838562011719
INFO:trainer_layer_backward:88.96112442016602
INFO:trainer_layer_backward:87.6016616821289
INFO:trainer_layer_backward:92.52667427062988
INFO:trainer_layer_backward:90.93809127807617
INFO:trainer_layer_backward:89.30778503417969
INFO:trainer_layer_backward:89.07389640808105
INFO:trainer_layer_backward:89.01715278625488
INFO:trainer_layer_backward:89.25485610961914
INFO:trainer_layer_backward:88.74797821044922
INFO:trainer_layer_backward:90.49534797668457
INFO:trainer_layer_backward:89.15281295776367
INFO:trainer_layer_backward:89.508056640625
INFO:trainer_layer_backward:89.38169479370117
INFO:trainer_layer_backward:88.94491195678711
INFO:trainer_layer_backward:88.50383758544922
INFO:trainer_layer_backward:89.15519714355469
INFO:trainer_layer_backward:90.32273292541504
INFO:trainer_layer_backward:87.46981620788574
INFO:trainer_layer_backward:90.35992622375488
INFO:trainer_layer_backward:88.45233917236328
INFO:trainer_layer_backward:89.24627304077148
INFO:trainer_layer_backward:89.33639526367188
INFO:trainer_layer_backward:89.69235420227051
INFO:trainer_layer_backward:90.13104438781738
INFO:trainer_layer_backward:89.59102630615234
INFO:trainer_layer_backward:89.06388282775879
INFO:trainer_layer_backward:88.6073112487793
INFO:trainer_layer_backward:89.0645980834961
INFO:trainer_layer_backward:89.36047554016113
INFO:trainer_layer_backward:90.67034721374512
INFO:trainer_layer_backward:88.70172500610352
INFO:trainer_layer_backward:89.83588218688965
INFO:trainer_layer_backward:89.13087844848633
INFO:trainer_layer_backward:87.59808540344238
INFO:trainer_layer_backward:90.38472175598145
INFO:trainer_layer_backward:90.76690673828125
INFO:trainer_layer_backward:89.0970230102539
INFO:trainer_layer_backward:88.85931968688965
INFO:trainer_layer_backward:89.36667442321777
INFO:trainer_layer_backward:88.8359546661377
INFO:trainer_layer_backward:90.04688262939453
INFO:trainer_layer_backward:88.93656730651855
INFO:trainer_layer_backward:90.66414833068848
INFO:trainer_layer_backward:89.32828903198242
INFO:trainer_layer_backward:89.1880989074707
INFO:trainer_layer_backward:89.10584449768066
INFO:trainer_layer_backward:89.19453620910645
INFO:trainer_layer_backward:89.16401863098145
INFO:trainer_layer_backward:90.72518348693848
INFO:trainer_layer_backward:87.74971961975098
INFO:trainer_layer_backward:91.1252498626709
INFO:trainer_layer_backward:91.00222587585449
INFO:trainer_layer_backward:88.74034881591797
INFO:trainer_layer_backward:88.92607688903809
INFO:trainer_layer_backward:89.21670913696289
INFO:trainer_layer_backward:90.8193588256836
INFO:trainer_layer_backward:89.61176872253418
INFO:trainer_layer_backward:89.10346031188965
INFO:trainer_layer_backward:88.54293823242188
INFO:trainer_layer_backward:89.17975425720215
INFO:trainer_layer_backward:89.41030502319336
INFO:trainer_layer_backward:91.26615524291992
INFO:trainer_layer_backward:90.9876823425293
INFO:trainer_layer_backward:89.48159217834473
INFO:trainer_layer_backward:89.07294273376465
INFO:trainer_layer_backward:87.62931823730469
INFO:trainer_layer_backward:90.75403213500977
INFO:trainer_layer_backward:91.00532531738281
INFO:trainer_layer_backward:91.04657173156738
INFO:trainer_layer_backward:88.96160125732422
INFO:trainer_layer_backward:89.19644355773926
INFO:trainer_layer_backward:88.55390548706055
INFO:trainer_layer_backward:91.16888046264648
INFO:trainer_layer_backward:89.44964408874512
INFO:trainer_layer_backward:90.5461311340332
INFO:trainer_layer_backward:90.29316902160645
INFO:trainer_layer_backward:89.1106128692627
INFO:trainer_layer_backward:89.25461769104004
INFO:trainer_layer_backward:90.88540077209473
INFO:trainer_layer_backward:89.18523788452148
INFO:trainer_layer_backward:88.99450302124023
INFO:trainer_layer_backward:87.34130859375
INFO:trainer_layer_backward:91.13168716430664
INFO:trainer_layer_backward:89.34187889099121
INFO:trainer_layer_backward:89.13254737854004
INFO:trainer_layer_backward:88.45853805541992
INFO:trainer_layer_backward:88.67883682250977
INFO:trainer_layer_backward:89.79678153991699
INFO:trainer_layer_backward:90.67511558532715
INFO:trainer_layer_backward:89.45393562316895
INFO:trainer_layer_backward:89.16950225830078
INFO:trainer_layer_backward:89.41364288330078
INFO:trainer_layer_backward:88.64951133728027
INFO:trainer_layer_backward:89.41221237182617
INFO:trainer_layer_backward:89.30158615112305
INFO:trainer_layer_backward:89.25533294677734
INFO:trainer_layer_backward:88.60969543457031
INFO:trainer_layer_backward:87.33415603637695
INFO:trainer_layer_backward:90.77191352844238
INFO:trainer_layer_backward:90.65055847167969
INFO:trainer_layer_backward:89.37191963195801
INFO:trainer_layer_backward:89.45250511169434
INFO:trainer_layer_backward:88.39607238769531
INFO:trainer_layer_backward:89.05315399169922
INFO:trainer_layer_backward:89.53189849853516
INFO:trainer_layer_backward:90.9414291381836
INFO:trainer_layer_backward:89.080810546875
INFO:trainer_layer_backward:89.09344673156738
INFO:trainer_layer_backward:88.96422386169434
INFO:trainer_layer_backward:88.9899730682373
INFO:trainer_layer_backward:89.63584899902344
INFO:trainer_layer_backward:90.27743339538574
INFO:trainer_layer_backward:89.21575546264648
INFO:trainer_layer_backward:87.6007080078125
INFO:trainer_layer_backward:92.50283241271973
INFO:trainer_layer_backward:88.6082649230957
INFO:trainer_layer_backward:91.09616279602051
INFO:trainer_layer_backward:89.1878604888916
INFO:trainer_layer_backward:89.08724784851074
INFO:trainer_layer_backward:88.93823623657227
INFO:trainer_layer_backward:88.95730972290039
INFO:trainer_layer_backward:89.94293212890625
INFO:trainer_layer_backward:89.58840370178223
INFO:trainer_layer_backward:88.60898017883301
INFO:trainer_layer_backward:89.03789520263672
INFO:trainer_layer_backward:89.06912803649902
INFO:trainer_layer_backward:89.33568000793457
INFO:trainer_layer_backward:90.92354774475098
INFO:trainer_layer_backward:89.08438682556152
INFO:trainer_layer_backward:87.41402626037598
INFO:trainer_layer_backward:90.64435958862305
INFO:trainer_layer_backward:88.60254287719727
INFO:trainer_layer_backward:89.18476104736328
INFO:trainer_layer_backward:90.8970832824707
INFO:trainer_layer_backward:89.2632007598877
INFO:trainer_layer_backward:88.7913703918457
INFO:trainer_layer_backward:88.65642547607422
INFO:trainer_layer_backward:90.45529365539551
INFO:trainer_layer_backward:90.0278091430664
INFO:trainer_layer_backward:89.05649185180664
INFO:trainer_layer_backward:90.62004089355469
INFO:trainer_layer_backward:89.59746360778809
INFO:trainer_layer_backward:89.25914764404297
INFO:trainer_layer_backward:90.95931053161621
INFO:trainer_layer_backward:89.12253379821777
INFO:trainer_layer_backward:87.34774589538574
INFO:trainer_layer_backward:92.27585792541504
INFO:trainer_layer_backward:89.19787406921387
INFO:trainer_layer_backward:90.35849571228027
INFO:trainer_layer_backward:89.06221389770508
INFO:trainer_layer_backward:89.2789363861084
INFO:trainer_layer_backward:89.21456336975098
INFO:trainer_layer_backward:89.01834487915039
INFO:trainer_layer_backward:89.64848518371582
INFO:trainer_layer_backward:90.76499938964844
INFO:trainer_layer_backward:89.24436569213867
INFO:trainer_layer_backward:89.03765678405762
INFO:trainer_layer_backward:88.78135681152344
INFO:trainer_layer_backward:89.09463882446289
INFO:trainer_layer_backward:89.23029899597168
INFO:trainer_layer_backward:89.38765525817871
INFO:trainer_layer_backward:87.91446685791016
INFO:trainer_layer_backward:90.97456932067871
INFO:trainer_layer_backward:89.40529823303223
INFO:trainer_layer_backward:89.14613723754883
INFO:trainer_layer_backward:90.97576141357422
INFO:trainer_layer_backward:90.45743942260742
INFO:trainer_layer_backward:88.9592170715332
INFO:trainer_layer_backward:89.39790725708008
INFO:trainer_layer_backward:89.08581733703613
INFO:trainer_layer_backward:89.46728706359863
INFO:trainer_layer_backward:89.04695510864258
INFO:trainer_layer_backward:89.7836685180664
INFO:trainer_layer_backward:88.87028694152832
INFO:trainer_layer_backward:89.20025825500488
INFO:trainer_layer_backward:90.4855728149414
INFO:trainer_layer_backward:89.36786651611328
INFO:trainer_layer_backward:87.53609657287598
INFO:trainer_layer_backward:90.97933769226074
INFO:trainer_layer_backward:90.34514427185059
INFO:trainer_layer_backward:89.36190605163574
INFO:trainer_layer_backward:90.7127857208252
INFO:trainer_layer_backward:89.02263641357422
INFO:trainer_layer_backward:88.67001533508301
INFO:trainer_layer_backward:89.02549743652344
INFO:trainer_layer_backward:90.03734588623047
INFO:trainer_layer_backward:90.61288833618164
INFO:trainer_layer_backward:89.29133415222168
INFO:trainer_layer_backward:88.7749195098877
INFO:trainer_layer_backward:89.09463882446289
INFO:trainer_layer_backward:89.14327621459961
INFO:trainer_layer_backward:89.05506134033203
INFO:trainer_layer_backward:91.07589721679688
INFO:trainer_layer_backward:88.1052017211914
INFO:trainer_layer_backward:90.40093421936035
INFO:trainer_layer_backward:89.84994888305664
INFO:trainer_layer_backward:88.91010284423828
INFO:trainer_layer_backward:90.34419059753418
INFO:trainer_layer_backward:90.13652801513672
INFO:trainer_layer_backward:90.5771255493164
INFO:trainer_layer_backward:89.5848274230957
INFO:trainer_layer_backward:88.54317665100098
INFO:trainer_layer_backward:89.93029594421387
INFO:trainer_layer_backward:90.30747413635254
INFO:trainer_layer_backward:89.25104141235352
INFO:trainer_layer_backward:91.04299545288086
INFO:trainer_layer_backward:89.05816078186035
INFO:trainer_layer_backward:89.14375305175781
INFO:trainer_layer_backward:88.86575698852539
INFO:trainer_layer_backward:87.67390251159668
INFO:trainer_layer_backward:89.44034576416016
INFO:trainer_layer_backward:89.79082107543945
INFO:trainer_layer_backward:89.37549591064453
INFO:trainer_layer_backward:90.22212028503418
INFO:trainer_layer_backward:89.45345878601074
INFO:trainer_layer_backward:89.44392204284668
INFO:trainer_layer_backward:89.3549919128418
INFO:trainer_layer_backward:89.08510208129883
INFO:trainer_layer_backward:91.07756614685059
INFO:trainer_layer_backward:91.09711647033691
INFO:trainer_layer_backward:89.57767486572266
INFO:trainer_layer_backward:88.67073059082031
INFO:trainer_layer_backward:89.05196189880371
INFO:trainer_layer_backward:88.8826847076416
INFO:trainer_layer_backward:88.96255493164062
INFO:trainer_layer_backward:91.03059768676758
INFO:trainer_layer_backward:89.12539482116699
INFO:trainer_layer_backward:89.1120433807373
INFO:trainer_layer_backward:89.35141563415527
INFO:trainer_layer_backward:89.21265602111816
INFO:trainer_layer_backward:90.4238224029541
INFO:trainer_layer_backward:90.9881591796875
INFO:trainer_layer_backward:89.48469161987305
INFO:trainer_layer_backward:89.13397789001465
INFO:trainer_layer_backward:89.09440040588379
INFO:trainer_layer_backward:88.87457847595215
INFO:trainer_layer_backward:89.49923515319824
INFO:trainer_layer_backward:90.12699127197266
INFO:trainer_layer_backward:89.8432731628418
INFO:trainer_layer_backward:89.19167518615723
INFO:trainer_layer_backward:87.91947364807129
INFO:trainer_layer_backward:91.74704551696777
INFO:trainer_layer_backward:89.44320678710938
INFO:trainer_layer_backward:88.99068832397461
INFO:trainer_layer_backward:90.16752243041992
INFO:trainer_layer_backward:89.5681381225586
INFO:trainer_layer_backward:89.77198600769043
INFO:trainer_layer_backward:89.19763565063477
INFO:trainer_layer_backward:89.4472599029541
INFO:trainer_layer_backward:89.45059776306152
INFO:trainer_layer_backward:89.88165855407715
INFO:trainer_layer_backward:91.17531776428223
INFO:trainer_layer_backward:89.30373191833496
INFO:trainer_layer_backward:89.76912498474121
INFO:trainer_layer_backward:89.26534652709961
INFO:trainer_layer_backward:89.12301063537598
INFO:trainer_layer_backward:87.41188049316406
INFO:trainer_layer_backward:90.850830078125
INFO:trainer_layer_backward:88.9284610748291
INFO:trainer_layer_backward:89.34283256530762
INFO:trainer_layer_backward:88.48762512207031
INFO:trainer_layer_backward:89.54262733459473
INFO:trainer_layer_backward:90.1021957397461
INFO:trainer_layer_backward:90.31867980957031
INFO:trainer_layer_backward:89.28918838500977
INFO:trainer_layer_backward:90.4226303100586
INFO:trainer_layer_backward:89.00165557861328
INFO:trainer_layer_backward:89.01453018188477
INFO:trainer_layer_backward:91.10617637634277
INFO:trainer_layer_backward:89.52713012695312
INFO:trainer_layer_backward:90.51132202148438
INFO:trainer_layer_backward:89.06173706054688
INFO:trainer_layer_backward:87.07714080810547
INFO:trainer_layer_backward:91.3543701171875
INFO:trainer_layer_backward:89.23864364624023
INFO:trainer_layer_backward:89.2338752746582
INFO:trainer_layer_backward:90.03114700317383
INFO:trainer_layer_backward:89.45703506469727
INFO:trainer_layer_backward:89.9195671081543
INFO:trainer_layer_backward:89.76268768310547
INFO:trainer_layer_backward:88.92178535461426
INFO:trainer_layer_backward:88.94968032836914
INFO:trainer_layer_backward:88.49763870239258
INFO:trainer_layer_backward:90.86918830871582
INFO:trainer_layer_backward:89.21980857849121
INFO:trainer_layer_backward:89.17737007141113
INFO:trainer_layer_backward:89.0953540802002
INFO:trainer_layer_backward:89.18452262878418
INFO:trainer_layer_backward:87.37015724182129
INFO:trainer_layer_backward:92.46993064880371
INFO:trainer_layer_backward:89.50257301330566
INFO:trainer_layer_backward:89.14923667907715
INFO:trainer_layer_backward:89.07365798950195
INFO:trainer_layer_backward:89.23935890197754
INFO:trainer_layer_backward:88.83070945739746
INFO:trainer_layer_backward:90.89279174804688
INFO:trainer_layer_backward:89.10799026489258
INFO:trainer_layer_backward:88.81711959838867
INFO:trainer_layer_backward:89.35070037841797
INFO:trainer_layer_backward:89.9815559387207
INFO:trainer_layer_backward:88.91773223876953
INFO:trainer_layer_backward:90.81339836120605
INFO:trainer_layer_backward:90.58451652526855
INFO:trainer_layer_backward:89.67995643615723
INFO:trainer_layer_backward:87.68868446350098
INFO:trainer_layer_backward:91.24326705932617
INFO:trainer_layer_backward:89.58554267883301
INFO:trainer_layer_backward:90.28744697570801
INFO:trainer_layer_backward:89.13969993591309
INFO:trainer_layer_backward:89.03622627258301
INFO:trainer_layer_backward:89.599609375
INFO:trainer_layer_backward:88.47165107727051
INFO:trainer_layer_backward:89.09916877746582
INFO:trainer_layer_backward:89.24627304077148
INFO:trainer_layer_backward:88.94562721252441
INFO:trainer_layer_backward:90.45815467834473
INFO:trainer_layer_backward:90.12556076049805
INFO:trainer_layer_backward:90.69180488586426
INFO:trainer_layer_backward:89.4002914428711
INFO:trainer_layer_backward:89.26248550415039
INFO:trainer_layer_backward:87.28671073913574
INFO:trainer_layer_backward:90.2395248413086
INFO:trainer_layer_backward:89.18547630310059
INFO:trainer_layer_backward:88.97638320922852
INFO:trainer_layer_backward:89.93077278137207
INFO:trainer_layer_backward:88.65809440612793
INFO:trainer_layer_backward:89.72692489624023
INFO:trainer_layer_backward:89.90979194641113
INFO:trainer_layer_backward:90.74282646179199
INFO:trainer_layer_backward:89.75887298583984
INFO:trainer_layer_backward:89.09988403320312
INFO:trainer_layer_backward:89.29610252380371
INFO:trainer_layer_backward:89.07389640808105
INFO:trainer_layer_backward:91.36414527893066
INFO:trainer_layer_backward:89.14661407470703
INFO:trainer_layer_backward:89.19167518615723
INFO:trainer_layer_backward:87.35799789428711
INFO:trainer_layer_backward:91.95947647094727
INFO:trainer_layer_backward:89.81680870056152
INFO:trainer_layer_backward:89.26033973693848
INFO:trainer_layer_backward:89.36238288879395
INFO:trainer_layer_backward:90.6529426574707
INFO:trainer_layer_backward:89.54668045043945
INFO:trainer_layer_backward:88.94228935241699
INFO:trainer_layer_backward:91.54343605041504
INFO:trainer_layer_backward:88.65022659301758
