INFO:trainer_layer_backward:FFT_CNNEx | mnist
INFO:trainer_layer_backward:in_size : 512 | epochs : 1 | batch : 1
INFO:trainer_layer_backward:kernel_l1 : 257 | 
INFO:trainer_layer_backward:o_channels_l1 : 20 | 
INFO:trainer_layer_backward:learn_num_train : 1000 | learn_num_validate : 0 
INFO:trainer_layer_backward::::::::::::::::::::::::::::::::::::::::::::::::::::::::::::
INFO:trainer_layer_backward:message : FFT_conv1 
INFO:trainer_layer_backward::::::::::::::::::::::::::::::::::::::::::::::::::::::::::::
INFO:trainer_layer_backward:Ave_Time : 22.42267613459115
INFO:trainer_layer_backward::::::::::::::::::::::::::::::::::::::::::::::::::::::::::::
INFO:trainer_layer_backward:21.094560623168945
INFO:trainer_layer_backward:22.052288055419922
INFO:trainer_layer_backward:21.467208862304688
INFO:trainer_layer_backward:22.185325622558594
INFO:trainer_layer_backward:22.72939682006836
INFO:trainer_layer_backward:22.831201553344727
INFO:trainer_layer_backward:31.705617904663086
INFO:trainer_layer_backward:22.538423538208008
INFO:trainer_layer_backward:22.273778915405273
INFO:trainer_layer_backward:22.861480712890625
INFO:trainer_layer_backward:21.330595016479492
INFO:trainer_layer_backward:22.237300872802734
INFO:trainer_layer_backward:23.32925796508789
INFO:trainer_layer_backward:22.556543350219727
INFO:trainer_layer_backward:32.91821479797363
INFO:trainer_layer_backward:22.51267433166504
INFO:trainer_layer_backward:22.34172821044922
INFO:trainer_layer_backward:23.111581802368164
INFO:trainer_layer_backward:22.37701416015625
INFO:trainer_layer_backward:23.21624755859375
INFO:trainer_layer_backward:22.487401962280273
INFO:trainer_layer_backward:23.834943771362305
INFO:trainer_layer_backward:22.112369537353516
INFO:trainer_layer_backward:22.96590805053711
INFO:trainer_layer_backward:22.3846435546875
INFO:trainer_layer_backward:22.87006378173828
INFO:trainer_layer_backward:22.432804107666016
INFO:trainer_layer_backward:23.44799041748047
INFO:trainer_layer_backward:21.993637084960938
INFO:trainer_layer_backward:21.619319915771484
INFO:trainer_layer_backward:21.88873291015625
INFO:trainer_layer_backward:23.43297004699707
INFO:trainer_layer_backward:21.519184112548828
INFO:trainer_layer_backward:22.76468276977539
INFO:trainer_layer_backward:22.27497100830078
INFO:trainer_layer_backward:22.30048179626465
INFO:trainer_layer_backward:22.487878799438477
INFO:trainer_layer_backward:22.836685180664062
INFO:trainer_layer_backward:21.702051162719727
INFO:trainer_layer_backward:22.036075592041016
INFO:trainer_layer_backward:22.762537002563477
INFO:trainer_layer_backward:21.530866622924805
INFO:trainer_layer_backward:22.684097290039062
INFO:trainer_layer_backward:22.159337997436523
INFO:trainer_layer_backward:22.548198699951172
INFO:trainer_layer_backward:22.40157127380371
INFO:trainer_layer_backward:23.07891845703125
INFO:trainer_layer_backward:22.136211395263672
INFO:trainer_layer_backward:22.791385650634766
INFO:trainer_layer_backward:22.38774299621582
INFO:trainer_layer_backward:23.183584213256836
INFO:trainer_layer_backward:22.39227294921875
INFO:trainer_layer_backward:23.273706436157227
INFO:trainer_layer_backward:22.357702255249023
INFO:trainer_layer_backward:23.312807083129883
INFO:trainer_layer_backward:22.272109985351562
INFO:trainer_layer_backward:23.073196411132812
INFO:trainer_layer_backward:21.505355834960938
INFO:trainer_layer_backward:23.304462432861328
INFO:trainer_layer_backward:22.13740348815918
INFO:trainer_layer_backward:22.905588150024414
INFO:trainer_layer_backward:21.731853485107422
INFO:trainer_layer_backward:23.196935653686523
INFO:trainer_layer_backward:22.207975387573242
INFO:trainer_layer_backward:23.36430549621582
INFO:trainer_layer_backward:22.161006927490234
INFO:trainer_layer_backward:22.976160049438477
INFO:trainer_layer_backward:21.834611892700195
INFO:trainer_layer_backward:22.887706756591797
INFO:trainer_layer_backward:21.69060707092285
INFO:trainer_layer_backward:22.444725036621094
INFO:trainer_layer_backward:22.14837074279785
INFO:trainer_layer_backward:22.04418182373047
INFO:trainer_layer_backward:21.728515625
INFO:trainer_layer_backward:22.627592086791992
INFO:trainer_layer_backward:22.084712982177734
INFO:trainer_layer_backward:21.53182029724121
INFO:trainer_layer_backward:21.912813186645508
INFO:trainer_layer_backward:22.911548614501953
INFO:trainer_layer_backward:21.590709686279297
INFO:trainer_layer_backward:21.43549919128418
INFO:trainer_layer_backward:22.685766220092773
INFO:trainer_layer_backward:23.645401000976562
INFO:trainer_layer_backward:21.752357482910156
INFO:trainer_layer_backward:22.921323776245117
INFO:trainer_layer_backward:22.263288497924805
INFO:trainer_layer_backward:23.149490356445312
INFO:trainer_layer_backward:22.680044174194336
INFO:trainer_layer_backward:22.7816104888916
INFO:trainer_layer_backward:22.274494171142578
INFO:trainer_layer_backward:23.038148880004883
INFO:trainer_layer_backward:21.91472053527832
INFO:trainer_layer_backward:22.27306365966797
INFO:trainer_layer_backward:21.678447723388672
INFO:trainer_layer_backward:21.939992904663086
INFO:trainer_layer_backward:21.76642417907715
INFO:trainer_layer_backward:21.748065948486328
INFO:trainer_layer_backward:22.452592849731445
INFO:trainer_layer_backward:22.21822738647461
INFO:trainer_layer_backward:22.92776107788086
INFO:trainer_layer_backward:22.17841148376465
INFO:trainer_layer_backward:21.83842658996582
INFO:trainer_layer_backward:21.411895751953125
INFO:trainer_layer_backward:21.782636642456055
INFO:trainer_layer_backward:21.733522415161133
INFO:trainer_layer_backward:22.316694259643555
INFO:trainer_layer_backward:21.092653274536133
INFO:trainer_layer_backward:23.96368980407715
INFO:trainer_layer_backward:22.91703224182129
INFO:trainer_layer_backward:22.748947143554688
INFO:trainer_layer_backward:22.450685501098633
INFO:trainer_layer_backward:23.12016487121582
INFO:trainer_layer_backward:20.977020263671875
INFO:trainer_layer_backward:21.89803123474121
INFO:trainer_layer_backward:22.18341827392578
INFO:trainer_layer_backward:22.46713638305664
INFO:trainer_layer_backward:22.954702377319336
INFO:trainer_layer_backward:22.647619247436523
INFO:trainer_layer_backward:22.003889083862305
INFO:trainer_layer_backward:23.193359375
INFO:trainer_layer_backward:21.820068359375
INFO:trainer_layer_backward:22.821664810180664
INFO:trainer_layer_backward:22.722959518432617
INFO:trainer_layer_backward:21.748781204223633
INFO:trainer_layer_backward:25.225400924682617
INFO:trainer_layer_backward:23.63276481628418
INFO:trainer_layer_backward:21.83699607849121
INFO:trainer_layer_backward:23.60701560974121
INFO:trainer_layer_backward:22.00913429260254
INFO:trainer_layer_backward:23.041248321533203
INFO:trainer_layer_backward:22.68075942993164
INFO:trainer_layer_backward:23.942232131958008
INFO:trainer_layer_backward:21.76499366760254
INFO:trainer_layer_backward:23.626089096069336
INFO:trainer_layer_backward:21.533727645874023
INFO:trainer_layer_backward:22.96900749206543
INFO:trainer_layer_backward:21.613359451293945
INFO:trainer_layer_backward:23.639917373657227
INFO:trainer_layer_backward:22.492170333862305
INFO:trainer_layer_backward:23.281574249267578
INFO:trainer_layer_backward:23.134231567382812
INFO:trainer_layer_backward:22.539138793945312
INFO:trainer_layer_backward:22.190093994140625
INFO:trainer_layer_backward:23.080825805664062
INFO:trainer_layer_backward:21.895885467529297
INFO:trainer_layer_backward:23.287534713745117
INFO:trainer_layer_backward:21.785497665405273
INFO:trainer_layer_backward:23.189067840576172
INFO:trainer_layer_backward:22.21083641052246
INFO:trainer_layer_backward:22.020339965820312
INFO:trainer_layer_backward:20.550966262817383
INFO:trainer_layer_backward:22.41802215576172
INFO:trainer_layer_backward:21.268844604492188
INFO:trainer_layer_backward:22.516965866088867
INFO:trainer_layer_backward:21.532773971557617
INFO:trainer_layer_backward:22.333145141601562
INFO:trainer_layer_backward:22.978544235229492
INFO:trainer_layer_backward:21.72112464904785
INFO:trainer_layer_backward:22.841691970825195
INFO:trainer_layer_backward:22.282838821411133
INFO:trainer_layer_backward:23.486852645874023
INFO:trainer_layer_backward:21.61240577697754
INFO:trainer_layer_backward:23.549318313598633
INFO:trainer_layer_backward:21.727800369262695
INFO:trainer_layer_backward:24.17278289794922
INFO:trainer_layer_backward:21.436452865600586
INFO:trainer_layer_backward:23.3154296875
INFO:trainer_layer_backward:22.311687469482422
INFO:trainer_layer_backward:23.4682559967041
INFO:trainer_layer_backward:22.146940231323242
INFO:trainer_layer_backward:22.417783737182617
INFO:trainer_layer_backward:22.698163986206055
INFO:trainer_layer_backward:20.926237106323242
INFO:trainer_layer_backward:22.539615631103516
INFO:trainer_layer_backward:21.796703338623047
INFO:trainer_layer_backward:22.530317306518555
INFO:trainer_layer_backward:22.881507873535156
INFO:trainer_layer_backward:22.611379623413086
INFO:trainer_layer_backward:23.2241153717041
INFO:trainer_layer_backward:22.51291275024414
INFO:trainer_layer_backward:23.273944854736328
INFO:trainer_layer_backward:22.21083641052246
INFO:trainer_layer_backward:22.139310836791992
INFO:trainer_layer_backward:22.608280181884766
INFO:trainer_layer_backward:22.4301815032959
INFO:trainer_layer_backward:21.50106430053711
INFO:trainer_layer_backward:22.83763885498047
INFO:trainer_layer_backward:22.92776107788086
INFO:trainer_layer_backward:22.90487289428711
INFO:trainer_layer_backward:21.686553955078125
INFO:trainer_layer_backward:21.517038345336914
INFO:trainer_layer_backward:29.259204864501953
INFO:trainer_layer_backward:21.77286148071289
INFO:trainer_layer_backward:21.457910537719727
INFO:trainer_layer_backward:22.220134735107422
INFO:trainer_layer_backward:22.281646728515625
INFO:trainer_layer_backward:21.928787231445312
INFO:trainer_layer_backward:22.0334529876709
INFO:trainer_layer_backward:22.694826126098633
INFO:trainer_layer_backward:22.441864013671875
INFO:trainer_layer_backward:21.610498428344727
INFO:trainer_layer_backward:22.539615631103516
INFO:trainer_layer_backward:22.156953811645508
INFO:trainer_layer_backward:23.634672164916992
INFO:trainer_layer_backward:22.38631248474121
INFO:trainer_layer_backward:23.35333824157715
INFO:trainer_layer_backward:22.17888832092285
INFO:trainer_layer_backward:23.363351821899414
INFO:trainer_layer_backward:22.330522537231445
INFO:trainer_layer_backward:23.01955223083496
INFO:trainer_layer_backward:21.822214126586914
INFO:trainer_layer_backward:23.279190063476562
INFO:trainer_layer_backward:20.794153213500977
INFO:trainer_layer_backward:21.817445755004883
INFO:trainer_layer_backward:21.38829231262207
INFO:trainer_layer_backward:21.2709903717041
INFO:trainer_layer_backward:22.49598503112793
INFO:trainer_layer_backward:21.10576629638672
INFO:trainer_layer_backward:22.130250930786133
INFO:trainer_layer_backward:22.173643112182617
INFO:trainer_layer_backward:22.891521453857422
INFO:trainer_layer_backward:22.268056869506836
INFO:trainer_layer_backward:22.71246910095215
INFO:trainer_layer_backward:22.521257400512695
INFO:trainer_layer_backward:23.18286895751953
INFO:trainer_layer_backward:22.367238998413086
INFO:trainer_layer_backward:21.549463272094727
INFO:trainer_layer_backward:22.64404296875
INFO:trainer_layer_backward:21.592140197753906
INFO:trainer_layer_backward:23.192167282104492
INFO:trainer_layer_backward:22.446393966674805
INFO:trainer_layer_backward:22.93539047241211
INFO:trainer_layer_backward:22.481679916381836
INFO:trainer_layer_backward:22.61948585510254
INFO:trainer_layer_backward:22.08399772644043
INFO:trainer_layer_backward:21.91305160522461
INFO:trainer_layer_backward:21.435260772705078
INFO:trainer_layer_backward:22.28260040283203
INFO:trainer_layer_backward:21.498441696166992
INFO:trainer_layer_backward:22.553443908691406
INFO:trainer_layer_backward:22.08399772644043
INFO:trainer_layer_backward:22.623538970947266
INFO:trainer_layer_backward:22.995948791503906
INFO:trainer_layer_backward:23.11539649963379
INFO:trainer_layer_backward:21.777629852294922
INFO:trainer_layer_backward:22.344589233398438
INFO:trainer_layer_backward:23.393630981445312
INFO:trainer_layer_backward:22.815227508544922
INFO:trainer_layer_backward:21.884918212890625
INFO:trainer_layer_backward:22.27044105529785
INFO:trainer_layer_backward:22.619962692260742
INFO:trainer_layer_backward:21.651744842529297
INFO:trainer_layer_backward:22.542476654052734
INFO:trainer_layer_backward:21.211624145507812
INFO:trainer_layer_backward:23.255586624145508
INFO:trainer_layer_backward:21.6522216796875
INFO:trainer_layer_backward:21.99411392211914
INFO:trainer_layer_backward:22.291898727416992
INFO:trainer_layer_backward:22.19223976135254
INFO:trainer_layer_backward:20.894765853881836
INFO:trainer_layer_backward:21.3165283203125
INFO:trainer_layer_backward:21.786928176879883
INFO:trainer_layer_backward:21.369457244873047
INFO:trainer_layer_backward:22.13120460510254
INFO:trainer_layer_backward:22.29762077331543
INFO:trainer_layer_backward:23.528337478637695
INFO:trainer_layer_backward:21.978378295898438
INFO:trainer_layer_backward:22.380590438842773
INFO:trainer_layer_backward:22.325515747070312
INFO:trainer_layer_backward:23.20384979248047
INFO:trainer_layer_backward:21.387100219726562
INFO:trainer_layer_backward:23.17214012145996
INFO:trainer_layer_backward:22.932052612304688
INFO:trainer_layer_backward:22.56155014038086
INFO:trainer_layer_backward:21.823644638061523
INFO:trainer_layer_backward:22.94325828552246
INFO:trainer_layer_backward:21.744728088378906
INFO:trainer_layer_backward:22.898197174072266
INFO:trainer_layer_backward:21.912336349487305
INFO:trainer_layer_backward:23.03767204284668
INFO:trainer_layer_backward:20.823240280151367
INFO:trainer_layer_backward:21.218538284301758
INFO:trainer_layer_backward:23.467302322387695
INFO:trainer_layer_backward:21.821260452270508
INFO:trainer_layer_backward:22.564172744750977
INFO:trainer_layer_backward:22.162437438964844
INFO:trainer_layer_backward:22.413253784179688
INFO:trainer_layer_backward:21.49677276611328
INFO:trainer_layer_backward:22.433996200561523
INFO:trainer_layer_backward:21.55900001525879
INFO:trainer_layer_backward:23.734331130981445
INFO:trainer_layer_backward:22.46236801147461
INFO:trainer_layer_backward:23.685932159423828
INFO:trainer_layer_backward:22.4764347076416
INFO:trainer_layer_backward:23.43583106994629
INFO:trainer_layer_backward:22.319555282592773
INFO:trainer_layer_backward:23.513317108154297
INFO:trainer_layer_backward:22.450685501098633
INFO:trainer_layer_backward:23.357152938842773
INFO:trainer_layer_backward:22.275924682617188
INFO:trainer_layer_backward:23.331403732299805
INFO:trainer_layer_backward:21.88730239868164
INFO:trainer_layer_backward:22.91393280029297
INFO:trainer_layer_backward:22.356748580932617
INFO:trainer_layer_backward:23.659467697143555
INFO:trainer_layer_backward:22.39704132080078
INFO:trainer_layer_backward:23.27895164489746
INFO:trainer_layer_backward:22.22752571105957
INFO:trainer_layer_backward:23.503541946411133
INFO:trainer_layer_backward:25.516271591186523
INFO:trainer_layer_backward:21.42500877380371
INFO:trainer_layer_backward:21.931886672973633
INFO:trainer_layer_backward:23.049354553222656
INFO:trainer_layer_backward:22.79496192932129
INFO:trainer_layer_backward:23.370742797851562
INFO:trainer_layer_backward:22.25327491760254
INFO:trainer_layer_backward:23.9715576171875
INFO:trainer_layer_backward:23.271799087524414
INFO:trainer_layer_backward:23.038387298583984
INFO:trainer_layer_backward:22.660255432128906
INFO:trainer_layer_backward:22.843122482299805
INFO:trainer_layer_backward:22.79973030090332
INFO:trainer_layer_backward:22.157669067382812
INFO:trainer_layer_backward:21.873950958251953
INFO:trainer_layer_backward:22.641897201538086
INFO:trainer_layer_backward:22.093534469604492
INFO:trainer_layer_backward:23.50902557373047
INFO:trainer_layer_backward:22.571563720703125
INFO:trainer_layer_backward:23.355484008789062
INFO:trainer_layer_backward:21.729707717895508
INFO:trainer_layer_backward:22.897005081176758
INFO:trainer_layer_backward:22.002458572387695
INFO:trainer_layer_backward:23.7424373626709
INFO:trainer_layer_backward:23.09870719909668
INFO:trainer_layer_backward:21.09551429748535
INFO:trainer_layer_backward:22.37534523010254
INFO:trainer_layer_backward:21.832704544067383
INFO:trainer_layer_backward:22.14360237121582
INFO:trainer_layer_backward:21.749496459960938
INFO:trainer_layer_backward:22.048473358154297
INFO:trainer_layer_backward:22.119522094726562
INFO:trainer_layer_backward:21.189212799072266
INFO:trainer_layer_backward:22.92323112487793
INFO:trainer_layer_backward:22.445201873779297
INFO:trainer_layer_backward:22.889137268066406
INFO:trainer_layer_backward:22.40896224975586
INFO:trainer_layer_backward:23.57196807861328
INFO:trainer_layer_backward:22.219181060791016
INFO:trainer_layer_backward:22.808074951171875
INFO:trainer_layer_backward:22.841453552246094
INFO:trainer_layer_backward:23.35357666015625
INFO:trainer_layer_backward:21.471261978149414
INFO:trainer_layer_backward:23.70476722717285
INFO:trainer_layer_backward:21.816492080688477
INFO:trainer_layer_backward:23.665428161621094
INFO:trainer_layer_backward:21.83699607849121
INFO:trainer_layer_backward:22.874116897583008
INFO:trainer_layer_backward:21.683931350708008
INFO:trainer_layer_backward:22.317886352539062
INFO:trainer_layer_backward:21.036624908447266
INFO:trainer_layer_backward:22.301673889160156
INFO:trainer_layer_backward:21.265506744384766
INFO:trainer_layer_backward:23.874521255493164
INFO:trainer_layer_backward:23.36406707763672
INFO:trainer_layer_backward:23.20098876953125
INFO:trainer_layer_backward:21.886110305786133
INFO:trainer_layer_backward:23.306846618652344
INFO:trainer_layer_backward:21.517515182495117
INFO:trainer_layer_backward:23.35834503173828
INFO:trainer_layer_backward:22.034406661987305
INFO:trainer_layer_backward:23.137807846069336
INFO:trainer_layer_backward:22.063016891479492
INFO:trainer_layer_backward:22.792577743530273
INFO:trainer_layer_backward:21.93164825439453
INFO:trainer_layer_backward:22.0186710357666
INFO:trainer_layer_backward:23.041725158691406
INFO:trainer_layer_backward:22.310733795166016
INFO:trainer_layer_backward:22.19247817993164
INFO:trainer_layer_backward:21.83699607849121
INFO:trainer_layer_backward:22.420644760131836
INFO:trainer_layer_backward:21.422624588012695
INFO:trainer_layer_backward:22.5675106048584
INFO:trainer_layer_backward:21.742582321166992
INFO:trainer_layer_backward:21.69322967529297
INFO:trainer_layer_backward:21.908283233642578
INFO:trainer_layer_backward:23.504257202148438
INFO:trainer_layer_backward:21.629810333251953
INFO:trainer_layer_backward:21.937131881713867
INFO:trainer_layer_backward:22.047996520996094
INFO:trainer_layer_backward:22.45163917541504
INFO:trainer_layer_backward:21.6519832611084
INFO:trainer_layer_backward:22.061824798583984
INFO:trainer_layer_backward:22.549152374267578
INFO:trainer_layer_backward:21.56209945678711
INFO:trainer_layer_backward:22.743701934814453
INFO:trainer_layer_backward:22.34649658203125
INFO:trainer_layer_backward:22.6743221282959
INFO:trainer_layer_backward:22.25947380065918
INFO:trainer_layer_backward:23.082494735717773
INFO:trainer_layer_backward:22.228479385375977
INFO:trainer_layer_backward:23.713350296020508
INFO:trainer_layer_backward:22.20892906188965
INFO:trainer_layer_backward:21.910429000854492
INFO:trainer_layer_backward:21.442651748657227
INFO:trainer_layer_backward:22.252321243286133
INFO:trainer_layer_backward:21.35777473449707
INFO:trainer_layer_backward:22.8879451751709
INFO:trainer_layer_backward:22.18174934387207
INFO:trainer_layer_backward:22.953271865844727
INFO:trainer_layer_backward:22.26877212524414
INFO:trainer_layer_backward:22.138595581054688
INFO:trainer_layer_backward:22.94754981994629
INFO:trainer_layer_backward:23.864269256591797
INFO:trainer_layer_backward:23.05459976196289
INFO:trainer_layer_backward:21.801233291625977
INFO:trainer_layer_backward:22.367238998413086
INFO:trainer_layer_backward:22.3844051361084
INFO:trainer_layer_backward:22.94182777404785
INFO:trainer_layer_backward:23.03767204284668
INFO:trainer_layer_backward:22.35579490661621
INFO:trainer_layer_backward:22.754192352294922
INFO:trainer_layer_backward:22.516489028930664
INFO:trainer_layer_backward:23.609161376953125
INFO:trainer_layer_backward:22.464275360107422
INFO:trainer_layer_backward:23.145198822021484
INFO:trainer_layer_backward:21.158218383789062
INFO:trainer_layer_backward:22.284507751464844
INFO:trainer_layer_backward:21.484851837158203
INFO:trainer_layer_backward:22.871017456054688
INFO:trainer_layer_backward:22.50504493713379
INFO:trainer_layer_backward:22.361278533935547
INFO:trainer_layer_backward:22.7358341217041
INFO:trainer_layer_backward:22.968292236328125
INFO:trainer_layer_backward:22.374629974365234
INFO:trainer_layer_backward:23.015499114990234
INFO:trainer_layer_backward:22.26567268371582
INFO:trainer_layer_backward:22.23968505859375
INFO:trainer_layer_backward:20.888090133666992
INFO:trainer_layer_backward:21.311044692993164
INFO:trainer_layer_backward:22.34053611755371
INFO:trainer_layer_backward:22.25351333618164
INFO:trainer_layer_backward:23.57935905456543
INFO:trainer_layer_backward:22.417545318603516
INFO:trainer_layer_backward:22.270679473876953
INFO:trainer_layer_backward:22.024869918823242
INFO:trainer_layer_backward:21.007299423217773
INFO:trainer_layer_backward:22.574424743652344
INFO:trainer_layer_backward:22.172212600708008
INFO:trainer_layer_backward:21.750211715698242
INFO:trainer_layer_backward:22.276878356933594
INFO:trainer_layer_backward:22.420883178710938
INFO:trainer_layer_backward:23.760318756103516
INFO:trainer_layer_backward:21.821975708007812
INFO:trainer_layer_backward:23.297548294067383
INFO:trainer_layer_backward:22.082805633544922
INFO:trainer_layer_backward:21.519184112548828
INFO:trainer_layer_backward:22.319316864013672
INFO:trainer_layer_backward:22.77374267578125
INFO:trainer_layer_backward:22.188663482666016
INFO:trainer_layer_backward:22.54629135131836
INFO:trainer_layer_backward:22.42732048034668
INFO:trainer_layer_backward:22.525787353515625
INFO:trainer_layer_backward:22.337913513183594
INFO:trainer_layer_backward:22.129058837890625
INFO:trainer_layer_backward:23.69403839111328
INFO:trainer_layer_backward:22.342681884765625
INFO:trainer_layer_backward:20.987510681152344
INFO:trainer_layer_backward:20.772933959960938
INFO:trainer_layer_backward:22.225379943847656
INFO:trainer_layer_backward:22.042274475097656
INFO:trainer_layer_backward:21.99244499206543
INFO:trainer_layer_backward:22.403478622436523
INFO:trainer_layer_backward:22.302627563476562
INFO:trainer_layer_backward:21.837711334228516
INFO:trainer_layer_backward:22.779464721679688
INFO:trainer_layer_backward:22.436857223510742
INFO:trainer_layer_backward:21.89779281616211
INFO:trainer_layer_backward:23.156166076660156
INFO:trainer_layer_backward:21.558523178100586
INFO:trainer_layer_backward:22.917509078979492
INFO:trainer_layer_backward:21.851778030395508
INFO:trainer_layer_backward:21.712303161621094
INFO:trainer_layer_backward:21.958351135253906
INFO:trainer_layer_backward:22.758960723876953
INFO:trainer_layer_backward:21.719932556152344
INFO:trainer_layer_backward:23.241758346557617
INFO:trainer_layer_backward:22.82547950744629
INFO:trainer_layer_backward:22.241830825805664
INFO:trainer_layer_backward:21.48270606994629
INFO:trainer_layer_backward:22.248029708862305
INFO:trainer_layer_backward:21.435022354125977
INFO:trainer_layer_backward:22.26090431213379
INFO:trainer_layer_backward:22.388935089111328
INFO:trainer_layer_backward:21.603107452392578
INFO:trainer_layer_backward:22.579431533813477
INFO:trainer_layer_backward:22.076129913330078
INFO:trainer_layer_backward:23.609399795532227
INFO:trainer_layer_backward:21.77262306213379
INFO:trainer_layer_backward:22.728443145751953
INFO:trainer_layer_backward:22.235631942749023
INFO:trainer_layer_backward:22.915363311767578
INFO:trainer_layer_backward:21.294355392456055
INFO:trainer_layer_backward:23.544788360595703
INFO:trainer_layer_backward:21.715879440307617
INFO:trainer_layer_backward:22.153139114379883
INFO:trainer_layer_backward:22.398710250854492
INFO:trainer_layer_backward:23.98204803466797
INFO:trainer_layer_backward:22.86672592163086
INFO:trainer_layer_backward:23.3762264251709
INFO:trainer_layer_backward:23.077964782714844
INFO:trainer_layer_backward:23.509502410888672
INFO:trainer_layer_backward:22.15886116027832
INFO:trainer_layer_backward:21.55923843383789
INFO:trainer_layer_backward:22.006750106811523
INFO:trainer_layer_backward:21.459579467773438
INFO:trainer_layer_backward:21.602392196655273
INFO:trainer_layer_backward:23.121356964111328
INFO:trainer_layer_backward:22.310256958007812
INFO:trainer_layer_backward:22.74298667907715
INFO:trainer_layer_backward:22.22752571105957
INFO:trainer_layer_backward:22.855281829833984
INFO:trainer_layer_backward:22.506237030029297
INFO:trainer_layer_backward:23.138761520385742
INFO:trainer_layer_backward:21.78215980529785
INFO:trainer_layer_backward:22.775650024414062
INFO:trainer_layer_backward:22.18031883239746
INFO:trainer_layer_backward:22.70960807800293
INFO:trainer_layer_backward:21.847963333129883
INFO:trainer_layer_backward:22.472620010375977
INFO:trainer_layer_backward:21.908998489379883
INFO:trainer_layer_backward:21.677494049072266
INFO:trainer_layer_backward:23.075103759765625
INFO:trainer_layer_backward:22.465229034423828
INFO:trainer_layer_backward:22.106170654296875
INFO:trainer_layer_backward:21.23093605041504
INFO:trainer_layer_backward:22.379636764526367
INFO:trainer_layer_backward:21.51799201965332
INFO:trainer_layer_backward:22.089719772338867
INFO:trainer_layer_backward:21.61097526550293
INFO:trainer_layer_backward:22.663354873657227
INFO:trainer_layer_backward:22.284984588623047
INFO:trainer_layer_backward:21.87800407409668
INFO:trainer_layer_backward:21.72994613647461
INFO:trainer_layer_backward:22.043466567993164
INFO:trainer_layer_backward:21.977663040161133
INFO:trainer_layer_backward:22.00937271118164
INFO:trainer_layer_backward:23.356199264526367
INFO:trainer_layer_backward:23.174285888671875
INFO:trainer_layer_backward:23.882389068603516
INFO:trainer_layer_backward:23.193359375
INFO:trainer_layer_backward:22.09949493408203
INFO:trainer_layer_backward:23.72264862060547
INFO:trainer_layer_backward:22.248029708862305
INFO:trainer_layer_backward:22.316932678222656
INFO:trainer_layer_backward:21.26789093017578
INFO:trainer_layer_backward:21.167516708374023
INFO:trainer_layer_backward:22.703886032104492
INFO:trainer_layer_backward:22.016048431396484
INFO:trainer_layer_backward:21.99268341064453
INFO:trainer_layer_backward:21.739959716796875
INFO:trainer_layer_backward:23.055553436279297
INFO:trainer_layer_backward:20.961284637451172
INFO:trainer_layer_backward:21.095752716064453
INFO:trainer_layer_backward:22.161006927490234
INFO:trainer_layer_backward:22.412776947021484
INFO:trainer_layer_backward:21.253347396850586
INFO:trainer_layer_backward:23.183345794677734
INFO:trainer_layer_backward:22.135019302368164
INFO:trainer_layer_backward:22.867202758789062
INFO:trainer_layer_backward:22.284507751464844
INFO:trainer_layer_backward:21.569252014160156
INFO:trainer_layer_backward:22.848844528198242
INFO:trainer_layer_backward:23.044347763061523
INFO:trainer_layer_backward:22.11165428161621
INFO:trainer_layer_backward:22.269487380981445
INFO:trainer_layer_backward:21.527767181396484
INFO:trainer_layer_backward:22.345542907714844
INFO:trainer_layer_backward:23.159027099609375
INFO:trainer_layer_backward:23.003339767456055
INFO:trainer_layer_backward:22.63617515563965
INFO:trainer_layer_backward:22.115230560302734
INFO:trainer_layer_backward:21.800994873046875
INFO:trainer_layer_backward:22.789478302001953
INFO:trainer_layer_backward:22.363662719726562
INFO:trainer_layer_backward:22.925138473510742
INFO:trainer_layer_backward:21.01874351501465
INFO:trainer_layer_backward:21.305322647094727
INFO:trainer_layer_backward:22.487640380859375
INFO:trainer_layer_backward:21.88587188720703
INFO:trainer_layer_backward:21.843433380126953
INFO:trainer_layer_backward:21.395444869995117
INFO:trainer_layer_backward:22.80569076538086
INFO:trainer_layer_backward:21.731138229370117
INFO:trainer_layer_backward:22.798538208007812
INFO:trainer_layer_backward:22.188186645507812
INFO:trainer_layer_backward:22.43208885192871
INFO:trainer_layer_backward:22.53103256225586
INFO:trainer_layer_backward:22.673845291137695
INFO:trainer_layer_backward:23.412466049194336
INFO:trainer_layer_backward:22.841691970825195
INFO:trainer_layer_backward:22.1099853515625
INFO:trainer_layer_backward:22.864103317260742
INFO:trainer_layer_backward:22.65024185180664
INFO:trainer_layer_backward:22.867202758789062
INFO:trainer_layer_backward:21.806716918945312
INFO:trainer_layer_backward:22.222280502319336
INFO:trainer_layer_backward:22.57561683654785
INFO:trainer_layer_backward:22.316932678222656
INFO:trainer_layer_backward:22.724151611328125
INFO:trainer_layer_backward:21.805286407470703
INFO:trainer_layer_backward:21.497011184692383
INFO:trainer_layer_backward:21.975040435791016
INFO:trainer_layer_backward:23.824453353881836
INFO:trainer_layer_backward:22.868871688842773
INFO:trainer_layer_backward:23.62680435180664
INFO:trainer_layer_backward:22.00937271118164
INFO:trainer_layer_backward:23.15545082092285
INFO:trainer_layer_backward:21.8966007232666
INFO:trainer_layer_backward:22.722244262695312
INFO:trainer_layer_backward:22.19986915588379
INFO:trainer_layer_backward:23.634672164916992
INFO:trainer_layer_backward:22.118568420410156
INFO:trainer_layer_backward:23.09441566467285
INFO:trainer_layer_backward:22.488117218017578
INFO:trainer_layer_backward:22.43661880493164
INFO:trainer_layer_backward:22.16362953186035
INFO:trainer_layer_backward:22.711515426635742
INFO:trainer_layer_backward:22.388935089111328
INFO:trainer_layer_backward:22.527456283569336
INFO:trainer_layer_backward:21.992206573486328
INFO:trainer_layer_backward:23.057222366333008
INFO:trainer_layer_backward:22.255420684814453
INFO:trainer_layer_backward:22.14980125427246
INFO:trainer_layer_backward:22.0794677734375
INFO:trainer_layer_backward:20.574569702148438
INFO:trainer_layer_backward:22.107839584350586
INFO:trainer_layer_backward:23.784160614013672
INFO:trainer_layer_backward:21.625995635986328
INFO:trainer_layer_backward:23.534059524536133
INFO:trainer_layer_backward:22.297143936157227
INFO:trainer_layer_backward:23.76389503479004
INFO:trainer_layer_backward:21.729707717895508
INFO:trainer_layer_backward:23.674726486206055
INFO:trainer_layer_backward:22.02773094177246
INFO:trainer_layer_backward:23.650407791137695
INFO:trainer_layer_backward:22.28999137878418
INFO:trainer_layer_backward:23.68474006652832
INFO:trainer_layer_backward:22.411823272705078
INFO:trainer_layer_backward:23.902416229248047
INFO:trainer_layer_backward:22.840261459350586
INFO:trainer_layer_backward:22.532224655151367
INFO:trainer_layer_backward:23.046016693115234
INFO:trainer_layer_backward:22.557497024536133
INFO:trainer_layer_backward:22.705554962158203
INFO:trainer_layer_backward:22.667884826660156
INFO:trainer_layer_backward:22.37677574157715
INFO:trainer_layer_backward:21.367549896240234
INFO:trainer_layer_backward:22.212505340576172
INFO:trainer_layer_backward:22.26996421813965
INFO:trainer_layer_backward:21.70538902282715
INFO:trainer_layer_backward:22.590160369873047
INFO:trainer_layer_backward:22.46880531311035
INFO:trainer_layer_backward:23.375511169433594
INFO:trainer_layer_backward:21.692514419555664
INFO:trainer_layer_backward:23.23150634765625
INFO:trainer_layer_backward:23.037195205688477
INFO:trainer_layer_backward:22.00150489807129
INFO:trainer_layer_backward:20.90144157409668
INFO:trainer_layer_backward:22.786378860473633
INFO:trainer_layer_backward:22.6898193359375
INFO:trainer_layer_backward:22.77541160583496
INFO:trainer_layer_backward:22.385120391845703
INFO:trainer_layer_backward:23.601770401000977
INFO:trainer_layer_backward:22.67146110534668
INFO:trainer_layer_backward:22.747516632080078
INFO:trainer_layer_backward:22.317171096801758
INFO:trainer_layer_backward:22.281408309936523
INFO:trainer_layer_backward:22.345304489135742
INFO:trainer_layer_backward:23.083209991455078
INFO:trainer_layer_backward:21.564245223999023
INFO:trainer_layer_backward:22.823810577392578
INFO:trainer_layer_backward:21.633148193359375
INFO:trainer_layer_backward:22.94182777404785
INFO:trainer_layer_backward:22.151947021484375
INFO:trainer_layer_backward:23.017168045043945
INFO:trainer_layer_backward:22.15266227722168
INFO:trainer_layer_backward:22.344350814819336
INFO:trainer_layer_backward:21.793842315673828
INFO:trainer_layer_backward:21.59404754638672
INFO:trainer_layer_backward:22.582530975341797
INFO:trainer_layer_backward:22.20630645751953
INFO:trainer_layer_backward:22.248506546020508
INFO:trainer_layer_backward:22.911787033081055
INFO:trainer_layer_backward:21.564960479736328
INFO:trainer_layer_backward:22.04275131225586
INFO:trainer_layer_backward:22.220373153686523
INFO:trainer_layer_backward:22.246360778808594
INFO:trainer_layer_backward:23.370027542114258
INFO:trainer_layer_backward:22.228717803955078
INFO:trainer_layer_backward:22.934913635253906
INFO:trainer_layer_backward:22.332429885864258
INFO:trainer_layer_backward:22.69458770751953
INFO:trainer_layer_backward:22.61519432067871
INFO:trainer_layer_backward:21.512985229492188
INFO:trainer_layer_backward:21.394968032836914
INFO:trainer_layer_backward:21.94666862487793
INFO:trainer_layer_backward:22.331714630126953
INFO:trainer_layer_backward:23.62656593322754
INFO:trainer_layer_backward:21.734952926635742
INFO:trainer_layer_backward:21.619081497192383
INFO:trainer_layer_backward:22.728443145751953
INFO:trainer_layer_backward:22.806406021118164
INFO:trainer_layer_backward:22.179603576660156
INFO:trainer_layer_backward:22.781848907470703
INFO:trainer_layer_backward:22.192955017089844
INFO:trainer_layer_backward:22.929906845092773
INFO:trainer_layer_backward:22.469282150268555
INFO:trainer_layer_backward:23.040771484375
INFO:trainer_layer_backward:21.923303604125977
INFO:trainer_layer_backward:22.360563278198242
INFO:trainer_layer_backward:22.908687591552734
INFO:trainer_layer_backward:22.931337356567383
INFO:trainer_layer_backward:22.69911766052246
INFO:trainer_layer_backward:21.977901458740234
INFO:trainer_layer_backward:22.565603256225586
INFO:trainer_layer_backward:21.175384521484375
INFO:trainer_layer_backward:21.937131881713867
INFO:trainer_layer_backward:21.230459213256836
INFO:trainer_layer_backward:22.095918655395508
INFO:trainer_layer_backward:22.460222244262695
INFO:trainer_layer_backward:23.517370223999023
INFO:trainer_layer_backward:22.240400314331055
INFO:trainer_layer_backward:23.343324661254883
INFO:trainer_layer_backward:21.94809913635254
INFO:trainer_layer_backward:21.446704864501953
INFO:trainer_layer_backward:21.663427352905273
INFO:trainer_layer_backward:23.08368682861328
INFO:trainer_layer_backward:22.39704132080078
INFO:trainer_layer_backward:23.27132225036621
INFO:trainer_layer_backward:22.455453872680664
INFO:trainer_layer_backward:23.55217933654785
INFO:trainer_layer_backward:22.333145141601562
INFO:trainer_layer_backward:22.916555404663086
INFO:trainer_layer_backward:22.376537322998047
INFO:trainer_layer_backward:22.83787727355957
INFO:trainer_layer_backward:21.87800407409668
INFO:trainer_layer_backward:23.40388298034668
INFO:trainer_layer_backward:22.462844848632812
INFO:trainer_layer_backward:22.87459373474121
INFO:trainer_layer_backward:21.0723876953125
INFO:trainer_layer_backward:20.53976058959961
INFO:trainer_layer_backward:22.025346755981445
INFO:trainer_layer_backward:21.60048484802246
INFO:trainer_layer_backward:22.135019302368164
INFO:trainer_layer_backward:21.84438705444336
INFO:trainer_layer_backward:21.878480911254883
INFO:trainer_layer_backward:22.48382568359375
INFO:trainer_layer_backward:23.50783348083496
INFO:trainer_layer_backward:22.2322940826416
INFO:trainer_layer_backward:22.73106575012207
INFO:trainer_layer_backward:21.892309188842773
INFO:trainer_layer_backward:22.733449935913086
INFO:trainer_layer_backward:22.387027740478516
INFO:trainer_layer_backward:22.803068161010742
INFO:trainer_layer_backward:21.92997932434082
INFO:trainer_layer_backward:23.06532859802246
INFO:trainer_layer_backward:21.99697494506836
INFO:trainer_layer_backward:24.32847023010254
INFO:trainer_layer_backward:21.867036819458008
INFO:trainer_layer_backward:20.80249786376953
INFO:trainer_layer_backward:22.9036808013916
INFO:trainer_layer_backward:22.066593170166016
INFO:trainer_layer_backward:23.46181869506836
INFO:trainer_layer_backward:22.46236801147461
INFO:trainer_layer_backward:21.330595016479492
INFO:trainer_layer_backward:21.595001220703125
INFO:trainer_layer_backward:21.576642990112305
INFO:trainer_layer_backward:21.7134952545166
INFO:trainer_layer_backward:22.997379302978516
INFO:trainer_layer_backward:22.526979446411133
INFO:trainer_layer_backward:23.360013961791992
INFO:trainer_layer_backward:21.88420295715332
INFO:trainer_layer_backward:23.001909255981445
INFO:trainer_layer_backward:22.391319274902344
INFO:trainer_layer_backward:23.083925247192383
INFO:trainer_layer_backward:21.587371826171875
INFO:trainer_layer_backward:22.936582565307617
INFO:trainer_layer_backward:22.062063217163086
INFO:trainer_layer_backward:22.54176139831543
INFO:trainer_layer_backward:21.887779235839844
INFO:trainer_layer_backward:22.29619026184082
INFO:trainer_layer_backward:22.565364837646484
INFO:trainer_layer_backward:21.233320236206055
INFO:trainer_layer_backward:21.22664451599121
INFO:trainer_layer_backward:21.96645736694336
INFO:trainer_layer_backward:23.285865783691406
INFO:trainer_layer_backward:21.681785583496094
INFO:trainer_layer_backward:22.40586280822754
INFO:trainer_layer_backward:22.177934646606445
INFO:trainer_layer_backward:22.696733474731445
INFO:trainer_layer_backward:22.438764572143555
INFO:trainer_layer_backward:23.259401321411133
INFO:trainer_layer_backward:22.352218627929688
INFO:trainer_layer_backward:23.089170455932617
INFO:trainer_layer_backward:21.832704544067383
INFO:trainer_layer_backward:23.040056228637695
INFO:trainer_layer_backward:22.37987518310547
INFO:trainer_layer_backward:22.179603576660156
INFO:trainer_layer_backward:21.90542221069336
INFO:trainer_layer_backward:22.63164520263672
INFO:trainer_layer_backward:22.16053009033203
INFO:trainer_layer_backward:22.85909652709961
INFO:trainer_layer_backward:22.248029708862305
INFO:trainer_layer_backward:22.434711456298828
INFO:trainer_layer_backward:22.217750549316406
INFO:trainer_layer_backward:22.730350494384766
INFO:trainer_layer_backward:20.84946632385254
INFO:trainer_layer_backward:21.670103073120117
INFO:trainer_layer_backward:22.129535675048828
INFO:trainer_layer_backward:22.821426391601562
INFO:trainer_layer_backward:22.441625595092773
INFO:trainer_layer_backward:22.81355857849121
INFO:trainer_layer_backward:22.344350814819336
INFO:trainer_layer_backward:22.724390029907227
INFO:trainer_layer_backward:22.332191467285156
INFO:trainer_layer_backward:22.945165634155273
INFO:trainer_layer_backward:22.56321907043457
INFO:trainer_layer_backward:22.82261848449707
INFO:trainer_layer_backward:22.421598434448242
INFO:trainer_layer_backward:22.315502166748047
INFO:trainer_layer_backward:22.18317985534668
INFO:trainer_layer_backward:23.148298263549805
INFO:trainer_layer_backward:21.871328353881836
INFO:trainer_layer_backward:21.14081382751465
INFO:trainer_layer_backward:22.960662841796875
INFO:trainer_layer_backward:23.207902908325195
INFO:trainer_layer_backward:23.250341415405273
INFO:trainer_layer_backward:22.810935974121094
INFO:trainer_layer_backward:20.89524269104004
INFO:trainer_layer_backward:21.319866180419922
INFO:trainer_layer_backward:22.09925651550293
INFO:trainer_layer_backward:21.40522003173828
INFO:trainer_layer_backward:23.91338348388672
INFO:trainer_layer_backward:22.140979766845703
INFO:trainer_layer_backward:22.72820472717285
INFO:trainer_layer_backward:22.294998168945312
INFO:trainer_layer_backward:21.814346313476562
INFO:trainer_layer_backward:22.440195083618164
INFO:trainer_layer_backward:22.998332977294922
INFO:trainer_layer_backward:22.593259811401367
INFO:trainer_layer_backward:22.543907165527344
INFO:trainer_layer_backward:21.353721618652344
INFO:trainer_layer_backward:22.37081527709961
INFO:trainer_layer_backward:21.24500274658203
INFO:trainer_layer_backward:21.149635314941406
INFO:trainer_layer_backward:22.88055419921875
INFO:trainer_layer_backward:22.281169891357422
INFO:trainer_layer_backward:23.06985855102539
INFO:trainer_layer_backward:21.418333053588867
INFO:trainer_layer_backward:23.59485626220703
INFO:trainer_layer_backward:21.512985229492188
INFO:trainer_layer_backward:22.024154663085938
INFO:trainer_layer_backward:22.128820419311523
INFO:trainer_layer_backward:23.387670516967773
INFO:trainer_layer_backward:22.549867630004883
INFO:trainer_layer_backward:22.747516632080078
INFO:trainer_layer_backward:22.144079208374023
INFO:trainer_layer_backward:23.03481101989746
INFO:trainer_layer_backward:22.350072860717773
INFO:trainer_layer_backward:23.281335830688477
INFO:trainer_layer_backward:22.32050895690918
INFO:trainer_layer_backward:22.810935974121094
INFO:trainer_layer_backward:22.20916748046875
INFO:trainer_layer_backward:22.85146713256836
INFO:trainer_layer_backward:22.255420684814453
INFO:trainer_layer_backward:22.84383773803711
INFO:trainer_layer_backward:22.408246994018555
INFO:trainer_layer_backward:22.548437118530273
INFO:trainer_layer_backward:21.985769271850586
INFO:trainer_layer_backward:21.772384643554688
INFO:trainer_layer_backward:21.81839942932129
INFO:trainer_layer_backward:22.881746292114258
INFO:trainer_layer_backward:22.08995819091797
INFO:trainer_layer_backward:21.424531936645508
INFO:trainer_layer_backward:22.28260040283203
INFO:trainer_layer_backward:21.851539611816406
INFO:trainer_layer_backward:22.50075340270996
INFO:trainer_layer_backward:21.637439727783203
INFO:trainer_layer_backward:23.026227951049805
INFO:trainer_layer_backward:22.452354431152344
INFO:trainer_layer_backward:23.489952087402344
INFO:trainer_layer_backward:22.23658561706543
INFO:trainer_layer_backward:23.263931274414062
INFO:trainer_layer_backward:22.327184677124023
INFO:trainer_layer_backward:22.57537841796875
INFO:trainer_layer_backward:21.683454513549805
INFO:trainer_layer_backward:23.479938507080078
INFO:trainer_layer_backward:22.491931915283203
INFO:trainer_layer_backward:23.359060287475586
INFO:trainer_layer_backward:22.34673500061035
INFO:trainer_layer_backward:22.066354751586914
INFO:trainer_layer_backward:23.490428924560547
INFO:trainer_layer_backward:21.944046020507812
INFO:trainer_layer_backward:21.384716033935547
INFO:trainer_layer_backward:22.409439086914062
INFO:trainer_layer_backward:21.64769172668457
INFO:trainer_layer_backward:22.73702621459961
INFO:trainer_layer_backward:20.89214324951172
INFO:trainer_layer_backward:21.375656127929688
INFO:trainer_layer_backward:22.504091262817383
INFO:trainer_layer_backward:22.048234939575195
INFO:trainer_layer_backward:23.257970809936523
INFO:trainer_layer_backward:21.54254913330078
INFO:trainer_layer_backward:22.230863571166992
INFO:trainer_layer_backward:22.434473037719727
INFO:trainer_layer_backward:21.520137786865234
INFO:trainer_layer_backward:23.024797439575195
INFO:trainer_layer_backward:22.31311798095703
INFO:trainer_layer_backward:23.352861404418945
INFO:trainer_layer_backward:22.59540557861328
INFO:trainer_layer_backward:23.146629333496094
INFO:trainer_layer_backward:21.62766456604004
INFO:trainer_layer_backward:23.665428161621094
INFO:trainer_layer_backward:22.47333526611328
INFO:trainer_layer_backward:23.739099502563477
INFO:trainer_layer_backward:22.652149200439453
INFO:trainer_layer_backward:23.26035499572754
INFO:trainer_layer_backward:23.288488388061523
INFO:trainer_layer_backward:23.208141326904297
INFO:trainer_layer_backward:22.558927536010742
INFO:trainer_layer_backward:21.412134170532227
INFO:trainer_layer_backward:22.47142791748047
INFO:trainer_layer_backward:20.625829696655273
INFO:trainer_layer_backward:21.34537696838379
INFO:trainer_layer_backward:22.05944061279297
INFO:trainer_layer_backward:22.359132766723633
INFO:trainer_layer_backward:22.92799949645996
INFO:trainer_layer_backward:22.40920066833496
INFO:trainer_layer_backward:22.279739379882812
INFO:trainer_layer_backward:22.02296257019043
INFO:trainer_layer_backward:22.922277450561523
INFO:trainer_layer_backward:22.001266479492188
INFO:trainer_layer_backward:21.79431915283203
INFO:trainer_layer_backward:22.292613983154297
INFO:trainer_layer_backward:21.591901779174805
INFO:trainer_layer_backward:23.694992065429688
INFO:trainer_layer_backward:21.682024002075195
INFO:trainer_layer_backward:23.10943603515625
INFO:trainer_layer_backward:21.817922592163086
INFO:trainer_layer_backward:22.515296936035156
INFO:trainer_layer_backward:22.07469940185547
INFO:trainer_layer_backward:20.892858505249023
INFO:trainer_layer_backward:21.999835968017578
INFO:trainer_layer_backward:21.322965621948242
INFO:trainer_layer_backward:22.171497344970703
INFO:trainer_layer_backward:22.55082130432129
INFO:trainer_layer_backward:23.439884185791016
INFO:trainer_layer_backward:21.528959274291992
INFO:trainer_layer_backward:23.111343383789062
INFO:trainer_layer_backward:22.134065628051758
INFO:trainer_layer_backward:23.253440856933594
INFO:trainer_layer_backward:21.84462547302246
INFO:trainer_layer_backward:22.778034210205078
INFO:trainer_layer_backward:22.672176361083984
INFO:trainer_layer_backward:23.127079010009766
INFO:trainer_layer_backward:21.923542022705078
INFO:trainer_layer_backward:22.56155014038086
INFO:trainer_layer_backward:22.304058074951172
INFO:trainer_layer_backward:22.52817153930664
INFO:trainer_layer_backward:21.680831909179688
INFO:trainer_layer_backward:22.849082946777344
INFO:trainer_layer_backward:22.524356842041016
INFO:trainer_layer_backward:22.192716598510742
INFO:trainer_layer_backward:21.89779281616211
INFO:trainer_layer_backward:21.884441375732422
INFO:trainer_layer_backward:22.409915924072266
INFO:trainer_layer_backward:21.959543228149414
INFO:trainer_layer_backward:21.793365478515625
INFO:trainer_layer_backward:21.576881408691406
INFO:trainer_layer_backward:23.283004760742188
INFO:trainer_layer_backward:22.296667098999023
INFO:trainer_layer_backward:23.44226837158203
INFO:trainer_layer_backward:22.348642349243164
INFO:trainer_layer_backward:23.088932037353516
INFO:trainer_layer_backward:20.83754539489746
INFO:trainer_layer_backward:22.258520126342773
INFO:trainer_layer_backward:21.5604305267334
INFO:trainer_layer_backward:22.113561630249023
INFO:trainer_layer_backward:22.49288558959961
INFO:trainer_layer_backward:23.261308670043945
