INFO:trainer_layer_backward:FFT_CNNEx | mnist
INFO:trainer_layer_backward:in_size : 256 | epochs : 1 | batch : 1
INFO:trainer_layer_backward:kernel_l1 : 129 | 
INFO:trainer_layer_backward:o_channels_l1 : 20 | 
INFO:trainer_layer_backward:learn_num_train : 1000 | learn_num_validate : 0 
INFO:trainer_layer_backward::::::::::::::::::::::::::::::::::::::::::::::::::::::::::::
INFO:trainer_layer_backward:message : fft_conv1 
INFO:trainer_layer_backward::::::::::::::::::::::::::::::::::::::::::::::::::::::::::::
INFO:trainer_layer_backward:Ave_Time : 5.477616762874102
INFO:trainer_layer_backward::::::::::::::::::::::::::::::::::::::::::::::::::::::::::::
INFO:trainer_layer_backward:5.8994293212890625
INFO:trainer_layer_backward:6.150960922241211
INFO:trainer_layer_backward:5.806207656860352
INFO:trainer_layer_backward:7.335901260375977
INFO:trainer_layer_backward:5.936861038208008
INFO:trainer_layer_backward:5.71751594543457
INFO:trainer_layer_backward:5.824089050292969
INFO:trainer_layer_backward:6.668806076049805
INFO:trainer_layer_backward:5.306005477905273
INFO:trainer_layer_backward:6.437540054321289
INFO:trainer_layer_backward:5.673646926879883
INFO:trainer_layer_backward:6.599903106689453
INFO:trainer_layer_backward:5.363225936889648
INFO:trainer_layer_backward:6.414175033569336
INFO:trainer_layer_backward:5.239248275756836
INFO:trainer_layer_backward:5.657434463500977
INFO:trainer_layer_backward:5.405664443969727
INFO:trainer_layer_backward:5.545377731323242
INFO:trainer_layer_backward:5.158424377441406
INFO:trainer_layer_backward:5.10716438293457
INFO:trainer_layer_backward:6.020545959472656
INFO:trainer_layer_backward:5.204439163208008
INFO:trainer_layer_backward:5.527734756469727
INFO:trainer_layer_backward:5.303382873535156
INFO:trainer_layer_backward:6.34312629699707
INFO:trainer_layer_backward:5.928993225097656
INFO:trainer_layer_backward:6.975650787353516
INFO:trainer_layer_backward:5.1116943359375
INFO:trainer_layer_backward:5.393743515014648
INFO:trainer_layer_backward:5.322456359863281
INFO:trainer_layer_backward:5.881309509277344
INFO:trainer_layer_backward:5.3844451904296875
INFO:trainer_layer_backward:5.243539810180664
INFO:trainer_layer_backward:5.875349044799805
INFO:trainer_layer_backward:4.993677139282227
INFO:trainer_layer_backward:6.046772003173828
INFO:trainer_layer_backward:5.393028259277344
INFO:trainer_layer_backward:5.08570671081543
INFO:trainer_layer_backward:5.58161735534668
INFO:trainer_layer_backward:5.816459655761719
INFO:trainer_layer_backward:5.246639251708984
INFO:trainer_layer_backward:5.949497222900391
INFO:trainer_layer_backward:5.26881217956543
INFO:trainer_layer_backward:5.987882614135742
INFO:trainer_layer_backward:5.067586898803711
INFO:trainer_layer_backward:6.029605865478516
INFO:trainer_layer_backward:5.064249038696289
INFO:trainer_layer_backward:5.746603012084961
INFO:trainer_layer_backward:5.073785781860352
INFO:trainer_layer_backward:5.975008010864258
INFO:trainer_layer_backward:5.06591796875
INFO:trainer_layer_backward:5.504846572875977
INFO:trainer_layer_backward:5.061149597167969
INFO:trainer_layer_backward:4.961729049682617
INFO:trainer_layer_backward:5.548000335693359
INFO:trainer_layer_backward:5.9356689453125
INFO:trainer_layer_backward:6.43610954284668
INFO:trainer_layer_backward:4.953861236572266
INFO:trainer_layer_backward:5.834341049194336
INFO:trainer_layer_backward:5.392313003540039
INFO:trainer_layer_backward:6.2713623046875
INFO:trainer_layer_backward:5.265474319458008
INFO:trainer_layer_backward:6.170511245727539
INFO:trainer_layer_backward:5.2433013916015625
INFO:trainer_layer_backward:8.653879165649414
INFO:trainer_layer_backward:4.926204681396484
INFO:trainer_layer_backward:6.8264007568359375
INFO:trainer_layer_backward:4.937410354614258
INFO:trainer_layer_backward:6.11114501953125
INFO:trainer_layer_backward:5.048513412475586
INFO:trainer_layer_backward:4.990339279174805
INFO:trainer_layer_backward:5.670309066772461
INFO:trainer_layer_backward:5.061864852905273
INFO:trainer_layer_backward:6.398200988769531
INFO:trainer_layer_backward:4.975795745849609
INFO:trainer_layer_backward:5.531549453735352
INFO:trainer_layer_backward:5.037546157836914
INFO:trainer_layer_backward:4.989147186279297
INFO:trainer_layer_backward:6.067514419555664
INFO:trainer_layer_backward:6.16765022277832
INFO:trainer_layer_backward:6.224155426025391
INFO:trainer_layer_backward:4.90570068359375
INFO:trainer_layer_backward:6.136417388916016
INFO:trainer_layer_backward:5.273580551147461
INFO:trainer_layer_backward:5.900382995605469
INFO:trainer_layer_backward:5.099773406982422
INFO:trainer_layer_backward:5.968809127807617
INFO:trainer_layer_backward:5.115032196044922
INFO:trainer_layer_backward:5.173206329345703
INFO:trainer_layer_backward:4.919290542602539
INFO:trainer_layer_backward:11.084794998168945
INFO:trainer_layer_backward:5.0334930419921875
INFO:trainer_layer_backward:6.191015243530273
INFO:trainer_layer_backward:5.063056945800781
INFO:trainer_layer_backward:6.044864654541016
INFO:trainer_layer_backward:5.587100982666016
INFO:trainer_layer_backward:6.562232971191406
INFO:trainer_layer_backward:4.905223846435547
INFO:trainer_layer_backward:6.030082702636719
INFO:trainer_layer_backward:5.246400833129883
INFO:trainer_layer_backward:5.753517150878906
INFO:trainer_layer_backward:5.006074905395508
INFO:trainer_layer_backward:5.227565765380859
INFO:trainer_layer_backward:4.913091659545898
INFO:trainer_layer_backward:4.964113235473633
INFO:trainer_layer_backward:5.573272705078125
INFO:trainer_layer_backward:5.114078521728516
INFO:trainer_layer_backward:5.6743621826171875
INFO:trainer_layer_backward:5.267620086669922
INFO:trainer_layer_backward:6.263017654418945
INFO:trainer_layer_backward:5.004167556762695
INFO:trainer_layer_backward:5.99360466003418
INFO:trainer_layer_backward:4.973411560058594
INFO:trainer_layer_backward:5.091667175292969
INFO:trainer_layer_backward:5.013704299926758
INFO:trainer_layer_backward:5.336761474609375
INFO:trainer_layer_backward:5.839347839355469
INFO:trainer_layer_backward:5.563020706176758
INFO:trainer_layer_backward:5.26881217956543
INFO:trainer_layer_backward:4.953145980834961
INFO:trainer_layer_backward:4.93311882019043
INFO:trainer_layer_backward:5.62739372253418
INFO:trainer_layer_backward:5.264759063720703
INFO:trainer_layer_backward:5.60307502746582
INFO:trainer_layer_backward:5.202054977416992
INFO:trainer_layer_backward:4.929542541503906
INFO:trainer_layer_backward:5.63359260559082
INFO:trainer_layer_backward:5.240917205810547
INFO:trainer_layer_backward:6.063222885131836
INFO:trainer_layer_backward:4.9896240234375
INFO:trainer_layer_backward:7.251977920532227
INFO:trainer_layer_backward:5.460977554321289
INFO:trainer_layer_backward:6.37364387512207
INFO:trainer_layer_backward:6.21795654296875
INFO:trainer_layer_backward:5.0601959228515625
INFO:trainer_layer_backward:5.445718765258789
INFO:trainer_layer_backward:5.01251220703125
INFO:trainer_layer_backward:5.308866500854492
INFO:trainer_layer_backward:6.234407424926758
INFO:trainer_layer_backward:4.927635192871094
INFO:trainer_layer_backward:6.084442138671875
INFO:trainer_layer_backward:5.348443984985352
INFO:trainer_layer_backward:6.574153900146484
INFO:trainer_layer_backward:4.8885345458984375
INFO:trainer_layer_backward:5.806446075439453
INFO:trainer_layer_backward:4.9533843994140625
INFO:trainer_layer_backward:5.369424819946289
INFO:trainer_layer_backward:5.67173957824707
INFO:trainer_layer_backward:5.0334930419921875
INFO:trainer_layer_backward:5.782127380371094
INFO:trainer_layer_backward:4.933834075927734
INFO:trainer_layer_backward:6.175041198730469
INFO:trainer_layer_backward:5.14674186706543
INFO:trainer_layer_backward:6.281137466430664
INFO:trainer_layer_backward:4.965305328369141
INFO:trainer_layer_backward:6.106138229370117
INFO:trainer_layer_backward:10.471343994140625
INFO:trainer_layer_backward:4.970073699951172
INFO:trainer_layer_backward:5.5828094482421875
INFO:trainer_layer_backward:5.3501129150390625
INFO:trainer_layer_backward:4.92548942565918
INFO:trainer_layer_backward:6.025552749633789
INFO:trainer_layer_backward:5.0296783447265625
INFO:trainer_layer_backward:6.110668182373047
INFO:trainer_layer_backward:5.219221115112305
INFO:trainer_layer_backward:6.734371185302734
INFO:trainer_layer_backward:5.339145660400391
INFO:trainer_layer_backward:6.197690963745117
INFO:trainer_layer_backward:5.2738189697265625
INFO:trainer_layer_backward:6.157636642456055
INFO:trainer_layer_backward:5.150556564331055
INFO:trainer_layer_backward:6.457805633544922
INFO:trainer_layer_backward:5.218982696533203
INFO:trainer_layer_backward:6.444215774536133
INFO:trainer_layer_backward:4.970073699951172
INFO:trainer_layer_backward:5.805492401123047
INFO:trainer_layer_backward:5.530118942260742
INFO:trainer_layer_backward:5.537271499633789
INFO:trainer_layer_backward:5.959272384643555
INFO:trainer_layer_backward:4.954338073730469
INFO:trainer_layer_backward:8.268117904663086
INFO:trainer_layer_backward:5.506753921508789
INFO:trainer_layer_backward:5.893468856811523
INFO:trainer_layer_backward:4.898786544799805
INFO:trainer_layer_backward:6.110429763793945
INFO:trainer_layer_backward:4.983425140380859
INFO:trainer_layer_backward:5.43212890625
INFO:trainer_layer_backward:5.311489105224609
INFO:trainer_layer_backward:4.987955093383789
INFO:trainer_layer_backward:6.167888641357422
INFO:trainer_layer_backward:5.043983459472656
INFO:trainer_layer_backward:6.195545196533203
INFO:trainer_layer_backward:5.156040191650391
INFO:trainer_layer_backward:6.629705429077148
INFO:trainer_layer_backward:4.982709884643555
INFO:trainer_layer_backward:5.241870880126953
INFO:trainer_layer_backward:6.395816802978516
INFO:trainer_layer_backward:5.07354736328125
INFO:trainer_layer_backward:5.694866180419922
INFO:trainer_layer_backward:5.181789398193359
INFO:trainer_layer_backward:5.721807479858398
INFO:trainer_layer_backward:5.406379699707031
INFO:trainer_layer_backward:5.041837692260742
INFO:trainer_layer_backward:6.305217742919922
INFO:trainer_layer_backward:4.893302917480469
INFO:trainer_layer_backward:5.939722061157227
INFO:trainer_layer_backward:4.935979843139648
INFO:trainer_layer_backward:5.451679229736328
INFO:trainer_layer_backward:5.569696426391602
INFO:trainer_layer_backward:5.034923553466797
INFO:trainer_layer_backward:5.854129791259766
INFO:trainer_layer_backward:4.938840866088867
INFO:trainer_layer_backward:6.667852401733398
INFO:trainer_layer_backward:4.981756210327148
INFO:trainer_layer_backward:6.093740463256836
INFO:trainer_layer_backward:4.94384765625
INFO:trainer_layer_backward:5.485296249389648
INFO:trainer_layer_backward:5.691051483154297
INFO:trainer_layer_backward:4.937887191772461
INFO:trainer_layer_backward:5.882978439331055
INFO:trainer_layer_backward:4.991292953491211
INFO:trainer_layer_backward:5.959272384643555
INFO:trainer_layer_backward:4.990816116333008
INFO:trainer_layer_backward:5.492448806762695
INFO:trainer_layer_backward:5.7048797607421875
INFO:trainer_layer_backward:4.936695098876953
INFO:trainer_layer_backward:5.827665328979492
INFO:trainer_layer_backward:4.952669143676758
INFO:trainer_layer_backward:5.751609802246094
INFO:trainer_layer_backward:5.10716438293457
INFO:trainer_layer_backward:5.770206451416016
INFO:trainer_layer_backward:4.9800872802734375
INFO:trainer_layer_backward:5.757808685302734
INFO:trainer_layer_backward:5.3958892822265625
INFO:trainer_layer_backward:5.076408386230469
INFO:trainer_layer_backward:6.139039993286133
INFO:trainer_layer_backward:5.197048187255859
INFO:trainer_layer_backward:5.939722061157227
INFO:trainer_layer_backward:5.286931991577148
INFO:trainer_layer_backward:5.945920944213867
INFO:trainer_layer_backward:5.024433135986328
INFO:trainer_layer_backward:5.48553466796875
INFO:trainer_layer_backward:5.463838577270508
INFO:trainer_layer_backward:4.897594451904297
INFO:trainer_layer_backward:6.271123886108398
INFO:trainer_layer_backward:5.080938339233398
INFO:trainer_layer_backward:6.203889846801758
INFO:trainer_layer_backward:5.019664764404297
INFO:trainer_layer_backward:5.426645278930664
INFO:trainer_layer_backward:5.079746246337891
INFO:trainer_layer_backward:4.940032958984375
INFO:trainer_layer_backward:5.779027938842773
INFO:trainer_layer_backward:5.24449348449707
INFO:trainer_layer_backward:5.872011184692383
INFO:trainer_layer_backward:4.94837760925293
INFO:trainer_layer_backward:5.18488883972168
INFO:trainer_layer_backward:5.535364151000977
INFO:trainer_layer_backward:5.09333610534668
INFO:trainer_layer_backward:6.043672561645508
INFO:trainer_layer_backward:5.15437126159668
INFO:trainer_layer_backward:6.164312362670898
INFO:trainer_layer_backward:4.927873611450195
INFO:trainer_layer_backward:5.43665885925293
INFO:trainer_layer_backward:5.167722702026367
INFO:trainer_layer_backward:5.16510009765625
INFO:trainer_layer_backward:5.626678466796875
INFO:trainer_layer_backward:4.955291748046875
INFO:trainer_layer_backward:5.484819412231445
INFO:trainer_layer_backward:4.919290542602539
INFO:trainer_layer_backward:5.40614128112793
INFO:trainer_layer_backward:5.239963531494141
INFO:trainer_layer_backward:5.396604537963867
INFO:trainer_layer_backward:5.696773529052734
INFO:trainer_layer_backward:4.8961639404296875
INFO:trainer_layer_backward:4.924297332763672
INFO:trainer_layer_backward:5.483388900756836
INFO:trainer_layer_backward:5.334615707397461
INFO:trainer_layer_backward:4.939079284667969
INFO:trainer_layer_backward:4.909276962280273
INFO:trainer_layer_backward:5.534172058105469
INFO:trainer_layer_backward:5.370616912841797
INFO:trainer_layer_backward:5.446672439575195
INFO:trainer_layer_backward:4.9304962158203125
INFO:trainer_layer_backward:5.131721496582031
INFO:trainer_layer_backward:6.125211715698242
INFO:trainer_layer_backward:5.408287048339844
INFO:trainer_layer_backward:6.355047225952148
INFO:trainer_layer_backward:4.981279373168945
INFO:trainer_layer_backward:6.443977355957031
INFO:trainer_layer_backward:5.07044792175293
INFO:trainer_layer_backward:6.06083869934082
INFO:trainer_layer_backward:4.975080490112305
INFO:trainer_layer_backward:5.784273147583008
INFO:trainer_layer_backward:5.921602249145508
INFO:trainer_layer_backward:5.461692810058594
INFO:trainer_layer_backward:5.422353744506836
INFO:trainer_layer_backward:4.918336868286133
INFO:trainer_layer_backward:5.71751594543457
INFO:trainer_layer_backward:5.4225921630859375
INFO:trainer_layer_backward:6.529569625854492
INFO:trainer_layer_backward:5.214214324951172
INFO:trainer_layer_backward:6.175518035888672
INFO:trainer_layer_backward:5.268335342407227
INFO:trainer_layer_backward:5.899667739868164
INFO:trainer_layer_backward:5.689382553100586
INFO:trainer_layer_backward:6.161689758300781
INFO:trainer_layer_backward:5.1116943359375
INFO:trainer_layer_backward:5.552053451538086
INFO:trainer_layer_backward:5.057811737060547
INFO:trainer_layer_backward:6.0577392578125
INFO:trainer_layer_backward:5.772590637207031
INFO:trainer_layer_backward:5.858659744262695
INFO:trainer_layer_backward:6.376028060913086
INFO:trainer_layer_backward:5.173921585083008
INFO:trainer_layer_backward:5.615472793579102
INFO:trainer_layer_backward:5.259275436401367
INFO:trainer_layer_backward:6.122350692749023
INFO:trainer_layer_backward:4.89354133605957
INFO:trainer_layer_backward:5.119085311889648
INFO:trainer_layer_backward:5.144834518432617
INFO:trainer_layer_backward:5.095481872558594
INFO:trainer_layer_backward:5.837440490722656
INFO:trainer_layer_backward:4.905223846435547
INFO:trainer_layer_backward:5.247831344604492
INFO:trainer_layer_backward:5.343198776245117
INFO:trainer_layer_backward:4.979372024536133
INFO:trainer_layer_backward:5.636930465698242
INFO:trainer_layer_backward:4.931211471557617
INFO:trainer_layer_backward:5.326271057128906
INFO:trainer_layer_backward:5.308866500854492
INFO:trainer_layer_backward:4.955768585205078
INFO:trainer_layer_backward:6.260871887207031
INFO:trainer_layer_backward:5.5675506591796875
INFO:trainer_layer_backward:5.918741226196289
INFO:trainer_layer_backward:5.878686904907227
INFO:trainer_layer_backward:5.160331726074219
INFO:trainer_layer_backward:5.316972732543945
INFO:trainer_layer_backward:4.918098449707031
INFO:trainer_layer_backward:4.940271377563477
INFO:trainer_layer_backward:5.962848663330078
INFO:trainer_layer_backward:5.480527877807617
INFO:trainer_layer_backward:5.10716438293457
INFO:trainer_layer_backward:5.22613525390625
INFO:trainer_layer_backward:5.737543106079102
INFO:trainer_layer_backward:5.390405654907227
INFO:trainer_layer_backward:5.363702774047852
INFO:trainer_layer_backward:5.402565002441406
INFO:trainer_layer_backward:5.132198333740234
INFO:trainer_layer_backward:5.1631927490234375
INFO:trainer_layer_backward:4.934072494506836
INFO:trainer_layer_backward:5.293846130371094
INFO:trainer_layer_backward:5.77855110168457
INFO:trainer_layer_backward:5.101203918457031
INFO:trainer_layer_backward:5.856037139892578
INFO:trainer_layer_backward:5.27191162109375
INFO:trainer_layer_backward:5.463361740112305
INFO:trainer_layer_backward:4.933834075927734
INFO:trainer_layer_backward:6.096601486206055
INFO:trainer_layer_backward:5.217552185058594
INFO:trainer_layer_backward:5.605936050415039
INFO:trainer_layer_backward:4.979133605957031
INFO:trainer_layer_backward:5.455493927001953
INFO:trainer_layer_backward:5.752801895141602
INFO:trainer_layer_backward:5.055665969848633
INFO:trainer_layer_backward:5.415678024291992
INFO:trainer_layer_backward:5.18345832824707
INFO:trainer_layer_backward:5.272626876831055
INFO:trainer_layer_backward:5.193471908569336
INFO:trainer_layer_backward:5.095958709716797
INFO:trainer_layer_backward:5.466222763061523
INFO:trainer_layer_backward:5.042791366577148
INFO:trainer_layer_backward:5.980253219604492
INFO:trainer_layer_backward:5.171298980712891
INFO:trainer_layer_backward:5.861043930053711
INFO:trainer_layer_backward:5.293369293212891
INFO:trainer_layer_backward:5.6362152099609375
INFO:trainer_layer_backward:5.443334579467773
INFO:trainer_layer_backward:5.284309387207031
INFO:trainer_layer_backward:5.103349685668945
INFO:trainer_layer_backward:5.124807357788086
INFO:trainer_layer_backward:5.868196487426758
INFO:trainer_layer_backward:4.944324493408203
INFO:trainer_layer_backward:5.42902946472168
INFO:trainer_layer_backward:5.379676818847656
INFO:trainer_layer_backward:4.913568496704102
INFO:trainer_layer_backward:5.701541900634766
INFO:trainer_layer_backward:5.313396453857422
INFO:trainer_layer_backward:5.43975830078125
INFO:trainer_layer_backward:5.088567733764648
INFO:trainer_layer_backward:5.471467971801758
INFO:trainer_layer_backward:4.991292953491211
INFO:trainer_layer_backward:5.0487518310546875
INFO:trainer_layer_backward:6.018638610839844
INFO:trainer_layer_backward:4.903078079223633
INFO:trainer_layer_backward:6.354808807373047
INFO:trainer_layer_backward:5.151033401489258
INFO:trainer_layer_backward:6.032466888427734
INFO:trainer_layer_backward:4.897117614746094
INFO:trainer_layer_backward:6.29425048828125
INFO:trainer_layer_backward:5.103349685668945
INFO:trainer_layer_backward:5.606651306152344
INFO:trainer_layer_backward:5.731344223022461
INFO:trainer_layer_backward:5.00941276550293
INFO:trainer_layer_backward:5.96928596496582
INFO:trainer_layer_backward:5.135774612426758
INFO:trainer_layer_backward:5.568027496337891
INFO:trainer_layer_backward:6.665468215942383
INFO:trainer_layer_backward:5.912542343139648
INFO:trainer_layer_backward:5.22303581237793
INFO:trainer_layer_backward:5.803346633911133
INFO:trainer_layer_backward:5.052328109741211
INFO:trainer_layer_backward:4.905223846435547
INFO:trainer_layer_backward:5.742549896240234
INFO:trainer_layer_backward:4.919528961181641
INFO:trainer_layer_backward:6.175041198730469
INFO:trainer_layer_backward:5.337238311767578
INFO:trainer_layer_backward:6.147623062133789
INFO:trainer_layer_backward:4.952669143676758
INFO:trainer_layer_backward:5.535602569580078
INFO:trainer_layer_backward:5.048990249633789
INFO:trainer_layer_backward:5.0487518310546875
INFO:trainer_layer_backward:6.073474884033203
INFO:trainer_layer_backward:4.992961883544922
INFO:trainer_layer_backward:5.347013473510742
INFO:trainer_layer_backward:4.995584487915039
INFO:trainer_layer_backward:5.033254623413086
INFO:trainer_layer_backward:5.020618438720703
INFO:trainer_layer_backward:5.742788314819336
INFO:trainer_layer_backward:5.908727645874023
INFO:trainer_layer_backward:5.105733871459961
INFO:trainer_layer_backward:5.225658416748047
INFO:trainer_layer_backward:5.79833984375
INFO:trainer_layer_backward:4.9114227294921875
INFO:trainer_layer_backward:5.900144577026367
INFO:trainer_layer_backward:4.885673522949219
INFO:trainer_layer_backward:5.599498748779297
INFO:trainer_layer_backward:5.1441192626953125
INFO:trainer_layer_backward:5.414009094238281
INFO:trainer_layer_backward:5.618095397949219
INFO:trainer_layer_backward:5.079746246337891
INFO:trainer_layer_backward:6.468296051025391
INFO:trainer_layer_backward:5.113363265991211
INFO:trainer_layer_backward:5.829572677612305
INFO:trainer_layer_backward:4.886627197265625
INFO:trainer_layer_backward:5.308389663696289
INFO:trainer_layer_backward:5.349397659301758
INFO:trainer_layer_backward:4.896640777587891
INFO:trainer_layer_backward:6.1187744140625
INFO:trainer_layer_backward:4.911661148071289
INFO:trainer_layer_backward:5.885601043701172
INFO:trainer_layer_backward:5.160093307495117
INFO:trainer_layer_backward:5.4950714111328125
INFO:trainer_layer_backward:5.542993545532227
INFO:trainer_layer_backward:4.990577697753906
INFO:trainer_layer_backward:6.672143936157227
INFO:trainer_layer_backward:5.000591278076172
INFO:trainer_layer_backward:5.854129791259766
INFO:trainer_layer_backward:5.067110061645508
INFO:trainer_layer_backward:6.444215774536133
INFO:trainer_layer_backward:5.2585601806640625
INFO:trainer_layer_backward:5.5980682373046875
INFO:trainer_layer_backward:5.413293838500977
INFO:trainer_layer_backward:5.581140518188477
INFO:trainer_layer_backward:6.16002082824707
INFO:trainer_layer_backward:5.213737487792969
INFO:trainer_layer_backward:6.110906600952148
INFO:trainer_layer_backward:5.985021591186523
INFO:trainer_layer_backward:6.232023239135742
INFO:trainer_layer_backward:4.923343658447266
INFO:trainer_layer_backward:6.050586700439453
INFO:trainer_layer_backward:5.283594131469727
INFO:trainer_layer_backward:6.7043304443359375
INFO:trainer_layer_backward:5.126237869262695
INFO:trainer_layer_backward:5.133628845214844
INFO:trainer_layer_backward:5.316257476806641
INFO:trainer_layer_backward:6.036281585693359
INFO:trainer_layer_backward:5.197048187255859
INFO:trainer_layer_backward:5.3882598876953125
INFO:trainer_layer_backward:4.959821701049805
INFO:trainer_layer_backward:4.892826080322266
INFO:trainer_layer_backward:4.930257797241211
INFO:trainer_layer_backward:4.940032958984375
INFO:trainer_layer_backward:5.368709564208984
INFO:trainer_layer_backward:4.936695098876953
INFO:trainer_layer_backward:4.914760589599609
INFO:trainer_layer_backward:5.76019287109375
INFO:trainer_layer_backward:4.899740219116211
INFO:trainer_layer_backward:5.980730056762695
INFO:trainer_layer_backward:4.9762725830078125
INFO:trainer_layer_backward:5.761861801147461
INFO:trainer_layer_backward:4.903078079223633
INFO:trainer_layer_backward:4.912376403808594
INFO:trainer_layer_backward:6.102323532104492
INFO:trainer_layer_backward:5.018472671508789
INFO:trainer_layer_backward:5.563497543334961
INFO:trainer_layer_backward:4.882335662841797
INFO:trainer_layer_backward:5.910396575927734
INFO:trainer_layer_backward:6.0062408447265625
INFO:trainer_layer_backward:5.444049835205078
INFO:trainer_layer_backward:5.4035186767578125
INFO:trainer_layer_backward:5.178928375244141
INFO:trainer_layer_backward:5.237102508544922
INFO:trainer_layer_backward:5.009651184082031
INFO:trainer_layer_backward:6.260156631469727
INFO:trainer_layer_backward:5.039215087890625
INFO:trainer_layer_backward:5.513429641723633
INFO:trainer_layer_backward:5.394697189331055
INFO:trainer_layer_backward:5.605459213256836
INFO:trainer_layer_backward:5.508661270141602
INFO:trainer_layer_backward:4.969358444213867
INFO:trainer_layer_backward:5.923271179199219
INFO:trainer_layer_backward:4.902124404907227
INFO:trainer_layer_backward:5.315542221069336
INFO:trainer_layer_backward:5.565881729125977
INFO:trainer_layer_backward:5.67173957824707
INFO:trainer_layer_backward:6.035566329956055
INFO:trainer_layer_backward:4.982471466064453
INFO:trainer_layer_backward:6.1511993408203125
INFO:trainer_layer_backward:4.990577697753906
INFO:trainer_layer_backward:6.145715713500977
INFO:trainer_layer_backward:4.909276962280273
INFO:trainer_layer_backward:6.02412223815918
INFO:trainer_layer_backward:4.946708679199219
INFO:trainer_layer_backward:5.001306533813477
INFO:trainer_layer_backward:5.777835845947266
INFO:trainer_layer_backward:4.913806915283203
INFO:trainer_layer_backward:5.783557891845703
INFO:trainer_layer_backward:4.902124404907227
INFO:trainer_layer_backward:5.378961563110352
INFO:trainer_layer_backward:5.48243522644043
INFO:trainer_layer_backward:4.917383193969727
INFO:trainer_layer_backward:6.132841110229492
INFO:trainer_layer_backward:4.900455474853516
INFO:trainer_layer_backward:5.899190902709961
INFO:trainer_layer_backward:5.106925964355469
INFO:trainer_layer_backward:5.371332168579102
INFO:trainer_layer_backward:5.444049835205078
INFO:trainer_layer_backward:5.017995834350586
INFO:trainer_layer_backward:6.060123443603516
INFO:trainer_layer_backward:4.966974258422852
INFO:trainer_layer_backward:5.985021591186523
INFO:trainer_layer_backward:5.494356155395508
INFO:trainer_layer_backward:5.922794342041016
INFO:trainer_layer_backward:5.532026290893555
INFO:trainer_layer_backward:5.189418792724609
INFO:trainer_layer_backward:5.595207214355469
INFO:trainer_layer_backward:5.286693572998047
INFO:trainer_layer_backward:5.171775817871094
INFO:trainer_layer_backward:4.972219467163086
INFO:trainer_layer_backward:5.110025405883789
INFO:trainer_layer_backward:5.115985870361328
INFO:trainer_layer_backward:5.158185958862305
INFO:trainer_layer_backward:5.172252655029297
INFO:trainer_layer_backward:5.039453506469727
INFO:trainer_layer_backward:6.046772003173828
INFO:trainer_layer_backward:5.166769027709961
INFO:trainer_layer_backward:5.211114883422852
INFO:trainer_layer_backward:5.06591796875
INFO:trainer_layer_backward:5.074262619018555
INFO:trainer_layer_backward:5.45048713684082
INFO:trainer_layer_backward:4.926204681396484
INFO:trainer_layer_backward:5.5561065673828125
INFO:trainer_layer_backward:5.490779876708984
INFO:trainer_layer_backward:5.063295364379883
INFO:trainer_layer_backward:5.038022994995117
INFO:trainer_layer_backward:5.3863525390625
INFO:trainer_layer_backward:5.120038986206055
INFO:trainer_layer_backward:4.950523376464844
INFO:trainer_layer_backward:5.742311477661133
INFO:trainer_layer_backward:4.956960678100586
INFO:trainer_layer_backward:5.941152572631836
INFO:trainer_layer_backward:4.920721054077148
INFO:trainer_layer_backward:5.377292633056641
INFO:trainer_layer_backward:5.165815353393555
INFO:trainer_layer_backward:5.537509918212891
INFO:trainer_layer_backward:5.691289901733398
INFO:trainer_layer_backward:4.918575286865234
INFO:trainer_layer_backward:6.090641021728516
INFO:trainer_layer_backward:4.904270172119141
INFO:trainer_layer_backward:5.770683288574219
INFO:trainer_layer_backward:5.024909973144531
INFO:trainer_layer_backward:5.332469940185547
INFO:trainer_layer_backward:6.072282791137695
INFO:trainer_layer_backward:4.904747009277344
INFO:trainer_layer_backward:5.974054336547852
INFO:trainer_layer_backward:4.919528961181641
INFO:trainer_layer_backward:6.028175354003906
INFO:trainer_layer_backward:5.340099334716797
INFO:trainer_layer_backward:5.541563034057617
INFO:trainer_layer_backward:5.326271057128906
INFO:trainer_layer_backward:5.508184432983398
INFO:trainer_layer_backward:5.138158798217773
INFO:trainer_layer_backward:4.961252212524414
INFO:trainer_layer_backward:5.912303924560547
INFO:trainer_layer_backward:5.425691604614258
INFO:trainer_layer_backward:5.170106887817383
INFO:trainer_layer_backward:5.321025848388672
INFO:trainer_layer_backward:6.061315536499023
INFO:trainer_layer_backward:5.234479904174805
INFO:trainer_layer_backward:4.974842071533203
INFO:trainer_layer_backward:5.720853805541992
INFO:trainer_layer_backward:5.088090896606445
INFO:trainer_layer_backward:6.16002082824707
INFO:trainer_layer_backward:5.202054977416992
INFO:trainer_layer_backward:5.771160125732422
INFO:trainer_layer_backward:5.277395248413086
INFO:trainer_layer_backward:6.32786750793457
INFO:trainer_layer_backward:5.095243453979492
INFO:trainer_layer_backward:5.776405334472656
INFO:trainer_layer_backward:5.280733108520508
INFO:trainer_layer_backward:5.794048309326172
INFO:trainer_layer_backward:5.713701248168945
INFO:trainer_layer_backward:5.427122116088867
INFO:trainer_layer_backward:5.058050155639648
INFO:trainer_layer_backward:5.4645538330078125
INFO:trainer_layer_backward:5.901098251342773
INFO:trainer_layer_backward:5.232095718383789
INFO:trainer_layer_backward:6.38127326965332
INFO:trainer_layer_backward:5.094051361083984
INFO:trainer_layer_backward:5.8879852294921875
INFO:trainer_layer_backward:4.967212677001953
INFO:trainer_layer_backward:6.379842758178711
INFO:trainer_layer_backward:5.441904067993164
INFO:trainer_layer_backward:5.866050720214844
INFO:trainer_layer_backward:5.178928375244141
INFO:trainer_layer_backward:6.272554397583008
INFO:trainer_layer_backward:5.021810531616211
INFO:trainer_layer_backward:6.379127502441406
INFO:trainer_layer_backward:5.16057014465332
INFO:trainer_layer_backward:5.727291107177734
INFO:trainer_layer_backward:5.002498626708984
INFO:trainer_layer_backward:5.991220474243164
INFO:trainer_layer_backward:4.990100860595703
INFO:trainer_layer_backward:5.364656448364258
INFO:trainer_layer_backward:5.325794219970703
INFO:trainer_layer_backward:5.368947982788086
INFO:trainer_layer_backward:5.147457122802734
INFO:trainer_layer_backward:4.897117614746094
INFO:trainer_layer_backward:5.865812301635742
INFO:trainer_layer_backward:5.347490310668945
INFO:trainer_layer_backward:6.405353546142578
INFO:trainer_layer_backward:5.385875701904297
INFO:trainer_layer_backward:5.955219268798828
INFO:trainer_layer_backward:4.966974258422852
INFO:trainer_layer_backward:5.992650985717773
INFO:trainer_layer_backward:4.990577697753906
INFO:trainer_layer_backward:5.113124847412109
INFO:trainer_layer_backward:5.991458892822266
INFO:trainer_layer_backward:5.003452301025391
INFO:trainer_layer_backward:5.849123001098633
INFO:trainer_layer_backward:4.925966262817383
INFO:trainer_layer_backward:5.347728729248047
INFO:trainer_layer_backward:4.972934722900391
INFO:trainer_layer_backward:4.927873611450195
INFO:trainer_layer_backward:6.08515739440918
INFO:trainer_layer_backward:4.908084869384766
INFO:trainer_layer_backward:6.386041641235352
INFO:trainer_layer_backward:4.9457550048828125
INFO:trainer_layer_backward:5.745410919189453
INFO:trainer_layer_backward:5.206584930419922
INFO:trainer_layer_backward:5.93256950378418
INFO:trainer_layer_backward:5.036592483520508
INFO:trainer_layer_backward:5.4988861083984375
INFO:trainer_layer_backward:5.163908004760742
INFO:trainer_layer_backward:5.501985549926758
INFO:trainer_layer_backward:5.857229232788086
INFO:trainer_layer_backward:4.989862442016602
INFO:trainer_layer_backward:6.14619255065918
INFO:trainer_layer_backward:4.925012588500977
INFO:trainer_layer_backward:5.89299201965332
INFO:trainer_layer_backward:5.131959915161133
INFO:trainer_layer_backward:6.018161773681641
INFO:trainer_layer_backward:5.025625228881836
INFO:trainer_layer_backward:5.571603775024414
INFO:trainer_layer_backward:4.945039749145508
INFO:trainer_layer_backward:5.0106048583984375
INFO:trainer_layer_backward:6.236791610717773
INFO:trainer_layer_backward:4.965066909790039
INFO:trainer_layer_backward:6.057262420654297
INFO:trainer_layer_backward:4.958152770996094
INFO:trainer_layer_backward:5.923032760620117
INFO:trainer_layer_backward:4.966259002685547
INFO:trainer_layer_backward:4.966020584106445
INFO:trainer_layer_backward:6.611108779907227
INFO:trainer_layer_backward:4.965305328369141
INFO:trainer_layer_backward:6.136178970336914
INFO:trainer_layer_backward:5.051851272583008
INFO:trainer_layer_backward:5.886316299438477
INFO:trainer_layer_backward:4.925727844238281
INFO:trainer_layer_backward:5.361080169677734
INFO:trainer_layer_backward:5.122661590576172
INFO:trainer_layer_backward:5.606412887573242
INFO:trainer_layer_backward:4.996299743652344
INFO:trainer_layer_backward:5.770683288574219
INFO:trainer_layer_backward:7.968425750732422
INFO:trainer_layer_backward:6.696939468383789
INFO:trainer_layer_backward:5.075216293334961
INFO:trainer_layer_backward:5.792856216430664
INFO:trainer_layer_backward:5.916118621826172
INFO:trainer_layer_backward:6.717205047607422
INFO:trainer_layer_backward:5.212545394897461
INFO:trainer_layer_backward:5.457639694213867
INFO:trainer_layer_backward:4.931211471557617
INFO:trainer_layer_backward:5.229473114013672
INFO:trainer_layer_backward:4.981279373168945
INFO:trainer_layer_backward:4.94384765625
INFO:trainer_layer_backward:5.29170036315918
INFO:trainer_layer_backward:5.267858505249023
INFO:trainer_layer_backward:5.983591079711914
INFO:trainer_layer_backward:5.055904388427734
INFO:trainer_layer_backward:5.519866943359375
INFO:trainer_layer_backward:5.168914794921875
INFO:trainer_layer_backward:5.068778991699219
INFO:trainer_layer_backward:6.064891815185547
INFO:trainer_layer_backward:4.99415397644043
INFO:trainer_layer_backward:5.954265594482422
INFO:trainer_layer_backward:4.994392395019531
INFO:trainer_layer_backward:5.502462387084961
INFO:trainer_layer_backward:5.31315803527832
INFO:trainer_layer_backward:5.238533020019531
INFO:trainer_layer_backward:5.972862243652344
INFO:trainer_layer_backward:4.892587661743164
INFO:trainer_layer_backward:5.934715270996094
INFO:trainer_layer_backward:5.505561828613281
INFO:trainer_layer_backward:6.085634231567383
INFO:trainer_layer_backward:4.998922348022461
INFO:trainer_layer_backward:5.452632904052734
INFO:trainer_layer_backward:5.608558654785156
INFO:trainer_layer_backward:4.891872406005859
INFO:trainer_layer_backward:5.880594253540039
INFO:trainer_layer_backward:5.335807800292969
INFO:trainer_layer_backward:5.067110061645508
INFO:trainer_layer_backward:4.915952682495117
INFO:trainer_layer_backward:5.329608917236328
INFO:trainer_layer_backward:5.1174163818359375
INFO:trainer_layer_backward:5.370378494262695
INFO:trainer_layer_backward:5.780458450317383
INFO:trainer_layer_backward:5.449533462524414
INFO:trainer_layer_backward:5.408763885498047
INFO:trainer_layer_backward:5.2280426025390625
INFO:trainer_layer_backward:5.882740020751953
INFO:trainer_layer_backward:5.250453948974609
INFO:trainer_layer_backward:6.618499755859375
INFO:trainer_layer_backward:4.892826080322266
INFO:trainer_layer_backward:5.262136459350586
INFO:trainer_layer_backward:4.94074821472168
INFO:trainer_layer_backward:4.95457649230957
INFO:trainer_layer_backward:6.224155426025391
INFO:trainer_layer_backward:5.096673965454102
INFO:trainer_layer_backward:5.883932113647461
INFO:trainer_layer_backward:4.917383193969727
INFO:trainer_layer_backward:5.860090255737305
INFO:trainer_layer_backward:5.201816558837891
INFO:trainer_layer_backward:5.486488342285156
INFO:trainer_layer_backward:5.586862564086914
INFO:trainer_layer_backward:4.9037933349609375
INFO:trainer_layer_backward:6.150960922241211
INFO:trainer_layer_backward:5.494117736816406
INFO:trainer_layer_backward:6.273031234741211
INFO:trainer_layer_backward:4.909992218017578
INFO:trainer_layer_backward:6.3381195068359375
INFO:trainer_layer_backward:4.960060119628906
INFO:trainer_layer_backward:5.755186080932617
INFO:trainer_layer_backward:5.049467086791992
INFO:trainer_layer_backward:5.664587020874023
INFO:trainer_layer_backward:5.4225921630859375
INFO:trainer_layer_backward:5.418539047241211
INFO:trainer_layer_backward:5.562305450439453
INFO:trainer_layer_backward:5.095720291137695
INFO:trainer_layer_backward:5.1326751708984375
INFO:trainer_layer_backward:5.4607391357421875
INFO:trainer_layer_backward:5.887269973754883
INFO:trainer_layer_backward:4.958152770996094
INFO:trainer_layer_backward:5.143880844116211
INFO:trainer_layer_backward:5.068540573120117
INFO:trainer_layer_backward:4.985809326171875
INFO:trainer_layer_backward:4.943132400512695
INFO:trainer_layer_backward:5.055427551269531
INFO:trainer_layer_backward:5.020380020141602
INFO:trainer_layer_backward:5.02467155456543
INFO:trainer_layer_backward:6.382465362548828
INFO:trainer_layer_backward:5.024909973144531
INFO:trainer_layer_backward:5.601406097412109
INFO:trainer_layer_backward:5.577802658081055
INFO:trainer_layer_backward:5.705833435058594
INFO:trainer_layer_backward:5.2890777587890625
INFO:trainer_layer_backward:5.7964324951171875
INFO:trainer_layer_backward:5.1250457763671875
INFO:trainer_layer_backward:5.620479583740234
INFO:trainer_layer_backward:5.06281852722168
INFO:trainer_layer_backward:5.718708038330078
INFO:trainer_layer_backward:5.524635314941406
INFO:trainer_layer_backward:4.914760589599609
INFO:trainer_layer_backward:6.175994873046875
INFO:trainer_layer_backward:4.945278167724609
INFO:trainer_layer_backward:5.715608596801758
INFO:trainer_layer_backward:5.205631256103516
INFO:trainer_layer_backward:5.60760498046875
INFO:trainer_layer_backward:4.955768585205078
INFO:trainer_layer_backward:6.023406982421875
INFO:trainer_layer_backward:5.550622940063477
INFO:trainer_layer_backward:5.378484725952148
INFO:trainer_layer_backward:5.272626876831055
INFO:trainer_layer_backward:5.383968353271484
INFO:trainer_layer_backward:5.179166793823242
INFO:trainer_layer_backward:5.036354064941406
INFO:trainer_layer_backward:5.790472030639648
INFO:trainer_layer_backward:4.937887191772461
INFO:trainer_layer_backward:5.778789520263672
INFO:trainer_layer_backward:4.944086074829102
INFO:trainer_layer_backward:4.920005798339844
INFO:trainer_layer_backward:5.0067901611328125
INFO:trainer_layer_backward:5.027532577514648
INFO:trainer_layer_backward:5.374908447265625
INFO:trainer_layer_backward:4.949331283569336
INFO:trainer_layer_backward:4.8847198486328125
INFO:trainer_layer_backward:6.100654602050781
INFO:trainer_layer_backward:4.991769790649414
INFO:trainer_layer_backward:6.453752517700195
INFO:trainer_layer_backward:4.948854446411133
INFO:trainer_layer_backward:6.182432174682617
INFO:trainer_layer_backward:5.176067352294922
INFO:trainer_layer_backward:5.974769592285156
INFO:trainer_layer_backward:4.9800872802734375
INFO:trainer_layer_backward:5.62596321105957
INFO:trainer_layer_backward:5.044460296630859
INFO:trainer_layer_backward:5.385160446166992
INFO:trainer_layer_backward:5.818843841552734
INFO:trainer_layer_backward:5.097150802612305
INFO:trainer_layer_backward:5.845069885253906
INFO:trainer_layer_backward:4.994630813598633
INFO:trainer_layer_backward:5.264759063720703
INFO:trainer_layer_backward:5.270957946777344
INFO:trainer_layer_backward:5.423545837402344
INFO:trainer_layer_backward:6.1779022216796875
INFO:trainer_layer_backward:4.956960678100586
INFO:trainer_layer_backward:5.954742431640625
INFO:trainer_layer_backward:5.312681198120117
INFO:trainer_layer_backward:5.189418792724609
INFO:trainer_layer_backward:5.175352096557617
INFO:trainer_layer_backward:5.565166473388672
INFO:trainer_layer_backward:5.715370178222656
INFO:trainer_layer_backward:6.011962890625
INFO:trainer_layer_backward:5.1670074462890625
INFO:trainer_layer_backward:5.269050598144531
INFO:trainer_layer_backward:5.110025405883789
INFO:trainer_layer_backward:4.91023063659668
INFO:trainer_layer_backward:4.980802536010742
INFO:trainer_layer_backward:4.9896240234375
INFO:trainer_layer_backward:5.929470062255859
INFO:trainer_layer_backward:4.942655563354492
INFO:trainer_layer_backward:5.229949951171875
INFO:trainer_layer_backward:5.741119384765625
INFO:trainer_layer_backward:4.957437515258789
INFO:trainer_layer_backward:6.205558776855469
INFO:trainer_layer_backward:4.894733428955078
INFO:trainer_layer_backward:5.382299423217773
INFO:trainer_layer_backward:5.587339401245117
INFO:trainer_layer_backward:4.921197891235352
INFO:trainer_layer_backward:6.046056747436523
INFO:trainer_layer_backward:4.908323287963867
INFO:trainer_layer_backward:5.864620208740234
INFO:trainer_layer_backward:5.008697509765625
INFO:trainer_layer_backward:5.350589752197266
INFO:trainer_layer_backward:5.050182342529297
INFO:trainer_layer_backward:5.41996955871582
INFO:trainer_layer_backward:5.85627555847168
INFO:trainer_layer_backward:5.038976669311523
INFO:trainer_layer_backward:6.174564361572266
INFO:trainer_layer_backward:4.977226257324219
INFO:trainer_layer_backward:6.00886344909668
INFO:trainer_layer_backward:5.008220672607422
INFO:trainer_layer_backward:5.411386489868164
INFO:trainer_layer_backward:5.837440490722656
INFO:trainer_layer_backward:5.125999450683594
INFO:trainer_layer_backward:5.974531173706055
INFO:trainer_layer_backward:5.396604537963867
INFO:trainer_layer_backward:5.938053131103516
INFO:trainer_layer_backward:5.285739898681641
INFO:trainer_layer_backward:5.457162857055664
INFO:trainer_layer_backward:5.682945251464844
INFO:trainer_layer_backward:5.748271942138672
INFO:trainer_layer_backward:4.951715469360352
INFO:trainer_layer_backward:5.427837371826172
INFO:trainer_layer_backward:5.924224853515625
INFO:trainer_layer_backward:4.915475845336914
INFO:trainer_layer_backward:6.027698516845703
INFO:trainer_layer_backward:5.023717880249023
INFO:trainer_layer_backward:5.883455276489258
INFO:trainer_layer_backward:5.112886428833008
INFO:trainer_layer_backward:5.890846252441406
INFO:trainer_layer_backward:5.028247833251953
INFO:trainer_layer_backward:5.567312240600586
INFO:trainer_layer_backward:5.755901336669922
INFO:trainer_layer_backward:5.513191223144531
INFO:trainer_layer_backward:5.828380584716797
INFO:trainer_layer_backward:4.984140396118164
INFO:trainer_layer_backward:5.529165267944336
INFO:trainer_layer_backward:5.0373077392578125
INFO:trainer_layer_backward:5.985260009765625
INFO:trainer_layer_backward:5.059003829956055
INFO:trainer_layer_backward:5.101680755615234
INFO:trainer_layer_backward:5.393028259277344
INFO:trainer_layer_backward:6.793975830078125
INFO:trainer_layer_backward:5.042314529418945
INFO:trainer_layer_backward:5.080938339233398
INFO:trainer_layer_backward:4.994630813598633
INFO:trainer_layer_backward:5.014896392822266
INFO:trainer_layer_backward:4.93621826171875
INFO:trainer_layer_backward:5.110025405883789
INFO:trainer_layer_backward:5.053281784057617
INFO:trainer_layer_backward:5.067586898803711
INFO:trainer_layer_backward:6.10661506652832
INFO:trainer_layer_backward:4.920005798339844
INFO:trainer_layer_backward:5.456209182739258
INFO:trainer_layer_backward:6.058931350708008
INFO:trainer_layer_backward:5.399942398071289
INFO:trainer_layer_backward:5.879640579223633
INFO:trainer_layer_backward:4.896402359008789
INFO:trainer_layer_backward:5.509138107299805
INFO:trainer_layer_backward:5.2814483642578125
INFO:trainer_layer_backward:5.455255508422852
INFO:trainer_layer_backward:5.186796188354492
INFO:trainer_layer_backward:4.96363639831543
INFO:trainer_layer_backward:5.564212799072266
INFO:trainer_layer_backward:6.206274032592773
INFO:trainer_layer_backward:6.256103515625
INFO:trainer_layer_backward:4.903554916381836
INFO:trainer_layer_backward:6.304502487182617
INFO:trainer_layer_backward:5.349874496459961
INFO:trainer_layer_backward:5.480766296386719
INFO:trainer_layer_backward:4.926443099975586
INFO:trainer_layer_backward:5.110263824462891
INFO:trainer_layer_backward:5.044221878051758
INFO:trainer_layer_backward:4.920244216918945
INFO:trainer_layer_backward:5.606889724731445
INFO:trainer_layer_backward:5.038261413574219
INFO:trainer_layer_backward:5.299091339111328
INFO:trainer_layer_backward:5.595922470092773
INFO:trainer_layer_backward:5.408525466918945
INFO:trainer_layer_backward:5.620241165161133
INFO:trainer_layer_backward:4.950761795043945
INFO:trainer_layer_backward:6.00123405456543
INFO:trainer_layer_backward:4.9877166748046875
INFO:trainer_layer_backward:6.781816482543945
INFO:trainer_layer_backward:4.972934722900391
INFO:trainer_layer_backward:5.964994430541992
INFO:trainer_layer_backward:4.917383193969727
INFO:trainer_layer_backward:5.423545837402344
INFO:trainer_layer_backward:5.656242370605469
INFO:trainer_layer_backward:4.906177520751953
INFO:trainer_layer_backward:6.244659423828125
INFO:trainer_layer_backward:4.887580871582031
INFO:trainer_layer_backward:6.060600280761719
INFO:trainer_layer_backward:5.077362060546875
INFO:trainer_layer_backward:5.4798126220703125
INFO:trainer_layer_backward:5.471944808959961
INFO:trainer_layer_backward:4.912853240966797
INFO:trainer_layer_backward:6.421804428100586
INFO:trainer_layer_backward:4.905223846435547
INFO:trainer_layer_backward:5.598306655883789
INFO:trainer_layer_backward:5.584478378295898
INFO:trainer_layer_backward:5.735635757446289
INFO:trainer_layer_backward:5.358457565307617
INFO:trainer_layer_backward:5.580425262451172
INFO:trainer_layer_backward:6.649971008300781
INFO:trainer_layer_backward:5.608558654785156
INFO:trainer_layer_backward:5.620241165161133
INFO:trainer_layer_backward:5.820512771606445
INFO:trainer_layer_backward:5.175113677978516
INFO:trainer_layer_backward:5.029916763305664
INFO:trainer_layer_backward:5.558967590332031
INFO:trainer_layer_backward:4.93168830871582
INFO:trainer_layer_backward:5.57708740234375
INFO:trainer_layer_backward:4.972219467163086
INFO:trainer_layer_backward:5.415201187133789
INFO:trainer_layer_backward:5.196571350097656
INFO:trainer_layer_backward:5.588769912719727
INFO:trainer_layer_backward:5.918979644775391
INFO:trainer_layer_backward:5.219936370849609
INFO:trainer_layer_backward:5.566596984863281
INFO:trainer_layer_backward:5.047798156738281
INFO:trainer_layer_backward:5.358457565307617
INFO:trainer_layer_backward:4.97889518737793
INFO:trainer_layer_backward:5.533933639526367
INFO:trainer_layer_backward:6.084442138671875
INFO:trainer_layer_backward:4.8980712890625
INFO:trainer_layer_backward:6.100177764892578
INFO:trainer_layer_backward:4.964113235473633
INFO:trainer_layer_backward:5.937099456787109
