INFO:trainer_layer_forward:CNNEx | mnist
INFO:trainer_layer_forward:in_size : 512 | epochs : 1 | batch : 1
INFO:trainer_layer_forward:kernel_l1 : 257 | kernel_l2 : 129 | kernel_l3 : 65 
INFO:trainer_layer_forward:o_channels_l1 : 5 | o_channels_l2 : 5 | o_channels_l3 : 5 
INFO:trainer_layer_forward::::::::::::::::::::::::::::::::::::::::::::::::::::::::::::
INFO:trainer_layer_forward:message : cnn_all_layer 
INFO:trainer_layer_forward::::::::::::::::::::::::::::::::::::::::::::::::::::::::::::
INFO:trainer_layer_forward:Ave_Time : 123.13424567787014
INFO:trainer_layer_forward::::::::::::::::::::::::::::::::::::::::::::::::::::::::::::
INFO:trainer_layer_forward:121.39368057250977
INFO:trainer_layer_forward:127.24089622497559
INFO:trainer_layer_forward:123.37040901184082
INFO:trainer_layer_forward:119.40264701843262
INFO:trainer_layer_forward:118.91460418701172
INFO:trainer_layer_forward:122.90763854980469
INFO:trainer_layer_forward:119.13156509399414
INFO:trainer_layer_forward:122.70951271057129
INFO:trainer_layer_forward:122.61295318603516
INFO:trainer_layer_forward:125.2284049987793
INFO:trainer_layer_forward:122.9097843170166
INFO:trainer_layer_forward:123.31128120422363
INFO:trainer_layer_forward:119.87709999084473
INFO:trainer_layer_forward:118.85285377502441
INFO:trainer_layer_forward:120.73826789855957
INFO:trainer_layer_forward:120.09024620056152
INFO:trainer_layer_forward:119.53592300415039
INFO:trainer_layer_forward:119.71020698547363
INFO:trainer_layer_forward:121.69075012207031
INFO:trainer_layer_forward:122.8036880493164
INFO:trainer_layer_forward:121.80066108703613
INFO:trainer_layer_forward:125.00548362731934
INFO:trainer_layer_forward:119.54069137573242
INFO:trainer_layer_forward:120.1479434967041
INFO:trainer_layer_forward:123.06332588195801
INFO:trainer_layer_forward:121.33932113647461
INFO:trainer_layer_forward:122.29466438293457
INFO:trainer_layer_forward:125.92911720275879
INFO:trainer_layer_forward:121.1698055267334
INFO:trainer_layer_forward:126.12414360046387
INFO:trainer_layer_forward:120.14317512512207
INFO:trainer_layer_forward:125.1685619354248
INFO:trainer_layer_forward:123.01254272460938
INFO:trainer_layer_forward:121.79756164550781
INFO:trainer_layer_forward:123.39115142822266
INFO:trainer_layer_forward:120.4671859741211
INFO:trainer_layer_forward:120.31078338623047
INFO:trainer_layer_forward:121.09804153442383
INFO:trainer_layer_forward:120.46933174133301
INFO:trainer_layer_forward:123.29363822937012
INFO:trainer_layer_forward:120.27335166931152
INFO:trainer_layer_forward:120.55110931396484
INFO:trainer_layer_forward:121.03009223937988
INFO:trainer_layer_forward:126.51443481445312
INFO:trainer_layer_forward:119.71044540405273
INFO:trainer_layer_forward:121.0944652557373
INFO:trainer_layer_forward:119.74978446960449
INFO:trainer_layer_forward:123.75092506408691
INFO:trainer_layer_forward:125.07867813110352
INFO:trainer_layer_forward:121.1240291595459
INFO:trainer_layer_forward:124.78494644165039
INFO:trainer_layer_forward:121.13022804260254
INFO:trainer_layer_forward:124.30191040039062
INFO:trainer_layer_forward:125.71501731872559
INFO:trainer_layer_forward:120.02396583557129
INFO:trainer_layer_forward:125.59676170349121
INFO:trainer_layer_forward:120.51987648010254
INFO:trainer_layer_forward:124.8934268951416
INFO:trainer_layer_forward:131.21557235717773
INFO:trainer_layer_forward:122.33638763427734
INFO:trainer_layer_forward:120.93925476074219
INFO:trainer_layer_forward:122.2846508026123
INFO:trainer_layer_forward:122.88212776184082
INFO:trainer_layer_forward:122.93720245361328
INFO:trainer_layer_forward:121.26684188842773
INFO:trainer_layer_forward:124.99713897705078
INFO:trainer_layer_forward:127.54130363464355
INFO:trainer_layer_forward:123.1381893157959
INFO:trainer_layer_forward:124.37844276428223
INFO:trainer_layer_forward:121.38056755065918
INFO:trainer_layer_forward:124.28092956542969
INFO:trainer_layer_forward:123.7640380859375
INFO:trainer_layer_forward:121.77824974060059
INFO:trainer_layer_forward:121.58536911010742
INFO:trainer_layer_forward:123.71993064880371
INFO:trainer_layer_forward:125.48470497131348
INFO:trainer_layer_forward:121.97303771972656
INFO:trainer_layer_forward:126.02376937866211
INFO:trainer_layer_forward:122.88999557495117
INFO:trainer_layer_forward:121.5963363647461
INFO:trainer_layer_forward:123.61860275268555
INFO:trainer_layer_forward:122.37215042114258
INFO:trainer_layer_forward:121.30904197692871
INFO:trainer_layer_forward:121.20676040649414
INFO:trainer_layer_forward:124.95660781860352
INFO:trainer_layer_forward:127.39300727844238
INFO:trainer_layer_forward:121.25468254089355
INFO:trainer_layer_forward:120.97454071044922
INFO:trainer_layer_forward:123.04973602294922
INFO:trainer_layer_forward:123.7645149230957
INFO:trainer_layer_forward:125.7638931274414
INFO:trainer_layer_forward:121.57011032104492
INFO:trainer_layer_forward:124.26495552062988
INFO:trainer_layer_forward:122.46870994567871
INFO:trainer_layer_forward:120.85938453674316
INFO:trainer_layer_forward:122.2836971282959
INFO:trainer_layer_forward:122.98345565795898
INFO:trainer_layer_forward:125.21052360534668
INFO:trainer_layer_forward:121.37556076049805
INFO:trainer_layer_forward:123.22020530700684
INFO:trainer_layer_forward:122.08080291748047
INFO:trainer_layer_forward:123.06928634643555
INFO:trainer_layer_forward:121.3369369506836
INFO:trainer_layer_forward:124.18341636657715
INFO:trainer_layer_forward:124.55415725708008
INFO:trainer_layer_forward:122.47490882873535
INFO:trainer_layer_forward:124.08924102783203
INFO:trainer_layer_forward:125.20289421081543
INFO:trainer_layer_forward:123.84819984436035
INFO:trainer_layer_forward:122.65610694885254
INFO:trainer_layer_forward:126.04761123657227
INFO:trainer_layer_forward:121.5207576751709
INFO:trainer_layer_forward:122.07984924316406
INFO:trainer_layer_forward:122.0252513885498
INFO:trainer_layer_forward:124.27973747253418
INFO:trainer_layer_forward:120.49460411071777
INFO:trainer_layer_forward:121.40774726867676
INFO:trainer_layer_forward:124.0999698638916
INFO:trainer_layer_forward:124.0682601928711
INFO:trainer_layer_forward:121.31166458129883
INFO:trainer_layer_forward:125.01716613769531
INFO:trainer_layer_forward:121.07729911804199
INFO:trainer_layer_forward:125.20790100097656
INFO:trainer_layer_forward:122.13134765625
INFO:trainer_layer_forward:125.61702728271484
INFO:trainer_layer_forward:122.84088134765625
INFO:trainer_layer_forward:123.89564514160156
INFO:trainer_layer_forward:120.00846862792969
INFO:trainer_layer_forward:125.5180835723877
INFO:trainer_layer_forward:124.89199638366699
INFO:trainer_layer_forward:122.8020191192627
INFO:trainer_layer_forward:121.40250205993652
INFO:trainer_layer_forward:123.16703796386719
INFO:trainer_layer_forward:123.53515625
INFO:trainer_layer_forward:124.04870986938477
INFO:trainer_layer_forward:124.91083145141602
INFO:trainer_layer_forward:123.85821342468262
INFO:trainer_layer_forward:120.4216480255127
INFO:trainer_layer_forward:125.20337104797363
INFO:trainer_layer_forward:123.69418144226074
INFO:trainer_layer_forward:126.62959098815918
INFO:trainer_layer_forward:122.88165092468262
INFO:trainer_layer_forward:122.54142761230469
INFO:trainer_layer_forward:124.80974197387695
INFO:trainer_layer_forward:125.89192390441895
INFO:trainer_layer_forward:125.27322769165039
INFO:trainer_layer_forward:121.54698371887207
INFO:trainer_layer_forward:126.52754783630371
INFO:trainer_layer_forward:123.03781509399414
INFO:trainer_layer_forward:125.30303001403809
INFO:trainer_layer_forward:125.18429756164551
INFO:trainer_layer_forward:122.99013137817383
INFO:trainer_layer_forward:122.32589721679688
INFO:trainer_layer_forward:121.95682525634766
INFO:trainer_layer_forward:123.92044067382812
INFO:trainer_layer_forward:128.72648239135742
INFO:trainer_layer_forward:125.63419342041016
INFO:trainer_layer_forward:126.8010139465332
INFO:trainer_layer_forward:123.12650680541992
INFO:trainer_layer_forward:124.79948997497559
INFO:trainer_layer_forward:121.03128433227539
INFO:trainer_layer_forward:125.63443183898926
INFO:trainer_layer_forward:122.0405101776123
INFO:trainer_layer_forward:121.31023406982422
INFO:trainer_layer_forward:124.05729293823242
INFO:trainer_layer_forward:123.90995025634766
INFO:trainer_layer_forward:125.58960914611816
INFO:trainer_layer_forward:120.30577659606934
INFO:trainer_layer_forward:121.33574485778809
INFO:trainer_layer_forward:123.0466365814209
INFO:trainer_layer_forward:121.7041015625
INFO:trainer_layer_forward:124.52077865600586
INFO:trainer_layer_forward:121.55771255493164
INFO:trainer_layer_forward:127.34413146972656
INFO:trainer_layer_forward:121.19221687316895
INFO:trainer_layer_forward:122.15542793273926
INFO:trainer_layer_forward:124.22704696655273
INFO:trainer_layer_forward:121.48141860961914
INFO:trainer_layer_forward:121.09589576721191
INFO:trainer_layer_forward:122.2538948059082
INFO:trainer_layer_forward:121.16622924804688
INFO:trainer_layer_forward:120.30291557312012
INFO:trainer_layer_forward:121.65045738220215
INFO:trainer_layer_forward:120.98121643066406
INFO:trainer_layer_forward:120.23305892944336
INFO:trainer_layer_forward:121.52791023254395
INFO:trainer_layer_forward:123.98982048034668
INFO:trainer_layer_forward:122.31850624084473
INFO:trainer_layer_forward:121.0336685180664
INFO:trainer_layer_forward:123.74567985534668
INFO:trainer_layer_forward:122.02930450439453
INFO:trainer_layer_forward:121.5963363647461
INFO:trainer_layer_forward:121.93894386291504
INFO:trainer_layer_forward:123.05474281311035
INFO:trainer_layer_forward:121.04320526123047
INFO:trainer_layer_forward:126.75333023071289
INFO:trainer_layer_forward:121.63758277893066
INFO:trainer_layer_forward:122.09177017211914
INFO:trainer_layer_forward:121.28734588623047
INFO:trainer_layer_forward:121.88315391540527
INFO:trainer_layer_forward:123.96478652954102
INFO:trainer_layer_forward:121.15907669067383
INFO:trainer_layer_forward:121.91629409790039
INFO:trainer_layer_forward:121.90079689025879
INFO:trainer_layer_forward:121.74034118652344
INFO:trainer_layer_forward:123.31867218017578
INFO:trainer_layer_forward:121.54984474182129
INFO:trainer_layer_forward:123.12197685241699
INFO:trainer_layer_forward:122.94411659240723
INFO:trainer_layer_forward:121.24300003051758
INFO:trainer_layer_forward:126.03926658630371
INFO:trainer_layer_forward:121.23823165893555
INFO:trainer_layer_forward:120.41115760803223
INFO:trainer_layer_forward:124.07088279724121
INFO:trainer_layer_forward:123.17395210266113
INFO:trainer_layer_forward:125.91767311096191
INFO:trainer_layer_forward:121.3984489440918
INFO:trainer_layer_forward:122.26748466491699
INFO:trainer_layer_forward:122.77007102966309
INFO:trainer_layer_forward:123.69990348815918
INFO:trainer_layer_forward:123.30937385559082
INFO:trainer_layer_forward:120.92256546020508
INFO:trainer_layer_forward:122.07698822021484
INFO:trainer_layer_forward:121.36697769165039
INFO:trainer_layer_forward:123.37255477905273
INFO:trainer_layer_forward:122.97391891479492
INFO:trainer_layer_forward:124.4499683380127
INFO:trainer_layer_forward:122.88999557495117
INFO:trainer_layer_forward:124.14026260375977
INFO:trainer_layer_forward:122.00188636779785
INFO:trainer_layer_forward:124.78399276733398
INFO:trainer_layer_forward:125.36764144897461
INFO:trainer_layer_forward:120.83172798156738
INFO:trainer_layer_forward:123.49081039428711
INFO:trainer_layer_forward:123.44789505004883
INFO:trainer_layer_forward:128.13901901245117
INFO:trainer_layer_forward:123.55208396911621
INFO:trainer_layer_forward:120.46122550964355
INFO:trainer_layer_forward:124.95827674865723
INFO:trainer_layer_forward:123.40593338012695
INFO:trainer_layer_forward:129.25195693969727
INFO:trainer_layer_forward:120.55468559265137
INFO:trainer_layer_forward:127.55084037780762
INFO:trainer_layer_forward:121.64449691772461
INFO:trainer_layer_forward:122.14255332946777
INFO:trainer_layer_forward:122.64251708984375
INFO:trainer_layer_forward:126.35445594787598
INFO:trainer_layer_forward:121.47784233093262
INFO:trainer_layer_forward:125.58937072753906
INFO:trainer_layer_forward:122.52616882324219
INFO:trainer_layer_forward:124.542236328125
INFO:trainer_layer_forward:119.83966827392578
INFO:trainer_layer_forward:123.7342357635498
INFO:trainer_layer_forward:119.91643905639648
INFO:trainer_layer_forward:119.6138858795166
INFO:trainer_layer_forward:128.4463405609131
INFO:trainer_layer_forward:121.1552619934082
INFO:trainer_layer_forward:123.33917617797852
INFO:trainer_layer_forward:119.01330947875977
INFO:trainer_layer_forward:125.15068054199219
INFO:trainer_layer_forward:121.11496925354004
INFO:trainer_layer_forward:123.5044002532959
INFO:trainer_layer_forward:122.54619598388672
INFO:trainer_layer_forward:125.14066696166992
INFO:trainer_layer_forward:124.77612495422363
INFO:trainer_layer_forward:122.79129028320312
INFO:trainer_layer_forward:121.79446220397949
INFO:trainer_layer_forward:123.51465225219727
INFO:trainer_layer_forward:121.56057357788086
INFO:trainer_layer_forward:128.6768913269043
INFO:trainer_layer_forward:125.91791152954102
INFO:trainer_layer_forward:125.9005069732666
INFO:trainer_layer_forward:123.33059310913086
INFO:trainer_layer_forward:121.80876731872559
INFO:trainer_layer_forward:123.85773658752441
INFO:trainer_layer_forward:125.7784366607666
INFO:trainer_layer_forward:127.22635269165039
INFO:trainer_layer_forward:127.10976600646973
INFO:trainer_layer_forward:128.18646430969238
INFO:trainer_layer_forward:124.40657615661621
INFO:trainer_layer_forward:120.43142318725586
INFO:trainer_layer_forward:130.05471229553223
INFO:trainer_layer_forward:125.45394897460938
INFO:trainer_layer_forward:125.84805488586426
INFO:trainer_layer_forward:121.98185920715332
INFO:trainer_layer_forward:128.12328338623047
INFO:trainer_layer_forward:125.05435943603516
INFO:trainer_layer_forward:121.18887901306152
INFO:trainer_layer_forward:124.87101554870605
INFO:trainer_layer_forward:120.48864364624023
INFO:trainer_layer_forward:123.38638305664062
INFO:trainer_layer_forward:122.100830078125
INFO:trainer_layer_forward:121.2606430053711
INFO:trainer_layer_forward:121.29640579223633
INFO:trainer_layer_forward:120.9871768951416
INFO:trainer_layer_forward:122.73764610290527
INFO:trainer_layer_forward:121.59848213195801
INFO:trainer_layer_forward:122.75028228759766
INFO:trainer_layer_forward:122.5442886352539
INFO:trainer_layer_forward:123.10218811035156
INFO:trainer_layer_forward:121.11735343933105
INFO:trainer_layer_forward:119.96698379516602
INFO:trainer_layer_forward:121.54006958007812
INFO:trainer_layer_forward:124.1755485534668
INFO:trainer_layer_forward:123.36301803588867
INFO:trainer_layer_forward:121.90008163452148
INFO:trainer_layer_forward:124.32050704956055
INFO:trainer_layer_forward:123.6870288848877
INFO:trainer_layer_forward:121.80113792419434
INFO:trainer_layer_forward:121.99282646179199
INFO:trainer_layer_forward:120.90158462524414
INFO:trainer_layer_forward:125.23269653320312
INFO:trainer_layer_forward:127.46906280517578
INFO:trainer_layer_forward:120.91922760009766
INFO:trainer_layer_forward:122.12014198303223
INFO:trainer_layer_forward:123.76952171325684
INFO:trainer_layer_forward:121.32000923156738
INFO:trainer_layer_forward:124.09377098083496
INFO:trainer_layer_forward:122.04480171203613
INFO:trainer_layer_forward:123.75354766845703
INFO:trainer_layer_forward:120.73516845703125
INFO:trainer_layer_forward:123.62122535705566
INFO:trainer_layer_forward:121.74296379089355
INFO:trainer_layer_forward:123.05474281311035
INFO:trainer_layer_forward:122.30587005615234
INFO:trainer_layer_forward:123.8563060760498
INFO:trainer_layer_forward:121.69265747070312
INFO:trainer_layer_forward:125.52237510681152
INFO:trainer_layer_forward:122.40910530090332
INFO:trainer_layer_forward:123.00467491149902
INFO:trainer_layer_forward:123.44980239868164
INFO:trainer_layer_forward:126.26028060913086
INFO:trainer_layer_forward:121.88529968261719
INFO:trainer_layer_forward:121.66476249694824
INFO:trainer_layer_forward:122.29013442993164
INFO:trainer_layer_forward:123.0764389038086
INFO:trainer_layer_forward:125.58817863464355
INFO:trainer_layer_forward:121.48666381835938
INFO:trainer_layer_forward:122.18856811523438
INFO:trainer_layer_forward:121.80852890014648
INFO:trainer_layer_forward:121.65117263793945
INFO:trainer_layer_forward:126.65605545043945
INFO:trainer_layer_forward:121.81496620178223
INFO:trainer_layer_forward:125.02741813659668
INFO:trainer_layer_forward:121.97089195251465
INFO:trainer_layer_forward:122.48682975769043
INFO:trainer_layer_forward:123.1846809387207
INFO:trainer_layer_forward:126.00040435791016
INFO:trainer_layer_forward:121.58608436584473
INFO:trainer_layer_forward:121.34003639221191
INFO:trainer_layer_forward:121.71316146850586
INFO:trainer_layer_forward:122.54023551940918
INFO:trainer_layer_forward:122.73263931274414
INFO:trainer_layer_forward:124.06778335571289
INFO:trainer_layer_forward:122.97868728637695
INFO:trainer_layer_forward:121.79684638977051
INFO:trainer_layer_forward:125.4892349243164
INFO:trainer_layer_forward:123.40497970581055
INFO:trainer_layer_forward:122.07579612731934
INFO:trainer_layer_forward:123.88277053833008
INFO:trainer_layer_forward:123.86870384216309
INFO:trainer_layer_forward:124.0684986114502
INFO:trainer_layer_forward:122.24483489990234
INFO:trainer_layer_forward:123.45099449157715
INFO:trainer_layer_forward:121.95777893066406
INFO:trainer_layer_forward:124.8176097869873
INFO:trainer_layer_forward:121.50454521179199
INFO:trainer_layer_forward:121.0031509399414
INFO:trainer_layer_forward:123.40521812438965
INFO:trainer_layer_forward:122.57099151611328
INFO:trainer_layer_forward:124.54676628112793
INFO:trainer_layer_forward:122.43962287902832
INFO:trainer_layer_forward:121.02818489074707
INFO:trainer_layer_forward:121.56152725219727
INFO:trainer_layer_forward:122.28178977966309
INFO:trainer_layer_forward:122.81465530395508
INFO:trainer_layer_forward:122.20478057861328
INFO:trainer_layer_forward:125.12779235839844
INFO:trainer_layer_forward:122.61343002319336
INFO:trainer_layer_forward:124.21751022338867
INFO:trainer_layer_forward:121.62923812866211
INFO:trainer_layer_forward:121.7641830444336
INFO:trainer_layer_forward:122.91669845581055
INFO:trainer_layer_forward:126.66463851928711
INFO:trainer_layer_forward:122.57504463195801
INFO:trainer_layer_forward:122.88308143615723
INFO:trainer_layer_forward:121.4759349822998
INFO:trainer_layer_forward:124.02176856994629
INFO:trainer_layer_forward:123.7788200378418
INFO:trainer_layer_forward:126.31058692932129
INFO:trainer_layer_forward:122.47133255004883
INFO:trainer_layer_forward:122.74360656738281
INFO:trainer_layer_forward:122.8635311126709
INFO:trainer_layer_forward:124.84455108642578
INFO:trainer_layer_forward:123.62790107727051
INFO:trainer_layer_forward:122.77936935424805
INFO:trainer_layer_forward:121.86741828918457
INFO:trainer_layer_forward:123.88944625854492
INFO:trainer_layer_forward:124.00984764099121
INFO:trainer_layer_forward:126.81865692138672
INFO:trainer_layer_forward:122.40958213806152
INFO:trainer_layer_forward:122.30110168457031
INFO:trainer_layer_forward:123.17204475402832
INFO:trainer_layer_forward:123.79217147827148
INFO:trainer_layer_forward:125.69046020507812
INFO:trainer_layer_forward:121.75631523132324
INFO:trainer_layer_forward:123.02994728088379
INFO:trainer_layer_forward:124.35007095336914
INFO:trainer_layer_forward:123.23451042175293
INFO:trainer_layer_forward:123.10433387756348
INFO:trainer_layer_forward:121.98066711425781
INFO:trainer_layer_forward:124.08781051635742
INFO:trainer_layer_forward:123.64912033081055
INFO:trainer_layer_forward:124.97377395629883
INFO:trainer_layer_forward:122.05362319946289
INFO:trainer_layer_forward:123.84390830993652
INFO:trainer_layer_forward:123.5649585723877
INFO:trainer_layer_forward:122.34783172607422
INFO:trainer_layer_forward:126.22594833374023
INFO:trainer_layer_forward:125.71954727172852
INFO:trainer_layer_forward:122.90024757385254
INFO:trainer_layer_forward:123.02517890930176
INFO:trainer_layer_forward:123.01158905029297
INFO:trainer_layer_forward:126.62720680236816
INFO:trainer_layer_forward:121.79017066955566
INFO:trainer_layer_forward:123.30508232116699
INFO:trainer_layer_forward:121.59323692321777
INFO:trainer_layer_forward:123.99077415466309
INFO:trainer_layer_forward:125.61440467834473
INFO:trainer_layer_forward:122.28274345397949
INFO:trainer_layer_forward:122.04599380493164
INFO:trainer_layer_forward:124.18127059936523
INFO:trainer_layer_forward:124.36151504516602
INFO:trainer_layer_forward:124.20034408569336
INFO:trainer_layer_forward:121.05202674865723
INFO:trainer_layer_forward:124.36342239379883
INFO:trainer_layer_forward:123.3515739440918
INFO:trainer_layer_forward:123.77381324768066
INFO:trainer_layer_forward:121.59419059753418
INFO:trainer_layer_forward:125.66161155700684
INFO:trainer_layer_forward:122.15805053710938
INFO:trainer_layer_forward:122.11227416992188
INFO:trainer_layer_forward:126.69014930725098
INFO:trainer_layer_forward:124.29189682006836
INFO:trainer_layer_forward:122.12896347045898
INFO:trainer_layer_forward:121.11353874206543
INFO:trainer_layer_forward:124.75085258483887
INFO:trainer_layer_forward:125.97227096557617
INFO:trainer_layer_forward:123.66127967834473
INFO:trainer_layer_forward:123.23880195617676
INFO:trainer_layer_forward:121.66714668273926
INFO:trainer_layer_forward:124.07135963439941
INFO:trainer_layer_forward:125.92363357543945
INFO:trainer_layer_forward:121.51646614074707
INFO:trainer_layer_forward:122.56360054016113
INFO:trainer_layer_forward:126.22642517089844
INFO:trainer_layer_forward:123.12150001525879
INFO:trainer_layer_forward:123.35515022277832
INFO:trainer_layer_forward:122.7426528930664
INFO:trainer_layer_forward:123.92377853393555
INFO:trainer_layer_forward:122.039794921875
INFO:trainer_layer_forward:123.91471862792969
INFO:trainer_layer_forward:123.98791313171387
INFO:trainer_layer_forward:124.14741516113281
INFO:trainer_layer_forward:121.86288833618164
INFO:trainer_layer_forward:123.7955093383789
INFO:trainer_layer_forward:123.77619743347168
INFO:trainer_layer_forward:125.81229209899902
INFO:trainer_layer_forward:121.48261070251465
INFO:trainer_layer_forward:122.27463722229004
INFO:trainer_layer_forward:122.83468246459961
INFO:trainer_layer_forward:126.88946723937988
INFO:trainer_layer_forward:123.27313423156738
INFO:trainer_layer_forward:124.22609329223633
INFO:trainer_layer_forward:122.16687202453613
INFO:trainer_layer_forward:124.21369552612305
INFO:trainer_layer_forward:125.65231323242188
INFO:trainer_layer_forward:125.31518936157227
INFO:trainer_layer_forward:122.2391128540039
INFO:trainer_layer_forward:123.74544143676758
INFO:trainer_layer_forward:122.69306182861328
INFO:trainer_layer_forward:124.04155731201172
INFO:trainer_layer_forward:122.5740909576416
INFO:trainer_layer_forward:123.95143508911133
INFO:trainer_layer_forward:121.93942070007324
INFO:trainer_layer_forward:123.98910522460938
INFO:trainer_layer_forward:122.6339340209961
INFO:trainer_layer_forward:124.99260902404785
INFO:trainer_layer_forward:123.17442893981934
INFO:trainer_layer_forward:121.03486061096191
