INFO:trainer_layer_forward:CNNEx | mnist
INFO:trainer_layer_forward:in_size : 256 | epochs : 1 | batch : 1
INFO:trainer_layer_forward:kernel_l1 : 129 | kernel_l2 : 65 | kernel_l3 : 33 
INFO:trainer_layer_forward:o_channels_l1 : 5 | o_channels_l2 : 5 | o_channels_l3 : 5 
INFO:trainer_layer_forward::::::::::::::::::::::::::::::::::::::::::::::::::::::::::::
INFO:trainer_layer_forward:message : cnn_all_layer 
INFO:trainer_layer_forward::::::::::::::::::::::::::::::::::::::::::::::::::::::::::::
INFO:trainer_layer_forward:Ave_Time : 6.888957899443957
INFO:trainer_layer_forward::::::::::::::::::::::::::::::::::::::::::::::::::::::::::::
INFO:trainer_layer_forward:9.759902954101562
INFO:trainer_layer_forward:10.268211364746094
INFO:trainer_layer_forward:10.187864303588867
INFO:trainer_layer_forward:8.654356002807617
INFO:trainer_layer_forward:10.405540466308594
INFO:trainer_layer_forward:10.380268096923828
INFO:trainer_layer_forward:9.298563003540039
INFO:trainer_layer_forward:10.525226593017578
INFO:trainer_layer_forward:11.386871337890625
INFO:trainer_layer_forward:7.399082183837891
INFO:trainer_layer_forward:7.225275039672852
INFO:trainer_layer_forward:6.277561187744141
INFO:trainer_layer_forward:7.421731948852539
INFO:trainer_layer_forward:6.363630294799805
INFO:trainer_layer_forward:7.355690002441406
INFO:trainer_layer_forward:6.846427917480469
INFO:trainer_layer_forward:6.689786911010742
INFO:trainer_layer_forward:6.523609161376953
INFO:trainer_layer_forward:6.283998489379883
INFO:trainer_layer_forward:6.759166717529297
INFO:trainer_layer_forward:6.300449371337891
INFO:trainer_layer_forward:6.314754486083984
INFO:trainer_layer_forward:7.42030143737793
INFO:trainer_layer_forward:6.382942199707031
INFO:trainer_layer_forward:7.41124153137207
INFO:trainer_layer_forward:6.304740905761719
INFO:trainer_layer_forward:7.327556610107422
INFO:trainer_layer_forward:6.2713623046875
INFO:trainer_layer_forward:7.296562194824219
INFO:trainer_layer_forward:6.243228912353516
INFO:trainer_layer_forward:7.107257843017578
INFO:trainer_layer_forward:6.28352165222168
INFO:trainer_layer_forward:7.25865364074707
INFO:trainer_layer_forward:6.287097930908203
INFO:trainer_layer_forward:7.336616516113281
INFO:trainer_layer_forward:6.289243698120117
INFO:trainer_layer_forward:6.969213485717773
INFO:trainer_layer_forward:6.258249282836914
INFO:trainer_layer_forward:7.181406021118164
INFO:trainer_layer_forward:6.336212158203125
INFO:trainer_layer_forward:13.831377029418945
INFO:trainer_layer_forward:7.383823394775391
INFO:trainer_layer_forward:6.276607513427734
INFO:trainer_layer_forward:7.148265838623047
INFO:trainer_layer_forward:6.837368011474609
INFO:trainer_layer_forward:6.315946578979492
INFO:trainer_layer_forward:6.316184997558594
INFO:trainer_layer_forward:7.245540618896484
INFO:trainer_layer_forward:6.363868713378906
INFO:trainer_layer_forward:7.494688034057617
INFO:trainer_layer_forward:6.297588348388672
INFO:trainer_layer_forward:7.113456726074219
INFO:trainer_layer_forward:6.314992904663086
INFO:trainer_layer_forward:7.502079010009766
INFO:trainer_layer_forward:6.251811981201172
INFO:trainer_layer_forward:7.439374923706055
INFO:trainer_layer_forward:6.242036819458008
INFO:trainer_layer_forward:7.299900054931641
INFO:trainer_layer_forward:6.239652633666992
INFO:trainer_layer_forward:7.358312606811523
INFO:trainer_layer_forward:6.259918212890625
INFO:trainer_layer_forward:7.547616958618164
INFO:trainer_layer_forward:6.263494491577148
INFO:trainer_layer_forward:7.503271102905273
INFO:trainer_layer_forward:6.309747695922852
INFO:trainer_layer_forward:10.360956192016602
INFO:trainer_layer_forward:7.079601287841797
INFO:trainer_layer_forward:6.461620330810547
INFO:trainer_layer_forward:7.523059844970703
INFO:trainer_layer_forward:6.347894668579102
INFO:trainer_layer_forward:7.4520111083984375
INFO:trainer_layer_forward:6.360769271850586
INFO:trainer_layer_forward:7.598638534545898
INFO:trainer_layer_forward:6.360769271850586
INFO:trainer_layer_forward:7.451772689819336
INFO:trainer_layer_forward:6.322622299194336
INFO:trainer_layer_forward:7.523536682128906
INFO:trainer_layer_forward:6.396055221557617
INFO:trainer_layer_forward:7.343530654907227
INFO:trainer_layer_forward:6.30640983581543
INFO:trainer_layer_forward:7.428884506225586
INFO:trainer_layer_forward:6.289482116699219
INFO:trainer_layer_forward:7.427453994750977
INFO:trainer_layer_forward:6.381750106811523
INFO:trainer_layer_forward:7.192373275756836
INFO:trainer_layer_forward:6.277799606323242
INFO:trainer_layer_forward:7.203578948974609
INFO:trainer_layer_forward:6.2694549560546875
INFO:trainer_layer_forward:7.377386093139648
INFO:trainer_layer_forward:6.280660629272461
INFO:trainer_layer_forward:7.319450378417969
INFO:trainer_layer_forward:6.258726119995117
INFO:trainer_layer_forward:7.533550262451172
INFO:trainer_layer_forward:6.3076019287109375
INFO:trainer_layer_forward:7.516145706176758
INFO:trainer_layer_forward:6.297111511230469
INFO:trainer_layer_forward:7.385969161987305
INFO:trainer_layer_forward:6.3457489013671875
INFO:trainer_layer_forward:7.389307022094727
INFO:trainer_layer_forward:6.30950927734375
INFO:trainer_layer_forward:7.168769836425781
INFO:trainer_layer_forward:6.334543228149414
INFO:trainer_layer_forward:7.308244705200195
INFO:trainer_layer_forward:6.33549690246582
INFO:trainer_layer_forward:7.331609725952148
INFO:trainer_layer_forward:6.333827972412109
INFO:trainer_layer_forward:6.442070007324219
INFO:trainer_layer_forward:6.319761276245117
INFO:trainer_layer_forward:7.20977783203125
INFO:trainer_layer_forward:6.815910339355469
INFO:trainer_layer_forward:6.965160369873047
INFO:trainer_layer_forward:6.801128387451172
INFO:trainer_layer_forward:6.438255310058594
INFO:trainer_layer_forward:6.82377815246582
INFO:trainer_layer_forward:6.991863250732422
INFO:trainer_layer_forward:6.933450698852539
INFO:trainer_layer_forward:6.392478942871094
INFO:trainer_layer_forward:6.721258163452148
INFO:trainer_layer_forward:6.438255310058594
INFO:trainer_layer_forward:6.8149566650390625
INFO:trainer_layer_forward:7.12895393371582
INFO:trainer_layer_forward:6.793737411499023
INFO:trainer_layer_forward:6.754875183105469
INFO:trainer_layer_forward:6.828784942626953
INFO:trainer_layer_forward:6.389617919921875
INFO:trainer_layer_forward:6.7119598388671875
INFO:trainer_layer_forward:6.520986557006836
INFO:trainer_layer_forward:6.630182266235352
INFO:trainer_layer_forward:6.753444671630859
INFO:trainer_layer_forward:6.84809684753418
INFO:trainer_layer_forward:6.829977035522461
INFO:trainer_layer_forward:6.787300109863281
INFO:trainer_layer_forward:6.560325622558594
INFO:trainer_layer_forward:6.760120391845703
INFO:trainer_layer_forward:6.693363189697266
INFO:trainer_layer_forward:6.767511367797852
INFO:trainer_layer_forward:6.349325180053711
INFO:trainer_layer_forward:6.781339645385742
INFO:trainer_layer_forward:6.618022918701172
INFO:trainer_layer_forward:7.173776626586914
INFO:trainer_layer_forward:6.906986236572266
INFO:trainer_layer_forward:6.772518157958984
INFO:trainer_layer_forward:6.788969039916992
INFO:trainer_layer_forward:6.7920684814453125
INFO:trainer_layer_forward:6.760597229003906
INFO:trainer_layer_forward:6.808996200561523
INFO:trainer_layer_forward:6.697416305541992
INFO:trainer_layer_forward:6.748676300048828
INFO:trainer_layer_forward:6.71076774597168
INFO:trainer_layer_forward:6.833076477050781
INFO:trainer_layer_forward:7.012844085693359
INFO:trainer_layer_forward:6.2618255615234375
INFO:trainer_layer_forward:6.728172302246094
INFO:trainer_layer_forward:6.283760070800781
INFO:trainer_layer_forward:7.422447204589844
INFO:trainer_layer_forward:6.292104721069336
INFO:trainer_layer_forward:7.266998291015625
INFO:trainer_layer_forward:6.286144256591797
INFO:trainer_layer_forward:7.097959518432617
INFO:trainer_layer_forward:6.264448165893555
INFO:trainer_layer_forward:7.399559020996094
INFO:trainer_layer_forward:6.296396255493164
INFO:trainer_layer_forward:7.0953369140625
INFO:trainer_layer_forward:6.3381195068359375
INFO:trainer_layer_forward:7.253885269165039
INFO:trainer_layer_forward:6.2923431396484375
INFO:trainer_layer_forward:7.540225982666016
INFO:trainer_layer_forward:6.298303604125977
INFO:trainer_layer_forward:7.111787796020508
INFO:trainer_layer_forward:7.132291793823242
INFO:trainer_layer_forward:7.092952728271484
INFO:trainer_layer_forward:6.462574005126953
INFO:trainer_layer_forward:6.6280364990234375
INFO:trainer_layer_forward:6.3304901123046875
INFO:trainer_layer_forward:7.484912872314453
INFO:trainer_layer_forward:6.304025650024414
INFO:trainer_layer_forward:7.384061813354492
INFO:trainer_layer_forward:6.257772445678711
INFO:trainer_layer_forward:7.405519485473633
INFO:trainer_layer_forward:6.27589225769043
INFO:trainer_layer_forward:7.490396499633789
INFO:trainer_layer_forward:6.316184997558594
INFO:trainer_layer_forward:7.530450820922852
INFO:trainer_layer_forward:6.922483444213867
INFO:trainer_layer_forward:6.351232528686523
INFO:trainer_layer_forward:7.092952728271484
INFO:trainer_layer_forward:6.331920623779297
INFO:trainer_layer_forward:7.440805435180664
INFO:trainer_layer_forward:6.844282150268555
INFO:trainer_layer_forward:7.479429244995117
INFO:trainer_layer_forward:6.414890289306641
INFO:trainer_layer_forward:6.891727447509766
INFO:trainer_layer_forward:6.359338760375977
INFO:trainer_layer_forward:7.241249084472656
INFO:trainer_layer_forward:6.352901458740234
INFO:trainer_layer_forward:7.399559020996094
INFO:trainer_layer_forward:6.30640983581543
INFO:trainer_layer_forward:7.472515106201172
INFO:trainer_layer_forward:6.29425048828125
INFO:trainer_layer_forward:7.343053817749023
INFO:trainer_layer_forward:6.290197372436523
INFO:trainer_layer_forward:7.408380508422852
INFO:trainer_layer_forward:6.268739700317383
INFO:trainer_layer_forward:7.532596588134766
INFO:trainer_layer_forward:6.264209747314453
INFO:trainer_layer_forward:7.308006286621094
INFO:trainer_layer_forward:6.253242492675781
INFO:trainer_layer_forward:7.428884506225586
INFO:trainer_layer_forward:6.269931793212891
INFO:trainer_layer_forward:7.696866989135742
INFO:trainer_layer_forward:6.293773651123047
INFO:trainer_layer_forward:7.535457611083984
INFO:trainer_layer_forward:6.272554397583008
INFO:trainer_layer_forward:7.436513900756836
INFO:trainer_layer_forward:6.289958953857422
INFO:trainer_layer_forward:7.0705413818359375
INFO:trainer_layer_forward:6.83903694152832
INFO:trainer_layer_forward:7.1563720703125
INFO:trainer_layer_forward:6.845951080322266
INFO:trainer_layer_forward:7.531166076660156
INFO:trainer_layer_forward:6.255626678466797
INFO:trainer_layer_forward:7.198333740234375
INFO:trainer_layer_forward:6.256580352783203
INFO:trainer_layer_forward:6.977558135986328
INFO:trainer_layer_forward:6.522893905639648
INFO:trainer_layer_forward:6.682872772216797
INFO:trainer_layer_forward:6.414175033569336
INFO:trainer_layer_forward:6.871700286865234
INFO:trainer_layer_forward:6.623506546020508
INFO:trainer_layer_forward:6.80851936340332
INFO:trainer_layer_forward:6.790876388549805
INFO:trainer_layer_forward:6.805896759033203
INFO:trainer_layer_forward:7.205009460449219
INFO:trainer_layer_forward:6.774663925170898
INFO:trainer_layer_forward:7.2917938232421875
INFO:trainer_layer_forward:6.767749786376953
INFO:trainer_layer_forward:6.529808044433594
INFO:trainer_layer_forward:6.280660629272461
INFO:trainer_layer_forward:6.751298904418945
INFO:trainer_layer_forward:6.321430206298828
INFO:trainer_layer_forward:7.400035858154297
INFO:trainer_layer_forward:6.295919418334961
INFO:trainer_layer_forward:7.405757904052734
INFO:trainer_layer_forward:6.335735321044922
INFO:trainer_layer_forward:7.439851760864258
INFO:trainer_layer_forward:6.282567977905273
INFO:trainer_layer_forward:7.539987564086914
INFO:trainer_layer_forward:6.31403923034668
INFO:trainer_layer_forward:7.466554641723633
INFO:trainer_layer_forward:6.344795227050781
INFO:trainer_layer_forward:7.407903671264648
INFO:trainer_layer_forward:6.379842758178711
INFO:trainer_layer_forward:6.451129913330078
INFO:trainer_layer_forward:6.913185119628906
INFO:trainer_layer_forward:6.361961364746094
INFO:trainer_layer_forward:6.8492889404296875
INFO:trainer_layer_forward:6.4220428466796875
INFO:trainer_layer_forward:7.699728012084961
INFO:trainer_layer_forward:6.335258483886719
INFO:trainer_layer_forward:7.380247116088867
INFO:trainer_layer_forward:6.29115104675293
INFO:trainer_layer_forward:7.400274276733398
INFO:trainer_layer_forward:6.30640983581543
INFO:trainer_layer_forward:7.388830184936523
INFO:trainer_layer_forward:6.355047225952148
INFO:trainer_layer_forward:7.252216339111328
INFO:trainer_layer_forward:6.299018859863281
INFO:trainer_layer_forward:7.537603378295898
INFO:trainer_layer_forward:6.26826286315918
INFO:trainer_layer_forward:7.132768630981445
INFO:trainer_layer_forward:6.356000900268555
INFO:trainer_layer_forward:7.487773895263672
INFO:trainer_layer_forward:6.298065185546875
INFO:trainer_layer_forward:7.188081741333008
INFO:trainer_layer_forward:6.325960159301758
INFO:trainer_layer_forward:7.456064224243164
INFO:trainer_layer_forward:6.282806396484375
INFO:trainer_layer_forward:7.203340530395508
INFO:trainer_layer_forward:6.293058395385742
INFO:trainer_layer_forward:7.418632507324219
INFO:trainer_layer_forward:6.331920623779297
INFO:trainer_layer_forward:7.206916809082031
INFO:trainer_layer_forward:6.331920623779297
INFO:trainer_layer_forward:7.520914077758789
INFO:trainer_layer_forward:6.34455680847168
INFO:trainer_layer_forward:7.517576217651367
INFO:trainer_layer_forward:6.219148635864258
INFO:trainer_layer_forward:7.532835006713867
INFO:trainer_layer_forward:6.312370300292969
INFO:trainer_layer_forward:7.4863433837890625
INFO:trainer_layer_forward:6.344318389892578
INFO:trainer_layer_forward:7.343530654907227
INFO:trainer_layer_forward:6.279230117797852
INFO:trainer_layer_forward:7.375955581665039
INFO:trainer_layer_forward:6.290674209594727
INFO:trainer_layer_forward:7.354974746704102
INFO:trainer_layer_forward:6.305694580078125
INFO:trainer_layer_forward:7.301092147827148
INFO:trainer_layer_forward:6.312131881713867
INFO:trainer_layer_forward:7.248401641845703
INFO:trainer_layer_forward:6.267070770263672
INFO:trainer_layer_forward:7.3795318603515625
INFO:trainer_layer_forward:6.258249282836914
INFO:trainer_layer_forward:7.292747497558594
INFO:trainer_layer_forward:6.274700164794922
INFO:trainer_layer_forward:7.357358932495117
INFO:trainer_layer_forward:6.285667419433594
INFO:trainer_layer_forward:7.38978385925293
INFO:trainer_layer_forward:6.281852722167969
INFO:trainer_layer_forward:7.411718368530273
INFO:trainer_layer_forward:6.254434585571289
INFO:trainer_layer_forward:7.413625717163086
INFO:trainer_layer_forward:6.253480911254883
INFO:trainer_layer_forward:7.412195205688477
INFO:trainer_layer_forward:6.256580352783203
INFO:trainer_layer_forward:7.3699951171875
INFO:trainer_layer_forward:6.319522857666016
INFO:trainer_layer_forward:6.367206573486328
INFO:trainer_layer_forward:7.156848907470703
INFO:trainer_layer_forward:6.342649459838867
INFO:trainer_layer_forward:7.060766220092773
INFO:trainer_layer_forward:6.341457366943359
INFO:trainer_layer_forward:7.32874870300293
INFO:trainer_layer_forward:6.281375885009766
INFO:trainer_layer_forward:7.391691207885742
INFO:trainer_layer_forward:6.2656402587890625
INFO:trainer_layer_forward:7.295131683349609
INFO:trainer_layer_forward:6.263256072998047
INFO:trainer_layer_forward:7.38525390625
INFO:trainer_layer_forward:6.257057189941406
INFO:trainer_layer_forward:7.284879684448242
INFO:trainer_layer_forward:6.258964538574219
INFO:trainer_layer_forward:7.431983947753906
INFO:trainer_layer_forward:6.257295608520508
INFO:trainer_layer_forward:7.337808609008789
INFO:trainer_layer_forward:6.29115104675293
INFO:trainer_layer_forward:7.357358932495117
INFO:trainer_layer_forward:6.260395050048828
INFO:trainer_layer_forward:7.341861724853516
INFO:trainer_layer_forward:6.26373291015625
INFO:trainer_layer_forward:7.472038269042969
INFO:trainer_layer_forward:6.263971328735352
INFO:trainer_layer_forward:7.495641708374023
INFO:trainer_layer_forward:6.257772445678711
INFO:trainer_layer_forward:7.391929626464844
INFO:trainer_layer_forward:6.294727325439453
INFO:trainer_layer_forward:7.499217987060547
INFO:trainer_layer_forward:6.266355514526367
INFO:trainer_layer_forward:7.380008697509766
INFO:trainer_layer_forward:6.273746490478516
INFO:trainer_layer_forward:7.294654846191406
INFO:trainer_layer_forward:6.368398666381836
INFO:trainer_layer_forward:7.141590118408203
INFO:trainer_layer_forward:6.718873977661133
INFO:trainer_layer_forward:7.07697868347168
INFO:trainer_layer_forward:6.223201751708984
INFO:trainer_layer_forward:6.822347640991211
INFO:trainer_layer_forward:6.268978118896484
INFO:trainer_layer_forward:7.667779922485352
INFO:trainer_layer_forward:6.290197372436523
INFO:trainer_layer_forward:7.821559906005859
INFO:trainer_layer_forward:6.26683235168457
INFO:trainer_layer_forward:7.513284683227539
INFO:trainer_layer_forward:6.273984909057617
INFO:trainer_layer_forward:7.521152496337891
INFO:trainer_layer_forward:6.321430206298828
INFO:trainer_layer_forward:7.505655288696289
INFO:trainer_layer_forward:6.262063980102539
INFO:trainer_layer_forward:7.549524307250977
INFO:trainer_layer_forward:6.300449371337891
INFO:trainer_layer_forward:7.433891296386719
INFO:trainer_layer_forward:6.30950927734375
INFO:trainer_layer_forward:7.382631301879883
INFO:trainer_layer_forward:6.294965744018555
INFO:trainer_layer_forward:7.442951202392578
INFO:trainer_layer_forward:6.2961578369140625
INFO:trainer_layer_forward:7.498025894165039
INFO:trainer_layer_forward:6.30640983581543
INFO:trainer_layer_forward:7.2650909423828125
INFO:trainer_layer_forward:6.257295608520508
INFO:trainer_layer_forward:7.398128509521484
INFO:trainer_layer_forward:6.423234939575195
INFO:trainer_layer_forward:6.364107131958008
INFO:trainer_layer_forward:6.346702575683594
INFO:trainer_layer_forward:7.109642028808594
INFO:trainer_layer_forward:6.717443466186523
INFO:trainer_layer_forward:6.285190582275391
INFO:trainer_layer_forward:6.309270858764648
INFO:trainer_layer_forward:7.154226303100586
INFO:trainer_layer_forward:6.948947906494141
INFO:trainer_layer_forward:7.08317756652832
INFO:trainer_layer_forward:6.729841232299805
INFO:trainer_layer_forward:6.298542022705078
INFO:trainer_layer_forward:6.254673004150391
INFO:trainer_layer_forward:7.678031921386719
INFO:trainer_layer_forward:6.28972053527832
INFO:trainer_layer_forward:7.575035095214844
INFO:trainer_layer_forward:6.26683235168457
INFO:trainer_layer_forward:7.702350616455078
INFO:trainer_layer_forward:6.290435791015625
INFO:trainer_layer_forward:7.300853729248047
INFO:trainer_layer_forward:6.289482116699219
INFO:trainer_layer_forward:7.472038269042969
INFO:trainer_layer_forward:6.279230117797852
INFO:trainer_layer_forward:7.554531097412109
INFO:trainer_layer_forward:6.300926208496094
INFO:trainer_layer_forward:7.176637649536133
INFO:trainer_layer_forward:6.272792816162109
INFO:trainer_layer_forward:7.494449615478516
INFO:trainer_layer_forward:6.322622299194336
INFO:trainer_layer_forward:7.208108901977539
INFO:trainer_layer_forward:6.313323974609375
INFO:trainer_layer_forward:7.490634918212891
INFO:trainer_layer_forward:6.305456161499023
INFO:trainer_layer_forward:7.241487503051758
INFO:trainer_layer_forward:6.302118301391602
INFO:trainer_layer_forward:7.452964782714844
INFO:trainer_layer_forward:6.323337554931641
INFO:trainer_layer_forward:7.4748992919921875
INFO:trainer_layer_forward:6.263494491577148
INFO:trainer_layer_forward:7.313966751098633
INFO:trainer_layer_forward:6.256341934204102
INFO:trainer_layer_forward:7.27534294128418
INFO:trainer_layer_forward:6.276607513427734
INFO:trainer_layer_forward:7.45391845703125
INFO:trainer_layer_forward:6.254673004150391
INFO:trainer_layer_forward:7.644891738891602
INFO:trainer_layer_forward:6.312847137451172
INFO:trainer_layer_forward:7.521629333496094
INFO:trainer_layer_forward:6.285667419433594
INFO:trainer_layer_forward:7.658243179321289
INFO:trainer_layer_forward:6.276130676269531
INFO:trainer_layer_forward:7.552146911621094
INFO:trainer_layer_forward:6.272077560424805
INFO:trainer_layer_forward:7.554292678833008
INFO:trainer_layer_forward:6.278038024902344
INFO:trainer_layer_forward:7.439374923706055
INFO:trainer_layer_forward:6.344318389892578
INFO:trainer_layer_forward:7.592439651489258
INFO:trainer_layer_forward:6.33549690246582
INFO:trainer_layer_forward:7.239103317260742
INFO:trainer_layer_forward:6.361246109008789
INFO:trainer_layer_forward:7.371187210083008
INFO:trainer_layer_forward:6.320953369140625
INFO:trainer_layer_forward:7.216453552246094
INFO:trainer_layer_forward:6.314992904663086
INFO:trainer_layer_forward:7.427692413330078
INFO:trainer_layer_forward:6.396293640136719
INFO:trainer_layer_forward:7.343053817749023
INFO:trainer_layer_forward:6.27589225769043
INFO:trainer_layer_forward:7.107973098754883
INFO:trainer_layer_forward:6.729602813720703
INFO:trainer_layer_forward:6.301403045654297
INFO:trainer_layer_forward:6.274223327636719
INFO:trainer_layer_forward:7.036447525024414
INFO:trainer_layer_forward:6.265878677368164
INFO:trainer_layer_forward:7.247686386108398
INFO:trainer_layer_forward:6.272554397583008
INFO:trainer_layer_forward:7.506370544433594
INFO:trainer_layer_forward:6.265401840209961
INFO:trainer_layer_forward:7.561206817626953
INFO:trainer_layer_forward:6.2732696533203125
INFO:trainer_layer_forward:7.011651992797852
INFO:trainer_layer_forward:6.41942024230957
INFO:trainer_layer_forward:6.7005157470703125
INFO:trainer_layer_forward:6.753444671630859
INFO:trainer_layer_forward:6.790637969970703
INFO:trainer_layer_forward:6.32476806640625
INFO:trainer_layer_forward:6.677389144897461
INFO:trainer_layer_forward:6.742954254150391
INFO:trainer_layer_forward:6.92439079284668
INFO:trainer_layer_forward:6.744384765625
INFO:trainer_layer_forward:6.804227828979492
INFO:trainer_layer_forward:6.773948669433594
INFO:trainer_layer_forward:6.882429122924805
INFO:trainer_layer_forward:6.292581558227539
INFO:trainer_layer_forward:6.822109222412109
INFO:trainer_layer_forward:6.786584854125977
INFO:trainer_layer_forward:6.790637969970703
INFO:trainer_layer_forward:6.360054016113281
INFO:trainer_layer_forward:6.294012069702148
INFO:trainer_layer_forward:6.880283355712891
INFO:trainer_layer_forward:6.29878044128418
INFO:trainer_layer_forward:7.320880889892578
INFO:trainer_layer_forward:6.217241287231445
INFO:trainer_layer_forward:7.300853729248047
INFO:trainer_layer_forward:6.273984909057617
INFO:trainer_layer_forward:7.37762451171875
INFO:trainer_layer_forward:6.330013275146484
INFO:trainer_layer_forward:7.346868515014648
