INFO:trainer_layer_forward:CNNEx | mnist
INFO:trainer_layer_forward:in_size : 128 | epochs : 1 | batch : 1
INFO:trainer_layer_forward:kernel_l1 : 65 | kernel_l2 : 33 | kernel_l3 : 17 
INFO:trainer_layer_forward:o_channels_l1 : 5 | o_channels_l2 : 5 | o_channels_l3 : 5 
INFO:trainer_layer_forward::::::::::::::::::::::::::::::::::::::::::::::::::::::::::::
INFO:trainer_layer_forward:message : cnn_all_layer 
INFO:trainer_layer_forward::::::::::::::::::::::::::::::::::::::::::::::::::::::::::::
INFO:trainer_layer_forward:Ave_Time : 0.9875969010956434
INFO:trainer_layer_forward::::::::::::::::::::::::::::::::::::::::::::::::::::::::::::
INFO:trainer_layer_forward:0.9965896606445312
INFO:trainer_layer_forward:1.0516643524169922
INFO:trainer_layer_forward:1.5337467193603516
INFO:trainer_layer_forward:0.9794235229492188
INFO:trainer_layer_forward:1.0895729064941406
INFO:trainer_layer_forward:0.9412765502929688
INFO:trainer_layer_forward:1.0607242584228516
INFO:trainer_layer_forward:1.0101795196533203
INFO:trainer_layer_forward:1.089334487915039
INFO:trainer_layer_forward:1.1854171752929688
INFO:trainer_layer_forward:1.3816356658935547
INFO:trainer_layer_forward:1.1780261993408203
INFO:trainer_layer_forward:1.0287761688232422
INFO:trainer_layer_forward:1.3360977172851562
INFO:trainer_layer_forward:1.3515949249267578
INFO:trainer_layer_forward:1.2938976287841797
INFO:trainer_layer_forward:1.1525154113769531
INFO:trainer_layer_forward:1.0313987731933594
INFO:trainer_layer_forward:1.051187515258789
INFO:trainer_layer_forward:1.0962486267089844
INFO:trainer_layer_forward:1.3802051544189453
INFO:trainer_layer_forward:1.1522769927978516
INFO:trainer_layer_forward:1.0578632354736328
INFO:trainer_layer_forward:1.2960433959960938
INFO:trainer_layer_forward:0.9450912475585938
INFO:trainer_layer_forward:0.965118408203125
INFO:trainer_layer_forward:0.9653568267822266
INFO:trainer_layer_forward:1.0852813720703125
INFO:trainer_layer_forward:1.1627674102783203
INFO:trainer_layer_forward:1.3117790222167969
INFO:trainer_layer_forward:1.338958740234375
INFO:trainer_layer_forward:1.1436939239501953
INFO:trainer_layer_forward:1.157999038696289
INFO:trainer_layer_forward:1.0991096496582031
INFO:trainer_layer_forward:1.0459423065185547
INFO:trainer_layer_forward:0.9984970092773438
INFO:trainer_layer_forward:1.0118484497070312
INFO:trainer_layer_forward:1.1892318725585938
INFO:trainer_layer_forward:0.9658336639404297
INFO:trainer_layer_forward:1.0991096496582031
INFO:trainer_layer_forward:0.9610652923583984
INFO:trainer_layer_forward:0.9779930114746094
INFO:trainer_layer_forward:0.9357929229736328
INFO:trainer_layer_forward:0.9357929229736328
INFO:trainer_layer_forward:0.9372234344482422
INFO:trainer_layer_forward:0.9441375732421875
INFO:trainer_layer_forward:0.9758472442626953
INFO:trainer_layer_forward:1.2359619140625
INFO:trainer_layer_forward:1.3968944549560547
INFO:trainer_layer_forward:1.0955333709716797
INFO:trainer_layer_forward:1.001596450805664
INFO:trainer_layer_forward:0.9546279907226562
INFO:trainer_layer_forward:0.9477138519287109
INFO:trainer_layer_forward:0.946044921875
INFO:trainer_layer_forward:0.9751319885253906
INFO:trainer_layer_forward:1.0807514190673828
INFO:trainer_layer_forward:1.1882781982421875
INFO:trainer_layer_forward:0.9894371032714844
INFO:trainer_layer_forward:1.0325908660888672
INFO:trainer_layer_forward:0.9520053863525391
INFO:trainer_layer_forward:1.0063648223876953
INFO:trainer_layer_forward:0.9496212005615234
INFO:trainer_layer_forward:1.0018348693847656
INFO:trainer_layer_forward:0.9875297546386719
INFO:trainer_layer_forward:1.1692047119140625
INFO:trainer_layer_forward:1.237630844116211
INFO:trainer_layer_forward:1.0938644409179688
INFO:trainer_layer_forward:1.1429786682128906
INFO:trainer_layer_forward:0.9486675262451172
INFO:trainer_layer_forward:1.0342597961425781
INFO:trainer_layer_forward:1.123666763305664
INFO:trainer_layer_forward:1.3973712921142578
INFO:trainer_layer_forward:0.9875297546386719
INFO:trainer_layer_forward:0.9827613830566406
INFO:trainer_layer_forward:1.0199546813964844
INFO:trainer_layer_forward:0.9315013885498047
INFO:trainer_layer_forward:0.9615421295166016
INFO:trainer_layer_forward:0.9827613830566406
INFO:trainer_layer_forward:1.0247230529785156
INFO:trainer_layer_forward:0.9963512420654297
INFO:trainer_layer_forward:0.9884834289550781
INFO:trainer_layer_forward:0.9245872497558594
INFO:trainer_layer_forward:0.9860992431640625
INFO:trainer_layer_forward:0.95367431640625
INFO:trainer_layer_forward:0.9496212005615234
INFO:trainer_layer_forward:1.033782958984375
INFO:trainer_layer_forward:1.1897087097167969
INFO:trainer_layer_forward:1.163482666015625
INFO:trainer_layer_forward:0.9436607360839844
INFO:trainer_layer_forward:0.9324550628662109
INFO:trainer_layer_forward:0.9300708770751953
INFO:trainer_layer_forward:0.9360313415527344
INFO:trainer_layer_forward:0.96893310546875
INFO:trainer_layer_forward:0.9832382202148438
INFO:trainer_layer_forward:1.0249614715576172
INFO:trainer_layer_forward:0.9715557098388672
INFO:trainer_layer_forward:0.9849071502685547
INFO:trainer_layer_forward:0.9770393371582031
INFO:trainer_layer_forward:0.9293556213378906
INFO:trainer_layer_forward:0.9288787841796875
INFO:trainer_layer_forward:0.9377002716064453
INFO:trainer_layer_forward:1.1205673217773438
INFO:trainer_layer_forward:0.9996891021728516
INFO:trainer_layer_forward:0.9808540344238281
INFO:trainer_layer_forward:1.007080078125
INFO:trainer_layer_forward:0.9667873382568359
INFO:trainer_layer_forward:1.1055469512939453
INFO:trainer_layer_forward:0.9636878967285156
INFO:trainer_layer_forward:1.0979175567626953
INFO:trainer_layer_forward:1.4739036560058594
INFO:trainer_layer_forward:1.0597705841064453
INFO:trainer_layer_forward:1.0035037994384766
INFO:trainer_layer_forward:0.9789466857910156
INFO:trainer_layer_forward:0.9870529174804688
INFO:trainer_layer_forward:1.0151863098144531
INFO:trainer_layer_forward:1.176595687866211
INFO:trainer_layer_forward:1.2409687042236328
INFO:trainer_layer_forward:1.0707378387451172
INFO:trainer_layer_forward:0.9944438934326172
INFO:trainer_layer_forward:1.0180473327636719
INFO:trainer_layer_forward:1.0039806365966797
INFO:trainer_layer_forward:1.0144710540771484
INFO:trainer_layer_forward:0.98419189453125
INFO:trainer_layer_forward:1.0628700256347656
INFO:trainer_layer_forward:1.2590885162353516
INFO:trainer_layer_forward:1.161336898803711
INFO:trainer_layer_forward:1.2569427490234375
INFO:trainer_layer_forward:1.3637542724609375
INFO:trainer_layer_forward:1.0731220245361328
INFO:trainer_layer_forward:1.1010169982910156
INFO:trainer_layer_forward:1.046895980834961
INFO:trainer_layer_forward:1.0449886322021484
INFO:trainer_layer_forward:1.0433197021484375
INFO:trainer_layer_forward:1.081705093383789
INFO:trainer_layer_forward:1.7807483673095703
INFO:trainer_layer_forward:1.5444755554199219
INFO:trainer_layer_forward:0.9377002716064453
INFO:trainer_layer_forward:0.9200572967529297
INFO:trainer_layer_forward:1.0035037994384766
INFO:trainer_layer_forward:1.0128021240234375
INFO:trainer_layer_forward:1.024484634399414
INFO:trainer_layer_forward:0.9255409240722656
INFO:trainer_layer_forward:1.0333061218261719
INFO:trainer_layer_forward:1.0039806365966797
INFO:trainer_layer_forward:0.9934902191162109
INFO:trainer_layer_forward:0.9782314300537109
INFO:trainer_layer_forward:1.001119613647461
INFO:trainer_layer_forward:1.2693405151367188
INFO:trainer_layer_forward:0.9226799011230469
INFO:trainer_layer_forward:0.8995532989501953
INFO:trainer_layer_forward:0.9043216705322266
INFO:trainer_layer_forward:0.9315013885498047
INFO:trainer_layer_forward:0.9467601776123047
INFO:trainer_layer_forward:1.2845993041992188
INFO:trainer_layer_forward:1.1987686157226562
INFO:trainer_layer_forward:0.9522438049316406
INFO:trainer_layer_forward:0.865936279296875
INFO:trainer_layer_forward:0.865936279296875
INFO:trainer_layer_forward:0.9045600891113281
INFO:trainer_layer_forward:0.8728504180908203
INFO:trainer_layer_forward:0.8783340454101562
INFO:trainer_layer_forward:0.8921623229980469
INFO:trainer_layer_forward:0.9927749633789062
INFO:trainer_layer_forward:1.0111331939697266
INFO:trainer_layer_forward:0.9009838104248047
INFO:trainer_layer_forward:0.9756088256835938
INFO:trainer_layer_forward:0.888824462890625
INFO:trainer_layer_forward:1.0254383087158203
INFO:trainer_layer_forward:1.4312267303466797
INFO:trainer_layer_forward:0.9760856628417969
INFO:trainer_layer_forward:0.9877681732177734
INFO:trainer_layer_forward:1.065969467163086
INFO:trainer_layer_forward:0.9403228759765625
INFO:trainer_layer_forward:0.9520053863525391
INFO:trainer_layer_forward:0.9198188781738281
INFO:trainer_layer_forward:1.356363296508789
INFO:trainer_layer_forward:0.9477138519287109
INFO:trainer_layer_forward:0.8883476257324219
INFO:trainer_layer_forward:0.8785724639892578
INFO:trainer_layer_forward:0.8566379547119141
INFO:trainer_layer_forward:1.0488033294677734
INFO:trainer_layer_forward:1.0683536529541016
INFO:trainer_layer_forward:0.9372234344482422
INFO:trainer_layer_forward:0.9307861328125
INFO:trainer_layer_forward:0.9241104125976562
INFO:trainer_layer_forward:1.1038780212402344
INFO:trainer_layer_forward:0.8831024169921875
INFO:trainer_layer_forward:0.9181499481201172
INFO:trainer_layer_forward:1.739501953125
INFO:trainer_layer_forward:1.0075569152832031
INFO:trainer_layer_forward:0.8935928344726562
INFO:trainer_layer_forward:0.9589195251464844
INFO:trainer_layer_forward:0.8704662322998047
INFO:trainer_layer_forward:1.142263412475586
INFO:trainer_layer_forward:0.988006591796875
INFO:trainer_layer_forward:1.0743141174316406
INFO:trainer_layer_forward:1.0418891906738281
INFO:trainer_layer_forward:0.8955001831054688
INFO:trainer_layer_forward:0.8573532104492188
INFO:trainer_layer_forward:1.1565685272216797
INFO:trainer_layer_forward:1.0814666748046875
INFO:trainer_layer_forward:1.2826919555664062
INFO:trainer_layer_forward:0.89263916015625
INFO:trainer_layer_forward:0.8728504180908203
INFO:trainer_layer_forward:0.8821487426757812
INFO:trainer_layer_forward:0.8623600006103516
INFO:trainer_layer_forward:0.8842945098876953
INFO:trainer_layer_forward:1.0313987731933594
INFO:trainer_layer_forward:0.8919239044189453
INFO:trainer_layer_forward:1.0418891906738281
INFO:trainer_layer_forward:0.9958744049072266
INFO:trainer_layer_forward:1.0325908660888672
INFO:trainer_layer_forward:1.0476112365722656
INFO:trainer_layer_forward:1.028299331665039
INFO:trainer_layer_forward:0.9112358093261719
INFO:trainer_layer_forward:0.9281635284423828
INFO:trainer_layer_forward:0.9279251098632812
INFO:trainer_layer_forward:0.8559226989746094
INFO:trainer_layer_forward:0.8738040924072266
INFO:trainer_layer_forward:0.9181499481201172
INFO:trainer_layer_forward:0.9691715240478516
INFO:trainer_layer_forward:0.8754730224609375
INFO:trainer_layer_forward:0.8959770202636719
INFO:trainer_layer_forward:0.865936279296875
INFO:trainer_layer_forward:0.881195068359375
INFO:trainer_layer_forward:0.8358955383300781
INFO:trainer_layer_forward:0.8482933044433594
INFO:trainer_layer_forward:1.115560531616211
INFO:trainer_layer_forward:1.3971328735351562
INFO:trainer_layer_forward:0.9503364562988281
INFO:trainer_layer_forward:1.0204315185546875
INFO:trainer_layer_forward:0.8525848388671875
INFO:trainer_layer_forward:0.9398460388183594
INFO:trainer_layer_forward:0.8516311645507812
INFO:trainer_layer_forward:0.8771419525146484
INFO:trainer_layer_forward:0.8509159088134766
INFO:trainer_layer_forward:1.008749008178711
INFO:trainer_layer_forward:0.8592605590820312
INFO:trainer_layer_forward:1.0869503021240234
INFO:trainer_layer_forward:0.9591579437255859
INFO:trainer_layer_forward:0.9703636169433594
INFO:trainer_layer_forward:0.8904933929443359
INFO:trainer_layer_forward:0.8347034454345703
INFO:trainer_layer_forward:0.8537769317626953
INFO:trainer_layer_forward:1.0848045349121094
INFO:trainer_layer_forward:1.2195110321044922
INFO:trainer_layer_forward:0.8974075317382812
INFO:trainer_layer_forward:0.8573532104492188
INFO:trainer_layer_forward:0.8418560028076172
INFO:trainer_layer_forward:0.8382797241210938
INFO:trainer_layer_forward:0.9701251983642578
INFO:trainer_layer_forward:0.9894371032714844
INFO:trainer_layer_forward:1.1336803436279297
INFO:trainer_layer_forward:1.1355876922607422
INFO:trainer_layer_forward:1.0635852813720703
INFO:trainer_layer_forward:0.8711814880371094
INFO:trainer_layer_forward:0.8363723754882812
INFO:trainer_layer_forward:0.8428096771240234
INFO:trainer_layer_forward:0.9047985076904297
INFO:trainer_layer_forward:1.0485649108886719
INFO:trainer_layer_forward:1.1217594146728516
INFO:trainer_layer_forward:0.8687973022460938
INFO:trainer_layer_forward:0.8563995361328125
INFO:trainer_layer_forward:0.8561611175537109
INFO:trainer_layer_forward:0.8394718170166016
INFO:trainer_layer_forward:0.8606910705566406
INFO:trainer_layer_forward:0.83160400390625
INFO:trainer_layer_forward:1.230478286743164
INFO:trainer_layer_forward:1.1343955993652344
INFO:trainer_layer_forward:0.9150505065917969
INFO:trainer_layer_forward:0.8995532989501953
INFO:trainer_layer_forward:0.8668899536132812
INFO:trainer_layer_forward:0.9675025939941406
INFO:trainer_layer_forward:1.3096332550048828
INFO:trainer_layer_forward:1.0273456573486328
INFO:trainer_layer_forward:0.8673667907714844
INFO:trainer_layer_forward:0.8475780487060547
INFO:trainer_layer_forward:0.8409023284912109
INFO:trainer_layer_forward:0.8275508880615234
INFO:trainer_layer_forward:0.89263916015625
INFO:trainer_layer_forward:1.1162757873535156
INFO:trainer_layer_forward:1.3871192932128906
INFO:trainer_layer_forward:0.9458065032958984
INFO:trainer_layer_forward:0.8597373962402344
INFO:trainer_layer_forward:0.9236335754394531
INFO:trainer_layer_forward:0.8606910705566406
INFO:trainer_layer_forward:0.9136199951171875
INFO:trainer_layer_forward:0.9014606475830078
INFO:trainer_layer_forward:1.3241767883300781
INFO:trainer_layer_forward:1.0073184967041016
INFO:trainer_layer_forward:1.0709762573242188
INFO:trainer_layer_forward:1.161813735961914
INFO:trainer_layer_forward:0.8797645568847656
INFO:trainer_layer_forward:0.9839534759521484
INFO:trainer_layer_forward:0.9427070617675781
INFO:trainer_layer_forward:1.0581016540527344
INFO:trainer_layer_forward:0.9639263153076172
INFO:trainer_layer_forward:1.0495185852050781
INFO:trainer_layer_forward:0.8819103240966797
INFO:trainer_layer_forward:0.9484291076660156
INFO:trainer_layer_forward:0.8764266967773438
INFO:trainer_layer_forward:1.2209415435791016
INFO:trainer_layer_forward:1.163482666015625
INFO:trainer_layer_forward:1.0135173797607422
INFO:trainer_layer_forward:0.9293556213378906
INFO:trainer_layer_forward:0.9660720825195312
INFO:trainer_layer_forward:0.8885860443115234
INFO:trainer_layer_forward:0.9546279907226562
INFO:trainer_layer_forward:0.8652210235595703
INFO:trainer_layer_forward:0.9844303131103516
INFO:trainer_layer_forward:0.9267330169677734
INFO:trainer_layer_forward:0.9772777557373047
INFO:trainer_layer_forward:0.9098052978515625
INFO:trainer_layer_forward:0.9849071502685547
INFO:trainer_layer_forward:0.8807182312011719
INFO:trainer_layer_forward:0.9412765502929688
INFO:trainer_layer_forward:0.9808540344238281
INFO:trainer_layer_forward:1.0526180267333984
INFO:trainer_layer_forward:0.9157657623291016
INFO:trainer_layer_forward:0.8881092071533203
INFO:trainer_layer_forward:0.8943080902099609
INFO:trainer_layer_forward:0.9133815765380859
INFO:trainer_layer_forward:0.946044921875
INFO:trainer_layer_forward:1.0864734649658203
INFO:trainer_layer_forward:1.0819435119628906
INFO:trainer_layer_forward:0.9183883666992188
INFO:trainer_layer_forward:0.8921623229980469
INFO:trainer_layer_forward:0.9586811065673828
INFO:trainer_layer_forward:0.9152889251708984
INFO:trainer_layer_forward:0.9582042694091797
INFO:trainer_layer_forward:1.1522769927978516
INFO:trainer_layer_forward:0.9150505065917969
INFO:trainer_layer_forward:0.9593963623046875
INFO:trainer_layer_forward:0.9808540344238281
INFO:trainer_layer_forward:1.0159015655517578
INFO:trainer_layer_forward:0.8568763732910156
INFO:trainer_layer_forward:0.8182525634765625
INFO:trainer_layer_forward:1.257181167602539
INFO:trainer_layer_forward:0.8513927459716797
INFO:trainer_layer_forward:0.9679794311523438
INFO:trainer_layer_forward:0.8375644683837891
INFO:trainer_layer_forward:0.9043216705322266
INFO:trainer_layer_forward:0.8318424224853516
INFO:trainer_layer_forward:0.8769035339355469
INFO:trainer_layer_forward:0.8530616760253906
INFO:trainer_layer_forward:0.9713172912597656
INFO:trainer_layer_forward:0.919342041015625
INFO:trainer_layer_forward:0.9911060333251953
INFO:trainer_layer_forward:0.8590221405029297
INFO:trainer_layer_forward:0.9021759033203125
INFO:trainer_layer_forward:0.8230209350585938
INFO:trainer_layer_forward:0.8852481842041016
INFO:trainer_layer_forward:0.8137226104736328
INFO:trainer_layer_forward:0.9126663208007812
INFO:trainer_layer_forward:1.0139942169189453
INFO:trainer_layer_forward:0.9694099426269531
INFO:trainer_layer_forward:0.9074211120605469
INFO:trainer_layer_forward:0.9174346923828125
INFO:trainer_layer_forward:0.8716583251953125
INFO:trainer_layer_forward:0.9622573852539062
INFO:trainer_layer_forward:0.9548664093017578
INFO:trainer_layer_forward:1.0929107666015625
INFO:trainer_layer_forward:0.8671283721923828
INFO:trainer_layer_forward:0.9307861328125
INFO:trainer_layer_forward:0.8378028869628906
INFO:trainer_layer_forward:0.9920597076416016
INFO:trainer_layer_forward:0.8263587951660156
INFO:trainer_layer_forward:0.9489059448242188
INFO:trainer_layer_forward:0.9732246398925781
INFO:trainer_layer_forward:0.8852481842041016
INFO:trainer_layer_forward:0.8826255798339844
INFO:trainer_layer_forward:0.8366107940673828
INFO:trainer_layer_forward:0.9126663208007812
INFO:trainer_layer_forward:0.8287429809570312
INFO:trainer_layer_forward:0.8685588836669922
INFO:trainer_layer_forward:1.173257827758789
INFO:trainer_layer_forward:0.8993148803710938
INFO:trainer_layer_forward:0.9312629699707031
INFO:trainer_layer_forward:0.8783340454101562
INFO:trainer_layer_forward:0.8444786071777344
INFO:trainer_layer_forward:0.8451938629150391
INFO:trainer_layer_forward:0.8351802825927734
INFO:trainer_layer_forward:0.8366107940673828
INFO:trainer_layer_forward:1.096963882446289
INFO:trainer_layer_forward:0.9336471557617188
INFO:trainer_layer_forward:0.8647441864013672
INFO:trainer_layer_forward:0.9236335754394531
INFO:trainer_layer_forward:1.0144710540771484
INFO:trainer_layer_forward:0.9348392486572266
INFO:trainer_layer_forward:0.8711814880371094
INFO:trainer_layer_forward:1.02996826171875
INFO:trainer_layer_forward:0.9906291961669922
INFO:trainer_layer_forward:0.9167194366455078
INFO:trainer_layer_forward:0.9658336639404297
INFO:trainer_layer_forward:0.8971691131591797
INFO:trainer_layer_forward:0.9181499481201172
INFO:trainer_layer_forward:0.9350776672363281
INFO:trainer_layer_forward:0.8802413940429688
INFO:trainer_layer_forward:0.9315013885498047
INFO:trainer_layer_forward:1.2211799621582031
INFO:trainer_layer_forward:0.8528232574462891
INFO:trainer_layer_forward:0.9853839874267578
INFO:trainer_layer_forward:0.90789794921875
INFO:trainer_layer_forward:0.8647441864013672
INFO:trainer_layer_forward:0.8637905120849609
INFO:trainer_layer_forward:0.9219646453857422
INFO:trainer_layer_forward:0.9682178497314453
INFO:trainer_layer_forward:0.9558200836181641
INFO:trainer_layer_forward:0.8990764617919922
INFO:trainer_layer_forward:0.9405612945556641
INFO:trainer_layer_forward:0.8847713470458984
INFO:trainer_layer_forward:0.8671283721923828
INFO:trainer_layer_forward:1.0170936584472656
INFO:trainer_layer_forward:1.3363361358642578
INFO:trainer_layer_forward:0.9050369262695312
INFO:trainer_layer_forward:0.8866786956787109
INFO:trainer_layer_forward:0.9262561798095703
INFO:trainer_layer_forward:0.8323192596435547
INFO:trainer_layer_forward:0.8418560028076172
INFO:trainer_layer_forward:1.0187625885009766
INFO:trainer_layer_forward:1.0364055633544922
INFO:trainer_layer_forward:0.8764266967773438
INFO:trainer_layer_forward:0.8416175842285156
INFO:trainer_layer_forward:0.9374618530273438
INFO:trainer_layer_forward:0.9124279022216797
INFO:trainer_layer_forward:0.8592605590820312
INFO:trainer_layer_forward:1.1222362518310547
INFO:trainer_layer_forward:1.3058185577392578
INFO:trainer_layer_forward:0.9577274322509766
INFO:trainer_layer_forward:1.0404586791992188
INFO:trainer_layer_forward:0.8111000061035156
INFO:trainer_layer_forward:0.8218288421630859
INFO:trainer_layer_forward:0.8089542388916016
INFO:trainer_layer_forward:0.8406639099121094
INFO:trainer_layer_forward:1.173257827758789
INFO:trainer_layer_forward:0.8356571197509766
INFO:trainer_layer_forward:0.8900165557861328
INFO:trainer_layer_forward:0.8342266082763672
INFO:trainer_layer_forward:0.9005069732666016
INFO:trainer_layer_forward:0.9415149688720703
INFO:trainer_layer_forward:1.0104179382324219
INFO:trainer_layer_forward:1.1239051818847656
INFO:trainer_layer_forward:0.865936279296875
INFO:trainer_layer_forward:0.8461475372314453
INFO:trainer_layer_forward:0.8342266082763672
INFO:trainer_layer_forward:0.8258819580078125
INFO:trainer_layer_forward:0.8001327514648438
INFO:trainer_layer_forward:0.9543895721435547
INFO:trainer_layer_forward:1.0333061218261719
INFO:trainer_layer_forward:1.0418891906738281
INFO:trainer_layer_forward:0.8392333984375
INFO:trainer_layer_forward:0.8378028869628906
INFO:trainer_layer_forward:0.8502006530761719
INFO:trainer_layer_forward:0.8921623229980469
INFO:trainer_layer_forward:0.8778572082519531
INFO:trainer_layer_forward:0.8449554443359375
INFO:trainer_layer_forward:0.9915828704833984
INFO:trainer_layer_forward:0.9000301361083984
INFO:trainer_layer_forward:0.8656978607177734
INFO:trainer_layer_forward:0.8409023284912109
INFO:trainer_layer_forward:0.9090900421142578
INFO:trainer_layer_forward:0.9515285491943359
INFO:trainer_layer_forward:0.911712646484375
INFO:trainer_layer_forward:0.9558200836181641
INFO:trainer_layer_forward:0.8940696716308594
INFO:trainer_layer_forward:0.9319782257080078
INFO:trainer_layer_forward:0.9822845458984375
INFO:trainer_layer_forward:0.8933544158935547
INFO:trainer_layer_forward:0.8466243743896484
INFO:trainer_layer_forward:0.9508132934570312
INFO:trainer_layer_forward:0.8552074432373047
INFO:trainer_layer_forward:0.9052753448486328
INFO:trainer_layer_forward:0.8745193481445312
INFO:trainer_layer_forward:0.8485317230224609
INFO:trainer_layer_forward:0.8296966552734375
INFO:trainer_layer_forward:0.8509159088134766
INFO:trainer_layer_forward:0.8463859558105469
INFO:trainer_layer_forward:0.9286403656005859
INFO:trainer_layer_forward:0.9951591491699219
INFO:trainer_layer_forward:1.1072158813476562
INFO:trainer_layer_forward:1.069784164428711
INFO:trainer_layer_forward:0.949859619140625
INFO:trainer_layer_forward:0.8695125579833984
INFO:trainer_layer_forward:0.9310245513916016
INFO:trainer_layer_forward:0.8678436279296875
INFO:trainer_layer_forward:0.9744167327880859
INFO:trainer_layer_forward:1.0161399841308594
INFO:trainer_layer_forward:1.2242794036865234
INFO:trainer_layer_forward:0.9567737579345703
INFO:trainer_layer_forward:0.850677490234375
