INFO:trainer_layer_forward:FFT_CNNEx | mnist
INFO:trainer_layer_forward:in_size : 256 | epochs : 1 | batch : 1
INFO:trainer_layer_forward:kernel_l1 : 129 | kernel_l2 : 65 | kernel_l3 : 33 
INFO:trainer_layer_forward:o_channels_l1 : 5 | o_channels_l2 : 5 | o_channels_l3 : 5 
INFO:trainer_layer_forward::::::::::::::::::::::::::::::::::::::::::::::::::::::::::::
INFO:trainer_layer_forward:message : fft_all_layer 
INFO:trainer_layer_forward::::::::::::::::::::::::::::::::::::::::::::::::::::::::::::
INFO:trainer_layer_forward:Ave_Time : 2.653686367735571
INFO:trainer_layer_forward::::::::::::::::::::::::::::::::::::::::::::::::::::::::::::
INFO:trainer_layer_forward:2.615690231323242
INFO:trainer_layer_forward:3.470182418823242
INFO:trainer_layer_forward:2.446413040161133
INFO:trainer_layer_forward:2.1495819091796875
INFO:trainer_layer_forward:3.4646987915039062
INFO:trainer_layer_forward:4.728078842163086
INFO:trainer_layer_forward:2.8951168060302734
INFO:trainer_layer_forward:3.265857696533203
INFO:trainer_layer_forward:3.3011436462402344
INFO:trainer_layer_forward:3.348827362060547
INFO:trainer_layer_forward:4.096508026123047
INFO:trainer_layer_forward:3.2219886779785156
INFO:trainer_layer_forward:3.167867660522461
INFO:trainer_layer_forward:3.241300582885742
INFO:trainer_layer_forward:5.119085311889648
INFO:trainer_layer_forward:3.1456947326660156
INFO:trainer_layer_forward:2.8302669525146484
INFO:trainer_layer_forward:3.2224655151367188
INFO:trainer_layer_forward:2.8526782989501953
INFO:trainer_layer_forward:2.6912689208984375
INFO:trainer_layer_forward:2.830028533935547
INFO:trainer_layer_forward:2.5534629821777344
INFO:trainer_layer_forward:2.6092529296875
INFO:trainer_layer_forward:2.1431446075439453
INFO:trainer_layer_forward:2.897500991821289
INFO:trainer_layer_forward:3.0617713928222656
INFO:trainer_layer_forward:3.1824111938476562
INFO:trainer_layer_forward:2.2192001342773438
INFO:trainer_layer_forward:3.261566162109375
INFO:trainer_layer_forward:2.7887821197509766
INFO:trainer_layer_forward:2.655506134033203
INFO:trainer_layer_forward:2.5606155395507812
INFO:trainer_layer_forward:3.094196319580078
INFO:trainer_layer_forward:3.0968189239501953
INFO:trainer_layer_forward:3.0274391174316406
INFO:trainer_layer_forward:2.4018287658691406
INFO:trainer_layer_forward:3.3538341522216797
INFO:trainer_layer_forward:2.743959426879883
INFO:trainer_layer_forward:2.297639846801758
INFO:trainer_layer_forward:2.6903152465820312
INFO:trainer_layer_forward:2.305746078491211
INFO:trainer_layer_forward:2.1517276763916016
INFO:trainer_layer_forward:2.328157424926758
INFO:trainer_layer_forward:2.1369457244873047
INFO:trainer_layer_forward:3.148317337036133
INFO:trainer_layer_forward:2.232074737548828
INFO:trainer_layer_forward:2.3992061614990234
INFO:trainer_layer_forward:2.105712890625
INFO:trainer_layer_forward:2.8183460235595703
INFO:trainer_layer_forward:2.6979446411132812
INFO:trainer_layer_forward:2.405405044555664
INFO:trainer_layer_forward:2.324342727661133
INFO:trainer_layer_forward:2.8505325317382812
INFO:trainer_layer_forward:2.8481483459472656
INFO:trainer_layer_forward:2.5403499603271484
INFO:trainer_layer_forward:2.4175643920898438
INFO:trainer_layer_forward:2.798795700073242
INFO:trainer_layer_forward:2.162933349609375
INFO:trainer_layer_forward:2.5446414947509766
INFO:trainer_layer_forward:2.1817684173583984
INFO:trainer_layer_forward:2.560853958129883
INFO:trainer_layer_forward:2.4077892303466797
INFO:trainer_layer_forward:2.4361610412597656
INFO:trainer_layer_forward:2.1407604217529297
INFO:trainer_layer_forward:2.4018287658691406
INFO:trainer_layer_forward:5.131721496582031
INFO:trainer_layer_forward:3.5164356231689453
INFO:trainer_layer_forward:3.433704376220703
INFO:trainer_layer_forward:2.405405044555664
INFO:trainer_layer_forward:3.2694339752197266
INFO:trainer_layer_forward:3.329038619995117
INFO:trainer_layer_forward:4.073619842529297
INFO:trainer_layer_forward:3.1087398529052734
INFO:trainer_layer_forward:2.3584365844726562
INFO:trainer_layer_forward:2.0494461059570312
INFO:trainer_layer_forward:2.7501583099365234
INFO:trainer_layer_forward:2.340078353881836
INFO:trainer_layer_forward:5.320310592651367
INFO:trainer_layer_forward:2.684354782104492
INFO:trainer_layer_forward:2.6166439056396484
INFO:trainer_layer_forward:2.1979808807373047
INFO:trainer_layer_forward:2.4552345275878906
INFO:trainer_layer_forward:2.5436878204345703
INFO:trainer_layer_forward:4.526376724243164
INFO:trainer_layer_forward:4.613399505615234
INFO:trainer_layer_forward:2.8803348541259766
INFO:trainer_layer_forward:2.7778148651123047
INFO:trainer_layer_forward:3.2291412353515625
INFO:trainer_layer_forward:2.2344589233398438
INFO:trainer_layer_forward:2.5255680084228516
INFO:trainer_layer_forward:2.6063919067382812
INFO:trainer_layer_forward:2.3610591888427734
INFO:trainer_layer_forward:2.254486083984375
INFO:trainer_layer_forward:2.562284469604492
INFO:trainer_layer_forward:2.3353099822998047
INFO:trainer_layer_forward:2.3424625396728516
INFO:trainer_layer_forward:2.552509307861328
INFO:trainer_layer_forward:2.416849136352539
INFO:trainer_layer_forward:3.7381649017333984
INFO:trainer_layer_forward:6.025791168212891
INFO:trainer_layer_forward:3.0689239501953125
INFO:trainer_layer_forward:2.50244140625
INFO:trainer_layer_forward:2.5482177734375
INFO:trainer_layer_forward:2.86102294921875
INFO:trainer_layer_forward:3.050565719604492
INFO:trainer_layer_forward:3.3953189849853516
INFO:trainer_layer_forward:5.005121231079102
INFO:trainer_layer_forward:2.323627471923828
INFO:trainer_layer_forward:2.867460250854492
INFO:trainer_layer_forward:2.5453567504882812
INFO:trainer_layer_forward:2.016782760620117
INFO:trainer_layer_forward:2.1429061889648438
INFO:trainer_layer_forward:2.107381820678711
INFO:trainer_layer_forward:3.368854522705078
INFO:trainer_layer_forward:2.3555755615234375
INFO:trainer_layer_forward:2.2394657135009766
INFO:trainer_layer_forward:2.302408218383789
INFO:trainer_layer_forward:4.189491271972656
INFO:trainer_layer_forward:5.087137222290039
INFO:trainer_layer_forward:2.8083324432373047
INFO:trainer_layer_forward:2.5467872619628906
INFO:trainer_layer_forward:2.260446548461914
INFO:trainer_layer_forward:2.2253990173339844
INFO:trainer_layer_forward:2.096414566040039
INFO:trainer_layer_forward:2.1555423736572266
INFO:trainer_layer_forward:2.417325973510742
INFO:trainer_layer_forward:2.167224884033203
INFO:trainer_layer_forward:2.102375030517578
INFO:trainer_layer_forward:2.1293163299560547
INFO:trainer_layer_forward:2.2439956665039062
INFO:trainer_layer_forward:2.330303192138672
INFO:trainer_layer_forward:2.1424293518066406
INFO:trainer_layer_forward:2.264738082885742
INFO:trainer_layer_forward:2.1944046020507812
INFO:trainer_layer_forward:2.317667007446289
INFO:trainer_layer_forward:3.062009811401367
INFO:trainer_layer_forward:2.2149085998535156
INFO:trainer_layer_forward:2.1102428436279297
INFO:trainer_layer_forward:2.4187564849853516
INFO:trainer_layer_forward:3.3044815063476562
INFO:trainer_layer_forward:2.229452133178711
INFO:trainer_layer_forward:2.1839141845703125
INFO:trainer_layer_forward:2.3436546325683594
INFO:trainer_layer_forward:4.935741424560547
INFO:trainer_layer_forward:3.765106201171875
INFO:trainer_layer_forward:2.491474151611328
INFO:trainer_layer_forward:2.319812774658203
INFO:trainer_layer_forward:3.6656856536865234
INFO:trainer_layer_forward:2.691507339477539
INFO:trainer_layer_forward:2.2597312927246094
INFO:trainer_layer_forward:3.4623146057128906
INFO:trainer_layer_forward:2.63214111328125
INFO:trainer_layer_forward:2.1920204162597656
INFO:trainer_layer_forward:2.2411346435546875
INFO:trainer_layer_forward:2.827882766723633
INFO:trainer_layer_forward:3.026723861694336
INFO:trainer_layer_forward:2.3412704467773438
INFO:trainer_layer_forward:2.5997161865234375
INFO:trainer_layer_forward:3.1533241271972656
INFO:trainer_layer_forward:2.6092529296875
INFO:trainer_layer_forward:2.70843505859375
INFO:trainer_layer_forward:2.1996498107910156
INFO:trainer_layer_forward:2.513885498046875
INFO:trainer_layer_forward:2.4852752685546875
INFO:trainer_layer_forward:2.5992393493652344
INFO:trainer_layer_forward:2.313375473022461
INFO:trainer_layer_forward:2.991199493408203
INFO:trainer_layer_forward:2.777576446533203
INFO:trainer_layer_forward:2.737283706665039
INFO:trainer_layer_forward:2.6094913482666016
INFO:trainer_layer_forward:2.573251724243164
INFO:trainer_layer_forward:2.288341522216797
INFO:trainer_layer_forward:2.070903778076172
INFO:trainer_layer_forward:2.130270004272461
INFO:trainer_layer_forward:2.4662017822265625
INFO:trainer_layer_forward:3.5016536712646484
INFO:trainer_layer_forward:2.2017955780029297
INFO:trainer_layer_forward:2.602100372314453
INFO:trainer_layer_forward:2.7647018432617188
INFO:trainer_layer_forward:3.0851364135742188
INFO:trainer_layer_forward:3.1294822692871094
INFO:trainer_layer_forward:2.5501251220703125
INFO:trainer_layer_forward:2.536296844482422
INFO:trainer_layer_forward:3.723621368408203
INFO:trainer_layer_forward:2.5577545166015625
INFO:trainer_layer_forward:1.9900798797607422
INFO:trainer_layer_forward:2.264738082885742
INFO:trainer_layer_forward:2.482175827026367
INFO:trainer_layer_forward:2.2988319396972656
INFO:trainer_layer_forward:2.5064945220947266
INFO:trainer_layer_forward:2.523660659790039
INFO:trainer_layer_forward:2.7425289154052734
INFO:trainer_layer_forward:4.584074020385742
INFO:trainer_layer_forward:2.4881362915039062
INFO:trainer_layer_forward:4.06336784362793
INFO:trainer_layer_forward:4.112482070922852
INFO:trainer_layer_forward:2.262115478515625
INFO:trainer_layer_forward:2.379179000854492
INFO:trainer_layer_forward:2.506732940673828
INFO:trainer_layer_forward:2.2978782653808594
INFO:trainer_layer_forward:2.3949146270751953
INFO:trainer_layer_forward:2.3343563079833984
INFO:trainer_layer_forward:2.650022506713867
INFO:trainer_layer_forward:2.2280216217041016
INFO:trainer_layer_forward:2.3088455200195312
INFO:trainer_layer_forward:2.0771026611328125
INFO:trainer_layer_forward:2.2296905517578125
INFO:trainer_layer_forward:4.4498443603515625
INFO:trainer_layer_forward:2.248525619506836
INFO:trainer_layer_forward:2.2132396697998047
INFO:trainer_layer_forward:2.3050308227539062
INFO:trainer_layer_forward:2.8727054595947266
INFO:trainer_layer_forward:2.3734569549560547
INFO:trainer_layer_forward:2.3355484008789062
INFO:trainer_layer_forward:2.398967742919922
INFO:trainer_layer_forward:2.439737319946289
INFO:trainer_layer_forward:2.4259090423583984
INFO:trainer_layer_forward:2.1560192108154297
INFO:trainer_layer_forward:2.130746841430664
INFO:trainer_layer_forward:2.490997314453125
INFO:trainer_layer_forward:4.349708557128906
INFO:trainer_layer_forward:2.6597976684570312
INFO:trainer_layer_forward:2.1677017211914062
INFO:trainer_layer_forward:2.316713333129883
INFO:trainer_layer_forward:2.4170875549316406
INFO:trainer_layer_forward:2.2382736206054688
INFO:trainer_layer_forward:2.190828323364258
INFO:trainer_layer_forward:2.1834373474121094
INFO:trainer_layer_forward:2.6085376739501953
INFO:trainer_layer_forward:2.749919891357422
INFO:trainer_layer_forward:2.6009082794189453
INFO:trainer_layer_forward:2.29644775390625
INFO:trainer_layer_forward:3.936290740966797
INFO:trainer_layer_forward:4.117012023925781
INFO:trainer_layer_forward:2.207040786743164
INFO:trainer_layer_forward:4.704475402832031
INFO:trainer_layer_forward:4.570722579956055
INFO:trainer_layer_forward:2.237558364868164
INFO:trainer_layer_forward:2.131223678588867
INFO:trainer_layer_forward:3.1461715698242188
INFO:trainer_layer_forward:2.190828323364258
INFO:trainer_layer_forward:3.8802623748779297
INFO:trainer_layer_forward:2.5022029876708984
INFO:trainer_layer_forward:3.7233829498291016
INFO:trainer_layer_forward:2.661466598510742
INFO:trainer_layer_forward:2.2513866424560547
INFO:trainer_layer_forward:2.2008419036865234
INFO:trainer_layer_forward:2.8908252716064453
INFO:trainer_layer_forward:2.579212188720703
INFO:trainer_layer_forward:2.0246505737304688
INFO:trainer_layer_forward:2.3207664489746094
INFO:trainer_layer_forward:2.835512161254883
INFO:trainer_layer_forward:4.966974258422852
INFO:trainer_layer_forward:2.1562576293945312
INFO:trainer_layer_forward:2.0284652709960938
INFO:trainer_layer_forward:2.5022029876708984
INFO:trainer_layer_forward:3.1609535217285156
INFO:trainer_layer_forward:2.6025772094726562
INFO:trainer_layer_forward:2.5832653045654297
INFO:trainer_layer_forward:2.3603439331054688
INFO:trainer_layer_forward:3.071308135986328
INFO:trainer_layer_forward:2.400636672973633
INFO:trainer_layer_forward:2.298116683959961
INFO:trainer_layer_forward:2.184152603149414
INFO:trainer_layer_forward:2.4242401123046875
INFO:trainer_layer_forward:2.5331974029541016
INFO:trainer_layer_forward:2.251148223876953
INFO:trainer_layer_forward:2.2509098052978516
INFO:trainer_layer_forward:2.2301673889160156
INFO:trainer_layer_forward:2.3849010467529297
INFO:trainer_layer_forward:2.1986961364746094
INFO:trainer_layer_forward:2.0475387573242188
INFO:trainer_layer_forward:2.1829605102539062
INFO:trainer_layer_forward:2.0644664764404297
INFO:trainer_layer_forward:2.9449462890625
INFO:trainer_layer_forward:2.0885467529296875
INFO:trainer_layer_forward:2.070903778076172
INFO:trainer_layer_forward:1.9986629486083984
INFO:trainer_layer_forward:2.021312713623047
INFO:trainer_layer_forward:2.8731822967529297
INFO:trainer_layer_forward:2.4230480194091797
INFO:trainer_layer_forward:2.6268959045410156
INFO:trainer_layer_forward:2.8505325317382812
INFO:trainer_layer_forward:2.301454544067383
INFO:trainer_layer_forward:2.077341079711914
INFO:trainer_layer_forward:2.307891845703125
INFO:trainer_layer_forward:2.0797252655029297
INFO:trainer_layer_forward:2.2084712982177734
INFO:trainer_layer_forward:2.0973682403564453
INFO:trainer_layer_forward:2.5670528411865234
INFO:trainer_layer_forward:2.05230712890625
INFO:trainer_layer_forward:2.3603439331054688
INFO:trainer_layer_forward:2.531290054321289
INFO:trainer_layer_forward:2.794981002807617
INFO:trainer_layer_forward:2.716541290283203
INFO:trainer_layer_forward:3.0388832092285156
INFO:trainer_layer_forward:3.294229507446289
INFO:trainer_layer_forward:2.6769638061523438
INFO:trainer_layer_forward:2.976655960083008
INFO:trainer_layer_forward:3.626108169555664
INFO:trainer_layer_forward:4.595041275024414
INFO:trainer_layer_forward:2.4204254150390625
INFO:trainer_layer_forward:2.4118423461914062
INFO:trainer_layer_forward:2.227783203125
INFO:trainer_layer_forward:2.3140907287597656
INFO:trainer_layer_forward:2.8345584869384766
INFO:trainer_layer_forward:2.4781227111816406
INFO:trainer_layer_forward:2.2420883178710938
INFO:trainer_layer_forward:2.9554367065429688
INFO:trainer_layer_forward:3.4093856811523438
INFO:trainer_layer_forward:3.092050552368164
INFO:trainer_layer_forward:3.183603286743164
INFO:trainer_layer_forward:3.225564956665039
INFO:trainer_layer_forward:3.3721923828125
INFO:trainer_layer_forward:3.3071041107177734
INFO:trainer_layer_forward:2.392292022705078
INFO:trainer_layer_forward:2.851724624633789
INFO:trainer_layer_forward:2.4039745330810547
INFO:trainer_layer_forward:2.329111099243164
INFO:trainer_layer_forward:2.2842884063720703
INFO:trainer_layer_forward:2.4116039276123047
INFO:trainer_layer_forward:2.156496047973633
INFO:trainer_layer_forward:2.3088455200195312
INFO:trainer_layer_forward:2.0792484283447266
INFO:trainer_layer_forward:2.2721290588378906
INFO:trainer_layer_forward:2.192258834838867
INFO:trainer_layer_forward:2.404928207397461
INFO:trainer_layer_forward:2.189159393310547
INFO:trainer_layer_forward:2.1772384643554688
INFO:trainer_layer_forward:2.064228057861328
INFO:trainer_layer_forward:2.5196075439453125
INFO:trainer_layer_forward:2.099275588989258
INFO:trainer_layer_forward:2.227783203125
INFO:trainer_layer_forward:2.236604690551758
INFO:trainer_layer_forward:2.4564266204833984
INFO:trainer_layer_forward:2.878427505493164
INFO:trainer_layer_forward:2.8171539306640625
INFO:trainer_layer_forward:2.596616744995117
INFO:trainer_layer_forward:2.2902488708496094
INFO:trainer_layer_forward:2.672433853149414
INFO:trainer_layer_forward:2.107858657836914
INFO:trainer_layer_forward:2.268552780151367
INFO:trainer_layer_forward:2.419710159301758
INFO:trainer_layer_forward:2.4900436401367188
INFO:trainer_layer_forward:3.950834274291992
INFO:trainer_layer_forward:2.088785171508789
INFO:trainer_layer_forward:2.58636474609375
INFO:trainer_layer_forward:2.8159618377685547
INFO:trainer_layer_forward:2.8638839721679688
INFO:trainer_layer_forward:2.7735233306884766
INFO:trainer_layer_forward:2.148151397705078
INFO:trainer_layer_forward:2.3059844970703125
INFO:trainer_layer_forward:2.415180206298828
INFO:trainer_layer_forward:2.0952224731445312
INFO:trainer_layer_forward:2.166748046875
INFO:trainer_layer_forward:2.016305923461914
INFO:trainer_layer_forward:2.5582313537597656
INFO:trainer_layer_forward:2.324342727661133
INFO:trainer_layer_forward:2.034425735473633
INFO:trainer_layer_forward:2.369403839111328
INFO:trainer_layer_forward:2.101421356201172
INFO:trainer_layer_forward:2.6640892028808594
INFO:trainer_layer_forward:2.115011215209961
INFO:trainer_layer_forward:2.215147018432617
INFO:trainer_layer_forward:2.361774444580078
INFO:trainer_layer_forward:2.2351741790771484
INFO:trainer_layer_forward:2.780914306640625
INFO:trainer_layer_forward:2.7942657470703125
INFO:trainer_layer_forward:2.496957778930664
INFO:trainer_layer_forward:2.212047576904297
INFO:trainer_layer_forward:2.874612808227539
INFO:trainer_layer_forward:2.064228057861328
INFO:trainer_layer_forward:1.9860267639160156
INFO:trainer_layer_forward:3.6504268646240234
INFO:trainer_layer_forward:3.1898021697998047
INFO:trainer_layer_forward:2.2172927856445312
INFO:trainer_layer_forward:2.0699501037597656
INFO:trainer_layer_forward:2.064228057861328
INFO:trainer_layer_forward:2.3140907287597656
INFO:trainer_layer_forward:2.794504165649414
INFO:trainer_layer_forward:5.466699600219727
INFO:trainer_layer_forward:2.8412342071533203
INFO:trainer_layer_forward:2.9211044311523438
INFO:trainer_layer_forward:2.402782440185547
INFO:trainer_layer_forward:2.1822452545166016
INFO:trainer_layer_forward:2.256631851196289
INFO:trainer_layer_forward:3.6542415618896484
INFO:trainer_layer_forward:2.414703369140625
INFO:trainer_layer_forward:1.9962787628173828
INFO:trainer_layer_forward:2.131223678588867
INFO:trainer_layer_forward:2.5751590728759766
INFO:trainer_layer_forward:3.2155513763427734
INFO:trainer_layer_forward:2.8977394104003906
INFO:trainer_layer_forward:2.008676528930664
INFO:trainer_layer_forward:2.1135807037353516
INFO:trainer_layer_forward:2.3012161254882812
INFO:trainer_layer_forward:2.473115921020508
INFO:trainer_layer_forward:2.225637435913086
INFO:trainer_layer_forward:2.256631851196289
INFO:trainer_layer_forward:2.5625228881835938
INFO:trainer_layer_forward:3.0858516693115234
INFO:trainer_layer_forward:2.4728775024414062
INFO:trainer_layer_forward:2.0952224731445312
INFO:trainer_layer_forward:2.4678707122802734
INFO:trainer_layer_forward:2.6085376739501953
INFO:trainer_layer_forward:2.1352767944335938
INFO:trainer_layer_forward:2.0055770874023438
INFO:trainer_layer_forward:2.0759105682373047
INFO:trainer_layer_forward:2.783060073852539
INFO:trainer_layer_forward:2.340555191040039
INFO:trainer_layer_forward:2.0651817321777344
INFO:trainer_layer_forward:2.022981643676758
INFO:trainer_layer_forward:2.0723342895507812
INFO:trainer_layer_forward:2.6595592498779297
INFO:trainer_layer_forward:2.0956993103027344
INFO:trainer_layer_forward:2.007722854614258
INFO:trainer_layer_forward:2.061128616333008
INFO:trainer_layer_forward:2.445220947265625
INFO:trainer_layer_forward:2.560853958129883
INFO:trainer_layer_forward:5.240201950073242
INFO:trainer_layer_forward:2.360105514526367
INFO:trainer_layer_forward:2.3317337036132812
INFO:trainer_layer_forward:4.404306411743164
INFO:trainer_layer_forward:3.3502578735351562
INFO:trainer_layer_forward:2.500295639038086
INFO:trainer_layer_forward:2.5031566619873047
INFO:trainer_layer_forward:2.311229705810547
INFO:trainer_layer_forward:2.5327205657958984
INFO:trainer_layer_forward:2.222299575805664
INFO:trainer_layer_forward:2.683401107788086
INFO:trainer_layer_forward:2.4929046630859375
INFO:trainer_layer_forward:2.158641815185547
INFO:trainer_layer_forward:2.2058486938476562
INFO:trainer_layer_forward:2.295255661010742
INFO:trainer_layer_forward:2.893686294555664
INFO:trainer_layer_forward:2.3827552795410156
INFO:trainer_layer_forward:2.239227294921875
INFO:trainer_layer_forward:2.1181106567382812
INFO:trainer_layer_forward:2.3212432861328125
INFO:trainer_layer_forward:2.883434295654297
INFO:trainer_layer_forward:2.254962921142578
INFO:trainer_layer_forward:2.4497509002685547
INFO:trainer_layer_forward:2.237081527709961
INFO:trainer_layer_forward:3.1731128692626953
INFO:trainer_layer_forward:2.603292465209961
INFO:trainer_layer_forward:2.8829574584960938
INFO:trainer_layer_forward:3.0586719512939453
INFO:trainer_layer_forward:3.861665725708008
INFO:trainer_layer_forward:2.659320831298828
INFO:trainer_layer_forward:3.430604934692383
INFO:trainer_layer_forward:2.7511119842529297
INFO:trainer_layer_forward:2.791166305541992
INFO:trainer_layer_forward:2.3698806762695312
INFO:trainer_layer_forward:2.2878646850585938
INFO:trainer_layer_forward:2.4967193603515625
INFO:trainer_layer_forward:2.5522708892822266
INFO:trainer_layer_forward:2.6824474334716797
INFO:trainer_layer_forward:2.7303695678710938
INFO:trainer_layer_forward:2.713441848754883
INFO:trainer_layer_forward:2.6345252990722656
INFO:trainer_layer_forward:2.5260448455810547
INFO:trainer_layer_forward:3.069162368774414
INFO:trainer_layer_forward:2.579927444458008
INFO:trainer_layer_forward:3.245115280151367
INFO:trainer_layer_forward:2.591848373413086
INFO:trainer_layer_forward:2.118825912475586
INFO:trainer_layer_forward:2.2115707397460938
INFO:trainer_layer_forward:3.0050277709960938
INFO:trainer_layer_forward:2.3009777069091797
INFO:trainer_layer_forward:2.0117759704589844
INFO:trainer_layer_forward:2.2516250610351562
INFO:trainer_layer_forward:2.4340152740478516
INFO:trainer_layer_forward:2.49481201171875
INFO:trainer_layer_forward:2.0630359649658203
INFO:trainer_layer_forward:2.2699832916259766
INFO:trainer_layer_forward:2.367734909057617
INFO:trainer_layer_forward:2.4764537811279297
INFO:trainer_layer_forward:2.5882720947265625
INFO:trainer_layer_forward:2.278566360473633
INFO:trainer_layer_forward:2.1839141845703125
INFO:trainer_layer_forward:2.0186901092529297
INFO:trainer_layer_forward:2.946138381958008
INFO:trainer_layer_forward:2.206087112426758
INFO:trainer_layer_forward:2.09808349609375
INFO:trainer_layer_forward:2.0055770874023438
INFO:trainer_layer_forward:2.045154571533203
INFO:trainer_layer_forward:3.3648014068603516
INFO:trainer_layer_forward:2.389669418334961
INFO:trainer_layer_forward:2.445220947265625
INFO:trainer_layer_forward:2.1414756774902344
