INFO:trainer_layer_forward:FFT_CNNEx | mnist
INFO:trainer_layer_forward:in_size : 512 | epochs : 1 | batch : 1
INFO:trainer_layer_forward:kernel_l1 : 257 | kernel_l2 : 129 | kernel_l3 : 65 
INFO:trainer_layer_forward:o_channels_l1 : 5 | o_channels_l2 : 5 | o_channels_l3 : 5 
INFO:trainer_layer_forward::::::::::::::::::::::::::::::::::::::::::::::::::::::::::::
INFO:trainer_layer_forward:message : fft_all_layer 
INFO:trainer_layer_forward::::::::::::::::::::::::::::::::::::::::::::::::::::::::::::
INFO:trainer_layer_forward:Ave_Time : 6.505735553040797
INFO:trainer_layer_forward::::::::::::::::::::::::::::::::::::::::::::::::::::::::::::
INFO:trainer_layer_forward:8.994579315185547
INFO:trainer_layer_forward:8.054494857788086
INFO:trainer_layer_forward:6.670951843261719
INFO:trainer_layer_forward:7.101297378540039
INFO:trainer_layer_forward:7.008075714111328
INFO:trainer_layer_forward:7.736444473266602
INFO:trainer_layer_forward:6.644964218139648
INFO:trainer_layer_forward:7.421731948852539
INFO:trainer_layer_forward:6.919145584106445
INFO:trainer_layer_forward:7.650136947631836
INFO:trainer_layer_forward:6.871223449707031
INFO:trainer_layer_forward:7.3699951171875
INFO:trainer_layer_forward:6.651163101196289
INFO:trainer_layer_forward:6.4868927001953125
INFO:trainer_layer_forward:6.415843963623047
INFO:trainer_layer_forward:7.71021842956543
INFO:trainer_layer_forward:6.426095962524414
INFO:trainer_layer_forward:7.486104965209961
INFO:trainer_layer_forward:6.484031677246094
INFO:trainer_layer_forward:7.509469985961914
INFO:trainer_layer_forward:6.412982940673828
INFO:trainer_layer_forward:7.932186126708984
INFO:trainer_layer_forward:6.440401077270508
INFO:trainer_layer_forward:6.947040557861328
INFO:trainer_layer_forward:6.398200988769531
INFO:trainer_layer_forward:7.107734680175781
INFO:trainer_layer_forward:5.936384201049805
INFO:trainer_layer_forward:6.858348846435547
INFO:trainer_layer_forward:5.949735641479492
INFO:trainer_layer_forward:7.163286209106445
INFO:trainer_layer_forward:5.966901779174805
INFO:trainer_layer_forward:6.979703903198242
INFO:trainer_layer_forward:5.933284759521484
INFO:trainer_layer_forward:7.299184799194336
INFO:trainer_layer_forward:5.947351455688477
INFO:trainer_layer_forward:7.163047790527344
INFO:trainer_layer_forward:6.031990051269531
INFO:trainer_layer_forward:6.928920745849609
INFO:trainer_layer_forward:5.985498428344727
INFO:trainer_layer_forward:7.400751113891602
INFO:trainer_layer_forward:6.0329437255859375
INFO:trainer_layer_forward:6.93821907043457
INFO:trainer_layer_forward:5.983114242553711
INFO:trainer_layer_forward:6.055116653442383
INFO:trainer_layer_forward:6.087541580200195
INFO:trainer_layer_forward:6.278276443481445
INFO:trainer_layer_forward:6.131649017333984
INFO:trainer_layer_forward:6.464719772338867
INFO:trainer_layer_forward:6.590604782104492
INFO:trainer_layer_forward:6.043672561645508
INFO:trainer_layer_forward:5.932331085205078
INFO:trainer_layer_forward:6.543874740600586
INFO:trainer_layer_forward:5.934000015258789
INFO:trainer_layer_forward:6.748199462890625
INFO:trainer_layer_forward:5.93256950378418
INFO:trainer_layer_forward:6.994009017944336
INFO:trainer_layer_forward:5.938053131103516
INFO:trainer_layer_forward:7.683515548706055
INFO:trainer_layer_forward:6.133079528808594
INFO:trainer_layer_forward:7.128238677978516
INFO:trainer_layer_forward:6.1244964599609375
INFO:trainer_layer_forward:7.112979888916016
INFO:trainer_layer_forward:6.41632080078125
INFO:trainer_layer_forward:6.524801254272461
INFO:trainer_layer_forward:6.552219390869141
INFO:trainer_layer_forward:6.625890731811523
INFO:trainer_layer_forward:6.273031234741211
INFO:trainer_layer_forward:6.445646286010742
INFO:trainer_layer_forward:6.068229675292969
INFO:trainer_layer_forward:5.960226058959961
INFO:trainer_layer_forward:6.891012191772461
INFO:trainer_layer_forward:5.971193313598633
INFO:trainer_layer_forward:6.75201416015625
INFO:trainer_layer_forward:5.974531173706055
INFO:trainer_layer_forward:6.767511367797852
INFO:trainer_layer_forward:6.000995635986328
INFO:trainer_layer_forward:7.063388824462891
INFO:trainer_layer_forward:5.967378616333008
INFO:trainer_layer_forward:6.839752197265625
INFO:trainer_layer_forward:5.971431732177734
INFO:trainer_layer_forward:6.774187088012695
INFO:trainer_layer_forward:5.9642791748046875
INFO:trainer_layer_forward:7.112026214599609
INFO:trainer_layer_forward:5.936384201049805
INFO:trainer_layer_forward:6.947755813598633
INFO:trainer_layer_forward:5.950450897216797
INFO:trainer_layer_forward:7.192850112915039
INFO:trainer_layer_forward:5.97834587097168
INFO:trainer_layer_forward:7.275581359863281
INFO:trainer_layer_forward:5.956172943115234
INFO:trainer_layer_forward:6.963253021240234
INFO:trainer_layer_forward:5.985736846923828
INFO:trainer_layer_forward:7.142543792724609
INFO:trainer_layer_forward:5.993127822875977
INFO:trainer_layer_forward:7.220745086669922
INFO:trainer_layer_forward:6.02269172668457
INFO:trainer_layer_forward:6.7615509033203125
INFO:trainer_layer_forward:5.961418151855469
INFO:trainer_layer_forward:6.942272186279297
INFO:trainer_layer_forward:5.981922149658203
INFO:trainer_layer_forward:7.140159606933594
INFO:trainer_layer_forward:6.165027618408203
INFO:trainer_layer_forward:6.9484710693359375
INFO:trainer_layer_forward:6.387233734130859
INFO:trainer_layer_forward:6.928682327270508
INFO:trainer_layer_forward:6.485223770141602
INFO:trainer_layer_forward:6.615638732910156
INFO:trainer_layer_forward:6.5326690673828125
INFO:trainer_layer_forward:6.066083908081055
INFO:trainer_layer_forward:6.480216979980469
INFO:trainer_layer_forward:6.471157073974609
INFO:trainer_layer_forward:5.953073501586914
INFO:trainer_layer_forward:6.84809684753418
INFO:trainer_layer_forward:6.1893463134765625
INFO:trainer_layer_forward:6.840229034423828
INFO:trainer_layer_forward:5.898237228393555
INFO:trainer_layer_forward:6.860494613647461
INFO:trainer_layer_forward:6.340503692626953
INFO:trainer_layer_forward:5.931615829467773
INFO:trainer_layer_forward:5.9642791748046875
INFO:trainer_layer_forward:7.14564323425293
INFO:trainer_layer_forward:6.426334381103516
INFO:trainer_layer_forward:6.638050079345703
INFO:trainer_layer_forward:5.959272384643555
INFO:trainer_layer_forward:7.159233093261719
INFO:trainer_layer_forward:5.951404571533203
INFO:trainer_layer_forward:7.3871612548828125
INFO:trainer_layer_forward:5.9146881103515625
INFO:trainer_layer_forward:7.142305374145508
INFO:trainer_layer_forward:5.910396575927734
INFO:trainer_layer_forward:6.783008575439453
INFO:trainer_layer_forward:5.9299468994140625
INFO:trainer_layer_forward:7.573604583740234
INFO:trainer_layer_forward:5.964756011962891
INFO:trainer_layer_forward:7.208824157714844
INFO:trainer_layer_forward:6.0405731201171875
INFO:trainer_layer_forward:7.367372512817383
INFO:trainer_layer_forward:5.962848663330078
INFO:trainer_layer_forward:7.190465927124023
INFO:trainer_layer_forward:5.946874618530273
INFO:trainer_layer_forward:7.318973541259766
INFO:trainer_layer_forward:5.981206893920898
INFO:trainer_layer_forward:7.184267044067383
INFO:trainer_layer_forward:5.942106246948242
INFO:trainer_layer_forward:7.007360458374023
INFO:trainer_layer_forward:5.897283554077148
INFO:trainer_layer_forward:6.796360015869141
INFO:trainer_layer_forward:5.941867828369141
INFO:trainer_layer_forward:7.054805755615234
INFO:trainer_layer_forward:5.896806716918945
INFO:trainer_layer_forward:6.683111190795898
INFO:trainer_layer_forward:5.911350250244141
INFO:trainer_layer_forward:6.410360336303711
INFO:trainer_layer_forward:6.230831146240234
INFO:trainer_layer_forward:6.369352340698242
INFO:trainer_layer_forward:6.6127777099609375
INFO:trainer_layer_forward:5.9223175048828125
INFO:trainer_layer_forward:6.770610809326172
INFO:trainer_layer_forward:5.958795547485352
INFO:trainer_layer_forward:7.029056549072266
INFO:trainer_layer_forward:5.969762802124023
INFO:trainer_layer_forward:7.199287414550781
INFO:trainer_layer_forward:6.021976470947266
INFO:trainer_layer_forward:6.776332855224609
INFO:trainer_layer_forward:6.174564361572266
INFO:trainer_layer_forward:7.308483123779297
INFO:trainer_layer_forward:6.061315536499023
INFO:trainer_layer_forward:7.348775863647461
INFO:trainer_layer_forward:6.1187744140625
INFO:trainer_layer_forward:6.283998489379883
INFO:trainer_layer_forward:6.208658218383789
INFO:trainer_layer_forward:6.88481330871582
INFO:trainer_layer_forward:5.919694900512695
INFO:trainer_layer_forward:7.076740264892578
INFO:trainer_layer_forward:5.947589874267578
INFO:trainer_layer_forward:7.148265838623047
INFO:trainer_layer_forward:6.312131881713867
INFO:trainer_layer_forward:6.978273391723633
INFO:trainer_layer_forward:6.098747253417969
INFO:trainer_layer_forward:7.190227508544922
INFO:trainer_layer_forward:5.987882614135742
INFO:trainer_layer_forward:6.926774978637695
INFO:trainer_layer_forward:5.971193313598633
INFO:trainer_layer_forward:7.239818572998047
INFO:trainer_layer_forward:5.950212478637695
INFO:trainer_layer_forward:6.748437881469727
INFO:trainer_layer_forward:5.944967269897461
INFO:trainer_layer_forward:6.950139999389648
INFO:trainer_layer_forward:5.957603454589844
INFO:trainer_layer_forward:7.182598114013672
INFO:trainer_layer_forward:5.978107452392578
INFO:trainer_layer_forward:6.916999816894531
INFO:trainer_layer_forward:6.156682968139648
INFO:trainer_layer_forward:7.097721099853516
INFO:trainer_layer_forward:5.97071647644043
INFO:trainer_layer_forward:7.079839706420898
INFO:trainer_layer_forward:5.954742431640625
INFO:trainer_layer_forward:7.157564163208008
INFO:trainer_layer_forward:5.930662155151367
INFO:trainer_layer_forward:6.816625595092773
INFO:trainer_layer_forward:5.932807922363281
INFO:trainer_layer_forward:7.071733474731445
INFO:trainer_layer_forward:5.952358245849609
INFO:trainer_layer_forward:6.787776947021484
INFO:trainer_layer_forward:6.011962890625
INFO:trainer_layer_forward:6.430625915527344
INFO:trainer_layer_forward:5.943536758422852
INFO:trainer_layer_forward:6.281852722167969
INFO:trainer_layer_forward:6.542444229125977
INFO:trainer_layer_forward:5.923986434936523
INFO:trainer_layer_forward:6.971836090087891
INFO:trainer_layer_forward:5.973100662231445
INFO:trainer_layer_forward:6.846904754638672
INFO:trainer_layer_forward:5.981922149658203
INFO:trainer_layer_forward:6.979703903198242
INFO:trainer_layer_forward:5.950927734375
INFO:trainer_layer_forward:6.96873664855957
INFO:trainer_layer_forward:6.2465667724609375
INFO:trainer_layer_forward:6.94727897644043
INFO:trainer_layer_forward:5.981922149658203
INFO:trainer_layer_forward:7.178306579589844
INFO:trainer_layer_forward:6.020069122314453
INFO:trainer_layer_forward:6.9408416748046875
INFO:trainer_layer_forward:5.991935729980469
INFO:trainer_layer_forward:7.033109664916992
INFO:trainer_layer_forward:5.926370620727539
INFO:trainer_layer_forward:6.987333297729492
INFO:trainer_layer_forward:6.084442138671875
INFO:trainer_layer_forward:6.827831268310547
INFO:trainer_layer_forward:6.0749053955078125
INFO:trainer_layer_forward:6.08372688293457
INFO:trainer_layer_forward:6.4487457275390625
INFO:trainer_layer_forward:6.360769271850586
INFO:trainer_layer_forward:6.6375732421875
INFO:trainer_layer_forward:6.884098052978516
INFO:trainer_layer_forward:6.476402282714844
INFO:trainer_layer_forward:5.990266799926758
INFO:trainer_layer_forward:6.449460983276367
INFO:trainer_layer_forward:6.349325180053711
INFO:trainer_layer_forward:6.4525604248046875
INFO:trainer_layer_forward:6.914615631103516
INFO:trainer_layer_forward:6.630897521972656
INFO:trainer_layer_forward:6.113529205322266
INFO:trainer_layer_forward:6.642580032348633
INFO:trainer_layer_forward:5.956172943115234
INFO:trainer_layer_forward:6.507635116577148
INFO:trainer_layer_forward:6.425619125366211
INFO:trainer_layer_forward:5.914449691772461
INFO:trainer_layer_forward:6.870746612548828
INFO:trainer_layer_forward:5.968570709228516
INFO:trainer_layer_forward:7.015705108642578
INFO:trainer_layer_forward:5.996227264404297
INFO:trainer_layer_forward:7.231712341308594
INFO:trainer_layer_forward:6.477594375610352
INFO:trainer_layer_forward:6.965398788452148
INFO:trainer_layer_forward:5.944728851318359
INFO:trainer_layer_forward:7.104396820068359
INFO:trainer_layer_forward:5.916118621826172
INFO:trainer_layer_forward:7.030248641967773
INFO:trainer_layer_forward:5.937337875366211
INFO:trainer_layer_forward:6.77943229675293
INFO:trainer_layer_forward:5.954742431640625
INFO:trainer_layer_forward:6.786346435546875
INFO:trainer_layer_forward:5.922555923461914
INFO:trainer_layer_forward:7.187604904174805
INFO:trainer_layer_forward:5.930185317993164
INFO:trainer_layer_forward:7.107973098754883
INFO:trainer_layer_forward:5.9299468994140625
INFO:trainer_layer_forward:6.995677947998047
INFO:trainer_layer_forward:5.921125411987305
INFO:trainer_layer_forward:6.722688674926758
INFO:trainer_layer_forward:5.925893783569336
INFO:trainer_layer_forward:6.998777389526367
INFO:trainer_layer_forward:5.90825080871582
INFO:trainer_layer_forward:6.800651550292969
INFO:trainer_layer_forward:5.908489227294922
INFO:trainer_layer_forward:7.235050201416016
INFO:trainer_layer_forward:5.928993225097656
INFO:trainer_layer_forward:7.050275802612305
INFO:trainer_layer_forward:5.93876838684082
INFO:trainer_layer_forward:7.130861282348633
INFO:trainer_layer_forward:5.92041015625
INFO:trainer_layer_forward:7.298707962036133
INFO:trainer_layer_forward:5.954504013061523
INFO:trainer_layer_forward:7.072925567626953
INFO:trainer_layer_forward:5.913019180297852
INFO:trainer_layer_forward:6.868124008178711
INFO:trainer_layer_forward:5.930185317993164
INFO:trainer_layer_forward:6.874322891235352
INFO:trainer_layer_forward:6.0024261474609375
INFO:trainer_layer_forward:6.959676742553711
INFO:trainer_layer_forward:6.065607070922852
INFO:trainer_layer_forward:6.981611251831055
INFO:trainer_layer_forward:6.549596786499023
INFO:trainer_layer_forward:5.96928596496582
INFO:trainer_layer_forward:6.096601486206055
INFO:trainer_layer_forward:6.752252578735352
INFO:trainer_layer_forward:6.196260452270508
INFO:trainer_layer_forward:6.68787956237793
INFO:trainer_layer_forward:6.501436233520508
INFO:trainer_layer_forward:6.402015686035156
INFO:trainer_layer_forward:5.915164947509766
INFO:trainer_layer_forward:6.482362747192383
INFO:trainer_layer_forward:5.9299468994140625
INFO:trainer_layer_forward:6.794214248657227
INFO:trainer_layer_forward:5.921125411987305
INFO:trainer_layer_forward:6.893634796142578
INFO:trainer_layer_forward:5.935192108154297
INFO:trainer_layer_forward:7.059574127197266
INFO:trainer_layer_forward:5.968570709228516
INFO:trainer_layer_forward:7.354259490966797
INFO:trainer_layer_forward:6.134033203125
INFO:trainer_layer_forward:7.12275505065918
INFO:trainer_layer_forward:5.911827087402344
INFO:trainer_layer_forward:6.997823715209961
INFO:trainer_layer_forward:5.901336669921875
INFO:trainer_layer_forward:6.316661834716797
INFO:trainer_layer_forward:5.932331085205078
INFO:trainer_layer_forward:7.020235061645508
INFO:trainer_layer_forward:5.918264389038086
INFO:trainer_layer_forward:7.001638412475586
INFO:trainer_layer_forward:5.911350250244141
INFO:trainer_layer_forward:7.000207901000977
INFO:trainer_layer_forward:5.894899368286133
INFO:trainer_layer_forward:7.139682769775391
INFO:trainer_layer_forward:5.9146881103515625
INFO:trainer_layer_forward:7.164716720581055
INFO:trainer_layer_forward:5.897998809814453
INFO:trainer_layer_forward:7.355213165283203
INFO:trainer_layer_forward:5.916357040405273
INFO:trainer_layer_forward:7.207393646240234
INFO:trainer_layer_forward:5.927562713623047
INFO:trainer_layer_forward:7.329463958740234
INFO:trainer_layer_forward:5.894660949707031
INFO:trainer_layer_forward:7.132053375244141
INFO:trainer_layer_forward:5.898475646972656
INFO:trainer_layer_forward:7.607698440551758
INFO:trainer_layer_forward:5.918264389038086
INFO:trainer_layer_forward:7.673501968383789
INFO:trainer_layer_forward:5.913734436035156
INFO:trainer_layer_forward:6.855010986328125
INFO:trainer_layer_forward:5.936622619628906
INFO:trainer_layer_forward:6.838798522949219
INFO:trainer_layer_forward:5.903005599975586
INFO:trainer_layer_forward:6.427764892578125
INFO:trainer_layer_forward:6.207466125488281
INFO:trainer_layer_forward:7.465362548828125
INFO:trainer_layer_forward:5.908489227294922
INFO:trainer_layer_forward:6.90007209777832
INFO:trainer_layer_forward:5.951166152954102
INFO:trainer_layer_forward:6.427764892578125
INFO:trainer_layer_forward:6.102561950683594
INFO:trainer_layer_forward:6.744146347045898
INFO:trainer_layer_forward:6.065845489501953
INFO:trainer_layer_forward:6.835699081420898
INFO:trainer_layer_forward:6.211042404174805
INFO:trainer_layer_forward:7.081270217895508
INFO:trainer_layer_forward:5.999088287353516
INFO:trainer_layer_forward:7.077932357788086
INFO:trainer_layer_forward:5.960941314697266
INFO:trainer_layer_forward:7.229328155517578
INFO:trainer_layer_forward:6.073951721191406
INFO:trainer_layer_forward:7.476329803466797
INFO:trainer_layer_forward:6.0024261474609375
INFO:trainer_layer_forward:7.392168045043945
INFO:trainer_layer_forward:6.017208099365234
INFO:trainer_layer_forward:7.211208343505859
INFO:trainer_layer_forward:5.944728851318359
INFO:trainer_layer_forward:7.041692733764648
INFO:trainer_layer_forward:5.929231643676758
INFO:trainer_layer_forward:6.824016571044922
INFO:trainer_layer_forward:6.050348281860352
INFO:trainer_layer_forward:7.02214241027832
INFO:trainer_layer_forward:6.293058395385742
INFO:trainer_layer_forward:6.7386627197265625
INFO:trainer_layer_forward:5.955696105957031
INFO:trainer_layer_forward:7.059812545776367
INFO:trainer_layer_forward:5.915164947509766
INFO:trainer_layer_forward:6.9484710693359375
INFO:trainer_layer_forward:5.9375762939453125
INFO:trainer_layer_forward:6.84666633605957
INFO:trainer_layer_forward:5.936622619628906
INFO:trainer_layer_forward:6.737470626831055
INFO:trainer_layer_forward:6.0596466064453125
INFO:trainer_layer_forward:6.829261779785156
INFO:trainer_layer_forward:6.778955459594727
INFO:trainer_layer_forward:6.386756896972656
INFO:trainer_layer_forward:6.559610366821289
INFO:trainer_layer_forward:6.314277648925781
INFO:trainer_layer_forward:6.0520172119140625
INFO:trainer_layer_forward:6.529808044433594
INFO:trainer_layer_forward:5.976200103759766
INFO:trainer_layer_forward:6.988286972045898
INFO:trainer_layer_forward:5.985021591186523
INFO:trainer_layer_forward:7.0133209228515625
INFO:trainer_layer_forward:5.989551544189453
INFO:trainer_layer_forward:7.003068923950195
INFO:trainer_layer_forward:6.033420562744141
INFO:trainer_layer_forward:7.3642730712890625
INFO:trainer_layer_forward:5.953550338745117
INFO:trainer_layer_forward:6.911516189575195
INFO:trainer_layer_forward:5.936861038208008
INFO:trainer_layer_forward:7.381677627563477
INFO:trainer_layer_forward:6.918668746948242
INFO:trainer_layer_forward:6.598234176635742
INFO:trainer_layer_forward:6.422758102416992
INFO:trainer_layer_forward:6.275177001953125
INFO:trainer_layer_forward:6.454229354858398
INFO:trainer_layer_forward:6.136894226074219
INFO:trainer_layer_forward:6.743907928466797
INFO:trainer_layer_forward:6.349086761474609
INFO:trainer_layer_forward:6.602287292480469
INFO:trainer_layer_forward:6.03795051574707
INFO:trainer_layer_forward:6.9580078125
INFO:trainer_layer_forward:6.331205368041992
INFO:trainer_layer_forward:7.290124893188477
INFO:trainer_layer_forward:6.150007247924805
INFO:trainer_layer_forward:7.190465927124023
INFO:trainer_layer_forward:5.944728851318359
INFO:trainer_layer_forward:6.131410598754883
INFO:trainer_layer_forward:6.013631820678711
INFO:trainer_layer_forward:7.159233093261719
INFO:trainer_layer_forward:6.453037261962891
INFO:trainer_layer_forward:6.811618804931641
INFO:trainer_layer_forward:6.487607955932617
INFO:trainer_layer_forward:7.277011871337891
INFO:trainer_layer_forward:6.93964958190918
INFO:trainer_layer_forward:5.928516387939453
INFO:trainer_layer_forward:6.514787673950195
INFO:trainer_layer_forward:6.395578384399414
INFO:trainer_layer_forward:6.483316421508789
INFO:trainer_layer_forward:6.011247634887695
INFO:trainer_layer_forward:6.42704963684082
INFO:trainer_layer_forward:6.072282791137695
INFO:trainer_layer_forward:5.934953689575195
INFO:trainer_layer_forward:6.288290023803711
INFO:trainer_layer_forward:5.902767181396484
INFO:trainer_layer_forward:6.837129592895508
INFO:trainer_layer_forward:5.948066711425781
INFO:trainer_layer_forward:7.09223747253418
INFO:trainer_layer_forward:6.049394607543945
INFO:trainer_layer_forward:6.949901580810547
INFO:trainer_layer_forward:6.520986557006836
INFO:trainer_layer_forward:6.548881530761719
INFO:trainer_layer_forward:5.98907470703125
INFO:trainer_layer_forward:6.581783294677734
INFO:trainer_layer_forward:6.630182266235352
INFO:trainer_layer_forward:5.978822708129883
INFO:trainer_layer_forward:5.943536758422852
INFO:trainer_layer_forward:6.2351226806640625
INFO:trainer_layer_forward:5.9757232666015625
INFO:trainer_layer_forward:7.009029388427734
INFO:trainer_layer_forward:5.939245223999023
INFO:trainer_layer_forward:6.7996978759765625
INFO:trainer_layer_forward:5.949497222900391
INFO:trainer_layer_forward:7.021665573120117
INFO:trainer_layer_forward:5.944728851318359
INFO:trainer_layer_forward:6.733894348144531
INFO:trainer_layer_forward:5.976438522338867
INFO:trainer_layer_forward:6.8607330322265625
INFO:trainer_layer_forward:5.948305130004883
INFO:trainer_layer_forward:6.816387176513672
INFO:trainer_layer_forward:5.947113037109375
INFO:trainer_layer_forward:7.229328155517578
INFO:trainer_layer_forward:5.97071647644043
INFO:trainer_layer_forward:7.033586502075195
INFO:trainer_layer_forward:6.001472473144531
INFO:trainer_layer_forward:7.192850112915039
INFO:trainer_layer_forward:5.999326705932617
INFO:trainer_layer_forward:7.218599319458008
INFO:trainer_layer_forward:6.050825119018555
INFO:trainer_layer_forward:7.065296173095703
INFO:trainer_layer_forward:5.959033966064453
INFO:trainer_layer_forward:7.410287857055664
INFO:trainer_layer_forward:6.615877151489258
INFO:trainer_layer_forward:6.245851516723633
INFO:trainer_layer_forward:6.67119026184082
INFO:trainer_layer_forward:5.917787551879883
INFO:trainer_layer_forward:6.3610076904296875
INFO:trainer_layer_forward:6.030797958374023
INFO:trainer_layer_forward:6.511926651000977
INFO:trainer_layer_forward:6.342411041259766
INFO:trainer_layer_forward:6.402015686035156
INFO:trainer_layer_forward:6.158351898193359
INFO:trainer_layer_forward:6.420135498046875
INFO:trainer_layer_forward:6.542205810546875
INFO:trainer_layer_forward:6.9408416748046875
INFO:trainer_layer_forward:5.992412567138672
INFO:trainer_layer_forward:6.361722946166992
INFO:trainer_layer_forward:6.157398223876953
