INFO:trainer_layer_forward:FFT_CNNEx | mnist
INFO:trainer_layer_forward:in_size : 128 | epochs : 1 | batch : 1
INFO:trainer_layer_forward:kernel_l1 : 65 | kernel_l2 : 33 | kernel_l3 : 17 
INFO:trainer_layer_forward:o_channels_l1 : 5 | o_channels_l2 : 5 | o_channels_l3 : 5 
INFO:trainer_layer_forward::::::::::::::::::::::::::::::::::::::::::::::::::::::::::::
INFO:trainer_layer_forward:message : fft_all_layer 
INFO:trainer_layer_forward::::::::::::::::::::::::::::::::::::::::::::::::::::::::::::
INFO:trainer_layer_forward:Ave_Time : 2.6030272853617764
INFO:trainer_layer_forward::::::::::::::::::::::::::::::::::::::::::::::::::::::::::::
INFO:trainer_layer_forward:3.4072399139404297
INFO:trainer_layer_forward:3.0527114868164062
INFO:trainer_layer_forward:3.7393569946289062
INFO:trainer_layer_forward:2.49481201171875
INFO:trainer_layer_forward:2.4433135986328125
INFO:trainer_layer_forward:2.1092891693115234
INFO:trainer_layer_forward:2.3305416107177734
INFO:trainer_layer_forward:2.4023056030273438
INFO:trainer_layer_forward:2.0897388458251953
INFO:trainer_layer_forward:1.9745826721191406
INFO:trainer_layer_forward:2.6633739471435547
INFO:trainer_layer_forward:2.5200843811035156
INFO:trainer_layer_forward:2.6383399963378906
INFO:trainer_layer_forward:2.2215843200683594
INFO:trainer_layer_forward:2.5987625122070312
INFO:trainer_layer_forward:2.603769302368164
INFO:trainer_layer_forward:2.592802047729492
INFO:trainer_layer_forward:2.652406692504883
INFO:trainer_layer_forward:3.038167953491211
INFO:trainer_layer_forward:3.312826156616211
INFO:trainer_layer_forward:3.440380096435547
INFO:trainer_layer_forward:3.1392574310302734
INFO:trainer_layer_forward:3.215789794921875
INFO:trainer_layer_forward:3.4220218658447266
INFO:trainer_layer_forward:3.140687942504883
INFO:trainer_layer_forward:2.3505687713623047
INFO:trainer_layer_forward:2.018451690673828
INFO:trainer_layer_forward:2.1550655364990234
INFO:trainer_layer_forward:3.0126571655273438
INFO:trainer_layer_forward:2.2842884063720703
INFO:trainer_layer_forward:2.3467540740966797
INFO:trainer_layer_forward:2.532482147216797
INFO:trainer_layer_forward:2.213001251220703
INFO:trainer_layer_forward:2.343416213989258
INFO:trainer_layer_forward:2.2377967834472656
INFO:trainer_layer_forward:2.323627471923828
INFO:trainer_layer_forward:2.1696090698242188
INFO:trainer_layer_forward:2.6428699493408203
INFO:trainer_layer_forward:2.714395523071289
INFO:trainer_layer_forward:2.2749900817871094
INFO:trainer_layer_forward:2.210378646850586
INFO:trainer_layer_forward:2.0821094512939453
INFO:trainer_layer_forward:1.985788345336914
INFO:trainer_layer_forward:4.248380661010742
INFO:trainer_layer_forward:2.126455307006836
INFO:trainer_layer_forward:2.2475719451904297
INFO:trainer_layer_forward:2.336740493774414
INFO:trainer_layer_forward:2.2673606872558594
INFO:trainer_layer_forward:2.4728775024414062
INFO:trainer_layer_forward:2.4640560150146484
INFO:trainer_layer_forward:2.6557445526123047
INFO:trainer_layer_forward:2.6063919067382812
INFO:trainer_layer_forward:2.8243064880371094
INFO:trainer_layer_forward:3.199338912963867
INFO:trainer_layer_forward:2.727031707763672
INFO:trainer_layer_forward:2.7451515197753906
INFO:trainer_layer_forward:2.7337074279785156
INFO:trainer_layer_forward:2.5839805603027344
INFO:trainer_layer_forward:2.8209686279296875
INFO:trainer_layer_forward:2.609729766845703
INFO:trainer_layer_forward:2.2554397583007812
INFO:trainer_layer_forward:2.1927356719970703
INFO:trainer_layer_forward:2.7751922607421875
INFO:trainer_layer_forward:2.834320068359375
INFO:trainer_layer_forward:2.100706100463867
INFO:trainer_layer_forward:1.8887519836425781
INFO:trainer_layer_forward:2.0439624786376953
INFO:trainer_layer_forward:1.8782615661621094
INFO:trainer_layer_forward:1.974344253540039
INFO:trainer_layer_forward:1.9521713256835938
INFO:trainer_layer_forward:1.9791126251220703
INFO:trainer_layer_forward:1.9502639770507812
INFO:trainer_layer_forward:1.9328594207763672
INFO:trainer_layer_forward:1.9855499267578125
INFO:trainer_layer_forward:2.7930736541748047
INFO:trainer_layer_forward:2.5565624237060547
INFO:trainer_layer_forward:2.335786819458008
INFO:trainer_layer_forward:2.5529861450195312
INFO:trainer_layer_forward:2.105712890625
INFO:trainer_layer_forward:3.01361083984375
INFO:trainer_layer_forward:2.1979808807373047
INFO:trainer_layer_forward:2.6438236236572266
INFO:trainer_layer_forward:2.180814743041992
INFO:trainer_layer_forward:2.5691986083984375
INFO:trainer_layer_forward:2.278566360473633
INFO:trainer_layer_forward:2.4003982543945312
INFO:trainer_layer_forward:2.1865367889404297
INFO:trainer_layer_forward:2.0334720611572266
INFO:trainer_layer_forward:2.5904178619384766
INFO:trainer_layer_forward:5.263566970825195
INFO:trainer_layer_forward:3.0694007873535156
INFO:trainer_layer_forward:2.0897388458251953
INFO:trainer_layer_forward:3.2367706298828125
INFO:trainer_layer_forward:2.132892608642578
INFO:trainer_layer_forward:2.1467208862304688
INFO:trainer_layer_forward:2.023935317993164
INFO:trainer_layer_forward:3.10516357421875
INFO:trainer_layer_forward:2.0303726196289062
INFO:trainer_layer_forward:2.2788047790527344
INFO:trainer_layer_forward:2.039194107055664
INFO:trainer_layer_forward:2.079010009765625
INFO:trainer_layer_forward:2.607583999633789
INFO:trainer_layer_forward:2.264738082885742
INFO:trainer_layer_forward:2.903461456298828
INFO:trainer_layer_forward:1.981973648071289
INFO:trainer_layer_forward:4.321098327636719
INFO:trainer_layer_forward:4.698514938354492
INFO:trainer_layer_forward:2.3670196533203125
INFO:trainer_layer_forward:2.4805068969726562
INFO:trainer_layer_forward:2.7077198028564453
INFO:trainer_layer_forward:4.326343536376953
INFO:trainer_layer_forward:6.224393844604492
INFO:trainer_layer_forward:3.1692981719970703
INFO:trainer_layer_forward:2.279520034790039
INFO:trainer_layer_forward:1.9941329956054688
INFO:trainer_layer_forward:1.9614696502685547
INFO:trainer_layer_forward:2.0198822021484375
INFO:trainer_layer_forward:2.192258834838867
INFO:trainer_layer_forward:2.573251724243164
INFO:trainer_layer_forward:2.292156219482422
INFO:trainer_layer_forward:2.4955272674560547
INFO:trainer_layer_forward:2.336263656616211
INFO:trainer_layer_forward:2.1696090698242188
INFO:trainer_layer_forward:2.3550987243652344
INFO:trainer_layer_forward:2.621889114379883
INFO:trainer_layer_forward:2.3560523986816406
INFO:trainer_layer_forward:2.2814273834228516
INFO:trainer_layer_forward:3.249645233154297
INFO:trainer_layer_forward:2.9501914978027344
INFO:trainer_layer_forward:3.555774688720703
INFO:trainer_layer_forward:2.888917922973633
INFO:trainer_layer_forward:2.4347305297851562
INFO:trainer_layer_forward:4.408121109008789
INFO:trainer_layer_forward:3.0930042266845703
INFO:trainer_layer_forward:2.6030540466308594
INFO:trainer_layer_forward:2.218484878540039
INFO:trainer_layer_forward:2.347230911254883
INFO:trainer_layer_forward:2.512693405151367
INFO:trainer_layer_forward:2.4406909942626953
INFO:trainer_layer_forward:2.529144287109375
INFO:trainer_layer_forward:2.3016929626464844
INFO:trainer_layer_forward:2.660512924194336
INFO:trainer_layer_forward:2.9571056365966797
INFO:trainer_layer_forward:2.4247169494628906
INFO:trainer_layer_forward:2.4499893188476562
INFO:trainer_layer_forward:2.950906753540039
INFO:trainer_layer_forward:2.4309158325195312
INFO:trainer_layer_forward:2.7923583984375
INFO:trainer_layer_forward:3.068208694458008
INFO:trainer_layer_forward:3.2231807708740234
INFO:trainer_layer_forward:2.6688575744628906
INFO:trainer_layer_forward:3.225564956665039
INFO:trainer_layer_forward:2.767324447631836
INFO:trainer_layer_forward:4.49681282043457
INFO:trainer_layer_forward:3.5698413848876953
INFO:trainer_layer_forward:2.245664596557617
INFO:trainer_layer_forward:2.3500919342041016
INFO:trainer_layer_forward:2.766847610473633
INFO:trainer_layer_forward:2.4716854095458984
INFO:trainer_layer_forward:5.205869674682617
INFO:trainer_layer_forward:2.8264522552490234
INFO:trainer_layer_forward:2.2640228271484375
INFO:trainer_layer_forward:2.2661685943603516
INFO:trainer_layer_forward:2.4569034576416016
INFO:trainer_layer_forward:2.3992061614990234
INFO:trainer_layer_forward:2.2940635681152344
INFO:trainer_layer_forward:2.3958683013916016
INFO:trainer_layer_forward:2.4678707122802734
INFO:trainer_layer_forward:2.274036407470703
INFO:trainer_layer_forward:2.802610397338867
INFO:trainer_layer_forward:2.312183380126953
INFO:trainer_layer_forward:2.6047229766845703
INFO:trainer_layer_forward:2.2706985473632812
INFO:trainer_layer_forward:2.5360584259033203
INFO:trainer_layer_forward:2.424001693725586
INFO:trainer_layer_forward:2.335786819458008
INFO:trainer_layer_forward:2.5179386138916016
INFO:trainer_layer_forward:2.2678375244140625
INFO:trainer_layer_forward:1.9936561584472656
INFO:trainer_layer_forward:2.4869441986083984
INFO:trainer_layer_forward:2.5620460510253906
INFO:trainer_layer_forward:2.455472946166992
INFO:trainer_layer_forward:2.6161670684814453
INFO:trainer_layer_forward:2.2547245025634766
INFO:trainer_layer_forward:2.3033618927001953
INFO:trainer_layer_forward:2.5959014892578125
INFO:trainer_layer_forward:2.307415008544922
INFO:trainer_layer_forward:2.251863479614258
INFO:trainer_layer_forward:2.5424957275390625
INFO:trainer_layer_forward:2.431631088256836
INFO:trainer_layer_forward:2.5517940521240234
INFO:trainer_layer_forward:2.6857852935791016
INFO:trainer_layer_forward:2.766132354736328
INFO:trainer_layer_forward:2.6793479919433594
INFO:trainer_layer_forward:2.2428035736083984
INFO:trainer_layer_forward:2.028226852416992
INFO:trainer_layer_forward:2.669095993041992
INFO:trainer_layer_forward:2.607583999633789
INFO:trainer_layer_forward:2.666950225830078
INFO:trainer_layer_forward:2.877950668334961
INFO:trainer_layer_forward:2.424001693725586
INFO:trainer_layer_forward:2.3429393768310547
INFO:trainer_layer_forward:2.206563949584961
INFO:trainer_layer_forward:2.1131038665771484
INFO:trainer_layer_forward:2.0682811737060547
INFO:trainer_layer_forward:2.2559165954589844
INFO:trainer_layer_forward:2.4063587188720703
INFO:trainer_layer_forward:2.092599868774414
INFO:trainer_layer_forward:2.3305416107177734
INFO:trainer_layer_forward:2.1920204162597656
INFO:trainer_layer_forward:2.0024776458740234
INFO:trainer_layer_forward:3.7436485290527344
INFO:trainer_layer_forward:2.729177474975586
INFO:trainer_layer_forward:2.086639404296875
INFO:trainer_layer_forward:2.2704601287841797
INFO:trainer_layer_forward:2.2554397583007812
INFO:trainer_layer_forward:2.5730133056640625
INFO:trainer_layer_forward:2.3920536041259766
INFO:trainer_layer_forward:2.4881362915039062
INFO:trainer_layer_forward:2.575397491455078
INFO:trainer_layer_forward:2.481222152709961
INFO:trainer_layer_forward:2.3229122161865234
INFO:trainer_layer_forward:2.407550811767578
INFO:trainer_layer_forward:3.13568115234375
INFO:trainer_layer_forward:2.518892288208008
INFO:trainer_layer_forward:2.436399459838867
INFO:trainer_layer_forward:2.5429725646972656
INFO:trainer_layer_forward:3.0961036682128906
INFO:trainer_layer_forward:3.4580230712890625
INFO:trainer_layer_forward:2.9571056365966797
INFO:trainer_layer_forward:3.0024051666259766
INFO:trainer_layer_forward:2.6772022247314453
INFO:trainer_layer_forward:2.2470951080322266
INFO:trainer_layer_forward:2.205371856689453
INFO:trainer_layer_forward:2.787351608276367
INFO:trainer_layer_forward:3.2362937927246094
INFO:trainer_layer_forward:2.526521682739258
INFO:trainer_layer_forward:3.1311511993408203
INFO:trainer_layer_forward:3.6454200744628906
INFO:trainer_layer_forward:2.4547576904296875
INFO:trainer_layer_forward:3.045320510864258
INFO:trainer_layer_forward:2.9990673065185547
INFO:trainer_layer_forward:2.496004104614258
INFO:trainer_layer_forward:2.902984619140625
INFO:trainer_layer_forward:2.7048587799072266
INFO:trainer_layer_forward:2.0263195037841797
INFO:trainer_layer_forward:2.052783966064453
INFO:trainer_layer_forward:2.44903564453125
INFO:trainer_layer_forward:5.685329437255859
INFO:trainer_layer_forward:3.652811050415039
INFO:trainer_layer_forward:2.738475799560547
INFO:trainer_layer_forward:3.0989646911621094
INFO:trainer_layer_forward:2.249002456665039
INFO:trainer_layer_forward:3.4027099609375
INFO:trainer_layer_forward:3.5479068756103516
INFO:trainer_layer_forward:2.092599868774414
INFO:trainer_layer_forward:2.5179386138916016
INFO:trainer_layer_forward:2.1686553955078125
INFO:trainer_layer_forward:2.8171539306640625
INFO:trainer_layer_forward:2.341747283935547
INFO:trainer_layer_forward:2.6040077209472656
INFO:trainer_layer_forward:2.6252269744873047
INFO:trainer_layer_forward:2.7806758880615234
INFO:trainer_layer_forward:3.201723098754883
INFO:trainer_layer_forward:2.9289722442626953
INFO:trainer_layer_forward:2.051115036010742
INFO:trainer_layer_forward:2.4979114532470703
INFO:trainer_layer_forward:2.616405487060547
INFO:trainer_layer_forward:2.6192665100097656
INFO:trainer_layer_forward:2.4466514587402344
INFO:trainer_layer_forward:3.242015838623047
INFO:trainer_layer_forward:2.6891231536865234
INFO:trainer_layer_forward:2.346038818359375
INFO:trainer_layer_forward:2.2821426391601562
INFO:trainer_layer_forward:2.432107925415039
INFO:trainer_layer_forward:3.055095672607422
INFO:trainer_layer_forward:2.9189586639404297
INFO:trainer_layer_forward:3.1142234802246094
INFO:trainer_layer_forward:3.6509037017822266
INFO:trainer_layer_forward:2.058267593383789
INFO:trainer_layer_forward:2.1131038665771484
INFO:trainer_layer_forward:2.1142959594726562
INFO:trainer_layer_forward:2.8810501098632812
INFO:trainer_layer_forward:2.18963623046875
INFO:trainer_layer_forward:2.2420883178710938
INFO:trainer_layer_forward:2.378225326538086
INFO:trainer_layer_forward:2.1355152130126953
INFO:trainer_layer_forward:2.3415088653564453
INFO:trainer_layer_forward:2.6254653930664062
INFO:trainer_layer_forward:2.1715164184570312
INFO:trainer_layer_forward:2.039194107055664
INFO:trainer_layer_forward:2.071857452392578
INFO:trainer_layer_forward:2.413034439086914
INFO:trainer_layer_forward:2.7244091033935547
INFO:trainer_layer_forward:2.0804405212402344
INFO:trainer_layer_forward:2.094268798828125
INFO:trainer_layer_forward:2.1190643310546875
INFO:trainer_layer_forward:3.121614456176758
INFO:trainer_layer_forward:3.078460693359375
INFO:trainer_layer_forward:2.9306411743164062
INFO:trainer_layer_forward:2.437591552734375
INFO:trainer_layer_forward:2.0792484283447266
INFO:trainer_layer_forward:2.7010440826416016
INFO:trainer_layer_forward:2.170562744140625
INFO:trainer_layer_forward:2.018451690673828
INFO:trainer_layer_forward:2.745389938354492
INFO:trainer_layer_forward:2.0499229431152344
INFO:trainer_layer_forward:2.1102428436279297
INFO:trainer_layer_forward:2.2284984588623047
INFO:trainer_layer_forward:2.180814743041992
INFO:trainer_layer_forward:2.2809505462646484
INFO:trainer_layer_forward:2.2745132446289062
INFO:trainer_layer_forward:2.471446990966797
INFO:trainer_layer_forward:2.1483898162841797
INFO:trainer_layer_forward:3.0889511108398438
INFO:trainer_layer_forward:2.735137939453125
INFO:trainer_layer_forward:2.9540061950683594
INFO:trainer_layer_forward:2.3322105407714844
INFO:trainer_layer_forward:1.993417739868164
INFO:trainer_layer_forward:2.125263214111328
INFO:trainer_layer_forward:2.4852752685546875
INFO:trainer_layer_forward:2.173900604248047
INFO:trainer_layer_forward:2.053499221801758
INFO:trainer_layer_forward:2.134561538696289
INFO:trainer_layer_forward:2.2068023681640625
INFO:trainer_layer_forward:2.1829605102539062
INFO:trainer_layer_forward:2.1729469299316406
INFO:trainer_layer_forward:2.4025440216064453
INFO:trainer_layer_forward:2.2509098052978516
INFO:trainer_layer_forward:2.225637435913086
INFO:trainer_layer_forward:2.581357955932617
INFO:trainer_layer_forward:2.2840499877929688
INFO:trainer_layer_forward:2.1085739135742188
INFO:trainer_layer_forward:2.226591110229492
INFO:trainer_layer_forward:2.193927764892578
INFO:trainer_layer_forward:3.2529830932617188
INFO:trainer_layer_forward:3.1833648681640625
INFO:trainer_layer_forward:2.9425621032714844
INFO:trainer_layer_forward:2.8183460235595703
INFO:trainer_layer_forward:2.0945072174072266
INFO:trainer_layer_forward:2.4483203887939453
INFO:trainer_layer_forward:2.4275779724121094
INFO:trainer_layer_forward:2.337217330932617
INFO:trainer_layer_forward:2.6094913482666016
INFO:trainer_layer_forward:2.391338348388672
INFO:trainer_layer_forward:2.6273727416992188
INFO:trainer_layer_forward:2.2492408752441406
INFO:trainer_layer_forward:2.1550655364990234
INFO:trainer_layer_forward:2.3806095123291016
INFO:trainer_layer_forward:2.2513866424560547
INFO:trainer_layer_forward:4.681587219238281
INFO:trainer_layer_forward:2.2749900817871094
INFO:trainer_layer_forward:2.219676971435547
INFO:trainer_layer_forward:2.803325653076172
INFO:trainer_layer_forward:2.871274948120117
INFO:trainer_layer_forward:2.621889114379883
INFO:trainer_layer_forward:2.5725364685058594
INFO:trainer_layer_forward:3.0417442321777344
INFO:trainer_layer_forward:2.9370784759521484
INFO:trainer_layer_forward:2.37274169921875
INFO:trainer_layer_forward:2.8238296508789062
INFO:trainer_layer_forward:2.8438568115234375
INFO:trainer_layer_forward:2.0782947540283203
INFO:trainer_layer_forward:2.023935317993164
INFO:trainer_layer_forward:2.3610591888427734
INFO:trainer_layer_forward:3.0517578125
INFO:trainer_layer_forward:2.5985240936279297
INFO:trainer_layer_forward:3.0951499938964844
INFO:trainer_layer_forward:2.6397705078125
INFO:trainer_layer_forward:2.465963363647461
INFO:trainer_layer_forward:2.9909610748291016
INFO:trainer_layer_forward:2.4428367614746094
INFO:trainer_layer_forward:2.6121139526367188
INFO:trainer_layer_forward:2.5560855865478516
INFO:trainer_layer_forward:4.459381103515625
INFO:trainer_layer_forward:2.295255661010742
INFO:trainer_layer_forward:4.499197006225586
INFO:trainer_layer_forward:3.8580894470214844
INFO:trainer_layer_forward:3.3273696899414062
INFO:trainer_layer_forward:2.8696060180664062
INFO:trainer_layer_forward:2.143383026123047
INFO:trainer_layer_forward:2.5360584259033203
INFO:trainer_layer_forward:2.2287368774414062
INFO:trainer_layer_forward:2.2165775299072266
INFO:trainer_layer_forward:2.3403167724609375
INFO:trainer_layer_forward:2.564668655395508
INFO:trainer_layer_forward:2.5603771209716797
INFO:trainer_layer_forward:2.497434616088867
INFO:trainer_layer_forward:2.354860305786133
INFO:trainer_layer_forward:2.622365951538086
INFO:trainer_layer_forward:2.141714096069336
INFO:trainer_layer_forward:2.751588821411133
INFO:trainer_layer_forward:2.7632713317871094
INFO:trainer_layer_forward:2.38800048828125
INFO:trainer_layer_forward:2.238750457763672
INFO:trainer_layer_forward:2.3479461669921875
INFO:trainer_layer_forward:2.5920867919921875
INFO:trainer_layer_forward:2.3047924041748047
INFO:trainer_layer_forward:2.69317626953125
INFO:trainer_layer_forward:2.2439956665039062
INFO:trainer_layer_forward:2.5587081909179688
INFO:trainer_layer_forward:2.3772716522216797
INFO:trainer_layer_forward:2.0661354064941406
INFO:trainer_layer_forward:2.077341079711914
INFO:trainer_layer_forward:2.167940139770508
INFO:trainer_layer_forward:2.271890640258789
INFO:trainer_layer_forward:2.570629119873047
INFO:trainer_layer_forward:2.9659271240234375
INFO:trainer_layer_forward:2.592802047729492
INFO:trainer_layer_forward:2.369403839111328
INFO:trainer_layer_forward:2.301931381225586
INFO:trainer_layer_forward:2.2945404052734375
INFO:trainer_layer_forward:2.141237258911133
INFO:trainer_layer_forward:2.1796226501464844
INFO:trainer_layer_forward:2.2068023681640625
INFO:trainer_layer_forward:2.1393299102783203
INFO:trainer_layer_forward:2.376556396484375
INFO:trainer_layer_forward:2.351522445678711
INFO:trainer_layer_forward:2.256631851196289
INFO:trainer_layer_forward:2.4330615997314453
INFO:trainer_layer_forward:2.2156238555908203
INFO:trainer_layer_forward:2.393007278442383
INFO:trainer_layer_forward:2.46429443359375
INFO:trainer_layer_forward:2.836465835571289
INFO:trainer_layer_forward:2.8107166290283203
INFO:trainer_layer_forward:2.7053356170654297
INFO:trainer_layer_forward:2.284526824951172
INFO:trainer_layer_forward:2.435445785522461
INFO:trainer_layer_forward:2.435445785522461
INFO:trainer_layer_forward:2.9366016387939453
INFO:trainer_layer_forward:2.675294876098633
INFO:trainer_layer_forward:2.7816295623779297
INFO:trainer_layer_forward:3.3485889434814453
INFO:trainer_layer_forward:4.347085952758789
INFO:trainer_layer_forward:2.405881881713867
INFO:trainer_layer_forward:2.6891231536865234
INFO:trainer_layer_forward:2.5320053100585938
INFO:trainer_layer_forward:2.404928207397461
INFO:trainer_layer_forward:2.3832321166992188
INFO:trainer_layer_forward:2.4971961975097656
INFO:trainer_layer_forward:2.459287643432617
INFO:trainer_layer_forward:2.8443336486816406
INFO:trainer_layer_forward:2.313852310180664
INFO:trainer_layer_forward:2.323627471923828
INFO:trainer_layer_forward:2.3910999298095703
INFO:trainer_layer_forward:2.1514892578125
INFO:trainer_layer_forward:2.582550048828125
INFO:trainer_layer_forward:2.184629440307617
INFO:trainer_layer_forward:2.457141876220703
INFO:trainer_layer_forward:2.596139907836914
INFO:trainer_layer_forward:2.759218215942383
INFO:trainer_layer_forward:5.528450012207031
INFO:trainer_layer_forward:2.6416778564453125
INFO:trainer_layer_forward:2.785205841064453
INFO:trainer_layer_forward:2.769947052001953
INFO:trainer_layer_forward:3.604888916015625
INFO:trainer_layer_forward:3.379344940185547
INFO:trainer_layer_forward:3.4105777740478516
INFO:trainer_layer_forward:3.1714439392089844
INFO:trainer_layer_forward:2.374887466430664
INFO:trainer_layer_forward:3.152608871459961
INFO:trainer_layer_forward:2.857208251953125
INFO:trainer_layer_forward:2.522706985473633
INFO:trainer_layer_forward:2.4080276489257812
INFO:trainer_layer_forward:2.4008750915527344
INFO:trainer_layer_forward:3.1223297119140625
INFO:trainer_layer_forward:3.119945526123047
INFO:trainer_layer_forward:2.1555423736572266
INFO:trainer_layer_forward:2.807140350341797
INFO:trainer_layer_forward:3.090381622314453
INFO:trainer_layer_forward:2.735137939453125
INFO:trainer_layer_forward:2.9082298278808594
INFO:trainer_layer_forward:2.4085044860839844
INFO:trainer_layer_forward:3.3245086669921875
INFO:trainer_layer_forward:2.4352073669433594
INFO:trainer_layer_forward:4.967689514160156
INFO:trainer_layer_forward:3.116607666015625
INFO:trainer_layer_forward:2.054452896118164
INFO:trainer_layer_forward:2.2211074829101562
INFO:trainer_layer_forward:2.1142959594726562
INFO:trainer_layer_forward:2.2308826446533203
INFO:trainer_layer_forward:2.3272037506103516
INFO:trainer_layer_forward:2.0055770874023438
INFO:trainer_layer_forward:2.201080322265625
INFO:trainer_layer_forward:2.5832653045654297
INFO:trainer_layer_forward:2.710580825805664
INFO:trainer_layer_forward:2.6595592498779297
INFO:trainer_layer_forward:1.9516944885253906
INFO:trainer_layer_forward:2.3741722106933594
INFO:trainer_layer_forward:4.846096038818359
