INFO:trainer_layer_forward:FFT_CNNEx | mnist
INFO:trainer_layer_forward:in_size : 1024 | epochs : 1 | batch : 1
INFO:trainer_layer_forward:kernel_l1 : 513 | kernel_l2 : 257 | kernel_l3 : 129 
INFO:trainer_layer_forward:o_channels_l1 : 5 | o_channels_l2 : 5 | o_channels_l3 : 5 
INFO:trainer_layer_forward::::::::::::::::::::::::::::::::::::::::::::::::::::::::::::
INFO:trainer_layer_forward:message : fft_all_layer 
INFO:trainer_layer_forward::::::::::::::::::::::::::::::::::::::::::::::::::::::::::::
INFO:trainer_layer_forward:Ave_Time : 26.156836626481038
INFO:trainer_layer_forward::::::::::::::::::::::::::::::::::::::::::::::::::::::::::::
INFO:trainer_layer_forward:25.734901428222656
INFO:trainer_layer_forward:24.774789810180664
INFO:trainer_layer_forward:35.361528396606445
INFO:trainer_layer_forward:25.913238525390625
INFO:trainer_layer_forward:27.187108993530273
INFO:trainer_layer_forward:26.050567626953125
INFO:trainer_layer_forward:25.01058578491211
INFO:trainer_layer_forward:26.775360107421875
INFO:trainer_layer_forward:27.953147888183594
INFO:trainer_layer_forward:25.664806365966797
INFO:trainer_layer_forward:25.33864974975586
INFO:trainer_layer_forward:26.60846710205078
INFO:trainer_layer_forward:26.362180709838867
INFO:trainer_layer_forward:25.182723999023438
INFO:trainer_layer_forward:26.15213394165039
INFO:trainer_layer_forward:26.946306228637695
INFO:trainer_layer_forward:25.702238082885742
INFO:trainer_layer_forward:25.62546730041504
INFO:trainer_layer_forward:27.105093002319336
INFO:trainer_layer_forward:26.18885040283203
INFO:trainer_layer_forward:24.512767791748047
INFO:trainer_layer_forward:26.807308197021484
INFO:trainer_layer_forward:26.187658309936523
INFO:trainer_layer_forward:25.30956268310547
INFO:trainer_layer_forward:25.13289451599121
INFO:trainer_layer_forward:26.6263484954834
INFO:trainer_layer_forward:25.432586669921875
INFO:trainer_layer_forward:24.74212646484375
INFO:trainer_layer_forward:26.65233612060547
INFO:trainer_layer_forward:25.950193405151367
INFO:trainer_layer_forward:24.45697784423828
INFO:trainer_layer_forward:26.632070541381836
INFO:trainer_layer_forward:26.546239852905273
INFO:trainer_layer_forward:24.941682815551758
INFO:trainer_layer_forward:26.41582489013672
INFO:trainer_layer_forward:26.632070541381836
INFO:trainer_layer_forward:24.943828582763672
INFO:trainer_layer_forward:26.140213012695312
INFO:trainer_layer_forward:26.01003646850586
INFO:trainer_layer_forward:25.412797927856445
INFO:trainer_layer_forward:24.643898010253906
INFO:trainer_layer_forward:26.63588523864746
INFO:trainer_layer_forward:25.725364685058594
INFO:trainer_layer_forward:25.085926055908203
INFO:trainer_layer_forward:26.670217514038086
INFO:trainer_layer_forward:26.012420654296875
INFO:trainer_layer_forward:24.404287338256836
INFO:trainer_layer_forward:26.658058166503906
INFO:trainer_layer_forward:26.4585018157959
INFO:trainer_layer_forward:24.962902069091797
INFO:trainer_layer_forward:26.355743408203125
INFO:trainer_layer_forward:26.640892028808594
INFO:trainer_layer_forward:25.675058364868164
INFO:trainer_layer_forward:25.774478912353516
INFO:trainer_layer_forward:26.87668800354004
INFO:trainer_layer_forward:25.84528923034668
INFO:trainer_layer_forward:25.183916091918945
INFO:trainer_layer_forward:26.844501495361328
INFO:trainer_layer_forward:25.560379028320312
INFO:trainer_layer_forward:25.06732940673828
INFO:trainer_layer_forward:26.381254196166992
INFO:trainer_layer_forward:26.991844177246094
INFO:trainer_layer_forward:26.30472183227539
INFO:trainer_layer_forward:25.462627410888672
INFO:trainer_layer_forward:26.476383209228516
INFO:trainer_layer_forward:26.67999267578125
INFO:trainer_layer_forward:25.392532348632812
INFO:trainer_layer_forward:26.175260543823242
INFO:trainer_layer_forward:26.796817779541016
INFO:trainer_layer_forward:26.083707809448242
INFO:trainer_layer_forward:25.137662887573242
INFO:trainer_layer_forward:26.1685848236084
INFO:trainer_layer_forward:26.893138885498047
INFO:trainer_layer_forward:25.388240814208984
INFO:trainer_layer_forward:25.742530822753906
INFO:trainer_layer_forward:26.891708374023438
INFO:trainer_layer_forward:26.489734649658203
INFO:trainer_layer_forward:25.39372444152832
INFO:trainer_layer_forward:26.30782127380371
INFO:trainer_layer_forward:26.85236930847168
INFO:trainer_layer_forward:25.47287940979004
INFO:trainer_layer_forward:25.861501693725586
INFO:trainer_layer_forward:26.734113693237305
INFO:trainer_layer_forward:26.184558868408203
INFO:trainer_layer_forward:25.528907775878906
INFO:trainer_layer_forward:26.45087242126465
INFO:trainer_layer_forward:27.068376541137695
INFO:trainer_layer_forward:25.719165802001953
INFO:trainer_layer_forward:25.606870651245117
INFO:trainer_layer_forward:27.148962020874023
INFO:trainer_layer_forward:25.279998779296875
INFO:trainer_layer_forward:24.77431297302246
INFO:trainer_layer_forward:25.45785903930664
INFO:trainer_layer_forward:26.430130004882812
INFO:trainer_layer_forward:25.199174880981445
INFO:trainer_layer_forward:26.492834091186523
INFO:trainer_layer_forward:26.49998664855957
INFO:trainer_layer_forward:26.093006134033203
INFO:trainer_layer_forward:25.716543197631836
INFO:trainer_layer_forward:26.671171188354492
INFO:trainer_layer_forward:26.594877243041992
INFO:trainer_layer_forward:25.440454483032227
INFO:trainer_layer_forward:26.13544464111328
INFO:trainer_layer_forward:27.02927589416504
INFO:trainer_layer_forward:26.372909545898438
INFO:trainer_layer_forward:25.600433349609375
INFO:trainer_layer_forward:26.540517807006836
INFO:trainer_layer_forward:26.53360366821289
INFO:trainer_layer_forward:25.602340698242188
INFO:trainer_layer_forward:25.723695755004883
INFO:trainer_layer_forward:27.12702751159668
INFO:trainer_layer_forward:26.442766189575195
INFO:trainer_layer_forward:25.486230850219727
INFO:trainer_layer_forward:26.650667190551758
INFO:trainer_layer_forward:26.834487915039062
INFO:trainer_layer_forward:25.637388229370117
INFO:trainer_layer_forward:25.997638702392578
INFO:trainer_layer_forward:26.96824073791504
INFO:trainer_layer_forward:26.334762573242188
INFO:trainer_layer_forward:25.45905113220215
INFO:trainer_layer_forward:24.523019790649414
INFO:trainer_layer_forward:25.260448455810547
INFO:trainer_layer_forward:24.5513916015625
INFO:trainer_layer_forward:26.447772979736328
INFO:trainer_layer_forward:27.14228630065918
INFO:trainer_layer_forward:25.67601203918457
INFO:trainer_layer_forward:25.458574295043945
INFO:trainer_layer_forward:26.35812759399414
INFO:trainer_layer_forward:25.602102279663086
INFO:trainer_layer_forward:25.62093734741211
INFO:trainer_layer_forward:26.638269424438477
INFO:trainer_layer_forward:27.18377113342285
INFO:trainer_layer_forward:25.468826293945312
INFO:trainer_layer_forward:26.068925857543945
INFO:trainer_layer_forward:26.479482650756836
INFO:trainer_layer_forward:26.636123657226562
INFO:trainer_layer_forward:25.36630630493164
INFO:trainer_layer_forward:26.484966278076172
INFO:trainer_layer_forward:26.873350143432617
INFO:trainer_layer_forward:25.41971206665039
INFO:trainer_layer_forward:26.140451431274414
INFO:trainer_layer_forward:26.673078536987305
INFO:trainer_layer_forward:26.364564895629883
INFO:trainer_layer_forward:25.177478790283203
INFO:trainer_layer_forward:26.491165161132812
INFO:trainer_layer_forward:27.048587799072266
INFO:trainer_layer_forward:25.41494369506836
INFO:trainer_layer_forward:26.46923065185547
INFO:trainer_layer_forward:27.35757827758789
INFO:trainer_layer_forward:26.268482208251953
INFO:trainer_layer_forward:25.221824645996094
INFO:trainer_layer_forward:26.546478271484375
INFO:trainer_layer_forward:27.178525924682617
INFO:trainer_layer_forward:25.6650447845459
INFO:trainer_layer_forward:25.839567184448242
INFO:trainer_layer_forward:27.0843505859375
INFO:trainer_layer_forward:27.085304260253906
INFO:trainer_layer_forward:25.974273681640625
INFO:trainer_layer_forward:25.342464447021484
INFO:trainer_layer_forward:26.6573429107666
INFO:trainer_layer_forward:26.48615837097168
INFO:trainer_layer_forward:25.00748634338379
INFO:trainer_layer_forward:26.347875595092773
INFO:trainer_layer_forward:26.818275451660156
INFO:trainer_layer_forward:25.537729263305664
INFO:trainer_layer_forward:26.661396026611328
INFO:trainer_layer_forward:26.80826187133789
INFO:trainer_layer_forward:26.391983032226562
INFO:trainer_layer_forward:25.174379348754883
INFO:trainer_layer_forward:26.65543556213379
INFO:trainer_layer_forward:37.94217109680176
INFO:trainer_layer_forward:25.37703514099121
INFO:trainer_layer_forward:26.59749984741211
INFO:trainer_layer_forward:25.41351318359375
INFO:trainer_layer_forward:25.281190872192383
INFO:trainer_layer_forward:26.98969841003418
INFO:trainer_layer_forward:26.512622833251953
INFO:trainer_layer_forward:24.971485137939453
INFO:trainer_layer_forward:26.111602783203125
INFO:trainer_layer_forward:26.14283561706543
INFO:trainer_layer_forward:24.944543838500977
INFO:trainer_layer_forward:26.455163955688477
INFO:trainer_layer_forward:26.889324188232422
INFO:trainer_layer_forward:25.014162063598633
INFO:trainer_layer_forward:24.90544319152832
INFO:trainer_layer_forward:26.738643646240234
INFO:trainer_layer_forward:25.45905113220215
INFO:trainer_layer_forward:25.4361629486084
INFO:trainer_layer_forward:26.897430419921875
INFO:trainer_layer_forward:26.856422424316406
INFO:trainer_layer_forward:25.925397872924805
INFO:trainer_layer_forward:25.931596755981445
INFO:trainer_layer_forward:27.217864990234375
INFO:trainer_layer_forward:26.54099464416504
INFO:trainer_layer_forward:25.637149810791016
INFO:trainer_layer_forward:26.605606079101562
INFO:trainer_layer_forward:26.994705200195312
INFO:trainer_layer_forward:25.781631469726562
INFO:trainer_layer_forward:26.346206665039062
INFO:trainer_layer_forward:27.137279510498047
INFO:trainer_layer_forward:26.59010887145996
INFO:trainer_layer_forward:25.235414505004883
INFO:trainer_layer_forward:26.69215202331543
INFO:trainer_layer_forward:27.103424072265625
INFO:trainer_layer_forward:25.6197452545166
INFO:trainer_layer_forward:25.971651077270508
INFO:trainer_layer_forward:27.25362777709961
INFO:trainer_layer_forward:25.630474090576172
INFO:trainer_layer_forward:25.57063102722168
INFO:trainer_layer_forward:26.72576904296875
INFO:trainer_layer_forward:26.833057403564453
INFO:trainer_layer_forward:25.454282760620117
INFO:trainer_layer_forward:25.508403778076172
INFO:trainer_layer_forward:26.712656021118164
INFO:trainer_layer_forward:25.677919387817383
INFO:trainer_layer_forward:25.89273452758789
INFO:trainer_layer_forward:26.89814567565918
INFO:trainer_layer_forward:26.571273803710938
INFO:trainer_layer_forward:25.442838668823242
INFO:trainer_layer_forward:26.81446075439453
INFO:trainer_layer_forward:26.04222297668457
INFO:trainer_layer_forward:25.59065818786621
INFO:trainer_layer_forward:25.4213809967041
INFO:trainer_layer_forward:26.265859603881836
INFO:trainer_layer_forward:25.495052337646484
INFO:trainer_layer_forward:25.972366333007812
INFO:trainer_layer_forward:26.968717575073242
INFO:trainer_layer_forward:26.540517807006836
INFO:trainer_layer_forward:25.4514217376709
INFO:trainer_layer_forward:26.689767837524414
INFO:trainer_layer_forward:26.66449546813965
INFO:trainer_layer_forward:26.214599609375
INFO:trainer_layer_forward:25.82240104675293
INFO:trainer_layer_forward:27.172088623046875
INFO:trainer_layer_forward:26.47709846496582
INFO:trainer_layer_forward:25.336503982543945
INFO:trainer_layer_forward:26.407957077026367
INFO:trainer_layer_forward:27.04787254333496
INFO:trainer_layer_forward:25.52199363708496
INFO:trainer_layer_forward:25.880813598632812
INFO:trainer_layer_forward:26.746511459350586
INFO:trainer_layer_forward:26.612520217895508
INFO:trainer_layer_forward:25.33102035522461
INFO:trainer_layer_forward:26.76701545715332
INFO:trainer_layer_forward:26.750802993774414
INFO:trainer_layer_forward:25.410175323486328
INFO:trainer_layer_forward:25.989055633544922
INFO:trainer_layer_forward:26.630401611328125
INFO:trainer_layer_forward:26.325225830078125
INFO:trainer_layer_forward:25.308847427368164
INFO:trainer_layer_forward:26.824235916137695
INFO:trainer_layer_forward:26.058197021484375
INFO:trainer_layer_forward:25.471210479736328
INFO:trainer_layer_forward:25.852203369140625
INFO:trainer_layer_forward:27.342796325683594
INFO:trainer_layer_forward:26.522159576416016
INFO:trainer_layer_forward:25.369882583618164
INFO:trainer_layer_forward:26.76987648010254
INFO:trainer_layer_forward:26.739120483398438
INFO:trainer_layer_forward:26.10325813293457
INFO:trainer_layer_forward:26.06940269470215
INFO:trainer_layer_forward:26.968717575073242
INFO:trainer_layer_forward:26.645660400390625
INFO:trainer_layer_forward:25.257587432861328
INFO:trainer_layer_forward:26.7183780670166
INFO:trainer_layer_forward:26.747941970825195
INFO:trainer_layer_forward:25.777816772460938
INFO:trainer_layer_forward:26.146411895751953
INFO:trainer_layer_forward:27.049779891967773
INFO:trainer_layer_forward:26.26347541809082
INFO:trainer_layer_forward:25.803804397583008
INFO:trainer_layer_forward:26.28803253173828
INFO:trainer_layer_forward:27.133464813232422
INFO:trainer_layer_forward:25.46834945678711
INFO:trainer_layer_forward:26.002168655395508
INFO:trainer_layer_forward:27.07195281982422
INFO:trainer_layer_forward:26.44181251525879
INFO:trainer_layer_forward:25.542497634887695
INFO:trainer_layer_forward:26.465892791748047
INFO:trainer_layer_forward:27.094125747680664
INFO:trainer_layer_forward:25.46977996826172
INFO:trainer_layer_forward:25.89130401611328
INFO:trainer_layer_forward:24.984121322631836
INFO:trainer_layer_forward:25.013208389282227
INFO:trainer_layer_forward:25.018692016601562
INFO:trainer_layer_forward:26.723861694335938
INFO:trainer_layer_forward:25.609731674194336
INFO:trainer_layer_forward:25.345325469970703
INFO:trainer_layer_forward:26.860475540161133
INFO:trainer_layer_forward:26.9012451171875
INFO:trainer_layer_forward:25.614023208618164
INFO:trainer_layer_forward:25.618553161621094
INFO:trainer_layer_forward:26.917457580566406
INFO:trainer_layer_forward:26.432275772094727
INFO:trainer_layer_forward:25.63023567199707
INFO:trainer_layer_forward:26.36408805847168
INFO:trainer_layer_forward:26.881694793701172
INFO:trainer_layer_forward:25.579452514648438
INFO:trainer_layer_forward:25.771141052246094
INFO:trainer_layer_forward:27.126073837280273
INFO:trainer_layer_forward:26.491165161132812
INFO:trainer_layer_forward:25.533199310302734
INFO:trainer_layer_forward:26.372194290161133
INFO:trainer_layer_forward:26.572704315185547
INFO:trainer_layer_forward:25.40445327758789
INFO:trainer_layer_forward:26.334285736083984
INFO:trainer_layer_forward:27.016162872314453
INFO:trainer_layer_forward:26.601552963256836
INFO:trainer_layer_forward:25.397539138793945
INFO:trainer_layer_forward:26.877880096435547
INFO:trainer_layer_forward:27.080774307250977
INFO:trainer_layer_forward:25.706768035888672
INFO:trainer_layer_forward:26.22246742248535
INFO:trainer_layer_forward:26.20673179626465
INFO:trainer_layer_forward:26.120901107788086
INFO:trainer_layer_forward:24.039506912231445
INFO:trainer_layer_forward:26.200056076049805
INFO:trainer_layer_forward:26.283740997314453
INFO:trainer_layer_forward:25.287866592407227
INFO:trainer_layer_forward:26.268482208251953
INFO:trainer_layer_forward:27.144670486450195
INFO:trainer_layer_forward:24.895191192626953
INFO:trainer_layer_forward:26.350021362304688
INFO:trainer_layer_forward:26.890277862548828
INFO:trainer_layer_forward:26.591062545776367
INFO:trainer_layer_forward:25.300025939941406
INFO:trainer_layer_forward:26.630640029907227
INFO:trainer_layer_forward:27.18186378479004
INFO:trainer_layer_forward:24.998903274536133
INFO:trainer_layer_forward:25.916576385498047
INFO:trainer_layer_forward:27.337312698364258
INFO:trainer_layer_forward:26.507854461669922
INFO:trainer_layer_forward:25.560855865478516
INFO:trainer_layer_forward:26.36265754699707
INFO:trainer_layer_forward:26.72433853149414
INFO:trainer_layer_forward:25.377511978149414
INFO:trainer_layer_forward:26.122570037841797
INFO:trainer_layer_forward:26.960134506225586
INFO:trainer_layer_forward:26.491641998291016
INFO:trainer_layer_forward:25.357961654663086
INFO:trainer_layer_forward:26.145458221435547
INFO:trainer_layer_forward:26.88455581665039
INFO:trainer_layer_forward:25.739669799804688
INFO:trainer_layer_forward:25.60710906982422
INFO:trainer_layer_forward:25.71272850036621
INFO:trainer_layer_forward:26.2143611907959
INFO:trainer_layer_forward:24.93572235107422
INFO:trainer_layer_forward:26.807785034179688
INFO:trainer_layer_forward:25.475740432739258
INFO:trainer_layer_forward:25.40445327758789
INFO:trainer_layer_forward:26.584863662719727
INFO:trainer_layer_forward:27.23407745361328
INFO:trainer_layer_forward:25.352954864501953
INFO:trainer_layer_forward:25.657176971435547
INFO:trainer_layer_forward:27.022600173950195
INFO:trainer_layer_forward:26.5042781829834
INFO:trainer_layer_forward:25.64239501953125
INFO:trainer_layer_forward:26.006221771240234
INFO:trainer_layer_forward:27.024030685424805
INFO:trainer_layer_forward:25.595903396606445
INFO:trainer_layer_forward:25.928497314453125
INFO:trainer_layer_forward:26.91364288330078
INFO:trainer_layer_forward:26.320219039916992
INFO:trainer_layer_forward:25.397777557373047
INFO:trainer_layer_forward:26.392698287963867
INFO:trainer_layer_forward:26.8557071685791
INFO:trainer_layer_forward:25.078296661376953
INFO:trainer_layer_forward:26.37505531311035
INFO:trainer_layer_forward:26.304244995117188
INFO:trainer_layer_forward:25.459766387939453
INFO:trainer_layer_forward:25.602340698242188
INFO:trainer_layer_forward:26.015281677246094
INFO:trainer_layer_forward:26.108503341674805
INFO:trainer_layer_forward:24.573326110839844
INFO:trainer_layer_forward:26.745080947875977
INFO:trainer_layer_forward:26.48615837097168
INFO:trainer_layer_forward:25.003671646118164
INFO:trainer_layer_forward:26.355743408203125
INFO:trainer_layer_forward:27.031421661376953
INFO:trainer_layer_forward:25.389432907104492
INFO:trainer_layer_forward:25.89726448059082
INFO:trainer_layer_forward:27.03571319580078
INFO:trainer_layer_forward:26.2606143951416
INFO:trainer_layer_forward:25.101900100708008
INFO:trainer_layer_forward:26.68619155883789
INFO:trainer_layer_forward:26.92270278930664
INFO:trainer_layer_forward:25.45642852783203
INFO:trainer_layer_forward:25.910139083862305
INFO:trainer_layer_forward:26.86142921447754
INFO:trainer_layer_forward:26.067256927490234
INFO:trainer_layer_forward:24.455785751342773
INFO:trainer_layer_forward:26.630163192749023
INFO:trainer_layer_forward:26.12590789794922
INFO:trainer_layer_forward:25.03204345703125
INFO:trainer_layer_forward:25.979280471801758
INFO:trainer_layer_forward:26.342391967773438
INFO:trainer_layer_forward:24.991750717163086
INFO:trainer_layer_forward:25.614500045776367
INFO:trainer_layer_forward:26.433229446411133
INFO:trainer_layer_forward:25.657176971435547
INFO:trainer_layer_forward:25.95663070678711
INFO:trainer_layer_forward:27.30274200439453
INFO:trainer_layer_forward:26.6263484954834
INFO:trainer_layer_forward:25.140047073364258
INFO:trainer_layer_forward:26.349306106567383
INFO:trainer_layer_forward:27.083158493041992
INFO:trainer_layer_forward:24.94978904724121
INFO:trainer_layer_forward:25.97498893737793
INFO:trainer_layer_forward:27.304649353027344
INFO:trainer_layer_forward:26.761293411254883
INFO:trainer_layer_forward:25.23517608642578
INFO:trainer_layer_forward:26.660680770874023
INFO:trainer_layer_forward:27.071237564086914
INFO:trainer_layer_forward:25.718212127685547
INFO:trainer_layer_forward:25.904417037963867
INFO:trainer_layer_forward:27.193307876586914
INFO:trainer_layer_forward:26.37791633605957
INFO:trainer_layer_forward:25.467872619628906
INFO:trainer_layer_forward:26.741981506347656
INFO:trainer_layer_forward:27.202844619750977
INFO:trainer_layer_forward:25.713205337524414
INFO:trainer_layer_forward:25.223970413208008
INFO:trainer_layer_forward:27.08292007446289
INFO:trainer_layer_forward:26.48162841796875
INFO:trainer_layer_forward:25.664091110229492
INFO:trainer_layer_forward:24.83367919921875
INFO:trainer_layer_forward:25.974512100219727
INFO:trainer_layer_forward:24.8565673828125
INFO:trainer_layer_forward:26.31211280822754
INFO:trainer_layer_forward:26.865720748901367
INFO:trainer_layer_forward:24.739980697631836
INFO:trainer_layer_forward:25.609731674194336
INFO:trainer_layer_forward:27.109861373901367
INFO:trainer_layer_forward:26.499032974243164
INFO:trainer_layer_forward:25.461912155151367
INFO:trainer_layer_forward:26.636362075805664
INFO:trainer_layer_forward:26.894092559814453
INFO:trainer_layer_forward:25.48670768737793
INFO:trainer_layer_forward:25.811195373535156
INFO:trainer_layer_forward:26.993989944458008
INFO:trainer_layer_forward:26.463031768798828
INFO:trainer_layer_forward:25.267839431762695
INFO:trainer_layer_forward:26.78537368774414
INFO:trainer_layer_forward:26.93939208984375
INFO:trainer_layer_forward:25.81620216369629
INFO:trainer_layer_forward:25.95353126525879
INFO:trainer_layer_forward:26.67403221130371
INFO:trainer_layer_forward:26.628732681274414
INFO:trainer_layer_forward:25.069236755371094
INFO:trainer_layer_forward:26.585817337036133
INFO:trainer_layer_forward:27.06289291381836
INFO:trainer_layer_forward:25.72774887084961
INFO:trainer_layer_forward:25.852680206298828
INFO:trainer_layer_forward:26.994705200195312
INFO:trainer_layer_forward:26.081085205078125
INFO:trainer_layer_forward:24.049997329711914
INFO:trainer_layer_forward:26.454687118530273
INFO:trainer_layer_forward:26.60536766052246
INFO:trainer_layer_forward:25.339603424072266
INFO:trainer_layer_forward:26.171445846557617
INFO:trainer_layer_forward:27.17113494873047
INFO:trainer_layer_forward:26.507139205932617
INFO:trainer_layer_forward:25.487422943115234
INFO:trainer_layer_forward:26.267051696777344
INFO:trainer_layer_forward:27.06742286682129
INFO:trainer_layer_forward:25.704383850097656
INFO:trainer_layer_forward:25.940895080566406
INFO:trainer_layer_forward:26.82971954345703
INFO:trainer_layer_forward:26.385068893432617
INFO:trainer_layer_forward:25.629281997680664
INFO:trainer_layer_forward:26.852846145629883
INFO:trainer_layer_forward:27.04477310180664
INFO:trainer_layer_forward:25.614261627197266
INFO:trainer_layer_forward:25.702953338623047
INFO:trainer_layer_forward:26.716232299804688
INFO:trainer_layer_forward:26.485681533813477
INFO:trainer_layer_forward:25.69890022277832
INFO:trainer_layer_forward:26.497602462768555
INFO:trainer_layer_forward:27.068614959716797
INFO:trainer_layer_forward:25.45642852783203
INFO:trainer_layer_forward:26.343345642089844
INFO:trainer_layer_forward:26.53646469116211
INFO:trainer_layer_forward:26.53789520263672
INFO:trainer_layer_forward:25.60281753540039
INFO:trainer_layer_forward:26.217222213745117
INFO:trainer_layer_forward:26.934146881103516
INFO:trainer_layer_forward:25.834321975708008
INFO:trainer_layer_forward:25.24399757385254
INFO:trainer_layer_forward:25.063514709472656
INFO:trainer_layer_forward:24.3990421295166
