cnn
INFO:Classification:kernel_l1 : 65 | kernel_l2 : 33 | kernel_l3 : 17 | 
INFO:Classification:Epoch 1/30 | Train/Loss 5.306 Acc 0.665 | Val/Loss 1.528 Acc 83.303 Time 39.98s
INFO:Classification:Epoch 2/30 | Train/Loss 1.828 Acc 0.830 | Val/Loss 1.580 Acc 85.815 Time 39.57s
INFO:Classification:Epoch 3/30 | Train/Loss 1.450 Acc 0.854 | Val/Loss 1.107 Acc 89.277 Time 40.05s
INFO:Classification:Epoch 4/30 | Train/Loss 0.916 Acc 0.893 | Val/Loss 0.514 Acc 90.472 Time 39.73s
INFO:Classification:Epoch 5/30 | Train/Loss 0.764 Acc 0.899 | Val/Loss 0.551 Acc 91.115 Time 39.76s
INFO:Classification:Epoch 6/30 | Train/Loss 0.479 Acc 0.915 | Val/Loss 0.424 Acc 92.494 Time 39.75s
INFO:Classification:Epoch 7/30 | Train/Loss 0.353 Acc 0.932 | Val/Loss 0.276 Acc 93.321 Time 39.75s
INFO:Classification:Epoch 8/30 | Train/Loss 0.368 Acc 0.936 | Val/Loss 0.348 Acc 93.168 Time 39.73s
INFO:Classification:Epoch 9/30 | Train/Loss 0.329 Acc 0.936 | Val/Loss 0.290 Acc 94.485 Time 39.74s
INFO:Classification:Epoch 10/30 | Train/Loss 0.383 Acc 0.931 | Val/Loss 0.342 Acc 93.382 Time 40.39s
INFO:Classification:Epoch 11/30 | Train/Loss 0.356 Acc 0.936 | Val/Loss 0.251 Acc 94.914 Time 40.00s
INFO:Classification:Epoch 12/30 | Train/Loss 0.254 Acc 0.943 | Val/Loss 0.168 Acc 96.109 Time 39.91s
INFO:Classification:Epoch 13/30 | Train/Loss 0.237 Acc 0.948 | Val/Loss 0.161 Acc 95.987 Time 39.92s
INFO:Classification:Epoch 14/30 | Train/Loss 0.187 Acc 0.955 | Val/Loss 0.178 Acc 96.017 Time 40.33s
INFO:Classification:Epoch 15/30 | Train/Loss 0.184 Acc 0.953 | Val/Loss 0.141 Acc 96.446 Time 41.39s
INFO:Classification:Epoch 16/30 | Train/Loss 0.164 Acc 0.957 | Val/Loss 0.150 Acc 96.324 Time 41.12s
INFO:Classification:Epoch 17/30 | Train/Loss 0.167 Acc 0.960 | Val/Loss 0.179 Acc 95.037 Time 41.53s
INFO:Classification:Epoch 18/30 | Train/Loss 0.200 Acc 0.954 | Val/Loss 0.152 Acc 96.048 Time 41.15s
INFO:Classification:Epoch 19/30 | Train/Loss 0.195 Acc 0.954 | Val/Loss 0.158 Acc 95.558 Time 41.62s
INFO:Classification:Epoch 20/30 | Train/Loss 0.154 Acc 0.957 | Val/Loss 0.141 Acc 96.140 Time 41.36s
INFO:Classification:Epoch 21/30 | Train/Loss 0.175 Acc 0.958 | Val/Loss 0.214 Acc 94.700 Time 41.22s
INFO:Classification:Epoch 22/30 | Train/Loss 0.386 Acc 0.934 | Val/Loss 0.215 Acc 95.006 Time 41.66s
INFO:Classification:Epoch 23/30 | Train/Loss 0.151 Acc 0.962 | Val/Loss 0.152 Acc 96.415 Time 40.73s
INFO:Classification:Epoch 24/30 | Train/Loss 0.158 Acc 0.961 | Val/Loss 0.129 Acc 96.569 Time 40.88s
INFO:Classification:Epoch 25/30 | Train/Loss 0.111 Acc 0.968 | Val/Loss 0.138 Acc 96.446 Time 40.31s
INFO:Classification:Epoch 26/30 | Train/Loss 0.132 Acc 0.966 | Val/Loss 0.131 Acc 96.415 Time 39.77s
INFO:Classification:Epoch 27/30 | Train/Loss 0.168 Acc 0.961 | Val/Loss 0.153 Acc 95.803 Time 39.76s
INFO:Classification:Epoch 28/30 | Train/Loss 0.129 Acc 0.966 | Val/Loss 0.147 Acc 95.895 Time 39.75s
INFO:Classification:Epoch 29/30 | Train/Loss 0.136 Acc 0.966 | Val/Loss 0.139 Acc 96.048 Time 39.76s
INFO:Classification:Epoch 30/30 | Train/Loss 0.104 Acc 0.973 | Val/Loss 0.136 Acc 96.661 Time 39.72s
INFO:Classification:Best validation accuracy:96.661%
INFO:Classification:Average_Time 40.34s
