INFO:trainer:FFT_CNNEx | mnist
INFO:trainer:in_size : 128 | epochs : 30 | batch : 32
INFO:trainer:kernel_l1 : 80 | kernel_l2 : 33 | kernel_l3 : 17 
INFO:trainer:o_channels_l1 : 20 | o_channels_l2 : 50 | o_channels_l3 : 50 
INFO:trainer:padding_l1 : 0 | padding_l2 : 0 | padding_l3 : 0 
INFO:trainer::::::::::::::::::::::::::::::::::::::::::::::::::::::::::::
INFO:trainer:Epoch 1/30 | Train/Loss 0.356 Acc 0.895 | Val/Loss 0.100 Acc 97.060 Time 212.62s
INFO:trainer:Epoch 2/30 | Train/Loss 0.193 Acc 0.946 | Val/Loss 0.091 Acc 97.170 Time 211.81s
INFO:trainer:Epoch 3/30 | Train/Loss 0.164 Acc 0.954 | Val/Loss 0.061 Acc 98.190 Time 211.63s
INFO:trainer:Epoch 4/30 | Train/Loss 0.144 Acc 0.960 | Val/Loss 0.072 Acc 97.890 Time 211.63s
INFO:trainer:Epoch 5/30 | Train/Loss 0.132 Acc 0.963 | Val/Loss 0.057 Acc 98.400 Time 211.59s
INFO:trainer:Epoch 6/30 | Train/Loss 0.129 Acc 0.964 | Val/Loss 0.053 Acc 98.450 Time 211.82s
INFO:trainer:Epoch 7/30 | Train/Loss 0.123 Acc 0.967 | Val/Loss 0.057 Acc 98.240 Time 211.21s
INFO:trainer:Epoch 8/30 | Train/Loss 0.118 Acc 0.968 | Val/Loss 0.061 Acc 98.120 Time 211.12s
INFO:trainer:Epoch 9/30 | Train/Loss 0.112 Acc 0.970 | Val/Loss 0.047 Acc 98.620 Time 211.18s
INFO:trainer:Epoch 10/30 | Train/Loss 0.113 Acc 0.969 | Val/Loss 0.056 Acc 98.340 Time 211.07s
INFO:trainer:Epoch 11/30 | Train/Loss 0.112 Acc 0.970 | Val/Loss 0.071 Acc 97.840 Time 211.23s
INFO:trainer:Epoch 12/30 | Train/Loss 0.107 Acc 0.971 | Val/Loss 0.056 Acc 98.310 Time 211.27s
INFO:trainer:Epoch 13/30 | Train/Loss 0.105 Acc 0.971 | Val/Loss 0.054 Acc 98.390 Time 211.13s
INFO:trainer:Epoch 14/30 | Train/Loss 0.102 Acc 0.973 | Val/Loss 0.052 Acc 98.490 Time 211.04s
INFO:trainer:Epoch 15/30 | Train/Loss 0.097 Acc 0.973 | Val/Loss 0.052 Acc 98.530 Time 211.00s
INFO:trainer:Epoch 16/30 | Train/Loss 0.102 Acc 0.972 | Val/Loss 0.056 Acc 98.380 Time 211.17s
INFO:trainer:Epoch 17/30 | Train/Loss 0.095 Acc 0.975 | Val/Loss 0.052 Acc 98.450 Time 211.27s
INFO:trainer:Epoch 18/30 | Train/Loss 0.098 Acc 0.973 | Val/Loss 0.053 Acc 98.420 Time 211.22s
INFO:trainer:Epoch 19/30 | Train/Loss 0.099 Acc 0.972 | Val/Loss 0.062 Acc 98.320 Time 211.13s
INFO:trainer:Epoch 20/30 | Train/Loss 0.095 Acc 0.974 | Val/Loss 0.054 Acc 98.480 Time 211.18s
INFO:trainer:Epoch 21/30 | Train/Loss 0.098 Acc 0.975 | Val/Loss 0.055 Acc 98.410 Time 211.10s
INFO:trainer:Epoch 22/30 | Train/Loss 0.097 Acc 0.974 | Val/Loss 0.050 Acc 98.510 Time 211.03s
INFO:trainer:Epoch 23/30 | Train/Loss 0.093 Acc 0.974 | Val/Loss 0.061 Acc 98.280 Time 210.98s
INFO:trainer:Epoch 24/30 | Train/Loss 0.095 Acc 0.974 | Val/Loss 0.055 Acc 98.350 Time 211.07s
INFO:trainer:Epoch 25/30 | Train/Loss 0.097 Acc 0.973 | Val/Loss 0.045 Acc 98.630 Time 210.86s
INFO:trainer:Epoch 26/30 | Train/Loss 0.093 Acc 0.975 | Val/Loss 0.054 Acc 98.590 Time 211.14s
INFO:trainer:Epoch 27/30 | Train/Loss 0.090 Acc 0.976 | Val/Loss 0.052 Acc 98.470 Time 211.06s
INFO:trainer:Epoch 28/30 | Train/Loss 0.092 Acc 0.974 | Val/Loss 0.067 Acc 98.000 Time 211.23s
INFO:trainer:Epoch 29/30 | Train/Loss 0.090 Acc 0.975 | Val/Loss 0.065 Acc 98.200 Time 210.92s
INFO:trainer:Epoch 30/30 | Train/Loss 0.090 Acc 0.975 | Val/Loss 0.051 Acc 98.470 Time 211.23s
INFO:trainer:Best validation accuracy:98.630%
INFO:trainer:Average_Time 211.27s
