INFO:trainer:FFT_CNNEx | mnist
INFO:trainer:in_size : 128 | epochs : 30 | batch : 32
INFO:trainer:kernel_l1 : 65 | kernel_l2 : 30 | kernel_l3 : 20 kernel_l4 : 10 | kernel_l5 : 7 
INFO:trainer:o_channels_l1 : 20 | o_channels_l2 : 30 | o_channels_l3 : 10 o_channels_l4 : 10 | o_channels_l5 : 50 
INFO:trainer::::::::::::::::::::::::::::::::::::::::::::::::::::::::::::
INFO:trainer:Epoch 1/30 | Train/Loss 0.430 Acc 0.882 | Val/Loss 0.133 Acc 96.250 Time 189.33s
INFO:trainer:Epoch 2/30 | Train/Loss 0.233 Acc 0.940 | Val/Loss 0.107 Acc 96.990 Time 187.80s
INFO:trainer:Epoch 3/30 | Train/Loss 0.188 Acc 0.951 | Val/Loss 0.083 Acc 97.770 Time 188.16s
INFO:trainer:Epoch 4/30 | Train/Loss 0.176 Acc 0.955 | Val/Loss 0.072 Acc 97.750 Time 187.57s
INFO:trainer:Epoch 5/30 | Train/Loss 0.154 Acc 0.961 | Val/Loss 0.068 Acc 98.180 Time 187.97s
INFO:trainer:Epoch 6/30 | Train/Loss 0.145 Acc 0.964 | Val/Loss 0.071 Acc 98.150 Time 187.86s
INFO:trainer:Epoch 7/30 | Train/Loss 0.135 Acc 0.966 | Val/Loss 0.055 Acc 98.490 Time 188.31s
INFO:trainer:Epoch 8/30 | Train/Loss 0.128 Acc 0.967 | Val/Loss 0.057 Acc 98.330 Time 188.05s
INFO:trainer:Epoch 9/30 | Train/Loss 0.126 Acc 0.968 | Val/Loss 0.056 Acc 98.410 Time 188.30s
INFO:trainer:Epoch 10/30 | Train/Loss 0.118 Acc 0.971 | Val/Loss 0.053 Acc 98.520 Time 188.35s
INFO:trainer:Epoch 11/30 | Train/Loss 0.115 Acc 0.971 | Val/Loss 0.062 Acc 98.420 Time 188.28s
INFO:trainer:Epoch 12/30 | Train/Loss 0.113 Acc 0.971 | Val/Loss 0.049 Acc 98.740 Time 188.18s
INFO:trainer:Epoch 13/30 | Train/Loss 0.108 Acc 0.973 | Val/Loss 0.057 Acc 98.280 Time 188.28s
INFO:trainer:Epoch 14/30 | Train/Loss 0.110 Acc 0.972 | Val/Loss 0.064 Acc 98.070 Time 188.01s
INFO:trainer:Epoch 15/30 | Train/Loss 0.105 Acc 0.973 | Val/Loss 0.054 Acc 98.630 Time 188.40s
INFO:trainer:Epoch 16/30 | Train/Loss 0.106 Acc 0.973 | Val/Loss 0.048 Acc 98.880 Time 187.66s
INFO:trainer:Epoch 17/30 | Train/Loss 0.100 Acc 0.975 | Val/Loss 0.046 Acc 98.780 Time 187.58s
INFO:trainer:Epoch 18/30 | Train/Loss 0.101 Acc 0.974 | Val/Loss 0.043 Acc 98.710 Time 187.83s
INFO:trainer:Epoch 19/30 | Train/Loss 0.097 Acc 0.975 | Val/Loss 0.053 Acc 98.560 Time 188.14s
INFO:trainer:Epoch 20/30 | Train/Loss 0.101 Acc 0.975 | Val/Loss 0.057 Acc 98.450 Time 187.68s
INFO:trainer:Epoch 21/30 | Train/Loss 0.097 Acc 0.975 | Val/Loss 0.050 Acc 98.630 Time 187.92s
INFO:trainer:Epoch 22/30 | Train/Loss 0.099 Acc 0.976 | Val/Loss 0.043 Acc 98.870 Time 187.91s
INFO:trainer:Epoch 23/30 | Train/Loss 0.094 Acc 0.976 | Val/Loss 0.049 Acc 98.600 Time 187.80s
INFO:trainer:Epoch 24/30 | Train/Loss 0.096 Acc 0.976 | Val/Loss 0.045 Acc 98.740 Time 187.83s
INFO:trainer:Epoch 25/30 | Train/Loss 0.093 Acc 0.976 | Val/Loss 0.043 Acc 98.750 Time 187.71s
INFO:trainer:Epoch 26/30 | Train/Loss 0.094 Acc 0.976 | Val/Loss 0.046 Acc 98.630 Time 187.55s
INFO:trainer:Epoch 27/30 | Train/Loss 0.092 Acc 0.977 | Val/Loss 0.060 Acc 98.590 Time 187.90s
INFO:trainer:Epoch 28/30 | Train/Loss 0.094 Acc 0.976 | Val/Loss 0.049 Acc 98.490 Time 187.50s
INFO:trainer:Epoch 29/30 | Train/Loss 0.091 Acc 0.977 | Val/Loss 0.056 Acc 98.630 Time 187.35s
INFO:trainer:Epoch 30/30 | Train/Loss 0.089 Acc 0.978 | Val/Loss 0.045 Acc 98.740 Time 188.23s
INFO:trainer:Best validation accuracy:98.880%
INFO:trainer:Average_Time 187.98s
