INFO:trainer:FFT_CNNEx | mnist
INFO:trainer:in_size : 256 | epochs : 30 | batch : 32
INFO:trainer:kernel_l1 : 160 | kernel_l2 : 65 | kernel_l3 : 33 
INFO:trainer:o_channels_l1 : 10 | o_channels_l2 : 10 | o_channels_l3 : 10 
INFO:trainer:learn_num_train : 100 | learn_num_validate : 100 
INFO:trainer::::::::::::::::::::::::::::::::::::::::::::::::::::::::::::
INFO:trainer:Epoch 1/30 | Train/Loss 1.776 Acc 0.369 | Val/Loss 1.047 Acc 69.188 Time 19.01s
INFO:trainer:Epoch 2/30 | Train/Loss 1.376 Acc 0.497 | Val/Loss 0.820 Acc 75.875 Time 18.69s
INFO:trainer:Epoch 3/30 | Train/Loss 1.252 Acc 0.542 | Val/Loss 0.674 Acc 82.625 Time 19.20s
INFO:trainer:Epoch 4/30 | Train/Loss 1.141 Acc 0.573 | Val/Loss 0.672 Acc 81.094 Time 19.13s
INFO:trainer:Epoch 5/30 | Train/Loss 1.135 Acc 0.597 | Val/Loss 0.634 Acc 84.688 Time 19.15s
INFO:trainer:Epoch 6/30 | Train/Loss 1.098 Acc 0.613 | Val/Loss 0.561 Acc 87.344 Time 18.88s
INFO:trainer:Epoch 7/30 | Train/Loss 1.071 Acc 0.612 | Val/Loss 0.511 Acc 88.594 Time 19.45s
INFO:trainer:Epoch 8/30 | Train/Loss 1.059 Acc 0.618 | Val/Loss 0.535 Acc 85.281 Time 18.96s
INFO:trainer:Epoch 9/30 | Train/Loss 1.021 Acc 0.628 | Val/Loss 0.459 Acc 88.750 Time 18.97s
INFO:trainer:Epoch 10/30 | Train/Loss 1.021 Acc 0.631 | Val/Loss 0.455 Acc 88.750 Time 18.65s
INFO:trainer:Epoch 11/30 | Train/Loss 1.016 Acc 0.627 | Val/Loss 0.416 Acc 90.125 Time 19.26s
INFO:trainer:Epoch 12/30 | Train/Loss 1.025 Acc 0.637 | Val/Loss 0.466 Acc 87.781 Time 18.90s
INFO:trainer:Epoch 13/30 | Train/Loss 0.978 Acc 0.649 | Val/Loss 0.428 Acc 89.781 Time 18.94s
INFO:trainer:Epoch 14/30 | Train/Loss 1.029 Acc 0.626 | Val/Loss 0.439 Acc 89.375 Time 19.00s
INFO:trainer:Epoch 15/30 | Train/Loss 1.000 Acc 0.631 | Val/Loss 0.400 Acc 91.688 Time 18.95s
INFO:trainer:Epoch 16/30 | Train/Loss 1.051 Acc 0.622 | Val/Loss 0.419 Acc 90.250 Time 18.94s
INFO:trainer:Epoch 17/30 | Train/Loss 0.977 Acc 0.647 | Val/Loss 0.367 Acc 92.125 Time 18.98s
INFO:trainer:Epoch 18/30 | Train/Loss 0.938 Acc 0.668 | Val/Loss 0.373 Acc 91.812 Time 18.84s
INFO:trainer:Epoch 19/30 | Train/Loss 0.898 Acc 0.678 | Val/Loss 0.379 Acc 89.312 Time 19.09s
INFO:trainer:Epoch 20/30 | Train/Loss 0.954 Acc 0.652 | Val/Loss 0.379 Acc 91.812 Time 19.28s
INFO:trainer:Epoch 21/30 | Train/Loss 0.915 Acc 0.668 | Val/Loss 0.364 Acc 90.469 Time 19.20s
