INFO:trainer:FFT_CNNEx | mnist
INFO:trainer:in_size : 128 | epochs : 30 | batch : 1
INFO:trainer:kernel_l1 : 65 | kernel_l2 : 33 | kernel_l3 : 17 
INFO:trainer:o_channels_l1 : 30 | o_channels_l2 : 20 | o_channels_l3 : 10 
INFO:trainer:learn_num_train : 500 | learn_num_validate : 500 
INFO:trainer::::::::::::::::::::::::::::::::::::::::::::::::::::::::::::
INFO:trainer:Epoch 1/30 | Train/Loss 7.612 Acc 0.432 | Val/Loss 4.045 Acc 49.400 Time 10.92s
INFO:trainer:Epoch 2/30 | Train/Loss 2.264 Acc 0.664 | Val/Loss 4.767 Acc 51.400 Time 10.20s
INFO:trainer:Epoch 3/30 | Train/Loss 1.472 Acc 0.708 | Val/Loss 4.101 Acc 45.400 Time 10.77s
INFO:trainer:Epoch 4/30 | Train/Loss 0.938 Acc 0.758 | Val/Loss 2.636 Acc 44.000 Time 9.90s
INFO:trainer:Epoch 5/30 | Train/Loss 0.738 Acc 0.794 | Val/Loss 2.377 Acc 54.800 Time 10.43s
INFO:trainer:Epoch 6/30 | Train/Loss 0.785 Acc 0.804 | Val/Loss 1.745 Acc 50.000 Time 10.69s
INFO:trainer:Epoch 7/30 | Train/Loss 0.681 Acc 0.792 | Val/Loss 1.847 Acc 52.000 Time 10.44s
INFO:trainer:Epoch 8/30 | Train/Loss 0.713 Acc 0.800 | Val/Loss 2.378 Acc 54.200 Time 10.36s
INFO:trainer:Epoch 9/30 | Train/Loss 0.598 Acc 0.816 | Val/Loss 3.089 Acc 43.000 Time 10.14s
INFO:trainer:Epoch 10/30 | Train/Loss 0.513 Acc 0.864 | Val/Loss 4.483 Acc 45.000 Time 10.30s
INFO:trainer:Epoch 11/30 | Train/Loss 0.569 Acc 0.836 | Val/Loss 7.393 Acc 43.200 Time 10.31s
INFO:trainer:Epoch 12/30 | Train/Loss 0.765 Acc 0.772 | Val/Loss 3.946 Acc 43.800 Time 10.24s
INFO:trainer:Epoch 13/30 | Train/Loss 0.675 Acc 0.808 | Val/Loss 4.487 Acc 40.200 Time 9.74s
INFO:trainer:Epoch 14/30 | Train/Loss 0.579 Acc 0.830 | Val/Loss 8.338 Acc 27.600 Time 10.18s
INFO:trainer:Epoch 15/30 | Train/Loss 0.560 Acc 0.826 | Val/Loss 4.047 Acc 46.200 Time 10.30s
INFO:trainer:Epoch 16/30 | Train/Loss 0.458 Acc 0.862 | Val/Loss 3.493 Acc 45.000 Time 10.11s
INFO:trainer:Epoch 17/30 | Train/Loss 0.553 Acc 0.844 | Val/Loss 3.521 Acc 46.000 Time 9.09s
INFO:trainer:Epoch 18/30 | Train/Loss 0.444 Acc 0.888 | Val/Loss 6.185 Acc 47.600 Time 10.06s
INFO:trainer:Epoch 19/30 | Train/Loss 0.627 Acc 0.828 | Val/Loss 6.459 Acc 45.400 Time 9.34s
