INFO:trainer:FFT_CNNEx | mnist
INFO:trainer:in_size : 128 | epochs : 30 | batch : 1
INFO:trainer:kernel_l1 : 65 | kernel_l2 : 33 | kernel_l3 : 17 
INFO:trainer:o_channels_l1 : 30 | o_channels_l2 : 20 | o_channels_l3 : 10 
INFO:trainer:learn_num_train : 100 | learn_num_validate : 100 
INFO:trainer::::::::::::::::::::::::::::::::::::::::::::::::::::::::::::
INFO:trainer:Epoch 1/30 | Train/Loss 13.468 Acc 0.210 | Val/Loss 24.589 Acc 29.000 Time 2.32s
INFO:trainer:Epoch 2/30 | Train/Loss 8.995 Acc 0.350 | Val/Loss 9.769 Acc 40.000 Time 2.23s
INFO:trainer:Epoch 3/30 | Train/Loss 7.618 Acc 0.410 | Val/Loss 13.156 Acc 17.000 Time 2.21s
INFO:trainer:Epoch 4/30 | Train/Loss 6.218 Acc 0.380 | Val/Loss 5.375 Acc 51.000 Time 2.17s
INFO:trainer:Epoch 5/30 | Train/Loss 4.394 Acc 0.520 | Val/Loss 8.718 Acc 34.000 Time 2.34s
INFO:trainer:Epoch 6/30 | Train/Loss 3.914 Acc 0.490 | Val/Loss 6.058 Acc 41.000 Time 2.24s
INFO:trainer:Epoch 7/30 | Train/Loss 2.390 Acc 0.640 | Val/Loss 4.858 Acc 34.000 Time 2.25s
INFO:trainer:Epoch 8/30 | Train/Loss 2.621 Acc 0.550 | Val/Loss 4.340 Acc 37.000 Time 2.31s
INFO:trainer:Epoch 9/30 | Train/Loss 2.291 Acc 0.620 | Val/Loss 4.104 Acc 37.000 Time 2.19s
INFO:trainer:Epoch 10/30 | Train/Loss 2.348 Acc 0.540 | Val/Loss 4.213 Acc 42.000 Time 2.14s
INFO:trainer:Epoch 11/30 | Train/Loss 1.186 Acc 0.740 | Val/Loss 2.953 Acc 53.000 Time 2.18s
INFO:trainer:Epoch 12/30 | Train/Loss 1.413 Acc 0.710 | Val/Loss 2.160 Acc 56.000 Time 2.30s
INFO:trainer:Epoch 13/30 | Train/Loss 1.108 Acc 0.710 | Val/Loss 2.027 Acc 61.000 Time 2.23s
INFO:trainer:Epoch 14/30 | Train/Loss 0.946 Acc 0.730 | Val/Loss 2.855 Acc 46.000 Time 2.26s
