INFO:trainer_layer:CNNEx | mnist
INFO:trainer_layer:in_size : 256 | epochs : 1 | batch : 1
INFO:trainer_layer:kernel_l1 : 129 | 
INFO:trainer_layer:o_channels_l1 : 20 | 
INFO:trainer_layer::::::::::::::::::::::::::::::::::::::::::::::::::::::::::::
INFO:trainer_layer:message : cnn_conv1 
INFO:trainer_layer::::::::::::::::::::::::::::::::::::::::::::::::::::::::::::
INFO:trainer_layer:Ave_Time : 6.930282831192017
INFO:trainer_layer::::::::::::::::::::::::::::::::::::::::::::::::::::::::::::
INFO:trainer_layer:9.436368942260742
INFO:trainer_layer:9.912967681884766
INFO:trainer_layer:11.005640029907227
INFO:trainer_layer:9.364843368530273
INFO:trainer_layer:9.642601013183594
INFO:trainer_layer:11.194229125976562
INFO:trainer_layer:9.932756423950195
INFO:trainer_layer:9.333133697509766
INFO:trainer_layer:10.699033737182617
INFO:trainer_layer:9.783506393432617
INFO:trainer_layer:8.645057678222656
INFO:trainer_layer:10.030984878540039
INFO:trainer_layer:6.333112716674805
INFO:trainer_layer:7.46917724609375
INFO:trainer_layer:6.34455680847168
INFO:trainer_layer:7.711648941040039
INFO:trainer_layer:6.286144256591797
INFO:trainer_layer:7.61103630065918
INFO:trainer_layer:6.31260871887207
INFO:trainer_layer:7.642507553100586
INFO:trainer_layer:6.289243698120117
INFO:trainer_layer:6.906032562255859
INFO:trainer_layer:6.359338760375977
INFO:trainer_layer:7.531404495239258
INFO:trainer_layer:6.9026947021484375
INFO:trainer_layer:6.372690200805664
INFO:trainer_layer:6.940364837646484
INFO:trainer_layer:6.406545639038086
INFO:trainer_layer:6.666421890258789
INFO:trainer_layer:6.32786750793457
INFO:trainer_layer:6.807565689086914
INFO:trainer_layer:6.4220428466796875
INFO:trainer_layer:6.268501281738281
INFO:trainer_layer:6.535768508911133
INFO:trainer_layer:6.250143051147461
INFO:trainer_layer:7.343053817749023
INFO:trainer_layer:6.2465667724609375
INFO:trainer_layer:7.793903350830078
INFO:trainer_layer:6.381034851074219
INFO:trainer_layer:7.485628128051758
INFO:trainer_layer:6.360530853271484
INFO:trainer_layer:7.486581802368164
INFO:trainer_layer:6.351232528686523
INFO:trainer_layer:8.670330047607422
INFO:trainer_layer:6.363630294799805
INFO:trainer_layer:7.589817047119141
INFO:trainer_layer:6.740093231201172
INFO:trainer_layer:6.417036056518555
INFO:trainer_layer:6.82520866394043
INFO:trainer_layer:6.408929824829102
INFO:trainer_layer:7.746219635009766
INFO:trainer_layer:6.392955780029297
INFO:trainer_layer:7.471561431884766
INFO:trainer_layer:6.5555572509765625
INFO:trainer_layer:7.302999496459961
INFO:trainer_layer:6.380319595336914
INFO:trainer_layer:7.730722427368164
INFO:trainer_layer:6.386280059814453
INFO:trainer_layer:7.907390594482422
INFO:trainer_layer:6.398200988769531
INFO:trainer_layer:6.6089630126953125
INFO:trainer_layer:6.372213363647461
INFO:trainer_layer:7.721662521362305
INFO:trainer_layer:6.374835968017578
INFO:trainer_layer:7.938385009765625
INFO:trainer_layer:6.372213363647461
INFO:trainer_layer:7.849693298339844
INFO:trainer_layer:6.3648223876953125
INFO:trainer_layer:7.568120956420898
INFO:trainer_layer:6.904363632202148
INFO:trainer_layer:6.340503692626953
INFO:trainer_layer:6.90150260925293
INFO:trainer_layer:6.388425827026367
INFO:trainer_layer:6.935596466064453
INFO:trainer_layer:6.482362747192383
INFO:trainer_layer:6.807565689086914
INFO:trainer_layer:6.562948226928711
INFO:trainer_layer:6.845951080322266
INFO:trainer_layer:7.426261901855469
INFO:trainer_layer:6.8721771240234375
INFO:trainer_layer:6.343841552734375
INFO:trainer_layer:6.84809684753418
INFO:trainer_layer:6.430864334106445
INFO:trainer_layer:6.360054016113281
INFO:trainer_layer:7.187128067016602
INFO:trainer_layer:6.345033645629883
INFO:trainer_layer:7.747173309326172
INFO:trainer_layer:6.911277770996094
INFO:trainer_layer:7.5893402099609375
INFO:trainer_layer:7.212400436401367
INFO:trainer_layer:6.334066390991211
INFO:trainer_layer:6.947517395019531
INFO:trainer_layer:6.387948989868164
INFO:trainer_layer:6.729602813720703
INFO:trainer_layer:6.331205368041992
INFO:trainer_layer:6.814718246459961
INFO:trainer_layer:6.356239318847656
INFO:trainer_layer:6.848812103271484
INFO:trainer_layer:7.286787033081055
INFO:trainer_layer:6.820917129516602
INFO:trainer_layer:7.242918014526367
INFO:trainer_layer:7.67970085144043
INFO:trainer_layer:6.3915252685546875
INFO:trainer_layer:6.76274299621582
INFO:trainer_layer:7.21287727355957
INFO:trainer_layer:6.773948669433594
INFO:trainer_layer:7.175445556640625
INFO:trainer_layer:6.844758987426758
INFO:trainer_layer:7.283449172973633
INFO:trainer_layer:6.914854049682617
INFO:trainer_layer:6.335258483886719
INFO:trainer_layer:6.88934326171875
INFO:trainer_layer:6.305694580078125
INFO:trainer_layer:6.848335266113281
INFO:trainer_layer:6.392240524291992
INFO:trainer_layer:6.340980529785156
INFO:trainer_layer:6.753683090209961
INFO:trainer_layer:6.338596343994141
INFO:trainer_layer:7.942676544189453
INFO:trainer_layer:6.388664245605469
INFO:trainer_layer:7.612466812133789
INFO:trainer_layer:6.359100341796875
INFO:trainer_layer:6.7005157470703125
INFO:trainer_layer:6.354093551635742
INFO:trainer_layer:7.396221160888672
INFO:trainer_layer:6.897926330566406
INFO:trainer_layer:7.429361343383789
INFO:trainer_layer:6.934881210327148
INFO:trainer_layer:6.405115127563477
INFO:trainer_layer:6.937265396118164
INFO:trainer_layer:7.184743881225586
INFO:trainer_layer:6.905317306518555
INFO:trainer_layer:7.3719024658203125
INFO:trainer_layer:7.178544998168945
INFO:trainer_layer:6.30640983581543
INFO:trainer_layer:6.888389587402344
INFO:trainer_layer:6.3934326171875
INFO:trainer_layer:6.867408752441406
INFO:trainer_layer:7.77125358581543
INFO:trainer_layer:6.911993026733398
INFO:trainer_layer:6.563663482666016
INFO:trainer_layer:6.888151168823242
INFO:trainer_layer:6.422996520996094
INFO:trainer_layer:6.859302520751953
INFO:trainer_layer:7.345676422119141
INFO:trainer_layer:6.911993026733398
INFO:trainer_layer:7.350921630859375
INFO:trainer_layer:6.844043731689453
INFO:trainer_layer:6.433963775634766
INFO:trainer_layer:6.886005401611328
INFO:trainer_layer:6.852388381958008
INFO:trainer_layer:6.940603256225586
INFO:trainer_layer:7.729291915893555
INFO:trainer_layer:6.869316101074219
INFO:trainer_layer:7.961034774780273
INFO:trainer_layer:8.423805236816406
INFO:trainer_layer:7.217168807983398
INFO:trainer_layer:7.40814208984375
INFO:trainer_layer:6.340742111206055
INFO:trainer_layer:8.263826370239258
INFO:trainer_layer:6.31260871887207
INFO:trainer_layer:7.419586181640625
INFO:trainer_layer:6.309747695922852
INFO:trainer_layer:7.530927658081055
INFO:trainer_layer:6.303548812866211
INFO:trainer_layer:7.485151290893555
INFO:trainer_layer:6.311893463134766
INFO:trainer_layer:7.841587066650391
INFO:trainer_layer:6.353855133056641
INFO:trainer_layer:7.603168487548828
INFO:trainer_layer:6.780862808227539
INFO:trainer_layer:6.422281265258789
INFO:trainer_layer:6.309032440185547
INFO:trainer_layer:6.605863571166992
INFO:trainer_layer:6.282329559326172
INFO:trainer_layer:7.418632507324219
INFO:trainer_layer:6.869316101074219
INFO:trainer_layer:7.330179214477539
INFO:trainer_layer:6.815910339355469
INFO:trainer_layer:6.3953399658203125
INFO:trainer_layer:6.886720657348633
INFO:trainer_layer:6.435632705688477
INFO:trainer_layer:6.829738616943359
INFO:trainer_layer:6.367206573486328
INFO:trainer_layer:6.799459457397461
INFO:trainer_layer:6.825447082519531
INFO:trainer_layer:6.743431091308594
INFO:trainer_layer:6.425380706787109
INFO:trainer_layer:6.710290908813477
INFO:trainer_layer:6.466150283813477
INFO:trainer_layer:8.319616317749023
INFO:trainer_layer:6.354808807373047
INFO:trainer_layer:8.639335632324219
INFO:trainer_layer:6.325244903564453
INFO:trainer_layer:7.293701171875
INFO:trainer_layer:6.342649459838867
INFO:trainer_layer:8.377790451049805
INFO:trainer_layer:6.352901458740234
INFO:trainer_layer:7.256746292114258
INFO:trainer_layer:6.37507438659668
INFO:trainer_layer:7.536172866821289
INFO:trainer_layer:6.357669830322266
INFO:trainer_layer:8.519411087036133
INFO:trainer_layer:6.356954574584961
INFO:trainer_layer:8.121490478515625
INFO:trainer_layer:6.326913833618164
INFO:trainer_layer:7.5550079345703125
INFO:trainer_layer:6.336212158203125
INFO:trainer_layer:8.028507232666016
INFO:trainer_layer:6.351709365844727
INFO:trainer_layer:8.340120315551758
INFO:trainer_layer:6.338596343994141
INFO:trainer_layer:7.535696029663086
INFO:trainer_layer:6.349802017211914
INFO:trainer_layer:7.981061935424805
INFO:trainer_layer:6.346464157104492
INFO:trainer_layer:8.119344711303711
INFO:trainer_layer:6.341695785522461
INFO:trainer_layer:7.356166839599609
INFO:trainer_layer:6.428956985473633
INFO:trainer_layer:6.30497932434082
INFO:trainer_layer:7.5206756591796875
INFO:trainer_layer:7.545948028564453
INFO:trainer_layer:6.410837173461914
INFO:trainer_layer:7.601499557495117
INFO:trainer_layer:6.280660629272461
INFO:trainer_layer:6.281614303588867
INFO:trainer_layer:6.351947784423828
INFO:trainer_layer:7.51495361328125
INFO:trainer_layer:6.297826766967773
INFO:trainer_layer:7.229089736938477
INFO:trainer_layer:6.937980651855469
INFO:trainer_layer:6.407737731933594
INFO:trainer_layer:6.929874420166016
INFO:trainer_layer:7.440805435180664
INFO:trainer_layer:6.89387321472168
INFO:trainer_layer:6.3266754150390625
INFO:trainer_layer:6.907939910888672
INFO:trainer_layer:6.342649459838867
INFO:trainer_layer:6.876945495605469
INFO:trainer_layer:6.455183029174805
INFO:trainer_layer:6.872892379760742
INFO:trainer_layer:6.376981735229492
INFO:trainer_layer:6.352901458740234
INFO:trainer_layer:7.608652114868164
INFO:trainer_layer:6.355047225952148
INFO:trainer_layer:7.404804229736328
INFO:trainer_layer:6.349325180053711
INFO:trainer_layer:7.38978385925293
INFO:trainer_layer:6.3495635986328125
INFO:trainer_layer:7.526159286499023
INFO:trainer_layer:6.408452987670898
INFO:trainer_layer:7.446050643920898
INFO:trainer_layer:6.957292556762695
INFO:trainer_layer:6.392002105712891
INFO:trainer_layer:6.3648223876953125
INFO:trainer_layer:7.424354553222656
INFO:trainer_layer:6.383180618286133
INFO:trainer_layer:6.4849853515625
INFO:trainer_layer:6.419897079467773
INFO:trainer_layer:7.250308990478516
INFO:trainer_layer:6.3762664794921875
INFO:trainer_layer:6.647348403930664
INFO:trainer_layer:6.263971328735352
INFO:trainer_layer:7.202625274658203
INFO:trainer_layer:6.376504898071289
INFO:trainer_layer:7.511377334594727
INFO:trainer_layer:6.881237030029297
INFO:trainer_layer:7.151126861572266
INFO:trainer_layer:6.856441497802734
INFO:trainer_layer:6.290197372436523
INFO:trainer_layer:6.7882537841796875
INFO:trainer_layer:6.417036056518555
INFO:trainer_layer:6.824254989624023
INFO:trainer_layer:7.09843635559082
INFO:trainer_layer:6.833076477050781
INFO:trainer_layer:6.424903869628906
INFO:trainer_layer:6.843090057373047
INFO:trainer_layer:7.725954055786133
INFO:trainer_layer:6.974458694458008
INFO:trainer_layer:6.335258483886719
INFO:trainer_layer:7.482290267944336
INFO:trainer_layer:6.372928619384766
INFO:trainer_layer:7.52568244934082
INFO:trainer_layer:6.370067596435547
INFO:trainer_layer:6.825923919677734
INFO:trainer_layer:6.308317184448242
INFO:trainer_layer:7.662296295166016
INFO:trainer_layer:6.798028945922852
INFO:trainer_layer:6.415605545043945
INFO:trainer_layer:6.878137588500977
INFO:trainer_layer:6.379365921020508
INFO:trainer_layer:6.883859634399414
INFO:trainer_layer:6.479740142822266
INFO:trainer_layer:6.828784942626953
INFO:trainer_layer:7.297992706298828
INFO:trainer_layer:6.764650344848633
INFO:trainer_layer:7.238149642944336
INFO:trainer_layer:6.8817138671875
INFO:trainer_layer:6.472587585449219
INFO:trainer_layer:6.710529327392578
INFO:trainer_layer:7.094383239746094
INFO:trainer_layer:6.832361221313477
INFO:trainer_layer:6.4601898193359375
INFO:trainer_layer:6.808757781982422
INFO:trainer_layer:7.381916046142578
INFO:trainer_layer:6.833553314208984
INFO:trainer_layer:7.288217544555664
INFO:trainer_layer:6.836175918579102
INFO:trainer_layer:7.339239120483398
INFO:trainer_layer:6.790637969970703
INFO:trainer_layer:6.836891174316406
INFO:trainer_layer:6.8073272705078125
INFO:trainer_layer:6.801128387451172
INFO:trainer_layer:6.850481033325195
INFO:trainer_layer:6.443500518798828
INFO:trainer_layer:6.3076019287109375
INFO:trainer_layer:7.20667839050293
INFO:trainer_layer:6.733417510986328
INFO:trainer_layer:7.333040237426758
INFO:trainer_layer:6.838798522949219
INFO:trainer_layer:6.393194198608398
INFO:trainer_layer:6.874799728393555
INFO:trainer_layer:6.738185882568359
INFO:trainer_layer:6.83903694152832
INFO:trainer_layer:6.798744201660156
INFO:trainer_layer:6.816625595092773
INFO:trainer_layer:6.713151931762695
INFO:trainer_layer:6.850481033325195
INFO:trainer_layer:7.343292236328125
INFO:trainer_layer:6.784677505493164
INFO:trainer_layer:7.2193145751953125
INFO:trainer_layer:6.835699081420898
INFO:trainer_layer:6.91533088684082
INFO:trainer_layer:6.767988204956055
INFO:trainer_layer:7.361173629760742
INFO:trainer_layer:6.840705871582031
INFO:trainer_layer:6.403446197509766
INFO:trainer_layer:7.08460807800293
INFO:trainer_layer:6.443262100219727
INFO:trainer_layer:6.693840026855469
INFO:trainer_layer:6.839990615844727
INFO:trainer_layer:6.847620010375977
INFO:trainer_layer:6.805658340454102
INFO:trainer_layer:6.702184677124023
INFO:trainer_layer:6.784915924072266
INFO:trainer_layer:6.831884384155273
INFO:trainer_layer:6.486415863037109
INFO:trainer_layer:6.796836853027344
INFO:trainer_layer:6.963968276977539
INFO:trainer_layer:6.826877593994141
INFO:trainer_layer:6.793498992919922
INFO:trainer_layer:6.835460662841797
INFO:trainer_layer:6.379127502441406
INFO:trainer_layer:6.8340301513671875
INFO:trainer_layer:7.389307022094727
INFO:trainer_layer:6.803750991821289
INFO:trainer_layer:6.439208984375
INFO:trainer_layer:6.788969039916992
INFO:trainer_layer:6.461858749389648
INFO:trainer_layer:6.833553314208984
INFO:trainer_layer:7.27534294128418
INFO:trainer_layer:6.80994987487793
INFO:trainer_layer:7.180690765380859
INFO:trainer_layer:6.821632385253906
INFO:trainer_layer:7.306575775146484
INFO:trainer_layer:6.278514862060547
INFO:trainer_layer:6.754159927368164
INFO:trainer_layer:6.367921829223633
INFO:trainer_layer:7.9364776611328125
INFO:trainer_layer:6.297826766967773
INFO:trainer_layer:7.430553436279297
INFO:trainer_layer:6.302595138549805
INFO:trainer_layer:7.532358169555664
INFO:trainer_layer:6.343603134155273
INFO:trainer_layer:7.5855255126953125
INFO:trainer_layer:6.364107131958008
INFO:trainer_layer:9.247779846191406
INFO:trainer_layer:6.356477737426758
INFO:trainer_layer:7.59577751159668
INFO:trainer_layer:6.605386734008789
INFO:trainer_layer:6.399631500244141
INFO:trainer_layer:6.788015365600586
INFO:trainer_layer:6.382465362548828
INFO:trainer_layer:6.932735443115234
INFO:trainer_layer:6.408929824829102
INFO:trainer_layer:6.916522979736328
INFO:trainer_layer:6.433725357055664
INFO:trainer_layer:6.484270095825195
INFO:trainer_layer:6.398200988769531
INFO:trainer_layer:7.489681243896484
INFO:trainer_layer:6.410837173461914
INFO:trainer_layer:7.432222366333008
INFO:trainer_layer:6.445169448852539
INFO:trainer_layer:7.494449615478516
INFO:trainer_layer:7.157802581787109
INFO:trainer_layer:7.249116897583008
INFO:trainer_layer:7.308483123779297
INFO:trainer_layer:6.350040435791016
INFO:trainer_layer:7.2612762451171875
INFO:trainer_layer:6.357669830322266
INFO:trainer_layer:7.289409637451172
INFO:trainer_layer:6.335020065307617
INFO:trainer_layer:6.910562515258789
INFO:trainer_layer:6.32476806640625
INFO:trainer_layer:6.745338439941406
INFO:trainer_layer:6.53529167175293
INFO:trainer_layer:6.818056106567383
INFO:trainer_layer:7.109403610229492
INFO:trainer_layer:6.866693496704102
INFO:trainer_layer:6.7691802978515625
INFO:trainer_layer:6.869316101074219
INFO:trainer_layer:6.6089630126953125
INFO:trainer_layer:6.843090057373047
INFO:trainer_layer:6.826162338256836
INFO:trainer_layer:6.852388381958008
INFO:trainer_layer:7.592916488647461
INFO:trainer_layer:6.950855255126953
INFO:trainer_layer:6.30640983581543
INFO:trainer_layer:6.374359130859375
INFO:trainer_layer:6.647348403930664
INFO:trainer_layer:6.340980529785156
INFO:trainer_layer:7.71331787109375
INFO:trainer_layer:6.337642669677734
INFO:trainer_layer:6.724834442138672
INFO:trainer_layer:6.3381195068359375
INFO:trainer_layer:7.376670837402344
INFO:trainer_layer:6.328821182250977
INFO:trainer_layer:7.743358612060547
INFO:trainer_layer:6.339550018310547
INFO:trainer_layer:7.818698883056641
INFO:trainer_layer:6.375551223754883
INFO:trainer_layer:7.4920654296875
INFO:trainer_layer:6.801605224609375
INFO:trainer_layer:6.488800048828125
INFO:trainer_layer:6.8264007568359375
INFO:trainer_layer:6.416797637939453
INFO:trainer_layer:6.3610076904296875
INFO:trainer_layer:7.070779800415039
INFO:trainer_layer:6.345272064208984
INFO:trainer_layer:7.690668106079102
INFO:trainer_layer:6.360530853271484
INFO:trainer_layer:7.8334808349609375
INFO:trainer_layer:6.2961578369140625
INFO:trainer_layer:7.771968841552734
INFO:trainer_layer:6.380558013916016
INFO:trainer_layer:6.989240646362305
INFO:trainer_layer:6.943464279174805
INFO:trainer_layer:7.178544998168945
INFO:trainer_layer:6.351947784423828
INFO:trainer_layer:6.864070892333984
INFO:trainer_layer:6.332874298095703
INFO:trainer_layer:7.723093032836914
INFO:trainer_layer:6.935358047485352
INFO:trainer_layer:6.351232528686523
INFO:trainer_layer:6.873846054077148
INFO:trainer_layer:7.216930389404297
INFO:trainer_layer:6.948709487915039
INFO:trainer_layer:6.340742111206055
INFO:trainer_layer:6.804943084716797
INFO:trainer_layer:6.327629089355469
INFO:trainer_layer:6.881237030029297
INFO:trainer_layer:6.349802017211914
INFO:trainer_layer:6.824970245361328
INFO:trainer_layer:6.444692611694336
INFO:trainer_layer:6.83903694152832
INFO:trainer_layer:6.7901611328125
INFO:trainer_layer:6.891012191772461
INFO:trainer_layer:6.451129913330078
INFO:trainer_layer:6.827592849731445
INFO:trainer_layer:6.493330001831055
INFO:trainer_layer:6.878137588500977
INFO:trainer_layer:6.734132766723633
INFO:trainer_layer:6.961584091186523
INFO:trainer_layer:6.3724517822265625
INFO:trainer_layer:6.796836853027344
INFO:trainer_layer:6.463527679443359
INFO:trainer_layer:6.9599151611328125
INFO:trainer_layer:6.470203399658203
INFO:trainer_layer:6.962060928344727
INFO:trainer_layer:6.532907485961914
INFO:trainer_layer:7.09986686706543
INFO:trainer_layer:6.8302154541015625
INFO:trainer_layer:6.67572021484375
INFO:trainer_layer:6.822347640991211
INFO:trainer_layer:6.394863128662109
INFO:trainer_layer:7.822751998901367
INFO:trainer_layer:6.398200988769531
INFO:trainer_layer:7.685184478759766
INFO:trainer_layer:6.3495635986328125
INFO:trainer_layer:6.739377975463867
INFO:trainer_layer:6.374835968017578
INFO:trainer_layer:7.936716079711914
INFO:trainer_layer:6.412029266357422
INFO:trainer_layer:7.845163345336914
INFO:trainer_layer:6.375312805175781
INFO:trainer_layer:7.72547721862793
INFO:trainer_layer:6.346464157104492
INFO:trainer_layer:7.434844970703125
INFO:trainer_layer:6.362199783325195
INFO:trainer_layer:7.838726043701172
INFO:trainer_layer:6.820201873779297
INFO:trainer_layer:7.256507873535156
INFO:trainer_layer:6.892681121826172
INFO:trainer_layer:7.082223892211914
INFO:trainer_layer:6.841897964477539
INFO:trainer_layer:6.344795227050781
INFO:trainer_layer:6.885528564453125
INFO:trainer_layer:6.371736526489258
INFO:trainer_layer:6.875753402709961
INFO:trainer_layer:6.360054016113281
INFO:trainer_layer:7.514715194702148
INFO:trainer_layer:6.361722946166992
INFO:trainer_layer:7.706165313720703
INFO:trainer_layer:6.335020065307617
INFO:trainer_layer:7.588624954223633
INFO:trainer_layer:6.313562393188477
INFO:trainer_layer:7.71784782409668
INFO:trainer_layer:6.3114166259765625
INFO:trainer_layer:7.609844207763672
INFO:trainer_layer:6.323099136352539
INFO:trainer_layer:7.554769515991211
INFO:trainer_layer:6.308794021606445
INFO:trainer_layer:7.690191268920898
INFO:trainer_layer:6.293535232543945
INFO:trainer_layer:7.320642471313477
INFO:trainer_layer:6.298303604125977
INFO:trainer_layer:7.321357727050781
INFO:trainer_layer:6.345987319946289
INFO:trainer_layer:6.850957870483398
INFO:trainer_layer:6.3037872314453125
INFO:trainer_layer:6.7462921142578125
INFO:trainer_layer:6.327390670776367
INFO:trainer_layer:6.875038146972656
INFO:trainer_layer:6.352663040161133
INFO:trainer_layer:6.860256195068359
INFO:trainer_layer:6.392955780029297
INFO:trainer_layer:6.359338760375977
INFO:trainer_layer:6.913423538208008
INFO:trainer_layer:6.29734992980957
INFO:trainer_layer:7.854938507080078
INFO:trainer_layer:6.366968154907227
INFO:trainer_layer:7.848024368286133
INFO:trainer_layer:6.355762481689453
INFO:trainer_layer:7.122516632080078
INFO:trainer_layer:6.374597549438477
INFO:trainer_layer:7.75909423828125
INFO:trainer_layer:6.3648223876953125
INFO:trainer_layer:7.847070693969727
INFO:trainer_layer:6.359577178955078
INFO:trainer_layer:7.85517692565918
INFO:trainer_layer:6.384372711181641
INFO:trainer_layer:7.494449615478516
INFO:trainer_layer:6.392717361450195
INFO:trainer_layer:6.774663925170898
INFO:trainer_layer:6.340980529785156
INFO:trainer_layer:7.783651351928711
INFO:trainer_layer:6.343603134155273
INFO:trainer_layer:7.576704025268555
INFO:trainer_layer:6.903171539306641
INFO:trainer_layer:6.354570388793945
INFO:trainer_layer:6.880998611450195
INFO:trainer_layer:6.372928619384766
INFO:trainer_layer:6.853342056274414
INFO:trainer_layer:6.370306015014648
INFO:trainer_layer:6.344318389892578
INFO:trainer_layer:6.796836853027344
INFO:trainer_layer:6.347894668579102
INFO:trainer_layer:7.569074630737305
INFO:trainer_layer:6.345510482788086
INFO:trainer_layer:7.835626602172852
INFO:trainer_layer:6.336212158203125
INFO:trainer_layer:7.872343063354492
INFO:trainer_layer:6.333589553833008
INFO:trainer_layer:7.395505905151367
INFO:trainer_layer:6.360292434692383
INFO:trainer_layer:7.896184921264648
INFO:trainer_layer:7.747411727905273
INFO:trainer_layer:6.371498107910156
INFO:trainer_layer:7.824182510375977
INFO:trainer_layer:6.407499313354492
INFO:trainer_layer:7.279634475708008
INFO:trainer_layer:6.345033645629883
INFO:trainer_layer:7.663965225219727
INFO:trainer_layer:6.359338760375977
INFO:trainer_layer:7.338047027587891
INFO:trainer_layer:6.335020065307617
INFO:trainer_layer:8.010149002075195
INFO:trainer_layer:6.340265274047852
INFO:trainer_layer:7.350444793701172
INFO:trainer_layer:6.335973739624023
INFO:trainer_layer:7.255792617797852
INFO:trainer_layer:6.321907043457031
INFO:trainer_layer:7.634401321411133
INFO:trainer_layer:6.326436996459961
INFO:trainer_layer:7.294893264770508
INFO:trainer_layer:6.316900253295898
INFO:trainer_layer:6.882667541503906
INFO:trainer_layer:6.3533782958984375
INFO:trainer_layer:6.757974624633789
INFO:trainer_layer:6.466865539550781
INFO:trainer_layer:6.85882568359375
INFO:trainer_layer:6.550073623657227
INFO:trainer_layer:6.708621978759766
INFO:trainer_layer:6.740808486938477
INFO:trainer_layer:6.3610076904296875
INFO:trainer_layer:7.441520690917969
INFO:trainer_layer:6.354331970214844
INFO:trainer_layer:7.75599479675293
INFO:trainer_layer:6.367921829223633
INFO:trainer_layer:7.761240005493164
INFO:trainer_layer:6.371974945068359
INFO:trainer_layer:7.428169250488281
INFO:trainer_layer:6.359338760375977
INFO:trainer_layer:7.7419281005859375
INFO:trainer_layer:6.337642669677734
INFO:trainer_layer:7.566928863525391
INFO:trainer_layer:6.333827972412109
INFO:trainer_layer:7.500171661376953
INFO:trainer_layer:6.336212158203125
INFO:trainer_layer:7.840394973754883
INFO:trainer_layer:6.340503692626953
INFO:trainer_layer:7.764577865600586
INFO:trainer_layer:6.323575973510742
INFO:trainer_layer:7.831573486328125
INFO:trainer_layer:6.331920623779297
INFO:trainer_layer:7.472991943359375
INFO:trainer_layer:6.337881088256836
INFO:trainer_layer:7.63249397277832
INFO:trainer_layer:6.369352340698242
INFO:trainer_layer:7.828474044799805
INFO:trainer_layer:6.339073181152344
INFO:trainer_layer:7.395505905151367
INFO:trainer_layer:6.333351135253906
INFO:trainer_layer:7.406473159790039
INFO:trainer_layer:6.325244903564453
INFO:trainer_layer:8.029937744140625
INFO:trainer_layer:6.3457489013671875
INFO:trainer_layer:7.449626922607422
INFO:trainer_layer:6.343603134155273
INFO:trainer_layer:8.070230484008789
INFO:trainer_layer:6.988286972045898
INFO:trainer_layer:6.367206573486328
INFO:trainer_layer:6.909847259521484
INFO:trainer_layer:7.180213928222656
INFO:trainer_layer:6.971836090087891
INFO:trainer_layer:6.34455680847168
INFO:trainer_layer:6.85429573059082
INFO:trainer_layer:6.283998489379883
INFO:trainer_layer:6.356239318847656
INFO:trainer_layer:6.732702255249023
INFO:trainer_layer:6.355762481689453
INFO:trainer_layer:7.736921310424805
INFO:trainer_layer:6.359577178955078
INFO:trainer_layer:7.456541061401367
INFO:trainer_layer:6.3629150390625
INFO:trainer_layer:7.796525955200195
INFO:trainer_layer:6.362199783325195
INFO:trainer_layer:7.757902145385742
INFO:trainer_layer:6.357908248901367
INFO:trainer_layer:7.598400115966797
INFO:trainer_layer:6.362438201904297
INFO:trainer_layer:7.846832275390625
INFO:trainer_layer:6.348609924316406
INFO:trainer_layer:7.807016372680664
INFO:trainer_layer:6.340980529785156
INFO:trainer_layer:7.5206756591796875
INFO:trainer_layer:6.359338760375977
INFO:trainer_layer:7.863283157348633
INFO:trainer_layer:6.335258483886719
INFO:trainer_layer:7.814168930053711
INFO:trainer_layer:6.328582763671875
INFO:trainer_layer:7.403135299682617
INFO:trainer_layer:6.338834762573242
INFO:trainer_layer:7.415056228637695
INFO:trainer_layer:6.369829177856445
INFO:trainer_layer:7.880926132202148
INFO:trainer_layer:6.273031234741211
INFO:trainer_layer:7.704973220825195
INFO:trainer_layer:6.347894668579102
INFO:trainer_layer:7.906436920166016
INFO:trainer_layer:6.348371505737305
INFO:trainer_layer:7.912397384643555
INFO:trainer_layer:6.380319595336914
INFO:trainer_layer:7.430076599121094
INFO:trainer_layer:6.329536437988281
INFO:trainer_layer:7.855892181396484
INFO:trainer_layer:6.353616714477539
INFO:trainer_layer:8.019208908081055
INFO:trainer_layer:6.344079971313477
INFO:trainer_layer:7.432222366333008
INFO:trainer_layer:6.3571929931640625
INFO:trainer_layer:7.926225662231445
INFO:trainer_layer:6.334066390991211
INFO:trainer_layer:7.865190505981445
INFO:trainer_layer:6.91533088684082
INFO:trainer_layer:6.4849853515625
INFO:trainer_layer:6.852626800537109
INFO:trainer_layer:7.081270217895508
INFO:trainer_layer:6.900548934936523
INFO:trainer_layer:6.290197372436523
INFO:trainer_layer:6.280422210693359
INFO:trainer_layer:7.440328598022461
INFO:trainer_layer:6.339311599731445
INFO:trainer_layer:7.739782333374023
INFO:trainer_layer:6.326913833618164
INFO:trainer_layer:7.644414901733398
INFO:trainer_layer:6.337881088256836
INFO:trainer_layer:7.747173309326172
INFO:trainer_layer:6.330251693725586
INFO:trainer_layer:7.131338119506836
INFO:trainer_layer:6.35981559753418
INFO:trainer_layer:7.711887359619141
INFO:trainer_layer:6.354808807373047
INFO:trainer_layer:7.284879684448242
INFO:trainer_layer:6.366729736328125
INFO:trainer_layer:7.16710090637207
INFO:trainer_layer:6.339788436889648
INFO:trainer_layer:7.547140121459961
INFO:trainer_layer:6.336450576782227
INFO:trainer_layer:6.745100021362305
INFO:trainer_layer:6.332874298095703
INFO:trainer_layer:7.598876953125
INFO:trainer_layer:6.375312805175781
INFO:trainer_layer:7.468223571777344
INFO:trainer_layer:6.348609924316406
INFO:trainer_layer:7.388830184936523
INFO:trainer_layer:6.344079971313477
INFO:trainer_layer:7.876157760620117
INFO:trainer_layer:6.346464157104492
INFO:trainer_layer:7.80487060546875
INFO:trainer_layer:6.335735321044922
INFO:trainer_layer:6.762981414794922
INFO:trainer_layer:6.302833557128906
INFO:trainer_layer:7.867336273193359
INFO:trainer_layer:6.339550018310547
INFO:trainer_layer:7.565736770629883
INFO:trainer_layer:6.382226943969727
INFO:trainer_layer:7.962942123413086
INFO:trainer_layer:6.409168243408203
INFO:trainer_layer:7.259130477905273
INFO:trainer_layer:6.3343048095703125
INFO:trainer_layer:7.868528366088867
INFO:trainer_layer:6.900787353515625
INFO:trainer_layer:7.357597351074219
INFO:trainer_layer:7.019996643066406
INFO:trainer_layer:6.425380706787109
INFO:trainer_layer:6.839990615844727
INFO:trainer_layer:6.3114166259765625
INFO:trainer_layer:6.833553314208984
INFO:trainer_layer:7.5588226318359375
INFO:trainer_layer:6.852149963378906
INFO:trainer_layer:6.6356658935546875
INFO:trainer_layer:6.842136383056641
INFO:trainer_layer:6.536960601806641
INFO:trainer_layer:6.864786148071289
INFO:trainer_layer:6.427526473999023
INFO:trainer_layer:6.893634796142578
INFO:trainer_layer:6.36744499206543
INFO:trainer_layer:6.912469863891602
INFO:trainer_layer:6.329536437988281
INFO:trainer_layer:6.832361221313477
INFO:trainer_layer:7.149934768676758
INFO:trainer_layer:6.8206787109375
INFO:trainer_layer:6.759405136108398
INFO:trainer_layer:6.835222244262695
INFO:trainer_layer:7.499217987060547
INFO:trainer_layer:6.890058517456055
INFO:trainer_layer:6.700992584228516
INFO:trainer_layer:6.79779052734375
INFO:trainer_layer:6.368875503540039
INFO:trainer_layer:6.349325180053711
INFO:trainer_layer:7.76982307434082
INFO:trainer_layer:6.344318389892578
INFO:trainer_layer:7.261514663696289
INFO:trainer_layer:6.342649459838867
INFO:trainer_layer:6.388187408447266
INFO:trainer_layer:6.3629150390625
INFO:trainer_layer:7.470369338989258
INFO:trainer_layer:6.377458572387695
INFO:trainer_layer:7.970571517944336
INFO:trainer_layer:6.885528564453125
INFO:trainer_layer:6.368875503540039
INFO:trainer_layer:6.916284561157227
INFO:trainer_layer:6.467580795288086
INFO:trainer_layer:6.857633590698242
INFO:trainer_layer:6.447076797485352
INFO:trainer_layer:6.816864013671875
INFO:trainer_layer:6.435871124267578
INFO:trainer_layer:6.329536437988281
INFO:trainer_layer:7.163524627685547
INFO:trainer_layer:6.360292434692383
INFO:trainer_layer:7.924079895019531
INFO:trainer_layer:6.355524063110352
INFO:trainer_layer:7.9097747802734375
INFO:trainer_layer:6.32929801940918
INFO:trainer_layer:7.204771041870117
INFO:trainer_layer:6.362676620483398
INFO:trainer_layer:7.477521896362305
INFO:trainer_layer:6.263494491577148
INFO:trainer_layer:7.587194442749023
INFO:trainer_layer:6.342649459838867
INFO:trainer_layer:7.896184921264648
INFO:trainer_layer:6.367921829223633
INFO:trainer_layer:7.7419281005859375
INFO:trainer_layer:6.328582763671875
INFO:trainer_layer:7.852792739868164
INFO:trainer_layer:6.332159042358398
INFO:trainer_layer:7.788181304931641
INFO:trainer_layer:6.345510482788086
INFO:trainer_layer:7.436275482177734
INFO:trainer_layer:6.313085556030273
INFO:trainer_layer:8.014678955078125
INFO:trainer_layer:6.967782974243164
INFO:trainer_layer:6.482839584350586
INFO:trainer_layer:6.946802139282227
INFO:trainer_layer:7.366418838500977
INFO:trainer_layer:6.894111633300781
INFO:trainer_layer:7.498741149902344
INFO:trainer_layer:7.291316986083984
INFO:trainer_layer:6.334066390991211
INFO:trainer_layer:7.292985916137695
INFO:trainer_layer:6.309986114501953
INFO:trainer_layer:7.470130920410156
INFO:trainer_layer:6.3419342041015625
INFO:trainer_layer:7.270574569702148
INFO:trainer_layer:6.874799728393555
INFO:trainer_layer:7.206201553344727
INFO:trainer_layer:7.114171981811523
INFO:trainer_layer:8.118867874145508
INFO:trainer_layer:6.274700164794922
INFO:trainer_layer:7.557392120361328
INFO:trainer_layer:6.328821182250977
INFO:trainer_layer:8.584260940551758
INFO:trainer_layer:6.307363510131836
INFO:trainer_layer:8.176803588867188
INFO:trainer_layer:6.330966949462891
INFO:trainer_layer:7.543325424194336
INFO:trainer_layer:6.42848014831543
INFO:trainer_layer:7.528781890869141
INFO:trainer_layer:6.319522857666016
INFO:trainer_layer:7.435321807861328
INFO:trainer_layer:6.300687789916992
INFO:trainer_layer:7.464885711669922
INFO:trainer_layer:6.314516067504883
INFO:trainer_layer:7.430791854858398
INFO:trainer_layer:6.315946578979492
INFO:trainer_layer:8.154630661010742
INFO:trainer_layer:6.304025650024414
INFO:trainer_layer:7.419347763061523
INFO:trainer_layer:6.289958953857422
INFO:trainer_layer:7.909297943115234
INFO:trainer_layer:6.3018798828125
INFO:trainer_layer:8.005142211914062
INFO:trainer_layer:6.308555603027344
INFO:trainer_layer:6.8645477294921875
INFO:trainer_layer:6.308078765869141
INFO:trainer_layer:7.471561431884766
INFO:trainer_layer:6.311178207397461
INFO:trainer_layer:7.878541946411133
INFO:trainer_layer:6.872653961181641
INFO:trainer_layer:7.263422012329102
INFO:trainer_layer:6.842613220214844
INFO:trainer_layer:7.264137268066406
INFO:trainer_layer:6.315469741821289
INFO:trainer_layer:6.815671920776367
INFO:trainer_layer:6.302595138549805
INFO:trainer_layer:7.5359344482421875
INFO:trainer_layer:6.295442581176758
INFO:trainer_layer:7.529497146606445
INFO:trainer_layer:6.305456161499023
INFO:trainer_layer:7.462024688720703
INFO:trainer_layer:6.879568099975586
INFO:trainer_layer:6.701946258544922
INFO:trainer_layer:8.45026969909668
INFO:trainer_layer:6.338357925415039
INFO:trainer_layer:8.003711700439453
INFO:trainer_layer:6.434440612792969
INFO:trainer_layer:8.138418197631836
INFO:trainer_layer:6.386518478393555
INFO:trainer_layer:7.368326187133789
INFO:trainer_layer:6.368398666381836
INFO:trainer_layer:8.014440536499023
INFO:trainer_layer:6.37054443359375
INFO:trainer_layer:7.966756820678711
INFO:trainer_layer:6.939172744750977
INFO:trainer_layer:7.681846618652344
INFO:trainer_layer:6.910085678100586
INFO:trainer_layer:6.796121597290039
INFO:trainer_layer:6.891727447509766
INFO:trainer_layer:7.827520370483398
INFO:trainer_layer:6.895303726196289
INFO:trainer_layer:6.440162658691406
INFO:trainer_layer:6.81614875793457
INFO:trainer_layer:6.6356658935546875
INFO:trainer_layer:6.743907928466797
INFO:trainer_layer:7.118463516235352
INFO:trainer_layer:6.726264953613281
INFO:trainer_layer:6.742954254150391
INFO:trainer_layer:6.822347640991211
INFO:trainer_layer:7.178068161010742
INFO:trainer_layer:6.827592849731445
INFO:trainer_layer:6.5746307373046875
INFO:trainer_layer:6.835460662841797
INFO:trainer_layer:6.497383117675781
INFO:trainer_layer:6.984710693359375
INFO:trainer_layer:6.308555603027344
INFO:trainer_layer:6.88934326171875
INFO:trainer_layer:6.490468978881836
INFO:trainer_layer:6.346464157104492
INFO:trainer_layer:7.165193557739258
INFO:trainer_layer:6.343841552734375
INFO:trainer_layer:7.776737213134766
INFO:trainer_layer:6.849527359008789
INFO:trainer_layer:6.428241729736328
INFO:trainer_layer:6.90150260925293
INFO:trainer_layer:6.693601608276367
INFO:trainer_layer:6.864309310913086
INFO:trainer_layer:6.317615509033203
INFO:trainer_layer:6.835460662841797
INFO:trainer_layer:7.136821746826172
INFO:trainer_layer:6.932973861694336
INFO:trainer_layer:7.122039794921875
INFO:trainer_layer:6.869792938232422
INFO:trainer_layer:6.595373153686523
INFO:trainer_layer:6.909370422363281
INFO:trainer_layer:7.011175155639648
INFO:trainer_layer:6.873607635498047
INFO:trainer_layer:7.057666778564453
INFO:trainer_layer:6.34312629699707
INFO:trainer_layer:7.304191589355469
INFO:trainer_layer:6.35528564453125
INFO:trainer_layer:7.655858993530273
INFO:trainer_layer:6.939888000488281
INFO:trainer_layer:7.782697677612305
INFO:trainer_layer:7.039546966552734
INFO:trainer_layer:6.694793701171875
INFO:trainer_layer:7.1582794189453125
INFO:trainer_layer:7.202863693237305
INFO:trainer_layer:7.550716400146484
INFO:trainer_layer:6.317615509033203
INFO:trainer_layer:8.377790451049805
INFO:trainer_layer:6.350278854370117
INFO:trainer_layer:6.340980529785156
INFO:trainer_layer:6.285429000854492
INFO:trainer_layer:7.907629013061523
INFO:trainer_layer:6.29878044128418
INFO:trainer_layer:8.149147033691406
INFO:trainer_layer:6.316661834716797
INFO:trainer_layer:7.964611053466797
INFO:trainer_layer:6.3018798828125
INFO:trainer_layer:7.963418960571289
INFO:trainer_layer:6.842851638793945
INFO:trainer_layer:6.482601165771484
INFO:trainer_layer:6.825447082519531
INFO:trainer_layer:6.491184234619141
INFO:trainer_layer:6.8111419677734375
INFO:trainer_layer:7.040500640869141
INFO:trainer_layer:6.812810897827148
INFO:trainer_layer:6.476163864135742
INFO:trainer_layer:6.303548812866211
INFO:trainer_layer:6.818532943725586
INFO:trainer_layer:6.296396255493164
INFO:trainer_layer:7.390022277832031
INFO:trainer_layer:6.292104721069336
INFO:trainer_layer:7.342100143432617
INFO:trainer_layer:6.300449371337891
INFO:trainer_layer:7.845401763916016
INFO:trainer_layer:6.286859512329102
INFO:trainer_layer:7.464408874511719
INFO:trainer_layer:6.292819976806641
INFO:trainer_layer:7.402181625366211
INFO:trainer_layer:6.290674209594727
INFO:trainer_layer:7.670164108276367
INFO:trainer_layer:6.304502487182617
INFO:trainer_layer:7.933139801025391
INFO:trainer_layer:6.316423416137695
INFO:trainer_layer:6.769895553588867
INFO:trainer_layer:6.32476806640625
INFO:trainer_layer:7.98344612121582
INFO:trainer_layer:6.788730621337891
INFO:trainer_layer:6.819248199462891
INFO:trainer_layer:6.840229034423828
INFO:trainer_layer:6.379365921020508
INFO:trainer_layer:6.85429573059082
INFO:trainer_layer:6.9904327392578125
INFO:trainer_layer:6.853342056274414
INFO:trainer_layer:6.41179084777832
INFO:trainer_layer:6.838083267211914
INFO:trainer_layer:6.795167922973633
INFO:trainer_layer:6.836175918579102
INFO:trainer_layer:6.816387176513672
INFO:trainer_layer:6.881237030029297
INFO:trainer_layer:6.825685501098633
INFO:trainer_layer:6.80232048034668
INFO:trainer_layer:6.519794464111328
INFO:trainer_layer:6.947040557861328
INFO:trainer_layer:6.402254104614258
INFO:trainer_layer:8.468389511108398
INFO:trainer_layer:6.405115127563477
