INFO:trainer_layer:CNNEx | mnist
INFO:trainer_layer:in_size : 64 | epochs : 1 | batch : 1
INFO:trainer_layer:kernel_l1 : 33 | 
INFO:trainer_layer:o_channels_l1 : 20 | 
INFO:trainer_layer::::::::::::::::::::::::::::::::::::::::::::::::::::::::::::
INFO:trainer_layer:message : cnn_conv3 
INFO:trainer_layer::::::::::::::::::::::::::::::::::::::::::::::::::::::::::::
INFO:trainer_layer:Ave_Time : 0.46166038513183594
INFO:trainer_layer::::::::::::::::::::::::::::::::::::::::::::::::::::::::::::
INFO:trainer_layer:0.5900859832763672
INFO:trainer_layer:0.35262107849121094
INFO:trainer_layer:0.2703666687011719
INFO:trainer_layer:0.41484832763671875
INFO:trainer_layer:0.48851966857910156
INFO:trainer_layer:0.6906986236572266
INFO:trainer_layer:0.6036758422851562
INFO:trainer_layer:0.5238056182861328
INFO:trainer_layer:0.4284381866455078
INFO:trainer_layer:0.3256797790527344
INFO:trainer_layer:0.34308433532714844
INFO:trainer_layer:0.5447864532470703
INFO:trainer_layer:0.7276535034179688
INFO:trainer_layer:0.3638267517089844
INFO:trainer_layer:0.36716461181640625
INFO:trainer_layer:0.36644935607910156
INFO:trainer_layer:0.37860870361328125
INFO:trainer_layer:0.4162788391113281
INFO:trainer_layer:0.6380081176757812
INFO:trainer_layer:0.5414485931396484
INFO:trainer_layer:0.9918212890625
INFO:trainer_layer:0.5540847778320312
INFO:trainer_layer:0.38623809814453125
INFO:trainer_layer:0.32806396484375
INFO:trainer_layer:0.3192424774169922
INFO:trainer_layer:0.5626678466796875
INFO:trainer_layer:0.7796287536621094
INFO:trainer_layer:0.6587505340576172
INFO:trainer_layer:0.5002021789550781
INFO:trainer_layer:0.5414485931396484
INFO:trainer_layer:0.5135536193847656
INFO:trainer_layer:0.49114227294921875
INFO:trainer_layer:0.4837512969970703
INFO:trainer_layer:0.5693435668945312
INFO:trainer_layer:0.7479190826416016
INFO:trainer_layer:0.90789794921875
INFO:trainer_layer:0.42939186096191406
INFO:trainer_layer:0.5669593811035156
INFO:trainer_layer:0.6930828094482422
INFO:trainer_layer:0.5035400390625
INFO:trainer_layer:0.4074573516845703
INFO:trainer_layer:0.46515464782714844
INFO:trainer_layer:1.4886856079101562
INFO:trainer_layer:0.4374980926513672
INFO:trainer_layer:0.5483627319335938
INFO:trainer_layer:0.47850608825683594
INFO:trainer_layer:0.4863739013671875
INFO:trainer_layer:0.44417381286621094
INFO:trainer_layer:0.5233287811279297
INFO:trainer_layer:0.5505084991455078
INFO:trainer_layer:0.5488395690917969
INFO:trainer_layer:0.6201267242431641
INFO:trainer_layer:0.5452632904052734
INFO:trainer_layer:0.5211830139160156
INFO:trainer_layer:0.4582405090332031
INFO:trainer_layer:0.42057037353515625
INFO:trainer_layer:0.4734992980957031
INFO:trainer_layer:0.39196014404296875
INFO:trainer_layer:0.4525184631347656
INFO:trainer_layer:0.4706382751464844
INFO:trainer_layer:0.6797313690185547
INFO:trainer_layer:0.45490264892578125
INFO:trainer_layer:0.3790855407714844
INFO:trainer_layer:0.4324913024902344
INFO:trainer_layer:0.4029273986816406
INFO:trainer_layer:0.45228004455566406
INFO:trainer_layer:0.35834312438964844
INFO:trainer_layer:0.4391670227050781
INFO:trainer_layer:0.33593177795410156
INFO:trainer_layer:0.5023479461669922
INFO:trainer_layer:0.6451606750488281
INFO:trainer_layer:0.47397613525390625
INFO:trainer_layer:0.6954669952392578
INFO:trainer_layer:0.34809112548828125
INFO:trainer_layer:0.4131793975830078
INFO:trainer_layer:0.43129920959472656
INFO:trainer_layer:0.46515464782714844
INFO:trainer_layer:0.3600120544433594
INFO:trainer_layer:0.43392181396484375
INFO:trainer_layer:0.37097930908203125
INFO:trainer_layer:0.6108283996582031
INFO:trainer_layer:0.5192756652832031
INFO:trainer_layer:0.4711151123046875
INFO:trainer_layer:0.5130767822265625
INFO:trainer_layer:0.54168701171875
INFO:trainer_layer:0.5252361297607422
INFO:trainer_layer:0.5979537963867188
INFO:trainer_layer:0.5242824554443359
INFO:trainer_layer:0.7178783416748047
INFO:trainer_layer:0.5965232849121094
INFO:trainer_layer:0.3638267517089844
INFO:trainer_layer:0.33736228942871094
INFO:trainer_layer:0.3657341003417969
INFO:trainer_layer:0.3619194030761719
INFO:trainer_layer:0.5047321319580078
INFO:trainer_layer:0.43487548828125
INFO:trainer_layer:0.35381317138671875
INFO:trainer_layer:0.4525184631347656
INFO:trainer_layer:0.3781318664550781
INFO:trainer_layer:0.36978721618652344
INFO:trainer_layer:0.32019615173339844
INFO:trainer_layer:0.34165382385253906
INFO:trainer_layer:0.7977485656738281
INFO:trainer_layer:0.39267539978027344
INFO:trainer_layer:0.324249267578125
INFO:trainer_layer:0.38170814514160156
INFO:trainer_layer:0.37980079650878906
INFO:trainer_layer:0.7565021514892578
INFO:trainer_layer:0.40912628173828125
INFO:trainer_layer:0.5185604095458984
INFO:trainer_layer:0.3306865692138672
INFO:trainer_layer:0.32639503479003906
INFO:trainer_layer:0.5419254302978516
INFO:trainer_layer:0.3714561462402344
INFO:trainer_layer:0.4336833953857422
INFO:trainer_layer:0.3349781036376953
INFO:trainer_layer:0.3142356872558594
INFO:trainer_layer:0.3390312194824219
INFO:trainer_layer:0.4086494445800781
INFO:trainer_layer:0.48279762268066406
INFO:trainer_layer:0.5199909210205078
INFO:trainer_layer:0.34308433532714844
INFO:trainer_layer:0.32210350036621094
INFO:trainer_layer:0.48470497131347656
INFO:trainer_layer:0.6351470947265625
INFO:trainer_layer:0.7140636444091797
INFO:trainer_layer:0.850677490234375
INFO:trainer_layer:0.4935264587402344
INFO:trainer_layer:0.39649009704589844
INFO:trainer_layer:0.33211708068847656
INFO:trainer_layer:0.3421306610107422
INFO:trainer_layer:0.3542900085449219
INFO:trainer_layer:0.3304481506347656
INFO:trainer_layer:0.34236907958984375
INFO:trainer_layer:0.4913806915283203
INFO:trainer_layer:0.34117698669433594
INFO:trainer_layer:0.3333091735839844
INFO:trainer_layer:0.5266666412353516
INFO:trainer_layer:0.34737586975097656
INFO:trainer_layer:0.3139972686767578
INFO:trainer_layer:0.34928321838378906
INFO:trainer_layer:0.4336833953857422
INFO:trainer_layer:0.3402233123779297
INFO:trainer_layer:0.32639503479003906
INFO:trainer_layer:0.32210350036621094
INFO:trainer_layer:0.36025047302246094
INFO:trainer_layer:0.34499168395996094
INFO:trainer_layer:0.36263465881347656
INFO:trainer_layer:0.35262107849121094
INFO:trainer_layer:0.3173351287841797
INFO:trainer_layer:0.32210350036621094
INFO:trainer_layer:0.39386749267578125
INFO:trainer_layer:0.5090236663818359
INFO:trainer_layer:0.6761550903320312
INFO:trainer_layer:0.31876564025878906
INFO:trainer_layer:0.3197193145751953
INFO:trainer_layer:0.3178119659423828
INFO:trainer_layer:0.3426074981689453
INFO:trainer_layer:0.316619873046875
INFO:trainer_layer:0.36072731018066406
INFO:trainer_layer:0.3972053527832031
INFO:trainer_layer:0.3409385681152344
INFO:trainer_layer:0.3695487976074219
INFO:trainer_layer:0.42939186096191406
INFO:trainer_layer:0.339508056640625
INFO:trainer_layer:0.7164478302001953
INFO:trainer_layer:0.35071372985839844
INFO:trainer_layer:0.33283233642578125
INFO:trainer_layer:0.3216266632080078
INFO:trainer_layer:0.35691261291503906
INFO:trainer_layer:0.3399848937988281
INFO:trainer_layer:0.3135204315185547
INFO:trainer_layer:0.354766845703125
INFO:trainer_layer:0.3437995910644531
INFO:trainer_layer:0.33402442932128906
INFO:trainer_layer:0.5402565002441406
INFO:trainer_layer:0.6501674652099609
INFO:trainer_layer:0.7023811340332031
INFO:trainer_layer:0.66375732421875
INFO:trainer_layer:0.6957054138183594
INFO:trainer_layer:0.4520416259765625
INFO:trainer_layer:0.43272972106933594
INFO:trainer_layer:0.8716583251953125
INFO:trainer_layer:0.45037269592285156
INFO:trainer_layer:0.4668235778808594
INFO:trainer_layer:0.44226646423339844
INFO:trainer_layer:0.4794597625732422
INFO:trainer_layer:0.46443939208984375
INFO:trainer_layer:0.4916191101074219
INFO:trainer_layer:0.44918060302734375
INFO:trainer_layer:0.47516822814941406
INFO:trainer_layer:0.40531158447265625
INFO:trainer_layer:0.4944801330566406
INFO:trainer_layer:0.7741451263427734
INFO:trainer_layer:0.43272972106933594
INFO:trainer_layer:0.4570484161376953
INFO:trainer_layer:0.44345855712890625
INFO:trainer_layer:0.5214214324951172
INFO:trainer_layer:0.396728515625
INFO:trainer_layer:0.4642009735107422
INFO:trainer_layer:0.4107952117919922
INFO:trainer_layer:0.392913818359375
INFO:trainer_layer:0.43272972106933594
INFO:trainer_layer:0.5500316619873047
INFO:trainer_layer:0.39386749267578125
INFO:trainer_layer:0.3342628479003906
INFO:trainer_layer:0.3910064697265625
INFO:trainer_layer:0.3132820129394531
INFO:trainer_layer:0.38743019104003906
INFO:trainer_layer:0.31566619873046875
INFO:trainer_layer:0.44989585876464844
INFO:trainer_layer:0.32830238342285156
INFO:trainer_layer:0.39124488830566406
INFO:trainer_layer:0.3743171691894531
INFO:trainer_layer:0.4665851593017578
INFO:trainer_layer:0.4420280456542969
INFO:trainer_layer:0.339508056640625
INFO:trainer_layer:0.33092498779296875
INFO:trainer_layer:0.32210350036621094
INFO:trainer_layer:0.3561973571777344
INFO:trainer_layer:0.7402896881103516
INFO:trainer_layer:0.48089027404785156
INFO:trainer_layer:0.6539821624755859
INFO:trainer_layer:0.41985511779785156
INFO:trainer_layer:0.4901885986328125
INFO:trainer_layer:0.4138946533203125
INFO:trainer_layer:0.39505958557128906
INFO:trainer_layer:0.3597736358642578
INFO:trainer_layer:0.5557537078857422
INFO:trainer_layer:0.5593299865722656
INFO:trainer_layer:0.461578369140625
INFO:trainer_layer:0.46539306640625
INFO:trainer_layer:0.3886222839355469
INFO:trainer_layer:0.46706199645996094
INFO:trainer_layer:0.35381317138671875
INFO:trainer_layer:0.4253387451171875
INFO:trainer_layer:0.6029605865478516
INFO:trainer_layer:0.6580352783203125
INFO:trainer_layer:0.6525516510009766
INFO:trainer_layer:0.5426406860351562
INFO:trainer_layer:0.7462501525878906
INFO:trainer_layer:0.5757808685302734
INFO:trainer_layer:0.4928112030029297
INFO:trainer_layer:0.6282329559326172
INFO:trainer_layer:0.4227161407470703
INFO:trainer_layer:0.4913806915283203
INFO:trainer_layer:0.4718303680419922
INFO:trainer_layer:0.5145072937011719
INFO:trainer_layer:0.46944618225097656
INFO:trainer_layer:0.4780292510986328
INFO:trainer_layer:0.5354881286621094
INFO:trainer_layer:0.6213188171386719
INFO:trainer_layer:0.5280971527099609
INFO:trainer_layer:0.5397796630859375
INFO:trainer_layer:0.4134178161621094
INFO:trainer_layer:0.5204677581787109
INFO:trainer_layer:0.5428791046142578
INFO:trainer_layer:0.45680999755859375
INFO:trainer_layer:0.39196014404296875
INFO:trainer_layer:0.4360675811767578
INFO:trainer_layer:0.5784034729003906
INFO:trainer_layer:0.43773651123046875
INFO:trainer_layer:0.3876686096191406
INFO:trainer_layer:0.37360191345214844
INFO:trainer_layer:0.4189014434814453
INFO:trainer_layer:0.3666877746582031
INFO:trainer_layer:0.3790855407714844
INFO:trainer_layer:0.36215782165527344
INFO:trainer_layer:0.3609657287597656
INFO:trainer_layer:0.44345855712890625
INFO:trainer_layer:0.4322528839111328
INFO:trainer_layer:0.5955696105957031
INFO:trainer_layer:0.5612373352050781
INFO:trainer_layer:0.7190704345703125
INFO:trainer_layer:0.4410743713378906
INFO:trainer_layer:0.34356117248535156
INFO:trainer_layer:0.5054473876953125
INFO:trainer_layer:0.3159046173095703
INFO:trainer_layer:0.40984153747558594
INFO:trainer_layer:0.4525184631347656
INFO:trainer_layer:0.5197525024414062
INFO:trainer_layer:0.5948543548583984
INFO:trainer_layer:0.5137920379638672
INFO:trainer_layer:0.55694580078125
INFO:trainer_layer:0.7390975952148438
INFO:trainer_layer:0.7145404815673828
INFO:trainer_layer:0.5257129669189453
INFO:trainer_layer:0.5269050598144531
INFO:trainer_layer:0.4916191101074219
INFO:trainer_layer:0.5304813385009766
INFO:trainer_layer:0.4849433898925781
INFO:trainer_layer:0.5803108215332031
INFO:trainer_layer:0.4947185516357422
INFO:trainer_layer:0.3561973571777344
INFO:trainer_layer:0.36454200744628906
INFO:trainer_layer:0.37550926208496094
INFO:trainer_layer:0.37384033203125
INFO:trainer_layer:0.48065185546875
INFO:trainer_layer:0.5064010620117188
INFO:trainer_layer:0.42366981506347656
INFO:trainer_layer:0.33926963806152344
INFO:trainer_layer:0.31828880310058594
INFO:trainer_layer:0.3638267517089844
INFO:trainer_layer:0.4036426544189453
INFO:trainer_layer:0.4100799560546875
INFO:trainer_layer:0.4260540008544922
INFO:trainer_layer:0.3628730773925781
INFO:trainer_layer:0.42057037353515625
INFO:trainer_layer:0.5669593811035156
INFO:trainer_layer:0.6775856018066406
INFO:trainer_layer:0.4780292510986328
INFO:trainer_layer:0.4673004150390625
INFO:trainer_layer:0.3972053527832031
INFO:trainer_layer:0.39005279541015625
INFO:trainer_layer:0.3781318664550781
INFO:trainer_layer:0.39696693420410156
INFO:trainer_layer:0.5097389221191406
INFO:trainer_layer:0.5595684051513672
INFO:trainer_layer:0.6697177886962891
INFO:trainer_layer:0.4248619079589844
INFO:trainer_layer:0.37026405334472656
INFO:trainer_layer:0.40078163146972656
INFO:trainer_layer:0.33473968505859375
INFO:trainer_layer:0.4646778106689453
INFO:trainer_layer:0.3838539123535156
INFO:trainer_layer:0.415802001953125
INFO:trainer_layer:0.3142356872558594
INFO:trainer_layer:0.5106925964355469
INFO:trainer_layer:0.5199909210205078
INFO:trainer_layer:0.46634674072265625
INFO:trainer_layer:0.3249645233154297
INFO:trainer_layer:0.31685829162597656
INFO:trainer_layer:0.34999847412109375
INFO:trainer_layer:0.3314018249511719
INFO:trainer_layer:0.38743019104003906
INFO:trainer_layer:0.3638267517089844
INFO:trainer_layer:0.33855438232421875
INFO:trainer_layer:0.3426074981689453
INFO:trainer_layer:0.3497600555419922
INFO:trainer_layer:0.45013427734375
INFO:trainer_layer:0.362396240234375
INFO:trainer_layer:0.3910064697265625
INFO:trainer_layer:0.46896934509277344
INFO:trainer_layer:0.4985332489013672
INFO:trainer_layer:0.4527568817138672
INFO:trainer_layer:0.4444122314453125
INFO:trainer_layer:0.3554821014404297
INFO:trainer_layer:0.34165382385253906
INFO:trainer_layer:0.34236907958984375
INFO:trainer_layer:0.3726482391357422
INFO:trainer_layer:0.5028247833251953
INFO:trainer_layer:0.4017353057861328
INFO:trainer_layer:0.5552768707275391
INFO:trainer_layer:0.4749298095703125
INFO:trainer_layer:0.4978179931640625
INFO:trainer_layer:0.3509521484375
INFO:trainer_layer:0.33926963806152344
INFO:trainer_layer:0.3170967102050781
INFO:trainer_layer:0.35691261291503906
INFO:trainer_layer:0.36334991455078125
INFO:trainer_layer:0.41604042053222656
INFO:trainer_layer:0.3838539123535156
INFO:trainer_layer:0.7321834564208984
INFO:trainer_layer:0.3380775451660156
INFO:trainer_layer:0.36835670471191406
INFO:trainer_layer:0.32448768615722656
INFO:trainer_layer:0.33593177795410156
INFO:trainer_layer:0.3390312194824219
INFO:trainer_layer:0.3132820129394531
INFO:trainer_layer:0.3542900085449219
INFO:trainer_layer:0.3330707550048828
INFO:trainer_layer:0.3409385681152344
INFO:trainer_layer:0.5311965942382812
INFO:trainer_layer:0.7824897766113281
INFO:trainer_layer:0.4887580871582031
INFO:trainer_layer:0.4031658172607422
INFO:trainer_layer:0.38743019104003906
INFO:trainer_layer:0.45561790466308594
INFO:trainer_layer:0.3674030303955078
INFO:trainer_layer:0.4048347473144531
INFO:trainer_layer:0.37860870361328125
INFO:trainer_layer:0.591278076171875
INFO:trainer_layer:0.35881996154785156
INFO:trainer_layer:0.6487369537353516
INFO:trainer_layer:0.4227161407470703
INFO:trainer_layer:0.3745555877685547
INFO:trainer_layer:0.34117698669433594
INFO:trainer_layer:0.4405975341796875
INFO:trainer_layer:0.37860870361328125
INFO:trainer_layer:0.4048347473144531
INFO:trainer_layer:0.40602684020996094
INFO:trainer_layer:0.4355907440185547
INFO:trainer_layer:0.5452632904052734
INFO:trainer_layer:0.5548000335693359
INFO:trainer_layer:0.37169456481933594
INFO:trainer_layer:0.39577484130859375
INFO:trainer_layer:0.31948089599609375
INFO:trainer_layer:0.4792213439941406
INFO:trainer_layer:0.5156993865966797
INFO:trainer_layer:0.38933753967285156
INFO:trainer_layer:0.43272972106933594
INFO:trainer_layer:0.49877166748046875
INFO:trainer_layer:0.5841255187988281
INFO:trainer_layer:0.7982254028320312
INFO:trainer_layer:0.3693103790283203
INFO:trainer_layer:0.41604042053222656
INFO:trainer_layer:0.3173351287841797
INFO:trainer_layer:0.4336833953857422
INFO:trainer_layer:0.3249645233154297
INFO:trainer_layer:0.46944618225097656
INFO:trainer_layer:0.6380081176757812
INFO:trainer_layer:0.5037784576416016
INFO:trainer_layer:0.8080005645751953
INFO:trainer_layer:0.3495216369628906
INFO:trainer_layer:0.3154277801513672
INFO:trainer_layer:0.32973289489746094
INFO:trainer_layer:0.3528594970703125
INFO:trainer_layer:0.33545494079589844
INFO:trainer_layer:0.347137451171875
INFO:trainer_layer:0.36406517028808594
INFO:trainer_layer:0.35452842712402344
INFO:trainer_layer:0.37026405334472656
INFO:trainer_layer:0.46515464782714844
INFO:trainer_layer:0.7054805755615234
INFO:trainer_layer:0.4379749298095703
INFO:trainer_layer:0.44655799865722656
INFO:trainer_layer:0.36263465881347656
INFO:trainer_layer:0.43463706970214844
INFO:trainer_layer:0.36597251892089844
INFO:trainer_layer:0.48422813415527344
INFO:trainer_layer:0.3573894500732422
INFO:trainer_layer:0.4093647003173828
INFO:trainer_layer:0.45180320739746094
INFO:trainer_layer:0.5967617034912109
INFO:trainer_layer:0.3762245178222656
INFO:trainer_layer:0.44655799865722656
INFO:trainer_layer:0.3657341003417969
INFO:trainer_layer:0.4165172576904297
INFO:trainer_layer:0.31447410583496094
INFO:trainer_layer:0.6234645843505859
INFO:trainer_layer:0.7200241088867188
INFO:trainer_layer:1.2507438659667969
INFO:trainer_layer:0.8306503295898438
INFO:trainer_layer:0.6496906280517578
INFO:trainer_layer:0.43201446533203125
INFO:trainer_layer:0.37598609924316406
INFO:trainer_layer:0.4563331604003906
INFO:trainer_layer:0.4215240478515625
INFO:trainer_layer:0.4630088806152344
INFO:trainer_layer:0.3447532653808594
INFO:trainer_layer:0.3943443298339844
INFO:trainer_layer:0.7760524749755859
INFO:trainer_layer:0.5750656127929688
INFO:trainer_layer:0.4699230194091797
INFO:trainer_layer:0.5207061767578125
INFO:trainer_layer:0.35071372985839844
INFO:trainer_layer:0.34046173095703125
INFO:trainer_layer:0.3490447998046875
INFO:trainer_layer:0.4978179931640625
INFO:trainer_layer:0.6453990936279297
INFO:trainer_layer:0.4036426544189453
INFO:trainer_layer:0.4565715789794922
INFO:trainer_layer:0.8487701416015625
INFO:trainer_layer:0.3802776336669922
INFO:trainer_layer:0.3943443298339844
INFO:trainer_layer:0.4115104675292969
INFO:trainer_layer:0.5559921264648438
INFO:trainer_layer:0.4229545593261719
INFO:trainer_layer:0.48041343688964844
INFO:trainer_layer:0.4382133483886719
INFO:trainer_layer:0.6341934204101562
INFO:trainer_layer:0.48160552978515625
INFO:trainer_layer:0.32901763916015625
INFO:trainer_layer:0.34427642822265625
INFO:trainer_layer:0.32639503479003906
INFO:trainer_layer:0.3490447998046875
INFO:trainer_layer:0.3833770751953125
INFO:trainer_layer:0.38123130798339844
INFO:trainer_layer:0.40340423583984375
INFO:trainer_layer:0.5559921264648438
INFO:trainer_layer:0.5235671997070312
INFO:trainer_layer:0.576019287109375
INFO:trainer_layer:0.46515464782714844
INFO:trainer_layer:0.4646778106689453
INFO:trainer_layer:0.4603862762451172
INFO:trainer_layer:0.6113052368164062
INFO:trainer_layer:0.3561973571777344
INFO:trainer_layer:0.4825592041015625
INFO:trainer_layer:0.4940032958984375
INFO:trainer_layer:0.5707740783691406
INFO:trainer_layer:1.0952949523925781
INFO:trainer_layer:0.5681514739990234
INFO:trainer_layer:0.4627704620361328
INFO:trainer_layer:0.40411949157714844
INFO:trainer_layer:0.37550926208496094
INFO:trainer_layer:0.40531158447265625
INFO:trainer_layer:0.4410743713378906
INFO:trainer_layer:0.6759166717529297
INFO:trainer_layer:0.5717277526855469
INFO:trainer_layer:1.0433197021484375
INFO:trainer_layer:0.47469139099121094
INFO:trainer_layer:0.44727325439453125
INFO:trainer_layer:0.4146099090576172
INFO:trainer_layer:0.4742145538330078
INFO:trainer_layer:0.5526542663574219
INFO:trainer_layer:0.5249977111816406
INFO:trainer_layer:0.7939338684082031
INFO:trainer_layer:0.8218288421630859
INFO:trainer_layer:0.42557716369628906
INFO:trainer_layer:0.3402233123779297
INFO:trainer_layer:0.3376007080078125
INFO:trainer_layer:0.36525726318359375
INFO:trainer_layer:0.46372413635253906
INFO:trainer_layer:0.37932395935058594
INFO:trainer_layer:0.5238056182861328
INFO:trainer_layer:0.6499290466308594
INFO:trainer_layer:0.4329681396484375
INFO:trainer_layer:0.9992122650146484
INFO:trainer_layer:0.34236907958984375
INFO:trainer_layer:0.41103363037109375
INFO:trainer_layer:0.35309791564941406
INFO:trainer_layer:0.347137451171875
INFO:trainer_layer:0.4744529724121094
INFO:trainer_layer:0.4124641418457031
INFO:trainer_layer:0.44345855712890625
INFO:trainer_layer:0.5600452423095703
INFO:trainer_layer:0.5447864532470703
INFO:trainer_layer:0.32973289489746094
INFO:trainer_layer:0.3921985626220703
INFO:trainer_layer:0.34165382385253906
INFO:trainer_layer:0.41031837463378906
INFO:trainer_layer:0.3666877746582031
INFO:trainer_layer:0.4966259002685547
INFO:trainer_layer:0.34546852111816406
INFO:trainer_layer:0.5278587341308594
INFO:trainer_layer:0.6074905395507812
INFO:trainer_layer:0.5576610565185547
INFO:trainer_layer:0.6339550018310547
INFO:trainer_layer:0.4761219024658203
INFO:trainer_layer:0.5700588226318359
INFO:trainer_layer:0.3986358642578125
INFO:trainer_layer:0.4425048828125
INFO:trainer_layer:0.4565715789794922
INFO:trainer_layer:0.6973743438720703
INFO:trainer_layer:0.5447864532470703
INFO:trainer_layer:0.5934238433837891
INFO:trainer_layer:0.39649009704589844
INFO:trainer_layer:0.5977153778076172
INFO:trainer_layer:0.44226646423339844
INFO:trainer_layer:0.4127025604248047
INFO:trainer_layer:0.5655288696289062
INFO:trainer_layer:0.47135353088378906
INFO:trainer_layer:0.6704330444335938
INFO:trainer_layer:0.5807876586914062
INFO:trainer_layer:0.4544258117675781
INFO:trainer_layer:0.39386749267578125
INFO:trainer_layer:0.38695335388183594
INFO:trainer_layer:0.38242340087890625
INFO:trainer_layer:0.5011558532714844
INFO:trainer_layer:0.5059242248535156
INFO:trainer_layer:0.6196498870849609
INFO:trainer_layer:0.5939006805419922
INFO:trainer_layer:0.39386749267578125
INFO:trainer_layer:0.3514289855957031
INFO:trainer_layer:0.3421306610107422
INFO:trainer_layer:0.3476142883300781
INFO:trainer_layer:0.4057884216308594
INFO:trainer_layer:0.3840923309326172
INFO:trainer_layer:0.3807544708251953
INFO:trainer_layer:0.7307529449462891
INFO:trainer_layer:0.4677772521972656
INFO:trainer_layer:0.45609474182128906
INFO:trainer_layer:0.3643035888671875
INFO:trainer_layer:0.4150867462158203
INFO:trainer_layer:0.4222393035888672
INFO:trainer_layer:0.4584789276123047
INFO:trainer_layer:0.43010711669921875
INFO:trainer_layer:0.4603862762451172
INFO:trainer_layer:0.35643577575683594
INFO:trainer_layer:0.5869865417480469
INFO:trainer_layer:0.5812644958496094
INFO:trainer_layer:0.4286766052246094
INFO:trainer_layer:0.3800392150878906
INFO:trainer_layer:0.4317760467529297
INFO:trainer_layer:0.3833770751953125
INFO:trainer_layer:0.4215240478515625
INFO:trainer_layer:0.4849433898925781
INFO:trainer_layer:0.46539306640625
INFO:trainer_layer:0.3333091735839844
INFO:trainer_layer:0.6673336029052734
INFO:trainer_layer:0.41103363037109375
INFO:trainer_layer:0.35452842712402344
INFO:trainer_layer:0.3337860107421875
INFO:trainer_layer:0.3600120544433594
INFO:trainer_layer:0.5409717559814453
INFO:trainer_layer:0.6213188171386719
INFO:trainer_layer:0.5621910095214844
INFO:trainer_layer:0.5428791046142578
INFO:trainer_layer:0.45943260192871094
INFO:trainer_layer:0.4696846008300781
INFO:trainer_layer:0.4744529724121094
INFO:trainer_layer:0.6663799285888672
INFO:trainer_layer:0.3631114959716797
INFO:trainer_layer:0.3535747528076172
INFO:trainer_layer:0.4525184631347656
INFO:trainer_layer:0.3535747528076172
INFO:trainer_layer:0.4019737243652344
INFO:trainer_layer:0.4036426544189453
INFO:trainer_layer:0.4024505615234375
INFO:trainer_layer:0.3407001495361328
INFO:trainer_layer:0.6091594696044922
INFO:trainer_layer:0.3688335418701172
INFO:trainer_layer:0.8234977722167969
INFO:trainer_layer:0.6406307220458984
INFO:trainer_layer:0.5104541778564453
INFO:trainer_layer:0.4444122314453125
INFO:trainer_layer:0.6690025329589844
INFO:trainer_layer:0.5590915679931641
INFO:trainer_layer:0.9059906005859375
INFO:trainer_layer:0.5211830139160156
INFO:trainer_layer:0.42128562927246094
INFO:trainer_layer:0.36525726318359375
INFO:trainer_layer:0.37670135498046875
INFO:trainer_layer:0.48661231994628906
INFO:trainer_layer:0.3979206085205078
INFO:trainer_layer:0.4305839538574219
INFO:trainer_layer:0.3933906555175781
INFO:trainer_layer:0.38909912109375
INFO:trainer_layer:0.39124488830566406
INFO:trainer_layer:0.9548664093017578
INFO:trainer_layer:0.3955364227294922
INFO:trainer_layer:0.3879070281982422
INFO:trainer_layer:0.3609657287597656
INFO:trainer_layer:0.492095947265625
INFO:trainer_layer:0.35953521728515625
INFO:trainer_layer:0.40984153747558594
INFO:trainer_layer:0.3998279571533203
INFO:trainer_layer:0.49614906311035156
INFO:trainer_layer:0.42247772216796875
INFO:trainer_layer:0.3437995910644531
INFO:trainer_layer:0.3139972686767578
INFO:trainer_layer:0.3516674041748047
INFO:trainer_layer:0.33855438232421875
INFO:trainer_layer:0.3879070281982422
INFO:trainer_layer:0.3838539123535156
INFO:trainer_layer:0.4062652587890625
INFO:trainer_layer:0.44536590576171875
INFO:trainer_layer:0.41937828063964844
INFO:trainer_layer:0.4475116729736328
INFO:trainer_layer:0.6661415100097656
INFO:trainer_layer:0.43129920959472656
INFO:trainer_layer:0.6039142608642578
INFO:trainer_layer:0.5862712860107422
INFO:trainer_layer:0.5710124969482422
INFO:trainer_layer:0.39505958557128906
INFO:trainer_layer:0.4374980926513672
INFO:trainer_layer:0.4336833953857422
INFO:trainer_layer:0.4436969757080078
INFO:trainer_layer:0.36525726318359375
INFO:trainer_layer:0.5533695220947266
INFO:trainer_layer:0.4513263702392578
INFO:trainer_layer:0.43082237243652344
INFO:trainer_layer:0.32830238342285156
INFO:trainer_layer:0.4112720489501953
INFO:trainer_layer:0.3247261047363281
INFO:trainer_layer:0.41174888610839844
INFO:trainer_layer:0.3294944763183594
INFO:trainer_layer:0.45108795166015625
INFO:trainer_layer:0.35881996154785156
INFO:trainer_layer:0.4074573516845703
INFO:trainer_layer:0.3724098205566406
INFO:trainer_layer:0.5426406860351562
INFO:trainer_layer:0.4019737243652344
INFO:trainer_layer:0.43702125549316406
INFO:trainer_layer:0.37384033203125
INFO:trainer_layer:0.4863739013671875
INFO:trainer_layer:0.3857612609863281
INFO:trainer_layer:0.522613525390625
INFO:trainer_layer:0.4088878631591797
INFO:trainer_layer:0.41031837463378906
INFO:trainer_layer:0.5459785461425781
INFO:trainer_layer:0.37384033203125
INFO:trainer_layer:0.3714561462402344
INFO:trainer_layer:0.38695335388183594
INFO:trainer_layer:0.3497600555419922
INFO:trainer_layer:0.3986358642578125
INFO:trainer_layer:0.40268898010253906
INFO:trainer_layer:0.4296302795410156
INFO:trainer_layer:0.33545494079589844
INFO:trainer_layer:0.4248619079589844
INFO:trainer_layer:0.5061626434326172
INFO:trainer_layer:0.4391670227050781
INFO:trainer_layer:0.5342960357666016
INFO:trainer_layer:0.3478527069091797
INFO:trainer_layer:0.32210350036621094
INFO:trainer_layer:0.41961669921875
INFO:trainer_layer:0.3497600555419922
INFO:trainer_layer:0.4763603210449219
INFO:trainer_layer:0.3345012664794922
INFO:trainer_layer:0.42366981506347656
INFO:trainer_layer:0.34928321838378906
INFO:trainer_layer:0.6730556488037109
INFO:trainer_layer:0.6067752838134766
INFO:trainer_layer:0.5328655242919922
INFO:trainer_layer:0.4544258117675781
INFO:trainer_layer:0.5676746368408203
INFO:trainer_layer:0.3867149353027344
INFO:trainer_layer:0.3876686096191406
INFO:trainer_layer:0.37288665771484375
INFO:trainer_layer:0.3464221954345703
INFO:trainer_layer:0.35500526428222656
INFO:trainer_layer:0.4203319549560547
INFO:trainer_layer:0.5011558532714844
INFO:trainer_layer:0.41961669921875
INFO:trainer_layer:0.3540515899658203
INFO:trainer_layer:0.3323554992675781
INFO:trainer_layer:0.3352165222167969
INFO:trainer_layer:0.35691261291503906
INFO:trainer_layer:0.3287792205810547
INFO:trainer_layer:0.33092498779296875
INFO:trainer_layer:0.3535747528076172
INFO:trainer_layer:0.347137451171875
INFO:trainer_layer:0.5040168762207031
INFO:trainer_layer:0.5106925964355469
INFO:trainer_layer:0.7939338684082031
INFO:trainer_layer:0.33783912658691406
INFO:trainer_layer:0.33736228942871094
INFO:trainer_layer:0.3674030303955078
INFO:trainer_layer:0.3662109375
INFO:trainer_layer:0.31828880310058594
INFO:trainer_layer:0.41365623474121094
INFO:trainer_layer:0.35119056701660156
INFO:trainer_layer:0.3581047058105469
INFO:trainer_layer:0.4703998565673828
INFO:trainer_layer:0.5905628204345703
INFO:trainer_layer:0.5002021789550781
INFO:trainer_layer:0.4150867462158203
INFO:trainer_layer:0.47850608825683594
INFO:trainer_layer:0.4138946533203125
INFO:trainer_layer:0.47707557678222656
INFO:trainer_layer:0.4520416259765625
INFO:trainer_layer:0.3478527069091797
INFO:trainer_layer:0.5071163177490234
INFO:trainer_layer:0.5235671997070312
INFO:trainer_layer:0.5800724029541016
INFO:trainer_layer:0.43487548828125
INFO:trainer_layer:0.3559589385986328
INFO:trainer_layer:0.36978721618652344
INFO:trainer_layer:0.4494190216064453
INFO:trainer_layer:0.3807544708251953
INFO:trainer_layer:0.4322528839111328
INFO:trainer_layer:0.42366981506347656
INFO:trainer_layer:0.3299713134765625
INFO:trainer_layer:0.3235340118408203
INFO:trainer_layer:0.3440380096435547
INFO:trainer_layer:0.5939006805419922
INFO:trainer_layer:0.3383159637451172
INFO:trainer_layer:0.3218650817871094
INFO:trainer_layer:0.39267539978027344
INFO:trainer_layer:0.39005279541015625
INFO:trainer_layer:0.36334991455078125
INFO:trainer_layer:0.453948974609375
INFO:trainer_layer:0.43582916259765625
INFO:trainer_layer:0.3533363342285156
INFO:trainer_layer:0.5974769592285156
INFO:trainer_layer:0.39649009704589844
INFO:trainer_layer:0.6089210510253906
INFO:trainer_layer:0.4506111145019531
INFO:trainer_layer:0.3273487091064453
INFO:trainer_layer:0.40793418884277344
INFO:trainer_layer:0.396728515625
INFO:trainer_layer:0.3650188446044922
INFO:trainer_layer:0.41031837463378906
INFO:trainer_layer:0.35858154296875
INFO:trainer_layer:0.4553794860839844
INFO:trainer_layer:0.5848407745361328
INFO:trainer_layer:0.4394054412841797
INFO:trainer_layer:0.3676414489746094
INFO:trainer_layer:0.3571510314941406
INFO:trainer_layer:0.34332275390625
INFO:trainer_layer:0.3528594970703125
INFO:trainer_layer:0.3368854522705078
INFO:trainer_layer:0.44608116149902344
INFO:trainer_layer:0.4696846008300781
INFO:trainer_layer:0.38313865661621094
INFO:trainer_layer:0.8006095886230469
INFO:trainer_layer:0.8399486541748047
INFO:trainer_layer:0.4763603210449219
INFO:trainer_layer:0.4448890686035156
INFO:trainer_layer:0.3871917724609375
INFO:trainer_layer:0.4534721374511719
INFO:trainer_layer:0.41031837463378906
INFO:trainer_layer:0.40268898010253906
INFO:trainer_layer:0.7317066192626953
INFO:trainer_layer:0.5614757537841797
INFO:trainer_layer:0.5328655242919922
INFO:trainer_layer:0.42057037353515625
INFO:trainer_layer:0.5433559417724609
INFO:trainer_layer:0.35762786865234375
INFO:trainer_layer:0.3466606140136719
INFO:trainer_layer:0.3409385681152344
INFO:trainer_layer:0.3142356872558594
INFO:trainer_layer:0.583648681640625
INFO:trainer_layer:0.46062469482421875
INFO:trainer_layer:0.9019374847412109
INFO:trainer_layer:0.48613548278808594
INFO:trainer_layer:0.4889965057373047
INFO:trainer_layer:0.5257129669189453
INFO:trainer_layer:0.48732757568359375
INFO:trainer_layer:0.4107952117919922
INFO:trainer_layer:0.5550384521484375
INFO:trainer_layer:0.5345344543457031
INFO:trainer_layer:0.42128562927246094
INFO:trainer_layer:0.3542900085449219
INFO:trainer_layer:0.3452301025390625
INFO:trainer_layer:0.3414154052734375
INFO:trainer_layer:0.34880638122558594
INFO:trainer_layer:0.34618377685546875
INFO:trainer_layer:0.3864765167236328
INFO:trainer_layer:0.5955696105957031
INFO:trainer_layer:0.7662773132324219
INFO:trainer_layer:0.5986690521240234
INFO:trainer_layer:0.37598609924316406
INFO:trainer_layer:0.38814544677734375
INFO:trainer_layer:0.4546642303466797
INFO:trainer_layer:0.39267539978027344
INFO:trainer_layer:0.453948974609375
INFO:trainer_layer:0.31828880310058594
INFO:trainer_layer:0.45609474182128906
INFO:trainer_layer:0.8199214935302734
INFO:trainer_layer:0.41604042053222656
INFO:trainer_layer:0.3459453582763672
INFO:trainer_layer:0.3943443298339844
INFO:trainer_layer:0.36644935607910156
INFO:trainer_layer:0.36525726318359375
INFO:trainer_layer:0.3948211669921875
INFO:trainer_layer:0.4582405090332031
INFO:trainer_layer:0.41031837463378906
INFO:trainer_layer:0.32711029052734375
INFO:trainer_layer:0.5395412445068359
INFO:trainer_layer:0.43082237243652344
INFO:trainer_layer:0.3769397735595703
INFO:trainer_layer:0.5202293395996094
INFO:trainer_layer:0.38504600524902344
INFO:trainer_layer:0.4417896270751953
INFO:trainer_layer:0.5314350128173828
INFO:trainer_layer:0.6670951843261719
INFO:trainer_layer:0.5071163177490234
INFO:trainer_layer:0.4909038543701172
INFO:trainer_layer:0.43272972106933594
INFO:trainer_layer:0.43272972106933594
INFO:trainer_layer:0.4134178161621094
INFO:trainer_layer:0.4291534423828125
INFO:trainer_layer:0.4858970642089844
INFO:trainer_layer:0.45680999755859375
INFO:trainer_layer:0.4875659942626953
INFO:trainer_layer:0.6885528564453125
INFO:trainer_layer:0.46753883361816406
INFO:trainer_layer:0.40268898010253906
INFO:trainer_layer:0.3542900085449219
INFO:trainer_layer:0.4496574401855469
INFO:trainer_layer:0.3781318664550781
INFO:trainer_layer:0.4227161407470703
INFO:trainer_layer:0.4086494445800781
INFO:trainer_layer:0.6039142608642578
INFO:trainer_layer:0.6644725799560547
INFO:trainer_layer:0.5261898040771484
INFO:trainer_layer:0.5958080291748047
INFO:trainer_layer:0.5466938018798828
INFO:trainer_layer:0.4341602325439453
INFO:trainer_layer:0.44155120849609375
INFO:trainer_layer:0.3757476806640625
INFO:trainer_layer:0.4038810729980469
INFO:trainer_layer:0.5576610565185547
INFO:trainer_layer:0.3597736358642578
INFO:trainer_layer:0.37384033203125
INFO:trainer_layer:0.4508495330810547
INFO:trainer_layer:0.5431175231933594
INFO:trainer_layer:0.4565715789794922
INFO:trainer_layer:0.4429817199707031
INFO:trainer_layer:0.4036426544189453
INFO:trainer_layer:0.5457401275634766
INFO:trainer_layer:0.3895759582519531
INFO:trainer_layer:0.3581047058105469
INFO:trainer_layer:0.3554821014404297
INFO:trainer_layer:0.3612041473388672
INFO:trainer_layer:0.5497932434082031
INFO:trainer_layer:0.3402233123779297
INFO:trainer_layer:0.4889965057373047
INFO:trainer_layer:0.7576942443847656
INFO:trainer_layer:0.804901123046875
INFO:trainer_layer:0.5097389221191406
INFO:trainer_layer:0.6313323974609375
INFO:trainer_layer:0.5207061767578125
INFO:trainer_layer:0.48804283142089844
INFO:trainer_layer:0.5586147308349609
INFO:trainer_layer:0.5412101745605469
INFO:trainer_layer:0.8935928344726562
INFO:trainer_layer:0.4394054412841797
INFO:trainer_layer:0.3790855407714844
INFO:trainer_layer:0.4436969757080078
INFO:trainer_layer:0.3845691680908203
INFO:trainer_layer:0.316619873046875
INFO:trainer_layer:0.5426406860351562
INFO:trainer_layer:0.41294097900390625
INFO:trainer_layer:0.37550926208496094
INFO:trainer_layer:1.1546611785888672
INFO:trainer_layer:0.3688335418701172
INFO:trainer_layer:0.3287792205810547
INFO:trainer_layer:0.3643035888671875
INFO:trainer_layer:0.37741661071777344
INFO:trainer_layer:0.38170814514160156
INFO:trainer_layer:0.5004405975341797
INFO:trainer_layer:0.8616447448730469
INFO:trainer_layer:0.6957054138183594
INFO:trainer_layer:0.4220008850097656
INFO:trainer_layer:0.39076805114746094
INFO:trainer_layer:0.37407875061035156
INFO:trainer_layer:0.37860870361328125
INFO:trainer_layer:0.41174888610839844
INFO:trainer_layer:0.47469139099121094
INFO:trainer_layer:0.36978721618652344
INFO:trainer_layer:0.5824565887451172
INFO:trainer_layer:0.6585121154785156
INFO:trainer_layer:0.49614906311035156
INFO:trainer_layer:0.3783702850341797
INFO:trainer_layer:0.3910064697265625
INFO:trainer_layer:0.4420280456542969
INFO:trainer_layer:0.4932880401611328
INFO:trainer_layer:0.4737377166748047
INFO:trainer_layer:0.4887580871582031
INFO:trainer_layer:0.553131103515625
INFO:trainer_layer:0.6034374237060547
INFO:trainer_layer:0.3788471221923828
INFO:trainer_layer:0.5609989166259766
INFO:trainer_layer:0.38933753967285156
INFO:trainer_layer:0.4379749298095703
INFO:trainer_layer:0.31566619873046875
INFO:trainer_layer:0.3142356872558594
INFO:trainer_layer:0.7822513580322266
INFO:trainer_layer:0.7011890411376953
INFO:trainer_layer:0.35572052001953125
INFO:trainer_layer:0.3635883331298828
INFO:trainer_layer:0.3387928009033203
INFO:trainer_layer:0.40650367736816406
INFO:trainer_layer:0.41294097900390625
INFO:trainer_layer:0.5385875701904297
INFO:trainer_layer:0.42366981506347656
INFO:trainer_layer:0.5249977111816406
INFO:trainer_layer:0.6635189056396484
INFO:trainer_layer:0.5733966827392578
INFO:trainer_layer:0.47016143798828125
INFO:trainer_layer:0.5033016204833984
INFO:trainer_layer:0.5528926849365234
INFO:trainer_layer:0.797271728515625
INFO:trainer_layer:0.5171298980712891
INFO:trainer_layer:0.7369518280029297
INFO:trainer_layer:0.48160552978515625
INFO:trainer_layer:0.5900859832763672
INFO:trainer_layer:0.5497932434082031
INFO:trainer_layer:0.5753040313720703
INFO:trainer_layer:0.5941390991210938
INFO:trainer_layer:0.5121231079101562
INFO:trainer_layer:0.3783702850341797
INFO:trainer_layer:0.3409385681152344
INFO:trainer_layer:0.34356117248535156
INFO:trainer_layer:0.6175041198730469
INFO:trainer_layer:0.37407875061035156
INFO:trainer_layer:0.331878662109375
INFO:trainer_layer:0.42748451232910156
INFO:trainer_layer:0.45037269592285156
INFO:trainer_layer:0.5211830139160156
INFO:trainer_layer:0.46896934509277344
INFO:trainer_layer:0.44035911560058594
INFO:trainer_layer:0.6034374237060547
INFO:trainer_layer:0.5784034729003906
INFO:trainer_layer:0.45490264892578125
INFO:trainer_layer:0.3771781921386719
INFO:trainer_layer:0.3514289855957031
INFO:trainer_layer:0.32973289489746094
INFO:trainer_layer:0.3979206085205078
INFO:trainer_layer:0.4055500030517578
INFO:trainer_layer:0.4932880401611328
INFO:trainer_layer:0.43487548828125
INFO:trainer_layer:0.4680156707763672
INFO:trainer_layer:0.43845176696777344
INFO:trainer_layer:0.7641315460205078
INFO:trainer_layer:0.40149688720703125
INFO:trainer_layer:0.4906654357910156
INFO:trainer_layer:0.3616809844970703
INFO:trainer_layer:0.3764629364013672
INFO:trainer_layer:0.3266334533691406
INFO:trainer_layer:0.4019737243652344
INFO:trainer_layer:0.3795623779296875
INFO:trainer_layer:0.3955364227294922
INFO:trainer_layer:0.34689903259277344
INFO:trainer_layer:0.5128383636474609
INFO:trainer_layer:0.5693435668945312
INFO:trainer_layer:0.35262107849121094
INFO:trainer_layer:0.3287792205810547
