INFO:trainer_layer:CNNEx | mnist
INFO:trainer_layer:in_size : 128 | epochs : 1 | batch : 1
INFO:trainer_layer:kernel_l1 : 65 | 
INFO:trainer_layer:o_channels_l1 : 20 | 
INFO:trainer_layer::::::::::::::::::::::::::::::::::::::::::::::::::::::::::::
INFO:trainer_layer:message : cnn_conv2 
INFO:trainer_layer::::::::::::::::::::::::::::::::::::::::::::::::::::::::::::
INFO:trainer_layer:Ave_Time : 0.45704174041748047
INFO:trainer_layer::::::::::::::::::::::::::::::::::::::::::::::::::::::::::::
INFO:trainer_layer:0.7312297821044922
INFO:trainer_layer:0.44274330139160156
INFO:trainer_layer:0.522613525390625
INFO:trainer_layer:0.469207763671875
INFO:trainer_layer:0.46062469482421875
INFO:trainer_layer:0.46324729919433594
INFO:trainer_layer:0.469207763671875
INFO:trainer_layer:0.4520416259765625
INFO:trainer_layer:0.4303455352783203
INFO:trainer_layer:0.4410743713378906
INFO:trainer_layer:0.4856586456298828
INFO:trainer_layer:0.3948211669921875
INFO:trainer_layer:0.4782676696777344
INFO:trainer_layer:0.41556358337402344
INFO:trainer_layer:0.4582405090332031
INFO:trainer_layer:0.4801750183105469
INFO:trainer_layer:0.3981590270996094
INFO:trainer_layer:0.49114227294921875
INFO:trainer_layer:0.5705356597900391
INFO:trainer_layer:0.3571510314941406
INFO:trainer_layer:0.4220008850097656
INFO:trainer_layer:0.39958953857421875
INFO:trainer_layer:0.4260540008544922
INFO:trainer_layer:0.3657341003417969
INFO:trainer_layer:0.42939186096191406
INFO:trainer_layer:0.5483627319335938
INFO:trainer_layer:0.5388259887695312
INFO:trainer_layer:0.81634521484375
INFO:trainer_layer:0.8189678192138672
INFO:trainer_layer:0.518798828125
INFO:trainer_layer:0.4222393035888672
INFO:trainer_layer:0.5860328674316406
INFO:trainer_layer:0.48995018005371094
INFO:trainer_layer:0.5199909210205078
INFO:trainer_layer:0.5121231079101562
INFO:trainer_layer:0.5168914794921875
INFO:trainer_layer:0.5500316619873047
INFO:trainer_layer:0.5133152008056641
INFO:trainer_layer:0.34880638122558594
INFO:trainer_layer:0.40841102600097656
INFO:trainer_layer:0.2779960632324219
INFO:trainer_layer:0.5357265472412109
INFO:trainer_layer:0.6134510040283203
INFO:trainer_layer:0.4489421844482422
INFO:trainer_layer:0.5266666412353516
INFO:trainer_layer:0.5958080291748047
INFO:trainer_layer:0.6639957427978516
INFO:trainer_layer:0.6883144378662109
INFO:trainer_layer:0.37980079650878906
INFO:trainer_layer:0.3979206085205078
INFO:trainer_layer:0.37741661071777344
INFO:trainer_layer:0.3933906555175781
INFO:trainer_layer:0.637054443359375
INFO:trainer_layer:0.9186267852783203
INFO:trainer_layer:0.3745555877685547
INFO:trainer_layer:0.43392181396484375
INFO:trainer_layer:0.32067298889160156
INFO:trainer_layer:0.39124488830566406
INFO:trainer_layer:0.3476142883300781
INFO:trainer_layer:0.3864765167236328
INFO:trainer_layer:0.3490447998046875
INFO:trainer_layer:0.35858154296875
INFO:trainer_layer:0.3426074981689453
INFO:trainer_layer:0.3581047058105469
INFO:trainer_layer:0.48279762268066406
INFO:trainer_layer:0.37169456481933594
INFO:trainer_layer:0.3402233123779297
INFO:trainer_layer:0.3142356872558594
INFO:trainer_layer:0.34689903259277344
INFO:trainer_layer:0.3151893615722656
INFO:trainer_layer:0.43845176696777344
INFO:trainer_layer:0.5662441253662109
INFO:trainer_layer:0.7233619689941406
INFO:trainer_layer:0.8144378662109375
INFO:trainer_layer:0.42247772216796875
INFO:trainer_layer:0.32329559326171875
INFO:trainer_layer:0.5834102630615234
INFO:trainer_layer:0.6678104400634766
INFO:trainer_layer:0.5156993865966797
INFO:trainer_layer:0.48160552978515625
INFO:trainer_layer:0.675201416015625
INFO:trainer_layer:0.6434917449951172
INFO:trainer_layer:0.32639503479003906
INFO:trainer_layer:0.31638145446777344
INFO:trainer_layer:0.42629241943359375
INFO:trainer_layer:0.3139972686767578
INFO:trainer_layer:0.4200935363769531
INFO:trainer_layer:0.39076805114746094
INFO:trainer_layer:0.3726482391357422
INFO:trainer_layer:0.4420280456542969
INFO:trainer_layer:0.3666877746582031
INFO:trainer_layer:0.4677772521972656
INFO:trainer_layer:0.3345012664794922
INFO:trainer_layer:0.32019615173339844
INFO:trainer_layer:0.32830238342285156
INFO:trainer_layer:0.38313865661621094
INFO:trainer_layer:0.47516822814941406
INFO:trainer_layer:0.5133152008056641
INFO:trainer_layer:0.797271728515625
INFO:trainer_layer:0.42700767517089844
INFO:trainer_layer:0.8816719055175781
INFO:trainer_layer:0.3409385681152344
INFO:trainer_layer:0.34117698669433594
INFO:trainer_layer:0.31280517578125
INFO:trainer_layer:0.3418922424316406
INFO:trainer_layer:0.5006790161132812
INFO:trainer_layer:0.3535747528076172
INFO:trainer_layer:0.43702125549316406
INFO:trainer_layer:0.6153583526611328
INFO:trainer_layer:0.7565021514892578
INFO:trainer_layer:0.6482601165771484
INFO:trainer_layer:0.5009174346923828
INFO:trainer_layer:0.5936622619628906
INFO:trainer_layer:0.4286766052246094
INFO:trainer_layer:0.3731250762939453
INFO:trainer_layer:0.45990943908691406
INFO:trainer_layer:0.4334449768066406
INFO:trainer_layer:1.0662078857421875
INFO:trainer_layer:0.9305477142333984
INFO:trainer_layer:0.4456043243408203
INFO:trainer_layer:0.5190372467041016
INFO:trainer_layer:0.4982948303222656
INFO:trainer_layer:0.40984153747558594
INFO:trainer_layer:0.5428791046142578
INFO:trainer_layer:0.44417381286621094
INFO:trainer_layer:0.5745887756347656
INFO:trainer_layer:0.5629062652587891
INFO:trainer_layer:0.5023479461669922
INFO:trainer_layer:0.5009174346923828
INFO:trainer_layer:0.492095947265625
INFO:trainer_layer:0.44918060302734375
INFO:trainer_layer:0.4763603210449219
INFO:trainer_layer:0.3457069396972656
INFO:trainer_layer:0.6659030914306641
INFO:trainer_layer:0.6244182586669922
INFO:trainer_layer:0.4093647003173828
INFO:trainer_layer:0.3452301025390625
INFO:trainer_layer:0.42057037353515625
INFO:trainer_layer:0.4343986511230469
INFO:trainer_layer:0.537872314453125
INFO:trainer_layer:0.5612373352050781
INFO:trainer_layer:0.43964385986328125
INFO:trainer_layer:0.5617141723632812
INFO:trainer_layer:0.8347034454345703
INFO:trainer_layer:0.38695335388183594
INFO:trainer_layer:0.39887428283691406
INFO:trainer_layer:0.3654956817626953
INFO:trainer_layer:0.35881996154785156
INFO:trainer_layer:0.4894733428955078
INFO:trainer_layer:0.3643035888671875
INFO:trainer_layer:0.370025634765625
INFO:trainer_layer:0.5354881286621094
INFO:trainer_layer:0.7228851318359375
INFO:trainer_layer:0.8199214935302734
INFO:trainer_layer:0.3635883331298828
INFO:trainer_layer:0.37384033203125
INFO:trainer_layer:0.3955364227294922
INFO:trainer_layer:0.560760498046875
INFO:trainer_layer:0.5192756652832031
INFO:trainer_layer:0.5536079406738281
INFO:trainer_layer:0.48804283142089844
INFO:trainer_layer:0.4112720489501953
INFO:trainer_layer:0.43010711669921875
INFO:trainer_layer:0.36334991455078125
INFO:trainer_layer:0.35119056701660156
INFO:trainer_layer:0.3330707550048828
INFO:trainer_layer:0.3902912139892578
INFO:trainer_layer:0.5977153778076172
INFO:trainer_layer:0.5631446838378906
INFO:trainer_layer:0.5617141723632812
INFO:trainer_layer:0.6246566772460938
INFO:trainer_layer:0.5390644073486328
INFO:trainer_layer:0.49424171447753906
INFO:trainer_layer:0.476837158203125
INFO:trainer_layer:0.5056858062744141
INFO:trainer_layer:0.3829002380371094
INFO:trainer_layer:0.35762786865234375
INFO:trainer_layer:0.5295276641845703
INFO:trainer_layer:0.37360191345214844
INFO:trainer_layer:0.41866302490234375
INFO:trainer_layer:0.4153251647949219
INFO:trainer_layer:0.35190582275390625
INFO:trainer_layer:0.34546852111816406
INFO:trainer_layer:0.33164024353027344
INFO:trainer_layer:0.431060791015625
INFO:trainer_layer:0.3752708435058594
INFO:trainer_layer:0.4062652587890625
INFO:trainer_layer:0.4718303680419922
INFO:trainer_layer:0.6289482116699219
INFO:trainer_layer:0.4825592041015625
INFO:trainer_layer:0.44035911560058594
INFO:trainer_layer:0.34236907958984375
INFO:trainer_layer:0.3840923309326172
INFO:trainer_layer:0.6711483001708984
INFO:trainer_layer:0.7479190826416016
INFO:trainer_layer:0.5695819854736328
INFO:trainer_layer:0.5247592926025391
INFO:trainer_layer:0.35500526428222656
INFO:trainer_layer:0.446319580078125
INFO:trainer_layer:0.354766845703125
INFO:trainer_layer:0.4093647003173828
INFO:trainer_layer:0.37169456481933594
INFO:trainer_layer:0.39386749267578125
INFO:trainer_layer:1.027822494506836
INFO:trainer_layer:0.7665157318115234
INFO:trainer_layer:0.4856586456298828
INFO:trainer_layer:0.40841102600097656
INFO:trainer_layer:0.42557716369628906
INFO:trainer_layer:0.42557716369628906
INFO:trainer_layer:0.3910064697265625
INFO:trainer_layer:0.42176246643066406
INFO:trainer_layer:0.5075931549072266
INFO:trainer_layer:0.45561790466308594
INFO:trainer_layer:0.45561790466308594
INFO:trainer_layer:0.6265640258789062
INFO:trainer_layer:0.44655799865722656
INFO:trainer_layer:0.3693103790283203
INFO:trainer_layer:0.3514289855957031
INFO:trainer_layer:0.35500526428222656
INFO:trainer_layer:0.3535747528076172
INFO:trainer_layer:0.3597736358642578
INFO:trainer_layer:0.5061626434326172
INFO:trainer_layer:0.9872913360595703
INFO:trainer_layer:0.8780956268310547
INFO:trainer_layer:0.5304813385009766
INFO:trainer_layer:0.5087852478027344
INFO:trainer_layer:0.5195140838623047
INFO:trainer_layer:0.5156993865966797
INFO:trainer_layer:0.7293224334716797
INFO:trainer_layer:0.37670135498046875
INFO:trainer_layer:0.3788471221923828
INFO:trainer_layer:0.4341602325439453
INFO:trainer_layer:0.5176067352294922
INFO:trainer_layer:0.3533363342285156
INFO:trainer_layer:0.40912628173828125
INFO:trainer_layer:0.3490447998046875
INFO:trainer_layer:0.5152225494384766
INFO:trainer_layer:0.3604888916015625
INFO:trainer_layer:0.3504753112792969
INFO:trainer_layer:0.33211708068847656
INFO:trainer_layer:0.8666515350341797
INFO:trainer_layer:0.7593631744384766
INFO:trainer_layer:0.4551410675048828
INFO:trainer_layer:0.6036758422851562
INFO:trainer_layer:0.3743171691894531
INFO:trainer_layer:0.3383159637451172
INFO:trainer_layer:0.33164024353027344
INFO:trainer_layer:0.33283233642578125
INFO:trainer_layer:0.4131793975830078
INFO:trainer_layer:0.9622573852539062
INFO:trainer_layer:0.8130073547363281
INFO:trainer_layer:0.36215782165527344
INFO:trainer_layer:0.36072731018066406
INFO:trainer_layer:0.3972053527832031
INFO:trainer_layer:0.3535747528076172
INFO:trainer_layer:0.39887428283691406
INFO:trainer_layer:0.44536590576171875
INFO:trainer_layer:0.37169456481933594
INFO:trainer_layer:0.5524158477783203
INFO:trainer_layer:0.42891502380371094
INFO:trainer_layer:0.6337165832519531
INFO:trainer_layer:0.6163120269775391
INFO:trainer_layer:0.5280971527099609
INFO:trainer_layer:0.3924369812011719
INFO:trainer_layer:0.4260540008544922
INFO:trainer_layer:0.4208087921142578
INFO:trainer_layer:0.3657341003417969
INFO:trainer_layer:0.5817413330078125
INFO:trainer_layer:0.5657672882080078
INFO:trainer_layer:0.5271434783935547
INFO:trainer_layer:0.3764629364013672
INFO:trainer_layer:0.3311634063720703
INFO:trainer_layer:0.33354759216308594
INFO:trainer_layer:0.3380775451660156
INFO:trainer_layer:0.3371238708496094
INFO:trainer_layer:0.3619194030761719
INFO:trainer_layer:0.33354759216308594
INFO:trainer_layer:0.3457069396972656
INFO:trainer_layer:0.4284381866455078
INFO:trainer_layer:0.4439353942871094
INFO:trainer_layer:0.5269050598144531
INFO:trainer_layer:0.5588531494140625
INFO:trainer_layer:0.3483295440673828
INFO:trainer_layer:0.3821849822998047
INFO:trainer_layer:0.33855438232421875
INFO:trainer_layer:0.39267539978027344
INFO:trainer_layer:0.4551410675048828
INFO:trainer_layer:0.4737377166748047
INFO:trainer_layer:0.5919933319091797
INFO:trainer_layer:0.469207763671875
INFO:trainer_layer:0.46944618225097656
INFO:trainer_layer:0.4668235778808594
INFO:trainer_layer:0.4048347473144531
INFO:trainer_layer:0.34880638122558594
INFO:trainer_layer:0.5586147308349609
INFO:trainer_layer:0.44918060302734375
INFO:trainer_layer:0.3445148468017578
INFO:trainer_layer:0.34356117248535156
INFO:trainer_layer:0.35834312438964844
INFO:trainer_layer:0.6020069122314453
INFO:trainer_layer:0.8244514465332031
INFO:trainer_layer:0.4131793975830078
INFO:trainer_layer:0.3561973571777344
INFO:trainer_layer:0.45990943908691406
INFO:trainer_layer:0.35953521728515625
INFO:trainer_layer:0.5314350128173828
INFO:trainer_layer:0.3533363342285156
INFO:trainer_layer:0.4687309265136719
INFO:trainer_layer:0.45299530029296875
INFO:trainer_layer:0.6341934204101562
INFO:trainer_layer:0.44989585876464844
INFO:trainer_layer:0.43463706970214844
INFO:trainer_layer:0.3418922424316406
INFO:trainer_layer:0.39196014404296875
INFO:trainer_layer:0.42819976806640625
INFO:trainer_layer:0.43487548828125
INFO:trainer_layer:0.39649009704589844
INFO:trainer_layer:0.396728515625
INFO:trainer_layer:0.5741119384765625
INFO:trainer_layer:0.34165382385253906
INFO:trainer_layer:0.45800209045410156
INFO:trainer_layer:0.36144256591796875
INFO:trainer_layer:0.3886222839355469
INFO:trainer_layer:0.33020973205566406
INFO:trainer_layer:0.3323554992675781
INFO:trainer_layer:0.5071163177490234
INFO:trainer_layer:0.4973411560058594
INFO:trainer_layer:0.47016143798828125
INFO:trainer_layer:0.6723403930664062
INFO:trainer_layer:0.3802776336669922
INFO:trainer_layer:0.38695335388183594
INFO:trainer_layer:0.32782554626464844
INFO:trainer_layer:0.3540515899658203
INFO:trainer_layer:0.3349781036376953
INFO:trainer_layer:0.36787986755371094
INFO:trainer_layer:0.3445148468017578
INFO:trainer_layer:0.3490447998046875
INFO:trainer_layer:0.32138824462890625
INFO:trainer_layer:0.5142688751220703
INFO:trainer_layer:0.6241798400878906
INFO:trainer_layer:0.3409385681152344
INFO:trainer_layer:0.5979537963867188
INFO:trainer_layer:0.3457069396972656
INFO:trainer_layer:0.3418922424316406
INFO:trainer_layer:0.33974647521972656
INFO:trainer_layer:0.3371238708496094
INFO:trainer_layer:0.3376007080078125
INFO:trainer_layer:0.42939186096191406
INFO:trainer_layer:1.2671947479248047
INFO:trainer_layer:0.7460117340087891
INFO:trainer_layer:0.3299713134765625
INFO:trainer_layer:0.3380775451660156
INFO:trainer_layer:0.3390312194824219
INFO:trainer_layer:0.33926963806152344
INFO:trainer_layer:0.34117698669433594
INFO:trainer_layer:0.33664703369140625
INFO:trainer_layer:0.3998279571533203
INFO:trainer_layer:0.38909912109375
INFO:trainer_layer:0.9109973907470703
INFO:trainer_layer:0.3638267517089844
INFO:trainer_layer:0.7405281066894531
INFO:trainer_layer:0.33783912658691406
INFO:trainer_layer:0.35119056701660156
INFO:trainer_layer:0.43964385986328125
INFO:trainer_layer:0.3437995910644531
INFO:trainer_layer:0.36787986755371094
INFO:trainer_layer:0.34046173095703125
INFO:trainer_layer:0.3883838653564453
INFO:trainer_layer:0.38743019104003906
INFO:trainer_layer:0.3609657287597656
INFO:trainer_layer:0.7476806640625
INFO:trainer_layer:0.3459453582763672
INFO:trainer_layer:0.35500526428222656
INFO:trainer_layer:0.3256797790527344
INFO:trainer_layer:0.3452301025390625
INFO:trainer_layer:0.32830238342285156
INFO:trainer_layer:0.3349781036376953
INFO:trainer_layer:0.3993511199951172
INFO:trainer_layer:0.4067420959472656
INFO:trainer_layer:0.3726482391357422
INFO:trainer_layer:0.5095005035400391
INFO:trainer_layer:0.6976127624511719
INFO:trainer_layer:0.5817413330078125
INFO:trainer_layer:0.6000995635986328
INFO:trainer_layer:0.34046173095703125
INFO:trainer_layer:0.4258155822753906
INFO:trainer_layer:0.32711029052734375
INFO:trainer_layer:0.5042552947998047
INFO:trainer_layer:0.736236572265625
INFO:trainer_layer:0.7357597351074219
INFO:trainer_layer:0.4324913024902344
INFO:trainer_layer:0.46253204345703125
INFO:trainer_layer:0.35119056701660156
INFO:trainer_layer:0.4603862762451172
INFO:trainer_layer:0.38051605224609375
INFO:trainer_layer:0.4718303680419922
INFO:trainer_layer:0.3802776336669922
INFO:trainer_layer:0.5705356597900391
INFO:trainer_layer:0.6973743438720703
INFO:trainer_layer:0.4858970642089844
INFO:trainer_layer:0.3864765167236328
INFO:trainer_layer:0.4334449768066406
INFO:trainer_layer:0.36787986755371094
INFO:trainer_layer:0.4487037658691406
INFO:trainer_layer:0.32448768615722656
INFO:trainer_layer:0.45990943908691406
INFO:trainer_layer:0.4105567932128906
INFO:trainer_layer:0.5614757537841797
INFO:trainer_layer:0.7205009460449219
INFO:trainer_layer:0.5948543548583984
INFO:trainer_layer:0.3502368927001953
INFO:trainer_layer:0.34499168395996094
INFO:trainer_layer:0.3566741943359375
INFO:trainer_layer:0.34332275390625
INFO:trainer_layer:0.5476474761962891
INFO:trainer_layer:0.47969818115234375
INFO:trainer_layer:0.4563331604003906
INFO:trainer_layer:0.4856586456298828
INFO:trainer_layer:0.6215572357177734
INFO:trainer_layer:0.4477500915527344
INFO:trainer_layer:0.4363059997558594
INFO:trainer_layer:0.45299530029296875
INFO:trainer_layer:0.4153251647949219
INFO:trainer_layer:0.6091594696044922
INFO:trainer_layer:0.5116462707519531
INFO:trainer_layer:0.7412433624267578
INFO:trainer_layer:0.6206035614013672
INFO:trainer_layer:0.39076805114746094
INFO:trainer_layer:0.4076957702636719
INFO:trainer_layer:0.3612041473388672
INFO:trainer_layer:0.44035911560058594
INFO:trainer_layer:0.3867149353027344
INFO:trainer_layer:0.34880638122558594
INFO:trainer_layer:0.3859996795654297
INFO:trainer_layer:0.7817745208740234
INFO:trainer_layer:0.8475780487060547
INFO:trainer_layer:0.4863739013671875
INFO:trainer_layer:0.4858970642089844
INFO:trainer_layer:0.44274330139160156
INFO:trainer_layer:0.45752525329589844
INFO:trainer_layer:0.4761219024658203
INFO:trainer_layer:0.5233287811279297
INFO:trainer_layer:0.6084442138671875
INFO:trainer_layer:0.7212162017822266
INFO:trainer_layer:0.4467964172363281
INFO:trainer_layer:0.3750324249267578
INFO:trainer_layer:0.36716461181640625
INFO:trainer_layer:0.37384033203125
INFO:trainer_layer:0.3325939178466797
INFO:trainer_layer:0.396728515625
INFO:trainer_layer:0.4134178161621094
INFO:trainer_layer:0.9589195251464844
INFO:trainer_layer:0.4477500915527344
INFO:trainer_layer:0.5953311920166016
INFO:trainer_layer:0.5233287811279297
INFO:trainer_layer:0.5362033843994141
INFO:trainer_layer:0.5123615264892578
INFO:trainer_layer:0.4870891571044922
INFO:trainer_layer:0.5021095275878906
INFO:trainer_layer:0.5140304565429688
INFO:trainer_layer:0.8208751678466797
INFO:trainer_layer:0.4894733428955078
INFO:trainer_layer:0.48351287841796875
INFO:trainer_layer:0.35953521728515625
INFO:trainer_layer:0.3478527069091797
INFO:trainer_layer:0.3325939178466797
INFO:trainer_layer:0.3337860107421875
INFO:trainer_layer:0.4591941833496094
INFO:trainer_layer:0.40793418884277344
INFO:trainer_layer:0.5691051483154297
INFO:trainer_layer:0.5927085876464844
INFO:trainer_layer:0.43129920959472656
INFO:trainer_layer:0.34618377685546875
INFO:trainer_layer:0.3533363342285156
INFO:trainer_layer:0.40793418884277344
INFO:trainer_layer:0.3437995910644531
INFO:trainer_layer:0.5922317504882812
INFO:trainer_layer:0.6234645843505859
INFO:trainer_layer:0.6666183471679688
INFO:trainer_layer:0.44798851013183594
INFO:trainer_layer:0.6554126739501953
INFO:trainer_layer:0.4048347473144531
INFO:trainer_layer:0.3941059112548828
INFO:trainer_layer:0.4172325134277344
INFO:trainer_layer:0.3936290740966797
INFO:trainer_layer:0.3948211669921875
INFO:trainer_layer:0.38814544677734375
INFO:trainer_layer:0.4050731658935547
INFO:trainer_layer:0.4074573516845703
INFO:trainer_layer:0.40650367736816406
INFO:trainer_layer:0.5502700805664062
INFO:trainer_layer:0.4992485046386719
INFO:trainer_layer:0.61798095703125
INFO:trainer_layer:0.5440711975097656
INFO:trainer_layer:0.5714893341064453
INFO:trainer_layer:0.5629062652587891
INFO:trainer_layer:0.522613525390625
INFO:trainer_layer:0.4680156707763672
INFO:trainer_layer:1.1515617370605469
INFO:trainer_layer:0.5962848663330078
INFO:trainer_layer:0.3657341003417969
INFO:trainer_layer:0.4088878631591797
INFO:trainer_layer:0.34356117248535156
INFO:trainer_layer:0.4165172576904297
INFO:trainer_layer:0.335693359375
INFO:trainer_layer:0.39386749267578125
INFO:trainer_layer:0.35953521728515625
INFO:trainer_layer:0.423431396484375
INFO:trainer_layer:0.3762245178222656
INFO:trainer_layer:0.4982948303222656
INFO:trainer_layer:0.4763603210449219
INFO:trainer_layer:0.4112720489501953
INFO:trainer_layer:0.3941059112548828
INFO:trainer_layer:0.4146099090576172
INFO:trainer_layer:0.4017353057861328
INFO:trainer_layer:0.4169940948486328
INFO:trainer_layer:0.39839744567871094
INFO:trainer_layer:0.40984153747558594
INFO:trainer_layer:0.44989585876464844
INFO:trainer_layer:0.54168701171875
INFO:trainer_layer:0.6623268127441406
INFO:trainer_layer:0.45371055603027344
INFO:trainer_layer:0.3771781921386719
INFO:trainer_layer:0.3750324249267578
INFO:trainer_layer:0.3960132598876953
INFO:trainer_layer:0.3902912139892578
INFO:trainer_layer:0.3859996795654297
INFO:trainer_layer:0.36334991455078125
INFO:trainer_layer:0.39768218994140625
INFO:trainer_layer:0.5619525909423828
INFO:trainer_layer:0.5433559417724609
INFO:trainer_layer:0.3490447998046875
INFO:trainer_layer:0.446319580078125
INFO:trainer_layer:0.6227493286132812
INFO:trainer_layer:0.6678104400634766
INFO:trainer_layer:0.5078315734863281
INFO:trainer_layer:0.49591064453125
INFO:trainer_layer:0.568389892578125
INFO:trainer_layer:0.40841102600097656
INFO:trainer_layer:0.3924369812011719
INFO:trainer_layer:0.3764629364013672
INFO:trainer_layer:0.39649009704589844
INFO:trainer_layer:0.35834312438964844
INFO:trainer_layer:0.3552436828613281
INFO:trainer_layer:0.3800392150878906
INFO:trainer_layer:0.36334991455078125
INFO:trainer_layer:0.4150867462158203
INFO:trainer_layer:0.591278076171875
INFO:trainer_layer:0.42629241943359375
INFO:trainer_layer:0.3876686096191406
INFO:trainer_layer:0.3631114959716797
INFO:trainer_layer:0.36787986755371094
INFO:trainer_layer:0.3447532653808594
INFO:trainer_layer:0.39649009704589844
INFO:trainer_layer:0.4830360412597656
INFO:trainer_layer:0.3952980041503906
INFO:trainer_layer:0.4227161407470703
INFO:trainer_layer:0.5950927734375
INFO:trainer_layer:0.6597042083740234
INFO:trainer_layer:0.5726814270019531
INFO:trainer_layer:0.5581378936767578
INFO:trainer_layer:0.5717277526855469
INFO:trainer_layer:0.5006790161132812
INFO:trainer_layer:0.4887580871582031
INFO:trainer_layer:0.5800724029541016
INFO:trainer_layer:0.5097389221191406
INFO:trainer_layer:0.35262107849121094
INFO:trainer_layer:0.3199577331542969
INFO:trainer_layer:0.5130767822265625
INFO:trainer_layer:0.44274330139160156
INFO:trainer_layer:0.5617141723632812
INFO:trainer_layer:0.5972385406494141
INFO:trainer_layer:0.3597736358642578
INFO:trainer_layer:0.3571510314941406
INFO:trainer_layer:0.4200935363769531
INFO:trainer_layer:0.39458274841308594
INFO:trainer_layer:0.4317760467529297
INFO:trainer_layer:0.4100799560546875
INFO:trainer_layer:0.4391670227050781
INFO:trainer_layer:0.47516822814941406
INFO:trainer_layer:0.6091594696044922
INFO:trainer_layer:0.35881996154785156
INFO:trainer_layer:0.4596710205078125
INFO:trainer_layer:0.7507801055908203
INFO:trainer_layer:0.4360675811767578
INFO:trainer_layer:0.35071372985839844
INFO:trainer_layer:0.4584789276123047
INFO:trainer_layer:0.4787445068359375
INFO:trainer_layer:0.6442070007324219
INFO:trainer_layer:0.41985511779785156
INFO:trainer_layer:0.34880638122558594
INFO:trainer_layer:0.39887428283691406
INFO:trainer_layer:0.3390312194824219
INFO:trainer_layer:0.33092498779296875
INFO:trainer_layer:0.31757354736328125
INFO:trainer_layer:0.5974769592285156
INFO:trainer_layer:0.3726482391357422
INFO:trainer_layer:0.3597736358642578
INFO:trainer_layer:0.3380775451660156
INFO:trainer_layer:0.4992485046386719
INFO:trainer_layer:0.34809112548828125
INFO:trainer_layer:0.3523826599121094
INFO:trainer_layer:0.6098747253417969
INFO:trainer_layer:0.33473968505859375
INFO:trainer_layer:0.3190040588378906
INFO:trainer_layer:0.3371238708496094
INFO:trainer_layer:0.32329559326171875
INFO:trainer_layer:0.46634674072265625
INFO:trainer_layer:0.43201446533203125
INFO:trainer_layer:0.3304481506347656
INFO:trainer_layer:0.3859996795654297
INFO:trainer_layer:0.35572052001953125
INFO:trainer_layer:0.37479400634765625
INFO:trainer_layer:0.33926963806152344
INFO:trainer_layer:0.3898143768310547
INFO:trainer_layer:0.3254413604736328
INFO:trainer_layer:0.3368854522705078
INFO:trainer_layer:0.32258033752441406
INFO:trainer_layer:0.32401084899902344
INFO:trainer_layer:0.3235340118408203
INFO:trainer_layer:0.5464553833007812
INFO:trainer_layer:0.3662109375
INFO:trainer_layer:0.3459453582763672
INFO:trainer_layer:0.36835670471191406
INFO:trainer_layer:0.3647804260253906
INFO:trainer_layer:0.33855438232421875
INFO:trainer_layer:0.32973289489746094
INFO:trainer_layer:0.3223419189453125
INFO:trainer_layer:0.3628730773925781
INFO:trainer_layer:0.3616809844970703
INFO:trainer_layer:0.3285408020019531
INFO:trainer_layer:0.3540515899658203
INFO:trainer_layer:0.38933753967285156
INFO:trainer_layer:0.3440380096435547
INFO:trainer_layer:0.3612041473388672
INFO:trainer_layer:0.34809112548828125
INFO:trainer_layer:0.4227161407470703
INFO:trainer_layer:0.33926963806152344
INFO:trainer_layer:0.3478527069091797
INFO:trainer_layer:0.32901763916015625
INFO:trainer_layer:0.6616115570068359
INFO:trainer_layer:0.33974647521972656
INFO:trainer_layer:0.36334991455078125
INFO:trainer_layer:0.3426074981689453
INFO:trainer_layer:0.335693359375
INFO:trainer_layer:0.39768218994140625
INFO:trainer_layer:0.3809928894042969
INFO:trainer_layer:0.7145404815673828
INFO:trainer_layer:0.3337860107421875
INFO:trainer_layer:0.33092498779296875
INFO:trainer_layer:0.3249645233154297
INFO:trainer_layer:0.42629241943359375
INFO:trainer_layer:0.3840923309326172
INFO:trainer_layer:0.3676414489746094
INFO:trainer_layer:0.35190582275390625
INFO:trainer_layer:0.362396240234375
INFO:trainer_layer:0.34499168395996094
INFO:trainer_layer:0.3581047058105469
INFO:trainer_layer:0.4088878631591797
INFO:trainer_layer:0.392913818359375
INFO:trainer_layer:0.3299713134765625
INFO:trainer_layer:0.3898143768310547
INFO:trainer_layer:0.5822181701660156
INFO:trainer_layer:0.6525516510009766
INFO:trainer_layer:0.36215782165527344
INFO:trainer_layer:0.4639625549316406
INFO:trainer_layer:0.4932880401611328
INFO:trainer_layer:0.46944618225097656
INFO:trainer_layer:0.38695335388183594
INFO:trainer_layer:0.4894733428955078
INFO:trainer_layer:0.3635883331298828
INFO:trainer_layer:0.3287792205810547
INFO:trainer_layer:0.5710124969482422
INFO:trainer_layer:0.3254413604736328
INFO:trainer_layer:0.36525726318359375
INFO:trainer_layer:0.3387928009033203
INFO:trainer_layer:0.3418922424316406
INFO:trainer_layer:0.31304359436035156
INFO:trainer_layer:0.4024505615234375
INFO:trainer_layer:0.3616809844970703
INFO:trainer_layer:0.370025634765625
INFO:trainer_layer:0.32711029052734375
INFO:trainer_layer:0.3314018249511719
INFO:trainer_layer:0.34046173095703125
INFO:trainer_layer:0.33020973205566406
INFO:trainer_layer:0.5991458892822266
INFO:trainer_layer:0.3418922424316406
INFO:trainer_layer:0.34356117248535156
INFO:trainer_layer:0.3986358642578125
INFO:trainer_layer:0.7436275482177734
INFO:trainer_layer:0.3409385681152344
INFO:trainer_layer:0.3247261047363281
INFO:trainer_layer:0.3452301025390625
INFO:trainer_layer:0.32448768615722656
INFO:trainer_layer:0.3247261047363281
INFO:trainer_layer:0.3230571746826172
INFO:trainer_layer:0.5440711975097656
INFO:trainer_layer:0.5581378936767578
INFO:trainer_layer:0.34427642822265625
INFO:trainer_layer:0.32830238342285156
INFO:trainer_layer:0.3845691680908203
INFO:trainer_layer:0.3383159637451172
INFO:trainer_layer:0.33664703369140625
INFO:trainer_layer:0.3311634063720703
INFO:trainer_layer:0.33926963806152344
INFO:trainer_layer:0.5388259887695312
INFO:trainer_layer:0.6361007690429688
INFO:trainer_layer:0.6387233734130859
INFO:trainer_layer:0.6549358367919922
INFO:trainer_layer:0.8475780487060547
INFO:trainer_layer:0.6148815155029297
INFO:trainer_layer:0.5490779876708984
INFO:trainer_layer:0.6215572357177734
INFO:trainer_layer:0.5578994750976562
INFO:trainer_layer:0.63323974609375
INFO:trainer_layer:0.5204677581787109
INFO:trainer_layer:0.5402565002441406
INFO:trainer_layer:0.41604042053222656
INFO:trainer_layer:0.4889965057373047
INFO:trainer_layer:0.3821849822998047
INFO:trainer_layer:0.4096031188964844
INFO:trainer_layer:0.3724098205566406
INFO:trainer_layer:0.8537769317626953
INFO:trainer_layer:0.4565715789794922
INFO:trainer_layer:0.39315223693847656
INFO:trainer_layer:0.3635883331298828
INFO:trainer_layer:0.4634857177734375
INFO:trainer_layer:0.3883838653564453
INFO:trainer_layer:0.4639625549316406
INFO:trainer_layer:0.3619194030761719
INFO:trainer_layer:0.5004405975341797
INFO:trainer_layer:0.3733634948730469
INFO:trainer_layer:0.4296302795410156
INFO:trainer_layer:0.377655029296875
INFO:trainer_layer:0.4401206970214844
INFO:trainer_layer:0.7069110870361328
INFO:trainer_layer:0.4756450653076172
INFO:trainer_layer:0.4763603210449219
INFO:trainer_layer:0.7054805755615234
INFO:trainer_layer:0.4801750183105469
INFO:trainer_layer:0.4317760467529297
INFO:trainer_layer:0.6644725799560547
INFO:trainer_layer:0.35691261291503906
INFO:trainer_layer:0.4744529724121094
INFO:trainer_layer:0.44083595275878906
INFO:trainer_layer:0.4551410675048828
INFO:trainer_layer:0.3781318664550781
INFO:trainer_layer:0.4115104675292969
INFO:trainer_layer:0.36072731018066406
INFO:trainer_layer:0.4782676696777344
INFO:trainer_layer:0.8015632629394531
INFO:trainer_layer:0.4191398620605469
INFO:trainer_layer:0.4391670227050781
INFO:trainer_layer:0.6601810455322266
INFO:trainer_layer:0.4527568817138672
INFO:trainer_layer:0.5018711090087891
INFO:trainer_layer:0.37550926208496094
INFO:trainer_layer:0.40078163146972656
INFO:trainer_layer:0.5700588226318359
INFO:trainer_layer:0.843048095703125
INFO:trainer_layer:0.3376007080078125
INFO:trainer_layer:0.5388259887695312
INFO:trainer_layer:0.5669593811035156
INFO:trainer_layer:0.499725341796875
INFO:trainer_layer:0.3809928894042969
INFO:trainer_layer:0.4019737243652344
INFO:trainer_layer:0.49042701721191406
INFO:trainer_layer:0.7677078247070312
INFO:trainer_layer:0.33783912658691406
INFO:trainer_layer:0.4143714904785156
INFO:trainer_layer:0.35309791564941406
INFO:trainer_layer:0.6392002105712891
INFO:trainer_layer:0.36835670471191406
INFO:trainer_layer:0.4382133483886719
INFO:trainer_layer:0.331878662109375
INFO:trainer_layer:0.438690185546875
INFO:trainer_layer:0.3635883331298828
INFO:trainer_layer:0.42891502380371094
INFO:trainer_layer:0.41604042053222656
INFO:trainer_layer:0.4265308380126953
INFO:trainer_layer:0.4088878631591797
INFO:trainer_layer:0.41747093200683594
INFO:trainer_layer:0.6742477416992188
INFO:trainer_layer:0.4932880401611328
INFO:trainer_layer:0.3485679626464844
INFO:trainer_layer:0.438690185546875
INFO:trainer_layer:0.37670135498046875
INFO:trainer_layer:0.5083084106445312
INFO:trainer_layer:0.3821849822998047
INFO:trainer_layer:0.43845176696777344
INFO:trainer_layer:0.3955364227294922
INFO:trainer_layer:0.5304813385009766
INFO:trainer_layer:0.5559921264648438
INFO:trainer_layer:0.4630088806152344
INFO:trainer_layer:0.48065185546875
INFO:trainer_layer:0.415802001953125
INFO:trainer_layer:1.1086463928222656
INFO:trainer_layer:0.5354881286621094
INFO:trainer_layer:0.3833770751953125
INFO:trainer_layer:0.4611015319824219
INFO:trainer_layer:0.44226646423339844
INFO:trainer_layer:0.37384033203125
INFO:trainer_layer:0.3840923309326172
INFO:trainer_layer:0.35858154296875
INFO:trainer_layer:0.5803108215332031
INFO:trainer_layer:0.7505416870117188
INFO:trainer_layer:0.408172607421875
INFO:trainer_layer:0.3345012664794922
INFO:trainer_layer:0.35381317138671875
INFO:trainer_layer:0.6258487701416016
INFO:trainer_layer:0.44226646423339844
INFO:trainer_layer:0.3647804260253906
INFO:trainer_layer:0.3647804260253906
INFO:trainer_layer:0.3726482391357422
INFO:trainer_layer:0.44989585876464844
INFO:trainer_layer:0.5972385406494141
INFO:trainer_layer:0.9276866912841797
INFO:trainer_layer:0.392913818359375
INFO:trainer_layer:0.41222572326660156
INFO:trainer_layer:0.4925727844238281
INFO:trainer_layer:0.3781318664550781
INFO:trainer_layer:0.4527568817138672
INFO:trainer_layer:0.911712646484375
INFO:trainer_layer:0.7684230804443359
INFO:trainer_layer:0.6444454193115234
INFO:trainer_layer:0.47087669372558594
INFO:trainer_layer:0.4191398620605469
INFO:trainer_layer:0.3745555877685547
INFO:trainer_layer:0.31757354736328125
INFO:trainer_layer:0.3497600555419922
INFO:trainer_layer:0.3235340118408203
INFO:trainer_layer:0.4913806915283203
INFO:trainer_layer:0.47278404235839844
INFO:trainer_layer:0.3802776336669922
INFO:trainer_layer:0.43487548828125
INFO:trainer_layer:0.37789344787597656
INFO:trainer_layer:0.3962516784667969
INFO:trainer_layer:0.7054805755615234
INFO:trainer_layer:0.37407875061035156
INFO:trainer_layer:0.3657341003417969
INFO:trainer_layer:0.3724098205566406
INFO:trainer_layer:0.3159046173095703
INFO:trainer_layer:0.5388259887695312
INFO:trainer_layer:0.6544589996337891
INFO:trainer_layer:0.3635883331298828
INFO:trainer_layer:0.4200935363769531
INFO:trainer_layer:0.6680488586425781
INFO:trainer_layer:0.3714561462402344
INFO:trainer_layer:0.4162788391113281
INFO:trainer_layer:0.3669261932373047
INFO:trainer_layer:0.3895759582519531
INFO:trainer_layer:0.3228187561035156
INFO:trainer_layer:0.31948089599609375
INFO:trainer_layer:0.30612945556640625
INFO:trainer_layer:0.3120899200439453
INFO:trainer_layer:0.4024505615234375
INFO:trainer_layer:0.4019737243652344
INFO:trainer_layer:0.36787986755371094
INFO:trainer_layer:0.4181861877441406
INFO:trainer_layer:0.6568431854248047
INFO:trainer_layer:0.3952980041503906
INFO:trainer_layer:0.33974647521972656
INFO:trainer_layer:0.3666877746582031
INFO:trainer_layer:0.34117698669433594
INFO:trainer_layer:0.33664703369140625
INFO:trainer_layer:0.362396240234375
INFO:trainer_layer:0.7302761077880859
INFO:trainer_layer:0.4603862762451172
INFO:trainer_layer:0.4875659942626953
INFO:trainer_layer:0.4589557647705078
INFO:trainer_layer:0.46539306640625
INFO:trainer_layer:0.5514621734619141
INFO:trainer_layer:0.476837158203125
INFO:trainer_layer:0.3733634948730469
INFO:trainer_layer:0.3287792205810547
INFO:trainer_layer:0.7100105285644531
INFO:trainer_layer:0.7612705230712891
INFO:trainer_layer:0.3345012664794922
INFO:trainer_layer:0.32067298889160156
INFO:trainer_layer:0.3330707550048828
INFO:trainer_layer:0.3552436828613281
INFO:trainer_layer:0.3345012664794922
INFO:trainer_layer:0.47850608825683594
INFO:trainer_layer:0.34737586975097656
INFO:trainer_layer:0.8318424224853516
INFO:trainer_layer:0.8192062377929688
INFO:trainer_layer:0.47278404235839844
INFO:trainer_layer:0.4570484161376953
INFO:trainer_layer:0.33092498779296875
INFO:trainer_layer:0.400543212890625
INFO:trainer_layer:0.38743019104003906
INFO:trainer_layer:0.3299713134765625
INFO:trainer_layer:0.4763603210449219
INFO:trainer_layer:0.6732940673828125
INFO:trainer_layer:0.5261898040771484
INFO:trainer_layer:0.7443428039550781
INFO:trainer_layer:0.35381317138671875
INFO:trainer_layer:0.34117698669433594
INFO:trainer_layer:0.3287792205810547
INFO:trainer_layer:0.3876686096191406
INFO:trainer_layer:0.3657341003417969
INFO:trainer_layer:0.3230571746826172
INFO:trainer_layer:0.6401538848876953
INFO:trainer_layer:0.9007453918457031
INFO:trainer_layer:0.44345855712890625
INFO:trainer_layer:0.35262107849121094
INFO:trainer_layer:0.3402233123779297
INFO:trainer_layer:0.3218650817871094
INFO:trainer_layer:0.3178119659423828
INFO:trainer_layer:0.5815029144287109
INFO:trainer_layer:0.39124488830566406
INFO:trainer_layer:0.5958080291748047
INFO:trainer_layer:0.5252361297607422
INFO:trainer_layer:0.8559226989746094
INFO:trainer_layer:0.5705356597900391
INFO:trainer_layer:0.4012584686279297
INFO:trainer_layer:0.3802776336669922
INFO:trainer_layer:0.5645751953125
INFO:trainer_layer:0.37217140197753906
INFO:trainer_layer:0.4341602325439453
INFO:trainer_layer:0.34689903259277344
INFO:trainer_layer:0.5238056182861328
INFO:trainer_layer:0.7617473602294922
INFO:trainer_layer:0.37097930908203125
INFO:trainer_layer:0.4189014434814453
INFO:trainer_layer:0.3323554992675781
INFO:trainer_layer:0.3173351287841797
INFO:trainer_layer:0.3180503845214844
INFO:trainer_layer:0.31566619873046875
INFO:trainer_layer:0.30684471130371094
INFO:trainer_layer:0.3266334533691406
INFO:trainer_layer:0.5185604095458984
INFO:trainer_layer:0.5106925964355469
INFO:trainer_layer:0.5483627319335938
INFO:trainer_layer:0.38695335388183594
INFO:trainer_layer:0.35691261291503906
INFO:trainer_layer:0.3590583801269531
INFO:trainer_layer:0.34165382385253906
INFO:trainer_layer:0.3376007080078125
INFO:trainer_layer:0.4291534423828125
INFO:trainer_layer:0.423431396484375
INFO:trainer_layer:0.3771781921386719
INFO:trainer_layer:0.5033016204833984
INFO:trainer_layer:0.5829334259033203
INFO:trainer_layer:0.4222393035888672
INFO:trainer_layer:0.3643035888671875
INFO:trainer_layer:0.33020973205566406
INFO:trainer_layer:0.32591819763183594
INFO:trainer_layer:0.3113746643066406
INFO:trainer_layer:0.30732154846191406
INFO:trainer_layer:0.484466552734375
INFO:trainer_layer:0.3581047058105469
INFO:trainer_layer:0.3273487091064453
INFO:trainer_layer:0.49567222595214844
INFO:trainer_layer:0.5574226379394531
INFO:trainer_layer:0.3750324249267578
INFO:trainer_layer:0.3275871276855469
INFO:trainer_layer:0.3299713134765625
INFO:trainer_layer:0.4444122314453125
INFO:trainer_layer:0.37384033203125
INFO:trainer_layer:0.39958953857421875
INFO:trainer_layer:0.4372596740722656
INFO:trainer_layer:0.4363059997558594
INFO:trainer_layer:0.7047653198242188
INFO:trainer_layer:0.43129920959472656
INFO:trainer_layer:0.44274330139160156
INFO:trainer_layer:0.34117698669433594
INFO:trainer_layer:0.3190040588378906
INFO:trainer_layer:0.3230571746826172
INFO:trainer_layer:0.3509521484375
INFO:trainer_layer:0.32711029052734375
INFO:trainer_layer:0.4210472106933594
INFO:trainer_layer:0.4024505615234375
INFO:trainer_layer:0.6551742553710938
INFO:trainer_layer:0.6499290466308594
INFO:trainer_layer:0.36978721618652344
INFO:trainer_layer:0.354766845703125
INFO:trainer_layer:0.3750324249267578
INFO:trainer_layer:0.3204345703125
INFO:trainer_layer:0.3542900085449219
INFO:trainer_layer:0.4012584686279297
INFO:trainer_layer:0.36215782165527344
INFO:trainer_layer:0.36334991455078125
INFO:trainer_layer:0.47016143798828125
INFO:trainer_layer:0.6127357482910156
INFO:trainer_layer:0.6475448608398438
INFO:trainer_layer:0.5230903625488281
INFO:trainer_layer:0.4928112030029297
INFO:trainer_layer:0.3497600555419922
INFO:trainer_layer:0.31757354736328125
INFO:trainer_layer:0.3197193145751953
INFO:trainer_layer:0.3352165222167969
INFO:trainer_layer:0.4143714904785156
INFO:trainer_layer:0.6949901580810547
INFO:trainer_layer:0.5381107330322266
INFO:trainer_layer:0.3981590270996094
INFO:trainer_layer:0.52642822265625
INFO:trainer_layer:0.41985511779785156
INFO:trainer_layer:0.51116943359375
INFO:trainer_layer:0.3941059112548828
