INFO:trainer_layer:FFT_CNNEx | mnist
INFO:trainer_layer:in_size : 256 | epochs : 1 | batch : 1
INFO:trainer_layer:kernel_l1 : 129 | 
INFO:trainer_layer:o_channels_l1 : 20 | 
INFO:trainer_layer::::::::::::::::::::::::::::::::::::::::::::::::::::::::::::
INFO:trainer_layer:message : fft_conv1 
INFO:trainer_layer::::::::::::::::::::::::::::::::::::::::::::::::::::::::::::
INFO:trainer_layer:Ave_Time : 2.135814905166626
INFO:trainer_layer::::::::::::::::::::::::::::::::::::::::::::::::::::::::::::
INFO:trainer_layer:2.541065216064453
INFO:trainer_layer:2.299785614013672
INFO:trainer_layer:2.363443374633789
INFO:trainer_layer:2.3338794708251953
INFO:trainer_layer:2.3441314697265625
INFO:trainer_layer:2.3725032806396484
INFO:trainer_layer:2.3577213287353516
INFO:trainer_layer:2.3293495178222656
INFO:trainer_layer:2.4046897888183594
INFO:trainer_layer:2.3424625396728516
INFO:trainer_layer:2.601146697998047
INFO:trainer_layer:2.339601516723633
INFO:trainer_layer:2.3527145385742188
INFO:trainer_layer:2.334117889404297
INFO:trainer_layer:2.379894256591797
INFO:trainer_layer:2.3212432861328125
INFO:trainer_layer:2.730131149291992
INFO:trainer_layer:2.41851806640625
INFO:trainer_layer:2.5255680084228516
INFO:trainer_layer:2.485036849975586
INFO:trainer_layer:2.6023387908935547
INFO:trainer_layer:2.3195743560791016
INFO:trainer_layer:2.398967742919922
INFO:trainer_layer:2.897024154663086
INFO:trainer_layer:2.5634765625
INFO:trainer_layer:2.3233890533447266
INFO:trainer_layer:2.6159286499023438
INFO:trainer_layer:2.3229122161865234
INFO:trainer_layer:2.3047924041748047
INFO:trainer_layer:2.3317337036132812
INFO:trainer_layer:2.431631088256836
INFO:trainer_layer:2.3169517517089844
INFO:trainer_layer:2.5475025177001953
INFO:trainer_layer:2.3450851440429688
INFO:trainer_layer:2.405405044555664
INFO:trainer_layer:2.3124217987060547
INFO:trainer_layer:2.3610591888427734
INFO:trainer_layer:2.2974014282226562
INFO:trainer_layer:2.7692317962646484
INFO:trainer_layer:2.324819564819336
INFO:trainer_layer:2.4089813232421875
INFO:trainer_layer:2.4232864379882812
INFO:trainer_layer:2.368927001953125
INFO:trainer_layer:2.427816390991211
INFO:trainer_layer:2.3949146270751953
INFO:trainer_layer:2.424955368041992
INFO:trainer_layer:2.457141876220703
INFO:trainer_layer:2.6865005493164062
INFO:trainer_layer:2.396821975708008
INFO:trainer_layer:2.389192581176758
INFO:trainer_layer:2.457857131958008
INFO:trainer_layer:2.992868423461914
INFO:trainer_layer:2.468585968017578
INFO:trainer_layer:2.3784637451171875
INFO:trainer_layer:2.313375473022461
INFO:trainer_layer:2.333402633666992
INFO:trainer_layer:2.6412010192871094
INFO:trainer_layer:2.43377685546875
INFO:trainer_layer:2.3517608642578125
INFO:trainer_layer:2.1049976348876953
INFO:trainer_layer:2.3729801177978516
INFO:trainer_layer:2.1491050720214844
INFO:trainer_layer:2.1293163299560547
INFO:trainer_layer:2.0608901977539062
INFO:trainer_layer:2.0341873168945312
INFO:trainer_layer:2.0666122436523438
INFO:trainer_layer:2.1944046020507812
INFO:trainer_layer:2.097606658935547
INFO:trainer_layer:2.122640609741211
INFO:trainer_layer:2.2711753845214844
INFO:trainer_layer:2.062082290649414
INFO:trainer_layer:2.0225048065185547
INFO:trainer_layer:1.9843578338623047
INFO:trainer_layer:2.3751258850097656
INFO:trainer_layer:1.9898414611816406
INFO:trainer_layer:1.987457275390625
INFO:trainer_layer:2.318143844604492
INFO:trainer_layer:2.0058155059814453
INFO:trainer_layer:2.418994903564453
INFO:trainer_layer:1.9924640655517578
INFO:trainer_layer:1.9779205322265625
INFO:trainer_layer:1.9941329956054688
INFO:trainer_layer:2.024412155151367
INFO:trainer_layer:2.383708953857422
INFO:trainer_layer:2.417325973510742
INFO:trainer_layer:2.056121826171875
INFO:trainer_layer:2.0029544830322266
INFO:trainer_layer:2.0236968994140625
INFO:trainer_layer:2.0852088928222656
INFO:trainer_layer:2.049684524536133
INFO:trainer_layer:2.135753631591797
INFO:trainer_layer:2.167224884033203
INFO:trainer_layer:2.2678375244140625
INFO:trainer_layer:1.9922256469726562
INFO:trainer_layer:2.0744800567626953
INFO:trainer_layer:2.002716064453125
INFO:trainer_layer:2.0911693572998047
INFO:trainer_layer:1.996755599975586
INFO:trainer_layer:2.135038375854492
INFO:trainer_layer:2.31170654296875
INFO:trainer_layer:2.0301342010498047
INFO:trainer_layer:2.0606517791748047
INFO:trainer_layer:2.0346641540527344
INFO:trainer_layer:2.427339553833008
INFO:trainer_layer:2.0079612731933594
INFO:trainer_layer:1.9960403442382812
INFO:trainer_layer:2.0186901092529297
INFO:trainer_layer:1.9862651824951172
INFO:trainer_layer:2.425670623779297
INFO:trainer_layer:1.9981861114501953
INFO:trainer_layer:2.337932586669922
INFO:trainer_layer:1.9991397857666016
INFO:trainer_layer:2.2530555725097656
INFO:trainer_layer:2.0232200622558594
INFO:trainer_layer:2.0334720611572266
INFO:trainer_layer:1.9843578338623047
INFO:trainer_layer:2.1207332611083984
INFO:trainer_layer:2.2068023681640625
INFO:trainer_layer:2.4645328521728516
INFO:trainer_layer:2.0415782928466797
INFO:trainer_layer:2.061605453491211
INFO:trainer_layer:2.051115036010742
INFO:trainer_layer:2.2439956665039062
INFO:trainer_layer:2.0542144775390625
INFO:trainer_layer:2.0263195037841797
INFO:trainer_layer:2.0906925201416016
INFO:trainer_layer:2.031087875366211
INFO:trainer_layer:2.123117446899414
INFO:trainer_layer:2.0570755004882812
INFO:trainer_layer:2.0334720611572266
INFO:trainer_layer:2.0029544830322266
INFO:trainer_layer:1.9936561584472656
INFO:trainer_layer:1.9898414611816406
INFO:trainer_layer:2.0475387573242188
INFO:trainer_layer:1.9953250885009766
INFO:trainer_layer:1.9848346710205078
INFO:trainer_layer:2.0177364349365234
INFO:trainer_layer:2.103090286254883
INFO:trainer_layer:1.9845962524414062
INFO:trainer_layer:2.228975296020508
INFO:trainer_layer:2.1338462829589844
INFO:trainer_layer:2.0325183868408203
INFO:trainer_layer:2.100229263305664
INFO:trainer_layer:2.405881881713867
INFO:trainer_layer:2.201080322265625
INFO:trainer_layer:2.146482467651367
INFO:trainer_layer:2.4836063385009766
INFO:trainer_layer:2.1142959594726562
INFO:trainer_layer:2.100229263305664
INFO:trainer_layer:2.153635025024414
INFO:trainer_layer:2.1517276763916016
INFO:trainer_layer:2.0503997802734375
INFO:trainer_layer:2.0513534545898438
INFO:trainer_layer:2.0456314086914062
INFO:trainer_layer:2.0945072174072266
INFO:trainer_layer:2.070188522338867
INFO:trainer_layer:2.109050750732422
INFO:trainer_layer:1.9996166229248047
INFO:trainer_layer:2.069711685180664
INFO:trainer_layer:2.0799636840820312
INFO:trainer_layer:2.290964126586914
INFO:trainer_layer:2.0973682403564453
INFO:trainer_layer:2.1550655364990234
INFO:trainer_layer:2.100229263305664
INFO:trainer_layer:2.1436214447021484
INFO:trainer_layer:2.4476051330566406
INFO:trainer_layer:1.9850730895996094
INFO:trainer_layer:2.0427703857421875
INFO:trainer_layer:1.9915103912353516
INFO:trainer_layer:2.396821975708008
INFO:trainer_layer:2.056121826171875
INFO:trainer_layer:1.9900798797607422
INFO:trainer_layer:1.9805431365966797
INFO:trainer_layer:1.9962787628173828
INFO:trainer_layer:2.245664596557617
INFO:trainer_layer:2.116680145263672
INFO:trainer_layer:2.034902572631836
INFO:trainer_layer:2.111673355102539
INFO:trainer_layer:2.0346641540527344
INFO:trainer_layer:2.1338462829589844
INFO:trainer_layer:2.061128616333008
INFO:trainer_layer:2.068042755126953
INFO:trainer_layer:2.033710479736328
INFO:trainer_layer:2.0706653594970703
INFO:trainer_layer:2.4437904357910156
INFO:trainer_layer:2.0084381103515625
INFO:trainer_layer:2.026081085205078
INFO:trainer_layer:2.0589828491210938
INFO:trainer_layer:2.0551681518554688
INFO:trainer_layer:3.4186840057373047
INFO:trainer_layer:2.182483673095703
INFO:trainer_layer:2.012491226196289
INFO:trainer_layer:2.3310184478759766
INFO:trainer_layer:1.970052719116211
INFO:trainer_layer:2.0301342010498047
INFO:trainer_layer:1.9879341125488281
INFO:trainer_layer:2.0012855529785156
INFO:trainer_layer:2.2618770599365234
INFO:trainer_layer:1.9867420196533203
INFO:trainer_layer:1.9824504852294922
INFO:trainer_layer:2.0203590393066406
INFO:trainer_layer:2.0797252655029297
INFO:trainer_layer:2.5670528411865234
INFO:trainer_layer:2.0482540130615234
INFO:trainer_layer:2.0334720611572266
INFO:trainer_layer:1.992940902709961
INFO:trainer_layer:2.0499229431152344
INFO:trainer_layer:2.0935535430908203
INFO:trainer_layer:2.0537376403808594
INFO:trainer_layer:2.023458480834961
INFO:trainer_layer:2.0308494567871094
INFO:trainer_layer:2.2716522216796875
INFO:trainer_layer:2.1779537200927734
INFO:trainer_layer:2.0720958709716797
INFO:trainer_layer:1.9991397857666016
INFO:trainer_layer:2.0623207092285156
INFO:trainer_layer:2.2962093353271484
INFO:trainer_layer:2.0987987518310547
INFO:trainer_layer:2.007007598876953
INFO:trainer_layer:2.059459686279297
INFO:trainer_layer:2.0503997802734375
INFO:trainer_layer:2.123117446899414
INFO:trainer_layer:2.416372299194336
INFO:trainer_layer:2.068758010864258
INFO:trainer_layer:1.9900798797607422
INFO:trainer_layer:2.0737648010253906
INFO:trainer_layer:2.051830291748047
INFO:trainer_layer:2.012491226196289
INFO:trainer_layer:2.376556396484375
INFO:trainer_layer:2.434968948364258
INFO:trainer_layer:2.4995803833007812
INFO:trainer_layer:2.492666244506836
INFO:trainer_layer:2.1233558654785156
INFO:trainer_layer:2.06756591796875
INFO:trainer_layer:2.6929378509521484
INFO:trainer_layer:2.636432647705078
INFO:trainer_layer:2.2268295288085938
INFO:trainer_layer:2.008199691772461
INFO:trainer_layer:2.048492431640625
INFO:trainer_layer:2.300739288330078
INFO:trainer_layer:2.084493637084961
INFO:trainer_layer:2.100229263305664
INFO:trainer_layer:2.0699501037597656
INFO:trainer_layer:2.3453235626220703
INFO:trainer_layer:2.4433135986328125
INFO:trainer_layer:2.0487308502197266
INFO:trainer_layer:2.0971298217773438
INFO:trainer_layer:2.0864009857177734
INFO:trainer_layer:2.447843551635742
INFO:trainer_layer:2.0685195922851562
INFO:trainer_layer:2.0096302032470703
INFO:trainer_layer:2.0117759704589844
INFO:trainer_layer:1.9907951354980469
INFO:trainer_layer:1.9919872283935547
INFO:trainer_layer:2.066373825073242
INFO:trainer_layer:2.0546913146972656
INFO:trainer_layer:2.067089080810547
INFO:trainer_layer:2.0551681518554688
INFO:trainer_layer:2.0470619201660156
INFO:trainer_layer:1.9998550415039062
INFO:trainer_layer:2.0253658294677734
INFO:trainer_layer:1.985788345336914
INFO:trainer_layer:2.582073211669922
INFO:trainer_layer:2.1839141845703125
INFO:trainer_layer:2.075672149658203
INFO:trainer_layer:2.003192901611328
INFO:trainer_layer:2.0461082458496094
INFO:trainer_layer:2.0034313201904297
INFO:trainer_layer:2.145051956176758
INFO:trainer_layer:2.0003318786621094
INFO:trainer_layer:2.1195411682128906
INFO:trainer_layer:2.1152496337890625
INFO:trainer_layer:2.3131370544433594
INFO:trainer_layer:2.008199691772461
INFO:trainer_layer:2.077341079711914
INFO:trainer_layer:2.0020008087158203
INFO:trainer_layer:2.063274383544922
INFO:trainer_layer:2.0110607147216797
INFO:trainer_layer:2.149820327758789
INFO:trainer_layer:2.0585060119628906
INFO:trainer_layer:2.0716190338134766
INFO:trainer_layer:2.3336410522460938
INFO:trainer_layer:2.0008087158203125
INFO:trainer_layer:2.2745132446289062
INFO:trainer_layer:2.0074844360351562
INFO:trainer_layer:1.9779205322265625
INFO:trainer_layer:2.012968063354492
INFO:trainer_layer:2.437114715576172
INFO:trainer_layer:2.0530223846435547
INFO:trainer_layer:2.0711421966552734
INFO:trainer_layer:2.111673355102539
INFO:trainer_layer:2.0513534545898438
INFO:trainer_layer:2.0613670349121094
INFO:trainer_layer:2.0585060119628906
INFO:trainer_layer:2.0132064819335938
INFO:trainer_layer:2.0554065704345703
INFO:trainer_layer:2.01416015625
INFO:trainer_layer:2.332925796508789
INFO:trainer_layer:1.9803047180175781
INFO:trainer_layer:2.0051002502441406
INFO:trainer_layer:1.9898414611816406
INFO:trainer_layer:2.031087875366211
INFO:trainer_layer:2.2928714752197266
INFO:trainer_layer:2.053499221801758
INFO:trainer_layer:2.0155906677246094
INFO:trainer_layer:1.987457275390625
INFO:trainer_layer:2.0284652709960938
INFO:trainer_layer:2.058267593383789
INFO:trainer_layer:2.1066665649414062
INFO:trainer_layer:2.0818710327148438
INFO:trainer_layer:1.9915103912353516
INFO:trainer_layer:2.0148754119873047
INFO:trainer_layer:2.2470951080322266
INFO:trainer_layer:2.0155906677246094
INFO:trainer_layer:2.004861831665039
INFO:trainer_layer:1.9862651824951172
INFO:trainer_layer:1.9993782043457031
INFO:trainer_layer:2.081155776977539
INFO:trainer_layer:2.0220279693603516
INFO:trainer_layer:2.0134449005126953
INFO:trainer_layer:1.9810199737548828
INFO:trainer_layer:1.9910335540771484
INFO:trainer_layer:2.148866653442383
INFO:trainer_layer:2.013683319091797
INFO:trainer_layer:1.9938945770263672
INFO:trainer_layer:2.004384994506836
INFO:trainer_layer:1.9958019256591797
INFO:trainer_layer:2.0678043365478516
INFO:trainer_layer:2.026796340942383
INFO:trainer_layer:1.9872188568115234
INFO:trainer_layer:1.9979476928710938
INFO:trainer_layer:1.9855499267578125
INFO:trainer_layer:2.0906925201416016
INFO:trainer_layer:2.0132064819335938
INFO:trainer_layer:1.9946098327636719
INFO:trainer_layer:2.144336700439453
INFO:trainer_layer:2.0058155059814453
INFO:trainer_layer:2.0036697387695312
INFO:trainer_layer:2.0618438720703125
INFO:trainer_layer:2.012968063354492
INFO:trainer_layer:2.0325183868408203
INFO:trainer_layer:2.718687057495117
INFO:trainer_layer:2.1123886108398438
INFO:trainer_layer:2.1414756774902344
INFO:trainer_layer:2.100229263305664
INFO:trainer_layer:2.022981643676758
INFO:trainer_layer:2.1469593048095703
INFO:trainer_layer:2.0601749420166016
INFO:trainer_layer:2.0439624786376953
INFO:trainer_layer:2.0508766174316406
INFO:trainer_layer:1.9998550415039062
INFO:trainer_layer:2.078533172607422
INFO:trainer_layer:2.051830291748047
INFO:trainer_layer:2.118825912475586
INFO:trainer_layer:2.15911865234375
INFO:trainer_layer:2.0630359649658203
INFO:trainer_layer:2.0351409912109375
INFO:trainer_layer:2.1429061889648438
INFO:trainer_layer:2.0411014556884766
INFO:trainer_layer:2.375364303588867
INFO:trainer_layer:1.9989013671875
INFO:trainer_layer:2.0508766174316406
INFO:trainer_layer:2.011537551879883
INFO:trainer_layer:2.0744800567626953
INFO:trainer_layer:2.0699501037597656
INFO:trainer_layer:2.321958541870117
INFO:trainer_layer:1.9788742065429688
INFO:trainer_layer:2.171754837036133
INFO:trainer_layer:1.9762516021728516
INFO:trainer_layer:2.095937728881836
INFO:trainer_layer:2.0003318786621094
INFO:trainer_layer:2.096414566040039
INFO:trainer_layer:2.0203590393066406
INFO:trainer_layer:2.1021366119384766
INFO:trainer_layer:2.406597137451172
INFO:trainer_layer:2.004384994506836
INFO:trainer_layer:2.135038375854492
INFO:trainer_layer:2.0456314086914062
INFO:trainer_layer:2.048969268798828
INFO:trainer_layer:1.989126205444336
INFO:trainer_layer:2.599954605102539
INFO:trainer_layer:1.987457275390625
INFO:trainer_layer:2.0532608032226562
INFO:trainer_layer:1.9862651824951172
INFO:trainer_layer:2.1321773529052734
INFO:trainer_layer:1.9788742065429688
INFO:trainer_layer:1.9817352294921875
INFO:trainer_layer:2.0608901977539062
INFO:trainer_layer:2.0482540130615234
INFO:trainer_layer:2.417325973510742
INFO:trainer_layer:2.196788787841797
INFO:trainer_layer:2.160310745239258
INFO:trainer_layer:2.061605453491211
INFO:trainer_layer:2.046823501586914
INFO:trainer_layer:2.298593521118164
INFO:trainer_layer:2.0356178283691406
INFO:trainer_layer:2.309083938598633
INFO:trainer_layer:2.347230911254883
INFO:trainer_layer:2.0627975463867188
INFO:trainer_layer:2.1393299102783203
INFO:trainer_layer:2.027750015258789
INFO:trainer_layer:1.9979476928710938
INFO:trainer_layer:2.0606517791748047
INFO:trainer_layer:2.063751220703125
INFO:trainer_layer:2.109050750732422
INFO:trainer_layer:2.0809173583984375
INFO:trainer_layer:2.0568370819091797
INFO:trainer_layer:2.1343231201171875
INFO:trainer_layer:2.3064613342285156
INFO:trainer_layer:2.004384994506836
INFO:trainer_layer:2.054929733276367
INFO:trainer_layer:2.134084701538086
INFO:trainer_layer:2.0284652709960938
INFO:trainer_layer:2.006053924560547
INFO:trainer_layer:2.031564712524414
INFO:trainer_layer:2.067089080810547
INFO:trainer_layer:1.9788742065429688
INFO:trainer_layer:2.0246505737304688
INFO:trainer_layer:2.179384231567383
INFO:trainer_layer:1.9783973693847656
INFO:trainer_layer:2.0186901092529297
INFO:trainer_layer:2.0034313201904297
INFO:trainer_layer:2.038240432739258
INFO:trainer_layer:2.0089149475097656
INFO:trainer_layer:2.0313262939453125
INFO:trainer_layer:2.080202102661133
INFO:trainer_layer:2.0084381103515625
INFO:trainer_layer:2.4566650390625
INFO:trainer_layer:2.389669418334961
INFO:trainer_layer:2.3632049560546875
INFO:trainer_layer:2.0461082458496094
INFO:trainer_layer:2.0508766174316406
INFO:trainer_layer:2.035856246948242
INFO:trainer_layer:2.0546913146972656
INFO:trainer_layer:2.0537376403808594
INFO:trainer_layer:2.109527587890625
INFO:trainer_layer:2.0809173583984375
INFO:trainer_layer:2.3109912872314453
INFO:trainer_layer:1.9865036010742188
INFO:trainer_layer:2.018451690673828
INFO:trainer_layer:2.031564712524414
INFO:trainer_layer:2.0627975463867188
INFO:trainer_layer:1.9996166229248047
INFO:trainer_layer:2.064943313598633
INFO:trainer_layer:2.0639896392822266
INFO:trainer_layer:1.987457275390625
INFO:trainer_layer:2.4499893188476562
INFO:trainer_layer:2.3376941680908203
INFO:trainer_layer:2.017498016357422
INFO:trainer_layer:2.004861831665039
INFO:trainer_layer:2.000570297241211
INFO:trainer_layer:2.1507740020751953
INFO:trainer_layer:2.081155776977539
INFO:trainer_layer:1.9960403442382812
INFO:trainer_layer:2.0215511322021484
INFO:trainer_layer:1.97601318359375
INFO:trainer_layer:2.0177364349365234
INFO:trainer_layer:2.4826526641845703
INFO:trainer_layer:2.005338668823242
INFO:trainer_layer:2.0079612731933594
INFO:trainer_layer:2.0084381103515625
INFO:trainer_layer:2.060413360595703
INFO:trainer_layer:2.239704132080078
INFO:trainer_layer:2.061605453491211
INFO:trainer_layer:2.0172595977783203
INFO:trainer_layer:1.9915103912353516
INFO:trainer_layer:2.0775794982910156
INFO:trainer_layer:2.1119117736816406
INFO:trainer_layer:2.1147727966308594
INFO:trainer_layer:2.117156982421875
INFO:trainer_layer:1.9986629486083984
INFO:trainer_layer:2.0151138305664062
INFO:trainer_layer:2.045154571533203
INFO:trainer_layer:2.014636993408203
INFO:trainer_layer:2.004861831665039
INFO:trainer_layer:2.0041465759277344
INFO:trainer_layer:2.022981643676758
INFO:trainer_layer:2.0356178283691406
INFO:trainer_layer:2.0592212677001953
INFO:trainer_layer:2.0351409912109375
INFO:trainer_layer:2.4971961975097656
INFO:trainer_layer:1.9931793212890625
INFO:trainer_layer:2.019643783569336
INFO:trainer_layer:2.0351409912109375
INFO:trainer_layer:2.048492431640625
INFO:trainer_layer:2.0351409912109375
INFO:trainer_layer:2.0928382873535156
INFO:trainer_layer:2.0363330841064453
INFO:trainer_layer:1.997232437133789
INFO:trainer_layer:2.0682811737060547
INFO:trainer_layer:2.581357955932617
INFO:trainer_layer:1.9946098327636719
INFO:trainer_layer:2.279520034790039
INFO:trainer_layer:2.279996871948242
INFO:trainer_layer:2.003192901611328
INFO:trainer_layer:2.2897720336914062
INFO:trainer_layer:2.0020008087158203
INFO:trainer_layer:2.02178955078125
INFO:trainer_layer:2.005338668823242
INFO:trainer_layer:2.4237632751464844
INFO:trainer_layer:2.0360946655273438
INFO:trainer_layer:2.2995471954345703
INFO:trainer_layer:2.2268295288085938
INFO:trainer_layer:2.2034645080566406
INFO:trainer_layer:2.0203590393066406
INFO:trainer_layer:2.012968063354492
INFO:trainer_layer:1.997232437133789
INFO:trainer_layer:1.9941329956054688
INFO:trainer_layer:2.0151138305664062
INFO:trainer_layer:2.583026885986328
INFO:trainer_layer:2.0127296447753906
INFO:trainer_layer:2.021312713623047
INFO:trainer_layer:2.0411014556884766
INFO:trainer_layer:2.0093917846679688
INFO:trainer_layer:1.9917488098144531
INFO:trainer_layer:2.0689964294433594
INFO:trainer_layer:2.0051002502441406
INFO:trainer_layer:2.022266387939453
INFO:trainer_layer:2.0112991333007812
INFO:trainer_layer:2.2847652435302734
INFO:trainer_layer:1.9817352294921875
INFO:trainer_layer:2.0284652709960938
INFO:trainer_layer:1.978158950805664
INFO:trainer_layer:2.119302749633789
INFO:trainer_layer:1.9824504852294922
INFO:trainer_layer:2.0148754119873047
INFO:trainer_layer:1.985311508178711
INFO:trainer_layer:2.048015594482422
INFO:trainer_layer:2.018451690673828
INFO:trainer_layer:2.3305416107177734
INFO:trainer_layer:1.9674301147460938
INFO:trainer_layer:2.084970474243164
INFO:trainer_layer:2.020120620727539
INFO:trainer_layer:2.4492740631103516
INFO:trainer_layer:2.0546913146972656
INFO:trainer_layer:2.065420150756836
INFO:trainer_layer:2.098560333251953
INFO:trainer_layer:2.1209716796875
INFO:trainer_layer:4.539012908935547
INFO:trainer_layer:2.1555423736572266
INFO:trainer_layer:2.0759105682373047
INFO:trainer_layer:2.1529197692871094
INFO:trainer_layer:2.0914077758789062
INFO:trainer_layer:2.1619796752929688
INFO:trainer_layer:2.099752426147461
INFO:trainer_layer:2.0475387573242188
INFO:trainer_layer:2.434968948364258
INFO:trainer_layer:2.019166946411133
INFO:trainer_layer:2.0165443420410156
INFO:trainer_layer:1.993417739868164
INFO:trainer_layer:2.1562576293945312
INFO:trainer_layer:2.045869827270508
INFO:trainer_layer:2.035379409790039
INFO:trainer_layer:1.9960403442382812
INFO:trainer_layer:1.9850730895996094
INFO:trainer_layer:2.010822296142578
INFO:trainer_layer:2.115964889526367
INFO:trainer_layer:2.0287036895751953
INFO:trainer_layer:2.049684524536133
INFO:trainer_layer:2.0017623901367188
INFO:trainer_layer:2.263784408569336
INFO:trainer_layer:2.090930938720703
INFO:trainer_layer:2.078533172607422
INFO:trainer_layer:2.051830291748047
INFO:trainer_layer:2.1080970764160156
INFO:trainer_layer:2.0830631256103516
INFO:trainer_layer:1.9981861114501953
INFO:trainer_layer:2.027750015258789
INFO:trainer_layer:2.0093917846679688
INFO:trainer_layer:2.184629440307617
INFO:trainer_layer:2.2497177124023438
INFO:trainer_layer:2.173900604248047
INFO:trainer_layer:2.005338668823242
INFO:trainer_layer:2.1369457244873047
INFO:trainer_layer:2.4013519287109375
INFO:trainer_layer:2.033233642578125
INFO:trainer_layer:2.078533172607422
INFO:trainer_layer:2.1085739135742188
INFO:trainer_layer:2.099752426147461
INFO:trainer_layer:2.1834373474121094
INFO:trainer_layer:2.1600723266601562
INFO:trainer_layer:2.109527587890625
INFO:trainer_layer:1.9993782043457031
INFO:trainer_layer:2.047300338745117
INFO:trainer_layer:2.2535324096679688
INFO:trainer_layer:2.2535324096679688
INFO:trainer_layer:2.1216869354248047
INFO:trainer_layer:2.1474361419677734
INFO:trainer_layer:2.232789993286133
INFO:trainer_layer:2.0723342895507812
INFO:trainer_layer:2.1331310272216797
INFO:trainer_layer:2.0291805267333984
INFO:trainer_layer:2.1886825561523438
INFO:trainer_layer:2.0983219146728516
INFO:trainer_layer:2.047300338745117
INFO:trainer_layer:2.0821094512939453
INFO:trainer_layer:2.0689964294433594
INFO:trainer_layer:2.2666454315185547
INFO:trainer_layer:2.0818710327148438
INFO:trainer_layer:1.9965171813964844
INFO:trainer_layer:2.0074844360351562
INFO:trainer_layer:1.9984245300292969
INFO:trainer_layer:2.025604248046875
INFO:trainer_layer:2.0780563354492188
INFO:trainer_layer:2.0241737365722656
INFO:trainer_layer:2.084493637084961
INFO:trainer_layer:2.0918846130371094
INFO:trainer_layer:2.003192901611328
INFO:trainer_layer:2.2208690643310547
INFO:trainer_layer:2.1927356719970703
INFO:trainer_layer:2.423524856567383
INFO:trainer_layer:2.5634765625
INFO:trainer_layer:2.4650096893310547
INFO:trainer_layer:2.0380020141601562
INFO:trainer_layer:2.0294189453125
INFO:trainer_layer:2.0105838775634766
INFO:trainer_layer:2.2132396697998047
INFO:trainer_layer:2.0151138305664062
INFO:trainer_layer:2.010345458984375
INFO:trainer_layer:2.031564712524414
INFO:trainer_layer:2.0248889923095703
INFO:trainer_layer:2.01416015625
INFO:trainer_layer:2.053499221801758
INFO:trainer_layer:1.9907951354980469
INFO:trainer_layer:2.0258426666259766
INFO:trainer_layer:2.0170211791992188
INFO:trainer_layer:2.0329952239990234
INFO:trainer_layer:2.3703575134277344
INFO:trainer_layer:2.3567676544189453
INFO:trainer_layer:2.0294189453125
INFO:trainer_layer:2.5022029876708984
INFO:trainer_layer:2.0241737365722656
INFO:trainer_layer:2.0208358764648438
INFO:trainer_layer:2.0110607147216797
INFO:trainer_layer:2.0132064819335938
INFO:trainer_layer:2.048969268798828
INFO:trainer_layer:2.1431446075439453
INFO:trainer_layer:2.086639404296875
INFO:trainer_layer:2.0999908447265625
INFO:trainer_layer:2.1986961364746094
INFO:trainer_layer:2.205371856689453
INFO:trainer_layer:2.1207332611083984
INFO:trainer_layer:2.0067691802978516
INFO:trainer_layer:2.131938934326172
INFO:trainer_layer:2.476930618286133
INFO:trainer_layer:2.066373825073242
INFO:trainer_layer:1.995086669921875
INFO:trainer_layer:2.0351409912109375
INFO:trainer_layer:1.9958019256591797
INFO:trainer_layer:2.003908157348633
INFO:trainer_layer:2.11334228515625
INFO:trainer_layer:1.9884109497070312
INFO:trainer_layer:2.008676528930664
INFO:trainer_layer:2.010345458984375
INFO:trainer_layer:2.003908157348633
INFO:trainer_layer:2.1533966064453125
INFO:trainer_layer:2.017974853515625
INFO:trainer_layer:1.99127197265625
INFO:trainer_layer:1.9843578338623047
INFO:trainer_layer:2.0704269409179688
INFO:trainer_layer:2.1872520446777344
INFO:trainer_layer:2.073526382446289
INFO:trainer_layer:2.138376235961914
INFO:trainer_layer:2.060413360595703
INFO:trainer_layer:2.2242069244384766
INFO:trainer_layer:2.037525177001953
INFO:trainer_layer:2.055644989013672
INFO:trainer_layer:2.0008087158203125
INFO:trainer_layer:2.0132064819335938
INFO:trainer_layer:2.000093460083008
INFO:trainer_layer:2.0494461059570312
INFO:trainer_layer:2.22015380859375
INFO:trainer_layer:2.4328231811523438
INFO:trainer_layer:1.993417739868164
INFO:trainer_layer:2.1626949310302734
INFO:trainer_layer:2.1305084228515625
INFO:trainer_layer:2.0525455474853516
INFO:trainer_layer:2.0580291748046875
INFO:trainer_layer:2.046823501586914
INFO:trainer_layer:2.2804737091064453
INFO:trainer_layer:2.0673274993896484
INFO:trainer_layer:2.063751220703125
INFO:trainer_layer:2.0456314086914062
INFO:trainer_layer:2.126455307006836
INFO:trainer_layer:2.1026134490966797
INFO:trainer_layer:2.1457672119140625
INFO:trainer_layer:2.0933151245117188
INFO:trainer_layer:2.082347869873047
INFO:trainer_layer:2.321004867553711
INFO:trainer_layer:2.0029544830322266
INFO:trainer_layer:2.0623207092285156
INFO:trainer_layer:2.017498016357422
INFO:trainer_layer:2.0165443420410156
INFO:trainer_layer:2.1448135375976562
INFO:trainer_layer:2.0639896392822266
INFO:trainer_layer:2.0172595977783203
INFO:trainer_layer:2.0842552185058594
INFO:trainer_layer:2.0761489868164062
INFO:trainer_layer:2.317667007446289
INFO:trainer_layer:2.014636993408203
INFO:trainer_layer:2.064228057861328
INFO:trainer_layer:2.0177364349365234
INFO:trainer_layer:2.1066665649414062
INFO:trainer_layer:2.363443374633789
INFO:trainer_layer:2.0551681518554688
INFO:trainer_layer:2.078533172607422
INFO:trainer_layer:2.0537376403808594
INFO:trainer_layer:2.276897430419922
INFO:trainer_layer:2.185344696044922
INFO:trainer_layer:2.065896987915039
INFO:trainer_layer:2.0821094512939453
INFO:trainer_layer:1.9974708557128906
INFO:trainer_layer:2.2687911987304688
INFO:trainer_layer:2.025127410888672
INFO:trainer_layer:2.0380020141601562
INFO:trainer_layer:2.0241737365722656
INFO:trainer_layer:2.0172595977783203
INFO:trainer_layer:2.2361278533935547
INFO:trainer_layer:2.1245479583740234
INFO:trainer_layer:2.4526119232177734
INFO:trainer_layer:2.4101734161376953
INFO:trainer_layer:2.287626266479492
INFO:trainer_layer:2.4433135986328125
INFO:trainer_layer:2.132415771484375
INFO:trainer_layer:2.0351409912109375
INFO:trainer_layer:2.2106170654296875
INFO:trainer_layer:2.211332321166992
INFO:trainer_layer:2.349376678466797
INFO:trainer_layer:2.4366378784179688
INFO:trainer_layer:2.039194107055664
INFO:trainer_layer:2.5217533111572266
INFO:trainer_layer:2.5529861450195312
INFO:trainer_layer:2.3584365844726562
INFO:trainer_layer:2.045154571533203
INFO:trainer_layer:2.029895782470703
INFO:trainer_layer:2.2628307342529297
INFO:trainer_layer:2.231121063232422
INFO:trainer_layer:2.594470977783203
INFO:trainer_layer:2.0394325256347656
INFO:trainer_layer:2.072572708129883
INFO:trainer_layer:2.000570297241211
INFO:trainer_layer:2.0494461059570312
INFO:trainer_layer:2.4101734161376953
INFO:trainer_layer:2.4766921997070312
INFO:trainer_layer:2.3810863494873047
INFO:trainer_layer:2.02178955078125
INFO:trainer_layer:2.0110607147216797
INFO:trainer_layer:2.010822296142578
INFO:trainer_layer:2.103567123413086
INFO:trainer_layer:2.0554065704345703
INFO:trainer_layer:2.25067138671875
INFO:trainer_layer:2.2401809692382812
INFO:trainer_layer:2.011537551879883
INFO:trainer_layer:1.989126205444336
INFO:trainer_layer:2.02178955078125
INFO:trainer_layer:2.0966529846191406
INFO:trainer_layer:2.0046234130859375
INFO:trainer_layer:2.0248889923095703
INFO:trainer_layer:2.0177364349365234
INFO:trainer_layer:2.1920204162597656
INFO:trainer_layer:2.022981643676758
INFO:trainer_layer:1.989603042602539
INFO:trainer_layer:2.0990371704101562
INFO:trainer_layer:2.033710479736328
INFO:trainer_layer:2.374887466430664
INFO:trainer_layer:1.9969940185546875
INFO:trainer_layer:2.068042755126953
INFO:trainer_layer:2.045154571533203
INFO:trainer_layer:2.2537708282470703
INFO:trainer_layer:2.087831497192383
INFO:trainer_layer:2.0661354064941406
INFO:trainer_layer:2.031087875366211
INFO:trainer_layer:2.0377635955810547
INFO:trainer_layer:2.5289058685302734
INFO:trainer_layer:2.0020008087158203
INFO:trainer_layer:2.049684524536133
INFO:trainer_layer:2.0563602447509766
INFO:trainer_layer:2.053976058959961
INFO:trainer_layer:2.2749900817871094
INFO:trainer_layer:2.398967742919922
INFO:trainer_layer:2.094745635986328
INFO:trainer_layer:2.0072460174560547
INFO:trainer_layer:2.009868621826172
INFO:trainer_layer:2.164125442504883
INFO:trainer_layer:2.475738525390625
INFO:trainer_layer:2.081155776977539
INFO:trainer_layer:1.9729137420654297
INFO:trainer_layer:2.0148754119873047
INFO:trainer_layer:2.185344696044922
INFO:trainer_layer:2.023458480834961
INFO:trainer_layer:2.042055130004883
INFO:trainer_layer:2.0334720611572266
INFO:trainer_layer:2.4204254150390625
INFO:trainer_layer:2.079486846923828
INFO:trainer_layer:2.009153366088867
INFO:trainer_layer:2.0284652709960938
INFO:trainer_layer:2.0058155059814453
INFO:trainer_layer:2.0248889923095703
INFO:trainer_layer:2.2928714752197266
INFO:trainer_layer:2.005338668823242
INFO:trainer_layer:1.9876956939697266
INFO:trainer_layer:2.0351409912109375
INFO:trainer_layer:2.5224685668945312
INFO:trainer_layer:2.4290084838867188
INFO:trainer_layer:2.412080764770508
INFO:trainer_layer:2.263307571411133
INFO:trainer_layer:2.5048255920410156
INFO:trainer_layer:2.404451370239258
INFO:trainer_layer:2.4204254150390625
INFO:trainer_layer:2.221345901489258
INFO:trainer_layer:2.173900604248047
INFO:trainer_layer:2.0041465759277344
INFO:trainer_layer:1.9795894622802734
INFO:trainer_layer:2.0101070404052734
INFO:trainer_layer:2.2056102752685547
INFO:trainer_layer:2.5322437286376953
INFO:trainer_layer:2.7801990509033203
INFO:trainer_layer:2.064943313598633
INFO:trainer_layer:2.012014389038086
INFO:trainer_layer:2.55584716796875
INFO:trainer_layer:2.849102020263672
INFO:trainer_layer:2.088785171508789
INFO:trainer_layer:2.0024776458740234
INFO:trainer_layer:2.101898193359375
INFO:trainer_layer:2.3124217987060547
INFO:trainer_layer:2.0461082458496094
INFO:trainer_layer:2.158641815185547
INFO:trainer_layer:2.0339488983154297
INFO:trainer_layer:2.0956993103027344
INFO:trainer_layer:2.3522377014160156
INFO:trainer_layer:1.9986629486083984
INFO:trainer_layer:2.034902572631836
INFO:trainer_layer:2.3965835571289062
INFO:trainer_layer:2.215862274169922
INFO:trainer_layer:2.5200843811035156
INFO:trainer_layer:2.0852088928222656
INFO:trainer_layer:2.363443374633789
INFO:trainer_layer:2.0203590393066406
INFO:trainer_layer:2.0635128021240234
INFO:trainer_layer:2.042531967163086
INFO:trainer_layer:2.0301342010498047
INFO:trainer_layer:2.4030208587646484
INFO:trainer_layer:2.3338794708251953
INFO:trainer_layer:2.2199153900146484
INFO:trainer_layer:2.229928970336914
INFO:trainer_layer:2.273082733154297
INFO:trainer_layer:2.087831497192383
INFO:trainer_layer:2.128124237060547
INFO:trainer_layer:2.099275588989258
INFO:trainer_layer:2.221822738647461
INFO:trainer_layer:1.9958019256591797
INFO:trainer_layer:2.482891082763672
INFO:trainer_layer:2.0601749420166016
INFO:trainer_layer:2.047300338745117
INFO:trainer_layer:2.048492431640625
INFO:trainer_layer:2.124786376953125
INFO:trainer_layer:2.324819564819336
INFO:trainer_layer:2.017498016357422
INFO:trainer_layer:1.9927024841308594
INFO:trainer_layer:2.002239227294922
INFO:trainer_layer:2.0051002502441406
INFO:trainer_layer:2.309560775756836
INFO:trainer_layer:2.0003318786621094
INFO:trainer_layer:2.0346641540527344
INFO:trainer_layer:1.985788345336914
INFO:trainer_layer:2.0110607147216797
INFO:trainer_layer:2.1827220916748047
INFO:trainer_layer:1.9838809967041016
INFO:trainer_layer:2.0160675048828125
INFO:trainer_layer:2.0117759704589844
INFO:trainer_layer:2.045154571533203
INFO:trainer_layer:2.2385120391845703
INFO:trainer_layer:2.0084381103515625
INFO:trainer_layer:1.99127197265625
INFO:trainer_layer:2.0112991333007812
INFO:trainer_layer:2.068042755126953
INFO:trainer_layer:2.0682811737060547
INFO:trainer_layer:2.0880699157714844
INFO:trainer_layer:2.056598663330078
INFO:trainer_layer:1.997232437133789
INFO:trainer_layer:2.0186901092529297
INFO:trainer_layer:2.5148391723632812
INFO:trainer_layer:2.3899078369140625
INFO:trainer_layer:2.0966529846191406
INFO:trainer_layer:2.1986961364746094
INFO:trainer_layer:2.2466182708740234
INFO:trainer_layer:2.0301342010498047
INFO:trainer_layer:1.9893646240234375
INFO:trainer_layer:2.0058155059814453
INFO:trainer_layer:2.1250247955322266
INFO:trainer_layer:2.2161006927490234
INFO:trainer_layer:2.054929733276367
INFO:trainer_layer:2.1066665649414062
INFO:trainer_layer:1.9881725311279297
INFO:trainer_layer:2.223968505859375
INFO:trainer_layer:2.0170211791992188
INFO:trainer_layer:2.124309539794922
INFO:trainer_layer:2.0084381103515625
INFO:trainer_layer:2.156496047973633
INFO:trainer_layer:2.480745315551758
INFO:trainer_layer:2.093076705932617
INFO:trainer_layer:2.018451690673828
INFO:trainer_layer:2.0437240600585938
INFO:trainer_layer:2.0017623901367188
INFO:trainer_layer:2.0647048950195312
INFO:trainer_layer:1.9879341125488281
INFO:trainer_layer:2.000093460083008
INFO:trainer_layer:2.0189285278320312
INFO:trainer_layer:1.9946098327636719
INFO:trainer_layer:2.041339874267578
INFO:trainer_layer:2.2966861724853516
INFO:trainer_layer:2.0036697387695312
INFO:trainer_layer:1.9910335540771484
INFO:trainer_layer:2.000093460083008
INFO:trainer_layer:2.0334720611572266
INFO:trainer_layer:2.1767616271972656
INFO:trainer_layer:2.004861831665039
INFO:trainer_layer:2.0036697387695312
INFO:trainer_layer:1.9903182983398438
INFO:trainer_layer:2.0635128021240234
INFO:trainer_layer:2.315521240234375
INFO:trainer_layer:2.373218536376953
INFO:trainer_layer:2.0482540130615234
INFO:trainer_layer:2.0449161529541016
INFO:trainer_layer:2.0189285278320312
INFO:trainer_layer:2.073049545288086
INFO:trainer_layer:2.0830631256103516
INFO:trainer_layer:2.009153366088867
INFO:trainer_layer:2.0792484283447266
INFO:trainer_layer:2.1157264709472656
INFO:trainer_layer:2.0723342895507812
INFO:trainer_layer:2.0775794982910156
INFO:trainer_layer:2.0728111267089844
INFO:trainer_layer:2.0799636840820312
INFO:trainer_layer:2.0503997802734375
INFO:trainer_layer:2.1424293518066406
INFO:trainer_layer:2.0742416381835938
INFO:trainer_layer:2.1016597747802734
INFO:trainer_layer:2.0720958709716797
INFO:trainer_layer:2.3238658905029297
INFO:trainer_layer:2.100229263305664
INFO:trainer_layer:1.9941329956054688
INFO:trainer_layer:2.116680145263672
INFO:trainer_layer:2.080678939819336
INFO:trainer_layer:2.0666122436523438
INFO:trainer_layer:1.9834041595458984
INFO:trainer_layer:2.0766258239746094
INFO:trainer_layer:2.0902156829833984
INFO:trainer_layer:2.2840499877929688
INFO:trainer_layer:1.997232437133789
INFO:trainer_layer:2.0341873168945312
INFO:trainer_layer:1.9962787628173828
INFO:trainer_layer:1.9860267639160156
INFO:trainer_layer:2.038717269897461
INFO:trainer_layer:2.0895004272460938
INFO:trainer_layer:2.0380020141601562
INFO:trainer_layer:2.004861831665039
INFO:trainer_layer:2.250194549560547
INFO:trainer_layer:2.4635791778564453
INFO:trainer_layer:1.992940902709961
INFO:trainer_layer:2.009868621826172
INFO:trainer_layer:2.0112991333007812
INFO:trainer_layer:2.3145675659179688
INFO:trainer_layer:2.4590492248535156
INFO:trainer_layer:2.020120620727539
INFO:trainer_layer:2.1262168884277344
INFO:trainer_layer:2.0499229431152344
INFO:trainer_layer:2.0318031311035156
INFO:trainer_layer:2.0058155059814453
INFO:trainer_layer:2.050161361694336
INFO:trainer_layer:2.0036697387695312
INFO:trainer_layer:1.9965171813964844
INFO:trainer_layer:2.1088123321533203
INFO:trainer_layer:2.0127296447753906
INFO:trainer_layer:2.063274383544922
INFO:trainer_layer:1.9905567169189453
INFO:trainer_layer:2.228260040283203
INFO:trainer_layer:2.7213096618652344
INFO:trainer_layer:2.3200511932373047
INFO:trainer_layer:2.3446083068847656
INFO:trainer_layer:2.4313926696777344
INFO:trainer_layer:2.5217533111572266
INFO:trainer_layer:2.0952224731445312
INFO:trainer_layer:2.015352249145508
INFO:trainer_layer:2.0494461059570312
INFO:trainer_layer:2.0024776458740234
INFO:trainer_layer:2.4628639221191406
INFO:trainer_layer:2.000570297241211
INFO:trainer_layer:2.039670944213867
INFO:trainer_layer:1.9888877868652344
INFO:trainer_layer:2.054929733276367
INFO:trainer_layer:2.019643783569336
INFO:trainer_layer:2.0575523376464844
INFO:trainer_layer:1.9993782043457031
INFO:trainer_layer:2.067089080810547
INFO:trainer_layer:2.1088123321533203
INFO:trainer_layer:2.194643020629883
INFO:trainer_layer:2.081155776977539
INFO:trainer_layer:2.11334228515625
INFO:trainer_layer:2.117633819580078
