INFO:trainer_layer:FFT_CNNEx | mnist
INFO:trainer_layer:in_size : 64 | epochs : 1 | batch : 1
INFO:trainer_layer:kernel_l1 : 33 | 
INFO:trainer_layer:o_channels_l1 : 20 | 
INFO:trainer_layer::::::::::::::::::::::::::::::::::::::::::::::::::::::::::::
INFO:trainer_layer:message : fft_conv3
INFO:trainer_layer::::::::::::::::::::::::::::::::::::::::::::::::::::::::::::
INFO:trainer_layer:Ave_Time : 1.088637351989746
INFO:trainer_layer::::::::::::::::::::::::::::::::::::::::::::::::::::::::::::
INFO:trainer_layer:1.3184547424316406
INFO:trainer_layer:0.8909702301025391
INFO:trainer_layer:0.8137226104736328
INFO:trainer_layer:0.9057521820068359
INFO:trainer_layer:0.7274150848388672
INFO:trainer_layer:1.0218620300292969
INFO:trainer_layer:1.2278556823730469
INFO:trainer_layer:1.3310909271240234
INFO:trainer_layer:1.3020038604736328
INFO:trainer_layer:1.2404918670654297
INFO:trainer_layer:1.237630844116211
INFO:trainer_layer:1.1866092681884766
INFO:trainer_layer:1.1980533599853516
INFO:trainer_layer:1.2137889862060547
INFO:trainer_layer:1.4107227325439453
INFO:trainer_layer:1.3353824615478516
INFO:trainer_layer:1.4410018920898438
INFO:trainer_layer:0.9946823120117188
INFO:trainer_layer:0.9360313415527344
INFO:trainer_layer:0.9183883666992188
INFO:trainer_layer:0.9388923645019531
INFO:trainer_layer:1.3689994812011719
INFO:trainer_layer:1.1837482452392578
INFO:trainer_layer:0.9648799896240234
INFO:trainer_layer:2.2039413452148438
INFO:trainer_layer:2.062082290649414
INFO:trainer_layer:1.3279914855957031
INFO:trainer_layer:1.3930797576904297
INFO:trainer_layer:0.9567737579345703
INFO:trainer_layer:0.9424686431884766
INFO:trainer_layer:0.9100437164306641
INFO:trainer_layer:1.165151596069336
INFO:trainer_layer:0.9720325469970703
INFO:trainer_layer:0.9469985961914062
INFO:trainer_layer:1.0533332824707031
INFO:trainer_layer:0.9953975677490234
INFO:trainer_layer:0.9977817535400391
INFO:trainer_layer:0.888824462890625
INFO:trainer_layer:1.0056495666503906
INFO:trainer_layer:0.8835792541503906
INFO:trainer_layer:0.8420944213867188
INFO:trainer_layer:0.9505748748779297
INFO:trainer_layer:1.3613700866699219
INFO:trainer_layer:0.9465217590332031
INFO:trainer_layer:1.1019706726074219
INFO:trainer_layer:1.0175704956054688
INFO:trainer_layer:1.2269020080566406
INFO:trainer_layer:1.0118484497070312
INFO:trainer_layer:1.0528564453125
INFO:trainer_layer:1.104593276977539
INFO:trainer_layer:0.9889602661132812
INFO:trainer_layer:0.9191036224365234
INFO:trainer_layer:0.9343624114990234
INFO:trainer_layer:1.7011165618896484
INFO:trainer_layer:1.6317367553710938
INFO:trainer_layer:1.8825531005859375
INFO:trainer_layer:1.6276836395263672
INFO:trainer_layer:1.2669563293457031
INFO:trainer_layer:0.9744167327880859
INFO:trainer_layer:1.0211467742919922
INFO:trainer_layer:1.0480880737304688
INFO:trainer_layer:1.0106563568115234
INFO:trainer_layer:0.9672641754150391
INFO:trainer_layer:1.1060237884521484
INFO:trainer_layer:0.9882450103759766
INFO:trainer_layer:1.1799335479736328
INFO:trainer_layer:1.0554790496826172
INFO:trainer_layer:1.1146068572998047
INFO:trainer_layer:0.9245872497558594
INFO:trainer_layer:1.0542869567871094
INFO:trainer_layer:0.9906291961669922
INFO:trainer_layer:0.9977817535400391
INFO:trainer_layer:0.9703636169433594
INFO:trainer_layer:0.9095668792724609
INFO:trainer_layer:0.9515285491943359
INFO:trainer_layer:1.085519790649414
INFO:trainer_layer:0.8497238159179688
INFO:trainer_layer:1.1587142944335938
INFO:trainer_layer:0.8924007415771484
INFO:trainer_layer:1.0173320770263672
INFO:trainer_layer:0.8945465087890625
INFO:trainer_layer:1.1641979217529297
INFO:trainer_layer:0.8676052093505859
INFO:trainer_layer:1.25885009765625
INFO:trainer_layer:0.8821487426757812
INFO:trainer_layer:1.051187515258789
INFO:trainer_layer:0.9181499481201172
INFO:trainer_layer:1.0495185852050781
INFO:trainer_layer:0.9143352508544922
INFO:trainer_layer:1.1970996856689453
INFO:trainer_layer:0.8847713470458984
INFO:trainer_layer:1.0116100311279297
INFO:trainer_layer:1.1620521545410156
INFO:trainer_layer:1.0194778442382812
INFO:trainer_layer:0.9210109710693359
INFO:trainer_layer:1.0144710540771484
INFO:trainer_layer:0.9872913360595703
INFO:trainer_layer:1.3582706451416016
INFO:trainer_layer:1.0218620300292969
INFO:trainer_layer:1.0983943939208984
INFO:trainer_layer:1.813650131225586
INFO:trainer_layer:1.8582344055175781
INFO:trainer_layer:1.5892982482910156
INFO:trainer_layer:0.8840560913085938
INFO:trainer_layer:0.9064674377441406
INFO:trainer_layer:1.3115406036376953
INFO:trainer_layer:0.9372234344482422
INFO:trainer_layer:1.1191368103027344
INFO:trainer_layer:0.9992122650146484
INFO:trainer_layer:1.0857582092285156
INFO:trainer_layer:1.2869834899902344
INFO:trainer_layer:1.2390613555908203
INFO:trainer_layer:1.3527870178222656
INFO:trainer_layer:1.2717247009277344
INFO:trainer_layer:1.6584396362304688
INFO:trainer_layer:1.3735294342041016
INFO:trainer_layer:1.3108253479003906
INFO:trainer_layer:1.3170242309570312
INFO:trainer_layer:1.340627670288086
INFO:trainer_layer:0.98419189453125
INFO:trainer_layer:0.9348392486572266
INFO:trainer_layer:0.858306884765625
INFO:trainer_layer:0.8502006530761719
INFO:trainer_layer:0.9293556213378906
INFO:trainer_layer:1.1415481567382812
INFO:trainer_layer:1.2803077697753906
INFO:trainer_layer:1.1365413665771484
INFO:trainer_layer:1.2423992156982422
INFO:trainer_layer:1.2183189392089844
INFO:trainer_layer:0.9820461273193359
INFO:trainer_layer:1.2331008911132812
INFO:trainer_layer:0.9143352508544922
INFO:trainer_layer:1.0132789611816406
INFO:trainer_layer:0.9279251098632812
INFO:trainer_layer:0.9946823120117188
INFO:trainer_layer:0.9024143218994141
INFO:trainer_layer:1.071929931640625
INFO:trainer_layer:0.8985996246337891
INFO:trainer_layer:1.0097026824951172
INFO:trainer_layer:0.8378028869628906
INFO:trainer_layer:1.3186931610107422
INFO:trainer_layer:0.8428096771240234
INFO:trainer_layer:0.9942054748535156
INFO:trainer_layer:0.90789794921875
INFO:trainer_layer:1.642465591430664
INFO:trainer_layer:1.497507095336914
INFO:trainer_layer:1.5761852264404297
INFO:trainer_layer:0.9062290191650391
INFO:trainer_layer:1.2400150299072266
INFO:trainer_layer:1.7580986022949219
INFO:trainer_layer:1.5740394592285156
INFO:trainer_layer:1.0941028594970703
INFO:trainer_layer:0.9126663208007812
INFO:trainer_layer:1.0776519775390625
INFO:trainer_layer:0.9882450103759766
INFO:trainer_layer:0.9191036224365234
INFO:trainer_layer:0.9317398071289062
INFO:trainer_layer:1.0192394256591797
INFO:trainer_layer:0.8890628814697266
INFO:trainer_layer:0.98419189453125
INFO:trainer_layer:0.8752346038818359
INFO:trainer_layer:1.4846324920654297
INFO:trainer_layer:1.903533935546875
INFO:trainer_layer:1.1339187622070312
INFO:trainer_layer:1.3806819915771484
INFO:trainer_layer:0.9603500366210938
INFO:trainer_layer:1.1136531829833984
INFO:trainer_layer:1.0514259338378906
INFO:trainer_layer:0.9858608245849609
INFO:trainer_layer:0.9737014770507812
INFO:trainer_layer:1.0027885437011719
INFO:trainer_layer:1.0941028594970703
INFO:trainer_layer:0.9987354278564453
INFO:trainer_layer:1.3833045959472656
INFO:trainer_layer:1.027822494506836
INFO:trainer_layer:1.0371208190917969
INFO:trainer_layer:1.0802745819091797
INFO:trainer_layer:1.0063648223876953
INFO:trainer_layer:1.1332035064697266
INFO:trainer_layer:1.0251998901367188
INFO:trainer_layer:1.2874603271484375
INFO:trainer_layer:0.9856224060058594
INFO:trainer_layer:1.1713504791259766
INFO:trainer_layer:1.112222671508789
INFO:trainer_layer:1.0869503021240234
INFO:trainer_layer:1.1279582977294922
INFO:trainer_layer:1.0211467742919922
INFO:trainer_layer:1.2624263763427734
INFO:trainer_layer:1.2695789337158203
INFO:trainer_layer:0.9887218475341797
INFO:trainer_layer:1.0144710540771484
INFO:trainer_layer:1.5516281127929688
INFO:trainer_layer:1.0669231414794922
INFO:trainer_layer:1.0859966278076172
INFO:trainer_layer:0.9746551513671875
INFO:trainer_layer:1.1203289031982422
INFO:trainer_layer:0.9598731994628906
INFO:trainer_layer:1.119375228881836
INFO:trainer_layer:0.9872913360595703
INFO:trainer_layer:1.0006427764892578
INFO:trainer_layer:1.0499954223632812
INFO:trainer_layer:1.3206005096435547
INFO:trainer_layer:1.224517822265625
INFO:trainer_layer:1.0421276092529297
INFO:trainer_layer:1.0151863098144531
INFO:trainer_layer:1.0704994201660156
INFO:trainer_layer:1.0349750518798828
INFO:trainer_layer:1.092672348022461
INFO:trainer_layer:1.283407211303711
INFO:trainer_layer:1.051187515258789
INFO:trainer_layer:1.1768341064453125
INFO:trainer_layer:0.9860992431640625
INFO:trainer_layer:1.0306835174560547
INFO:trainer_layer:0.9617805480957031
INFO:trainer_layer:1.0833740234375
INFO:trainer_layer:1.1687278747558594
INFO:trainer_layer:1.3401508331298828
INFO:trainer_layer:1.2538433074951172
INFO:trainer_layer:0.9195804595947266
INFO:trainer_layer:1.0197162628173828
INFO:trainer_layer:1.1200904846191406
INFO:trainer_layer:1.0993480682373047
INFO:trainer_layer:1.093149185180664
INFO:trainer_layer:1.0657310485839844
INFO:trainer_layer:1.0330677032470703
INFO:trainer_layer:1.2743473052978516
INFO:trainer_layer:1.0530948638916016
INFO:trainer_layer:1.1224746704101562
INFO:trainer_layer:1.1072158813476562
INFO:trainer_layer:1.0352134704589844
INFO:trainer_layer:1.1875629425048828
INFO:trainer_layer:1.0151863098144531
INFO:trainer_layer:1.1546611785888672
INFO:trainer_layer:1.0962486267089844
INFO:trainer_layer:1.0342597961425781
INFO:trainer_layer:1.085042953491211
INFO:trainer_layer:1.0466575622558594
INFO:trainer_layer:1.0879039764404297
INFO:trainer_layer:1.402139663696289
INFO:trainer_layer:1.1830329895019531
INFO:trainer_layer:0.9601116180419922
INFO:trainer_layer:1.22833251953125
INFO:trainer_layer:1.188039779663086
INFO:trainer_layer:0.9083747863769531
INFO:trainer_layer:1.0759830474853516
INFO:trainer_layer:1.058340072631836
INFO:trainer_layer:1.0075569152832031
INFO:trainer_layer:0.9329319000244141
INFO:trainer_layer:2.0334720611572266
INFO:trainer_layer:1.0602474212646484
INFO:trainer_layer:1.0104179382324219
INFO:trainer_layer:0.9312629699707031
INFO:trainer_layer:1.0342597961425781
INFO:trainer_layer:0.9326934814453125
INFO:trainer_layer:0.9934902191162109
INFO:trainer_layer:0.9081363677978516
INFO:trainer_layer:1.1098384857177734
INFO:trainer_layer:0.9338855743408203
INFO:trainer_layer:1.0492801666259766
INFO:trainer_layer:0.9570121765136719
INFO:trainer_layer:1.0805130004882812
INFO:trainer_layer:0.9603500366210938
INFO:trainer_layer:1.0056495666503906
INFO:trainer_layer:1.1916160583496094
INFO:trainer_layer:1.1065006256103516
INFO:trainer_layer:1.3377666473388672
INFO:trainer_layer:1.0044574737548828
INFO:trainer_layer:1.6493797302246094
INFO:trainer_layer:0.9787082672119141
INFO:trainer_layer:0.9341239929199219
INFO:trainer_layer:1.0292530059814453
INFO:trainer_layer:0.911712646484375
INFO:trainer_layer:0.9129047393798828
INFO:trainer_layer:0.9915828704833984
INFO:trainer_layer:1.107931137084961
INFO:trainer_layer:0.9169578552246094
INFO:trainer_layer:0.9751319885253906
INFO:trainer_layer:0.926971435546875
INFO:trainer_layer:0.9546279907226562
INFO:trainer_layer:1.0216236114501953
INFO:trainer_layer:0.9973049163818359
INFO:trainer_layer:1.0056495666503906
INFO:trainer_layer:0.9295940399169922
INFO:trainer_layer:0.9646415710449219
INFO:trainer_layer:0.9684562683105469
INFO:trainer_layer:0.9365081787109375
INFO:trainer_layer:1.1048316955566406
INFO:trainer_layer:1.3611316680908203
INFO:trainer_layer:1.3878345489501953
INFO:trainer_layer:1.627206802368164
INFO:trainer_layer:0.8778572082519531
INFO:trainer_layer:0.8845329284667969
INFO:trainer_layer:0.8897781372070312
INFO:trainer_layer:0.8649826049804688
INFO:trainer_layer:1.1124610900878906
INFO:trainer_layer:0.9942054748535156
INFO:trainer_layer:0.9441375732421875
INFO:trainer_layer:0.9834766387939453
INFO:trainer_layer:0.904083251953125
INFO:trainer_layer:0.9169578552246094
INFO:trainer_layer:0.9500980377197266
INFO:trainer_layer:0.980377197265625
INFO:trainer_layer:1.4057159423828125
INFO:trainer_layer:1.477956771850586
INFO:trainer_layer:1.2962818145751953
INFO:trainer_layer:1.155853271484375
INFO:trainer_layer:1.399993896484375
INFO:trainer_layer:1.249074935913086
INFO:trainer_layer:1.4057159423828125
INFO:trainer_layer:1.2574195861816406
INFO:trainer_layer:1.3878345489501953
INFO:trainer_layer:1.483917236328125
INFO:trainer_layer:1.5187263488769531
INFO:trainer_layer:1.0552406311035156
INFO:trainer_layer:1.130819320678711
INFO:trainer_layer:0.9729862213134766
INFO:trainer_layer:1.039266586303711
INFO:trainer_layer:0.9963512420654297
INFO:trainer_layer:1.2395381927490234
INFO:trainer_layer:1.180410385131836
INFO:trainer_layer:1.2896060943603516
INFO:trainer_layer:1.1372566223144531
INFO:trainer_layer:1.2524127960205078
INFO:trainer_layer:1.2331008911132812
INFO:trainer_layer:1.0571479797363281
INFO:trainer_layer:0.9386539459228516
INFO:trainer_layer:0.949859619140625
INFO:trainer_layer:1.0101795196533203
INFO:trainer_layer:1.2598037719726562
INFO:trainer_layer:1.020669937133789
INFO:trainer_layer:0.9996891021728516
INFO:trainer_layer:1.3287067413330078
INFO:trainer_layer:0.9658336639404297
INFO:trainer_layer:1.0223388671875
INFO:trainer_layer:1.0857582092285156
INFO:trainer_layer:1.3947486877441406
INFO:trainer_layer:1.1754035949707031
INFO:trainer_layer:1.3113021850585938
INFO:trainer_layer:0.9906291961669922
INFO:trainer_layer:0.8821487426757812
INFO:trainer_layer:1.2331008911132812
INFO:trainer_layer:1.0454654693603516
INFO:trainer_layer:0.9877681732177734
INFO:trainer_layer:0.9660720825195312
INFO:trainer_layer:0.9379386901855469
INFO:trainer_layer:1.0275840759277344
INFO:trainer_layer:0.9725093841552734
INFO:trainer_layer:0.9500980377197266
INFO:trainer_layer:1.262664794921875
INFO:trainer_layer:1.0986328125
INFO:trainer_layer:0.9529590606689453
INFO:trainer_layer:0.99945068359375
INFO:trainer_layer:0.9341239929199219
INFO:trainer_layer:0.9844303131103516
INFO:trainer_layer:1.0561943054199219
INFO:trainer_layer:1.0898113250732422
INFO:trainer_layer:0.9446144104003906
INFO:trainer_layer:0.9477138519287109
INFO:trainer_layer:0.9675025939941406
INFO:trainer_layer:1.0082721710205078
INFO:trainer_layer:1.4989376068115234
INFO:trainer_layer:1.4116764068603516
INFO:trainer_layer:1.7185211181640625
INFO:trainer_layer:1.6360282897949219
INFO:trainer_layer:1.2869834899902344
INFO:trainer_layer:1.2362003326416016
INFO:trainer_layer:1.6121864318847656
INFO:trainer_layer:1.0800361633300781
INFO:trainer_layer:0.9670257568359375
INFO:trainer_layer:1.1324882507324219
INFO:trainer_layer:1.0411739349365234
INFO:trainer_layer:1.0030269622802734
INFO:trainer_layer:0.9982585906982422
INFO:trainer_layer:1.1379718780517578
INFO:trainer_layer:0.9093284606933594
INFO:trainer_layer:1.1785030364990234
INFO:trainer_layer:0.8847713470458984
INFO:trainer_layer:1.0612010955810547
INFO:trainer_layer:0.8833408355712891
INFO:trainer_layer:1.0268688201904297
INFO:trainer_layer:0.9171962738037109
INFO:trainer_layer:1.0609626770019531
INFO:trainer_layer:0.9109973907470703
INFO:trainer_layer:0.9007453918457031
INFO:trainer_layer:0.8845329284667969
INFO:trainer_layer:0.9601116180419922
INFO:trainer_layer:0.8876323699951172
INFO:trainer_layer:1.2264251708984375
INFO:trainer_layer:0.9233951568603516
INFO:trainer_layer:1.0416507720947266
INFO:trainer_layer:1.1019706726074219
INFO:trainer_layer:1.0042190551757812
INFO:trainer_layer:0.9982585906982422
INFO:trainer_layer:1.7006397247314453
INFO:trainer_layer:1.7113685607910156
INFO:trainer_layer:0.9615421295166016
INFO:trainer_layer:1.0297298431396484
INFO:trainer_layer:0.8518695831298828
INFO:trainer_layer:1.047372817993164
INFO:trainer_layer:1.0883808135986328
INFO:trainer_layer:1.1401176452636719
INFO:trainer_layer:1.0769367218017578
INFO:trainer_layer:1.018524169921875
INFO:trainer_layer:1.1754035949707031
INFO:trainer_layer:1.329660415649414
INFO:trainer_layer:1.2288093566894531
INFO:trainer_layer:1.0213851928710938
INFO:trainer_layer:0.9441375732421875
INFO:trainer_layer:1.359701156616211
INFO:trainer_layer:1.1014938354492188
INFO:trainer_layer:0.9534358978271484
INFO:trainer_layer:1.3759136199951172
INFO:trainer_layer:0.8728504180908203
INFO:trainer_layer:1.4157295227050781
INFO:trainer_layer:1.0666847229003906
INFO:trainer_layer:1.0800361633300781
INFO:trainer_layer:1.018524169921875
INFO:trainer_layer:1.2254714965820312
INFO:trainer_layer:1.0983943939208984
INFO:trainer_layer:0.9496212005615234
INFO:trainer_layer:1.1529922485351562
INFO:trainer_layer:0.9398460388183594
INFO:trainer_layer:1.1179447174072266
INFO:trainer_layer:0.9377002716064453
INFO:trainer_layer:1.043081283569336
INFO:trainer_layer:0.9374618530273438
INFO:trainer_layer:1.1410713195800781
INFO:trainer_layer:0.8792877197265625
INFO:trainer_layer:1.16729736328125
INFO:trainer_layer:0.9555816650390625
INFO:trainer_layer:1.087188720703125
INFO:trainer_layer:0.9260177612304688
INFO:trainer_layer:0.9560585021972656
INFO:trainer_layer:0.9317398071289062
INFO:trainer_layer:1.8341541290283203
INFO:trainer_layer:0.8871555328369141
INFO:trainer_layer:1.0344982147216797
INFO:trainer_layer:0.9126663208007812
INFO:trainer_layer:1.001596450805664
INFO:trainer_layer:1.0268688201904297
INFO:trainer_layer:1.1436939239501953
INFO:trainer_layer:1.3580322265625
INFO:trainer_layer:1.1227130889892578
INFO:trainer_layer:1.0421276092529297
INFO:trainer_layer:1.0352134704589844
INFO:trainer_layer:0.9055137634277344
INFO:trainer_layer:1.2278556823730469
INFO:trainer_layer:1.1591911315917969
INFO:trainer_layer:1.3175010681152344
INFO:trainer_layer:1.1150836944580078
INFO:trainer_layer:0.9777545928955078
INFO:trainer_layer:1.0039806365966797
INFO:trainer_layer:1.1591911315917969
INFO:trainer_layer:0.8766651153564453
INFO:trainer_layer:1.0933876037597656
INFO:trainer_layer:0.9531974792480469
INFO:trainer_layer:0.9167194366455078
INFO:trainer_layer:0.9012222290039062
INFO:trainer_layer:0.9920597076416016
INFO:trainer_layer:0.9584426879882812
INFO:trainer_layer:1.0275840759277344
INFO:trainer_layer:0.9276866912841797
INFO:trainer_layer:0.9851455688476562
INFO:trainer_layer:0.9694099426269531
INFO:trainer_layer:0.8647441864013672
INFO:trainer_layer:0.9136199951171875
INFO:trainer_layer:1.0025501251220703
INFO:trainer_layer:0.9379386901855469
INFO:trainer_layer:0.9644031524658203
INFO:trainer_layer:0.9429454803466797
INFO:trainer_layer:1.0652542114257812
INFO:trainer_layer:1.0406970977783203
INFO:trainer_layer:1.0056495666503906
INFO:trainer_layer:1.0552406311035156
INFO:trainer_layer:1.0018348693847656
INFO:trainer_layer:0.9448528289794922
INFO:trainer_layer:1.0547637939453125
INFO:trainer_layer:0.9829998016357422
INFO:trainer_layer:1.0135173797607422
INFO:trainer_layer:1.1258125305175781
INFO:trainer_layer:0.9694099426269531
INFO:trainer_layer:1.039266586303711
INFO:trainer_layer:0.9753704071044922
INFO:trainer_layer:0.9150505065917969
INFO:trainer_layer:1.0521411895751953
INFO:trainer_layer:0.9555816650390625
INFO:trainer_layer:1.06048583984375
INFO:trainer_layer:1.0383129119873047
INFO:trainer_layer:1.1172294616699219
INFO:trainer_layer:0.904083251953125
INFO:trainer_layer:1.0650157928466797
INFO:trainer_layer:1.0142326354980469
INFO:trainer_layer:1.2459754943847656
INFO:trainer_layer:1.1670589447021484
INFO:trainer_layer:1.3163089752197266
INFO:trainer_layer:1.302957534790039
INFO:trainer_layer:0.9710788726806641
INFO:trainer_layer:0.8950233459472656
INFO:trainer_layer:0.9264945983886719
INFO:trainer_layer:0.8857250213623047
INFO:trainer_layer:0.9109973907470703
INFO:trainer_layer:1.0042190551757812
INFO:trainer_layer:1.0726451873779297
INFO:trainer_layer:1.066446304321289
INFO:trainer_layer:0.9348392486572266
INFO:trainer_layer:0.9343624114990234
INFO:trainer_layer:1.0142326354980469
INFO:trainer_layer:0.9465217590332031
INFO:trainer_layer:0.946044921875
INFO:trainer_layer:0.9925365447998047
INFO:trainer_layer:0.8451938629150391
INFO:trainer_layer:0.8571147918701172
INFO:trainer_layer:0.8745193481445312
INFO:trainer_layer:0.9996891021728516
INFO:trainer_layer:1.0950565338134766
INFO:trainer_layer:0.9088516235351562
INFO:trainer_layer:1.0619163513183594
INFO:trainer_layer:0.9462833404541016
INFO:trainer_layer:0.9286403656005859
INFO:trainer_layer:0.8988380432128906
INFO:trainer_layer:0.9951591491699219
INFO:trainer_layer:0.8955001831054688
INFO:trainer_layer:0.9691715240478516
INFO:trainer_layer:1.0144710540771484
INFO:trainer_layer:1.3041496276855469
INFO:trainer_layer:1.3222694396972656
INFO:trainer_layer:1.2257099151611328
INFO:trainer_layer:1.287221908569336
INFO:trainer_layer:1.2240409851074219
INFO:trainer_layer:1.293182373046875
INFO:trainer_layer:1.0848045349121094
INFO:trainer_layer:1.2586116790771484
INFO:trainer_layer:1.1959075927734375
INFO:trainer_layer:0.9484291076660156
INFO:trainer_layer:0.8625984191894531
INFO:trainer_layer:0.8707046508789062
INFO:trainer_layer:0.8952617645263672
INFO:trainer_layer:1.0273456573486328
INFO:trainer_layer:1.2090206146240234
INFO:trainer_layer:1.1289119720458984
INFO:trainer_layer:1.0037422180175781
INFO:trainer_layer:0.9753704071044922
INFO:trainer_layer:1.0764598846435547
INFO:trainer_layer:0.9391307830810547
INFO:trainer_layer:0.9133815765380859
INFO:trainer_layer:1.2824535369873047
INFO:trainer_layer:1.0747909545898438
INFO:trainer_layer:0.9541511535644531
INFO:trainer_layer:1.2156963348388672
INFO:trainer_layer:0.9610652923583984
INFO:trainer_layer:1.1546611785888672
INFO:trainer_layer:1.3744831085205078
INFO:trainer_layer:1.1768341064453125
INFO:trainer_layer:1.1425018310546875
INFO:trainer_layer:0.9293556213378906
INFO:trainer_layer:1.0170936584472656
INFO:trainer_layer:1.1124610900878906
INFO:trainer_layer:0.9391307830810547
INFO:trainer_layer:0.9257793426513672
INFO:trainer_layer:0.896453857421875
INFO:trainer_layer:1.2459754943847656
INFO:trainer_layer:1.1289119720458984
INFO:trainer_layer:0.949859619140625
INFO:trainer_layer:0.9577274322509766
INFO:trainer_layer:0.9160041809082031
INFO:trainer_layer:0.9295940399169922
INFO:trainer_layer:1.9412040710449219
INFO:trainer_layer:1.5497207641601562
INFO:trainer_layer:1.6922950744628906
INFO:trainer_layer:0.9303092956542969
INFO:trainer_layer:1.1115074157714844
INFO:trainer_layer:1.09100341796875
INFO:trainer_layer:1.0378360748291016
INFO:trainer_layer:1.0592937469482422
INFO:trainer_layer:1.1568069458007812
INFO:trainer_layer:0.9610652923583984
INFO:trainer_layer:1.0445117950439453
INFO:trainer_layer:1.1546611785888672
INFO:trainer_layer:1.1737346649169922
INFO:trainer_layer:1.603841781616211
INFO:trainer_layer:1.6405582427978516
INFO:trainer_layer:1.4584064483642578
INFO:trainer_layer:1.8444061279296875
INFO:trainer_layer:0.9319782257080078
INFO:trainer_layer:1.0042190551757812
INFO:trainer_layer:0.9663105010986328
INFO:trainer_layer:0.9527206420898438
INFO:trainer_layer:0.8869171142578125
INFO:trainer_layer:0.9434223175048828
INFO:trainer_layer:0.9982585906982422
INFO:trainer_layer:1.0721683502197266
INFO:trainer_layer:0.9396076202392578
INFO:trainer_layer:1.035451889038086
INFO:trainer_layer:1.1222362518310547
INFO:trainer_layer:1.1148452758789062
INFO:trainer_layer:1.1601448059082031
INFO:trainer_layer:1.0139942169189453
INFO:trainer_layer:1.0917186737060547
INFO:trainer_layer:1.1110305786132812
INFO:trainer_layer:0.9603500366210938
INFO:trainer_layer:1.1751651763916016
INFO:trainer_layer:0.8318424224853516
INFO:trainer_layer:0.9765625
INFO:trainer_layer:0.9112358093261719
INFO:trainer_layer:1.1875629425048828
INFO:trainer_layer:1.0797977447509766
INFO:trainer_layer:1.0094642639160156
INFO:trainer_layer:1.1320114135742188
INFO:trainer_layer:1.3360977172851562
INFO:trainer_layer:1.2934207916259766
INFO:trainer_layer:1.5773773193359375
INFO:trainer_layer:1.7070770263671875
INFO:trainer_layer:1.033782958984375
INFO:trainer_layer:1.0259151458740234
INFO:trainer_layer:1.0924339294433594
INFO:trainer_layer:0.9388923645019531
INFO:trainer_layer:1.340627670288086
INFO:trainer_layer:1.2285709381103516
INFO:trainer_layer:1.0821819305419922
INFO:trainer_layer:1.0616779327392578
INFO:trainer_layer:1.0836124420166016
INFO:trainer_layer:1.1334419250488281
INFO:trainer_layer:1.1911392211914062
INFO:trainer_layer:0.9815692901611328
INFO:trainer_layer:1.1103153228759766
INFO:trainer_layer:1.2137889862060547
INFO:trainer_layer:1.0204315185546875
INFO:trainer_layer:1.0509490966796875
INFO:trainer_layer:1.062154769897461
INFO:trainer_layer:1.1343955993652344
INFO:trainer_layer:0.9980201721191406
INFO:trainer_layer:1.0347366333007812
INFO:trainer_layer:1.09100341796875
INFO:trainer_layer:1.0192394256591797
INFO:trainer_layer:1.0771751403808594
INFO:trainer_layer:1.0912418365478516
INFO:trainer_layer:1.0960102081298828
INFO:trainer_layer:1.1839866638183594
INFO:trainer_layer:1.035928726196289
INFO:trainer_layer:1.0564327239990234
INFO:trainer_layer:1.0497570037841797
INFO:trainer_layer:1.1153221130371094
INFO:trainer_layer:1.0578632354736328
INFO:trainer_layer:1.0485649108886719
INFO:trainer_layer:1.0502338409423828
INFO:trainer_layer:1.0755062103271484
INFO:trainer_layer:1.068115234375
INFO:trainer_layer:0.9334087371826172
INFO:trainer_layer:0.9992122650146484
INFO:trainer_layer:0.8766651153564453
INFO:trainer_layer:0.9636878967285156
INFO:trainer_layer:1.0862350463867188
INFO:trainer_layer:1.0449886322021484
INFO:trainer_layer:0.9977817535400391
INFO:trainer_layer:1.062154769897461
INFO:trainer_layer:0.9682178497314453
INFO:trainer_layer:0.9899139404296875
INFO:trainer_layer:0.9825229644775391
INFO:trainer_layer:0.9219646453857422
INFO:trainer_layer:1.0988712310791016
INFO:trainer_layer:1.3294219970703125
INFO:trainer_layer:1.012563705444336
INFO:trainer_layer:1.1951923370361328
INFO:trainer_layer:1.0025501251220703
INFO:trainer_layer:1.0218620300292969
INFO:trainer_layer:1.0721683502197266
INFO:trainer_layer:0.9927749633789062
INFO:trainer_layer:1.0900497436523438
INFO:trainer_layer:0.9148120880126953
INFO:trainer_layer:0.9706020355224609
INFO:trainer_layer:0.9505748748779297
INFO:trainer_layer:0.9708404541015625
INFO:trainer_layer:0.9703636169433594
INFO:trainer_layer:1.0766983032226562
INFO:trainer_layer:0.9031295776367188
INFO:trainer_layer:1.0149478912353516
INFO:trainer_layer:1.005411148071289
INFO:trainer_layer:1.0581016540527344
INFO:trainer_layer:0.9303092956542969
INFO:trainer_layer:0.9467601776123047
INFO:trainer_layer:1.0538101196289062
INFO:trainer_layer:1.058816909790039
INFO:trainer_layer:1.0952949523925781
INFO:trainer_layer:0.9868144989013672
INFO:trainer_layer:0.9925365447998047
INFO:trainer_layer:0.9124279022216797
INFO:trainer_layer:0.8678436279296875
INFO:trainer_layer:0.9903907775878906
INFO:trainer_layer:0.9753704071044922
INFO:trainer_layer:1.0440349578857422
INFO:trainer_layer:0.9512901306152344
INFO:trainer_layer:1.1184215545654297
INFO:trainer_layer:0.8769035339355469
INFO:trainer_layer:1.0123252868652344
INFO:trainer_layer:0.8335113525390625
INFO:trainer_layer:1.6260147094726562
INFO:trainer_layer:1.9233226776123047
INFO:trainer_layer:2.000093460083008
INFO:trainer_layer:1.0478496551513672
INFO:trainer_layer:1.546621322631836
INFO:trainer_layer:1.0523796081542969
INFO:trainer_layer:1.1048316955566406
INFO:trainer_layer:0.9007453918457031
INFO:trainer_layer:1.1725425720214844
INFO:trainer_layer:1.444101333618164
INFO:trainer_layer:2.076387405395508
INFO:trainer_layer:1.3337135314941406
INFO:trainer_layer:1.2226104736328125
INFO:trainer_layer:1.3413429260253906
INFO:trainer_layer:1.298666000366211
INFO:trainer_layer:1.5370845794677734
INFO:trainer_layer:1.2145042419433594
INFO:trainer_layer:0.9860992431640625
INFO:trainer_layer:0.873565673828125
INFO:trainer_layer:0.8604526519775391
INFO:trainer_layer:1.2407302856445312
INFO:trainer_layer:1.1043548583984375
INFO:trainer_layer:1.2156963348388672
INFO:trainer_layer:0.9644031524658203
INFO:trainer_layer:1.3089179992675781
INFO:trainer_layer:1.2595653533935547
INFO:trainer_layer:1.1899471282958984
INFO:trainer_layer:1.0828971862792969
INFO:trainer_layer:1.207590103149414
INFO:trainer_layer:0.8862018585205078
INFO:trainer_layer:0.9629726409912109
INFO:trainer_layer:1.238107681274414
INFO:trainer_layer:1.2502670288085938
INFO:trainer_layer:1.138448715209961
INFO:trainer_layer:1.1112689971923828
INFO:trainer_layer:1.2936592102050781
INFO:trainer_layer:0.9436607360839844
INFO:trainer_layer:1.1394023895263672
INFO:trainer_layer:0.9520053863525391
INFO:trainer_layer:1.5239715576171875
INFO:trainer_layer:1.8494129180908203
INFO:trainer_layer:1.9178390502929688
INFO:trainer_layer:1.6317367553710938
INFO:trainer_layer:0.8337497711181641
INFO:trainer_layer:1.058816909790039
INFO:trainer_layer:0.9174346923828125
INFO:trainer_layer:1.088857650756836
INFO:trainer_layer:1.0273456573486328
INFO:trainer_layer:1.0597705841064453
INFO:trainer_layer:0.9410381317138672
INFO:trainer_layer:0.9324550628662109
INFO:trainer_layer:0.919342041015625
INFO:trainer_layer:1.0335445404052734
INFO:trainer_layer:0.89263916015625
INFO:trainer_layer:1.0976791381835938
INFO:trainer_layer:0.8492469787597656
INFO:trainer_layer:0.9982585906982422
INFO:trainer_layer:0.8425712585449219
INFO:trainer_layer:0.9891986846923828
INFO:trainer_layer:0.8692741394042969
INFO:trainer_layer:1.0750293731689453
INFO:trainer_layer:0.9119510650634766
INFO:trainer_layer:1.0764598846435547
INFO:trainer_layer:0.9493827819824219
INFO:trainer_layer:0.9872913360595703
INFO:trainer_layer:0.9405612945556641
INFO:trainer_layer:1.0540485382080078
INFO:trainer_layer:0.8628368377685547
INFO:trainer_layer:1.1110305786132812
INFO:trainer_layer:0.9050369262695312
INFO:trainer_layer:1.096487045288086
INFO:trainer_layer:1.0530948638916016
INFO:trainer_layer:1.2638568878173828
INFO:trainer_layer:1.3146400451660156
INFO:trainer_layer:1.0142326354980469
INFO:trainer_layer:1.0318756103515625
INFO:trainer_layer:1.0416507720947266
INFO:trainer_layer:1.2593269348144531
INFO:trainer_layer:0.8955001831054688
INFO:trainer_layer:0.8733272552490234
INFO:trainer_layer:1.0356903076171875
INFO:trainer_layer:0.9474754333496094
INFO:trainer_layer:0.9303092956542969
INFO:trainer_layer:0.9570121765136719
INFO:trainer_layer:1.1157989501953125
INFO:trainer_layer:1.031637191772461
INFO:trainer_layer:1.0707378387451172
INFO:trainer_layer:0.8685588836669922
INFO:trainer_layer:1.0340213775634766
INFO:trainer_layer:1.0912418365478516
INFO:trainer_layer:1.0800361633300781
INFO:trainer_layer:1.0976791381835938
INFO:trainer_layer:1.1675357818603516
INFO:trainer_layer:1.0690689086914062
INFO:trainer_layer:1.066446304321289
INFO:trainer_layer:1.1246204376220703
INFO:trainer_layer:1.0519027709960938
INFO:trainer_layer:1.1181831359863281
INFO:trainer_layer:0.8950233459472656
INFO:trainer_layer:1.085519790649414
INFO:trainer_layer:0.9059906005859375
INFO:trainer_layer:1.0454654693603516
INFO:trainer_layer:0.9899139404296875
INFO:trainer_layer:0.8754730224609375
INFO:trainer_layer:0.9145736694335938
INFO:trainer_layer:0.9658336639404297
INFO:trainer_layer:1.1644363403320312
INFO:trainer_layer:0.9598731994628906
INFO:trainer_layer:1.1038780212402344
INFO:trainer_layer:1.2831687927246094
INFO:trainer_layer:1.0640621185302734
INFO:trainer_layer:1.1682510375976562
INFO:trainer_layer:1.0333061218261719
INFO:trainer_layer:1.1374950408935547
INFO:trainer_layer:1.1970996856689453
INFO:trainer_layer:1.0268688201904297
INFO:trainer_layer:0.9140968322753906
INFO:trainer_layer:1.0137557983398438
INFO:trainer_layer:0.9832382202148438
INFO:trainer_layer:0.8809566497802734
INFO:trainer_layer:0.8859634399414062
INFO:trainer_layer:1.0843276977539062
INFO:trainer_layer:1.2993812561035156
INFO:trainer_layer:1.0449886322021484
INFO:trainer_layer:1.0814666748046875
INFO:trainer_layer:0.9169578552246094
INFO:trainer_layer:1.049041748046875
INFO:trainer_layer:1.0881423950195312
INFO:trainer_layer:1.0433197021484375
INFO:trainer_layer:1.1060237884521484
INFO:trainer_layer:1.0237693786621094
INFO:trainer_layer:0.9055137634277344
INFO:trainer_layer:0.8757114410400391
INFO:trainer_layer:0.8933544158935547
INFO:trainer_layer:1.0120868682861328
INFO:trainer_layer:1.0895729064941406
INFO:trainer_layer:1.007080078125
INFO:trainer_layer:1.0652542114257812
INFO:trainer_layer:0.8974075317382812
INFO:trainer_layer:1.0654926300048828
INFO:trainer_layer:0.9775161743164062
INFO:trainer_layer:1.0538101196289062
INFO:trainer_layer:0.9734630584716797
INFO:trainer_layer:0.8797645568847656
INFO:trainer_layer:1.0120868682861328
INFO:trainer_layer:1.3179779052734375
INFO:trainer_layer:1.3191699981689453
INFO:trainer_layer:1.2176036834716797
INFO:trainer_layer:1.18255615234375
INFO:trainer_layer:1.3394355773925781
INFO:trainer_layer:1.2433528900146484
INFO:trainer_layer:1.3244152069091797
INFO:trainer_layer:1.173257827758789
INFO:trainer_layer:1.2586116790771484
INFO:trainer_layer:1.3399124145507812
INFO:trainer_layer:1.1382102966308594
INFO:trainer_layer:1.3458728790283203
INFO:trainer_layer:1.134634017944336
INFO:trainer_layer:1.2464523315429688
INFO:trainer_layer:1.30462646484375
INFO:trainer_layer:1.1093616485595703
INFO:trainer_layer:1.2385845184326172
INFO:trainer_layer:1.211404800415039
INFO:trainer_layer:1.2774467468261719
INFO:trainer_layer:1.203298568725586
INFO:trainer_layer:1.300811767578125
INFO:trainer_layer:1.218557357788086
INFO:trainer_layer:1.3134479522705078
INFO:trainer_layer:0.9877681732177734
INFO:trainer_layer:0.9257793426513672
INFO:trainer_layer:0.9598731994628906
INFO:trainer_layer:0.8721351623535156
INFO:trainer_layer:0.9527206420898438
INFO:trainer_layer:1.1508464813232422
INFO:trainer_layer:1.138925552368164
INFO:trainer_layer:0.9450912475585938
INFO:trainer_layer:1.0454654693603516
INFO:trainer_layer:1.001119613647461
INFO:trainer_layer:1.2078285217285156
INFO:trainer_layer:0.9002685546875
INFO:trainer_layer:1.2731552124023438
INFO:trainer_layer:1.3704299926757812
INFO:trainer_layer:1.043081283569336
INFO:trainer_layer:0.9329319000244141
INFO:trainer_layer:0.8869171142578125
INFO:trainer_layer:1.1162757873535156
INFO:trainer_layer:0.9083747863769531
INFO:trainer_layer:1.0406970977783203
INFO:trainer_layer:1.1715888977050781
INFO:trainer_layer:1.0616779327392578
INFO:trainer_layer:0.9875297546386719
INFO:trainer_layer:1.0485649108886719
INFO:trainer_layer:1.0502338409423828
INFO:trainer_layer:1.2786388397216797
INFO:trainer_layer:0.9112358093261719
INFO:trainer_layer:0.8361339569091797
INFO:trainer_layer:0.9527206420898438
INFO:trainer_layer:0.8902549743652344
INFO:trainer_layer:1.1951923370361328
INFO:trainer_layer:1.0819435119628906
INFO:trainer_layer:0.9398460388183594
INFO:trainer_layer:0.8828639984130859
INFO:trainer_layer:1.077413558959961
INFO:trainer_layer:1.1453628540039062
INFO:trainer_layer:1.0976791381835938
INFO:trainer_layer:1.0428428649902344
INFO:trainer_layer:1.0704994201660156
INFO:trainer_layer:1.1599063873291016
INFO:trainer_layer:1.3153553009033203
INFO:trainer_layer:0.9543895721435547
INFO:trainer_layer:0.9980201721191406
INFO:trainer_layer:0.9813308715820312
INFO:trainer_layer:1.0187625885009766
INFO:trainer_layer:1.2125968933105469
INFO:trainer_layer:1.0650157928466797
INFO:trainer_layer:1.178741455078125
INFO:trainer_layer:1.0709762573242188
INFO:trainer_layer:1.0271072387695312
INFO:trainer_layer:0.9624958038330078
INFO:trainer_layer:1.1055469512939453
INFO:trainer_layer:1.1382102966308594
INFO:trainer_layer:1.196146011352539
INFO:trainer_layer:1.1301040649414062
INFO:trainer_layer:1.252889633178711
INFO:trainer_layer:1.1315345764160156
INFO:trainer_layer:1.1174678802490234
INFO:trainer_layer:1.5273094177246094
INFO:trainer_layer:1.2013912200927734
INFO:trainer_layer:1.2273788452148438
INFO:trainer_layer:1.2278556823730469
INFO:trainer_layer:0.9114742279052734
INFO:trainer_layer:0.9622573852539062
INFO:trainer_layer:1.310110092163086
INFO:trainer_layer:0.9622573852539062
INFO:trainer_layer:1.0006427764892578
INFO:trainer_layer:1.0347366333007812
INFO:trainer_layer:1.0673999786376953
INFO:trainer_layer:1.1353492736816406
INFO:trainer_layer:1.3628005981445312
INFO:trainer_layer:1.0941028594970703
INFO:trainer_layer:1.0476112365722656
INFO:trainer_layer:1.0480880737304688
INFO:trainer_layer:1.0547637939453125
INFO:trainer_layer:1.2488365173339844
INFO:trainer_layer:1.1713504791259766
INFO:trainer_layer:0.9791851043701172
INFO:trainer_layer:0.9481906890869141
INFO:trainer_layer:1.6565322875976562
INFO:trainer_layer:1.1219978332519531
INFO:trainer_layer:1.0886192321777344
INFO:trainer_layer:0.9212493896484375
INFO:trainer_layer:1.1382102966308594
INFO:trainer_layer:1.1794567108154297
INFO:trainer_layer:0.9355545043945312
INFO:trainer_layer:0.9019374847412109
INFO:trainer_layer:1.0704994201660156
INFO:trainer_layer:0.9238719940185547
INFO:trainer_layer:0.8842945098876953
INFO:trainer_layer:0.9844303131103516
INFO:trainer_layer:0.980377197265625
INFO:trainer_layer:1.6901493072509766
INFO:trainer_layer:0.9953975677490234
INFO:trainer_layer:0.9551048278808594
INFO:trainer_layer:1.0170936584472656
INFO:trainer_layer:0.9570121765136719
INFO:trainer_layer:1.0306835174560547
INFO:trainer_layer:1.0113716125488281
INFO:trainer_layer:0.9818077087402344
INFO:trainer_layer:1.0297298431396484
INFO:trainer_layer:1.0657310485839844
INFO:trainer_layer:0.9207725524902344
INFO:trainer_layer:1.308441162109375
INFO:trainer_layer:1.2111663818359375
INFO:trainer_layer:1.2285709381103516
INFO:trainer_layer:1.1103153228759766
INFO:trainer_layer:1.1861324310302734
INFO:trainer_layer:1.0187625885009766
INFO:trainer_layer:0.9484291076660156
INFO:trainer_layer:0.9605884552001953
INFO:trainer_layer:0.9353160858154297
INFO:trainer_layer:0.9570121765136719
INFO:trainer_layer:1.0433197021484375
INFO:trainer_layer:0.9481906890869141
INFO:trainer_layer:0.9539127349853516
INFO:trainer_layer:0.9350776672363281
INFO:trainer_layer:0.9202957153320312
INFO:trainer_layer:0.9729862213134766
INFO:trainer_layer:0.9219646453857422
INFO:trainer_layer:0.8955001831054688
INFO:trainer_layer:0.9448528289794922
INFO:trainer_layer:1.0514259338378906
INFO:trainer_layer:0.9236335754394531
INFO:trainer_layer:0.9224414825439453
INFO:trainer_layer:0.9300708770751953
INFO:trainer_layer:0.8609294891357422
INFO:trainer_layer:0.9188652038574219
INFO:trainer_layer:0.8494853973388672
INFO:trainer_layer:0.8647441864013672
INFO:trainer_layer:0.8311271667480469
INFO:trainer_layer:0.9620189666748047
INFO:trainer_layer:0.9214878082275391
INFO:trainer_layer:0.8881092071533203
INFO:trainer_layer:0.9200572967529297
INFO:trainer_layer:0.9515285491943359
INFO:trainer_layer:0.9469985961914062
