INFO:trainer_layer:FFT_CNNEx | mnist
INFO:trainer_layer:in_size : 128 | epochs : 1 | batch : 1
INFO:trainer_layer:kernel_l1 : 65 | 
INFO:trainer_layer:o_channels_l1 : 20 | 
INFO:trainer_layer::::::::::::::::::::::::::::::::::::::::::::::::::::::::::::
INFO:trainer_layer:message : fft_conv2
INFO:trainer_layer::::::::::::::::::::::::::::::::::::::::::::::::::::::::::::
INFO:trainer_layer:Ave_Time : 1.1452221870422363
INFO:trainer_layer::::::::::::::::::::::::::::::::::::::::::::::::::::::::::::
INFO:trainer_layer:1.5349388122558594
INFO:trainer_layer:0.9188652038574219
INFO:trainer_layer:1.1601448059082031
INFO:trainer_layer:1.7364025115966797
INFO:trainer_layer:1.4023780822753906
INFO:trainer_layer:1.1878013610839844
INFO:trainer_layer:1.0700225830078125
INFO:trainer_layer:1.4064311981201172
INFO:trainer_layer:0.9393692016601562
INFO:trainer_layer:1.1534690856933594
INFO:trainer_layer:1.1532306671142578
INFO:trainer_layer:0.9512901306152344
INFO:trainer_layer:1.0876655578613281
INFO:trainer_layer:1.073598861694336
INFO:trainer_layer:1.2412071228027344
INFO:trainer_layer:0.8847713470458984
INFO:trainer_layer:1.0402202606201172
INFO:trainer_layer:1.3914108276367188
INFO:trainer_layer:1.0094642639160156
INFO:trainer_layer:0.9329319000244141
INFO:trainer_layer:1.0690689086914062
INFO:trainer_layer:1.0008811950683594
INFO:trainer_layer:0.9562969207763672
INFO:trainer_layer:0.9176731109619141
INFO:trainer_layer:1.0650157928466797
INFO:trainer_layer:1.0297298431396484
INFO:trainer_layer:1.0368824005126953
INFO:trainer_layer:0.9784698486328125
INFO:trainer_layer:1.125335693359375
INFO:trainer_layer:0.9677410125732422
INFO:trainer_layer:1.5339851379394531
INFO:trainer_layer:1.3298988342285156
INFO:trainer_layer:1.079559326171875
INFO:trainer_layer:0.9071826934814453
INFO:trainer_layer:1.0669231414794922
INFO:trainer_layer:0.9126663208007812
INFO:trainer_layer:1.0502338409423828
INFO:trainer_layer:1.0950565338134766
INFO:trainer_layer:0.8907318115234375
INFO:trainer_layer:0.95367431640625
INFO:trainer_layer:1.027822494506836
INFO:trainer_layer:1.0046958923339844
INFO:trainer_layer:1.0876655578613281
INFO:trainer_layer:0.9300708770751953
INFO:trainer_layer:0.9825229644775391
INFO:trainer_layer:0.99945068359375
INFO:trainer_layer:0.9093284606933594
INFO:trainer_layer:0.8990764617919922
INFO:trainer_layer:1.0132789611816406
INFO:trainer_layer:1.0914802551269531
INFO:trainer_layer:1.0709762573242188
INFO:trainer_layer:1.1875629425048828
INFO:trainer_layer:1.081228256225586
INFO:trainer_layer:1.1565685272216797
INFO:trainer_layer:1.4541149139404297
INFO:trainer_layer:1.5101432800292969
INFO:trainer_layer:1.653432846069336
INFO:trainer_layer:1.0352134704589844
INFO:trainer_layer:1.0366439819335938
INFO:trainer_layer:0.9109973907470703
INFO:trainer_layer:1.3153553009033203
INFO:trainer_layer:1.0039806365966797
INFO:trainer_layer:0.9064674377441406
INFO:trainer_layer:1.0554790496826172
INFO:trainer_layer:0.9474754333496094
INFO:trainer_layer:1.2557506561279297
INFO:trainer_layer:0.9407997131347656
INFO:trainer_layer:1.4774799346923828
INFO:trainer_layer:1.3887882232666016
INFO:trainer_layer:1.0454654693603516
INFO:trainer_layer:0.8866786956787109
INFO:trainer_layer:1.0831356048583984
INFO:trainer_layer:0.9405612945556641
INFO:trainer_layer:1.0838508605957031
INFO:trainer_layer:1.0657310485839844
INFO:trainer_layer:1.0037422180175781
INFO:trainer_layer:1.024007797241211
INFO:trainer_layer:1.020669937133789
INFO:trainer_layer:0.9291172027587891
INFO:trainer_layer:1.1327266693115234
INFO:trainer_layer:0.9808540344238281
INFO:trainer_layer:1.1119842529296875
INFO:trainer_layer:0.9064674377441406
INFO:trainer_layer:1.2547969818115234
INFO:trainer_layer:0.8854866027832031
INFO:trainer_layer:1.028299331665039
INFO:trainer_layer:1.134634017944336
INFO:trainer_layer:1.1706352233886719
INFO:trainer_layer:1.062631607055664
INFO:trainer_layer:0.9694099426269531
INFO:trainer_layer:1.0883808135986328
INFO:trainer_layer:1.1026859283447266
INFO:trainer_layer:1.024484634399414
INFO:trainer_layer:1.0938644409179688
INFO:trainer_layer:1.2354850769042969
INFO:trainer_layer:1.2485980987548828
INFO:trainer_layer:1.0578632354736328
INFO:trainer_layer:0.9255409240722656
INFO:trainer_layer:1.0662078857421875
INFO:trainer_layer:1.0743141174316406
INFO:trainer_layer:1.0199546813964844
INFO:trainer_layer:1.049041748046875
INFO:trainer_layer:1.1234283447265625
INFO:trainer_layer:1.4302730560302734
INFO:trainer_layer:1.2650489807128906
INFO:trainer_layer:1.100301742553711
INFO:trainer_layer:0.9441375732421875
INFO:trainer_layer:1.1909008026123047
INFO:trainer_layer:0.9393692016601562
INFO:trainer_layer:1.2631416320800781
INFO:trainer_layer:1.382589340209961
INFO:trainer_layer:1.4495849609375
INFO:trainer_layer:1.3663768768310547
INFO:trainer_layer:1.2967586517333984
INFO:trainer_layer:1.2042522430419922
INFO:trainer_layer:1.247406005859375
INFO:trainer_layer:1.2125968933105469
INFO:trainer_layer:1.3849735260009766
INFO:trainer_layer:1.1560916900634766
INFO:trainer_layer:1.1086463928222656
INFO:trainer_layer:1.1074542999267578
INFO:trainer_layer:1.0955333709716797
INFO:trainer_layer:1.3720989227294922
INFO:trainer_layer:1.173257827758789
INFO:trainer_layer:1.3175010681152344
INFO:trainer_layer:1.2242794036865234
INFO:trainer_layer:1.7080307006835938
INFO:trainer_layer:1.1615753173828125
INFO:trainer_layer:1.180410385131836
INFO:trainer_layer:1.0952949523925781
INFO:trainer_layer:1.2116432189941406
INFO:trainer_layer:1.1713504791259766
INFO:trainer_layer:1.4424324035644531
INFO:trainer_layer:1.0216236114501953
INFO:trainer_layer:1.0807514190673828
INFO:trainer_layer:1.138925552368164
INFO:trainer_layer:0.9291172027587891
INFO:trainer_layer:1.322031021118164
INFO:trainer_layer:1.180410385131836
INFO:trainer_layer:1.257181167602539
INFO:trainer_layer:1.0182857513427734
INFO:trainer_layer:1.2979507446289062
INFO:trainer_layer:1.1043548583984375
INFO:trainer_layer:1.2981891632080078
INFO:trainer_layer:1.392364501953125
INFO:trainer_layer:1.5180110931396484
INFO:trainer_layer:1.9726753234863281
INFO:trainer_layer:1.7266273498535156
INFO:trainer_layer:0.9114742279052734
INFO:trainer_layer:1.1966228485107422
INFO:trainer_layer:1.3499259948730469
INFO:trainer_layer:1.1277198791503906
INFO:trainer_layer:1.1687278747558594
INFO:trainer_layer:1.1227130889892578
INFO:trainer_layer:1.012563705444336
INFO:trainer_layer:1.2824535369873047
INFO:trainer_layer:1.280069351196289
INFO:trainer_layer:1.2974739074707031
INFO:trainer_layer:1.1055469512939453
INFO:trainer_layer:1.1031627655029297
INFO:trainer_layer:1.1515617370605469
INFO:trainer_layer:1.2972354888916016
INFO:trainer_layer:1.5349388122558594
INFO:trainer_layer:1.2750625610351562
INFO:trainer_layer:1.4348030090332031
INFO:trainer_layer:1.1837482452392578
INFO:trainer_layer:2.0477771759033203
INFO:trainer_layer:1.1811256408691406
INFO:trainer_layer:1.329660415649414
INFO:trainer_layer:1.1210441589355469
INFO:trainer_layer:1.201629638671875
INFO:trainer_layer:0.9558200836181641
INFO:trainer_layer:1.1076927185058594
INFO:trainer_layer:0.9562969207763672
INFO:trainer_layer:1.1105537414550781
INFO:trainer_layer:0.904083251953125
INFO:trainer_layer:1.2400150299072266
INFO:trainer_layer:1.293182373046875
INFO:trainer_layer:1.1553764343261719
INFO:trainer_layer:0.9589195251464844
INFO:trainer_layer:1.0323524475097656
INFO:trainer_layer:1.0895729064941406
INFO:trainer_layer:1.2359619140625
INFO:trainer_layer:1.150369644165039
INFO:trainer_layer:1.0602474212646484
INFO:trainer_layer:1.1785030364990234
INFO:trainer_layer:1.191854476928711
INFO:trainer_layer:0.8513927459716797
INFO:trainer_layer:1.132965087890625
INFO:trainer_layer:1.085042953491211
INFO:trainer_layer:0.8833408355712891
INFO:trainer_layer:1.7528533935546875
INFO:trainer_layer:0.9748935699462891
INFO:trainer_layer:0.8630752563476562
INFO:trainer_layer:0.9152889251708984
INFO:trainer_layer:0.8969306945800781
INFO:trainer_layer:1.71661376953125
INFO:trainer_layer:1.5134811401367188
INFO:trainer_layer:1.5118122100830078
INFO:trainer_layer:1.7735958099365234
INFO:trainer_layer:1.5475749969482422
INFO:trainer_layer:1.9633769989013672
INFO:trainer_layer:1.9464492797851562
INFO:trainer_layer:0.8387565612792969
INFO:trainer_layer:0.8070468902587891
INFO:trainer_layer:0.8394718170166016
INFO:trainer_layer:0.91552734375
INFO:trainer_layer:1.0001659393310547
INFO:trainer_layer:1.2924671173095703
INFO:trainer_layer:0.8838176727294922
INFO:trainer_layer:0.8318424224853516
INFO:trainer_layer:0.8387565612792969
INFO:trainer_layer:1.0020732879638672
INFO:trainer_layer:2.122163772583008
INFO:trainer_layer:1.9352436065673828
INFO:trainer_layer:2.692699432373047
INFO:trainer_layer:0.8897781372070312
INFO:trainer_layer:1.325845718383789
INFO:trainer_layer:1.3704299926757812
INFO:trainer_layer:1.1639595031738281
INFO:trainer_layer:1.3206005096435547
INFO:trainer_layer:1.148223876953125
INFO:trainer_layer:0.8821487426757812
INFO:trainer_layer:1.2867450714111328
INFO:trainer_layer:1.5511512756347656
INFO:trainer_layer:1.4190673828125
INFO:trainer_layer:1.4369487762451172
INFO:trainer_layer:0.8981227874755859
INFO:trainer_layer:0.9295940399169922
INFO:trainer_layer:0.9889602661132812
INFO:trainer_layer:0.8559226989746094
INFO:trainer_layer:0.8392333984375
INFO:trainer_layer:1.1410713195800781
INFO:trainer_layer:0.926971435546875
INFO:trainer_layer:0.8771419525146484
INFO:trainer_layer:0.9157657623291016
INFO:trainer_layer:1.3470649719238281
INFO:trainer_layer:0.8907318115234375
INFO:trainer_layer:0.8020401000976562
INFO:trainer_layer:1.0497570037841797
INFO:trainer_layer:0.8547306060791016
INFO:trainer_layer:1.6987323760986328
INFO:trainer_layer:2.243518829345703
INFO:trainer_layer:1.481771469116211
INFO:trainer_layer:2.0897388458251953
INFO:trainer_layer:1.224517822265625
INFO:trainer_layer:0.9481906890869141
INFO:trainer_layer:1.4505386352539062
INFO:trainer_layer:1.3599395751953125
INFO:trainer_layer:0.8833408355712891
INFO:trainer_layer:1.321554183959961
INFO:trainer_layer:1.4467239379882812
INFO:trainer_layer:1.2705326080322266
INFO:trainer_layer:1.219034194946289
INFO:trainer_layer:1.3332366943359375
INFO:trainer_layer:1.2745857238769531
INFO:trainer_layer:1.6522407531738281
INFO:trainer_layer:1.0395050048828125
INFO:trainer_layer:0.9212493896484375
INFO:trainer_layer:0.9429454803466797
INFO:trainer_layer:1.0101795196533203
INFO:trainer_layer:1.5544891357421875
INFO:trainer_layer:1.2624263763427734
INFO:trainer_layer:1.1820793151855469
INFO:trainer_layer:1.3089179992675781
INFO:trainer_layer:0.8974075317382812
INFO:trainer_layer:1.1260509490966797
INFO:trainer_layer:0.8561611175537109
INFO:trainer_layer:0.9627342224121094
INFO:trainer_layer:0.8807182312011719
INFO:trainer_layer:0.942230224609375
INFO:trainer_layer:0.9074211120605469
INFO:trainer_layer:0.9109973907470703
INFO:trainer_layer:0.8509159088134766
INFO:trainer_layer:0.9064674377441406
INFO:trainer_layer:1.283407211303711
INFO:trainer_layer:0.9274482727050781
INFO:trainer_layer:1.0471343994140625
INFO:trainer_layer:0.9362697601318359
INFO:trainer_layer:0.8969306945800781
INFO:trainer_layer:0.9331703186035156
INFO:trainer_layer:0.8912086486816406
INFO:trainer_layer:0.9007453918457031
INFO:trainer_layer:0.9927749633789062
INFO:trainer_layer:1.3666152954101562
INFO:trainer_layer:0.9431838989257812
INFO:trainer_layer:0.9226799011230469
INFO:trainer_layer:0.9412765502929688
INFO:trainer_layer:1.0759830474853516
INFO:trainer_layer:0.9970664978027344
INFO:trainer_layer:1.2481212615966797
INFO:trainer_layer:1.5070438385009766
INFO:trainer_layer:1.3735294342041016
INFO:trainer_layer:1.783609390258789
INFO:trainer_layer:1.0132789611816406
INFO:trainer_layer:1.0955333709716797
INFO:trainer_layer:1.039266586303711
INFO:trainer_layer:1.4543533325195312
INFO:trainer_layer:1.6667842864990234
INFO:trainer_layer:0.965118408203125
INFO:trainer_layer:1.1250972747802734
INFO:trainer_layer:0.9620189666748047
INFO:trainer_layer:1.0356903076171875
INFO:trainer_layer:1.0585784912109375
INFO:trainer_layer:1.7213821411132812
INFO:trainer_layer:1.4200210571289062
INFO:trainer_layer:0.9932518005371094
INFO:trainer_layer:0.9889602661132812
INFO:trainer_layer:1.0159015655517578
INFO:trainer_layer:0.9496212005615234
INFO:trainer_layer:1.0256767272949219
INFO:trainer_layer:1.6503334045410156
INFO:trainer_layer:0.9686946868896484
INFO:trainer_layer:1.069784164428711
INFO:trainer_layer:0.9596347808837891
INFO:trainer_layer:0.9109973907470703
INFO:trainer_layer:0.8647441864013672
INFO:trainer_layer:0.9260177612304688
INFO:trainer_layer:0.8981227874755859
INFO:trainer_layer:1.008749008178711
INFO:trainer_layer:1.0068416595458984
INFO:trainer_layer:0.9520053863525391
INFO:trainer_layer:0.9410381317138672
INFO:trainer_layer:1.0614395141601562
INFO:trainer_layer:0.9870529174804688
INFO:trainer_layer:0.9043216705322266
INFO:trainer_layer:1.3055801391601562
INFO:trainer_layer:1.41143798828125
INFO:trainer_layer:1.3201236724853516
INFO:trainer_layer:1.3377666473388672
INFO:trainer_layer:1.1277198791503906
INFO:trainer_layer:0.9641647338867188
INFO:trainer_layer:1.1217594146728516
INFO:trainer_layer:1.5261173248291016
INFO:trainer_layer:1.3921260833740234
INFO:trainer_layer:1.1475086212158203
INFO:trainer_layer:1.0728836059570312
INFO:trainer_layer:1.0073184967041016
INFO:trainer_layer:1.1723041534423828
INFO:trainer_layer:0.9582042694091797
INFO:trainer_layer:1.1897087097167969
INFO:trainer_layer:1.2552738189697266
INFO:trainer_layer:1.0981559753417969
INFO:trainer_layer:1.15966796875
INFO:trainer_layer:1.0480880737304688
INFO:trainer_layer:1.0943412780761719
INFO:trainer_layer:1.1258125305175781
INFO:trainer_layer:1.0783672332763672
INFO:trainer_layer:1.1026859283447266
INFO:trainer_layer:0.9698867797851562
INFO:trainer_layer:0.9925365447998047
INFO:trainer_layer:1.0225772857666016
INFO:trainer_layer:0.9908676147460938
INFO:trainer_layer:1.3298988342285156
INFO:trainer_layer:1.1658668518066406
INFO:trainer_layer:1.0793209075927734
INFO:trainer_layer:1.0685920715332031
INFO:trainer_layer:0.9694099426269531
INFO:trainer_layer:1.1906623840332031
INFO:trainer_layer:1.1601448059082031
INFO:trainer_layer:1.1820793151855469
INFO:trainer_layer:1.562356948852539
INFO:trainer_layer:1.0068416595458984
INFO:trainer_layer:1.0280609130859375
INFO:trainer_layer:0.8819103240966797
INFO:trainer_layer:1.1768341064453125
INFO:trainer_layer:2.1576881408691406
INFO:trainer_layer:1.8076896667480469
INFO:trainer_layer:1.451253890991211
INFO:trainer_layer:1.100778579711914
INFO:trainer_layer:0.9310245513916016
INFO:trainer_layer:0.8988380432128906
INFO:trainer_layer:1.4541149139404297
INFO:trainer_layer:1.0285377502441406
INFO:trainer_layer:1.294851303100586
INFO:trainer_layer:1.125335693359375
INFO:trainer_layer:1.077890396118164
INFO:trainer_layer:1.0828971862792969
INFO:trainer_layer:1.7902851104736328
INFO:trainer_layer:1.7008781433105469
INFO:trainer_layer:1.1105537414550781
INFO:trainer_layer:0.9319782257080078
INFO:trainer_layer:0.8618831634521484
INFO:trainer_layer:1.2009143829345703
INFO:trainer_layer:1.0466575622558594
INFO:trainer_layer:1.0557174682617188
INFO:trainer_layer:1.2142658233642578
INFO:trainer_layer:1.3523101806640625
INFO:trainer_layer:0.9465217590332031
INFO:trainer_layer:1.1675357818603516
INFO:trainer_layer:1.0912418365478516
INFO:trainer_layer:1.0733604431152344
INFO:trainer_layer:1.1796951293945312
INFO:trainer_layer:1.255035400390625
INFO:trainer_layer:0.8776187896728516
INFO:trainer_layer:0.9381771087646484
INFO:trainer_layer:1.22833251953125
INFO:trainer_layer:0.9646415710449219
INFO:trainer_layer:1.112222671508789
INFO:trainer_layer:1.9822120666503906
INFO:trainer_layer:1.5311241149902344
INFO:trainer_layer:1.1963844299316406
INFO:trainer_layer:1.1279582977294922
INFO:trainer_layer:0.9939670562744141
INFO:trainer_layer:0.8814334869384766
INFO:trainer_layer:1.1525154113769531
INFO:trainer_layer:0.8814334869384766
INFO:trainer_layer:0.9641647338867188
INFO:trainer_layer:0.9200572967529297
INFO:trainer_layer:1.1370182037353516
INFO:trainer_layer:0.9214878082275391
INFO:trainer_layer:1.1878013610839844
INFO:trainer_layer:0.965118408203125
INFO:trainer_layer:1.4204978942871094
INFO:trainer_layer:0.8854866027832031
INFO:trainer_layer:0.9224414825439453
INFO:trainer_layer:0.9512901306152344
INFO:trainer_layer:0.9217262268066406
INFO:trainer_layer:0.8969306945800781
INFO:trainer_layer:0.904083251953125
INFO:trainer_layer:0.8654594421386719
INFO:trainer_layer:1.0900497436523438
INFO:trainer_layer:0.8859634399414062
INFO:trainer_layer:0.9205341339111328
INFO:trainer_layer:0.9644031524658203
INFO:trainer_layer:0.9853839874267578
INFO:trainer_layer:1.0137557983398438
INFO:trainer_layer:0.9365081787109375
INFO:trainer_layer:0.9241104125976562
INFO:trainer_layer:1.2209415435791016
INFO:trainer_layer:0.9593963623046875
INFO:trainer_layer:0.9849071502685547
INFO:trainer_layer:0.9067058563232422
INFO:trainer_layer:0.9708404541015625
INFO:trainer_layer:0.904083251953125
INFO:trainer_layer:1.0106563568115234
INFO:trainer_layer:0.9996891021728516
INFO:trainer_layer:1.333475112915039
INFO:trainer_layer:1.0132789611816406
INFO:trainer_layer:1.6090869903564453
INFO:trainer_layer:1.4891624450683594
INFO:trainer_layer:1.1725425720214844
INFO:trainer_layer:1.4834403991699219
INFO:trainer_layer:1.0585784912109375
INFO:trainer_layer:1.3275146484375
INFO:trainer_layer:1.2080669403076172
INFO:trainer_layer:1.2476444244384766
INFO:trainer_layer:1.2247562408447266
INFO:trainer_layer:1.058816909790039
INFO:trainer_layer:1.0569095611572266
INFO:trainer_layer:1.5475749969482422
INFO:trainer_layer:0.9937286376953125
INFO:trainer_layer:0.9064674377441406
INFO:trainer_layer:1.2269020080566406
INFO:trainer_layer:0.9076595306396484
INFO:trainer_layer:1.0650157928466797
INFO:trainer_layer:1.1644363403320312
INFO:trainer_layer:0.8842945098876953
INFO:trainer_layer:0.9772777557373047
INFO:trainer_layer:1.1322498321533203
INFO:trainer_layer:1.1398792266845703
INFO:trainer_layer:1.1699199676513672
INFO:trainer_layer:1.5301704406738281
INFO:trainer_layer:1.7588138580322266
INFO:trainer_layer:1.1599063873291016
INFO:trainer_layer:0.9772777557373047
INFO:trainer_layer:0.8921623229980469
INFO:trainer_layer:1.2085437774658203
INFO:trainer_layer:0.8776187896728516
INFO:trainer_layer:1.6608238220214844
INFO:trainer_layer:1.0917186737060547
INFO:trainer_layer:1.117706298828125
INFO:trainer_layer:1.0464191436767578
INFO:trainer_layer:1.0323524475097656
INFO:trainer_layer:1.0313987731933594
INFO:trainer_layer:1.01470947265625
INFO:trainer_layer:1.1036396026611328
INFO:trainer_layer:1.1243820190429688
INFO:trainer_layer:1.6283988952636719
INFO:trainer_layer:1.2519359588623047
INFO:trainer_layer:1.2784004211425781
INFO:trainer_layer:1.2192726135253906
INFO:trainer_layer:1.4865398406982422
INFO:trainer_layer:1.0523796081542969
INFO:trainer_layer:0.9832382202148438
INFO:trainer_layer:1.0485649108886719
INFO:trainer_layer:1.1775493621826172
INFO:trainer_layer:1.1341571807861328
INFO:trainer_layer:1.1241436004638672
INFO:trainer_layer:1.2888908386230469
INFO:trainer_layer:0.9112358093261719
INFO:trainer_layer:0.9799003601074219
INFO:trainer_layer:1.3370513916015625
INFO:trainer_layer:1.0759830474853516
INFO:trainer_layer:1.0876655578613281
INFO:trainer_layer:1.2137889862060547
INFO:trainer_layer:1.3501644134521484
INFO:trainer_layer:1.3768672943115234
INFO:trainer_layer:1.3244152069091797
INFO:trainer_layer:1.1425018310546875
INFO:trainer_layer:0.9162425994873047
INFO:trainer_layer:1.3239383697509766
INFO:trainer_layer:1.1448860168457031
INFO:trainer_layer:1.199483871459961
INFO:trainer_layer:1.0814666748046875
INFO:trainer_layer:1.089334487915039
INFO:trainer_layer:1.0235309600830078
INFO:trainer_layer:1.0936260223388672
INFO:trainer_layer:1.0192394256591797
INFO:trainer_layer:1.0402202606201172
INFO:trainer_layer:1.2018680572509766
INFO:trainer_layer:1.0669231414794922
INFO:trainer_layer:1.1229515075683594
INFO:trainer_layer:1.1382102966308594
INFO:trainer_layer:1.0001659393310547
INFO:trainer_layer:1.096487045288086
INFO:trainer_layer:1.1854171752929688
INFO:trainer_layer:1.3840198516845703
INFO:trainer_layer:1.0380744934082031
INFO:trainer_layer:1.065969467163086
INFO:trainer_layer:0.9043216705322266
INFO:trainer_layer:1.0657310485839844
INFO:trainer_layer:0.9589195251464844
INFO:trainer_layer:1.2619495391845703
INFO:trainer_layer:1.0957717895507812
INFO:trainer_layer:1.01470947265625
INFO:trainer_layer:0.9791851043701172
INFO:trainer_layer:1.0085105895996094
INFO:trainer_layer:1.0254383087158203
INFO:trainer_layer:1.0986328125
INFO:trainer_layer:1.4379024505615234
INFO:trainer_layer:1.2753009796142578
INFO:trainer_layer:0.9603500366210938
INFO:trainer_layer:1.0082721710205078
INFO:trainer_layer:0.9989738464355469
INFO:trainer_layer:1.0726451873779297
INFO:trainer_layer:0.9403228759765625
INFO:trainer_layer:1.4865398406982422
INFO:trainer_layer:1.2602806091308594
INFO:trainer_layer:0.9200572967529297
INFO:trainer_layer:0.9629726409912109
INFO:trainer_layer:1.0449886322021484
INFO:trainer_layer:1.0831356048583984
INFO:trainer_layer:1.0704994201660156
INFO:trainer_layer:1.3654232025146484
INFO:trainer_layer:0.9899139404296875
INFO:trainer_layer:1.171112060546875
INFO:trainer_layer:1.043081283569336
INFO:trainer_layer:1.0120868682861328
INFO:trainer_layer:1.1453628540039062
INFO:trainer_layer:1.5630722045898438
INFO:trainer_layer:1.4023780822753906
INFO:trainer_layer:1.489400863647461
INFO:trainer_layer:1.6884803771972656
INFO:trainer_layer:1.2764930725097656
INFO:trainer_layer:1.5251636505126953
INFO:trainer_layer:1.3604164123535156
INFO:trainer_layer:0.8652210235595703
INFO:trainer_layer:0.9074211120605469
INFO:trainer_layer:0.9527206420898438
INFO:trainer_layer:1.2450218200683594
INFO:trainer_layer:1.7879009246826172
INFO:trainer_layer:2.209186553955078
INFO:trainer_layer:0.9834766387939453
INFO:trainer_layer:0.9226799011230469
INFO:trainer_layer:1.04522705078125
INFO:trainer_layer:0.91552734375
INFO:trainer_layer:1.0833740234375
INFO:trainer_layer:1.0251998901367188
INFO:trainer_layer:1.3844966888427734
INFO:trainer_layer:1.3859272003173828
INFO:trainer_layer:1.0876655578613281
INFO:trainer_layer:0.896453857421875
INFO:trainer_layer:1.1429786682128906
INFO:trainer_layer:0.9043216705322266
INFO:trainer_layer:1.0929107666015625
INFO:trainer_layer:1.4736652374267578
INFO:trainer_layer:1.2621879577636719
INFO:trainer_layer:1.0478496551513672
INFO:trainer_layer:1.1823177337646484
INFO:trainer_layer:0.9987354278564453
INFO:trainer_layer:1.1150836944580078
INFO:trainer_layer:1.7800331115722656
INFO:trainer_layer:1.2526512145996094
INFO:trainer_layer:1.0721683502197266
INFO:trainer_layer:0.9801387786865234
INFO:trainer_layer:0.9915828704833984
INFO:trainer_layer:0.9899139404296875
INFO:trainer_layer:1.0395050048828125
INFO:trainer_layer:1.398324966430664
INFO:trainer_layer:1.3325214385986328
INFO:trainer_layer:0.8783340454101562
INFO:trainer_layer:1.039266586303711
INFO:trainer_layer:0.8833408355712891
INFO:trainer_layer:1.1706352233886719
INFO:trainer_layer:0.9236335754394531
INFO:trainer_layer:1.0826587677001953
INFO:trainer_layer:1.3041496276855469
INFO:trainer_layer:1.31988525390625
INFO:trainer_layer:0.9033679962158203
INFO:trainer_layer:1.138925552368164
INFO:trainer_layer:1.0170936584472656
INFO:trainer_layer:0.9763240814208984
INFO:trainer_layer:1.03759765625
INFO:trainer_layer:1.0712146759033203
INFO:trainer_layer:1.1153221130371094
INFO:trainer_layer:0.8668899536132812
INFO:trainer_layer:0.9634494781494141
INFO:trainer_layer:0.911712646484375
INFO:trainer_layer:1.1777877807617188
INFO:trainer_layer:0.9963512420654297
INFO:trainer_layer:1.1527538299560547
INFO:trainer_layer:1.4510154724121094
INFO:trainer_layer:1.4591217041015625
INFO:trainer_layer:1.1620521545410156
INFO:trainer_layer:1.1897087097167969
INFO:trainer_layer:1.1534690856933594
INFO:trainer_layer:1.0356903076171875
INFO:trainer_layer:1.230001449584961
INFO:trainer_layer:0.8831024169921875
INFO:trainer_layer:1.0266304016113281
INFO:trainer_layer:1.0306835174560547
INFO:trainer_layer:1.104116439819336
INFO:trainer_layer:1.0156631469726562
INFO:trainer_layer:0.9217262268066406
INFO:trainer_layer:1.2907981872558594
INFO:trainer_layer:1.4753341674804688
INFO:trainer_layer:1.0662078857421875
INFO:trainer_layer:1.035928726196289
INFO:trainer_layer:1.1248588562011719
INFO:trainer_layer:1.018524169921875
INFO:trainer_layer:1.1017322540283203
INFO:trainer_layer:1.1906623840332031
INFO:trainer_layer:1.1742115020751953
INFO:trainer_layer:1.0008811950683594
INFO:trainer_layer:1.0027885437011719
INFO:trainer_layer:1.1603832244873047
INFO:trainer_layer:1.1401176452636719
INFO:trainer_layer:1.0983943939208984
INFO:trainer_layer:1.3244152069091797
INFO:trainer_layer:1.0368824005126953
INFO:trainer_layer:1.3878345489501953
INFO:trainer_layer:0.9217262268066406
INFO:trainer_layer:1.0867118835449219
INFO:trainer_layer:1.0118484497070312
INFO:trainer_layer:1.0364055633544922
INFO:trainer_layer:1.1892318725585938
INFO:trainer_layer:1.2671947479248047
INFO:trainer_layer:1.4617443084716797
INFO:trainer_layer:1.0514259338378906
INFO:trainer_layer:1.1248588562011719
INFO:trainer_layer:1.0845661163330078
INFO:trainer_layer:1.1878013610839844
INFO:trainer_layer:1.2862682342529297
INFO:trainer_layer:1.2388229370117188
INFO:trainer_layer:0.9541511535644531
INFO:trainer_layer:1.2140274047851562
INFO:trainer_layer:0.9846687316894531
INFO:trainer_layer:1.0800361633300781
INFO:trainer_layer:1.224517822265625
INFO:trainer_layer:1.2507438659667969
INFO:trainer_layer:1.3720989227294922
INFO:trainer_layer:1.129150390625
INFO:trainer_layer:1.2874603271484375
INFO:trainer_layer:1.0821819305419922
INFO:trainer_layer:1.2793540954589844
INFO:trainer_layer:1.1391639709472656
INFO:trainer_layer:1.5990734100341797
INFO:trainer_layer:0.9791851043701172
INFO:trainer_layer:0.9703636169433594
INFO:trainer_layer:1.5909671783447266
INFO:trainer_layer:1.0690689086914062
INFO:trainer_layer:1.2485980987548828
INFO:trainer_layer:1.4183521270751953
INFO:trainer_layer:1.2500286102294922
INFO:trainer_layer:1.3751983642578125
INFO:trainer_layer:1.310586929321289
INFO:trainer_layer:1.2814998626708984
INFO:trainer_layer:1.6331672668457031
INFO:trainer_layer:1.2969970703125
INFO:trainer_layer:1.0845661163330078
INFO:trainer_layer:1.0530948638916016
INFO:trainer_layer:1.1398792266845703
INFO:trainer_layer:1.1191368103027344
INFO:trainer_layer:1.0483264923095703
INFO:trainer_layer:1.3079643249511719
INFO:trainer_layer:1.3608932495117188
INFO:trainer_layer:1.2102127075195312
INFO:trainer_layer:1.2056827545166016
INFO:trainer_layer:1.2857913970947266
INFO:trainer_layer:1.2629032135009766
INFO:trainer_layer:1.3375282287597656
INFO:trainer_layer:0.9033679962158203
INFO:trainer_layer:1.1920928955078125
INFO:trainer_layer:0.949859619140625
INFO:trainer_layer:1.0387897491455078
INFO:trainer_layer:1.0838508605957031
INFO:trainer_layer:1.0030269622802734
INFO:trainer_layer:1.2025833129882812
INFO:trainer_layer:1.4963150024414062
INFO:trainer_layer:1.2211799621582031
INFO:trainer_layer:0.9920597076416016
INFO:trainer_layer:1.3058185577392578
INFO:trainer_layer:1.0716915130615234
INFO:trainer_layer:2.004384994506836
INFO:trainer_layer:1.573324203491211
INFO:trainer_layer:1.8603801727294922
INFO:trainer_layer:1.2140274047851562
INFO:trainer_layer:0.9644031524658203
INFO:trainer_layer:0.9002685546875
INFO:trainer_layer:1.478433609008789
INFO:trainer_layer:1.934051513671875
INFO:trainer_layer:1.0807514190673828
INFO:trainer_layer:0.9610652923583984
INFO:trainer_layer:1.2249946594238281
INFO:trainer_layer:1.3163089752197266
INFO:trainer_layer:1.0945796966552734
INFO:trainer_layer:1.4967918395996094
INFO:trainer_layer:0.9326934814453125
INFO:trainer_layer:0.9920597076416016
INFO:trainer_layer:1.0433197021484375
INFO:trainer_layer:1.043558120727539
INFO:trainer_layer:1.1091232299804688
INFO:trainer_layer:1.5287399291992188
INFO:trainer_layer:1.6613006591796875
INFO:trainer_layer:1.0075569152832031
INFO:trainer_layer:0.9586811065673828
INFO:trainer_layer:1.0669231414794922
INFO:trainer_layer:1.0128021240234375
INFO:trainer_layer:1.445770263671875
INFO:trainer_layer:0.9222030639648438
INFO:trainer_layer:0.9262561798095703
INFO:trainer_layer:1.0828971862792969
INFO:trainer_layer:1.0371208190917969
INFO:trainer_layer:0.9474754333496094
INFO:trainer_layer:1.0254383087158203
INFO:trainer_layer:1.041412353515625
INFO:trainer_layer:1.4176368713378906
INFO:trainer_layer:1.1844635009765625
INFO:trainer_layer:1.1005401611328125
INFO:trainer_layer:1.3356208801269531
INFO:trainer_layer:1.2400150299072266
INFO:trainer_layer:1.079559326171875
INFO:trainer_layer:1.1417865753173828
INFO:trainer_layer:1.3408660888671875
INFO:trainer_layer:1.340627670288086
INFO:trainer_layer:1.1985301971435547
INFO:trainer_layer:1.1827945709228516
INFO:trainer_layer:1.3399124145507812
INFO:trainer_layer:1.3163089752197266
INFO:trainer_layer:1.1293888092041016
INFO:trainer_layer:1.194000244140625
INFO:trainer_layer:1.0042190551757812
INFO:trainer_layer:1.1992454528808594
INFO:trainer_layer:1.0237693786621094
INFO:trainer_layer:1.0635852813720703
INFO:trainer_layer:1.4758110046386719
INFO:trainer_layer:1.1169910430908203
INFO:trainer_layer:1.8172264099121094
INFO:trainer_layer:1.0335445404052734
INFO:trainer_layer:0.9448528289794922
INFO:trainer_layer:1.5528202056884766
INFO:trainer_layer:1.112222671508789
INFO:trainer_layer:0.9109973907470703
INFO:trainer_layer:0.9019374847412109
INFO:trainer_layer:1.0437965393066406
INFO:trainer_layer:0.9002685546875
INFO:trainer_layer:0.9884834289550781
INFO:trainer_layer:0.8594989776611328
INFO:trainer_layer:1.4650821685791016
INFO:trainer_layer:1.0013580322265625
INFO:trainer_layer:1.1870861053466797
INFO:trainer_layer:0.8885860443115234
INFO:trainer_layer:1.0225772857666016
INFO:trainer_layer:0.8842945098876953
INFO:trainer_layer:1.0423660278320312
INFO:trainer_layer:0.8542537689208984
INFO:trainer_layer:1.580953598022461
INFO:trainer_layer:1.1053085327148438
INFO:trainer_layer:1.199960708618164
INFO:trainer_layer:0.9186267852783203
INFO:trainer_layer:1.0044574737548828
INFO:trainer_layer:0.9095668792724609
INFO:trainer_layer:1.0094642639160156
INFO:trainer_layer:0.9436607360839844
INFO:trainer_layer:1.3728141784667969
INFO:trainer_layer:1.1749267578125
INFO:trainer_layer:0.9748935699462891
INFO:trainer_layer:0.9403228759765625
INFO:trainer_layer:1.3327598571777344
INFO:trainer_layer:1.2209415435791016
INFO:trainer_layer:1.239776611328125
INFO:trainer_layer:1.373291015625
INFO:trainer_layer:1.222372055053711
INFO:trainer_layer:1.07574462890625
INFO:trainer_layer:1.2025833129882812
INFO:trainer_layer:1.0907649993896484
INFO:trainer_layer:0.9813308715820312
INFO:trainer_layer:1.056671142578125
INFO:trainer_layer:0.8962154388427734
INFO:trainer_layer:1.3589859008789062
INFO:trainer_layer:0.8611679077148438
INFO:trainer_layer:1.035451889038086
INFO:trainer_layer:0.8881092071533203
INFO:trainer_layer:1.0764598846435547
INFO:trainer_layer:0.9307861328125
INFO:trainer_layer:1.2140274047851562
INFO:trainer_layer:1.1017322540283203
INFO:trainer_layer:1.4142990112304688
INFO:trainer_layer:0.8444786071777344
INFO:trainer_layer:0.9713172912597656
INFO:trainer_layer:0.9427070617675781
INFO:trainer_layer:0.9751319885253906
INFO:trainer_layer:0.8757114410400391
INFO:trainer_layer:0.9932518005371094
INFO:trainer_layer:0.8912086486816406
INFO:trainer_layer:1.3933181762695312
INFO:trainer_layer:0.8587837219238281
INFO:trainer_layer:0.9846687316894531
INFO:trainer_layer:0.8552074432373047
INFO:trainer_layer:0.9791851043701172
INFO:trainer_layer:0.8611679077148438
INFO:trainer_layer:0.9627342224121094
INFO:trainer_layer:1.0385513305664062
INFO:trainer_layer:1.2865066528320312
INFO:trainer_layer:0.9367465972900391
INFO:trainer_layer:0.9143352508544922
INFO:trainer_layer:0.8585453033447266
INFO:trainer_layer:0.9903907775878906
INFO:trainer_layer:1.192331314086914
INFO:trainer_layer:1.1737346649169922
INFO:trainer_layer:1.3301372528076172
INFO:trainer_layer:1.2257099151611328
INFO:trainer_layer:1.0352134704589844
INFO:trainer_layer:0.9102821350097656
INFO:trainer_layer:0.8828639984130859
INFO:trainer_layer:0.8516311645507812
INFO:trainer_layer:0.9164810180664062
INFO:trainer_layer:1.3594627380371094
INFO:trainer_layer:1.0991096496582031
INFO:trainer_layer:0.9710788726806641
INFO:trainer_layer:0.8573532104492188
INFO:trainer_layer:0.9462833404541016
INFO:trainer_layer:0.8997917175292969
INFO:trainer_layer:0.9610652923583984
INFO:trainer_layer:0.8611679077148438
INFO:trainer_layer:1.2674331665039062
INFO:trainer_layer:1.2199878692626953
INFO:trainer_layer:1.1353492736816406
INFO:trainer_layer:0.9398460388183594
INFO:trainer_layer:0.9262561798095703
INFO:trainer_layer:0.8859634399414062
INFO:trainer_layer:0.9357929229736328
INFO:trainer_layer:1.1010169982910156
INFO:trainer_layer:1.4348030090332031
INFO:trainer_layer:0.9529590606689453
INFO:trainer_layer:1.1229515075683594
INFO:trainer_layer:1.0275840759277344
INFO:trainer_layer:0.8895397186279297
INFO:trainer_layer:1.0304450988769531
INFO:trainer_layer:0.8974075317382812
INFO:trainer_layer:1.047372817993164
INFO:trainer_layer:1.0960102081298828
INFO:trainer_layer:1.0387897491455078
INFO:trainer_layer:1.0304450988769531
INFO:trainer_layer:1.010894775390625
INFO:trainer_layer:0.9167194366455078
INFO:trainer_layer:1.0335445404052734
INFO:trainer_layer:0.9365081787109375
INFO:trainer_layer:0.9894371032714844
INFO:trainer_layer:1.2388229370117188
INFO:trainer_layer:1.1980533599853516
INFO:trainer_layer:1.1987686157226562
INFO:trainer_layer:1.016855239868164
INFO:trainer_layer:1.115560531616211
INFO:trainer_layer:0.9961128234863281
INFO:trainer_layer:0.9176731109619141
INFO:trainer_layer:0.8718967437744141
INFO:trainer_layer:1.2590885162353516
INFO:trainer_layer:1.4476776123046875
INFO:trainer_layer:1.0027885437011719
INFO:trainer_layer:1.0142326354980469
INFO:trainer_layer:1.0459423065185547
INFO:trainer_layer:1.018524169921875
INFO:trainer_layer:0.9834766387939453
INFO:trainer_layer:1.2173652648925781
INFO:trainer_layer:1.2969970703125
INFO:trainer_layer:0.9813308715820312
INFO:trainer_layer:0.911712646484375
INFO:trainer_layer:1.012563705444336
INFO:trainer_layer:0.9598731994628906
INFO:trainer_layer:1.10626220703125
INFO:trainer_layer:0.9660720825195312
INFO:trainer_layer:1.0373592376708984
INFO:trainer_layer:1.3566017150878906
INFO:trainer_layer:1.2578964233398438
INFO:trainer_layer:1.2443065643310547
INFO:trainer_layer:1.2385845184326172
INFO:trainer_layer:1.1518001556396484
INFO:trainer_layer:0.8938312530517578
INFO:trainer_layer:1.2507438659667969
INFO:trainer_layer:1.0828971862792969
INFO:trainer_layer:1.0368824005126953
INFO:trainer_layer:1.1684894561767578
INFO:trainer_layer:1.184701919555664
INFO:trainer_layer:1.148223876953125
INFO:trainer_layer:1.1112689971923828
INFO:trainer_layer:1.4040470123291016
INFO:trainer_layer:0.9243488311767578
INFO:trainer_layer:0.8821487426757812
INFO:trainer_layer:0.9076595306396484
INFO:trainer_layer:0.9398460388183594
INFO:trainer_layer:0.8940696716308594
INFO:trainer_layer:0.8525848388671875
INFO:trainer_layer:0.8780956268310547
INFO:trainer_layer:1.31988525390625
INFO:trainer_layer:1.5606880187988281
INFO:trainer_layer:2.0782947540283203
INFO:trainer_layer:1.4917850494384766
INFO:trainer_layer:1.566171646118164
INFO:trainer_layer:1.2292861938476562
INFO:trainer_layer:1.7399787902832031
INFO:trainer_layer:0.8876323699951172
INFO:trainer_layer:1.1162757873535156
INFO:trainer_layer:0.96893310546875
INFO:trainer_layer:1.6100406646728516
INFO:trainer_layer:2.1708011627197266
INFO:trainer_layer:1.1060237884521484
INFO:trainer_layer:1.0154247283935547
INFO:trainer_layer:0.9446144104003906
INFO:trainer_layer:0.9019374847412109
INFO:trainer_layer:0.8826255798339844
INFO:trainer_layer:0.9055137634277344
INFO:trainer_layer:0.9472370147705078
INFO:trainer_layer:1.0638236999511719
INFO:trainer_layer:1.1260509490966797
INFO:trainer_layer:0.9567737579345703
INFO:trainer_layer:0.9243488311767578
INFO:trainer_layer:1.0230541229248047
INFO:trainer_layer:1.5025138854980469
INFO:trainer_layer:1.8031597137451172
INFO:trainer_layer:1.9183158874511719
INFO:trainer_layer:1.039266586303711
INFO:trainer_layer:1.0318756103515625
INFO:trainer_layer:0.9160041809082031
INFO:trainer_layer:1.1434555053710938
INFO:trainer_layer:0.8609294891357422
INFO:trainer_layer:1.0094642639160156
INFO:trainer_layer:1.0747909545898438
INFO:trainer_layer:1.1179447174072266
INFO:trainer_layer:0.9632110595703125
INFO:trainer_layer:0.9992122650146484
INFO:trainer_layer:0.9407997131347656
INFO:trainer_layer:1.003265380859375
INFO:trainer_layer:1.2066364288330078
INFO:trainer_layer:1.0063648223876953
INFO:trainer_layer:1.3344287872314453
INFO:trainer_layer:1.1837482452392578
INFO:trainer_layer:0.9670257568359375
INFO:trainer_layer:0.9515285491943359
INFO:trainer_layer:0.9608268737792969
INFO:trainer_layer:1.0731220245361328
INFO:trainer_layer:0.9472370147705078
INFO:trainer_layer:2.364635467529297
INFO:trainer_layer:1.5916824340820312
INFO:trainer_layer:2.0439624786376953
INFO:trainer_layer:1.2481212615966797
INFO:trainer_layer:1.6813278198242188
INFO:trainer_layer:1.4171600341796875
INFO:trainer_layer:1.2316703796386719
INFO:trainer_layer:0.9908676147460938
INFO:trainer_layer:0.9908676147460938
INFO:trainer_layer:1.0750293731689453
INFO:trainer_layer:1.0631084442138672
INFO:trainer_layer:1.0693073272705078
INFO:trainer_layer:1.3072490692138672
INFO:trainer_layer:1.2738704681396484
INFO:trainer_layer:0.9827613830566406
INFO:trainer_layer:1.0199546813964844
INFO:trainer_layer:1.1410713195800781
INFO:trainer_layer:0.9407997131347656
INFO:trainer_layer:1.2760162353515625
INFO:trainer_layer:1.3012886047363281
INFO:trainer_layer:1.1234283447265625
INFO:trainer_layer:1.3723373413085938
INFO:trainer_layer:1.374959945678711
INFO:trainer_layer:1.093149185180664
INFO:trainer_layer:1.1610984802246094
INFO:trainer_layer:1.378774642944336
INFO:trainer_layer:1.3241767883300781
INFO:trainer_layer:0.9272098541259766
INFO:trainer_layer:1.191854476928711
INFO:trainer_layer:1.0013580322265625
INFO:trainer_layer:1.3773441314697266
INFO:trainer_layer:1.0879039764404297
INFO:trainer_layer:1.5151500701904297
INFO:trainer_layer:1.0099411010742188
INFO:trainer_layer:1.0530948638916016
INFO:trainer_layer:1.0979175567626953
INFO:trainer_layer:1.081705093383789
