INFO:trainer_layer_forward:CNNEx | mnist
INFO:trainer_layer_forward:in_size : 32 | epochs : 1 | batch : 1
INFO:trainer_layer_forward:kernel_l1 : 17 | 
INFO:trainer_layer_forward:o_channels_l1 : 20 | 
INFO:trainer_layer_forward:learn_num_train : 1000 | learn_num_validate : 0 
INFO:trainer_layer_forward::::::::::::::::::::::::::::::::::::::::::::::::::::::::::::
INFO:trainer_layer_forward:message : cnn_conv3 
INFO:trainer_layer_forward::::::::::::::::::::::::::::::::::::::::::::::::::::::::::::
INFO:trainer_layer_forward:Ave_Time : 0.22159128478079132
INFO:trainer_layer_forward::::::::::::::::::::::::::::::::::::::::::::::::::::::::::::
INFO:trainer_layer_forward:0.22721290588378906
INFO:trainer_layer_forward:0.20503997802734375
INFO:trainer_layer_forward:0.23245811462402344
INFO:trainer_layer_forward:0.1995563507080078
INFO:trainer_layer_forward:0.1850128173828125
INFO:trainer_layer_forward:0.20551681518554688
INFO:trainer_layer_forward:0.1952648162841797
INFO:trainer_layer_forward:0.2148151397705078
INFO:trainer_layer_forward:0.18596649169921875
INFO:trainer_layer_forward:0.1823902130126953
INFO:trainer_layer_forward:0.25463104248046875
INFO:trainer_layer_forward:0.22077560424804688
INFO:trainer_layer_forward:0.2307891845703125
INFO:trainer_layer_forward:0.2148151397705078
INFO:trainer_layer_forward:0.21719932556152344
INFO:trainer_layer_forward:0.3180503845214844
INFO:trainer_layer_forward:0.2510547637939453
INFO:trainer_layer_forward:0.23865699768066406
INFO:trainer_layer_forward:1.0957717895507812
INFO:trainer_layer_forward:0.27108192443847656
INFO:trainer_layer_forward:0.26726722717285156
INFO:trainer_layer_forward:0.2200603485107422
INFO:trainer_layer_forward:0.21076202392578125
INFO:trainer_layer_forward:0.1652240753173828
INFO:trainer_layer_forward:0.28395652770996094
INFO:trainer_layer_forward:0.2918243408203125
INFO:trainer_layer_forward:0.3006458282470703
INFO:trainer_layer_forward:0.1804828643798828
INFO:trainer_layer_forward:0.1666545867919922
INFO:trainer_layer_forward:0.17142295837402344
INFO:trainer_layer_forward:0.1678466796875
INFO:trainer_layer_forward:0.17452239990234375
INFO:trainer_layer_forward:0.15974044799804688
INFO:trainer_layer_forward:0.1747608184814453
INFO:trainer_layer_forward:0.16641616821289062
INFO:trainer_layer_forward:0.20265579223632812
INFO:trainer_layer_forward:0.18835067749023438
INFO:trainer_layer_forward:0.27108192443847656
INFO:trainer_layer_forward:0.2148151397705078
INFO:trainer_layer_forward:0.2124309539794922
INFO:trainer_layer_forward:0.17070770263671875
INFO:trainer_layer_forward:0.3361701965332031
INFO:trainer_layer_forward:0.43392181396484375
INFO:trainer_layer_forward:0.2117156982421875
INFO:trainer_layer_forward:0.18405914306640625
INFO:trainer_layer_forward:0.17881393432617188
INFO:trainer_layer_forward:0.20122528076171875
INFO:trainer_layer_forward:0.1697540283203125
INFO:trainer_layer_forward:0.15735626220703125
INFO:trainer_layer_forward:0.15807151794433594
INFO:trainer_layer_forward:0.1518726348876953
INFO:trainer_layer_forward:0.15783309936523438
INFO:trainer_layer_forward:0.41604042053222656
INFO:trainer_layer_forward:0.5052089691162109
INFO:trainer_layer_forward:0.2276897430419922
INFO:trainer_layer_forward:0.18858909606933594
INFO:trainer_layer_forward:0.2200603485107422
INFO:trainer_layer_forward:0.18024444580078125
INFO:trainer_layer_forward:0.1614093780517578
INFO:trainer_layer_forward:0.15544891357421875
INFO:trainer_layer_forward:0.15115737915039062
INFO:trainer_layer_forward:0.20933151245117188
INFO:trainer_layer_forward:0.18930435180664062
INFO:trainer_layer_forward:0.5459785461425781
INFO:trainer_layer_forward:0.18739700317382812
INFO:trainer_layer_forward:0.1919269561767578
INFO:trainer_layer_forward:0.2486705780029297
INFO:trainer_layer_forward:0.21982192993164062
INFO:trainer_layer_forward:0.22339820861816406
INFO:trainer_layer_forward:0.22172927856445312
INFO:trainer_layer_forward:0.24557113647460938
INFO:trainer_layer_forward:0.24008750915527344
INFO:trainer_layer_forward:0.27680397033691406
INFO:trainer_layer_forward:0.17333030700683594
INFO:trainer_layer_forward:0.1773834228515625
INFO:trainer_layer_forward:0.2613067626953125
INFO:trainer_layer_forward:0.2658367156982422
INFO:trainer_layer_forward:0.4525184631347656
INFO:trainer_layer_forward:0.33974647521972656
INFO:trainer_layer_forward:0.4138946533203125
INFO:trainer_layer_forward:0.16808509826660156
INFO:trainer_layer_forward:0.3216266632080078
INFO:trainer_layer_forward:0.5283355712890625
INFO:trainer_layer_forward:0.21338462829589844
INFO:trainer_layer_forward:0.20074844360351562
INFO:trainer_layer_forward:0.19931793212890625
INFO:trainer_layer_forward:0.19311904907226562
INFO:trainer_layer_forward:0.19788742065429688
INFO:trainer_layer_forward:0.28061866760253906
INFO:trainer_layer_forward:0.232696533203125
INFO:trainer_layer_forward:0.15234947204589844
INFO:trainer_layer_forward:0.20956993103027344
INFO:trainer_layer_forward:0.2357959747314453
INFO:trainer_layer_forward:0.21147727966308594
INFO:trainer_layer_forward:0.2357959747314453
INFO:trainer_layer_forward:0.22602081298828125
INFO:trainer_layer_forward:0.21505355834960938
INFO:trainer_layer_forward:0.18334388732910156
INFO:trainer_layer_forward:0.5247592926025391
INFO:trainer_layer_forward:0.5354881286621094
INFO:trainer_layer_forward:0.23508071899414062
INFO:trainer_layer_forward:0.2410411834716797
INFO:trainer_layer_forward:0.24056434631347656
INFO:trainer_layer_forward:0.22292137145996094
INFO:trainer_layer_forward:0.2219676971435547
INFO:trainer_layer_forward:0.48995018005371094
INFO:trainer_layer_forward:0.44846534729003906
INFO:trainer_layer_forward:0.5576610565185547
INFO:trainer_layer_forward:0.18525123596191406
INFO:trainer_layer_forward:0.15687942504882812
INFO:trainer_layer_forward:0.14495849609375
INFO:trainer_layer_forward:0.28133392333984375
INFO:trainer_layer_forward:0.32448768615722656
INFO:trainer_layer_forward:0.23365020751953125
INFO:trainer_layer_forward:0.308990478515625
INFO:trainer_layer_forward:0.2663135528564453
INFO:trainer_layer_forward:0.17261505126953125
INFO:trainer_layer_forward:0.1971721649169922
INFO:trainer_layer_forward:0.213623046875
INFO:trainer_layer_forward:0.16880035400390625
INFO:trainer_layer_forward:0.17905235290527344
INFO:trainer_layer_forward:0.1742839813232422
INFO:trainer_layer_forward:0.18835067749023438
INFO:trainer_layer_forward:0.16546249389648438
INFO:trainer_layer_forward:0.17213821411132812
INFO:trainer_layer_forward:0.16832351684570312
INFO:trainer_layer_forward:0.15807151794433594
INFO:trainer_layer_forward:0.16570091247558594
INFO:trainer_layer_forward:0.1838207244873047
INFO:trainer_layer_forward:0.2231597900390625
INFO:trainer_layer_forward:0.45037269592285156
INFO:trainer_layer_forward:0.23031234741210938
INFO:trainer_layer_forward:0.15020370483398438
INFO:trainer_layer_forward:0.15997886657714844
INFO:trainer_layer_forward:0.1933574676513672
INFO:trainer_layer_forward:0.22745132446289062
INFO:trainer_layer_forward:0.3914833068847656
INFO:trainer_layer_forward:0.23174285888671875
INFO:trainer_layer_forward:0.3426074981689453
INFO:trainer_layer_forward:0.4723072052001953
INFO:trainer_layer_forward:0.23555755615234375
INFO:trainer_layer_forward:0.24962425231933594
INFO:trainer_layer_forward:0.2677440643310547
INFO:trainer_layer_forward:0.21982192993164062
INFO:trainer_layer_forward:0.2219676971435547
INFO:trainer_layer_forward:0.23818016052246094
INFO:trainer_layer_forward:0.2315044403076172
INFO:trainer_layer_forward:0.26035308837890625
INFO:trainer_layer_forward:0.396728515625
INFO:trainer_layer_forward:0.23508071899414062
INFO:trainer_layer_forward:0.2090930938720703
INFO:trainer_layer_forward:0.17309188842773438
INFO:trainer_layer_forward:0.23484230041503906
INFO:trainer_layer_forward:0.15234947204589844
INFO:trainer_layer_forward:0.18835067749023438
INFO:trainer_layer_forward:0.17070770263671875
INFO:trainer_layer_forward:0.16999244689941406
INFO:trainer_layer_forward:0.15020370483398438
INFO:trainer_layer_forward:0.23555755615234375
INFO:trainer_layer_forward:0.21314620971679688
INFO:trainer_layer_forward:0.19216537475585938
INFO:trainer_layer_forward:0.16069412231445312
INFO:trainer_layer_forward:0.19598007202148438
INFO:trainer_layer_forward:0.16498565673828125
INFO:trainer_layer_forward:0.18978118896484375
INFO:trainer_layer_forward:0.1659393310546875
INFO:trainer_layer_forward:0.2460479736328125
INFO:trainer_layer_forward:0.5519390106201172
INFO:trainer_layer_forward:0.19550323486328125
INFO:trainer_layer_forward:0.27108192443847656
INFO:trainer_layer_forward:0.1983642578125
INFO:trainer_layer_forward:0.26154518127441406
INFO:trainer_layer_forward:0.18548965454101562
INFO:trainer_layer_forward:0.22029876708984375
INFO:trainer_layer_forward:0.1766681671142578
INFO:trainer_layer_forward:0.24056434631347656
INFO:trainer_layer_forward:0.28443336486816406
INFO:trainer_layer_forward:0.19288063049316406
INFO:trainer_layer_forward:0.2589225769042969
INFO:trainer_layer_forward:0.23317337036132812
INFO:trainer_layer_forward:0.19669532775878906
INFO:trainer_layer_forward:0.18906593322753906
INFO:trainer_layer_forward:0.20003318786621094
INFO:trainer_layer_forward:0.1919269561767578
INFO:trainer_layer_forward:0.23126602172851562
INFO:trainer_layer_forward:0.2613067626953125
INFO:trainer_layer_forward:0.270843505859375
INFO:trainer_layer_forward:0.1919269561767578
INFO:trainer_layer_forward:0.18978118896484375
INFO:trainer_layer_forward:0.1983642578125
INFO:trainer_layer_forward:0.22721290588378906
INFO:trainer_layer_forward:0.1862049102783203
INFO:trainer_layer_forward:0.21076202392578125
INFO:trainer_layer_forward:0.2117156982421875
INFO:trainer_layer_forward:0.247955322265625
INFO:trainer_layer_forward:0.40411949157714844
INFO:trainer_layer_forward:0.16999244689941406
INFO:trainer_layer_forward:0.2486705780029297
INFO:trainer_layer_forward:0.2319812774658203
INFO:trainer_layer_forward:0.19884109497070312
INFO:trainer_layer_forward:0.2148151397705078
INFO:trainer_layer_forward:0.20599365234375
INFO:trainer_layer_forward:0.45943260192871094
INFO:trainer_layer_forward:0.18286705017089844
INFO:trainer_layer_forward:0.17786026000976562
INFO:trainer_layer_forward:0.21839141845703125
INFO:trainer_layer_forward:0.17786026000976562
INFO:trainer_layer_forward:0.17523765563964844
INFO:trainer_layer_forward:0.23365020751953125
INFO:trainer_layer_forward:0.20813941955566406
INFO:trainer_layer_forward:0.24318695068359375
INFO:trainer_layer_forward:0.23889541625976562
INFO:trainer_layer_forward:0.2582073211669922
INFO:trainer_layer_forward:0.16307830810546875
INFO:trainer_layer_forward:0.2551078796386719
INFO:trainer_layer_forward:0.19669532775878906
INFO:trainer_layer_forward:0.2167224884033203
INFO:trainer_layer_forward:0.23627281188964844
INFO:trainer_layer_forward:0.20551681518554688
INFO:trainer_layer_forward:0.2224445343017578
INFO:trainer_layer_forward:0.209808349609375
INFO:trainer_layer_forward:0.18525123596191406
INFO:trainer_layer_forward:0.24008750915527344
INFO:trainer_layer_forward:0.23126602172851562
INFO:trainer_layer_forward:0.23031234741210938
INFO:trainer_layer_forward:0.17881393432617188
INFO:trainer_layer_forward:0.1697540283203125
INFO:trainer_layer_forward:0.2079010009765625
INFO:trainer_layer_forward:0.2186298370361328
INFO:trainer_layer_forward:0.2148151397705078
INFO:trainer_layer_forward:0.2079010009765625
INFO:trainer_layer_forward:0.23603439331054688
INFO:trainer_layer_forward:0.18525123596191406
INFO:trainer_layer_forward:0.38623809814453125
INFO:trainer_layer_forward:0.18548965454101562
INFO:trainer_layer_forward:0.1914501190185547
INFO:trainer_layer_forward:0.26535987854003906
INFO:trainer_layer_forward:0.24557113647460938
INFO:trainer_layer_forward:0.2186298370361328
INFO:trainer_layer_forward:0.17905235290527344
INFO:trainer_layer_forward:0.247955322265625
INFO:trainer_layer_forward:0.255584716796875
INFO:trainer_layer_forward:0.24819374084472656
INFO:trainer_layer_forward:0.18668174743652344
INFO:trainer_layer_forward:0.2696514129638672
INFO:trainer_layer_forward:0.21314620971679688
INFO:trainer_layer_forward:0.244140625
INFO:trainer_layer_forward:0.20623207092285156
INFO:trainer_layer_forward:0.4527568817138672
INFO:trainer_layer_forward:0.28252601623535156
INFO:trainer_layer_forward:0.23055076599121094
INFO:trainer_layer_forward:0.232696533203125
INFO:trainer_layer_forward:0.22530555725097656
INFO:trainer_layer_forward:0.2880096435546875
INFO:trainer_layer_forward:0.2498626708984375
INFO:trainer_layer_forward:0.2295970916748047
INFO:trainer_layer_forward:0.22864341735839844
INFO:trainer_layer_forward:0.2522468566894531
INFO:trainer_layer_forward:0.2334117889404297
INFO:trainer_layer_forward:0.23317337036132812
INFO:trainer_layer_forward:0.2532005310058594
INFO:trainer_layer_forward:0.2186298370361328
INFO:trainer_layer_forward:0.2543926239013672
INFO:trainer_layer_forward:0.22983551025390625
INFO:trainer_layer_forward:0.2090930938720703
INFO:trainer_layer_forward:0.21696090698242188
INFO:trainer_layer_forward:0.23317337036132812
INFO:trainer_layer_forward:0.27489662170410156
INFO:trainer_layer_forward:0.5931854248046875
INFO:trainer_layer_forward:0.2048015594482422
INFO:trainer_layer_forward:0.22554397583007812
INFO:trainer_layer_forward:0.21004676818847656
INFO:trainer_layer_forward:0.18286705017089844
INFO:trainer_layer_forward:0.2636909484863281
INFO:trainer_layer_forward:0.23293495178222656
INFO:trainer_layer_forward:0.16760826110839844
INFO:trainer_layer_forward:0.16379356384277344
INFO:trainer_layer_forward:0.2357959747314453
INFO:trainer_layer_forward:0.20265579223632812
INFO:trainer_layer_forward:0.17762184143066406
INFO:trainer_layer_forward:0.2090930938720703
INFO:trainer_layer_forward:0.26535987854003906
INFO:trainer_layer_forward:0.1697540283203125
INFO:trainer_layer_forward:0.5648136138916016
INFO:trainer_layer_forward:0.16307830810546875
INFO:trainer_layer_forward:0.20837783813476562
INFO:trainer_layer_forward:0.1728534698486328
INFO:trainer_layer_forward:0.16832351684570312
INFO:trainer_layer_forward:0.1842975616455078
INFO:trainer_layer_forward:0.16832351684570312
INFO:trainer_layer_forward:0.1678466796875
INFO:trainer_layer_forward:0.16021728515625
INFO:trainer_layer_forward:0.1900196075439453
INFO:trainer_layer_forward:0.16450881958007812
INFO:trainer_layer_forward:0.40721893310546875
INFO:trainer_layer_forward:0.16760826110839844
INFO:trainer_layer_forward:0.1595020294189453
INFO:trainer_layer_forward:0.1888275146484375
INFO:trainer_layer_forward:0.17261505126953125
INFO:trainer_layer_forward:0.18405914306640625
INFO:trainer_layer_forward:0.17642974853515625
INFO:trainer_layer_forward:0.1671314239501953
INFO:trainer_layer_forward:0.26917457580566406
INFO:trainer_layer_forward:0.4646778106689453
INFO:trainer_layer_forward:0.2644062042236328
INFO:trainer_layer_forward:0.1685619354248047
INFO:trainer_layer_forward:0.15544891357421875
INFO:trainer_layer_forward:0.1697540283203125
INFO:trainer_layer_forward:0.20313262939453125
INFO:trainer_layer_forward:0.1926422119140625
INFO:trainer_layer_forward:0.1709461212158203
INFO:trainer_layer_forward:0.25582313537597656
INFO:trainer_layer_forward:0.1838207244873047
INFO:trainer_layer_forward:0.22840499877929688
INFO:trainer_layer_forward:0.23174285888671875
INFO:trainer_layer_forward:0.21004676818847656
INFO:trainer_layer_forward:0.22554397583007812
INFO:trainer_layer_forward:0.23937225341796875
INFO:trainer_layer_forward:0.2067089080810547
INFO:trainer_layer_forward:0.21982192993164062
INFO:trainer_layer_forward:0.2548694610595703
INFO:trainer_layer_forward:0.18930435180664062
INFO:trainer_layer_forward:0.28133392333984375
INFO:trainer_layer_forward:0.20694732666015625
INFO:trainer_layer_forward:0.17499923706054688
INFO:trainer_layer_forward:0.1666545867919922
INFO:trainer_layer_forward:0.16808509826660156
INFO:trainer_layer_forward:0.1652240753173828
INFO:trainer_layer_forward:0.16164779663085938
INFO:trainer_layer_forward:0.1633167266845703
INFO:trainer_layer_forward:0.16117095947265625
INFO:trainer_layer_forward:0.2334117889404297
INFO:trainer_layer_forward:0.2570152282714844
INFO:trainer_layer_forward:0.25916099548339844
INFO:trainer_layer_forward:0.21648406982421875
INFO:trainer_layer_forward:0.23818016052246094
INFO:trainer_layer_forward:0.194549560546875
INFO:trainer_layer_forward:0.17309188842773438
INFO:trainer_layer_forward:0.1983642578125
INFO:trainer_layer_forward:0.1723766326904297
INFO:trainer_layer_forward:0.18215179443359375
INFO:trainer_layer_forward:0.40078163146972656
INFO:trainer_layer_forward:0.18596649169921875
INFO:trainer_layer_forward:0.4341602325439453
INFO:trainer_layer_forward:0.19240379333496094
INFO:trainer_layer_forward:0.17523765563964844
INFO:trainer_layer_forward:0.1990795135498047
INFO:trainer_layer_forward:0.19240379333496094
INFO:trainer_layer_forward:0.20432472229003906
INFO:trainer_layer_forward:0.21886825561523438
INFO:trainer_layer_forward:0.2009868621826172
INFO:trainer_layer_forward:0.25391578674316406
INFO:trainer_layer_forward:0.15735626220703125
INFO:trainer_layer_forward:0.19025802612304688
INFO:trainer_layer_forward:0.26297569274902344
INFO:trainer_layer_forward:0.18858909606933594
INFO:trainer_layer_forward:0.213623046875
INFO:trainer_layer_forward:0.22983551025390625
INFO:trainer_layer_forward:0.22077560424804688
INFO:trainer_layer_forward:0.22125244140625
INFO:trainer_layer_forward:0.2086162567138672
INFO:trainer_layer_forward:0.19788742065429688
INFO:trainer_layer_forward:0.3345012664794922
INFO:trainer_layer_forward:0.2799034118652344
INFO:trainer_layer_forward:0.1957416534423828
INFO:trainer_layer_forward:0.22554397583007812
INFO:trainer_layer_forward:0.2582073211669922
INFO:trainer_layer_forward:0.2193450927734375
INFO:trainer_layer_forward:0.26226043701171875
INFO:trainer_layer_forward:0.24271011352539062
INFO:trainer_layer_forward:0.2903938293457031
INFO:trainer_layer_forward:0.19097328186035156
INFO:trainer_layer_forward:0.20575523376464844
INFO:trainer_layer_forward:0.26702880859375
INFO:trainer_layer_forward:0.2009868621826172
INFO:trainer_layer_forward:0.2834796905517578
INFO:trainer_layer_forward:0.22125244140625
INFO:trainer_layer_forward:0.21314620971679688
INFO:trainer_layer_forward:0.2522468566894531
INFO:trainer_layer_forward:0.2205371856689453
INFO:trainer_layer_forward:0.24080276489257812
INFO:trainer_layer_forward:0.20074844360351562
INFO:trainer_layer_forward:0.25582313537597656
INFO:trainer_layer_forward:0.19073486328125
INFO:trainer_layer_forward:0.16570091247558594
INFO:trainer_layer_forward:0.16736984252929688
INFO:trainer_layer_forward:0.21791458129882812
INFO:trainer_layer_forward:0.3712177276611328
INFO:trainer_layer_forward:0.6122589111328125
INFO:trainer_layer_forward:0.22029876708984375
INFO:trainer_layer_forward:0.16117095947265625
INFO:trainer_layer_forward:0.16045570373535156
INFO:trainer_layer_forward:0.16450881958007812
INFO:trainer_layer_forward:0.1857280731201172
INFO:trainer_layer_forward:0.19168853759765625
INFO:trainer_layer_forward:0.1888275146484375
INFO:trainer_layer_forward:0.22029876708984375
INFO:trainer_layer_forward:0.3883838653564453
INFO:trainer_layer_forward:0.3409385681152344
INFO:trainer_layer_forward:0.2720355987548828
INFO:trainer_layer_forward:0.1976490020751953
INFO:trainer_layer_forward:0.19359588623046875
INFO:trainer_layer_forward:0.19693374633789062
INFO:trainer_layer_forward:0.18286705017089844
INFO:trainer_layer_forward:0.18358230590820312
INFO:trainer_layer_forward:0.1575946807861328
INFO:trainer_layer_forward:0.16999244689941406
INFO:trainer_layer_forward:0.1773834228515625
INFO:trainer_layer_forward:0.20170211791992188
INFO:trainer_layer_forward:0.22530555725097656
INFO:trainer_layer_forward:0.18835067749023438
INFO:trainer_layer_forward:0.19025802612304688
INFO:trainer_layer_forward:0.17499923706054688
INFO:trainer_layer_forward:0.24557113647460938
INFO:trainer_layer_forward:0.19598007202148438
INFO:trainer_layer_forward:0.2281665802001953
INFO:trainer_layer_forward:0.2148151397705078
INFO:trainer_layer_forward:0.4432201385498047
INFO:trainer_layer_forward:0.17499923706054688
INFO:trainer_layer_forward:0.2143383026123047
INFO:trainer_layer_forward:0.17833709716796875
INFO:trainer_layer_forward:0.2009868621826172
INFO:trainer_layer_forward:0.19979476928710938
INFO:trainer_layer_forward:0.1964569091796875
INFO:trainer_layer_forward:0.19311904907226562
INFO:trainer_layer_forward:0.21719932556152344
INFO:trainer_layer_forward:0.16951560974121094
INFO:trainer_layer_forward:0.20456314086914062
INFO:trainer_layer_forward:0.2574920654296875
INFO:trainer_layer_forward:0.25343894958496094
INFO:trainer_layer_forward:0.2460479736328125
INFO:trainer_layer_forward:0.19931793212890625
INFO:trainer_layer_forward:0.18405914306640625
INFO:trainer_layer_forward:0.1957416534423828
INFO:trainer_layer_forward:0.1704692840576172
INFO:trainer_layer_forward:0.2071857452392578
INFO:trainer_layer_forward:0.16021728515625
INFO:trainer_layer_forward:0.18596649169921875
INFO:trainer_layer_forward:0.15473365783691406
INFO:trainer_layer_forward:0.1819133758544922
INFO:trainer_layer_forward:0.29349327087402344
INFO:trainer_layer_forward:0.24819374084472656
INFO:trainer_layer_forward:0.3802776336669922
INFO:trainer_layer_forward:0.23317337036132812
INFO:trainer_layer_forward:0.18072128295898438
INFO:trainer_layer_forward:0.2067089080810547
INFO:trainer_layer_forward:0.17309188842773438
INFO:trainer_layer_forward:0.25343894958496094
INFO:trainer_layer_forward:0.16021728515625
INFO:trainer_layer_forward:0.1838207244873047
INFO:trainer_layer_forward:0.1556873321533203
INFO:trainer_layer_forward:0.18167495727539062
INFO:trainer_layer_forward:0.3082752227783203
INFO:trainer_layer_forward:0.23508071899414062
INFO:trainer_layer_forward:0.4305839538574219
INFO:trainer_layer_forward:0.22339820861816406
INFO:trainer_layer_forward:0.17786026000976562
INFO:trainer_layer_forward:0.194549560546875
INFO:trainer_layer_forward:0.17714500427246094
INFO:trainer_layer_forward:0.20051002502441406
INFO:trainer_layer_forward:0.17380714416503906
INFO:trainer_layer_forward:0.18858909606933594
INFO:trainer_layer_forward:0.1583099365234375
INFO:trainer_layer_forward:0.18167495727539062
INFO:trainer_layer_forward:0.2090930938720703
INFO:trainer_layer_forward:0.33354759216308594
INFO:trainer_layer_forward:0.21123886108398438
INFO:trainer_layer_forward:0.21886825561523438
INFO:trainer_layer_forward:0.19693374633789062
INFO:trainer_layer_forward:0.19621849060058594
INFO:trainer_layer_forward:0.2071857452392578
INFO:trainer_layer_forward:0.1723766326904297
INFO:trainer_layer_forward:0.164031982421875
INFO:trainer_layer_forward:0.16760826110839844
INFO:trainer_layer_forward:0.24700164794921875
INFO:trainer_layer_forward:0.1888275146484375
INFO:trainer_layer_forward:0.2391338348388672
INFO:trainer_layer_forward:0.2741813659667969
INFO:trainer_layer_forward:0.15282630920410156
INFO:trainer_layer_forward:0.1933574676513672
INFO:trainer_layer_forward:0.21123886108398438
INFO:trainer_layer_forward:0.21004676818847656
INFO:trainer_layer_forward:0.20241737365722656
INFO:trainer_layer_forward:0.20074844360351562
INFO:trainer_layer_forward:0.2593994140625
INFO:trainer_layer_forward:0.23746490478515625
INFO:trainer_layer_forward:0.4258155822753906
INFO:trainer_layer_forward:0.19621849060058594
INFO:trainer_layer_forward:0.19621849060058594
INFO:trainer_layer_forward:0.17142295837402344
INFO:trainer_layer_forward:0.20694732666015625
INFO:trainer_layer_forward:0.1747608184814453
INFO:trainer_layer_forward:0.1621246337890625
INFO:trainer_layer_forward:0.19025802612304688
INFO:trainer_layer_forward:0.19788742065429688
INFO:trainer_layer_forward:0.24271011352539062
INFO:trainer_layer_forward:0.17333030700683594
INFO:trainer_layer_forward:0.21648406982421875
INFO:trainer_layer_forward:0.1773834228515625
INFO:trainer_layer_forward:0.1800060272216797
INFO:trainer_layer_forward:0.17189979553222656
INFO:trainer_layer_forward:0.17881393432617188
INFO:trainer_layer_forward:0.16927719116210938
INFO:trainer_layer_forward:0.1652240753173828
INFO:trainer_layer_forward:0.1609325408935547
INFO:trainer_layer_forward:0.15926361083984375
INFO:trainer_layer_forward:0.2624988555908203
INFO:trainer_layer_forward:0.15854835510253906
INFO:trainer_layer_forward:0.2639293670654297
INFO:trainer_layer_forward:0.19073486328125
INFO:trainer_layer_forward:0.1785755157470703
INFO:trainer_layer_forward:0.1621246337890625
INFO:trainer_layer_forward:0.20241737365722656
INFO:trainer_layer_forward:0.209808349609375
INFO:trainer_layer_forward:0.19979476928710938
INFO:trainer_layer_forward:0.18072128295898438
INFO:trainer_layer_forward:0.22101402282714844
INFO:trainer_layer_forward:0.22172927856445312
INFO:trainer_layer_forward:0.20384788513183594
INFO:trainer_layer_forward:0.2739429473876953
INFO:trainer_layer_forward:0.1819133758544922
INFO:trainer_layer_forward:0.18072128295898438
INFO:trainer_layer_forward:0.194549560546875
INFO:trainer_layer_forward:0.18644332885742188
INFO:trainer_layer_forward:0.16951560974121094
INFO:trainer_layer_forward:0.1652240753173828
INFO:trainer_layer_forward:0.16164779663085938
INFO:trainer_layer_forward:0.1575946807861328
INFO:trainer_layer_forward:0.25343894958496094
INFO:trainer_layer_forward:0.1544952392578125
INFO:trainer_layer_forward:0.16164779663085938
INFO:trainer_layer_forward:0.17881393432617188
INFO:trainer_layer_forward:0.1690387725830078
INFO:trainer_layer_forward:0.1952648162841797
INFO:trainer_layer_forward:0.18835067749023438
INFO:trainer_layer_forward:0.17380714416503906
INFO:trainer_layer_forward:0.20456314086914062
INFO:trainer_layer_forward:0.1995563507080078
INFO:trainer_layer_forward:0.21505355834960938
INFO:trainer_layer_forward:0.24557113647460938
INFO:trainer_layer_forward:0.2727508544921875
INFO:trainer_layer_forward:0.21028518676757812
INFO:trainer_layer_forward:0.1678466796875
INFO:trainer_layer_forward:0.1971721649169922
INFO:trainer_layer_forward:0.18644332885742188
INFO:trainer_layer_forward:0.18978118896484375
INFO:trainer_layer_forward:0.2338886260986328
INFO:trainer_layer_forward:0.19121170043945312
INFO:trainer_layer_forward:0.2486705780029297
INFO:trainer_layer_forward:0.25534629821777344
INFO:trainer_layer_forward:0.2460479736328125
INFO:trainer_layer_forward:0.217437744140625
INFO:trainer_layer_forward:0.19288063049316406
INFO:trainer_layer_forward:0.244140625
INFO:trainer_layer_forward:0.23484230041503906
INFO:trainer_layer_forward:0.20933151245117188
INFO:trainer_layer_forward:0.19669532775878906
INFO:trainer_layer_forward:0.20933151245117188
INFO:trainer_layer_forward:0.2155303955078125
INFO:trainer_layer_forward:0.19121170043945312
INFO:trainer_layer_forward:0.21004676818847656
INFO:trainer_layer_forward:0.2620220184326172
INFO:trainer_layer_forward:0.25272369384765625
INFO:trainer_layer_forward:0.2129077911376953
INFO:trainer_layer_forward:0.2028942108154297
INFO:trainer_layer_forward:0.1785755157470703
INFO:trainer_layer_forward:0.23055076599121094
INFO:trainer_layer_forward:0.24008750915527344
INFO:trainer_layer_forward:0.4208087921142578
INFO:trainer_layer_forward:0.18405914306640625
INFO:trainer_layer_forward:0.19621849060058594
INFO:trainer_layer_forward:0.26988983154296875
INFO:trainer_layer_forward:0.3070831298828125
INFO:trainer_layer_forward:0.30493736267089844
INFO:trainer_layer_forward:0.29158592224121094
INFO:trainer_layer_forward:0.7069110870361328
INFO:trainer_layer_forward:0.2613067626953125
INFO:trainer_layer_forward:0.2391338348388672
INFO:trainer_layer_forward:0.21886825561523438
INFO:trainer_layer_forward:0.20194053649902344
INFO:trainer_layer_forward:0.2288818359375
INFO:trainer_layer_forward:0.18143653869628906
INFO:trainer_layer_forward:0.179290771484375
INFO:trainer_layer_forward:0.16236305236816406
INFO:trainer_layer_forward:0.18405914306640625
INFO:trainer_layer_forward:0.22459030151367188
INFO:trainer_layer_forward:0.26726722717285156
INFO:trainer_layer_forward:0.21219253540039062
INFO:trainer_layer_forward:0.179290771484375
INFO:trainer_layer_forward:0.22840499877929688
INFO:trainer_layer_forward:0.1761913299560547
INFO:trainer_layer_forward:0.21028518676757812
INFO:trainer_layer_forward:0.16355514526367188
INFO:trainer_layer_forward:0.21886825561523438
INFO:trainer_layer_forward:0.1678466796875
INFO:trainer_layer_forward:0.25391578674316406
INFO:trainer_layer_forward:0.5140304565429688
INFO:trainer_layer_forward:0.2391338348388672
INFO:trainer_layer_forward:0.17547607421875
INFO:trainer_layer_forward:0.22554397583007812
INFO:trainer_layer_forward:0.179290771484375
INFO:trainer_layer_forward:0.2162456512451172
INFO:trainer_layer_forward:0.1735687255859375
INFO:trainer_layer_forward:0.2830028533935547
INFO:trainer_layer_forward:0.19025802612304688
INFO:trainer_layer_forward:0.26035308837890625
INFO:trainer_layer_forward:0.21600723266601562
INFO:trainer_layer_forward:0.2663135528564453
INFO:trainer_layer_forward:0.2067089080810547
INFO:trainer_layer_forward:0.22292137145996094
INFO:trainer_layer_forward:0.20766258239746094
INFO:trainer_layer_forward:0.16641616821289062
INFO:trainer_layer_forward:0.15735626220703125
INFO:trainer_layer_forward:0.1773834228515625
INFO:trainer_layer_forward:0.17976760864257812
INFO:trainer_layer_forward:0.17976760864257812
INFO:trainer_layer_forward:0.24628639221191406
INFO:trainer_layer_forward:0.3681182861328125
INFO:trainer_layer_forward:0.15974044799804688
INFO:trainer_layer_forward:0.1823902130126953
INFO:trainer_layer_forward:0.164031982421875
INFO:trainer_layer_forward:0.18334388732910156
INFO:trainer_layer_forward:0.20623207092285156
INFO:trainer_layer_forward:0.1773834228515625
INFO:trainer_layer_forward:0.17404556274414062
INFO:trainer_layer_forward:0.17023086547851562
INFO:trainer_layer_forward:0.15783309936523438
INFO:trainer_layer_forward:0.19621849060058594
INFO:trainer_layer_forward:0.39005279541015625
INFO:trainer_layer_forward:0.2315044403076172
INFO:trainer_layer_forward:0.18286705017089844
INFO:trainer_layer_forward:0.18310546875
INFO:trainer_layer_forward:0.21338462829589844
INFO:trainer_layer_forward:0.17189979553222656
INFO:trainer_layer_forward:0.1671314239501953
INFO:trainer_layer_forward:0.1595020294189453
INFO:trainer_layer_forward:0.19502639770507812
INFO:trainer_layer_forward:0.4668235778808594
INFO:trainer_layer_forward:0.19431114196777344
INFO:trainer_layer_forward:0.16832351684570312
INFO:trainer_layer_forward:0.17833709716796875
INFO:trainer_layer_forward:0.3428459167480469
INFO:trainer_layer_forward:0.29778480529785156
INFO:trainer_layer_forward:0.23937225341796875
INFO:trainer_layer_forward:0.2644062042236328
INFO:trainer_layer_forward:0.23508071899414062
INFO:trainer_layer_forward:0.22554397583007812
INFO:trainer_layer_forward:0.22649765014648438
INFO:trainer_layer_forward:0.22673606872558594
INFO:trainer_layer_forward:0.27251243591308594
INFO:trainer_layer_forward:0.2887248992919922
INFO:trainer_layer_forward:0.25463104248046875
INFO:trainer_layer_forward:0.244140625
INFO:trainer_layer_forward:0.2529621124267578
INFO:trainer_layer_forward:0.25081634521484375
INFO:trainer_layer_forward:0.21147727966308594
INFO:trainer_layer_forward:0.16927719116210938
INFO:trainer_layer_forward:0.24390220642089844
INFO:trainer_layer_forward:0.16760826110839844
INFO:trainer_layer_forward:0.26679039001464844
INFO:trainer_layer_forward:0.148773193359375
INFO:trainer_layer_forward:0.16069412231445312
INFO:trainer_layer_forward:0.13566017150878906
INFO:trainer_layer_forward:0.1537799835205078
INFO:trainer_layer_forward:0.1575946807861328
INFO:trainer_layer_forward:0.1544952392578125
INFO:trainer_layer_forward:0.21338462829589844
INFO:trainer_layer_forward:0.2460479736328125
INFO:trainer_layer_forward:0.3230571746826172
INFO:trainer_layer_forward:0.2276897430419922
INFO:trainer_layer_forward:0.2639293670654297
INFO:trainer_layer_forward:0.3101825714111328
INFO:trainer_layer_forward:0.21839141845703125
INFO:trainer_layer_forward:0.1685619354248047
INFO:trainer_layer_forward:0.19407272338867188
INFO:trainer_layer_forward:0.15282630920410156
INFO:trainer_layer_forward:0.1461505889892578
INFO:trainer_layer_forward:0.1990795135498047
INFO:trainer_layer_forward:0.31685829162597656
INFO:trainer_layer_forward:0.18024444580078125
INFO:trainer_layer_forward:0.1747608184814453
INFO:trainer_layer_forward:0.17189979553222656
INFO:trainer_layer_forward:0.1914501190185547
INFO:trainer_layer_forward:0.25177001953125
INFO:trainer_layer_forward:0.23603439331054688
INFO:trainer_layer_forward:0.2567768096923828
INFO:trainer_layer_forward:0.21767616271972656
INFO:trainer_layer_forward:0.24127960205078125
INFO:trainer_layer_forward:0.2338886260986328
INFO:trainer_layer_forward:0.19693374633789062
INFO:trainer_layer_forward:0.14972686767578125
INFO:trainer_layer_forward:0.15306472778320312
INFO:trainer_layer_forward:0.1628398895263672
INFO:trainer_layer_forward:0.1590251922607422
INFO:trainer_layer_forward:0.21314620971679688
INFO:trainer_layer_forward:0.21004676818847656
INFO:trainer_layer_forward:0.41484832763671875
INFO:trainer_layer_forward:0.18835067749023438
INFO:trainer_layer_forward:0.20956993103027344
INFO:trainer_layer_forward:0.2117156982421875
INFO:trainer_layer_forward:0.14829635620117188
INFO:trainer_layer_forward:0.16760826110839844
INFO:trainer_layer_forward:0.23603439331054688
INFO:trainer_layer_forward:0.21457672119140625
INFO:trainer_layer_forward:0.1430511474609375
INFO:trainer_layer_forward:0.1556873321533203
INFO:trainer_layer_forward:0.14734268188476562
INFO:trainer_layer_forward:0.15926361083984375
INFO:trainer_layer_forward:0.30517578125
INFO:trainer_layer_forward:0.21457672119140625
INFO:trainer_layer_forward:0.24771690368652344
INFO:trainer_layer_forward:0.2040863037109375
INFO:trainer_layer_forward:0.2472400665283203
INFO:trainer_layer_forward:0.1647472381591797
INFO:trainer_layer_forward:0.148773193359375
INFO:trainer_layer_forward:0.156402587890625
INFO:trainer_layer_forward:0.19121170043945312
INFO:trainer_layer_forward:0.15497207641601562
INFO:trainer_layer_forward:0.1659393310546875
INFO:trainer_layer_forward:0.1494884490966797
INFO:trainer_layer_forward:0.32711029052734375
INFO:trainer_layer_forward:0.15473365783691406
INFO:trainer_layer_forward:0.3948211669921875
INFO:trainer_layer_forward:0.15473365783691406
INFO:trainer_layer_forward:0.13518333435058594
INFO:trainer_layer_forward:0.18405914306640625
INFO:trainer_layer_forward:0.19788742065429688
INFO:trainer_layer_forward:0.21719932556152344
INFO:trainer_layer_forward:0.2148151397705078
INFO:trainer_layer_forward:0.19502639770507812
INFO:trainer_layer_forward:0.3485679626464844
INFO:trainer_layer_forward:0.2567768096923828
INFO:trainer_layer_forward:0.1862049102783203
INFO:trainer_layer_forward:0.14257431030273438
INFO:trainer_layer_forward:0.19788742065429688
INFO:trainer_layer_forward:0.2834796905517578
INFO:trainer_layer_forward:0.22554397583007812
INFO:trainer_layer_forward:0.2105236053466797
INFO:trainer_layer_forward:0.20003318786621094
INFO:trainer_layer_forward:0.6766319274902344
INFO:trainer_layer_forward:0.156402587890625
INFO:trainer_layer_forward:0.2658367156982422
INFO:trainer_layer_forward:0.2613067626953125
INFO:trainer_layer_forward:0.30493736267089844
INFO:trainer_layer_forward:0.19884109497070312
INFO:trainer_layer_forward:0.16021728515625
INFO:trainer_layer_forward:0.1380443572998047
INFO:trainer_layer_forward:0.15735626220703125
INFO:trainer_layer_forward:0.15544891357421875
INFO:trainer_layer_forward:0.15735626220703125
INFO:trainer_layer_forward:0.37789344787597656
INFO:trainer_layer_forward:0.1704692840576172
INFO:trainer_layer_forward:0.1571178436279297
INFO:trainer_layer_forward:0.1685619354248047
INFO:trainer_layer_forward:0.25463104248046875
INFO:trainer_layer_forward:0.1914501190185547
INFO:trainer_layer_forward:0.19502639770507812
INFO:trainer_layer_forward:0.25844573974609375
INFO:trainer_layer_forward:0.2930164337158203
INFO:trainer_layer_forward:0.26488304138183594
INFO:trainer_layer_forward:0.164031982421875
INFO:trainer_layer_forward:0.45943260192871094
INFO:trainer_layer_forward:0.2498626708984375
INFO:trainer_layer_forward:0.21958351135253906
INFO:trainer_layer_forward:0.23627281188964844
INFO:trainer_layer_forward:0.34356117248535156
INFO:trainer_layer_forward:0.19669532775878906
INFO:trainer_layer_forward:0.25391578674316406
INFO:trainer_layer_forward:0.17786026000976562
INFO:trainer_layer_forward:0.3063678741455078
INFO:trainer_layer_forward:0.3941059112548828
INFO:trainer_layer_forward:0.1823902130126953
INFO:trainer_layer_forward:0.20074844360351562
INFO:trainer_layer_forward:0.1926422119140625
INFO:trainer_layer_forward:0.15997886657714844
INFO:trainer_layer_forward:0.19812583923339844
INFO:trainer_layer_forward:0.14829635620117188
INFO:trainer_layer_forward:0.2372264862060547
INFO:trainer_layer_forward:0.1914501190185547
INFO:trainer_layer_forward:0.21195411682128906
INFO:trainer_layer_forward:0.23889541625976562
INFO:trainer_layer_forward:0.21123886108398438
INFO:trainer_layer_forward:0.12874603271484375
INFO:trainer_layer_forward:0.15401840209960938
INFO:trainer_layer_forward:0.1697540283203125
INFO:trainer_layer_forward:0.17261505126953125
INFO:trainer_layer_forward:0.1614093780517578
INFO:trainer_layer_forward:0.1697540283203125
INFO:trainer_layer_forward:0.13446807861328125
INFO:trainer_layer_forward:0.12731552124023438
INFO:trainer_layer_forward:0.1285076141357422
INFO:trainer_layer_forward:0.18548965454101562
INFO:trainer_layer_forward:0.2353191375732422
INFO:trainer_layer_forward:0.2193450927734375
INFO:trainer_layer_forward:0.1900196075439453
INFO:trainer_layer_forward:0.19693374633789062
INFO:trainer_layer_forward:0.1666545867919922
INFO:trainer_layer_forward:0.2384185791015625
INFO:trainer_layer_forward:0.21767616271972656
INFO:trainer_layer_forward:0.19812583923339844
INFO:trainer_layer_forward:0.19860267639160156
INFO:trainer_layer_forward:0.1804828643798828
INFO:trainer_layer_forward:0.1876354217529297
INFO:trainer_layer_forward:0.1862049102783203
INFO:trainer_layer_forward:0.23293495178222656
INFO:trainer_layer_forward:0.20647048950195312
INFO:trainer_layer_forward:0.21767616271972656
INFO:trainer_layer_forward:0.2231597900390625
INFO:trainer_layer_forward:0.16021728515625
INFO:trainer_layer_forward:0.17976760864257812
INFO:trainer_layer_forward:0.15234947204589844
INFO:trainer_layer_forward:0.2808570861816406
INFO:trainer_layer_forward:0.3638267517089844
INFO:trainer_layer_forward:0.2512931823730469
INFO:trainer_layer_forward:0.15425682067871094
INFO:trainer_layer_forward:0.21576881408691406
INFO:trainer_layer_forward:0.19311904907226562
INFO:trainer_layer_forward:0.22292137145996094
INFO:trainer_layer_forward:0.19240379333496094
INFO:trainer_layer_forward:0.19598007202148438
INFO:trainer_layer_forward:0.3018379211425781
INFO:trainer_layer_forward:0.3638267517089844
INFO:trainer_layer_forward:0.20241737365722656
INFO:trainer_layer_forward:0.15592575073242188
INFO:trainer_layer_forward:0.13566017150878906
INFO:trainer_layer_forward:0.13399124145507812
INFO:trainer_layer_forward:0.1938343048095703
INFO:trainer_layer_forward:0.13566017150878906
INFO:trainer_layer_forward:0.22912025451660156
INFO:trainer_layer_forward:0.21338462829589844
INFO:trainer_layer_forward:0.1964569091796875
INFO:trainer_layer_forward:0.28228759765625
INFO:trainer_layer_forward:0.19502639770507812
INFO:trainer_layer_forward:0.1766681671142578
INFO:trainer_layer_forward:0.1704692840576172
INFO:trainer_layer_forward:0.15997886657714844
INFO:trainer_layer_forward:0.14066696166992188
INFO:trainer_layer_forward:0.24318695068359375
INFO:trainer_layer_forward:0.2288818359375
INFO:trainer_layer_forward:0.202178955078125
INFO:trainer_layer_forward:0.20432472229003906
INFO:trainer_layer_forward:0.30803680419921875
INFO:trainer_layer_forward:0.3821849822998047
INFO:trainer_layer_forward:0.18286705017089844
INFO:trainer_layer_forward:0.18930435180664062
INFO:trainer_layer_forward:0.16736984252929688
INFO:trainer_layer_forward:0.3197193145751953
INFO:trainer_layer_forward:0.2269744873046875
INFO:trainer_layer_forward:0.2028942108154297
INFO:trainer_layer_forward:0.2117156982421875
INFO:trainer_layer_forward:0.19073486328125
INFO:trainer_layer_forward:0.22101402282714844
INFO:trainer_layer_forward:0.2617835998535156
INFO:trainer_layer_forward:0.20575523376464844
INFO:trainer_layer_forward:0.22077560424804688
INFO:trainer_layer_forward:0.2167224884033203
INFO:trainer_layer_forward:0.2219676971435547
INFO:trainer_layer_forward:0.18477439880371094
INFO:trainer_layer_forward:0.20456314086914062
INFO:trainer_layer_forward:0.1571178436279297
INFO:trainer_layer_forward:0.29659271240234375
INFO:trainer_layer_forward:0.33164024353027344
INFO:trainer_layer_forward:0.1697540283203125
INFO:trainer_layer_forward:0.17976760864257812
INFO:trainer_layer_forward:0.19121170043945312
INFO:trainer_layer_forward:0.1747608184814453
INFO:trainer_layer_forward:0.18858909606933594
INFO:trainer_layer_forward:0.17833709716796875
INFO:trainer_layer_forward:0.194549560546875
INFO:trainer_layer_forward:0.17905235290527344
INFO:trainer_layer_forward:0.2779960632324219
INFO:trainer_layer_forward:0.3631114959716797
INFO:trainer_layer_forward:0.17499923706054688
INFO:trainer_layer_forward:0.2028942108154297
INFO:trainer_layer_forward:0.26702880859375
INFO:trainer_layer_forward:0.30422210693359375
INFO:trainer_layer_forward:0.28824806213378906
INFO:trainer_layer_forward:0.25534629821777344
INFO:trainer_layer_forward:0.1666545867919922
INFO:trainer_layer_forward:0.25200843811035156
INFO:trainer_layer_forward:0.20956993103027344
INFO:trainer_layer_forward:0.19431114196777344
INFO:trainer_layer_forward:0.1678466796875
INFO:trainer_layer_forward:0.2522468566894531
INFO:trainer_layer_forward:0.2930164337158203
INFO:trainer_layer_forward:0.4024505615234375
INFO:trainer_layer_forward:0.2951622009277344
INFO:trainer_layer_forward:0.2715587615966797
INFO:trainer_layer_forward:0.2522468566894531
INFO:trainer_layer_forward:0.23627281188964844
INFO:trainer_layer_forward:0.26798248291015625
INFO:trainer_layer_forward:0.2586841583251953
INFO:trainer_layer_forward:0.2391338348388672
INFO:trainer_layer_forward:0.17571449279785156
INFO:trainer_layer_forward:0.16164779663085938
INFO:trainer_layer_forward:0.20432472229003906
INFO:trainer_layer_forward:0.23031234741210938
INFO:trainer_layer_forward:0.5357265472412109
INFO:trainer_layer_forward:0.22840499877929688
INFO:trainer_layer_forward:0.2491474151611328
INFO:trainer_layer_forward:0.1804828643798828
INFO:trainer_layer_forward:0.16450881958007812
INFO:trainer_layer_forward:0.15854835510253906
INFO:trainer_layer_forward:0.17833709716796875
INFO:trainer_layer_forward:0.1690387725830078
INFO:trainer_layer_forward:0.18715858459472656
INFO:trainer_layer_forward:0.2384185791015625
INFO:trainer_layer_forward:0.17023086547851562
INFO:trainer_layer_forward:0.16570091247558594
INFO:trainer_layer_forward:0.17070770263671875
INFO:trainer_layer_forward:0.1633167266845703
INFO:trainer_layer_forward:0.213623046875
INFO:trainer_layer_forward:0.21004676818847656
INFO:trainer_layer_forward:0.2582073211669922
INFO:trainer_layer_forward:0.4887580871582031
INFO:trainer_layer_forward:0.5793571472167969
INFO:trainer_layer_forward:0.217437744140625
INFO:trainer_layer_forward:0.17786026000976562
INFO:trainer_layer_forward:0.14257431030273438
INFO:trainer_layer_forward:0.14472007751464844
INFO:trainer_layer_forward:0.15163421630859375
INFO:trainer_layer_forward:0.1506805419921875
INFO:trainer_layer_forward:0.14448165893554688
INFO:trainer_layer_forward:0.16260147094726562
INFO:trainer_layer_forward:0.18072128295898438
INFO:trainer_layer_forward:0.26726722717285156
INFO:trainer_layer_forward:0.18548965454101562
INFO:trainer_layer_forward:0.29277801513671875
INFO:trainer_layer_forward:0.17905235290527344
INFO:trainer_layer_forward:0.14448165893554688
INFO:trainer_layer_forward:0.1423358917236328
INFO:trainer_layer_forward:0.15425682067871094
INFO:trainer_layer_forward:0.1468658447265625
INFO:trainer_layer_forward:0.13446807861328125
INFO:trainer_layer_forward:0.1289844512939453
INFO:trainer_layer_forward:0.14019012451171875
INFO:trainer_layer_forward:0.13327598571777344
INFO:trainer_layer_forward:0.13756752014160156
INFO:trainer_layer_forward:0.20241737365722656
INFO:trainer_layer_forward:0.255584716796875
INFO:trainer_layer_forward:0.1811981201171875
INFO:trainer_layer_forward:0.17142295837402344
INFO:trainer_layer_forward:0.16379356384277344
INFO:trainer_layer_forward:0.19216537475585938
INFO:trainer_layer_forward:0.186920166015625
INFO:trainer_layer_forward:0.16164779663085938
INFO:trainer_layer_forward:0.15473365783691406
INFO:trainer_layer_forward:0.13780593872070312
INFO:trainer_layer_forward:0.1347064971923828
INFO:trainer_layer_forward:0.23293495178222656
INFO:trainer_layer_forward:0.40340423583984375
INFO:trainer_layer_forward:0.1666545867919922
INFO:trainer_layer_forward:0.141143798828125
INFO:trainer_layer_forward:0.17404556274414062
INFO:trainer_layer_forward:0.16498565673828125
INFO:trainer_layer_forward:0.16736984252929688
INFO:trainer_layer_forward:0.21505355834960938
INFO:trainer_layer_forward:0.19502639770507812
INFO:trainer_layer_forward:0.1983642578125
INFO:trainer_layer_forward:0.22649765014648438
INFO:trainer_layer_forward:0.28395652770996094
INFO:trainer_layer_forward:0.2827644348144531
INFO:trainer_layer_forward:0.17070770263671875
INFO:trainer_layer_forward:0.19550323486328125
INFO:trainer_layer_forward:0.19359588623046875
INFO:trainer_layer_forward:0.1633167266845703
INFO:trainer_layer_forward:0.17452239990234375
INFO:trainer_layer_forward:0.1766681671142578
INFO:trainer_layer_forward:0.15687942504882812
INFO:trainer_layer_forward:0.1456737518310547
INFO:trainer_layer_forward:0.14472007751464844
INFO:trainer_layer_forward:0.26798248291015625
INFO:trainer_layer_forward:0.19407272338867188
INFO:trainer_layer_forward:0.2505779266357422
INFO:trainer_layer_forward:0.16260147094726562
INFO:trainer_layer_forward:0.21982192993164062
INFO:trainer_layer_forward:0.19121170043945312
INFO:trainer_layer_forward:0.18143653869628906
INFO:trainer_layer_forward:0.19860267639160156
INFO:trainer_layer_forward:0.18286705017089844
INFO:trainer_layer_forward:0.18858909606933594
INFO:trainer_layer_forward:0.16927719116210938
INFO:trainer_layer_forward:0.38623809814453125
INFO:trainer_layer_forward:0.24318695068359375
INFO:trainer_layer_forward:0.1976490020751953
INFO:trainer_layer_forward:0.15974044799804688
INFO:trainer_layer_forward:0.1926422119140625
INFO:trainer_layer_forward:0.2155303955078125
INFO:trainer_layer_forward:0.21004676818847656
INFO:trainer_layer_forward:0.18095970153808594
