INFO:trainer_layer_forward:CNNEx | mnist
INFO:trainer_layer_forward:in_size : 128 | epochs : 1 | batch : 1
INFO:trainer_layer_forward:kernel_l1 : 65 | 
INFO:trainer_layer_forward:o_channels_l1 : 20 | 
INFO:trainer_layer_forward:learn_num_train : 1000 | learn_num_validate : 0 
INFO:trainer_layer_forward::::::::::::::::::::::::::::::::::::::::::::::::::::::::::::
INFO:trainer_layer_forward:message : cnn_conv1 
INFO:trainer_layer_forward::::::::::::::::::::::::::::::::::::::::::::::::::::::::::::
INFO:trainer_layer_forward:Ave_Time : 0.3458634771481909
INFO:trainer_layer_forward::::::::::::::::::::::::::::::::::::::::::::::::::::::::::::
INFO:trainer_layer_forward:0.26726722717285156
INFO:trainer_layer_forward:0.29087066650390625
INFO:trainer_layer_forward:0.2655982971191406
INFO:trainer_layer_forward:0.26106834411621094
INFO:trainer_layer_forward:0.32520294189453125
INFO:trainer_layer_forward:0.28896331787109375
INFO:trainer_layer_forward:0.5161762237548828
INFO:trainer_layer_forward:0.3063678741455078
INFO:trainer_layer_forward:0.308990478515625
INFO:trainer_layer_forward:0.2887248992919922
INFO:trainer_layer_forward:0.2639293670654297
INFO:trainer_layer_forward:0.2777576446533203
INFO:trainer_layer_forward:0.25725364685058594
INFO:trainer_layer_forward:0.25963783264160156
INFO:trainer_layer_forward:0.3571510314941406
INFO:trainer_layer_forward:0.3542900085449219
INFO:trainer_layer_forward:0.3390312194824219
INFO:trainer_layer_forward:0.308990478515625
INFO:trainer_layer_forward:0.6260871887207031
INFO:trainer_layer_forward:0.3845691680908203
INFO:trainer_layer_forward:0.4296302795410156
INFO:trainer_layer_forward:0.3294944763183594
INFO:trainer_layer_forward:0.25916099548339844
INFO:trainer_layer_forward:0.324249267578125
INFO:trainer_layer_forward:0.48470497131347656
INFO:trainer_layer_forward:0.45752525329589844
INFO:trainer_layer_forward:0.3592967987060547
INFO:trainer_layer_forward:0.35834312438964844
INFO:trainer_layer_forward:0.3600120544433594
INFO:trainer_layer_forward:0.37288665771484375
INFO:trainer_layer_forward:0.38814544677734375
INFO:trainer_layer_forward:0.3364086151123047
INFO:trainer_layer_forward:0.3829002380371094
INFO:trainer_layer_forward:0.36907196044921875
INFO:trainer_layer_forward:0.3542900085449219
INFO:trainer_layer_forward:0.42366981506347656
INFO:trainer_layer_forward:0.3941059112548828
INFO:trainer_layer_forward:0.38361549377441406
INFO:trainer_layer_forward:0.33783912658691406
INFO:trainer_layer_forward:0.3619194030761719
INFO:trainer_layer_forward:0.2918243408203125
INFO:trainer_layer_forward:0.3230571746826172
INFO:trainer_layer_forward:0.3256797790527344
INFO:trainer_layer_forward:0.28967857360839844
INFO:trainer_layer_forward:0.30493736267089844
INFO:trainer_layer_forward:0.3275871276855469
INFO:trainer_layer_forward:0.30517578125
INFO:trainer_layer_forward:0.2918243408203125
INFO:trainer_layer_forward:0.3018379211425781
INFO:trainer_layer_forward:0.3268718719482422
INFO:trainer_layer_forward:0.3008842468261719
INFO:trainer_layer_forward:0.3018379211425781
INFO:trainer_layer_forward:0.2949237823486328
INFO:trainer_layer_forward:0.2887248992919922
INFO:trainer_layer_forward:0.3521442413330078
INFO:trainer_layer_forward:0.5400180816650391
INFO:trainer_layer_forward:0.42510032653808594
INFO:trainer_layer_forward:0.3960132598876953
INFO:trainer_layer_forward:0.3039836883544922
INFO:trainer_layer_forward:0.3368854522705078
INFO:trainer_layer_forward:0.29659271240234375
INFO:trainer_layer_forward:0.3116130828857422
INFO:trainer_layer_forward:0.36644935607910156
INFO:trainer_layer_forward:0.29969215393066406
INFO:trainer_layer_forward:0.29969215393066406
INFO:trainer_layer_forward:0.2827644348144531
INFO:trainer_layer_forward:0.31375885009765625
INFO:trainer_layer_forward:0.2894401550292969
INFO:trainer_layer_forward:0.2884864807128906
INFO:trainer_layer_forward:0.27298927307128906
INFO:trainer_layer_forward:0.370025634765625
INFO:trainer_layer_forward:0.39076805114746094
INFO:trainer_layer_forward:0.339508056640625
INFO:trainer_layer_forward:0.3578662872314453
INFO:trainer_layer_forward:0.3771781921386719
INFO:trainer_layer_forward:0.39839744567871094
INFO:trainer_layer_forward:0.3123283386230469
INFO:trainer_layer_forward:0.3139972686767578
INFO:trainer_layer_forward:0.2675056457519531
INFO:trainer_layer_forward:0.33974647521972656
INFO:trainer_layer_forward:0.3304481506347656
INFO:trainer_layer_forward:0.3020763397216797
INFO:trainer_layer_forward:0.4570484161376953
INFO:trainer_layer_forward:0.347137451171875
INFO:trainer_layer_forward:0.5407333374023438
INFO:trainer_layer_forward:0.33354759216308594
INFO:trainer_layer_forward:0.3306865692138672
INFO:trainer_layer_forward:0.347137451171875
INFO:trainer_layer_forward:0.2803802490234375
INFO:trainer_layer_forward:0.2951622009277344
INFO:trainer_layer_forward:0.7088184356689453
INFO:trainer_layer_forward:0.7169246673583984
INFO:trainer_layer_forward:0.33593177795410156
INFO:trainer_layer_forward:0.3113746643066406
INFO:trainer_layer_forward:0.3066062927246094
INFO:trainer_layer_forward:0.27489662170410156
INFO:trainer_layer_forward:0.301361083984375
INFO:trainer_layer_forward:0.2880096435546875
INFO:trainer_layer_forward:0.33283233642578125
INFO:trainer_layer_forward:0.29659271240234375
INFO:trainer_layer_forward:0.270843505859375
INFO:trainer_layer_forward:0.6363391876220703
INFO:trainer_layer_forward:0.3116130828857422
INFO:trainer_layer_forward:0.3154277801513672
INFO:trainer_layer_forward:0.29587745666503906
INFO:trainer_layer_forward:0.2853870391845703
INFO:trainer_layer_forward:0.2827644348144531
INFO:trainer_layer_forward:0.3154277801513672
INFO:trainer_layer_forward:0.2987384796142578
INFO:trainer_layer_forward:0.3204345703125
INFO:trainer_layer_forward:0.2982616424560547
INFO:trainer_layer_forward:0.3783702850341797
INFO:trainer_layer_forward:0.3681182861328125
INFO:trainer_layer_forward:0.3559589385986328
INFO:trainer_layer_forward:0.3418922424316406
INFO:trainer_layer_forward:0.3159046173095703
INFO:trainer_layer_forward:0.3178119659423828
INFO:trainer_layer_forward:0.3116130828857422
INFO:trainer_layer_forward:0.30517578125
INFO:trainer_layer_forward:0.32329559326171875
INFO:trainer_layer_forward:0.34165382385253906
INFO:trainer_layer_forward:0.45990943908691406
INFO:trainer_layer_forward:0.8673667907714844
INFO:trainer_layer_forward:0.31948089599609375
INFO:trainer_layer_forward:0.3261566162109375
INFO:trainer_layer_forward:0.3046989440917969
INFO:trainer_layer_forward:0.31495094299316406
INFO:trainer_layer_forward:0.3387928009033203
INFO:trainer_layer_forward:0.324249267578125
INFO:trainer_layer_forward:0.28443336486816406
INFO:trainer_layer_forward:0.4267692565917969
INFO:trainer_layer_forward:0.2827644348144531
INFO:trainer_layer_forward:0.5693435668945312
INFO:trainer_layer_forward:0.28014183044433594
INFO:trainer_layer_forward:0.3657341003417969
INFO:trainer_layer_forward:0.26154518127441406
INFO:trainer_layer_forward:0.2956390380859375
INFO:trainer_layer_forward:0.26869773864746094
INFO:trainer_layer_forward:0.3046989440917969
INFO:trainer_layer_forward:0.2739429473876953
INFO:trainer_layer_forward:0.3020763397216797
INFO:trainer_layer_forward:0.37980079650878906
INFO:trainer_layer_forward:0.40078163146972656
INFO:trainer_layer_forward:0.3142356872558594
INFO:trainer_layer_forward:0.3185272216796875
INFO:trainer_layer_forward:0.27370452880859375
INFO:trainer_layer_forward:0.2956390380859375
INFO:trainer_layer_forward:0.2675056457519531
INFO:trainer_layer_forward:0.32138824462890625
INFO:trainer_layer_forward:0.2770423889160156
INFO:trainer_layer_forward:0.3077983856201172
INFO:trainer_layer_forward:0.3299713134765625
INFO:trainer_layer_forward:0.4856586456298828
INFO:trainer_layer_forward:0.553131103515625
INFO:trainer_layer_forward:0.4096031188964844
INFO:trainer_layer_forward:0.2715587615966797
INFO:trainer_layer_forward:0.3039836883544922
INFO:trainer_layer_forward:0.26702880859375
INFO:trainer_layer_forward:0.2894401550292969
INFO:trainer_layer_forward:0.26726722717285156
INFO:trainer_layer_forward:0.2970695495605469
INFO:trainer_layer_forward:0.26535987854003906
INFO:trainer_layer_forward:0.31828880310058594
INFO:trainer_layer_forward:0.5114078521728516
INFO:trainer_layer_forward:0.3848075866699219
INFO:trainer_layer_forward:0.3101825714111328
INFO:trainer_layer_forward:0.32067298889160156
INFO:trainer_layer_forward:0.2999305725097656
INFO:trainer_layer_forward:0.31757354736328125
INFO:trainer_layer_forward:0.28967857360839844
INFO:trainer_layer_forward:0.2808570861816406
INFO:trainer_layer_forward:0.30040740966796875
INFO:trainer_layer_forward:0.2923011779785156
INFO:trainer_layer_forward:0.38933753967285156
INFO:trainer_layer_forward:0.3097057342529297
INFO:trainer_layer_forward:0.4367828369140625
INFO:trainer_layer_forward:0.3459453582763672
INFO:trainer_layer_forward:0.42748451232910156
INFO:trainer_layer_forward:0.3104209899902344
INFO:trainer_layer_forward:0.27298927307128906
INFO:trainer_layer_forward:0.2732276916503906
INFO:trainer_layer_forward:0.3409385681152344
INFO:trainer_layer_forward:0.39124488830566406
INFO:trainer_layer_forward:0.43773651123046875
INFO:trainer_layer_forward:0.27108192443847656
INFO:trainer_layer_forward:0.2713203430175781
INFO:trainer_layer_forward:0.2751350402832031
INFO:trainer_layer_forward:0.3159046173095703
INFO:trainer_layer_forward:0.2856254577636719
INFO:trainer_layer_forward:0.2834796905517578
INFO:trainer_layer_forward:0.29206275939941406
INFO:trainer_layer_forward:0.5564689636230469
INFO:trainer_layer_forward:0.8962154388427734
INFO:trainer_layer_forward:0.34809112548828125
INFO:trainer_layer_forward:0.36787986755371094
INFO:trainer_layer_forward:0.30493736267089844
INFO:trainer_layer_forward:0.29397010803222656
INFO:trainer_layer_forward:0.286102294921875
INFO:trainer_layer_forward:0.3447532653808594
INFO:trainer_layer_forward:0.43129920959472656
INFO:trainer_layer_forward:0.7431507110595703
INFO:trainer_layer_forward:0.4925727844238281
INFO:trainer_layer_forward:0.44226646423339844
INFO:trainer_layer_forward:0.3409385681152344
INFO:trainer_layer_forward:0.3490447998046875
INFO:trainer_layer_forward:0.3387928009033203
INFO:trainer_layer_forward:0.4112720489501953
INFO:trainer_layer_forward:0.3628730773925781
INFO:trainer_layer_forward:0.36025047302246094
INFO:trainer_layer_forward:0.34308433532714844
INFO:trainer_layer_forward:0.5652904510498047
INFO:trainer_layer_forward:0.2682209014892578
INFO:trainer_layer_forward:0.3094673156738281
INFO:trainer_layer_forward:0.308990478515625
INFO:trainer_layer_forward:0.2942085266113281
INFO:trainer_layer_forward:0.3066062927246094
INFO:trainer_layer_forward:0.30732154846191406
INFO:trainer_layer_forward:0.3006458282470703
INFO:trainer_layer_forward:0.36334991455078125
INFO:trainer_layer_forward:0.2951622009277344
INFO:trainer_layer_forward:0.29015541076660156
INFO:trainer_layer_forward:0.35858154296875
INFO:trainer_layer_forward:0.31065940856933594
INFO:trainer_layer_forward:0.32520294189453125
INFO:trainer_layer_forward:0.2770423889160156
INFO:trainer_layer_forward:0.2956390380859375
INFO:trainer_layer_forward:0.3147125244140625
INFO:trainer_layer_forward:0.27942657470703125
INFO:trainer_layer_forward:0.35834312438964844
INFO:trainer_layer_forward:0.33664703369140625
INFO:trainer_layer_forward:0.31876564025878906
INFO:trainer_layer_forward:0.31375885009765625
INFO:trainer_layer_forward:0.3223419189453125
INFO:trainer_layer_forward:0.30803680419921875
INFO:trainer_layer_forward:0.2765655517578125
INFO:trainer_layer_forward:0.32448768615722656
INFO:trainer_layer_forward:0.42057037353515625
INFO:trainer_layer_forward:0.43511390686035156
INFO:trainer_layer_forward:0.3724098205566406
INFO:trainer_layer_forward:0.3325939178466797
INFO:trainer_layer_forward:0.3533363342285156
INFO:trainer_layer_forward:0.8575916290283203
INFO:trainer_layer_forward:0.31447410583496094
INFO:trainer_layer_forward:0.29349327087402344
INFO:trainer_layer_forward:0.3070831298828125
INFO:trainer_layer_forward:0.6709098815917969
INFO:trainer_layer_forward:0.33211708068847656
INFO:trainer_layer_forward:0.3228187561035156
INFO:trainer_layer_forward:0.36787986755371094
INFO:trainer_layer_forward:0.5600452423095703
INFO:trainer_layer_forward:0.3707408905029297
INFO:trainer_layer_forward:0.4057884216308594
INFO:trainer_layer_forward:0.34999847412109375
INFO:trainer_layer_forward:0.3292560577392578
INFO:trainer_layer_forward:0.3204345703125
INFO:trainer_layer_forward:0.30922889709472656
INFO:trainer_layer_forward:0.3046989440917969
INFO:trainer_layer_forward:0.3132820129394531
INFO:trainer_layer_forward:0.3032684326171875
INFO:trainer_layer_forward:0.3123283386230469
INFO:trainer_layer_forward:0.43010711669921875
INFO:trainer_layer_forward:0.5295276641845703
INFO:trainer_layer_forward:0.4520416259765625
INFO:trainer_layer_forward:0.5095005035400391
INFO:trainer_layer_forward:0.3094673156738281
INFO:trainer_layer_forward:0.3008842468261719
INFO:trainer_layer_forward:0.40435791015625
INFO:trainer_layer_forward:0.3325939178466797
INFO:trainer_layer_forward:0.39768218994140625
INFO:trainer_layer_forward:0.32711029052734375
INFO:trainer_layer_forward:0.3097057342529297
INFO:trainer_layer_forward:0.27298927307128906
INFO:trainer_layer_forward:0.2627372741699219
INFO:trainer_layer_forward:0.2613067626953125
INFO:trainer_layer_forward:0.2732276916503906
INFO:trainer_layer_forward:0.26416778564453125
INFO:trainer_layer_forward:0.2727508544921875
INFO:trainer_layer_forward:0.27179718017578125
INFO:trainer_layer_forward:0.3037452697753906
INFO:trainer_layer_forward:0.38170814514160156
INFO:trainer_layer_forward:0.3771781921386719
INFO:trainer_layer_forward:0.3161430358886719
INFO:trainer_layer_forward:0.3349781036376953
INFO:trainer_layer_forward:0.32520294189453125
INFO:trainer_layer_forward:0.31375885009765625
INFO:trainer_layer_forward:0.36144256591796875
INFO:trainer_layer_forward:0.5240440368652344
INFO:trainer_layer_forward:0.2899169921875
INFO:trainer_layer_forward:0.48422813415527344
INFO:trainer_layer_forward:0.392913818359375
INFO:trainer_layer_forward:0.31876564025878906
INFO:trainer_layer_forward:0.3154277801513672
INFO:trainer_layer_forward:0.308990478515625
INFO:trainer_layer_forward:0.3211498260498047
INFO:trainer_layer_forward:0.3108978271484375
INFO:trainer_layer_forward:0.6563663482666016
INFO:trainer_layer_forward:0.38123130798339844
INFO:trainer_layer_forward:0.3101825714111328
INFO:trainer_layer_forward:0.2880096435546875
INFO:trainer_layer_forward:0.32019615173339844
INFO:trainer_layer_forward:0.28705596923828125
INFO:trainer_layer_forward:0.27370452880859375
INFO:trainer_layer_forward:0.2796649932861328
INFO:trainer_layer_forward:0.30422210693359375
INFO:trainer_layer_forward:0.278472900390625
INFO:trainer_layer_forward:0.29158592224121094
INFO:trainer_layer_forward:0.39839744567871094
INFO:trainer_layer_forward:0.5924701690673828
INFO:trainer_layer_forward:0.5578994750976562
INFO:trainer_layer_forward:0.2751350402832031
INFO:trainer_layer_forward:0.2796649932861328
INFO:trainer_layer_forward:0.27823448181152344
INFO:trainer_layer_forward:0.2827644348144531
INFO:trainer_layer_forward:0.28777122497558594
INFO:trainer_layer_forward:0.2677440643310547
INFO:trainer_layer_forward:0.2722740173339844
INFO:trainer_layer_forward:0.2684593200683594
INFO:trainer_layer_forward:0.28395652770996094
INFO:trainer_layer_forward:0.4668235778808594
INFO:trainer_layer_forward:0.6589889526367188
INFO:trainer_layer_forward:0.3154277801513672
INFO:trainer_layer_forward:0.3337860107421875
INFO:trainer_layer_forward:0.3223419189453125
INFO:trainer_layer_forward:0.2899169921875
INFO:trainer_layer_forward:0.42319297790527344
INFO:trainer_layer_forward:0.453948974609375
INFO:trainer_layer_forward:0.4260540008544922
INFO:trainer_layer_forward:0.3058910369873047
INFO:trainer_layer_forward:0.3535747528076172
INFO:trainer_layer_forward:0.31447410583496094
INFO:trainer_layer_forward:0.3428459167480469
INFO:trainer_layer_forward:0.44918060302734375
INFO:trainer_layer_forward:0.3657341003417969
INFO:trainer_layer_forward:0.3726482391357422
INFO:trainer_layer_forward:0.5397796630859375
INFO:trainer_layer_forward:0.2837181091308594
INFO:trainer_layer_forward:0.2663135528564453
INFO:trainer_layer_forward:0.28634071350097656
INFO:trainer_layer_forward:0.2770423889160156
INFO:trainer_layer_forward:0.2701282501220703
INFO:trainer_layer_forward:0.2689361572265625
INFO:trainer_layer_forward:0.2703666687011719
INFO:trainer_layer_forward:0.26798248291015625
INFO:trainer_layer_forward:0.2834796905517578
INFO:trainer_layer_forward:0.38814544677734375
INFO:trainer_layer_forward:0.7536411285400391
INFO:trainer_layer_forward:0.3161430358886719
INFO:trainer_layer_forward:0.28061866760253906
INFO:trainer_layer_forward:0.26488304138183594
INFO:trainer_layer_forward:0.2703666687011719
INFO:trainer_layer_forward:0.27561187744140625
INFO:trainer_layer_forward:0.32019615173339844
INFO:trainer_layer_forward:0.2799034118652344
INFO:trainer_layer_forward:0.27489662170410156
INFO:trainer_layer_forward:0.38552284240722656
INFO:trainer_layer_forward:0.2911090850830078
INFO:trainer_layer_forward:0.4119873046875
INFO:trainer_layer_forward:0.2918243408203125
INFO:trainer_layer_forward:0.2715587615966797
INFO:trainer_layer_forward:0.2944469451904297
INFO:trainer_layer_forward:0.26702880859375
INFO:trainer_layer_forward:0.3154277801513672
INFO:trainer_layer_forward:0.2810955047607422
INFO:trainer_layer_forward:0.31495094299316406
INFO:trainer_layer_forward:0.2722740173339844
INFO:trainer_layer_forward:0.3287792205810547
INFO:trainer_layer_forward:0.38433074951171875
INFO:trainer_layer_forward:0.3364086151123047
INFO:trainer_layer_forward:0.2999305725097656
INFO:trainer_layer_forward:0.2815723419189453
INFO:trainer_layer_forward:0.26345252990722656
INFO:trainer_layer_forward:0.2651214599609375
INFO:trainer_layer_forward:0.26726722717285156
INFO:trainer_layer_forward:0.2818107604980469
INFO:trainer_layer_forward:0.2753734588623047
INFO:trainer_layer_forward:0.5893707275390625
INFO:trainer_layer_forward:0.30422210693359375
INFO:trainer_layer_forward:0.7026195526123047
INFO:trainer_layer_forward:0.3216266632080078
INFO:trainer_layer_forward:0.3275871276855469
INFO:trainer_layer_forward:0.3147125244140625
INFO:trainer_layer_forward:0.36072731018066406
INFO:trainer_layer_forward:0.27751922607421875
INFO:trainer_layer_forward:0.2753734588623047
INFO:trainer_layer_forward:0.4038810729980469
INFO:trainer_layer_forward:0.2911090850830078
INFO:trainer_layer_forward:0.5178451538085938
INFO:trainer_layer_forward:0.3075599670410156
INFO:trainer_layer_forward:0.2753734588623047
INFO:trainer_layer_forward:0.2720355987548828
INFO:trainer_layer_forward:0.2627372741699219
INFO:trainer_layer_forward:0.2732276916503906
INFO:trainer_layer_forward:0.27108192443847656
INFO:trainer_layer_forward:0.30803680419921875
INFO:trainer_layer_forward:0.28443336486816406
INFO:trainer_layer_forward:0.4360675811767578
INFO:trainer_layer_forward:0.5285739898681641
INFO:trainer_layer_forward:0.3743171691894531
INFO:trainer_layer_forward:0.274658203125
INFO:trainer_layer_forward:0.3070831298828125
INFO:trainer_layer_forward:0.3066062927246094
INFO:trainer_layer_forward:0.2982616424560547
INFO:trainer_layer_forward:0.2980232238769531
INFO:trainer_layer_forward:0.27561187744140625
INFO:trainer_layer_forward:0.2732276916503906
INFO:trainer_layer_forward:0.5447864532470703
INFO:trainer_layer_forward:0.2791881561279297
INFO:trainer_layer_forward:0.8437633514404297
INFO:trainer_layer_forward:0.31948089599609375
INFO:trainer_layer_forward:0.34165382385253906
INFO:trainer_layer_forward:0.2760887145996094
INFO:trainer_layer_forward:0.28514862060546875
INFO:trainer_layer_forward:0.3445148468017578
INFO:trainer_layer_forward:0.2789497375488281
INFO:trainer_layer_forward:0.29277801513671875
INFO:trainer_layer_forward:0.2665519714355469
INFO:trainer_layer_forward:0.3628730773925781
INFO:trainer_layer_forward:0.7922649383544922
INFO:trainer_layer_forward:0.3566741943359375
INFO:trainer_layer_forward:0.3209114074707031
INFO:trainer_layer_forward:0.2734661102294922
INFO:trainer_layer_forward:0.3046989440917969
INFO:trainer_layer_forward:0.2818107604980469
INFO:trainer_layer_forward:0.2963542938232422
INFO:trainer_layer_forward:0.2777576446533203
INFO:trainer_layer_forward:0.48089027404785156
INFO:trainer_layer_forward:0.579833984375
INFO:trainer_layer_forward:0.4379749298095703
INFO:trainer_layer_forward:0.2772808074951172
INFO:trainer_layer_forward:0.2720355987548828
INFO:trainer_layer_forward:0.26345252990722656
INFO:trainer_layer_forward:0.2911090850830078
INFO:trainer_layer_forward:0.27751922607421875
INFO:trainer_layer_forward:0.2872943878173828
INFO:trainer_layer_forward:0.2589225769042969
INFO:trainer_layer_forward:0.2655982971191406
INFO:trainer_layer_forward:0.3523826599121094
INFO:trainer_layer_forward:0.3039836883544922
INFO:trainer_layer_forward:0.2734661102294922
INFO:trainer_layer_forward:0.27108192443847656
INFO:trainer_layer_forward:0.2961158752441406
INFO:trainer_layer_forward:0.28252601623535156
INFO:trainer_layer_forward:0.2689361572265625
INFO:trainer_layer_forward:0.43892860412597656
INFO:trainer_layer_forward:0.36907196044921875
INFO:trainer_layer_forward:0.3254413604736328
INFO:trainer_layer_forward:1.104593276977539
INFO:trainer_layer_forward:0.4162788391113281
INFO:trainer_layer_forward:0.45037269592285156
INFO:trainer_layer_forward:0.47326087951660156
INFO:trainer_layer_forward:0.37384033203125
INFO:trainer_layer_forward:0.3676414489746094
INFO:trainer_layer_forward:0.3485679626464844
INFO:trainer_layer_forward:0.3457069396972656
INFO:trainer_layer_forward:0.3414154052734375
INFO:trainer_layer_forward:0.33593177795410156
INFO:trainer_layer_forward:0.3452301025390625
INFO:trainer_layer_forward:0.2913475036621094
INFO:trainer_layer_forward:0.453948974609375
INFO:trainer_layer_forward:0.3554821014404297
INFO:trainer_layer_forward:0.5071163177490234
INFO:trainer_layer_forward:0.4010200500488281
INFO:trainer_layer_forward:0.4889965057373047
INFO:trainer_layer_forward:0.31757354736328125
INFO:trainer_layer_forward:0.2734661102294922
INFO:trainer_layer_forward:0.27632713317871094
INFO:trainer_layer_forward:0.28252601623535156
INFO:trainer_layer_forward:0.2956390380859375
INFO:trainer_layer_forward:0.27561187744140625
INFO:trainer_layer_forward:0.3342628479003906
INFO:trainer_layer_forward:0.30732154846191406
INFO:trainer_layer_forward:0.31280517578125
INFO:trainer_layer_forward:0.3247261047363281
INFO:trainer_layer_forward:0.339508056640625
INFO:trainer_layer_forward:0.31447410583496094
INFO:trainer_layer_forward:0.5543231964111328
INFO:trainer_layer_forward:0.3809928894042969
INFO:trainer_layer_forward:0.3170967102050781
INFO:trainer_layer_forward:0.3364086151123047
INFO:trainer_layer_forward:0.3485679626464844
INFO:trainer_layer_forward:0.42700767517089844
INFO:trainer_layer_forward:0.31948089599609375
INFO:trainer_layer_forward:0.3001689910888672
INFO:trainer_layer_forward:0.30684471130371094
INFO:trainer_layer_forward:0.40078163146972656
INFO:trainer_layer_forward:0.5412101745605469
INFO:trainer_layer_forward:0.32782554626464844
INFO:trainer_layer_forward:0.2961158752441406
INFO:trainer_layer_forward:0.3886222839355469
INFO:trainer_layer_forward:0.34928321838378906
INFO:trainer_layer_forward:0.3674030303955078
INFO:trainer_layer_forward:0.3299713134765625
INFO:trainer_layer_forward:0.2722740173339844
INFO:trainer_layer_forward:0.2758502960205078
INFO:trainer_layer_forward:0.518798828125
INFO:trainer_layer_forward:0.33855438232421875
INFO:trainer_layer_forward:0.476837158203125
INFO:trainer_layer_forward:0.2868175506591797
INFO:trainer_layer_forward:0.34499168395996094
INFO:trainer_layer_forward:0.30541419982910156
INFO:trainer_layer_forward:0.31876564025878906
INFO:trainer_layer_forward:0.3039836883544922
INFO:trainer_layer_forward:0.3273487091064453
INFO:trainer_layer_forward:0.2942085266113281
INFO:trainer_layer_forward:0.40984153747558594
INFO:trainer_layer_forward:0.2980232238769531
INFO:trainer_layer_forward:0.3604888916015625
INFO:trainer_layer_forward:0.29659271240234375
INFO:trainer_layer_forward:0.33783912658691406
INFO:trainer_layer_forward:0.3218650817871094
INFO:trainer_layer_forward:0.3407001495361328
INFO:trainer_layer_forward:0.2751350402832031
INFO:trainer_layer_forward:0.31280517578125
INFO:trainer_layer_forward:0.28252601623535156
INFO:trainer_layer_forward:0.48089027404785156
INFO:trainer_layer_forward:0.6186962127685547
INFO:trainer_layer_forward:0.3159046173095703
INFO:trainer_layer_forward:0.33593177795410156
INFO:trainer_layer_forward:0.30994415283203125
INFO:trainer_layer_forward:0.3211498260498047
INFO:trainer_layer_forward:0.301361083984375
INFO:trainer_layer_forward:0.28586387634277344
INFO:trainer_layer_forward:0.3192424774169922
INFO:trainer_layer_forward:0.7350444793701172
INFO:trainer_layer_forward:0.3383159637451172
INFO:trainer_layer_forward:0.2911090850830078
INFO:trainer_layer_forward:0.29087066650390625
INFO:trainer_layer_forward:0.28014183044433594
INFO:trainer_layer_forward:0.27251243591308594
INFO:trainer_layer_forward:0.27680397033691406
INFO:trainer_layer_forward:0.26679039001464844
INFO:trainer_layer_forward:0.31685829162597656
INFO:trainer_layer_forward:0.5280971527099609
INFO:trainer_layer_forward:0.27942657470703125
INFO:trainer_layer_forward:0.2846717834472656
INFO:trainer_layer_forward:0.27298927307128906
INFO:trainer_layer_forward:0.3101825714111328
INFO:trainer_layer_forward:0.2799034118652344
INFO:trainer_layer_forward:0.28204917907714844
INFO:trainer_layer_forward:0.28324127197265625
INFO:trainer_layer_forward:0.4343986511230469
INFO:trainer_layer_forward:0.4119873046875
INFO:trainer_layer_forward:0.28443336486816406
INFO:trainer_layer_forward:0.2963542938232422
INFO:trainer_layer_forward:0.293731689453125
INFO:trainer_layer_forward:0.2765655517578125
INFO:trainer_layer_forward:0.2987384796142578
INFO:trainer_layer_forward:0.3230571746826172
INFO:trainer_layer_forward:0.47588348388671875
INFO:trainer_layer_forward:0.4143714904785156
INFO:trainer_layer_forward:0.33020973205566406
INFO:trainer_layer_forward:0.3139972686767578
INFO:trainer_layer_forward:0.2815723419189453
INFO:trainer_layer_forward:0.301361083984375
INFO:trainer_layer_forward:0.3094673156738281
INFO:trainer_layer_forward:0.29921531677246094
INFO:trainer_layer_forward:0.5619525909423828
INFO:trainer_layer_forward:0.5373954772949219
INFO:trainer_layer_forward:0.44155120849609375
INFO:trainer_layer_forward:0.301361083984375
INFO:trainer_layer_forward:0.2853870391845703
INFO:trainer_layer_forward:0.27251243591308594
INFO:trainer_layer_forward:0.2675056457519531
INFO:trainer_layer_forward:0.28443336486816406
INFO:trainer_layer_forward:0.2713203430175781
INFO:trainer_layer_forward:0.2703666687011719
INFO:trainer_layer_forward:0.3752708435058594
INFO:trainer_layer_forward:0.3762245178222656
INFO:trainer_layer_forward:0.3254413604736328
INFO:trainer_layer_forward:0.30303001403808594
INFO:trainer_layer_forward:0.32520294189453125
INFO:trainer_layer_forward:0.2980232238769531
INFO:trainer_layer_forward:0.2810955047607422
INFO:trainer_layer_forward:0.27179718017578125
INFO:trainer_layer_forward:0.2846717834472656
INFO:trainer_layer_forward:0.39577484130859375
INFO:trainer_layer_forward:0.4811286926269531
INFO:trainer_layer_forward:0.2751350402832031
INFO:trainer_layer_forward:0.2837181091308594
INFO:trainer_layer_forward:0.2796649932861328
INFO:trainer_layer_forward:0.2675056457519531
INFO:trainer_layer_forward:0.30803680419921875
INFO:trainer_layer_forward:0.2765655517578125
INFO:trainer_layer_forward:0.2841949462890625
INFO:trainer_layer_forward:0.2903938293457031
INFO:trainer_layer_forward:0.4398822784423828
INFO:trainer_layer_forward:0.3612041473388672
INFO:trainer_layer_forward:0.3254413604736328
INFO:trainer_layer_forward:0.32901763916015625
INFO:trainer_layer_forward:0.29730796813964844
INFO:trainer_layer_forward:0.2887248992919922
INFO:trainer_layer_forward:0.2880096435546875
INFO:trainer_layer_forward:0.27871131896972656
INFO:trainer_layer_forward:0.30994415283203125
INFO:trainer_layer_forward:0.27298927307128906
INFO:trainer_layer_forward:0.5121231079101562
INFO:trainer_layer_forward:0.5707740783691406
INFO:trainer_layer_forward:0.32329559326171875
INFO:trainer_layer_forward:0.2765655517578125
INFO:trainer_layer_forward:0.308990478515625
INFO:trainer_layer_forward:0.31185150146484375
INFO:trainer_layer_forward:0.27823448181152344
INFO:trainer_layer_forward:0.27298927307128906
INFO:trainer_layer_forward:0.3998279571533203
INFO:trainer_layer_forward:0.4057884216308594
INFO:trainer_layer_forward:0.3287792205810547
INFO:trainer_layer_forward:0.32448768615722656
INFO:trainer_layer_forward:0.2799034118652344
INFO:trainer_layer_forward:0.3101825714111328
INFO:trainer_layer_forward:0.2605915069580078
INFO:trainer_layer_forward:0.2579689025878906
INFO:trainer_layer_forward:0.2536773681640625
INFO:trainer_layer_forward:0.25963783264160156
INFO:trainer_layer_forward:0.5848407745361328
INFO:trainer_layer_forward:0.3304481506347656
INFO:trainer_layer_forward:0.30303001403808594
INFO:trainer_layer_forward:0.2930164337158203
INFO:trainer_layer_forward:0.2932548522949219
INFO:trainer_layer_forward:0.29540061950683594
INFO:trainer_layer_forward:0.26798248291015625
INFO:trainer_layer_forward:0.28228759765625
INFO:trainer_layer_forward:0.29778480529785156
INFO:trainer_layer_forward:0.5342960357666016
INFO:trainer_layer_forward:0.4067420959472656
INFO:trainer_layer_forward:0.34427642822265625
INFO:trainer_layer_forward:0.29540061950683594
INFO:trainer_layer_forward:0.2849102020263672
INFO:trainer_layer_forward:0.29754638671875
INFO:trainer_layer_forward:0.27942657470703125
INFO:trainer_layer_forward:0.2911090850830078
INFO:trainer_layer_forward:0.31375885009765625
INFO:trainer_layer_forward:0.46896934509277344
INFO:trainer_layer_forward:0.7641315460205078
INFO:trainer_layer_forward:0.3352165222167969
INFO:trainer_layer_forward:0.2760887145996094
INFO:trainer_layer_forward:0.2884864807128906
INFO:trainer_layer_forward:0.2598762512207031
INFO:trainer_layer_forward:0.3025531768798828
INFO:trainer_layer_forward:0.29397010803222656
INFO:trainer_layer_forward:0.2722740173339844
INFO:trainer_layer_forward:0.29087066650390625
INFO:trainer_layer_forward:0.3046989440917969
INFO:trainer_layer_forward:0.4677772521972656
INFO:trainer_layer_forward:0.3342628479003906
INFO:trainer_layer_forward:0.3800392150878906
INFO:trainer_layer_forward:0.3218650817871094
INFO:trainer_layer_forward:0.2627372741699219
INFO:trainer_layer_forward:0.26798248291015625
INFO:trainer_layer_forward:0.2779960632324219
INFO:trainer_layer_forward:0.5853176116943359
INFO:trainer_layer_forward:0.3032684326171875
INFO:trainer_layer_forward:0.3237724304199219
INFO:trainer_layer_forward:0.30994415283203125
INFO:trainer_layer_forward:0.3428459167480469
INFO:trainer_layer_forward:0.24747848510742188
INFO:trainer_layer_forward:0.2505779266357422
INFO:trainer_layer_forward:0.25343894958496094
INFO:trainer_layer_forward:0.2448558807373047
INFO:trainer_layer_forward:0.27942657470703125
INFO:trainer_layer_forward:0.26917457580566406
INFO:trainer_layer_forward:0.42057037353515625
INFO:trainer_layer_forward:0.7302761077880859
INFO:trainer_layer_forward:0.4239082336425781
INFO:trainer_layer_forward:0.4215240478515625
INFO:trainer_layer_forward:0.2837181091308594
INFO:trainer_layer_forward:0.3249645233154297
INFO:trainer_layer_forward:0.30159950256347656
INFO:trainer_layer_forward:0.2810955047607422
INFO:trainer_layer_forward:0.4620552062988281
INFO:trainer_layer_forward:0.5974769592285156
INFO:trainer_layer_forward:0.5307197570800781
INFO:trainer_layer_forward:0.44798851013183594
INFO:trainer_layer_forward:0.4203319549560547
INFO:trainer_layer_forward:0.47326087951660156
INFO:trainer_layer_forward:0.3745555877685547
INFO:trainer_layer_forward:0.3705024719238281
INFO:trainer_layer_forward:0.4055500030517578
INFO:trainer_layer_forward:0.8995532989501953
INFO:trainer_layer_forward:0.33092498779296875
INFO:trainer_layer_forward:0.3407001495361328
INFO:trainer_layer_forward:0.331878662109375
INFO:trainer_layer_forward:0.3333091735839844
INFO:trainer_layer_forward:0.2837181091308594
INFO:trainer_layer_forward:0.3075599670410156
INFO:trainer_layer_forward:0.28014183044433594
INFO:trainer_layer_forward:0.3426074981689453
INFO:trainer_layer_forward:0.3368854522705078
INFO:trainer_layer_forward:0.2951622009277344
INFO:trainer_layer_forward:0.3333091735839844
INFO:trainer_layer_forward:0.31256675720214844
INFO:trainer_layer_forward:0.3402233123779297
INFO:trainer_layer_forward:0.3383159637451172
INFO:trainer_layer_forward:0.3635883331298828
INFO:trainer_layer_forward:0.34618377685546875
INFO:trainer_layer_forward:0.3414154052734375
INFO:trainer_layer_forward:0.30994415283203125
INFO:trainer_layer_forward:0.30994415283203125
INFO:trainer_layer_forward:0.3044605255126953
INFO:trainer_layer_forward:0.28896331787109375
INFO:trainer_layer_forward:0.2830028533935547
INFO:trainer_layer_forward:0.33402442932128906
INFO:trainer_layer_forward:0.39386749267578125
INFO:trainer_layer_forward:0.4153251647949219
INFO:trainer_layer_forward:0.47779083251953125
INFO:trainer_layer_forward:0.362396240234375
INFO:trainer_layer_forward:0.3261566162109375
INFO:trainer_layer_forward:0.4055500030517578
INFO:trainer_layer_forward:0.3914833068847656
INFO:trainer_layer_forward:0.33092498779296875
INFO:trainer_layer_forward:0.33545494079589844
INFO:trainer_layer_forward:0.41794776916503906
INFO:trainer_layer_forward:0.4222393035888672
INFO:trainer_layer_forward:0.5042552947998047
INFO:trainer_layer_forward:0.5497932434082031
INFO:trainer_layer_forward:0.32067298889160156
INFO:trainer_layer_forward:0.3528594970703125
INFO:trainer_layer_forward:0.35190582275390625
INFO:trainer_layer_forward:0.34880638122558594
INFO:trainer_layer_forward:0.3294944763183594
INFO:trainer_layer_forward:0.3437995910644531
INFO:trainer_layer_forward:0.274658203125
INFO:trainer_layer_forward:0.5049705505371094
INFO:trainer_layer_forward:0.5426406860351562
INFO:trainer_layer_forward:0.6799697875976562
INFO:trainer_layer_forward:0.28824806213378906
INFO:trainer_layer_forward:0.3266334533691406
INFO:trainer_layer_forward:0.2923011779785156
INFO:trainer_layer_forward:0.2970695495605469
INFO:trainer_layer_forward:0.2739429473876953
INFO:trainer_layer_forward:0.2701282501220703
INFO:trainer_layer_forward:0.2970695495605469
INFO:trainer_layer_forward:0.5130767822265625
INFO:trainer_layer_forward:0.3800392150878906
INFO:trainer_layer_forward:0.29349327087402344
INFO:trainer_layer_forward:0.28324127197265625
INFO:trainer_layer_forward:0.3170967102050781
INFO:trainer_layer_forward:0.2925395965576172
INFO:trainer_layer_forward:0.28061866760253906
INFO:trainer_layer_forward:0.2892017364501953
INFO:trainer_layer_forward:0.2803802490234375
INFO:trainer_layer_forward:0.2770423889160156
INFO:trainer_layer_forward:0.3848075866699219
INFO:trainer_layer_forward:0.3960132598876953
INFO:trainer_layer_forward:0.3628730773925781
INFO:trainer_layer_forward:0.3006458282470703
INFO:trainer_layer_forward:0.35858154296875
INFO:trainer_layer_forward:0.28777122497558594
INFO:trainer_layer_forward:0.3275871276855469
INFO:trainer_layer_forward:0.28705596923828125
INFO:trainer_layer_forward:0.3440380096435547
INFO:trainer_layer_forward:0.2841949462890625
INFO:trainer_layer_forward:0.41294097900390625
INFO:trainer_layer_forward:0.31876564025878906
INFO:trainer_layer_forward:0.2779960632324219
INFO:trainer_layer_forward:0.28824806213378906
INFO:trainer_layer_forward:0.2799034118652344
INFO:trainer_layer_forward:0.28705596923828125
INFO:trainer_layer_forward:0.278472900390625
INFO:trainer_layer_forward:0.27680397033691406
INFO:trainer_layer_forward:0.2772808074951172
INFO:trainer_layer_forward:0.32520294189453125
INFO:trainer_layer_forward:0.43845176696777344
INFO:trainer_layer_forward:0.301361083984375
INFO:trainer_layer_forward:0.3101825714111328
INFO:trainer_layer_forward:0.27489662170410156
INFO:trainer_layer_forward:0.3097057342529297
INFO:trainer_layer_forward:0.2646446228027344
INFO:trainer_layer_forward:0.32210350036621094
INFO:trainer_layer_forward:0.2949237823486328
INFO:trainer_layer_forward:0.30112266540527344
INFO:trainer_layer_forward:0.32591819763183594
INFO:trainer_layer_forward:0.3314018249511719
INFO:trainer_layer_forward:0.29754638671875
INFO:trainer_layer_forward:0.3230571746826172
INFO:trainer_layer_forward:0.2727508544921875
INFO:trainer_layer_forward:0.2777576446533203
INFO:trainer_layer_forward:0.29754638671875
INFO:trainer_layer_forward:0.2994537353515625
INFO:trainer_layer_forward:0.2980232238769531
INFO:trainer_layer_forward:0.30159950256347656
INFO:trainer_layer_forward:0.3101825714111328
INFO:trainer_layer_forward:0.49567222595214844
INFO:trainer_layer_forward:0.3528594970703125
INFO:trainer_layer_forward:0.3120899200439453
INFO:trainer_layer_forward:0.2727508544921875
INFO:trainer_layer_forward:0.31876564025878906
INFO:trainer_layer_forward:0.286102294921875
INFO:trainer_layer_forward:0.2911090850830078
INFO:trainer_layer_forward:0.2765655517578125
INFO:trainer_layer_forward:0.3960132598876953
INFO:trainer_layer_forward:0.2796649932861328
INFO:trainer_layer_forward:0.5812644958496094
INFO:trainer_layer_forward:0.3120899200439453
INFO:trainer_layer_forward:0.35262107849121094
INFO:trainer_layer_forward:0.2741813659667969
INFO:trainer_layer_forward:0.30732154846191406
INFO:trainer_layer_forward:0.26988983154296875
INFO:trainer_layer_forward:0.2872943878173828
INFO:trainer_layer_forward:0.3046989440917969
INFO:trainer_layer_forward:0.41484832763671875
INFO:trainer_layer_forward:0.3647804260253906
INFO:trainer_layer_forward:0.32019615173339844
INFO:trainer_layer_forward:0.36072731018066406
INFO:trainer_layer_forward:0.335693359375
INFO:trainer_layer_forward:0.30303001403808594
INFO:trainer_layer_forward:0.335693359375
INFO:trainer_layer_forward:0.6816387176513672
INFO:trainer_layer_forward:0.4832744598388672
INFO:trainer_layer_forward:0.6682872772216797
INFO:trainer_layer_forward:0.31113624572753906
INFO:trainer_layer_forward:0.2830028533935547
INFO:trainer_layer_forward:0.2758502960205078
INFO:trainer_layer_forward:0.2701282501220703
INFO:trainer_layer_forward:0.27632713317871094
INFO:trainer_layer_forward:0.2753734588623047
INFO:trainer_layer_forward:0.29087066650390625
INFO:trainer_layer_forward:0.28777122497558594
INFO:trainer_layer_forward:0.4017353057861328
INFO:trainer_layer_forward:0.31113624572753906
INFO:trainer_layer_forward:0.3447532653808594
INFO:trainer_layer_forward:0.3437995910644531
INFO:trainer_layer_forward:0.3352165222167969
INFO:trainer_layer_forward:0.38933753967285156
INFO:trainer_layer_forward:0.3371238708496094
INFO:trainer_layer_forward:0.34427642822265625
INFO:trainer_layer_forward:0.4291534423828125
INFO:trainer_layer_forward:0.38909912109375
INFO:trainer_layer_forward:0.3330707550048828
INFO:trainer_layer_forward:0.33354759216308594
INFO:trainer_layer_forward:0.3230571746826172
INFO:trainer_layer_forward:0.30517578125
INFO:trainer_layer_forward:0.28252601623535156
INFO:trainer_layer_forward:0.4661083221435547
INFO:trainer_layer_forward:0.5481243133544922
INFO:trainer_layer_forward:0.41484832763671875
INFO:trainer_layer_forward:0.3159046173095703
INFO:trainer_layer_forward:0.27298927307128906
INFO:trainer_layer_forward:0.2727508544921875
INFO:trainer_layer_forward:0.2682209014892578
INFO:trainer_layer_forward:0.2696514129638672
INFO:trainer_layer_forward:0.26869773864746094
INFO:trainer_layer_forward:0.26679039001464844
INFO:trainer_layer_forward:0.4763603210449219
INFO:trainer_layer_forward:0.4775524139404297
INFO:trainer_layer_forward:0.38623809814453125
INFO:trainer_layer_forward:0.286102294921875
INFO:trainer_layer_forward:0.3452301025390625
INFO:trainer_layer_forward:0.3075599670410156
INFO:trainer_layer_forward:0.3464221954345703
INFO:trainer_layer_forward:0.2751350402832031
INFO:trainer_layer_forward:0.3294944763183594
INFO:trainer_layer_forward:0.29587745666503906
INFO:trainer_layer_forward:0.4506111145019531
INFO:trainer_layer_forward:0.3001689910888672
INFO:trainer_layer_forward:0.316619873046875
INFO:trainer_layer_forward:0.2696514129638672
INFO:trainer_layer_forward:0.2872943878173828
INFO:trainer_layer_forward:0.2646446228027344
INFO:trainer_layer_forward:0.2880096435546875
INFO:trainer_layer_forward:0.31948089599609375
INFO:trainer_layer_forward:0.7615089416503906
INFO:trainer_layer_forward:0.2994537353515625
INFO:trainer_layer_forward:0.4184246063232422
INFO:trainer_layer_forward:0.28061866760253906
INFO:trainer_layer_forward:0.32782554626464844
INFO:trainer_layer_forward:0.3151893615722656
INFO:trainer_layer_forward:0.3218650817871094
INFO:trainer_layer_forward:0.29015541076660156
INFO:trainer_layer_forward:0.3132820129394531
INFO:trainer_layer_forward:0.28777122497558594
INFO:trainer_layer_forward:0.3657341003417969
INFO:trainer_layer_forward:0.3333091735839844
INFO:trainer_layer_forward:0.30684471130371094
INFO:trainer_layer_forward:0.29754638671875
INFO:trainer_layer_forward:0.2906322479248047
INFO:trainer_layer_forward:0.46539306640625
INFO:trainer_layer_forward:0.42438507080078125
INFO:trainer_layer_forward:0.3535747528076172
INFO:trainer_layer_forward:0.3781318664550781
INFO:trainer_layer_forward:0.5359649658203125
INFO:trainer_layer_forward:0.30875205993652344
INFO:trainer_layer_forward:0.2772808074951172
INFO:trainer_layer_forward:0.28228759765625
INFO:trainer_layer_forward:0.2827644348144531
INFO:trainer_layer_forward:0.2696514129638672
INFO:trainer_layer_forward:0.347137451171875
INFO:trainer_layer_forward:0.713348388671875
INFO:trainer_layer_forward:0.2830028533935547
INFO:trainer_layer_forward:0.29778480529785156
INFO:trainer_layer_forward:0.3879070281982422
INFO:trainer_layer_forward:0.4165172576904297
INFO:trainer_layer_forward:0.3726482391357422
INFO:trainer_layer_forward:0.3666877746582031
INFO:trainer_layer_forward:0.2799034118652344
INFO:trainer_layer_forward:0.5331039428710938
INFO:trainer_layer_forward:0.3428459167480469
INFO:trainer_layer_forward:0.5564689636230469
INFO:trainer_layer_forward:0.3032684326171875
INFO:trainer_layer_forward:0.6241798400878906
INFO:trainer_layer_forward:0.29015541076660156
INFO:trainer_layer_forward:0.28133392333984375
INFO:trainer_layer_forward:0.278472900390625
INFO:trainer_layer_forward:0.28324127197265625
INFO:trainer_layer_forward:0.28324127197265625
INFO:trainer_layer_forward:0.34356117248535156
INFO:trainer_layer_forward:0.2677440643310547
INFO:trainer_layer_forward:0.27561187744140625
INFO:trainer_layer_forward:0.576019287109375
INFO:trainer_layer_forward:0.27370452880859375
INFO:trainer_layer_forward:0.3635883331298828
INFO:trainer_layer_forward:0.3464221954345703
INFO:trainer_layer_forward:0.37169456481933594
INFO:trainer_layer_forward:0.2808570861816406
INFO:trainer_layer_forward:0.2677440643310547
INFO:trainer_layer_forward:0.431060791015625
INFO:trainer_layer_forward:0.49495697021484375
INFO:trainer_layer_forward:0.8008480072021484
INFO:trainer_layer_forward:0.34880638122558594
INFO:trainer_layer_forward:0.3037452697753906
INFO:trainer_layer_forward:0.2663135528564453
INFO:trainer_layer_forward:0.3483295440673828
INFO:trainer_layer_forward:0.3178119659423828
INFO:trainer_layer_forward:0.3349781036376953
INFO:trainer_layer_forward:0.3414154052734375
INFO:trainer_layer_forward:0.3364086151123047
INFO:trainer_layer_forward:0.3268718719482422
INFO:trainer_layer_forward:0.34427642822265625
INFO:trainer_layer_forward:0.4105567932128906
INFO:trainer_layer_forward:0.48232078552246094
INFO:trainer_layer_forward:0.38242340087890625
INFO:trainer_layer_forward:0.5767345428466797
INFO:trainer_layer_forward:0.2894401550292969
INFO:trainer_layer_forward:0.3104209899902344
INFO:trainer_layer_forward:0.3414154052734375
INFO:trainer_layer_forward:0.3154277801513672
INFO:trainer_layer_forward:0.3070831298828125
INFO:trainer_layer_forward:0.2853870391845703
INFO:trainer_layer_forward:0.2865791320800781
INFO:trainer_layer_forward:0.24318695068359375
INFO:trainer_layer_forward:0.30994415283203125
INFO:trainer_layer_forward:0.32067298889160156
INFO:trainer_layer_forward:0.36263465881347656
INFO:trainer_layer_forward:0.3368854522705078
INFO:trainer_layer_forward:0.34165382385253906
INFO:trainer_layer_forward:0.30517578125
INFO:trainer_layer_forward:0.3581047058105469
INFO:trainer_layer_forward:0.3306865692138672
INFO:trainer_layer_forward:0.32806396484375
INFO:trainer_layer_forward:0.324249267578125
INFO:trainer_layer_forward:0.4763603210449219
INFO:trainer_layer_forward:0.2720355987548828
INFO:trainer_layer_forward:0.2536773681640625
INFO:trainer_layer_forward:0.24819374084472656
INFO:trainer_layer_forward:0.2524852752685547
INFO:trainer_layer_forward:0.3192424774169922
INFO:trainer_layer_forward:0.6787776947021484
INFO:trainer_layer_forward:0.2613067626953125
INFO:trainer_layer_forward:0.2593994140625
INFO:trainer_layer_forward:0.26679039001464844
INFO:trainer_layer_forward:0.3299713134765625
INFO:trainer_layer_forward:0.3170967102050781
INFO:trainer_layer_forward:0.3001689910888672
INFO:trainer_layer_forward:0.2930164337158203
INFO:trainer_layer_forward:0.2536773681640625
INFO:trainer_layer_forward:0.244140625
INFO:trainer_layer_forward:0.25391578674316406
INFO:trainer_layer_forward:0.244140625
INFO:trainer_layer_forward:0.5421638488769531
INFO:trainer_layer_forward:0.2715587615966797
INFO:trainer_layer_forward:0.2963542938232422
INFO:trainer_layer_forward:0.37479400634765625
INFO:trainer_layer_forward:0.27179718017578125
INFO:trainer_layer_forward:0.24557113647460938
INFO:trainer_layer_forward:0.25010108947753906
INFO:trainer_layer_forward:0.24199485778808594
INFO:trainer_layer_forward:0.3998279571533203
INFO:trainer_layer_forward:0.7088184356689453
INFO:trainer_layer_forward:0.2932548522949219
INFO:trainer_layer_forward:0.6012916564941406
INFO:trainer_layer_forward:0.2856254577636719
INFO:trainer_layer_forward:0.7219314575195312
INFO:trainer_layer_forward:0.2772808074951172
INFO:trainer_layer_forward:0.27441978454589844
INFO:trainer_layer_forward:0.25010108947753906
INFO:trainer_layer_forward:0.24199485778808594
INFO:trainer_layer_forward:0.24580955505371094
INFO:trainer_layer_forward:0.24199485778808594
INFO:trainer_layer_forward:0.24580955505371094
INFO:trainer_layer_forward:0.2460479736328125
INFO:trainer_layer_forward:0.35119056701660156
