INFO:trainer_layer_forward:CNNEx | mnist
INFO:trainer_layer_forward:in_size : 64 | epochs : 1 | batch : 1
INFO:trainer_layer_forward:kernel_l1 : 33 | 
INFO:trainer_layer_forward:o_channels_l1 : 20 | 
INFO:trainer_layer_forward:learn_num_train : 1000 | learn_num_validate : 0 
INFO:trainer_layer_forward::::::::::::::::::::::::::::::::::::::::::::::::::::::::::::
INFO:trainer_layer_forward:message : cnn_conv2 
INFO:trainer_layer_forward::::::::::::::::::::::::::::::::::::::::::::::::::::::::::::
INFO:trainer_layer_forward:Ave_Time : 0.3064223010130603
INFO:trainer_layer_forward::::::::::::::::::::::::::::::::::::::::::::::::::::::::::::
INFO:trainer_layer_forward:0.38814544677734375
INFO:trainer_layer_forward:0.31185150146484375
INFO:trainer_layer_forward:0.5452632904052734
INFO:trainer_layer_forward:0.23102760314941406
INFO:trainer_layer_forward:0.3120899200439453
INFO:trainer_layer_forward:0.27179718017578125
INFO:trainer_layer_forward:0.20647048950195312
INFO:trainer_layer_forward:0.2090930938720703
INFO:trainer_layer_forward:0.20503997802734375
INFO:trainer_layer_forward:0.2105236053466797
INFO:trainer_layer_forward:0.20694732666015625
INFO:trainer_layer_forward:0.20813941955566406
INFO:trainer_layer_forward:0.2300739288330078
INFO:trainer_layer_forward:0.2856254577636719
INFO:trainer_layer_forward:0.2589225769042969
INFO:trainer_layer_forward:0.26679039001464844
INFO:trainer_layer_forward:0.6709098815917969
INFO:trainer_layer_forward:0.3409385681152344
INFO:trainer_layer_forward:0.2810955047607422
INFO:trainer_layer_forward:0.3502368927001953
INFO:trainer_layer_forward:0.4248619079589844
INFO:trainer_layer_forward:0.3991127014160156
INFO:trainer_layer_forward:0.7598400115966797
INFO:trainer_layer_forward:0.33092498779296875
INFO:trainer_layer_forward:0.3979206085205078
INFO:trainer_layer_forward:0.4031658172607422
INFO:trainer_layer_forward:0.34618377685546875
INFO:trainer_layer_forward:0.3826618194580078
INFO:trainer_layer_forward:0.2665519714355469
INFO:trainer_layer_forward:0.3688335418701172
INFO:trainer_layer_forward:0.9129047393798828
INFO:trainer_layer_forward:0.4723072052001953
INFO:trainer_layer_forward:0.4336833953857422
INFO:trainer_layer_forward:0.34737586975097656
INFO:trainer_layer_forward:0.34809112548828125
INFO:trainer_layer_forward:0.3604888916015625
INFO:trainer_layer_forward:0.37479400634765625
INFO:trainer_layer_forward:0.4839897155761719
INFO:trainer_layer_forward:0.35262107849121094
INFO:trainer_layer_forward:0.25081634521484375
INFO:trainer_layer_forward:0.35309791564941406
INFO:trainer_layer_forward:0.23746490478515625
INFO:trainer_layer_forward:0.26106834411621094
INFO:trainer_layer_forward:0.2682209014892578
INFO:trainer_layer_forward:0.3018379211425781
INFO:trainer_layer_forward:0.5402565002441406
INFO:trainer_layer_forward:0.3046989440917969
INFO:trainer_layer_forward:0.5626678466796875
INFO:trainer_layer_forward:0.46944618225097656
INFO:trainer_layer_forward:0.39839744567871094
INFO:trainer_layer_forward:0.45561790466308594
INFO:trainer_layer_forward:0.6313323974609375
INFO:trainer_layer_forward:0.27179718017578125
INFO:trainer_layer_forward:0.3345012664794922
INFO:trainer_layer_forward:0.3647804260253906
INFO:trainer_layer_forward:0.23746490478515625
INFO:trainer_layer_forward:0.25153160095214844
INFO:trainer_layer_forward:0.24652481079101562
INFO:trainer_layer_forward:0.21219253540039062
INFO:trainer_layer_forward:0.23555755615234375
INFO:trainer_layer_forward:0.23698806762695312
INFO:trainer_layer_forward:0.24175643920898438
INFO:trainer_layer_forward:0.25582313537597656
INFO:trainer_layer_forward:0.6232261657714844
INFO:trainer_layer_forward:0.3230571746826172
INFO:trainer_layer_forward:0.3147125244140625
INFO:trainer_layer_forward:0.2617835998535156
INFO:trainer_layer_forward:0.2913475036621094
INFO:trainer_layer_forward:0.3027915954589844
INFO:trainer_layer_forward:0.20575523376464844
INFO:trainer_layer_forward:0.45299530029296875
INFO:trainer_layer_forward:0.23937225341796875
INFO:trainer_layer_forward:0.5633831024169922
INFO:trainer_layer_forward:0.3523826599121094
INFO:trainer_layer_forward:0.2124309539794922
INFO:trainer_layer_forward:0.2009868621826172
INFO:trainer_layer_forward:0.20647048950195312
INFO:trainer_layer_forward:0.20241737365722656
INFO:trainer_layer_forward:0.2048015594482422
INFO:trainer_layer_forward:0.24509429931640625
INFO:trainer_layer_forward:0.244140625
INFO:trainer_layer_forward:0.37384033203125
INFO:trainer_layer_forward:0.2181529998779297
INFO:trainer_layer_forward:0.2739429473876953
INFO:trainer_layer_forward:0.26869773864746094
INFO:trainer_layer_forward:0.27632713317871094
INFO:trainer_layer_forward:0.293731689453125
INFO:trainer_layer_forward:0.255584716796875
INFO:trainer_layer_forward:0.24247169494628906
INFO:trainer_layer_forward:0.2777576446533203
INFO:trainer_layer_forward:0.29659271240234375
INFO:trainer_layer_forward:0.21219253540039062
INFO:trainer_layer_forward:0.19550323486328125
INFO:trainer_layer_forward:0.3299713134765625
INFO:trainer_layer_forward:0.2434253692626953
INFO:trainer_layer_forward:0.23412704467773438
INFO:trainer_layer_forward:0.25463104248046875
INFO:trainer_layer_forward:0.22411346435546875
INFO:trainer_layer_forward:0.2391338348388672
INFO:trainer_layer_forward:0.2532005310058594
INFO:trainer_layer_forward:0.24080276489257812
INFO:trainer_layer_forward:0.2589225769042969
INFO:trainer_layer_forward:0.22745132446289062
INFO:trainer_layer_forward:0.21791458129882812
INFO:trainer_layer_forward:0.2295970916748047
INFO:trainer_layer_forward:0.22077560424804688
INFO:trainer_layer_forward:0.34880638122558594
INFO:trainer_layer_forward:0.5567073822021484
INFO:trainer_layer_forward:0.20933151245117188
INFO:trainer_layer_forward:0.2472400665283203
INFO:trainer_layer_forward:0.2505779266357422
INFO:trainer_layer_forward:0.2849102020263672
INFO:trainer_layer_forward:0.6015300750732422
INFO:trainer_layer_forward:0.3256797790527344
INFO:trainer_layer_forward:0.2613067626953125
INFO:trainer_layer_forward:0.21457672119140625
INFO:trainer_layer_forward:0.20885467529296875
INFO:trainer_layer_forward:0.22220611572265625
INFO:trainer_layer_forward:0.2770423889160156
INFO:trainer_layer_forward:0.24771690368652344
INFO:trainer_layer_forward:0.2205371856689453
INFO:trainer_layer_forward:0.232696533203125
INFO:trainer_layer_forward:0.213623046875
INFO:trainer_layer_forward:0.24580955505371094
INFO:trainer_layer_forward:0.22125244140625
INFO:trainer_layer_forward:0.23555755615234375
INFO:trainer_layer_forward:0.2167224884033203
INFO:trainer_layer_forward:0.19741058349609375
INFO:trainer_layer_forward:0.2219676971435547
INFO:trainer_layer_forward:0.2143383026123047
INFO:trainer_layer_forward:0.22935867309570312
INFO:trainer_layer_forward:0.24652481079101562
INFO:trainer_layer_forward:0.5736351013183594
INFO:trainer_layer_forward:0.2205371856689453
INFO:trainer_layer_forward:0.21791458129882812
INFO:trainer_layer_forward:0.22363662719726562
INFO:trainer_layer_forward:0.2155303955078125
INFO:trainer_layer_forward:0.25391578674316406
INFO:trainer_layer_forward:0.2560615539550781
INFO:trainer_layer_forward:0.2181529998779297
INFO:trainer_layer_forward:0.21028518676757812
INFO:trainer_layer_forward:0.2288818359375
INFO:trainer_layer_forward:0.3204345703125
INFO:trainer_layer_forward:0.598907470703125
INFO:trainer_layer_forward:0.22983551025390625
INFO:trainer_layer_forward:0.4703998565673828
INFO:trainer_layer_forward:0.37550926208496094
INFO:trainer_layer_forward:0.21696090698242188
INFO:trainer_layer_forward:0.23102760314941406
INFO:trainer_layer_forward:0.3390312194824219
INFO:trainer_layer_forward:0.3180503845214844
INFO:trainer_layer_forward:0.25153160095214844
INFO:trainer_layer_forward:0.2429485321044922
INFO:trainer_layer_forward:0.23746490478515625
INFO:trainer_layer_forward:0.24008750915527344
INFO:trainer_layer_forward:0.2384185791015625
INFO:trainer_layer_forward:0.24008750915527344
INFO:trainer_layer_forward:0.2238750457763672
INFO:trainer_layer_forward:0.23293495178222656
INFO:trainer_layer_forward:0.24890899658203125
INFO:trainer_layer_forward:0.2467632293701172
INFO:trainer_layer_forward:0.36025047302246094
INFO:trainer_layer_forward:0.31757354736328125
INFO:trainer_layer_forward:0.3342628479003906
INFO:trainer_layer_forward:0.2732276916503906
INFO:trainer_layer_forward:0.21195411682128906
INFO:trainer_layer_forward:0.33974647521972656
INFO:trainer_layer_forward:0.21839141845703125
INFO:trainer_layer_forward:0.22149085998535156
INFO:trainer_layer_forward:0.22745132446289062
INFO:trainer_layer_forward:0.24628639221191406
INFO:trainer_layer_forward:0.2598762512207031
INFO:trainer_layer_forward:0.22411346435546875
INFO:trainer_layer_forward:0.3082752227783203
INFO:trainer_layer_forward:0.46253204345703125
INFO:trainer_layer_forward:0.4620552062988281
INFO:trainer_layer_forward:0.2815723419189453
INFO:trainer_layer_forward:0.33092498779296875
INFO:trainer_layer_forward:0.34689903259277344
INFO:trainer_layer_forward:0.31256675720214844
INFO:trainer_layer_forward:0.3197193145751953
INFO:trainer_layer_forward:0.308990478515625
INFO:trainer_layer_forward:0.33736228942871094
INFO:trainer_layer_forward:0.3380775451660156
INFO:trainer_layer_forward:0.308990478515625
INFO:trainer_layer_forward:0.31566619873046875
INFO:trainer_layer_forward:0.3056526184082031
INFO:trainer_layer_forward:0.2951622009277344
INFO:trainer_layer_forward:0.29349327087402344
INFO:trainer_layer_forward:0.2970695495605469
INFO:trainer_layer_forward:0.5824565887451172
INFO:trainer_layer_forward:0.3139972686767578
INFO:trainer_layer_forward:0.23102760314941406
INFO:trainer_layer_forward:0.23055076599121094
INFO:trainer_layer_forward:0.28395652770996094
INFO:trainer_layer_forward:0.2799034118652344
INFO:trainer_layer_forward:0.29158592224121094
INFO:trainer_layer_forward:0.29206275939941406
INFO:trainer_layer_forward:0.2961158752441406
INFO:trainer_layer_forward:0.4265308380126953
INFO:trainer_layer_forward:0.32448768615722656
INFO:trainer_layer_forward:0.31685829162597656
INFO:trainer_layer_forward:0.3132820129394531
INFO:trainer_layer_forward:0.9424686431884766
INFO:trainer_layer_forward:0.4324913024902344
INFO:trainer_layer_forward:0.6260871887207031
INFO:trainer_layer_forward:0.4680156707763672
INFO:trainer_layer_forward:0.29158592224121094
INFO:trainer_layer_forward:0.2880096435546875
INFO:trainer_layer_forward:0.2892017364501953
INFO:trainer_layer_forward:0.34427642822265625
INFO:trainer_layer_forward:0.3066062927246094
INFO:trainer_layer_forward:0.3190040588378906
INFO:trainer_layer_forward:0.2968311309814453
INFO:trainer_layer_forward:0.4634857177734375
INFO:trainer_layer_forward:0.3247261047363281
INFO:trainer_layer_forward:0.2961158752441406
INFO:trainer_layer_forward:0.2186298370361328
INFO:trainer_layer_forward:0.3113746643066406
INFO:trainer_layer_forward:0.4451274871826172
INFO:trainer_layer_forward:0.5128383636474609
INFO:trainer_layer_forward:0.6186962127685547
INFO:trainer_layer_forward:0.29158592224121094
INFO:trainer_layer_forward:0.23674964904785156
INFO:trainer_layer_forward:0.22935867309570312
INFO:trainer_layer_forward:0.3466606140136719
INFO:trainer_layer_forward:0.3612041473388672
INFO:trainer_layer_forward:0.3631114959716797
INFO:trainer_layer_forward:0.3390312194824219
INFO:trainer_layer_forward:0.27751922607421875
INFO:trainer_layer_forward:0.44989585876464844
INFO:trainer_layer_forward:0.3898143768310547
INFO:trainer_layer_forward:0.39577484130859375
INFO:trainer_layer_forward:0.40268898010253906
INFO:trainer_layer_forward:0.3857612609863281
INFO:trainer_layer_forward:0.4067420959472656
INFO:trainer_layer_forward:0.24247169494628906
INFO:trainer_layer_forward:0.31828880310058594
INFO:trainer_layer_forward:0.25081634521484375
INFO:trainer_layer_forward:0.28324127197265625
INFO:trainer_layer_forward:0.28824806213378906
INFO:trainer_layer_forward:0.2865791320800781
INFO:trainer_layer_forward:0.2651214599609375
INFO:trainer_layer_forward:0.41103363037109375
INFO:trainer_layer_forward:0.3445148468017578
INFO:trainer_layer_forward:0.2930164337158203
INFO:trainer_layer_forward:0.2796649932861328
INFO:trainer_layer_forward:0.2682209014892578
INFO:trainer_layer_forward:0.270843505859375
INFO:trainer_layer_forward:0.27179718017578125
INFO:trainer_layer_forward:0.2620220184326172
INFO:trainer_layer_forward:0.2593994140625
INFO:trainer_layer_forward:0.3657341003417969
INFO:trainer_layer_forward:0.3619194030761719
INFO:trainer_layer_forward:0.5290508270263672
INFO:trainer_layer_forward:0.4360675811767578
INFO:trainer_layer_forward:0.45490264892578125
INFO:trainer_layer_forward:0.3380775451660156
INFO:trainer_layer_forward:0.5197525024414062
INFO:trainer_layer_forward:0.2856254577636719
INFO:trainer_layer_forward:0.3676414489746094
INFO:trainer_layer_forward:0.2319812774658203
INFO:trainer_layer_forward:0.2696514129638672
INFO:trainer_layer_forward:0.3867149353027344
INFO:trainer_layer_forward:0.3452301025390625
INFO:trainer_layer_forward:0.2727508544921875
INFO:trainer_layer_forward:0.34356117248535156
INFO:trainer_layer_forward:0.2655982971191406
INFO:trainer_layer_forward:0.5285739898681641
INFO:trainer_layer_forward:0.24175643920898438
INFO:trainer_layer_forward:0.5793571472167969
INFO:trainer_layer_forward:0.38361549377441406
INFO:trainer_layer_forward:0.39649009704589844
INFO:trainer_layer_forward:0.377655029296875
INFO:trainer_layer_forward:0.3273487091064453
INFO:trainer_layer_forward:0.3993511199951172
INFO:trainer_layer_forward:0.31375885009765625
INFO:trainer_layer_forward:0.4124641418457031
INFO:trainer_layer_forward:0.23174285888671875
INFO:trainer_layer_forward:0.7166862487792969
INFO:trainer_layer_forward:0.29659271240234375
INFO:trainer_layer_forward:0.35953521728515625
INFO:trainer_layer_forward:0.2627372741699219
INFO:trainer_layer_forward:0.26917457580566406
INFO:trainer_layer_forward:0.27561187744140625
INFO:trainer_layer_forward:0.28395652770996094
INFO:trainer_layer_forward:0.27251243591308594
INFO:trainer_layer_forward:0.3478527069091797
INFO:trainer_layer_forward:0.3495216369628906
INFO:trainer_layer_forward:0.3306865692138672
INFO:trainer_layer_forward:0.28228759765625
INFO:trainer_layer_forward:0.26798248291015625
INFO:trainer_layer_forward:0.43129920959472656
INFO:trainer_layer_forward:0.37360191345214844
INFO:trainer_layer_forward:0.35691261291503906
INFO:trainer_layer_forward:0.3638267517089844
INFO:trainer_layer_forward:0.3418922424316406
INFO:trainer_layer_forward:0.3018379211425781
INFO:trainer_layer_forward:0.2875328063964844
INFO:trainer_layer_forward:0.37598609924316406
INFO:trainer_layer_forward:0.4973411560058594
INFO:trainer_layer_forward:0.29778480529785156
INFO:trainer_layer_forward:0.24008750915527344
INFO:trainer_layer_forward:0.3933906555175781
INFO:trainer_layer_forward:0.5180835723876953
INFO:trainer_layer_forward:0.3349781036376953
INFO:trainer_layer_forward:0.2837181091308594
INFO:trainer_layer_forward:0.2295970916748047
INFO:trainer_layer_forward:0.26702880859375
INFO:trainer_layer_forward:0.27370452880859375
INFO:trainer_layer_forward:0.35071372985839844
INFO:trainer_layer_forward:0.33855438232421875
INFO:trainer_layer_forward:0.42510032653808594
INFO:trainer_layer_forward:0.4298686981201172
INFO:trainer_layer_forward:0.41985511779785156
INFO:trainer_layer_forward:0.244140625
INFO:trainer_layer_forward:0.24461746215820312
INFO:trainer_layer_forward:0.2269744873046875
INFO:trainer_layer_forward:0.24271011352539062
INFO:trainer_layer_forward:0.22149085998535156
INFO:trainer_layer_forward:0.22339820861816406
INFO:trainer_layer_forward:0.21576881408691406
INFO:trainer_layer_forward:0.24962425231933594
INFO:trainer_layer_forward:0.25010108947753906
INFO:trainer_layer_forward:0.3821849822998047
INFO:trainer_layer_forward:0.2598762512207031
INFO:trainer_layer_forward:0.21648406982421875
INFO:trainer_layer_forward:0.20194053649902344
INFO:trainer_layer_forward:0.2033710479736328
INFO:trainer_layer_forward:0.23412704467773438
INFO:trainer_layer_forward:0.21409988403320312
INFO:trainer_layer_forward:0.23245811462402344
INFO:trainer_layer_forward:0.23794174194335938
INFO:trainer_layer_forward:0.40411949157714844
INFO:trainer_layer_forward:0.3209114074707031
INFO:trainer_layer_forward:0.2243518829345703
INFO:trainer_layer_forward:0.2288818359375
INFO:trainer_layer_forward:0.22482872009277344
INFO:trainer_layer_forward:0.22292137145996094
INFO:trainer_layer_forward:0.2598762512207031
INFO:trainer_layer_forward:0.23889541625976562
INFO:trainer_layer_forward:0.22840499877929688
INFO:trainer_layer_forward:0.2827644348144531
INFO:trainer_layer_forward:0.2894401550292969
INFO:trainer_layer_forward:0.278472900390625
INFO:trainer_layer_forward:0.2665519714355469
INFO:trainer_layer_forward:0.25963783264160156
INFO:trainer_layer_forward:0.20122528076171875
INFO:trainer_layer_forward:0.24461746215820312
INFO:trainer_layer_forward:0.24938583374023438
INFO:trainer_layer_forward:0.2760887145996094
INFO:trainer_layer_forward:0.3552436828613281
INFO:trainer_layer_forward:0.3046989440917969
INFO:trainer_layer_forward:0.3552436828613281
INFO:trainer_layer_forward:0.3635883331298828
INFO:trainer_layer_forward:0.2970695495605469
INFO:trainer_layer_forward:0.335693359375
INFO:trainer_layer_forward:0.24819374084472656
INFO:trainer_layer_forward:0.3066062927246094
INFO:trainer_layer_forward:0.28061866760253906
INFO:trainer_layer_forward:0.2968311309814453
INFO:trainer_layer_forward:0.2307891845703125
INFO:trainer_layer_forward:0.3414154052734375
INFO:trainer_layer_forward:0.3979206085205078
INFO:trainer_layer_forward:0.3046989440917969
INFO:trainer_layer_forward:0.22864341735839844
INFO:trainer_layer_forward:0.2884864807128906
INFO:trainer_layer_forward:0.25725364685058594
INFO:trainer_layer_forward:0.2789497375488281
INFO:trainer_layer_forward:0.29587745666503906
INFO:trainer_layer_forward:0.28395652770996094
INFO:trainer_layer_forward:0.2276897430419922
INFO:trainer_layer_forward:0.3788471221923828
INFO:trainer_layer_forward:0.27823448181152344
INFO:trainer_layer_forward:0.2846717834472656
INFO:trainer_layer_forward:0.25844573974609375
INFO:trainer_layer_forward:0.3077983856201172
INFO:trainer_layer_forward:0.2505779266357422
INFO:trainer_layer_forward:0.2961158752441406
INFO:trainer_layer_forward:0.232696533203125
INFO:trainer_layer_forward:0.2982616424560547
INFO:trainer_layer_forward:0.24580955505371094
INFO:trainer_layer_forward:0.3402233123779297
INFO:trainer_layer_forward:0.33092498779296875
INFO:trainer_layer_forward:0.25963783264160156
INFO:trainer_layer_forward:0.24771690368652344
INFO:trainer_layer_forward:0.3254413604736328
INFO:trainer_layer_forward:0.27751922607421875
INFO:trainer_layer_forward:0.23674964904785156
INFO:trainer_layer_forward:0.2543926239013672
INFO:trainer_layer_forward:0.29587745666503906
INFO:trainer_layer_forward:0.40459632873535156
INFO:trainer_layer_forward:0.3972053527832031
INFO:trainer_layer_forward:0.29659271240234375
INFO:trainer_layer_forward:0.30303001403808594
INFO:trainer_layer_forward:0.2205371856689453
INFO:trainer_layer_forward:0.25081634521484375
INFO:trainer_layer_forward:0.25081634521484375
INFO:trainer_layer_forward:0.25534629821777344
INFO:trainer_layer_forward:0.3333091735839844
INFO:trainer_layer_forward:0.2315044403076172
INFO:trainer_layer_forward:0.3578662872314453
INFO:trainer_layer_forward:0.2818107604980469
INFO:trainer_layer_forward:0.2300739288330078
INFO:trainer_layer_forward:0.22745132446289062
INFO:trainer_layer_forward:0.22172927856445312
INFO:trainer_layer_forward:0.23698806762695312
INFO:trainer_layer_forward:0.2288818359375
INFO:trainer_layer_forward:0.26917457580566406
INFO:trainer_layer_forward:0.29587745666503906
INFO:trainer_layer_forward:0.24199485778808594
INFO:trainer_layer_forward:0.23889541625976562
INFO:trainer_layer_forward:0.27942657470703125
INFO:trainer_layer_forward:0.31638145446777344
INFO:trainer_layer_forward:0.2999305725097656
INFO:trainer_layer_forward:0.27441978454589844
INFO:trainer_layer_forward:0.3440380096435547
INFO:trainer_layer_forward:0.4181861877441406
INFO:trainer_layer_forward:0.3364086151123047
INFO:trainer_layer_forward:0.43511390686035156
INFO:trainer_layer_forward:0.3218650817871094
INFO:trainer_layer_forward:0.438690185546875
INFO:trainer_layer_forward:0.3025531768798828
INFO:trainer_layer_forward:0.29778480529785156
INFO:trainer_layer_forward:0.24938583374023438
INFO:trainer_layer_forward:0.3299713134765625
INFO:trainer_layer_forward:0.23698806762695312
INFO:trainer_layer_forward:0.28204917907714844
INFO:trainer_layer_forward:0.2257823944091797
INFO:trainer_layer_forward:0.39076805114746094
INFO:trainer_layer_forward:0.39577484130859375
INFO:trainer_layer_forward:0.28634071350097656
INFO:trainer_layer_forward:0.29778480529785156
INFO:trainer_layer_forward:0.2865791320800781
INFO:trainer_layer_forward:0.23555755615234375
INFO:trainer_layer_forward:0.23293495178222656
INFO:trainer_layer_forward:0.2219676971435547
INFO:trainer_layer_forward:0.31065940856933594
INFO:trainer_layer_forward:0.2605915069580078
INFO:trainer_layer_forward:0.36525726318359375
INFO:trainer_layer_forward:0.5488395690917969
INFO:trainer_layer_forward:0.3170967102050781
INFO:trainer_layer_forward:0.5650520324707031
INFO:trainer_layer_forward:0.25844573974609375
INFO:trainer_layer_forward:0.2276897430419922
INFO:trainer_layer_forward:0.2498626708984375
INFO:trainer_layer_forward:0.25153160095214844
INFO:trainer_layer_forward:0.31375885009765625
INFO:trainer_layer_forward:0.24247169494628906
INFO:trainer_layer_forward:0.24199485778808594
INFO:trainer_layer_forward:0.42128562927246094
INFO:trainer_layer_forward:0.3521442413330078
INFO:trainer_layer_forward:0.24199485778808594
INFO:trainer_layer_forward:0.22363662719726562
INFO:trainer_layer_forward:0.2238750457763672
INFO:trainer_layer_forward:0.3008842468261719
INFO:trainer_layer_forward:0.35500526428222656
INFO:trainer_layer_forward:0.4029273986816406
INFO:trainer_layer_forward:0.4169940948486328
INFO:trainer_layer_forward:0.35262107849121094
INFO:trainer_layer_forward:0.35572052001953125
INFO:trainer_layer_forward:0.29277801513671875
INFO:trainer_layer_forward:0.2949237823486328
INFO:trainer_layer_forward:0.3082752227783203
INFO:trainer_layer_forward:0.3223419189453125
INFO:trainer_layer_forward:0.3008842468261719
INFO:trainer_layer_forward:0.5581378936767578
INFO:trainer_layer_forward:0.26226043701171875
INFO:trainer_layer_forward:0.27489662170410156
INFO:trainer_layer_forward:0.30684471130371094
INFO:trainer_layer_forward:0.26416778564453125
INFO:trainer_layer_forward:0.3063678741455078
INFO:trainer_layer_forward:0.45752525329589844
INFO:trainer_layer_forward:0.3612041473388672
INFO:trainer_layer_forward:0.32639503479003906
INFO:trainer_layer_forward:0.40459632873535156
INFO:trainer_layer_forward:0.3261566162109375
INFO:trainer_layer_forward:0.2646446228027344
INFO:trainer_layer_forward:0.232696533203125
INFO:trainer_layer_forward:0.26607513427734375
INFO:trainer_layer_forward:0.23031234741210938
INFO:trainer_layer_forward:0.25463104248046875
INFO:trainer_layer_forward:0.4336833953857422
INFO:trainer_layer_forward:0.2903938293457031
INFO:trainer_layer_forward:0.3859996795654297
INFO:trainer_layer_forward:0.3209114074707031
INFO:trainer_layer_forward:0.40221214294433594
INFO:trainer_layer_forward:0.33092498779296875
INFO:trainer_layer_forward:0.3199577331542969
INFO:trainer_layer_forward:0.45490264892578125
INFO:trainer_layer_forward:0.3006458282470703
INFO:trainer_layer_forward:0.29850006103515625
INFO:trainer_layer_forward:0.23937225341796875
INFO:trainer_layer_forward:0.2334117889404297
INFO:trainer_layer_forward:0.2505779266357422
INFO:trainer_layer_forward:0.2834796905517578
INFO:trainer_layer_forward:0.2884864807128906
INFO:trainer_layer_forward:0.22554397583007812
INFO:trainer_layer_forward:0.2384185791015625
INFO:trainer_layer_forward:0.2276897430419922
INFO:trainer_layer_forward:0.22602081298828125
INFO:trainer_layer_forward:0.3223419189453125
INFO:trainer_layer_forward:0.2617835998535156
INFO:trainer_layer_forward:0.2932548522949219
INFO:trainer_layer_forward:0.3349781036376953
INFO:trainer_layer_forward:0.26297569274902344
INFO:trainer_layer_forward:0.2684593200683594
INFO:trainer_layer_forward:0.2560615539550781
INFO:trainer_layer_forward:0.43702125549316406
INFO:trainer_layer_forward:0.4792213439941406
INFO:trainer_layer_forward:0.2665519714355469
INFO:trainer_layer_forward:0.22721290588378906
INFO:trainer_layer_forward:0.2205371856689453
INFO:trainer_layer_forward:0.2760887145996094
INFO:trainer_layer_forward:0.20837783813476562
INFO:trainer_layer_forward:0.21529197692871094
INFO:trainer_layer_forward:0.24366378784179688
INFO:trainer_layer_forward:0.32639503479003906
INFO:trainer_layer_forward:0.6766319274902344
INFO:trainer_layer_forward:0.2262592315673828
INFO:trainer_layer_forward:0.2675056457519531
INFO:trainer_layer_forward:0.33402442932128906
INFO:trainer_layer_forward:0.23436546325683594
INFO:trainer_layer_forward:0.247955322265625
INFO:trainer_layer_forward:0.22983551025390625
INFO:trainer_layer_forward:0.26798248291015625
INFO:trainer_layer_forward:0.7410049438476562
INFO:trainer_layer_forward:0.26869773864746094
INFO:trainer_layer_forward:0.3409385681152344
INFO:trainer_layer_forward:0.2567768096923828
INFO:trainer_layer_forward:0.24890899658203125
INFO:trainer_layer_forward:0.2956390380859375
INFO:trainer_layer_forward:0.23818016052246094
INFO:trainer_layer_forward:0.31638145446777344
INFO:trainer_layer_forward:0.3991127014160156
INFO:trainer_layer_forward:0.3879070281982422
INFO:trainer_layer_forward:0.2841949462890625
INFO:trainer_layer_forward:0.3139972686767578
INFO:trainer_layer_forward:0.28228759765625
INFO:trainer_layer_forward:0.2589225769042969
INFO:trainer_layer_forward:0.2384185791015625
INFO:trainer_layer_forward:0.24557113647460938
INFO:trainer_layer_forward:0.3635883331298828
INFO:trainer_layer_forward:0.6365776062011719
INFO:trainer_layer_forward:0.4076957702636719
INFO:trainer_layer_forward:0.35381317138671875
INFO:trainer_layer_forward:0.3936290740966797
INFO:trainer_layer_forward:0.26416778564453125
INFO:trainer_layer_forward:0.20956993103027344
INFO:trainer_layer_forward:0.2994537353515625
INFO:trainer_layer_forward:0.29015541076660156
INFO:trainer_layer_forward:0.5748271942138672
INFO:trainer_layer_forward:0.28252601623535156
INFO:trainer_layer_forward:0.2353191375732422
INFO:trainer_layer_forward:0.22840499877929688
INFO:trainer_layer_forward:0.335693359375
INFO:trainer_layer_forward:0.39124488830566406
INFO:trainer_layer_forward:0.30922889709472656
INFO:trainer_layer_forward:0.3685951232910156
INFO:trainer_layer_forward:0.3418922424316406
INFO:trainer_layer_forward:0.3170967102050781
INFO:trainer_layer_forward:0.7476806640625
INFO:trainer_layer_forward:0.3066062927246094
INFO:trainer_layer_forward:0.32448768615722656
INFO:trainer_layer_forward:0.2560615539550781
INFO:trainer_layer_forward:0.23484230041503906
INFO:trainer_layer_forward:0.30541419982910156
INFO:trainer_layer_forward:0.2930164337158203
INFO:trainer_layer_forward:0.3046989440917969
INFO:trainer_layer_forward:0.31685829162597656
INFO:trainer_layer_forward:0.3001689910888672
INFO:trainer_layer_forward:0.23698806762695312
INFO:trainer_layer_forward:0.23484230041503906
INFO:trainer_layer_forward:0.26917457580566406
INFO:trainer_layer_forward:0.2715587615966797
INFO:trainer_layer_forward:0.3027915954589844
INFO:trainer_layer_forward:0.2760887145996094
INFO:trainer_layer_forward:0.30922889709472656
INFO:trainer_layer_forward:0.39839744567871094
INFO:trainer_layer_forward:0.29659271240234375
INFO:trainer_layer_forward:0.22673606872558594
INFO:trainer_layer_forward:0.2543926239013672
INFO:trainer_layer_forward:0.2911090850830078
INFO:trainer_layer_forward:0.23055076599121094
INFO:trainer_layer_forward:0.24890899658203125
INFO:trainer_layer_forward:0.232696533203125
INFO:trainer_layer_forward:0.24080276489257812
INFO:trainer_layer_forward:0.2620220184326172
INFO:trainer_layer_forward:0.2906322479248047
INFO:trainer_layer_forward:0.2818107604980469
INFO:trainer_layer_forward:0.47707557678222656
INFO:trainer_layer_forward:0.2319812774658203
INFO:trainer_layer_forward:0.23603439331054688
INFO:trainer_layer_forward:0.22149085998535156
INFO:trainer_layer_forward:0.23317337036132812
INFO:trainer_layer_forward:0.25343894958496094
INFO:trainer_layer_forward:0.2765655517578125
INFO:trainer_layer_forward:0.2288818359375
INFO:trainer_layer_forward:0.3407001495361328
INFO:trainer_layer_forward:0.3147125244140625
INFO:trainer_layer_forward:0.3464221954345703
INFO:trainer_layer_forward:0.32210350036621094
INFO:trainer_layer_forward:0.308990478515625
INFO:trainer_layer_forward:0.28634071350097656
INFO:trainer_layer_forward:0.23484230041503906
INFO:trainer_layer_forward:0.3132820129394531
INFO:trainer_layer_forward:0.22649765014648438
INFO:trainer_layer_forward:0.3209114074707031
INFO:trainer_layer_forward:0.3075599670410156
INFO:trainer_layer_forward:0.2930164337158203
INFO:trainer_layer_forward:0.42557716369628906
INFO:trainer_layer_forward:0.4391670227050781
INFO:trainer_layer_forward:0.2536773681640625
INFO:trainer_layer_forward:0.27632713317871094
INFO:trainer_layer_forward:0.2548694610595703
INFO:trainer_layer_forward:0.2944469451904297
INFO:trainer_layer_forward:0.3085136413574219
INFO:trainer_layer_forward:0.316619873046875
INFO:trainer_layer_forward:0.28061866760253906
INFO:trainer_layer_forward:0.3573894500732422
INFO:trainer_layer_forward:0.2875328063964844
INFO:trainer_layer_forward:0.3464221954345703
INFO:trainer_layer_forward:0.6148815155029297
INFO:trainer_layer_forward:0.27060508728027344
INFO:trainer_layer_forward:0.25200843811035156
INFO:trainer_layer_forward:0.27823448181152344
INFO:trainer_layer_forward:0.24056434631347656
INFO:trainer_layer_forward:0.2627372741699219
INFO:trainer_layer_forward:0.2770423889160156
INFO:trainer_layer_forward:0.30159950256347656
INFO:trainer_layer_forward:0.3116130828857422
INFO:trainer_layer_forward:0.3173351287841797
INFO:trainer_layer_forward:0.29659271240234375
INFO:trainer_layer_forward:0.2808570861816406
INFO:trainer_layer_forward:0.2894401550292969
INFO:trainer_layer_forward:0.31304359436035156
INFO:trainer_layer_forward:0.2720355987548828
INFO:trainer_layer_forward:0.34499168395996094
INFO:trainer_layer_forward:0.2796649932861328
INFO:trainer_layer_forward:0.28395652770996094
INFO:trainer_layer_forward:0.23412704467773438
INFO:trainer_layer_forward:0.3173351287841797
INFO:trainer_layer_forward:0.29158592224121094
INFO:trainer_layer_forward:0.33664703369140625
INFO:trainer_layer_forward:0.3139972686767578
INFO:trainer_layer_forward:0.2617835998535156
INFO:trainer_layer_forward:0.21958351135253906
INFO:trainer_layer_forward:0.1881122589111328
INFO:trainer_layer_forward:0.2295970916748047
INFO:trainer_layer_forward:0.5154609680175781
INFO:trainer_layer_forward:0.2524852752685547
INFO:trainer_layer_forward:0.6034374237060547
INFO:trainer_layer_forward:0.22292137145996094
INFO:trainer_layer_forward:0.2052783966064453
INFO:trainer_layer_forward:0.18739700317382812
INFO:trainer_layer_forward:0.2009868621826172
INFO:trainer_layer_forward:0.26106834411621094
INFO:trainer_layer_forward:0.29158592224121094
INFO:trainer_layer_forward:0.2353191375732422
INFO:trainer_layer_forward:0.23746490478515625
INFO:trainer_layer_forward:0.3597736358642578
INFO:trainer_layer_forward:0.23365020751953125
INFO:trainer_layer_forward:0.26988983154296875
INFO:trainer_layer_forward:0.17976760864257812
INFO:trainer_layer_forward:0.18024444580078125
INFO:trainer_layer_forward:0.17070770263671875
INFO:trainer_layer_forward:0.2357959747314453
INFO:trainer_layer_forward:0.4048347473144531
INFO:trainer_layer_forward:0.45418739318847656
INFO:trainer_layer_forward:0.5481243133544922
INFO:trainer_layer_forward:0.39076805114746094
INFO:trainer_layer_forward:0.2677440643310547
INFO:trainer_layer_forward:0.2548694610595703
INFO:trainer_layer_forward:0.22840499877929688
INFO:trainer_layer_forward:0.2560615539550781
INFO:trainer_layer_forward:0.28061866760253906
INFO:trainer_layer_forward:0.30112266540527344
INFO:trainer_layer_forward:0.24127960205078125
INFO:trainer_layer_forward:0.3025531768798828
INFO:trainer_layer_forward:0.5202293395996094
INFO:trainer_layer_forward:0.3082752227783203
INFO:trainer_layer_forward:0.23794174194335938
INFO:trainer_layer_forward:0.27179718017578125
INFO:trainer_layer_forward:0.22220611572265625
INFO:trainer_layer_forward:0.2624988555908203
INFO:trainer_layer_forward:0.22101402282714844
INFO:trainer_layer_forward:0.2868175506591797
INFO:trainer_layer_forward:0.2231597900390625
INFO:trainer_layer_forward:0.41961669921875
INFO:trainer_layer_forward:0.48041343688964844
INFO:trainer_layer_forward:0.30803680419921875
INFO:trainer_layer_forward:0.31566619873046875
INFO:trainer_layer_forward:0.3669261932373047
INFO:trainer_layer_forward:0.3643035888671875
INFO:trainer_layer_forward:0.3724098205566406
INFO:trainer_layer_forward:0.4317760467529297
INFO:trainer_layer_forward:0.27108192443847656
INFO:trainer_layer_forward:0.26297569274902344
INFO:trainer_layer_forward:0.4706382751464844
INFO:trainer_layer_forward:0.2620220184326172
INFO:trainer_layer_forward:0.2739429473876953
INFO:trainer_layer_forward:0.20837783813476562
INFO:trainer_layer_forward:0.2923011779785156
INFO:trainer_layer_forward:0.2353191375732422
INFO:trainer_layer_forward:0.3123283386230469
INFO:trainer_layer_forward:0.3223419189453125
INFO:trainer_layer_forward:0.4181861877441406
INFO:trainer_layer_forward:0.2574920654296875
INFO:trainer_layer_forward:0.3714561462402344
INFO:trainer_layer_forward:0.25177001953125
INFO:trainer_layer_forward:0.21028518676757812
INFO:trainer_layer_forward:0.2334117889404297
INFO:trainer_layer_forward:0.2892017364501953
INFO:trainer_layer_forward:0.2727508544921875
INFO:trainer_layer_forward:0.2605915069580078
INFO:trainer_layer_forward:0.2567768096923828
INFO:trainer_layer_forward:0.28514862060546875
INFO:trainer_layer_forward:0.48232078552246094
INFO:trainer_layer_forward:0.29087066650390625
INFO:trainer_layer_forward:0.21314620971679688
INFO:trainer_layer_forward:0.24771690368652344
INFO:trainer_layer_forward:0.24747848510742188
INFO:trainer_layer_forward:0.2262592315673828
INFO:trainer_layer_forward:0.26035308837890625
INFO:trainer_layer_forward:0.2949237823486328
INFO:trainer_layer_forward:0.3104209899902344
INFO:trainer_layer_forward:0.3445148468017578
INFO:trainer_layer_forward:0.5011558532714844
INFO:trainer_layer_forward:0.3428459167480469
INFO:trainer_layer_forward:0.37097930908203125
INFO:trainer_layer_forward:0.3254413604736328
INFO:trainer_layer_forward:0.6442070007324219
INFO:trainer_layer_forward:0.42057037353515625
INFO:trainer_layer_forward:0.3814697265625
INFO:trainer_layer_forward:0.30422210693359375
INFO:trainer_layer_forward:0.22411346435546875
INFO:trainer_layer_forward:0.2689361572265625
INFO:trainer_layer_forward:0.3018379211425781
INFO:trainer_layer_forward:0.3306865692138672
INFO:trainer_layer_forward:0.3199577331542969
INFO:trainer_layer_forward:0.45418739318847656
INFO:trainer_layer_forward:0.3535747528076172
INFO:trainer_layer_forward:0.34999847412109375
INFO:trainer_layer_forward:0.2989768981933594
INFO:trainer_layer_forward:0.2961158752441406
INFO:trainer_layer_forward:0.5097389221191406
INFO:trainer_layer_forward:0.3681182861328125
INFO:trainer_layer_forward:0.2231597900390625
INFO:trainer_layer_forward:0.33402442932128906
INFO:trainer_layer_forward:0.23484230041503906
INFO:trainer_layer_forward:0.2753734588623047
INFO:trainer_layer_forward:0.2372264862060547
INFO:trainer_layer_forward:0.29087066650390625
INFO:trainer_layer_forward:0.2808570861816406
INFO:trainer_layer_forward:0.6215572357177734
INFO:trainer_layer_forward:0.45013427734375
INFO:trainer_layer_forward:0.41174888610839844
INFO:trainer_layer_forward:0.33593177795410156
INFO:trainer_layer_forward:0.32973289489746094
INFO:trainer_layer_forward:0.47707557678222656
INFO:trainer_layer_forward:0.33402442932128906
INFO:trainer_layer_forward:0.41747093200683594
INFO:trainer_layer_forward:0.4303455352783203
INFO:trainer_layer_forward:0.2689361572265625
INFO:trainer_layer_forward:0.2853870391845703
INFO:trainer_layer_forward:0.2548694610595703
INFO:trainer_layer_forward:0.30040740966796875
INFO:trainer_layer_forward:0.2627372741699219
INFO:trainer_layer_forward:0.26535987854003906
INFO:trainer_layer_forward:0.24127960205078125
INFO:trainer_layer_forward:0.3216266632080078
INFO:trainer_layer_forward:0.31638145446777344
INFO:trainer_layer_forward:0.31495094299316406
INFO:trainer_layer_forward:0.2598762512207031
INFO:trainer_layer_forward:0.3428459167480469
INFO:trainer_layer_forward:0.23555755615234375
INFO:trainer_layer_forward:0.28324127197265625
INFO:trainer_layer_forward:0.24056434631347656
INFO:trainer_layer_forward:0.35953521728515625
INFO:trainer_layer_forward:0.27060508728027344
INFO:trainer_layer_forward:0.3032684326171875
INFO:trainer_layer_forward:0.3821849822998047
INFO:trainer_layer_forward:0.4611015319824219
INFO:trainer_layer_forward:0.4246234893798828
INFO:trainer_layer_forward:0.27489662170410156
INFO:trainer_layer_forward:0.2334117889404297
INFO:trainer_layer_forward:0.247955322265625
INFO:trainer_layer_forward:0.3235340118408203
INFO:trainer_layer_forward:0.28061866760253906
INFO:trainer_layer_forward:0.33664703369140625
INFO:trainer_layer_forward:0.3211498260498047
INFO:trainer_layer_forward:0.4916191101074219
INFO:trainer_layer_forward:0.2827644348144531
INFO:trainer_layer_forward:0.25725364685058594
INFO:trainer_layer_forward:0.28824806213378906
INFO:trainer_layer_forward:0.2503395080566406
INFO:trainer_layer_forward:0.25534629821777344
INFO:trainer_layer_forward:0.2815723419189453
INFO:trainer_layer_forward:0.2682209014892578
INFO:trainer_layer_forward:0.31948089599609375
INFO:trainer_layer_forward:0.6413459777832031
INFO:trainer_layer_forward:0.3190040588378906
INFO:trainer_layer_forward:0.3750324249267578
INFO:trainer_layer_forward:0.2288818359375
INFO:trainer_layer_forward:0.22602081298828125
INFO:trainer_layer_forward:0.21791458129882812
INFO:trainer_layer_forward:0.3135204315185547
INFO:trainer_layer_forward:0.2605915069580078
INFO:trainer_layer_forward:0.423431396484375
INFO:trainer_layer_forward:0.18596649169921875
INFO:trainer_layer_forward:0.20766258239746094
INFO:trainer_layer_forward:0.18858909606933594
INFO:trainer_layer_forward:0.27441978454589844
INFO:trainer_layer_forward:0.3197193145751953
INFO:trainer_layer_forward:0.22339820861816406
INFO:trainer_layer_forward:0.24271011352539062
INFO:trainer_layer_forward:0.2593994140625
INFO:trainer_layer_forward:0.18095970153808594
INFO:trainer_layer_forward:0.3094673156738281
INFO:trainer_layer_forward:0.2295970916748047
INFO:trainer_layer_forward:0.4067420959472656
INFO:trainer_layer_forward:0.1747608184814453
INFO:trainer_layer_forward:0.5459785461425781
INFO:trainer_layer_forward:0.1995563507080078
INFO:trainer_layer_forward:0.19216537475585938
INFO:trainer_layer_forward:0.2586841583251953
INFO:trainer_layer_forward:0.21839141845703125
INFO:trainer_layer_forward:0.2715587615966797
INFO:trainer_layer_forward:0.2353191375732422
INFO:trainer_layer_forward:0.2772808074951172
INFO:trainer_layer_forward:0.20742416381835938
INFO:trainer_layer_forward:0.20503997802734375
INFO:trainer_layer_forward:0.3070831298828125
INFO:trainer_layer_forward:0.21696090698242188
INFO:trainer_layer_forward:0.22101402282714844
INFO:trainer_layer_forward:0.25725364685058594
INFO:trainer_layer_forward:0.28204917907714844
INFO:trainer_layer_forward:0.3147125244140625
INFO:trainer_layer_forward:0.2872943878173828
INFO:trainer_layer_forward:0.3001689910888672
INFO:trainer_layer_forward:0.3211498260498047
INFO:trainer_layer_forward:0.2703666687011719
INFO:trainer_layer_forward:0.2503395080566406
INFO:trainer_layer_forward:0.5097389221191406
INFO:trainer_layer_forward:0.26488304138183594
INFO:trainer_layer_forward:0.2243518829345703
INFO:trainer_layer_forward:0.19788742065429688
INFO:trainer_layer_forward:0.2105236053466797
INFO:trainer_layer_forward:0.21219253540039062
INFO:trainer_layer_forward:0.20265579223632812
INFO:trainer_layer_forward:0.40650367736816406
INFO:trainer_layer_forward:0.40459632873535156
INFO:trainer_layer_forward:0.3540515899658203
INFO:trainer_layer_forward:0.3421306610107422
INFO:trainer_layer_forward:0.2658367156982422
INFO:trainer_layer_forward:0.24366378784179688
INFO:trainer_layer_forward:0.20766258239746094
INFO:trainer_layer_forward:0.21338462829589844
INFO:trainer_layer_forward:0.4305839538574219
INFO:trainer_layer_forward:0.37598609924316406
INFO:trainer_layer_forward:0.3032684326171875
INFO:trainer_layer_forward:0.32973289489746094
INFO:trainer_layer_forward:0.6589889526367188
INFO:trainer_layer_forward:0.24843215942382812
INFO:trainer_layer_forward:0.20742416381835938
INFO:trainer_layer_forward:0.2009868621826172
INFO:trainer_layer_forward:0.2639293670654297
INFO:trainer_layer_forward:0.3199577331542969
INFO:trainer_layer_forward:0.2307891845703125
INFO:trainer_layer_forward:0.22840499877929688
INFO:trainer_layer_forward:0.24247169494628906
INFO:trainer_layer_forward:0.4603862762451172
INFO:trainer_layer_forward:0.7240772247314453
INFO:trainer_layer_forward:0.2193450927734375
INFO:trainer_layer_forward:0.2448558807373047
INFO:trainer_layer_forward:0.27298927307128906
INFO:trainer_layer_forward:0.25773048400878906
INFO:trainer_layer_forward:0.2338886260986328
INFO:trainer_layer_forward:0.34880638122558594
INFO:trainer_layer_forward:0.3108978271484375
INFO:trainer_layer_forward:0.34308433532714844
INFO:trainer_layer_forward:0.3039836883544922
INFO:trainer_layer_forward:0.24008750915527344
INFO:trainer_layer_forward:0.22554397583007812
INFO:trainer_layer_forward:0.19216537475585938
INFO:trainer_layer_forward:0.28705596923828125
INFO:trainer_layer_forward:0.41103363037109375
INFO:trainer_layer_forward:0.2295970916748047
INFO:trainer_layer_forward:0.42891502380371094
INFO:trainer_layer_forward:0.5834102630615234
INFO:trainer_layer_forward:0.29158592224121094
INFO:trainer_layer_forward:0.1990795135498047
INFO:trainer_layer_forward:0.1995563507080078
INFO:trainer_layer_forward:0.217437744140625
INFO:trainer_layer_forward:0.2655982971191406
INFO:trainer_layer_forward:0.41675567626953125
INFO:trainer_layer_forward:0.3151893615722656
INFO:trainer_layer_forward:0.66375732421875
INFO:trainer_layer_forward:0.213623046875
INFO:trainer_layer_forward:0.20122528076171875
INFO:trainer_layer_forward:0.19669532775878906
INFO:trainer_layer_forward:0.202178955078125
INFO:trainer_layer_forward:0.2503395080566406
INFO:trainer_layer_forward:0.22363662719726562
INFO:trainer_layer_forward:0.22912025451660156
INFO:trainer_layer_forward:0.20742416381835938
INFO:trainer_layer_forward:0.20051002502441406
INFO:trainer_layer_forward:0.21767616271972656
INFO:trainer_layer_forward:0.21791458129882812
INFO:trainer_layer_forward:0.3650188446044922
INFO:trainer_layer_forward:0.5636215209960938
INFO:trainer_layer_forward:0.30112266540527344
INFO:trainer_layer_forward:0.2300739288330078
INFO:trainer_layer_forward:0.31685829162597656
INFO:trainer_layer_forward:0.2219676971435547
INFO:trainer_layer_forward:0.2281665802001953
INFO:trainer_layer_forward:0.25177001953125
INFO:trainer_layer_forward:0.2703666687011719
INFO:trainer_layer_forward:0.4191398620605469
INFO:trainer_layer_forward:0.31185150146484375
INFO:trainer_layer_forward:0.4935264587402344
INFO:trainer_layer_forward:0.316619873046875
INFO:trainer_layer_forward:0.3077983856201172
INFO:trainer_layer_forward:0.42366981506347656
INFO:trainer_layer_forward:0.4398822784423828
INFO:trainer_layer_forward:0.5123615264892578
INFO:trainer_layer_forward:0.2980232238769531
INFO:trainer_layer_forward:0.5178451538085938
INFO:trainer_layer_forward:0.2124309539794922
INFO:trainer_layer_forward:0.2460479736328125
INFO:trainer_layer_forward:0.2200603485107422
INFO:trainer_layer_forward:0.21982192993164062
INFO:trainer_layer_forward:0.21219253540039062
INFO:trainer_layer_forward:0.19741058349609375
INFO:trainer_layer_forward:0.1938343048095703
INFO:trainer_layer_forward:0.23245811462402344
INFO:trainer_layer_forward:0.20956993103027344
INFO:trainer_layer_forward:0.3829002380371094
INFO:trainer_layer_forward:0.47850608825683594
INFO:trainer_layer_forward:0.2961158752441406
INFO:trainer_layer_forward:0.29087066650390625
INFO:trainer_layer_forward:0.25391578674316406
INFO:trainer_layer_forward:0.23102760314941406
INFO:trainer_layer_forward:0.2570152282714844
INFO:trainer_layer_forward:0.2186298370361328
INFO:trainer_layer_forward:0.1933574676513672
INFO:trainer_layer_forward:0.38743019104003906
INFO:trainer_layer_forward:0.47588348388671875
INFO:trainer_layer_forward:0.3216266632080078
INFO:trainer_layer_forward:0.3008842468261719
INFO:trainer_layer_forward:0.3266334533691406
INFO:trainer_layer_forward:0.3476142883300781
INFO:trainer_layer_forward:0.247955322265625
INFO:trainer_layer_forward:0.2503395080566406
INFO:trainer_layer_forward:0.25272369384765625
INFO:trainer_layer_forward:0.5464553833007812
INFO:trainer_layer_forward:0.29540061950683594
INFO:trainer_layer_forward:0.24008750915527344
INFO:trainer_layer_forward:0.18715858459472656
INFO:trainer_layer_forward:0.20003318786621094
INFO:trainer_layer_forward:0.18143653869628906
INFO:trainer_layer_forward:0.20599365234375
INFO:trainer_layer_forward:0.20766258239746094
INFO:trainer_layer_forward:0.21982192993164062
INFO:trainer_layer_forward:0.1819133758544922
INFO:trainer_layer_forward:0.2086162567138672
INFO:trainer_layer_forward:0.2086162567138672
INFO:trainer_layer_forward:0.1964569091796875
INFO:trainer_layer_forward:0.1971721649169922
INFO:trainer_layer_forward:0.18715858459472656
INFO:trainer_layer_forward:0.217437744140625
INFO:trainer_layer_forward:0.1964569091796875
INFO:trainer_layer_forward:0.2655982971191406
INFO:trainer_layer_forward:0.1952648162841797
INFO:trainer_layer_forward:0.1838207244873047
INFO:trainer_layer_forward:0.19049644470214844
INFO:trainer_layer_forward:0.1976490020751953
INFO:trainer_layer_forward:0.19049644470214844
INFO:trainer_layer_forward:0.3151893615722656
INFO:trainer_layer_forward:0.3662109375
INFO:trainer_layer_forward:0.5278587341308594
INFO:trainer_layer_forward:0.2930164337158203
INFO:trainer_layer_forward:0.2338886260986328
INFO:trainer_layer_forward:0.35953521728515625
INFO:trainer_layer_forward:0.41604042053222656
INFO:trainer_layer_forward:0.37169456481933594
INFO:trainer_layer_forward:0.3108978271484375
INFO:trainer_layer_forward:0.2503395080566406
INFO:trainer_layer_forward:0.25391578674316406
INFO:trainer_layer_forward:0.24008750915527344
