INFO:trainer_layer_forward:FFT_CNNEx | mnist
INFO:trainer_layer_forward:in_size : 64 | epochs : 1 | batch : 1
INFO:trainer_layer_forward:kernel_l1 : 33 | 
INFO:trainer_layer_forward:o_channels_l1 : 20 | 
INFO:trainer_layer_forward:learn_num_train : 1000 | learn_num_validate : 0 
INFO:trainer_layer_forward::::::::::::::::::::::::::::::::::::::::::::::::::::::::::::
INFO:trainer_layer_forward:message : fft_conv2
INFO:trainer_layer_forward::::::::::::::::::::::::::::::::::::::::::::::::::::::::::::
INFO:trainer_layer_forward:Ave_Time : 1.001475074074485
INFO:trainer_layer_forward::::::::::::::::::::::::::::::::::::::::::::::::::::::::::::
INFO:trainer_layer_forward:0.9076595306396484
INFO:trainer_layer_forward:0.8146762847900391
INFO:trainer_layer_forward:0.7452964782714844
INFO:trainer_layer_forward:0.8618831634521484
INFO:trainer_layer_forward:0.8039474487304688
INFO:trainer_layer_forward:0.9019374847412109
INFO:trainer_layer_forward:1.0454654693603516
INFO:trainer_layer_forward:1.0755062103271484
INFO:trainer_layer_forward:1.6145706176757812
INFO:trainer_layer_forward:0.8308887481689453
INFO:trainer_layer_forward:0.9820461273193359
INFO:trainer_layer_forward:1.7309188842773438
INFO:trainer_layer_forward:1.405954360961914
INFO:trainer_layer_forward:1.1284351348876953
INFO:trainer_layer_forward:0.7832050323486328
INFO:trainer_layer_forward:0.7977485656738281
INFO:trainer_layer_forward:0.8158683776855469
INFO:trainer_layer_forward:0.8101463317871094
INFO:trainer_layer_forward:0.7343292236328125
INFO:trainer_layer_forward:1.1699199676513672
INFO:trainer_layer_forward:0.7367134094238281
INFO:trainer_layer_forward:0.7176399230957031
INFO:trainer_layer_forward:0.8120536804199219
INFO:trainer_layer_forward:0.7982254028320312
INFO:trainer_layer_forward:1.0366439819335938
INFO:trainer_layer_forward:0.7877349853515625
INFO:trainer_layer_forward:0.7691383361816406
INFO:trainer_layer_forward:0.8521080017089844
INFO:trainer_layer_forward:0.8015632629394531
INFO:trainer_layer_forward:0.7939338684082031
INFO:trainer_layer_forward:1.0175704956054688
INFO:trainer_layer_forward:1.7757415771484375
INFO:trainer_layer_forward:0.8535385131835938
INFO:trainer_layer_forward:0.9770393371582031
INFO:trainer_layer_forward:1.3306140899658203
INFO:trainer_layer_forward:1.257181167602539
INFO:trainer_layer_forward:1.0254383087158203
INFO:trainer_layer_forward:0.9770393371582031
INFO:trainer_layer_forward:0.9496212005615234
INFO:trainer_layer_forward:1.001119613647461
INFO:trainer_layer_forward:2.4225711822509766
INFO:trainer_layer_forward:1.9919872283935547
INFO:trainer_layer_forward:0.7648468017578125
INFO:trainer_layer_forward:1.0395050048828125
INFO:trainer_layer_forward:0.9453296661376953
INFO:trainer_layer_forward:0.9698867797851562
INFO:trainer_layer_forward:0.8957386016845703
INFO:trainer_layer_forward:1.0235309600830078
INFO:trainer_layer_forward:0.9639263153076172
INFO:trainer_layer_forward:1.0647773742675781
INFO:trainer_layer_forward:0.926971435546875
INFO:trainer_layer_forward:1.1327266693115234
INFO:trainer_layer_forward:1.1401176452636719
INFO:trainer_layer_forward:1.5230178833007812
INFO:trainer_layer_forward:0.8721351623535156
INFO:trainer_layer_forward:1.0428428649902344
INFO:trainer_layer_forward:0.7560253143310547
INFO:trainer_layer_forward:1.0516643524169922
INFO:trainer_layer_forward:1.299142837524414
INFO:trainer_layer_forward:1.4984607696533203
INFO:trainer_layer_forward:1.8787384033203125
INFO:trainer_layer_forward:1.1038780212402344
INFO:trainer_layer_forward:1.1968612670898438
INFO:trainer_layer_forward:0.9930133819580078
INFO:trainer_layer_forward:1.1241436004638672
INFO:trainer_layer_forward:1.150369644165039
INFO:trainer_layer_forward:0.7905960083007812
INFO:trainer_layer_forward:0.99945068359375
INFO:trainer_layer_forward:1.013040542602539
INFO:trainer_layer_forward:0.7684230804443359
INFO:trainer_layer_forward:0.7717609405517578
INFO:trainer_layer_forward:0.7879734039306641
INFO:trainer_layer_forward:0.774383544921875
INFO:trainer_layer_forward:0.8416175842285156
INFO:trainer_layer_forward:0.7498264312744141
INFO:trainer_layer_forward:1.1701583862304688
INFO:trainer_layer_forward:0.7529258728027344
INFO:trainer_layer_forward:1.123189926147461
INFO:trainer_layer_forward:1.7499923706054688
INFO:trainer_layer_forward:1.0499954223632812
INFO:trainer_layer_forward:0.9326934814453125
INFO:trainer_layer_forward:0.9150505065917969
INFO:trainer_layer_forward:0.9093284606933594
INFO:trainer_layer_forward:1.1222362518310547
INFO:trainer_layer_forward:0.9121894836425781
INFO:trainer_layer_forward:1.255035400390625
INFO:trainer_layer_forward:0.9212493896484375
INFO:trainer_layer_forward:0.9362697601318359
INFO:trainer_layer_forward:1.148223876953125
INFO:trainer_layer_forward:0.8273124694824219
INFO:trainer_layer_forward:1.1241436004638672
INFO:trainer_layer_forward:1.0497570037841797
INFO:trainer_layer_forward:0.8013248443603516
INFO:trainer_layer_forward:1.1157989501953125
INFO:trainer_layer_forward:0.8738040924072266
INFO:trainer_layer_forward:1.1360645294189453
INFO:trainer_layer_forward:0.8187294006347656
INFO:trainer_layer_forward:0.8287429809570312
INFO:trainer_layer_forward:0.8094310760498047
INFO:trainer_layer_forward:1.234292984008789
INFO:trainer_layer_forward:0.7746219635009766
INFO:trainer_layer_forward:0.9815692901611328
INFO:trainer_layer_forward:0.8668899536132812
INFO:trainer_layer_forward:0.9527206420898438
INFO:trainer_layer_forward:1.2297630310058594
INFO:trainer_layer_forward:1.081705093383789
INFO:trainer_layer_forward:0.8287429809570312
INFO:trainer_layer_forward:0.7600784301757812
INFO:trainer_layer_forward:0.8139610290527344
INFO:trainer_layer_forward:0.7679462432861328
INFO:trainer_layer_forward:0.8623600006103516
INFO:trainer_layer_forward:0.7565021514892578
INFO:trainer_layer_forward:1.1348724365234375
INFO:trainer_layer_forward:0.8447170257568359
INFO:trainer_layer_forward:0.7519721984863281
INFO:trainer_layer_forward:0.8482933044433594
INFO:trainer_layer_forward:0.8480548858642578
INFO:trainer_layer_forward:0.7653236389160156
INFO:trainer_layer_forward:0.7376670837402344
INFO:trainer_layer_forward:0.7576942443847656
INFO:trainer_layer_forward:0.8335113525390625
INFO:trainer_layer_forward:0.8721351623535156
INFO:trainer_layer_forward:0.8211135864257812
INFO:trainer_layer_forward:0.7781982421875
INFO:trainer_layer_forward:0.8459091186523438
INFO:trainer_layer_forward:0.8370876312255859
INFO:trainer_layer_forward:1.0640621185302734
INFO:trainer_layer_forward:0.7562637329101562
INFO:trainer_layer_forward:1.0867118835449219
INFO:trainer_layer_forward:0.7677078247070312
INFO:trainer_layer_forward:0.9515285491943359
INFO:trainer_layer_forward:0.8327960968017578
INFO:trainer_layer_forward:0.8378028869628906
INFO:trainer_layer_forward:0.7805824279785156
INFO:trainer_layer_forward:1.199960708618164
INFO:trainer_layer_forward:0.7941722869873047
INFO:trainer_layer_forward:0.9264945983886719
INFO:trainer_layer_forward:0.7381439208984375
INFO:trainer_layer_forward:0.9827613830566406
INFO:trainer_layer_forward:0.8380413055419922
INFO:trainer_layer_forward:0.9393692016601562
INFO:trainer_layer_forward:0.84686279296875
INFO:trainer_layer_forward:0.7817745208740234
INFO:trainer_layer_forward:0.8263587951660156
INFO:trainer_layer_forward:0.8144378662109375
INFO:trainer_layer_forward:0.8265972137451172
INFO:trainer_layer_forward:0.8842945098876953
INFO:trainer_layer_forward:0.8177757263183594
INFO:trainer_layer_forward:0.9264945983886719
INFO:trainer_layer_forward:0.7941722869873047
INFO:trainer_layer_forward:0.9562969207763672
INFO:trainer_layer_forward:0.7660388946533203
INFO:trainer_layer_forward:1.0120868682861328
INFO:trainer_layer_forward:0.8378028869628906
INFO:trainer_layer_forward:0.7984638214111328
INFO:trainer_layer_forward:0.8089542388916016
INFO:trainer_layer_forward:0.8461475372314453
INFO:trainer_layer_forward:0.7679462432861328
INFO:trainer_layer_forward:0.942230224609375
INFO:trainer_layer_forward:1.2826919555664062
INFO:trainer_layer_forward:0.8115768432617188
INFO:trainer_layer_forward:0.7863044738769531
INFO:trainer_layer_forward:0.8549690246582031
INFO:trainer_layer_forward:0.7505416870117188
INFO:trainer_layer_forward:0.9021759033203125
INFO:trainer_layer_forward:1.02996826171875
INFO:trainer_layer_forward:0.8416175842285156
INFO:trainer_layer_forward:1.169443130493164
INFO:trainer_layer_forward:0.8065700531005859
INFO:trainer_layer_forward:0.812530517578125
INFO:trainer_layer_forward:0.9124279022216797
INFO:trainer_layer_forward:0.8325576782226562
INFO:trainer_layer_forward:0.9012222290039062
INFO:trainer_layer_forward:1.0557174682617188
INFO:trainer_layer_forward:0.8876323699951172
INFO:trainer_layer_forward:1.3816356658935547
INFO:trainer_layer_forward:0.8859634399414062
INFO:trainer_layer_forward:0.7691383361816406
INFO:trainer_layer_forward:1.3577938079833984
INFO:trainer_layer_forward:0.8559226989746094
INFO:trainer_layer_forward:0.7472038269042969
INFO:trainer_layer_forward:0.751495361328125
INFO:trainer_layer_forward:0.8971691131591797
INFO:trainer_layer_forward:0.8544921875
INFO:trainer_layer_forward:0.8146762847900391
INFO:trainer_layer_forward:0.988006591796875
INFO:trainer_layer_forward:0.8907318115234375
INFO:trainer_layer_forward:0.9043216705322266
INFO:trainer_layer_forward:0.9832382202148438
INFO:trainer_layer_forward:0.8349418640136719
INFO:trainer_layer_forward:0.7965564727783203
INFO:trainer_layer_forward:0.9725093841552734
INFO:trainer_layer_forward:0.8683204650878906
INFO:trainer_layer_forward:0.7984638214111328
INFO:trainer_layer_forward:0.8490085601806641
INFO:trainer_layer_forward:0.7774829864501953
INFO:trainer_layer_forward:1.4595985412597656
INFO:trainer_layer_forward:1.706838607788086
INFO:trainer_layer_forward:1.7437934875488281
INFO:trainer_layer_forward:0.9312629699707031
INFO:trainer_layer_forward:0.9603500366210938
INFO:trainer_layer_forward:0.911712646484375
INFO:trainer_layer_forward:0.8146762847900391
INFO:trainer_layer_forward:1.0104179382324219
INFO:trainer_layer_forward:0.7920265197753906
INFO:trainer_layer_forward:0.8220672607421875
INFO:trainer_layer_forward:0.8895397186279297
INFO:trainer_layer_forward:1.3782978057861328
INFO:trainer_layer_forward:1.6565322875976562
INFO:trainer_layer_forward:1.4150142669677734
INFO:trainer_layer_forward:0.9794235229492188
INFO:trainer_layer_forward:0.7479190826416016
INFO:trainer_layer_forward:0.8704662322998047
INFO:trainer_layer_forward:0.804901123046875
INFO:trainer_layer_forward:0.9882450103759766
INFO:trainer_layer_forward:1.1143684387207031
INFO:trainer_layer_forward:0.8852481842041016
INFO:trainer_layer_forward:0.9398460388183594
INFO:trainer_layer_forward:0.9191036224365234
INFO:trainer_layer_forward:0.7898807525634766
INFO:trainer_layer_forward:1.0366439819335938
INFO:trainer_layer_forward:1.18255615234375
INFO:trainer_layer_forward:1.1913776397705078
INFO:trainer_layer_forward:1.07574462890625
INFO:trainer_layer_forward:1.1799335479736328
INFO:trainer_layer_forward:1.3163089752197266
INFO:trainer_layer_forward:0.9169578552246094
INFO:trainer_layer_forward:1.0716915130615234
INFO:trainer_layer_forward:1.0421276092529297
INFO:trainer_layer_forward:1.0089874267578125
INFO:trainer_layer_forward:0.8776187896728516
INFO:trainer_layer_forward:1.088857650756836
INFO:trainer_layer_forward:0.9512901306152344
INFO:trainer_layer_forward:1.4319419860839844
INFO:trainer_layer_forward:1.1830329895019531
INFO:trainer_layer_forward:0.8385181427001953
INFO:trainer_layer_forward:0.7219314575195312
INFO:trainer_layer_forward:0.8082389831542969
INFO:trainer_layer_forward:0.7884502410888672
INFO:trainer_layer_forward:0.995635986328125
INFO:trainer_layer_forward:0.9279251098632812
INFO:trainer_layer_forward:0.9670257568359375
INFO:trainer_layer_forward:0.9829998016357422
INFO:trainer_layer_forward:1.0170936584472656
INFO:trainer_layer_forward:1.256704330444336
INFO:trainer_layer_forward:1.3859272003173828
INFO:trainer_layer_forward:1.2750625610351562
INFO:trainer_layer_forward:0.9524822235107422
INFO:trainer_layer_forward:0.9338855743408203
INFO:trainer_layer_forward:0.9806156158447266
INFO:trainer_layer_forward:0.9605884552001953
INFO:trainer_layer_forward:1.0204315185546875
INFO:trainer_layer_forward:1.0898113250732422
INFO:trainer_layer_forward:0.9584426879882812
INFO:trainer_layer_forward:0.9753704071044922
INFO:trainer_layer_forward:1.0066032409667969
INFO:trainer_layer_forward:1.0311603546142578
INFO:trainer_layer_forward:1.1124610900878906
INFO:trainer_layer_forward:1.598358154296875
INFO:trainer_layer_forward:0.8001327514648438
INFO:trainer_layer_forward:1.0311603546142578
INFO:trainer_layer_forward:1.0366439819335938
INFO:trainer_layer_forward:0.9965896606445312
INFO:trainer_layer_forward:1.0268688201904297
INFO:trainer_layer_forward:1.0192394256591797
INFO:trainer_layer_forward:1.5482902526855469
INFO:trainer_layer_forward:1.5268325805664062
INFO:trainer_layer_forward:1.5714168548583984
INFO:trainer_layer_forward:0.9703636169433594
INFO:trainer_layer_forward:1.6317367553710938
INFO:trainer_layer_forward:2.0177364349365234
INFO:trainer_layer_forward:1.5180110931396484
INFO:trainer_layer_forward:1.4595985412597656
INFO:trainer_layer_forward:0.8862018585205078
INFO:trainer_layer_forward:0.8184909820556641
INFO:trainer_layer_forward:1.2788772583007812
INFO:trainer_layer_forward:0.8208751678466797
INFO:trainer_layer_forward:0.827789306640625
INFO:trainer_layer_forward:0.9884834289550781
INFO:trainer_layer_forward:0.9284019470214844
INFO:trainer_layer_forward:1.3399124145507812
INFO:trainer_layer_forward:2.0051002502441406
INFO:trainer_layer_forward:1.0223388671875
INFO:trainer_layer_forward:0.8971691131591797
INFO:trainer_layer_forward:0.7469654083251953
INFO:trainer_layer_forward:0.8833408355712891
INFO:trainer_layer_forward:0.7467269897460938
INFO:trainer_layer_forward:0.9548664093017578
INFO:trainer_layer_forward:1.107931137084961
INFO:trainer_layer_forward:1.2316703796386719
INFO:trainer_layer_forward:0.8673667907714844
INFO:trainer_layer_forward:0.8597373962402344
INFO:trainer_layer_forward:0.9121894836425781
INFO:trainer_layer_forward:0.9264945983886719
INFO:trainer_layer_forward:1.06048583984375
INFO:trainer_layer_forward:1.3916492462158203
INFO:trainer_layer_forward:1.2059211730957031
INFO:trainer_layer_forward:0.8974075317382812
INFO:trainer_layer_forward:0.9138584136962891
INFO:trainer_layer_forward:0.9701251983642578
INFO:trainer_layer_forward:0.9057521820068359
INFO:trainer_layer_forward:1.1661052703857422
INFO:trainer_layer_forward:1.3730525970458984
INFO:trainer_layer_forward:0.9753704071044922
INFO:trainer_layer_forward:0.9698867797851562
INFO:trainer_layer_forward:1.0073184967041016
INFO:trainer_layer_forward:1.5673637390136719
INFO:trainer_layer_forward:1.6226768493652344
INFO:trainer_layer_forward:0.9899139404296875
INFO:trainer_layer_forward:0.8721351623535156
INFO:trainer_layer_forward:0.9865760803222656
INFO:trainer_layer_forward:0.9307861328125
INFO:trainer_layer_forward:0.9241104125976562
INFO:trainer_layer_forward:0.8652210235595703
INFO:trainer_layer_forward:1.0707378387451172
INFO:trainer_layer_forward:1.0037422180175781
INFO:trainer_layer_forward:0.9701251983642578
INFO:trainer_layer_forward:0.8945465087890625
INFO:trainer_layer_forward:0.8823871612548828
INFO:trainer_layer_forward:0.8859634399414062
INFO:trainer_layer_forward:0.8909702301025391
INFO:trainer_layer_forward:0.9756088256835938
INFO:trainer_layer_forward:1.2502670288085938
INFO:trainer_layer_forward:1.1115074157714844
INFO:trainer_layer_forward:0.9715557098388672
INFO:trainer_layer_forward:1.0831356048583984
INFO:trainer_layer_forward:0.9436607360839844
INFO:trainer_layer_forward:1.0433197021484375
INFO:trainer_layer_forward:1.0073184967041016
INFO:trainer_layer_forward:1.440286636352539
INFO:trainer_layer_forward:1.5010833740234375
INFO:trainer_layer_forward:1.4505386352539062
INFO:trainer_layer_forward:1.4910697937011719
INFO:trainer_layer_forward:1.6186237335205078
INFO:trainer_layer_forward:1.5392303466796875
INFO:trainer_layer_forward:1.1742115020751953
INFO:trainer_layer_forward:0.8792877197265625
INFO:trainer_layer_forward:0.9520053863525391
INFO:trainer_layer_forward:0.9171962738037109
INFO:trainer_layer_forward:0.8807182312011719
INFO:trainer_layer_forward:0.8792877197265625
INFO:trainer_layer_forward:1.0457038879394531
INFO:trainer_layer_forward:0.9455680847167969
INFO:trainer_layer_forward:0.9038448333740234
INFO:trainer_layer_forward:0.9169578552246094
INFO:trainer_layer_forward:0.8816719055175781
INFO:trainer_layer_forward:0.9019374847412109
INFO:trainer_layer_forward:0.9436607360839844
INFO:trainer_layer_forward:0.9732246398925781
INFO:trainer_layer_forward:0.9710788726806641
INFO:trainer_layer_forward:1.0716915130615234
INFO:trainer_layer_forward:0.8187294006347656
INFO:trainer_layer_forward:0.8931159973144531
INFO:trainer_layer_forward:1.009225845336914
INFO:trainer_layer_forward:0.9541511535644531
INFO:trainer_layer_forward:1.0192394256591797
INFO:trainer_layer_forward:1.0521411895751953
INFO:trainer_layer_forward:1.161813735961914
INFO:trainer_layer_forward:0.9586811065673828
INFO:trainer_layer_forward:1.0161399841308594
INFO:trainer_layer_forward:0.9665489196777344
INFO:trainer_layer_forward:1.0652542114257812
INFO:trainer_layer_forward:1.081705093383789
INFO:trainer_layer_forward:1.2319087982177734
INFO:trainer_layer_forward:1.0216236114501953
INFO:trainer_layer_forward:1.7516613006591797
INFO:trainer_layer_forward:0.8375644683837891
INFO:trainer_layer_forward:0.9725093841552734
INFO:trainer_layer_forward:0.8244514465332031
INFO:trainer_layer_forward:1.8527507781982422
INFO:trainer_layer_forward:2.2597312927246094
INFO:trainer_layer_forward:0.9415149688720703
INFO:trainer_layer_forward:0.9021759033203125
INFO:trainer_layer_forward:0.9684562683105469
INFO:trainer_layer_forward:1.2969970703125
INFO:trainer_layer_forward:0.8618831634521484
INFO:trainer_layer_forward:0.8192062377929688
INFO:trainer_layer_forward:0.8285045623779297
INFO:trainer_layer_forward:0.7681846618652344
INFO:trainer_layer_forward:1.3270378112792969
INFO:trainer_layer_forward:1.680612564086914
INFO:trainer_layer_forward:1.505136489868164
INFO:trainer_layer_forward:0.9238719940185547
INFO:trainer_layer_forward:0.9369850158691406
INFO:trainer_layer_forward:0.9312629699707031
INFO:trainer_layer_forward:0.9274482727050781
INFO:trainer_layer_forward:0.911712646484375
INFO:trainer_layer_forward:1.306772232055664
INFO:trainer_layer_forward:0.9977817535400391
INFO:trainer_layer_forward:0.8003711700439453
INFO:trainer_layer_forward:0.8511543273925781
INFO:trainer_layer_forward:0.9398460388183594
INFO:trainer_layer_forward:0.9737014770507812
INFO:trainer_layer_forward:0.9801387786865234
INFO:trainer_layer_forward:0.8707046508789062
INFO:trainer_layer_forward:1.5282630920410156
INFO:trainer_layer_forward:0.9205341339111328
INFO:trainer_layer_forward:0.7581710815429688
INFO:trainer_layer_forward:0.8716583251953125
INFO:trainer_layer_forward:0.7724761962890625
INFO:trainer_layer_forward:0.9441375732421875
INFO:trainer_layer_forward:1.3377666473388672
INFO:trainer_layer_forward:1.1339187622070312
INFO:trainer_layer_forward:1.0826587677001953
INFO:trainer_layer_forward:1.2013912200927734
INFO:trainer_layer_forward:0.8985996246337891
INFO:trainer_layer_forward:1.2586116790771484
INFO:trainer_layer_forward:1.2390613555908203
INFO:trainer_layer_forward:1.1026859283447266
INFO:trainer_layer_forward:1.1153221130371094
INFO:trainer_layer_forward:1.0890960693359375
INFO:trainer_layer_forward:2.3560523986816406
INFO:trainer_layer_forward:1.0919570922851562
INFO:trainer_layer_forward:0.8082389831542969
INFO:trainer_layer_forward:0.8199214935302734
INFO:trainer_layer_forward:0.7812976837158203
INFO:trainer_layer_forward:0.8132457733154297
INFO:trainer_layer_forward:0.8060932159423828
INFO:trainer_layer_forward:0.9920597076416016
INFO:trainer_layer_forward:1.0685920715332031
INFO:trainer_layer_forward:1.0547637939453125
INFO:trainer_layer_forward:1.0635852813720703
INFO:trainer_layer_forward:1.224517822265625
INFO:trainer_layer_forward:1.15203857421875
INFO:trainer_layer_forward:1.2614727020263672
INFO:trainer_layer_forward:0.9291172027587891
INFO:trainer_layer_forward:0.850677490234375
INFO:trainer_layer_forward:0.8978843688964844
INFO:trainer_layer_forward:0.7615089416503906
INFO:trainer_layer_forward:0.8869171142578125
INFO:trainer_layer_forward:1.2085437774658203
INFO:trainer_layer_forward:0.9980201721191406
INFO:trainer_layer_forward:1.0066032409667969
INFO:trainer_layer_forward:0.8673667907714844
INFO:trainer_layer_forward:0.8678436279296875
INFO:trainer_layer_forward:0.980377197265625
INFO:trainer_layer_forward:0.8573532104492188
INFO:trainer_layer_forward:0.9179115295410156
INFO:trainer_layer_forward:0.9491443634033203
INFO:trainer_layer_forward:1.4891624450683594
INFO:trainer_layer_forward:1.0004043579101562
INFO:trainer_layer_forward:0.9710788726806641
INFO:trainer_layer_forward:1.0237693786621094
INFO:trainer_layer_forward:1.398324966430664
INFO:trainer_layer_forward:1.1048316955566406
INFO:trainer_layer_forward:1.0068416595458984
INFO:trainer_layer_forward:1.7943382263183594
INFO:trainer_layer_forward:1.1932849884033203
INFO:trainer_layer_forward:1.2819766998291016
INFO:trainer_layer_forward:1.2676715850830078
INFO:trainer_layer_forward:1.0788440704345703
INFO:trainer_layer_forward:1.2547969818115234
INFO:trainer_layer_forward:1.2531280517578125
INFO:trainer_layer_forward:1.316070556640625
INFO:trainer_layer_forward:1.209259033203125
INFO:trainer_layer_forward:1.3318061828613281
INFO:trainer_layer_forward:1.2891292572021484
INFO:trainer_layer_forward:1.1997222900390625
INFO:trainer_layer_forward:1.1949539184570312
INFO:trainer_layer_forward:1.1925697326660156
INFO:trainer_layer_forward:1.1916160583496094
INFO:trainer_layer_forward:1.0051727294921875
INFO:trainer_layer_forward:1.1527538299560547
INFO:trainer_layer_forward:0.9469985961914062
INFO:trainer_layer_forward:1.0497570037841797
INFO:trainer_layer_forward:1.8544197082519531
INFO:trainer_layer_forward:0.8215904235839844
INFO:trainer_layer_forward:0.9324550628662109
INFO:trainer_layer_forward:1.0826587677001953
INFO:trainer_layer_forward:1.30462646484375
INFO:trainer_layer_forward:1.2445449829101562
INFO:trainer_layer_forward:1.020193099975586
INFO:trainer_layer_forward:1.6200542449951172
INFO:trainer_layer_forward:1.214742660522461
INFO:trainer_layer_forward:1.2602806091308594
INFO:trainer_layer_forward:1.0974407196044922
INFO:trainer_layer_forward:1.4450550079345703
INFO:trainer_layer_forward:1.0633468627929688
INFO:trainer_layer_forward:1.2068748474121094
INFO:trainer_layer_forward:1.1157989501953125
INFO:trainer_layer_forward:1.0776519775390625
INFO:trainer_layer_forward:1.3651847839355469
INFO:trainer_layer_forward:1.3365745544433594
INFO:trainer_layer_forward:1.155853271484375
INFO:trainer_layer_forward:1.168966293334961
INFO:trainer_layer_forward:0.8630752563476562
INFO:trainer_layer_forward:0.9410381317138672
INFO:trainer_layer_forward:0.865936279296875
INFO:trainer_layer_forward:0.90789794921875
INFO:trainer_layer_forward:0.9806156158447266
INFO:trainer_layer_forward:0.9586811065673828
INFO:trainer_layer_forward:0.8141994476318359
INFO:trainer_layer_forward:1.0204315185546875
INFO:trainer_layer_forward:0.843048095703125
INFO:trainer_layer_forward:1.0449886322021484
INFO:trainer_layer_forward:0.8451938629150391
INFO:trainer_layer_forward:0.8842945098876953
INFO:trainer_layer_forward:0.7581710815429688
INFO:trainer_layer_forward:0.9601116180419922
INFO:trainer_layer_forward:0.9322166442871094
INFO:trainer_layer_forward:1.007080078125
INFO:trainer_layer_forward:0.9696483612060547
INFO:trainer_layer_forward:1.0254383087158203
INFO:trainer_layer_forward:1.1947154998779297
INFO:trainer_layer_forward:0.9052753448486328
INFO:trainer_layer_forward:0.7987022399902344
INFO:trainer_layer_forward:0.9438991546630859
INFO:trainer_layer_forward:0.8087158203125
INFO:trainer_layer_forward:0.9760856628417969
INFO:trainer_layer_forward:0.8983612060546875
INFO:trainer_layer_forward:0.9942054748535156
INFO:trainer_layer_forward:0.843048095703125
INFO:trainer_layer_forward:0.9171962738037109
INFO:trainer_layer_forward:1.1615753173828125
INFO:trainer_layer_forward:0.9567737579345703
INFO:trainer_layer_forward:0.8726119995117188
INFO:trainer_layer_forward:0.8158683776855469
INFO:trainer_layer_forward:0.7688999176025391
INFO:trainer_layer_forward:0.9973049163818359
INFO:trainer_layer_forward:0.8347034454345703
INFO:trainer_layer_forward:0.9119510650634766
INFO:trainer_layer_forward:0.8413791656494141
INFO:trainer_layer_forward:0.9045600891113281
INFO:trainer_layer_forward:0.7894039154052734
INFO:trainer_layer_forward:0.9903907775878906
INFO:trainer_layer_forward:0.8556842803955078
INFO:trainer_layer_forward:0.9930133819580078
INFO:trainer_layer_forward:0.8275508880615234
INFO:trainer_layer_forward:1.0073184967041016
INFO:trainer_layer_forward:0.8845329284667969
INFO:trainer_layer_forward:0.8716583251953125
INFO:trainer_layer_forward:1.0592937469482422
INFO:trainer_layer_forward:0.9174346923828125
INFO:trainer_layer_forward:0.8075237274169922
INFO:trainer_layer_forward:0.9405612945556641
INFO:trainer_layer_forward:1.0154247283935547
INFO:trainer_layer_forward:1.1301040649414062
INFO:trainer_layer_forward:1.0714530944824219
INFO:trainer_layer_forward:1.0373592376708984
INFO:trainer_layer_forward:1.0707378387451172
INFO:trainer_layer_forward:1.0137557983398438
INFO:trainer_layer_forward:0.8516311645507812
INFO:trainer_layer_forward:0.9503364562988281
INFO:trainer_layer_forward:0.8273124694824219
INFO:trainer_layer_forward:1.093149185180664
INFO:trainer_layer_forward:0.7843971252441406
INFO:trainer_layer_forward:0.9906291961669922
INFO:trainer_layer_forward:0.9691715240478516
INFO:trainer_layer_forward:0.7798671722412109
INFO:trainer_layer_forward:1.4519691467285156
INFO:trainer_layer_forward:1.09100341796875
INFO:trainer_layer_forward:0.8931159973144531
INFO:trainer_layer_forward:0.7953643798828125
INFO:trainer_layer_forward:0.7748603820800781
INFO:trainer_layer_forward:0.8509159088134766
INFO:trainer_layer_forward:0.8013248443603516
INFO:trainer_layer_forward:0.8742809295654297
INFO:trainer_layer_forward:0.7441043853759766
INFO:trainer_layer_forward:0.8475780487060547
INFO:trainer_layer_forward:1.028299331665039
INFO:trainer_layer_forward:0.7853507995605469
INFO:trainer_layer_forward:0.9965896606445312
INFO:trainer_layer_forward:0.9100437164306641
INFO:trainer_layer_forward:0.9217262268066406
INFO:trainer_layer_forward:0.8335113525390625
INFO:trainer_layer_forward:1.0347366333007812
INFO:trainer_layer_forward:0.7827281951904297
INFO:trainer_layer_forward:0.8738040924072266
INFO:trainer_layer_forward:0.7882118225097656
INFO:trainer_layer_forward:0.8847713470458984
INFO:trainer_layer_forward:1.1858940124511719
INFO:trainer_layer_forward:0.8015632629394531
INFO:trainer_layer_forward:0.9093284606933594
INFO:trainer_layer_forward:1.0738372802734375
INFO:trainer_layer_forward:1.1081695556640625
INFO:trainer_layer_forward:1.012563705444336
INFO:trainer_layer_forward:0.7834434509277344
INFO:trainer_layer_forward:0.9486675262451172
INFO:trainer_layer_forward:0.8654594421386719
INFO:trainer_layer_forward:0.8754730224609375
INFO:trainer_layer_forward:1.0311603546142578
INFO:trainer_layer_forward:0.9603500366210938
INFO:trainer_layer_forward:1.0571479797363281
INFO:trainer_layer_forward:0.7538795471191406
INFO:trainer_layer_forward:0.827789306640625
INFO:trainer_layer_forward:0.8130073547363281
INFO:trainer_layer_forward:0.8113384246826172
INFO:trainer_layer_forward:0.8940696716308594
INFO:trainer_layer_forward:0.7631778717041016
INFO:trainer_layer_forward:0.8559226989746094
INFO:trainer_layer_forward:0.7381439208984375
INFO:trainer_layer_forward:1.5912055969238281
INFO:trainer_layer_forward:0.8156299591064453
INFO:trainer_layer_forward:0.9975433349609375
INFO:trainer_layer_forward:0.7579326629638672
INFO:trainer_layer_forward:0.8146762847900391
INFO:trainer_layer_forward:0.8263587951660156
INFO:trainer_layer_forward:0.75531005859375
INFO:trainer_layer_forward:0.7243156433105469
INFO:trainer_layer_forward:0.8192062377929688
INFO:trainer_layer_forward:0.9782314300537109
INFO:trainer_layer_forward:0.8561611175537109
INFO:trainer_layer_forward:0.9818077087402344
INFO:trainer_layer_forward:0.8273124694824219
INFO:trainer_layer_forward:1.561880111694336
INFO:trainer_layer_forward:0.7953643798828125
INFO:trainer_layer_forward:0.8244514465332031
INFO:trainer_layer_forward:0.7555484771728516
INFO:trainer_layer_forward:0.8625984191894531
INFO:trainer_layer_forward:0.8230209350585938
INFO:trainer_layer_forward:0.8645057678222656
INFO:trainer_layer_forward:0.8661746978759766
INFO:trainer_layer_forward:0.9772777557373047
INFO:trainer_layer_forward:0.9150505065917969
INFO:trainer_layer_forward:0.9753704071044922
INFO:trainer_layer_forward:0.8215904235839844
INFO:trainer_layer_forward:0.9131431579589844
INFO:trainer_layer_forward:0.8287429809570312
INFO:trainer_layer_forward:0.9353160858154297
INFO:trainer_layer_forward:0.9386539459228516
INFO:trainer_layer_forward:0.843048095703125
INFO:trainer_layer_forward:1.027822494506836
INFO:trainer_layer_forward:0.8795261383056641
INFO:trainer_layer_forward:0.7836818695068359
INFO:trainer_layer_forward:2.0542144775390625
INFO:trainer_layer_forward:1.9941329956054688
INFO:trainer_layer_forward:2.1820068359375
INFO:trainer_layer_forward:1.0325908660888672
INFO:trainer_layer_forward:1.2242794036865234
INFO:trainer_layer_forward:1.0113716125488281
INFO:trainer_layer_forward:0.9913444519042969
INFO:trainer_layer_forward:1.0972023010253906
INFO:trainer_layer_forward:1.932382583618164
INFO:trainer_layer_forward:1.1043548583984375
INFO:trainer_layer_forward:0.8633136749267578
INFO:trainer_layer_forward:0.9224414825439453
INFO:trainer_layer_forward:1.1932849884033203
INFO:trainer_layer_forward:0.9455680847167969
INFO:trainer_layer_forward:0.8018016815185547
INFO:trainer_layer_forward:0.8490085601806641
INFO:trainer_layer_forward:0.7891654968261719
INFO:trainer_layer_forward:0.8459091186523438
INFO:trainer_layer_forward:0.8153915405273438
INFO:trainer_layer_forward:0.8122920989990234
INFO:trainer_layer_forward:0.9357929229736328
INFO:trainer_layer_forward:0.8420944213867188
INFO:trainer_layer_forward:0.9944438934326172
INFO:trainer_layer_forward:0.972747802734375
INFO:trainer_layer_forward:0.9419918060302734
INFO:trainer_layer_forward:0.8244514465332031
INFO:trainer_layer_forward:1.2919902801513672
INFO:trainer_layer_forward:0.8685588836669922
INFO:trainer_layer_forward:0.8864402770996094
INFO:trainer_layer_forward:0.9412765502929688
INFO:trainer_layer_forward:0.8630752563476562
INFO:trainer_layer_forward:0.820159912109375
INFO:trainer_layer_forward:1.1026859283447266
INFO:trainer_layer_forward:1.2240409851074219
INFO:trainer_layer_forward:0.8363723754882812
INFO:trainer_layer_forward:0.9272098541259766
INFO:trainer_layer_forward:0.9052753448486328
INFO:trainer_layer_forward:1.4202594757080078
INFO:trainer_layer_forward:1.070261001586914
INFO:trainer_layer_forward:0.8425712585449219
INFO:trainer_layer_forward:0.9250640869140625
INFO:trainer_layer_forward:0.7634162902832031
INFO:trainer_layer_forward:1.0004043579101562
INFO:trainer_layer_forward:0.8876323699951172
INFO:trainer_layer_forward:0.9882450103759766
INFO:trainer_layer_forward:0.7872581481933594
INFO:trainer_layer_forward:1.0006427764892578
INFO:trainer_layer_forward:1.2764930725097656
INFO:trainer_layer_forward:0.8866786956787109
INFO:trainer_layer_forward:0.7536411285400391
INFO:trainer_layer_forward:0.888824462890625
INFO:trainer_layer_forward:0.7843971252441406
INFO:trainer_layer_forward:0.8261203765869141
INFO:trainer_layer_forward:0.7889270782470703
INFO:trainer_layer_forward:0.8194446563720703
INFO:trainer_layer_forward:0.8037090301513672
INFO:trainer_layer_forward:0.8072853088378906
INFO:trainer_layer_forward:0.8466243743896484
INFO:trainer_layer_forward:0.8482933044433594
INFO:trainer_layer_forward:0.9708404541015625
INFO:trainer_layer_forward:0.89263916015625
INFO:trainer_layer_forward:0.7228851318359375
INFO:trainer_layer_forward:0.8332729339599609
INFO:trainer_layer_forward:1.3496875762939453
INFO:trainer_layer_forward:1.6722679138183594
INFO:trainer_layer_forward:1.6241073608398438
INFO:trainer_layer_forward:1.848459243774414
INFO:trainer_layer_forward:0.9000301361083984
INFO:trainer_layer_forward:0.8971691131591797
INFO:trainer_layer_forward:0.8699893951416016
INFO:trainer_layer_forward:2.154111862182617
INFO:trainer_layer_forward:1.3577938079833984
INFO:trainer_layer_forward:1.2836456298828125
INFO:trainer_layer_forward:0.7708072662353516
INFO:trainer_layer_forward:0.8800029754638672
INFO:trainer_layer_forward:0.7374286651611328
INFO:trainer_layer_forward:1.0042190551757812
INFO:trainer_layer_forward:1.1970996856689453
INFO:trainer_layer_forward:0.7817745208740234
INFO:trainer_layer_forward:1.0569095611572266
INFO:trainer_layer_forward:0.8523464202880859
INFO:trainer_layer_forward:0.7140636444091797
INFO:trainer_layer_forward:0.74005126953125
INFO:trainer_layer_forward:0.8864402770996094
INFO:trainer_layer_forward:0.7958412170410156
INFO:trainer_layer_forward:1.5022754669189453
INFO:trainer_layer_forward:1.491546630859375
INFO:trainer_layer_forward:1.3370513916015625
INFO:trainer_layer_forward:1.359701156616211
INFO:trainer_layer_forward:1.6388893127441406
INFO:trainer_layer_forward:1.0344982147216797
INFO:trainer_layer_forward:1.6226768493652344
INFO:trainer_layer_forward:1.1372566223144531
INFO:trainer_layer_forward:0.7262229919433594
INFO:trainer_layer_forward:0.7801055908203125
INFO:trainer_layer_forward:0.6933212280273438
INFO:trainer_layer_forward:1.9075870513916016
INFO:trainer_layer_forward:1.079559326171875
INFO:trainer_layer_forward:1.1076927185058594
INFO:trainer_layer_forward:0.7803440093994141
INFO:trainer_layer_forward:0.9305477142333984
INFO:trainer_layer_forward:0.7691383361816406
INFO:trainer_layer_forward:1.1458396911621094
INFO:trainer_layer_forward:0.9665489196777344
INFO:trainer_layer_forward:1.373291015625
INFO:trainer_layer_forward:0.7123947143554688
INFO:trainer_layer_forward:1.0919570922851562
INFO:trainer_layer_forward:0.7309913635253906
INFO:trainer_layer_forward:0.8692741394042969
INFO:trainer_layer_forward:0.7047653198242188
INFO:trainer_layer_forward:0.8924007415771484
INFO:trainer_layer_forward:0.9644031524658203
INFO:trainer_layer_forward:1.617431640625
INFO:trainer_layer_forward:1.123189926147461
INFO:trainer_layer_forward:1.0945796966552734
INFO:trainer_layer_forward:0.804901123046875
INFO:trainer_layer_forward:0.8523464202880859
INFO:trainer_layer_forward:0.7975101470947266
INFO:trainer_layer_forward:0.9531974792480469
INFO:trainer_layer_forward:1.0008811950683594
INFO:trainer_layer_forward:1.180887222290039
INFO:trainer_layer_forward:0.8015632629394531
INFO:trainer_layer_forward:0.7565021514892578
INFO:trainer_layer_forward:0.7464885711669922
INFO:trainer_layer_forward:0.9312629699707031
INFO:trainer_layer_forward:0.8628368377685547
INFO:trainer_layer_forward:0.9009838104248047
INFO:trainer_layer_forward:0.99945068359375
INFO:trainer_layer_forward:1.0845661163330078
INFO:trainer_layer_forward:0.8778572082519531
INFO:trainer_layer_forward:1.1112689971923828
INFO:trainer_layer_forward:0.9875297546386719
INFO:trainer_layer_forward:0.8130073547363281
INFO:trainer_layer_forward:0.9326934814453125
INFO:trainer_layer_forward:1.5044212341308594
INFO:trainer_layer_forward:1.4634132385253906
INFO:trainer_layer_forward:1.5552043914794922
INFO:trainer_layer_forward:0.9899139404296875
INFO:trainer_layer_forward:0.8881092071533203
INFO:trainer_layer_forward:0.8563995361328125
INFO:trainer_layer_forward:1.3549327850341797
INFO:trainer_layer_forward:1.64031982421875
INFO:trainer_layer_forward:1.041412353515625
INFO:trainer_layer_forward:0.9682178497314453
INFO:trainer_layer_forward:1.068115234375
INFO:trainer_layer_forward:1.0035037994384766
INFO:trainer_layer_forward:0.8597373962402344
INFO:trainer_layer_forward:1.0857582092285156
INFO:trainer_layer_forward:0.8308887481689453
INFO:trainer_layer_forward:0.8985996246337891
INFO:trainer_layer_forward:0.8580684661865234
INFO:trainer_layer_forward:0.8795261383056641
INFO:trainer_layer_forward:0.9322166442871094
INFO:trainer_layer_forward:1.3775825500488281
INFO:trainer_layer_forward:0.8523464202880859
INFO:trainer_layer_forward:1.1129379272460938
INFO:trainer_layer_forward:1.9390583038330078
INFO:trainer_layer_forward:1.5101432800292969
INFO:trainer_layer_forward:1.8286705017089844
INFO:trainer_layer_forward:1.1415481567382812
INFO:trainer_layer_forward:0.8273124694824219
INFO:trainer_layer_forward:0.766754150390625
INFO:trainer_layer_forward:0.7510185241699219
INFO:trainer_layer_forward:0.8187294006347656
INFO:trainer_layer_forward:0.7915496826171875
INFO:trainer_layer_forward:0.7863044738769531
INFO:trainer_layer_forward:0.8108615875244141
INFO:trainer_layer_forward:0.7584095001220703
INFO:trainer_layer_forward:0.8180141448974609
INFO:trainer_layer_forward:0.8072853088378906
INFO:trainer_layer_forward:0.7920265197753906
INFO:trainer_layer_forward:1.8711090087890625
INFO:trainer_layer_forward:1.2125968933105469
INFO:trainer_layer_forward:1.390695571899414
INFO:trainer_layer_forward:0.7727146148681641
INFO:trainer_layer_forward:0.896453857421875
INFO:trainer_layer_forward:0.7803440093994141
INFO:trainer_layer_forward:0.8356571197509766
INFO:trainer_layer_forward:0.8158683776855469
INFO:trainer_layer_forward:0.9973049163818359
INFO:trainer_layer_forward:1.028299331665039
INFO:trainer_layer_forward:1.7344951629638672
INFO:trainer_layer_forward:1.294851303100586
INFO:trainer_layer_forward:1.4042854309082031
INFO:trainer_layer_forward:0.8256435394287109
INFO:trainer_layer_forward:0.8068084716796875
INFO:trainer_layer_forward:0.8726119995117188
INFO:trainer_layer_forward:0.8628368377685547
INFO:trainer_layer_forward:1.0666847229003906
INFO:trainer_layer_forward:0.896453857421875
INFO:trainer_layer_forward:0.7424354553222656
INFO:trainer_layer_forward:0.8540153503417969
INFO:trainer_layer_forward:0.8020401000976562
INFO:trainer_layer_forward:0.8540153503417969
INFO:trainer_layer_forward:0.8118152618408203
INFO:trainer_layer_forward:0.8509159088134766
INFO:trainer_layer_forward:0.9753704071044922
INFO:trainer_layer_forward:0.8115768432617188
INFO:trainer_layer_forward:0.7951259613037109
INFO:trainer_layer_forward:0.8854866027832031
INFO:trainer_layer_forward:0.8299350738525391
INFO:trainer_layer_forward:0.9686946868896484
INFO:trainer_layer_forward:0.7719993591308594
INFO:trainer_layer_forward:0.8845329284667969
INFO:trainer_layer_forward:0.8058547973632812
INFO:trainer_layer_forward:0.9016990661621094
INFO:trainer_layer_forward:0.7658004760742188
INFO:trainer_layer_forward:0.8702278137207031
INFO:trainer_layer_forward:0.7469654083251953
INFO:trainer_layer_forward:0.8518695831298828
INFO:trainer_layer_forward:0.8282661437988281
INFO:trainer_layer_forward:0.9982585906982422
INFO:trainer_layer_forward:0.9353160858154297
INFO:trainer_layer_forward:1.0406970977783203
INFO:trainer_layer_forward:1.1210441589355469
INFO:trainer_layer_forward:0.9706020355224609
INFO:trainer_layer_forward:1.0106563568115234
INFO:trainer_layer_forward:1.0395050048828125
INFO:trainer_layer_forward:1.0061264038085938
INFO:trainer_layer_forward:1.2693405151367188
INFO:trainer_layer_forward:0.9593963623046875
INFO:trainer_layer_forward:0.8013248443603516
INFO:trainer_layer_forward:0.9276866912841797
INFO:trainer_layer_forward:0.7503032684326172
INFO:trainer_layer_forward:0.9603500366210938
INFO:trainer_layer_forward:0.774383544921875
INFO:trainer_layer_forward:0.95367431640625
INFO:trainer_layer_forward:0.8306503295898438
INFO:trainer_layer_forward:0.9837150573730469
INFO:trainer_layer_forward:0.8268356323242188
INFO:trainer_layer_forward:0.9591579437255859
INFO:trainer_layer_forward:1.146554946899414
INFO:trainer_layer_forward:1.0364055633544922
INFO:trainer_layer_forward:1.1301040649414062
INFO:trainer_layer_forward:1.1472702026367188
INFO:trainer_layer_forward:0.9510517120361328
INFO:trainer_layer_forward:0.9737014770507812
INFO:trainer_layer_forward:0.8764266967773438
INFO:trainer_layer_forward:0.8704662322998047
INFO:trainer_layer_forward:0.7319450378417969
INFO:trainer_layer_forward:0.9016990661621094
INFO:trainer_layer_forward:0.8339881896972656
INFO:trainer_layer_forward:0.8196830749511719
INFO:trainer_layer_forward:0.8645057678222656
INFO:trainer_layer_forward:1.2154579162597656
INFO:trainer_layer_forward:0.8985996246337891
INFO:trainer_layer_forward:0.7984638214111328
INFO:trainer_layer_forward:0.8268356323242188
INFO:trainer_layer_forward:0.9312629699707031
INFO:trainer_layer_forward:0.8251667022705078
INFO:trainer_layer_forward:0.8072853088378906
INFO:trainer_layer_forward:1.050710678100586
INFO:trainer_layer_forward:0.8020401000976562
INFO:trainer_layer_forward:0.8270740509033203
INFO:trainer_layer_forward:0.8101463317871094
INFO:trainer_layer_forward:0.8802413940429688
INFO:trainer_layer_forward:0.8444786071777344
INFO:trainer_layer_forward:0.8893013000488281
INFO:trainer_layer_forward:0.9312629699707031
INFO:trainer_layer_forward:0.8249282836914062
INFO:trainer_layer_forward:0.8122920989990234
INFO:trainer_layer_forward:0.797271728515625
INFO:trainer_layer_forward:1.3685226440429688
INFO:trainer_layer_forward:1.9202232360839844
INFO:trainer_layer_forward:1.1174678802490234
INFO:trainer_layer_forward:0.9634494781494141
INFO:trainer_layer_forward:1.0752677917480469
INFO:trainer_layer_forward:1.1284351348876953
INFO:trainer_layer_forward:0.9229183197021484
INFO:trainer_layer_forward:1.0111331939697266
INFO:trainer_layer_forward:1.0802745819091797
INFO:trainer_layer_forward:1.066446304321289
INFO:trainer_layer_forward:1.1649131774902344
INFO:trainer_layer_forward:1.125335693359375
INFO:trainer_layer_forward:1.3039112091064453
INFO:trainer_layer_forward:0.9365081787109375
INFO:trainer_layer_forward:0.8602142333984375
INFO:trainer_layer_forward:0.7436275482177734
INFO:trainer_layer_forward:1.058340072631836
INFO:trainer_layer_forward:0.8041858673095703
INFO:trainer_layer_forward:0.7469654083251953
INFO:trainer_layer_forward:0.7443428039550781
INFO:trainer_layer_forward:0.7793903350830078
INFO:trainer_layer_forward:0.7586479187011719
INFO:trainer_layer_forward:0.8080005645751953
INFO:trainer_layer_forward:0.7469654083251953
INFO:trainer_layer_forward:0.7612705230712891
INFO:trainer_layer_forward:0.972747802734375
INFO:trainer_layer_forward:0.8618831634521484
INFO:trainer_layer_forward:1.1229515075683594
INFO:trainer_layer_forward:0.9150505065917969
INFO:trainer_layer_forward:1.039743423461914
INFO:trainer_layer_forward:1.0721683502197266
INFO:trainer_layer_forward:1.222848892211914
INFO:trainer_layer_forward:0.8184909820556641
INFO:trainer_layer_forward:1.0368824005126953
INFO:trainer_layer_forward:0.7812976837158203
INFO:trainer_layer_forward:0.7441043853759766
INFO:trainer_layer_forward:0.7987022399902344
INFO:trainer_layer_forward:1.0271072387695312
INFO:trainer_layer_forward:0.9806156158447266
INFO:trainer_layer_forward:1.1115074157714844
INFO:trainer_layer_forward:0.8821487426757812
INFO:trainer_layer_forward:0.9832382202148438
INFO:trainer_layer_forward:0.9262561798095703
INFO:trainer_layer_forward:0.8268356323242188
INFO:trainer_layer_forward:0.7574558258056641
INFO:trainer_layer_forward:0.9119510650634766
INFO:trainer_layer_forward:0.7402896881103516
INFO:trainer_layer_forward:0.7114410400390625
INFO:trainer_layer_forward:0.7715225219726562
INFO:trainer_layer_forward:0.7281303405761719
INFO:trainer_layer_forward:0.7593631744384766
INFO:trainer_layer_forward:0.7867813110351562
INFO:trainer_layer_forward:0.7834434509277344
INFO:trainer_layer_forward:0.8838176727294922
INFO:trainer_layer_forward:1.1742115020751953
INFO:trainer_layer_forward:0.9930133819580078
INFO:trainer_layer_forward:1.1029243469238281
INFO:trainer_layer_forward:1.0342597961425781
INFO:trainer_layer_forward:1.1401176452636719
INFO:trainer_layer_forward:0.9100437164306641
INFO:trainer_layer_forward:0.8616447448730469
INFO:trainer_layer_forward:0.7536411285400391
INFO:trainer_layer_forward:0.7560253143310547
INFO:trainer_layer_forward:0.7202625274658203
INFO:trainer_layer_forward:0.9052753448486328
INFO:trainer_layer_forward:0.9677410125732422
INFO:trainer_layer_forward:1.1570453643798828
INFO:trainer_layer_forward:0.7576942443847656
INFO:trainer_layer_forward:0.9112358093261719
INFO:trainer_layer_forward:0.865936279296875
INFO:trainer_layer_forward:0.8039474487304688
INFO:trainer_layer_forward:0.8978843688964844
INFO:trainer_layer_forward:0.7810592651367188
INFO:trainer_layer_forward:0.8554458618164062
INFO:trainer_layer_forward:0.9274482727050781
INFO:trainer_layer_forward:0.7309913635253906
INFO:trainer_layer_forward:0.7932186126708984
INFO:trainer_layer_forward:0.8358955383300781
INFO:trainer_layer_forward:0.8435249328613281
INFO:trainer_layer_forward:0.8645057678222656
INFO:trainer_layer_forward:0.8721351623535156
INFO:trainer_layer_forward:0.8666515350341797
INFO:trainer_layer_forward:0.7417201995849609
INFO:trainer_layer_forward:0.8790493011474609
INFO:trainer_layer_forward:1.2788772583007812
INFO:trainer_layer_forward:1.4023780822753906
INFO:trainer_layer_forward:1.508474349975586
INFO:trainer_layer_forward:2.193927764892578
INFO:trainer_layer_forward:1.1179447174072266
INFO:trainer_layer_forward:0.7560253143310547
INFO:trainer_layer_forward:0.8060932159423828
INFO:trainer_layer_forward:1.0693073272705078
INFO:trainer_layer_forward:1.0843276977539062
INFO:trainer_layer_forward:1.5268325805664062
INFO:trainer_layer_forward:1.2156963348388672
INFO:trainer_layer_forward:0.8158683776855469
INFO:trainer_layer_forward:0.8058547973632812
INFO:trainer_layer_forward:0.8862018585205078
INFO:trainer_layer_forward:0.7975101470947266
INFO:trainer_layer_forward:1.020193099975586
INFO:trainer_layer_forward:0.7951259613037109
INFO:trainer_layer_forward:0.7770061492919922
INFO:trainer_layer_forward:0.7879734039306641
INFO:trainer_layer_forward:0.7410049438476562
