INFO:trainer_layer_forward:FFT_CNNEx | mnist
INFO:trainer_layer_forward:in_size : 32 | epochs : 1 | batch : 1
INFO:trainer_layer_forward:kernel_l1 : 17 | 
INFO:trainer_layer_forward:o_channels_l1 : 20 | 
INFO:trainer_layer_forward:learn_num_train : 1000 | learn_num_validate : 0 
INFO:trainer_layer_forward::::::::::::::::::::::::::::::::::::::::::::::::::::::::::::
INFO:trainer_layer_forward:message : fft_conv3 
INFO:trainer_layer_forward::::::::::::::::::::::::::::::::::::::::::::::::::::::::::::
INFO:trainer_layer_forward:Ave_Time : 1.0074025452739062
INFO:trainer_layer_forward::::::::::::::::::::::::::::::::::::::::::::::::::::::::::::
INFO:trainer_layer_forward:0.9953975677490234
INFO:trainer_layer_forward:1.1112689971923828
INFO:trainer_layer_forward:1.1107921600341797
INFO:trainer_layer_forward:1.1544227600097656
INFO:trainer_layer_forward:1.3782978057861328
INFO:trainer_layer_forward:1.210927963256836
INFO:trainer_layer_forward:1.1451244354248047
INFO:trainer_layer_forward:1.1146068572998047
INFO:trainer_layer_forward:1.3883113861083984
INFO:trainer_layer_forward:1.132965087890625
INFO:trainer_layer_forward:1.1136531829833984
INFO:trainer_layer_forward:1.1246204376220703
INFO:trainer_layer_forward:0.7691383361816406
INFO:trainer_layer_forward:0.7662773132324219
INFO:trainer_layer_forward:0.7550716400146484
INFO:trainer_layer_forward:1.0344982147216797
INFO:trainer_layer_forward:0.7987022399902344
INFO:trainer_layer_forward:0.8344650268554688
INFO:trainer_layer_forward:0.7731914520263672
INFO:trainer_layer_forward:0.7519721984863281
INFO:trainer_layer_forward:0.7421970367431641
INFO:trainer_layer_forward:0.7624626159667969
INFO:trainer_layer_forward:0.8900165557861328
INFO:trainer_layer_forward:0.9069442749023438
INFO:trainer_layer_forward:0.7798671722412109
INFO:trainer_layer_forward:0.9102821350097656
INFO:trainer_layer_forward:0.7510185241699219
INFO:trainer_layer_forward:0.9210109710693359
INFO:trainer_layer_forward:0.8754730224609375
INFO:trainer_layer_forward:0.9977817535400391
INFO:trainer_layer_forward:0.885009765625
INFO:trainer_layer_forward:1.1761188507080078
INFO:trainer_layer_forward:0.9119510650634766
INFO:trainer_layer_forward:0.9899139404296875
INFO:trainer_layer_forward:0.8580684661865234
INFO:trainer_layer_forward:0.9148120880126953
INFO:trainer_layer_forward:0.9188652038574219
INFO:trainer_layer_forward:1.3098716735839844
INFO:trainer_layer_forward:0.9822845458984375
INFO:trainer_layer_forward:0.942230224609375
INFO:trainer_layer_forward:0.9629726409912109
INFO:trainer_layer_forward:0.9214878082275391
INFO:trainer_layer_forward:0.9367465972900391
INFO:trainer_layer_forward:0.9469985961914062
INFO:trainer_layer_forward:2.053976058959961
INFO:trainer_layer_forward:1.7778873443603516
INFO:trainer_layer_forward:1.0390281677246094
INFO:trainer_layer_forward:0.9438991546630859
INFO:trainer_layer_forward:0.9734630584716797
INFO:trainer_layer_forward:1.0838508605957031
INFO:trainer_layer_forward:1.149892807006836
INFO:trainer_layer_forward:1.0237693786621094
INFO:trainer_layer_forward:0.9560585021972656
INFO:trainer_layer_forward:0.9760856628417969
INFO:trainer_layer_forward:0.9634494781494141
INFO:trainer_layer_forward:0.9634494781494141
INFO:trainer_layer_forward:1.6353130340576172
INFO:trainer_layer_forward:1.5480518341064453
INFO:trainer_layer_forward:1.3496875762939453
INFO:trainer_layer_forward:1.3430118560791016
INFO:trainer_layer_forward:1.4271736145019531
INFO:trainer_layer_forward:0.9548664093017578
INFO:trainer_layer_forward:1.5501976013183594
INFO:trainer_layer_forward:1.0166168212890625
INFO:trainer_layer_forward:1.0292530059814453
INFO:trainer_layer_forward:0.9181499481201172
INFO:trainer_layer_forward:0.9555816650390625
INFO:trainer_layer_forward:1.0457038879394531
INFO:trainer_layer_forward:1.1086463928222656
INFO:trainer_layer_forward:0.804901123046875
INFO:trainer_layer_forward:0.9195804595947266
INFO:trainer_layer_forward:0.7762908935546875
INFO:trainer_layer_forward:0.8628368377685547
INFO:trainer_layer_forward:0.762939453125
INFO:trainer_layer_forward:0.7672309875488281
INFO:trainer_layer_forward:0.8704662322998047
INFO:trainer_layer_forward:1.1708736419677734
INFO:trainer_layer_forward:0.9028911590576172
INFO:trainer_layer_forward:0.8678436279296875
INFO:trainer_layer_forward:0.7755756378173828
INFO:trainer_layer_forward:0.9205341339111328
INFO:trainer_layer_forward:0.8294582366943359
INFO:trainer_layer_forward:1.024007797241211
INFO:trainer_layer_forward:0.8838176727294922
INFO:trainer_layer_forward:1.4495849609375
INFO:trainer_layer_forward:1.291513442993164
INFO:trainer_layer_forward:0.7426738739013672
INFO:trainer_layer_forward:0.7276535034179688
INFO:trainer_layer_forward:0.7703304290771484
INFO:trainer_layer_forward:1.1241436004638672
INFO:trainer_layer_forward:1.7118453979492188
INFO:trainer_layer_forward:1.451730728149414
INFO:trainer_layer_forward:0.9124279022216797
INFO:trainer_layer_forward:0.7770061492919922
INFO:trainer_layer_forward:0.8404254913330078
INFO:trainer_layer_forward:0.8139610290527344
INFO:trainer_layer_forward:1.2624263763427734
INFO:trainer_layer_forward:1.1098384857177734
INFO:trainer_layer_forward:1.1129379272460938
INFO:trainer_layer_forward:1.1096000671386719
INFO:trainer_layer_forward:0.9148120880126953
INFO:trainer_layer_forward:0.9660720825195312
INFO:trainer_layer_forward:1.028299331665039
INFO:trainer_layer_forward:1.1584758758544922
INFO:trainer_layer_forward:0.9858608245849609
INFO:trainer_layer_forward:1.123666763305664
INFO:trainer_layer_forward:1.0714530944824219
INFO:trainer_layer_forward:0.9388923645019531
INFO:trainer_layer_forward:0.9760856628417969
INFO:trainer_layer_forward:1.165151596069336
INFO:trainer_layer_forward:0.9996891021728516
INFO:trainer_layer_forward:1.051187515258789
INFO:trainer_layer_forward:1.2750625610351562
INFO:trainer_layer_forward:0.9441375732421875
INFO:trainer_layer_forward:0.8378028869628906
INFO:trainer_layer_forward:1.043558120727539
INFO:trainer_layer_forward:1.074075698852539
INFO:trainer_layer_forward:1.3546943664550781
INFO:trainer_layer_forward:0.8654594421386719
INFO:trainer_layer_forward:0.9377002716064453
INFO:trainer_layer_forward:0.8254051208496094
INFO:trainer_layer_forward:0.8974075317382812
INFO:trainer_layer_forward:0.8692741394042969
INFO:trainer_layer_forward:1.0111331939697266
INFO:trainer_layer_forward:1.5056133270263672
INFO:trainer_layer_forward:1.172780990600586
INFO:trainer_layer_forward:1.1990070343017578
INFO:trainer_layer_forward:1.2445449829101562
INFO:trainer_layer_forward:1.1324882507324219
INFO:trainer_layer_forward:1.110076904296875
INFO:trainer_layer_forward:1.2094974517822266
INFO:trainer_layer_forward:0.9253025054931641
INFO:trainer_layer_forward:1.1830329895019531
INFO:trainer_layer_forward:1.1546611785888672
INFO:trainer_layer_forward:1.2254714965820312
INFO:trainer_layer_forward:1.087188720703125
INFO:trainer_layer_forward:1.5349388122558594
INFO:trainer_layer_forward:1.2722015380859375
INFO:trainer_layer_forward:1.1742115020751953
INFO:trainer_layer_forward:1.2593269348144531
INFO:trainer_layer_forward:1.0297298431396484
INFO:trainer_layer_forward:0.9226799011230469
INFO:trainer_layer_forward:1.1205673217773438
INFO:trainer_layer_forward:1.1210441589355469
INFO:trainer_layer_forward:0.8342266082763672
INFO:trainer_layer_forward:0.8194446563720703
INFO:trainer_layer_forward:0.8740425109863281
INFO:trainer_layer_forward:0.8907318115234375
INFO:trainer_layer_forward:0.9634494781494141
INFO:trainer_layer_forward:0.9660720825195312
INFO:trainer_layer_forward:0.9901523590087891
INFO:trainer_layer_forward:0.9734630584716797
INFO:trainer_layer_forward:1.043558120727539
INFO:trainer_layer_forward:0.8943080902099609
INFO:trainer_layer_forward:1.0673999786376953
INFO:trainer_layer_forward:0.9479522705078125
INFO:trainer_layer_forward:1.3072490692138672
INFO:trainer_layer_forward:1.2433528900146484
INFO:trainer_layer_forward:1.2149810791015625
INFO:trainer_layer_forward:1.1506080627441406
INFO:trainer_layer_forward:1.1589527130126953
INFO:trainer_layer_forward:1.1508464813232422
INFO:trainer_layer_forward:1.2540817260742188
INFO:trainer_layer_forward:1.1744499206542969
INFO:trainer_layer_forward:1.0352134704589844
INFO:trainer_layer_forward:1.1777877807617188
INFO:trainer_layer_forward:1.111745834350586
INFO:trainer_layer_forward:1.0635852813720703
INFO:trainer_layer_forward:1.1649131774902344
INFO:trainer_layer_forward:1.2323856353759766
INFO:trainer_layer_forward:1.1744499206542969
INFO:trainer_layer_forward:0.8955001831054688
INFO:trainer_layer_forward:0.8676052093505859
INFO:trainer_layer_forward:0.8635520935058594
INFO:trainer_layer_forward:0.7588863372802734
INFO:trainer_layer_forward:0.8697509765625
INFO:trainer_layer_forward:0.8916854858398438
INFO:trainer_layer_forward:0.9794235229492188
INFO:trainer_layer_forward:1.0533332824707031
INFO:trainer_layer_forward:1.0685920715332031
INFO:trainer_layer_forward:1.0192394256591797
INFO:trainer_layer_forward:1.7018318176269531
INFO:trainer_layer_forward:1.0602474212646484
INFO:trainer_layer_forward:1.0569095611572266
INFO:trainer_layer_forward:1.0950565338134766
INFO:trainer_layer_forward:1.0800361633300781
INFO:trainer_layer_forward:0.9922981262207031
INFO:trainer_layer_forward:0.8823871612548828
INFO:trainer_layer_forward:0.9210109710693359
INFO:trainer_layer_forward:1.0693073272705078
INFO:trainer_layer_forward:0.8573532104492188
INFO:trainer_layer_forward:0.9722709655761719
INFO:trainer_layer_forward:0.8702278137207031
INFO:trainer_layer_forward:0.9021759033203125
INFO:trainer_layer_forward:0.8561611175537109
INFO:trainer_layer_forward:0.8802413940429688
INFO:trainer_layer_forward:0.8726119995117188
INFO:trainer_layer_forward:0.9424686431884766
INFO:trainer_layer_forward:0.8642673492431641
INFO:trainer_layer_forward:0.8332729339599609
INFO:trainer_layer_forward:0.8590221405029297
INFO:trainer_layer_forward:0.9272098541259766
INFO:trainer_layer_forward:1.2929439544677734
INFO:trainer_layer_forward:1.0972023010253906
INFO:trainer_layer_forward:0.9400844573974609
INFO:trainer_layer_forward:0.9465217590332031
INFO:trainer_layer_forward:1.039266586303711
INFO:trainer_layer_forward:0.9493827819824219
INFO:trainer_layer_forward:1.0132789611816406
INFO:trainer_layer_forward:0.9021759033203125
INFO:trainer_layer_forward:1.0349750518798828
INFO:trainer_layer_forward:0.9524822235107422
INFO:trainer_layer_forward:0.9300708770751953
INFO:trainer_layer_forward:0.9224414825439453
INFO:trainer_layer_forward:0.9427070617675781
INFO:trainer_layer_forward:0.9131431579589844
INFO:trainer_layer_forward:0.9305477142333984
INFO:trainer_layer_forward:0.9398460388183594
INFO:trainer_layer_forward:1.0673999786376953
INFO:trainer_layer_forward:1.0106563568115234
INFO:trainer_layer_forward:0.9522438049316406
INFO:trainer_layer_forward:1.0390281677246094
INFO:trainer_layer_forward:1.0323524475097656
INFO:trainer_layer_forward:0.9720325469970703
INFO:trainer_layer_forward:1.0483264923095703
INFO:trainer_layer_forward:1.2612342834472656
INFO:trainer_layer_forward:1.2600421905517578
INFO:trainer_layer_forward:1.0650157928466797
INFO:trainer_layer_forward:1.0094642639160156
INFO:trainer_layer_forward:1.1448860168457031
INFO:trainer_layer_forward:0.8873939514160156
INFO:trainer_layer_forward:1.0678768157958984
INFO:trainer_layer_forward:0.9272098541259766
INFO:trainer_layer_forward:1.1415481567382812
INFO:trainer_layer_forward:1.0688304901123047
INFO:trainer_layer_forward:1.035451889038086
INFO:trainer_layer_forward:1.3043880462646484
INFO:trainer_layer_forward:0.9732246398925781
INFO:trainer_layer_forward:0.8261203765869141
INFO:trainer_layer_forward:1.1599063873291016
INFO:trainer_layer_forward:1.0843276977539062
INFO:trainer_layer_forward:1.1115074157714844
INFO:trainer_layer_forward:0.9126663208007812
INFO:trainer_layer_forward:0.9322166442871094
INFO:trainer_layer_forward:1.085042953491211
INFO:trainer_layer_forward:1.1608600616455078
INFO:trainer_layer_forward:1.1150836944580078
INFO:trainer_layer_forward:1.0654926300048828
INFO:trainer_layer_forward:0.9882450103759766
INFO:trainer_layer_forward:1.3861656188964844
INFO:trainer_layer_forward:1.1239051818847656
INFO:trainer_layer_forward:0.797271728515625
INFO:trainer_layer_forward:1.0857582092285156
INFO:trainer_layer_forward:1.1343955993652344
INFO:trainer_layer_forward:1.0764598846435547
INFO:trainer_layer_forward:1.077890396118164
INFO:trainer_layer_forward:1.138925552368164
INFO:trainer_layer_forward:1.0190010070800781
INFO:trainer_layer_forward:1.081705093383789
INFO:trainer_layer_forward:0.8513927459716797
INFO:trainer_layer_forward:0.8397102355957031
INFO:trainer_layer_forward:0.8645057678222656
INFO:trainer_layer_forward:1.18255615234375
INFO:trainer_layer_forward:1.1761188507080078
INFO:trainer_layer_forward:1.1060237884521484
INFO:trainer_layer_forward:1.180887222290039
INFO:trainer_layer_forward:1.0461807250976562
INFO:trainer_layer_forward:1.0006427764892578
INFO:trainer_layer_forward:1.0745525360107422
INFO:trainer_layer_forward:1.1451244354248047
INFO:trainer_layer_forward:0.8959770202636719
INFO:trainer_layer_forward:1.1196136474609375
INFO:trainer_layer_forward:0.8509159088134766
INFO:trainer_layer_forward:0.8492469787597656
INFO:trainer_layer_forward:0.7991790771484375
INFO:trainer_layer_forward:0.8318424224853516
INFO:trainer_layer_forward:0.8151531219482422
INFO:trainer_layer_forward:0.9002685546875
INFO:trainer_layer_forward:1.2230873107910156
INFO:trainer_layer_forward:0.8039474487304688
INFO:trainer_layer_forward:0.8809566497802734
INFO:trainer_layer_forward:0.8618831634521484
INFO:trainer_layer_forward:0.9577274322509766
INFO:trainer_layer_forward:1.5347003936767578
INFO:trainer_layer_forward:0.9586811065673828
INFO:trainer_layer_forward:1.6481876373291016
INFO:trainer_layer_forward:1.2631416320800781
INFO:trainer_layer_forward:1.100778579711914
INFO:trainer_layer_forward:1.203298568725586
INFO:trainer_layer_forward:0.8361339569091797
INFO:trainer_layer_forward:0.8246898651123047
INFO:trainer_layer_forward:0.9472370147705078
INFO:trainer_layer_forward:0.9059906005859375
INFO:trainer_layer_forward:0.8714199066162109
INFO:trainer_layer_forward:0.8945465087890625
INFO:trainer_layer_forward:0.9887218475341797
INFO:trainer_layer_forward:1.1749267578125
INFO:trainer_layer_forward:0.9024143218994141
INFO:trainer_layer_forward:0.8699893951416016
INFO:trainer_layer_forward:1.0237693786621094
INFO:trainer_layer_forward:0.8721351623535156
INFO:trainer_layer_forward:0.8823871612548828
INFO:trainer_layer_forward:1.0819435119628906
INFO:trainer_layer_forward:0.87738037109375
INFO:trainer_layer_forward:0.9515285491943359
INFO:trainer_layer_forward:0.9145736694335938
INFO:trainer_layer_forward:1.2137889862060547
INFO:trainer_layer_forward:0.8463859558105469
INFO:trainer_layer_forward:0.81634521484375
INFO:trainer_layer_forward:0.9400844573974609
INFO:trainer_layer_forward:0.8554458618164062
INFO:trainer_layer_forward:0.9250640869140625
INFO:trainer_layer_forward:0.8685588836669922
INFO:trainer_layer_forward:0.9086132049560547
INFO:trainer_layer_forward:0.9510517120361328
INFO:trainer_layer_forward:0.8566379547119141
INFO:trainer_layer_forward:0.9443759918212891
INFO:trainer_layer_forward:1.0149478912353516
INFO:trainer_layer_forward:0.9891986846923828
INFO:trainer_layer_forward:0.9496212005615234
INFO:trainer_layer_forward:1.0228157043457031
INFO:trainer_layer_forward:0.9267330169677734
INFO:trainer_layer_forward:0.7946491241455078
INFO:trainer_layer_forward:0.8513927459716797
INFO:trainer_layer_forward:0.8258819580078125
INFO:trainer_layer_forward:1.1687278747558594
INFO:trainer_layer_forward:1.2617111206054688
INFO:trainer_layer_forward:0.9577274322509766
INFO:trainer_layer_forward:1.054525375366211
INFO:trainer_layer_forward:0.8795261383056641
INFO:trainer_layer_forward:1.2142658233642578
INFO:trainer_layer_forward:0.9732246398925781
INFO:trainer_layer_forward:0.9708404541015625
INFO:trainer_layer_forward:1.0669231414794922
INFO:trainer_layer_forward:0.9143352508544922
INFO:trainer_layer_forward:0.8065700531005859
INFO:trainer_layer_forward:0.8611679077148438
INFO:trainer_layer_forward:0.7770061492919922
INFO:trainer_layer_forward:1.16729736328125
INFO:trainer_layer_forward:1.6167163848876953
INFO:trainer_layer_forward:1.4879703521728516
INFO:trainer_layer_forward:1.447916030883789
INFO:trainer_layer_forward:1.047372817993164
INFO:trainer_layer_forward:1.4255046844482422
INFO:trainer_layer_forward:1.0230541229248047
INFO:trainer_layer_forward:0.9672641754150391
INFO:trainer_layer_forward:0.9658336639404297
INFO:trainer_layer_forward:0.9174346923828125
INFO:trainer_layer_forward:0.93841552734375
INFO:trainer_layer_forward:0.9219646453857422
INFO:trainer_layer_forward:1.0788440704345703
INFO:trainer_layer_forward:0.8196830749511719
INFO:trainer_layer_forward:0.8573532104492188
INFO:trainer_layer_forward:0.8087158203125
INFO:trainer_layer_forward:0.8924007415771484
INFO:trainer_layer_forward:0.7410049438476562
INFO:trainer_layer_forward:0.9601116180419922
INFO:trainer_layer_forward:0.9443759918212891
INFO:trainer_layer_forward:0.8044242858886719
INFO:trainer_layer_forward:0.7920265197753906
INFO:trainer_layer_forward:0.7927417755126953
INFO:trainer_layer_forward:0.7169246673583984
INFO:trainer_layer_forward:0.7801055908203125
INFO:trainer_layer_forward:0.7228851318359375
INFO:trainer_layer_forward:0.8869171142578125
INFO:trainer_layer_forward:1.6927719116210938
INFO:trainer_layer_forward:1.873016357421875
INFO:trainer_layer_forward:1.9845962524414062
INFO:trainer_layer_forward:1.028299331665039
INFO:trainer_layer_forward:1.0998249053955078
INFO:trainer_layer_forward:1.2042522430419922
INFO:trainer_layer_forward:1.2285709381103516
INFO:trainer_layer_forward:1.2824535369873047
INFO:trainer_layer_forward:1.2509822845458984
INFO:trainer_layer_forward:1.1284351348876953
INFO:trainer_layer_forward:1.2853145599365234
INFO:trainer_layer_forward:1.2733936309814453
INFO:trainer_layer_forward:1.0344982147216797
INFO:trainer_layer_forward:0.9820461273193359
INFO:trainer_layer_forward:1.0273456573486328
INFO:trainer_layer_forward:0.8809566497802734
INFO:trainer_layer_forward:1.1706352233886719
INFO:trainer_layer_forward:0.9603500366210938
INFO:trainer_layer_forward:1.071929931640625
INFO:trainer_layer_forward:1.0232925415039062
INFO:trainer_layer_forward:0.9949207305908203
INFO:trainer_layer_forward:0.9610652923583984
INFO:trainer_layer_forward:0.9343624114990234
INFO:trainer_layer_forward:0.9996891021728516
INFO:trainer_layer_forward:0.9832382202148438
INFO:trainer_layer_forward:1.1222362518310547
INFO:trainer_layer_forward:1.0728836059570312
INFO:trainer_layer_forward:1.0395050048828125
INFO:trainer_layer_forward:0.946044921875
INFO:trainer_layer_forward:0.8847713470458984
INFO:trainer_layer_forward:0.9791851043701172
INFO:trainer_layer_forward:0.9298324584960938
INFO:trainer_layer_forward:0.9989738464355469
INFO:trainer_layer_forward:0.9698867797851562
INFO:trainer_layer_forward:1.0221004486083984
INFO:trainer_layer_forward:0.9310245513916016
INFO:trainer_layer_forward:0.8916854858398438
INFO:trainer_layer_forward:0.9262561798095703
INFO:trainer_layer_forward:1.0066032409667969
INFO:trainer_layer_forward:0.949859619140625
INFO:trainer_layer_forward:0.8914470672607422
INFO:trainer_layer_forward:0.92315673828125
INFO:trainer_layer_forward:1.062154769897461
INFO:trainer_layer_forward:0.8106231689453125
INFO:trainer_layer_forward:0.8728504180908203
INFO:trainer_layer_forward:1.0476112365722656
INFO:trainer_layer_forward:0.9787082672119141
INFO:trainer_layer_forward:0.9741783142089844
INFO:trainer_layer_forward:0.9648799896240234
INFO:trainer_layer_forward:0.9648799896240234
INFO:trainer_layer_forward:0.8549690246582031
INFO:trainer_layer_forward:0.8769035339355469
INFO:trainer_layer_forward:1.0213851928710938
INFO:trainer_layer_forward:1.0173320770263672
INFO:trainer_layer_forward:0.9133815765380859
INFO:trainer_layer_forward:0.8435249328613281
INFO:trainer_layer_forward:0.9069442749023438
INFO:trainer_layer_forward:0.9005069732666016
INFO:trainer_layer_forward:1.3194084167480469
INFO:trainer_layer_forward:0.9095668792724609
INFO:trainer_layer_forward:0.9627342224121094
INFO:trainer_layer_forward:1.0952949523925781
INFO:trainer_layer_forward:0.9739398956298828
INFO:trainer_layer_forward:0.9706020355224609
INFO:trainer_layer_forward:1.40380859375
INFO:trainer_layer_forward:1.0237693786621094
INFO:trainer_layer_forward:0.9768009185791016
INFO:trainer_layer_forward:1.0769367218017578
INFO:trainer_layer_forward:0.9174346923828125
INFO:trainer_layer_forward:0.9639263153076172
INFO:trainer_layer_forward:0.827789306640625
INFO:trainer_layer_forward:1.3077259063720703
INFO:trainer_layer_forward:1.0852813720703125
INFO:trainer_layer_forward:0.8339881896972656
INFO:trainer_layer_forward:0.9915828704833984
INFO:trainer_layer_forward:0.8521080017089844
INFO:trainer_layer_forward:1.033782958984375
INFO:trainer_layer_forward:0.8370876312255859
INFO:trainer_layer_forward:1.142740249633789
INFO:trainer_layer_forward:1.2781620025634766
INFO:trainer_layer_forward:1.0786056518554688
INFO:trainer_layer_forward:1.1096000671386719
INFO:trainer_layer_forward:1.0790824890136719
INFO:trainer_layer_forward:0.9975433349609375
INFO:trainer_layer_forward:1.0480880737304688
INFO:trainer_layer_forward:1.5592575073242188
INFO:trainer_layer_forward:0.8251667022705078
INFO:trainer_layer_forward:1.2176036834716797
INFO:trainer_layer_forward:1.2118816375732422
INFO:trainer_layer_forward:1.0552406311035156
INFO:trainer_layer_forward:1.184701919555664
INFO:trainer_layer_forward:1.3098716735839844
INFO:trainer_layer_forward:0.8046627044677734
INFO:trainer_layer_forward:1.2273788452148438
INFO:trainer_layer_forward:1.0945796966552734
INFO:trainer_layer_forward:1.0273456573486328
INFO:trainer_layer_forward:1.0745525360107422
INFO:trainer_layer_forward:1.1680126190185547
INFO:trainer_layer_forward:1.0428428649902344
INFO:trainer_layer_forward:1.1587142944335938
INFO:trainer_layer_forward:1.1849403381347656
INFO:trainer_layer_forward:1.0192394256591797
INFO:trainer_layer_forward:0.9927749633789062
INFO:trainer_layer_forward:1.1339187622070312
INFO:trainer_layer_forward:1.0995864868164062
INFO:trainer_layer_forward:0.8630752563476562
INFO:trainer_layer_forward:1.107931137084961
INFO:trainer_layer_forward:1.0960102081298828
INFO:trainer_layer_forward:1.0461807250976562
INFO:trainer_layer_forward:0.9381771087646484
INFO:trainer_layer_forward:1.01470947265625
INFO:trainer_layer_forward:1.0349750518798828
INFO:trainer_layer_forward:1.1203289031982422
INFO:trainer_layer_forward:1.1246204376220703
INFO:trainer_layer_forward:1.074075698852539
INFO:trainer_layer_forward:1.0035037994384766
INFO:trainer_layer_forward:1.2252330780029297
INFO:trainer_layer_forward:1.1932849884033203
INFO:trainer_layer_forward:0.8368492126464844
INFO:trainer_layer_forward:1.1317729949951172
INFO:trainer_layer_forward:1.1296272277832031
INFO:trainer_layer_forward:1.0764598846435547
INFO:trainer_layer_forward:1.3802051544189453
INFO:trainer_layer_forward:1.0104179382324219
INFO:trainer_layer_forward:1.0304450988769531
INFO:trainer_layer_forward:1.6536712646484375
INFO:trainer_layer_forward:1.6472339630126953
INFO:trainer_layer_forward:0.8554458618164062
INFO:trainer_layer_forward:0.8604526519775391
INFO:trainer_layer_forward:0.8363723754882812
INFO:trainer_layer_forward:1.115560531616211
INFO:trainer_layer_forward:1.058816909790039
INFO:trainer_layer_forward:0.965118408203125
INFO:trainer_layer_forward:0.9102821350097656
INFO:trainer_layer_forward:0.9365081787109375
INFO:trainer_layer_forward:1.3053417205810547
INFO:trainer_layer_forward:0.8900165557861328
INFO:trainer_layer_forward:0.9510517120361328
INFO:trainer_layer_forward:1.0385513305664062
INFO:trainer_layer_forward:0.9143352508544922
INFO:trainer_layer_forward:0.9198188781738281
INFO:trainer_layer_forward:0.8680820465087891
INFO:trainer_layer_forward:0.8826255798339844
INFO:trainer_layer_forward:0.8797645568847656
INFO:trainer_layer_forward:0.9698867797851562
INFO:trainer_layer_forward:0.9586811065673828
INFO:trainer_layer_forward:1.0161399841308594
INFO:trainer_layer_forward:0.9479522705078125
INFO:trainer_layer_forward:1.0099411010742188
INFO:trainer_layer_forward:0.9469985961914062
INFO:trainer_layer_forward:0.9133815765380859
INFO:trainer_layer_forward:1.0106563568115234
INFO:trainer_layer_forward:1.108407974243164
INFO:trainer_layer_forward:1.219034194946289
INFO:trainer_layer_forward:1.1157989501953125
INFO:trainer_layer_forward:1.0876655578613281
INFO:trainer_layer_forward:1.0142326354980469
INFO:trainer_layer_forward:1.2509822845458984
INFO:trainer_layer_forward:0.9083747863769531
INFO:trainer_layer_forward:1.1417865753173828
INFO:trainer_layer_forward:1.0731220245361328
INFO:trainer_layer_forward:1.22833251953125
INFO:trainer_layer_forward:0.8411407470703125
INFO:trainer_layer_forward:1.1568069458007812
INFO:trainer_layer_forward:0.8859634399414062
INFO:trainer_layer_forward:1.5151500701904297
INFO:trainer_layer_forward:1.1947154998779297
INFO:trainer_layer_forward:0.9222030639648438
INFO:trainer_layer_forward:1.1649131774902344
INFO:trainer_layer_forward:1.3420581817626953
INFO:trainer_layer_forward:1.2099742889404297
INFO:trainer_layer_forward:1.150369644165039
INFO:trainer_layer_forward:1.1429786682128906
INFO:trainer_layer_forward:1.1327266693115234
INFO:trainer_layer_forward:1.123666763305664
INFO:trainer_layer_forward:1.3802051544189453
INFO:trainer_layer_forward:1.1725425720214844
INFO:trainer_layer_forward:0.9112358093261719
INFO:trainer_layer_forward:0.8487701416015625
INFO:trainer_layer_forward:0.8356571197509766
INFO:trainer_layer_forward:0.7908344268798828
INFO:trainer_layer_forward:0.9131431579589844
INFO:trainer_layer_forward:0.8068084716796875
INFO:trainer_layer_forward:0.8332729339599609
INFO:trainer_layer_forward:0.9987354278564453
INFO:trainer_layer_forward:0.9520053863525391
INFO:trainer_layer_forward:1.0237693786621094
INFO:trainer_layer_forward:0.8878707885742188
INFO:trainer_layer_forward:0.9927749633789062
INFO:trainer_layer_forward:1.0509490966796875
INFO:trainer_layer_forward:1.0743141174316406
INFO:trainer_layer_forward:1.0159015655517578
INFO:trainer_layer_forward:0.9946823120117188
INFO:trainer_layer_forward:0.9577274322509766
INFO:trainer_layer_forward:0.9169578552246094
INFO:trainer_layer_forward:0.9744167327880859
INFO:trainer_layer_forward:0.8795261383056641
INFO:trainer_layer_forward:0.9613037109375
INFO:trainer_layer_forward:0.9229183197021484
INFO:trainer_layer_forward:1.003265380859375
INFO:trainer_layer_forward:0.8788108825683594
INFO:trainer_layer_forward:1.0945796966552734
INFO:trainer_layer_forward:0.8535385131835938
INFO:trainer_layer_forward:0.8823871612548828
INFO:trainer_layer_forward:0.8881092071533203
INFO:trainer_layer_forward:0.9381771087646484
INFO:trainer_layer_forward:0.9160041809082031
INFO:trainer_layer_forward:0.9713172912597656
INFO:trainer_layer_forward:0.7984638214111328
INFO:trainer_layer_forward:0.9582042694091797
INFO:trainer_layer_forward:1.0352134704589844
INFO:trainer_layer_forward:0.9503364562988281
INFO:trainer_layer_forward:0.8499622344970703
INFO:trainer_layer_forward:1.0006427764892578
INFO:trainer_layer_forward:0.8814334869384766
INFO:trainer_layer_forward:0.8928775787353516
INFO:trainer_layer_forward:0.8990764617919922
INFO:trainer_layer_forward:0.9424686431884766
INFO:trainer_layer_forward:0.8614063262939453
INFO:trainer_layer_forward:1.1653900146484375
INFO:trainer_layer_forward:0.9448528289794922
INFO:trainer_layer_forward:1.0173320770263672
INFO:trainer_layer_forward:0.8881092071533203
INFO:trainer_layer_forward:0.9503364562988281
INFO:trainer_layer_forward:1.0876655578613281
INFO:trainer_layer_forward:0.9489059448242188
INFO:trainer_layer_forward:0.8864402770996094
INFO:trainer_layer_forward:0.9665489196777344
INFO:trainer_layer_forward:1.0464191436767578
INFO:trainer_layer_forward:1.0004043579101562
INFO:trainer_layer_forward:0.9517669677734375
INFO:trainer_layer_forward:1.0395050048828125
INFO:trainer_layer_forward:1.020669937133789
INFO:trainer_layer_forward:1.2660026550292969
INFO:trainer_layer_forward:0.9953975677490234
INFO:trainer_layer_forward:0.9875297546386719
INFO:trainer_layer_forward:1.0466575622558594
INFO:trainer_layer_forward:0.9334087371826172
INFO:trainer_layer_forward:1.1415481567382812
INFO:trainer_layer_forward:0.8807182312011719
INFO:trainer_layer_forward:0.9856224060058594
INFO:trainer_layer_forward:0.9436607360839844
INFO:trainer_layer_forward:0.8907318115234375
INFO:trainer_layer_forward:1.0180473327636719
INFO:trainer_layer_forward:1.1169910430908203
INFO:trainer_layer_forward:1.0521411895751953
INFO:trainer_layer_forward:1.1038780212402344
INFO:trainer_layer_forward:1.1906623840332031
INFO:trainer_layer_forward:0.9961128234863281
INFO:trainer_layer_forward:0.9219646453857422
INFO:trainer_layer_forward:0.8358955383300781
INFO:trainer_layer_forward:0.9756088256835938
INFO:trainer_layer_forward:0.7855892181396484
INFO:trainer_layer_forward:0.8828639984130859
INFO:trainer_layer_forward:0.9660720825195312
INFO:trainer_layer_forward:0.9248256683349609
INFO:trainer_layer_forward:0.8838176727294922
INFO:trainer_layer_forward:0.9379386901855469
INFO:trainer_layer_forward:0.8094310760498047
INFO:trainer_layer_forward:0.8635520935058594
INFO:trainer_layer_forward:0.8280277252197266
INFO:trainer_layer_forward:0.9210109710693359
INFO:trainer_layer_forward:0.9565353393554688
INFO:trainer_layer_forward:0.9682178497314453
INFO:trainer_layer_forward:0.8490085601806641
INFO:trainer_layer_forward:0.9219646453857422
INFO:trainer_layer_forward:0.9274482727050781
INFO:trainer_layer_forward:0.8993148803710938
INFO:trainer_layer_forward:0.9179115295410156
INFO:trainer_layer_forward:0.8900165557861328
INFO:trainer_layer_forward:0.8289813995361328
INFO:trainer_layer_forward:0.98419189453125
INFO:trainer_layer_forward:0.8912086486816406
INFO:trainer_layer_forward:0.9126663208007812
INFO:trainer_layer_forward:0.8454322814941406
INFO:trainer_layer_forward:0.9806156158447266
INFO:trainer_layer_forward:0.835418701171875
INFO:trainer_layer_forward:0.9095668792724609
INFO:trainer_layer_forward:0.8227825164794922
INFO:trainer_layer_forward:1.043081283569336
INFO:trainer_layer_forward:0.8199214935302734
INFO:trainer_layer_forward:0.9369850158691406
INFO:trainer_layer_forward:0.8072853088378906
INFO:trainer_layer_forward:0.9212493896484375
INFO:trainer_layer_forward:0.8747577667236328
INFO:trainer_layer_forward:1.199483871459961
INFO:trainer_layer_forward:0.8406639099121094
INFO:trainer_layer_forward:0.9164810180664062
INFO:trainer_layer_forward:0.8563995361328125
INFO:trainer_layer_forward:0.9381771087646484
INFO:trainer_layer_forward:0.7908344268798828
INFO:trainer_layer_forward:0.8909702301025391
INFO:trainer_layer_forward:1.0974407196044922
INFO:trainer_layer_forward:0.95367431640625
INFO:trainer_layer_forward:1.0828971862792969
INFO:trainer_layer_forward:0.9336471557617188
INFO:trainer_layer_forward:0.9794235229492188
INFO:trainer_layer_forward:0.9272098541259766
INFO:trainer_layer_forward:0.9195804595947266
INFO:trainer_layer_forward:1.1072158813476562
INFO:trainer_layer_forward:0.9491443634033203
INFO:trainer_layer_forward:0.9889602661132812
INFO:trainer_layer_forward:0.8080005645751953
INFO:trainer_layer_forward:0.8919239044189453
INFO:trainer_layer_forward:0.7905960083007812
INFO:trainer_layer_forward:0.9577274322509766
INFO:trainer_layer_forward:0.8599758148193359
INFO:trainer_layer_forward:0.8587837219238281
INFO:trainer_layer_forward:0.8764266967773438
INFO:trainer_layer_forward:0.7772445678710938
INFO:trainer_layer_forward:0.80108642578125
INFO:trainer_layer_forward:0.7853507995605469
INFO:trainer_layer_forward:0.8461475372314453
INFO:trainer_layer_forward:0.8757114410400391
INFO:trainer_layer_forward:0.9920597076416016
INFO:trainer_layer_forward:1.2030601501464844
INFO:trainer_layer_forward:1.173257827758789
INFO:trainer_layer_forward:0.9367465972900391
INFO:trainer_layer_forward:0.9772777557373047
INFO:trainer_layer_forward:0.8859634399414062
INFO:trainer_layer_forward:0.8678436279296875
INFO:trainer_layer_forward:0.8375644683837891
INFO:trainer_layer_forward:0.9615421295166016
INFO:trainer_layer_forward:0.9005069732666016
INFO:trainer_layer_forward:1.0547637939453125
INFO:trainer_layer_forward:1.1138916015625
INFO:trainer_layer_forward:0.9074211120605469
INFO:trainer_layer_forward:0.9446144104003906
INFO:trainer_layer_forward:0.8404254913330078
INFO:trainer_layer_forward:1.0023117065429688
INFO:trainer_layer_forward:1.2192726135253906
INFO:trainer_layer_forward:0.8504390716552734
INFO:trainer_layer_forward:0.8664131164550781
INFO:trainer_layer_forward:1.110076904296875
INFO:trainer_layer_forward:0.9334087371826172
INFO:trainer_layer_forward:0.7677078247070312
INFO:trainer_layer_forward:0.8566379547119141
INFO:trainer_layer_forward:0.9224414825439453
INFO:trainer_layer_forward:0.9443759918212891
INFO:trainer_layer_forward:0.8270740509033203
INFO:trainer_layer_forward:0.9217262268066406
INFO:trainer_layer_forward:0.9324550628662109
INFO:trainer_layer_forward:0.9675025939941406
INFO:trainer_layer_forward:0.9596347808837891
INFO:trainer_layer_forward:0.896453857421875
INFO:trainer_layer_forward:0.8208751678466797
INFO:trainer_layer_forward:0.9822845458984375
INFO:trainer_layer_forward:1.1038780212402344
INFO:trainer_layer_forward:0.8871555328369141
INFO:trainer_layer_forward:0.9508132934570312
INFO:trainer_layer_forward:0.9083747863769531
INFO:trainer_layer_forward:0.9715557098388672
INFO:trainer_layer_forward:0.9224414825439453
INFO:trainer_layer_forward:1.2059211730957031
INFO:trainer_layer_forward:0.8611679077148438
INFO:trainer_layer_forward:0.7772445678710938
INFO:trainer_layer_forward:0.9593963623046875
INFO:trainer_layer_forward:0.9856224060058594
INFO:trainer_layer_forward:0.8158683776855469
INFO:trainer_layer_forward:0.9288787841796875
INFO:trainer_layer_forward:0.9007453918457031
INFO:trainer_layer_forward:0.9579658508300781
INFO:trainer_layer_forward:0.8797645568847656
INFO:trainer_layer_forward:1.1544227600097656
INFO:trainer_layer_forward:0.9551048278808594
INFO:trainer_layer_forward:0.9481906890869141
INFO:trainer_layer_forward:1.0285377502441406
INFO:trainer_layer_forward:0.8690357208251953
INFO:trainer_layer_forward:0.7872581481933594
INFO:trainer_layer_forward:0.8616447448730469
INFO:trainer_layer_forward:0.797271728515625
INFO:trainer_layer_forward:1.0986328125
INFO:trainer_layer_forward:0.9610652923583984
INFO:trainer_layer_forward:0.9284019470214844
INFO:trainer_layer_forward:1.0056495666503906
INFO:trainer_layer_forward:0.8881092071533203
INFO:trainer_layer_forward:1.3356208801269531
INFO:trainer_layer_forward:1.1546611785888672
INFO:trainer_layer_forward:1.0099411010742188
INFO:trainer_layer_forward:0.9982585906982422
INFO:trainer_layer_forward:1.1649131774902344
INFO:trainer_layer_forward:1.2803077697753906
INFO:trainer_layer_forward:1.1920928955078125
INFO:trainer_layer_forward:1.1448860168457031
INFO:trainer_layer_forward:1.1887550354003906
INFO:trainer_layer_forward:1.2328624725341797
INFO:trainer_layer_forward:1.0564327239990234
INFO:trainer_layer_forward:0.9405612945556641
INFO:trainer_layer_forward:1.1110305786132812
INFO:trainer_layer_forward:0.873565673828125
INFO:trainer_layer_forward:0.9002685546875
INFO:trainer_layer_forward:0.8318424224853516
INFO:trainer_layer_forward:0.8223056793212891
INFO:trainer_layer_forward:1.0344982147216797
INFO:trainer_layer_forward:1.0995864868164062
INFO:trainer_layer_forward:1.0704994201660156
INFO:trainer_layer_forward:0.9074211120605469
INFO:trainer_layer_forward:1.2176036834716797
INFO:trainer_layer_forward:1.455068588256836
INFO:trainer_layer_forward:1.1725425720214844
INFO:trainer_layer_forward:1.1494159698486328
INFO:trainer_layer_forward:1.0559558868408203
INFO:trainer_layer_forward:1.035451889038086
INFO:trainer_layer_forward:1.2633800506591797
INFO:trainer_layer_forward:1.1200904846191406
INFO:trainer_layer_forward:1.580953598022461
INFO:trainer_layer_forward:1.466512680053711
INFO:trainer_layer_forward:1.0075569152832031
INFO:trainer_layer_forward:1.1811256408691406
INFO:trainer_layer_forward:1.1568069458007812
INFO:trainer_layer_forward:0.8840560913085938
INFO:trainer_layer_forward:1.116037368774414
INFO:trainer_layer_forward:1.1026859283447266
INFO:trainer_layer_forward:0.9589195251464844
INFO:trainer_layer_forward:1.0344982147216797
INFO:trainer_layer_forward:1.069784164428711
INFO:trainer_layer_forward:0.9374618530273438
INFO:trainer_layer_forward:0.9605884552001953
INFO:trainer_layer_forward:0.8723735809326172
INFO:trainer_layer_forward:0.926971435546875
INFO:trainer_layer_forward:0.8130073547363281
INFO:trainer_layer_forward:0.9212493896484375
INFO:trainer_layer_forward:0.8347034454345703
INFO:trainer_layer_forward:1.1484622955322266
INFO:trainer_layer_forward:1.1014938354492188
INFO:trainer_layer_forward:1.2285709381103516
INFO:trainer_layer_forward:1.077890396118164
INFO:trainer_layer_forward:0.8728504180908203
INFO:trainer_layer_forward:0.7755756378173828
INFO:trainer_layer_forward:1.1565685272216797
INFO:trainer_layer_forward:0.8130073547363281
INFO:trainer_layer_forward:0.9245872497558594
INFO:trainer_layer_forward:0.7691383361816406
INFO:trainer_layer_forward:0.8363723754882812
INFO:trainer_layer_forward:0.8878707885742188
INFO:trainer_layer_forward:0.7572174072265625
INFO:trainer_layer_forward:1.2586116790771484
INFO:trainer_layer_forward:1.3184547424316406
INFO:trainer_layer_forward:0.8721351623535156
INFO:trainer_layer_forward:0.9071826934814453
INFO:trainer_layer_forward:0.7989406585693359
INFO:trainer_layer_forward:0.8661746978759766
INFO:trainer_layer_forward:0.9903907775878906
INFO:trainer_layer_forward:0.8311271667480469
INFO:trainer_layer_forward:0.8521080017089844
INFO:trainer_layer_forward:1.0497570037841797
INFO:trainer_layer_forward:0.8952617645263672
INFO:trainer_layer_forward:0.8144378662109375
INFO:trainer_layer_forward:0.759124755859375
INFO:trainer_layer_forward:0.7641315460205078
INFO:trainer_layer_forward:1.0366439819335938
INFO:trainer_layer_forward:0.7998943328857422
INFO:trainer_layer_forward:1.0166168212890625
INFO:trainer_layer_forward:1.0716915130615234
INFO:trainer_layer_forward:1.1413097381591797
INFO:trainer_layer_forward:1.0406970977783203
INFO:trainer_layer_forward:0.9512901306152344
INFO:trainer_layer_forward:0.8513927459716797
INFO:trainer_layer_forward:0.8525848388671875
INFO:trainer_layer_forward:1.110076904296875
INFO:trainer_layer_forward:0.8046627044677734
INFO:trainer_layer_forward:0.7555484771728516
INFO:trainer_layer_forward:0.9102821350097656
INFO:trainer_layer_forward:0.7777214050292969
INFO:trainer_layer_forward:0.9992122650146484
INFO:trainer_layer_forward:0.7767677307128906
INFO:trainer_layer_forward:0.7631778717041016
INFO:trainer_layer_forward:0.9093284606933594
INFO:trainer_layer_forward:0.9050369262695312
INFO:trainer_layer_forward:1.12152099609375
INFO:trainer_layer_forward:0.8594989776611328
INFO:trainer_layer_forward:0.8134841918945312
INFO:trainer_layer_forward:0.7548332214355469
INFO:trainer_layer_forward:0.70953369140625
INFO:trainer_layer_forward:0.7848739624023438
INFO:trainer_layer_forward:0.7092952728271484
INFO:trainer_layer_forward:0.8397102355957031
INFO:trainer_layer_forward:1.0755062103271484
INFO:trainer_layer_forward:0.9341239929199219
INFO:trainer_layer_forward:0.7998943328857422
INFO:trainer_layer_forward:0.7855892181396484
INFO:trainer_layer_forward:0.8206367492675781
INFO:trainer_layer_forward:0.8573532104492188
INFO:trainer_layer_forward:0.7586479187011719
INFO:trainer_layer_forward:1.1515617370605469
INFO:trainer_layer_forward:1.0499954223632812
INFO:trainer_layer_forward:1.1324882507324219
INFO:trainer_layer_forward:1.0027885437011719
INFO:trainer_layer_forward:0.9682178497314453
INFO:trainer_layer_forward:0.8065700531005859
INFO:trainer_layer_forward:0.7936954498291016
INFO:trainer_layer_forward:0.9562969207763672
INFO:trainer_layer_forward:1.1682510375976562
INFO:trainer_layer_forward:0.8518695831298828
INFO:trainer_layer_forward:1.0607242584228516
INFO:trainer_layer_forward:0.8556842803955078
INFO:trainer_layer_forward:0.7648468017578125
INFO:trainer_layer_forward:0.7634162902832031
INFO:trainer_layer_forward:1.0344982147216797
INFO:trainer_layer_forward:0.7665157318115234
INFO:trainer_layer_forward:0.9605884552001953
INFO:trainer_layer_forward:0.8041858673095703
INFO:trainer_layer_forward:0.7977485656738281
INFO:trainer_layer_forward:0.7486343383789062
INFO:trainer_layer_forward:0.8406639099121094
INFO:trainer_layer_forward:0.7884502410888672
INFO:trainer_layer_forward:1.0995864868164062
INFO:trainer_layer_forward:0.7815361022949219
INFO:trainer_layer_forward:1.1148452758789062
INFO:trainer_layer_forward:0.8153915405273438
INFO:trainer_layer_forward:0.8275508880615234
INFO:trainer_layer_forward:0.7855892181396484
INFO:trainer_layer_forward:0.7719993591308594
INFO:trainer_layer_forward:0.7946491241455078
INFO:trainer_layer_forward:0.92315673828125
INFO:trainer_layer_forward:1.0809898376464844
INFO:trainer_layer_forward:0.9307861328125
INFO:trainer_layer_forward:0.8816719055175781
INFO:trainer_layer_forward:1.0309219360351562
INFO:trainer_layer_forward:0.9999275207519531
INFO:trainer_layer_forward:1.0013580322265625
INFO:trainer_layer_forward:1.1243820190429688
INFO:trainer_layer_forward:0.8490085601806641
INFO:trainer_layer_forward:0.8573532104492188
INFO:trainer_layer_forward:0.9028911590576172
INFO:trainer_layer_forward:1.1081695556640625
INFO:trainer_layer_forward:1.1277198791503906
INFO:trainer_layer_forward:1.0271072387695312
INFO:trainer_layer_forward:1.293182373046875
INFO:trainer_layer_forward:1.0113716125488281
INFO:trainer_layer_forward:1.1134147644042969
INFO:trainer_layer_forward:1.135110855102539
INFO:trainer_layer_forward:1.0437965393066406
INFO:trainer_layer_forward:1.1129379272460938
INFO:trainer_layer_forward:1.1510848999023438
INFO:trainer_layer_forward:1.0457038879394531
INFO:trainer_layer_forward:0.8144378662109375
INFO:trainer_layer_forward:1.1186599731445312
INFO:trainer_layer_forward:1.0478496551513672
INFO:trainer_layer_forward:0.9846687316894531
INFO:trainer_layer_forward:1.1086463928222656
INFO:trainer_layer_forward:0.8490085601806641
INFO:trainer_layer_forward:1.0669231414794922
INFO:trainer_layer_forward:0.9620189666748047
INFO:trainer_layer_forward:1.1067390441894531
INFO:trainer_layer_forward:1.0447502136230469
INFO:trainer_layer_forward:1.0607242584228516
INFO:trainer_layer_forward:0.8866786956787109
INFO:trainer_layer_forward:1.1112689971923828
INFO:trainer_layer_forward:2.048492431640625
INFO:trainer_layer_forward:1.1639595031738281
INFO:trainer_layer_forward:1.03759765625
INFO:trainer_layer_forward:1.0304450988769531
INFO:trainer_layer_forward:0.9620189666748047
INFO:trainer_layer_forward:0.9286403656005859
INFO:trainer_layer_forward:1.085042953491211
INFO:trainer_layer_forward:0.8394718170166016
INFO:trainer_layer_forward:0.8640289306640625
INFO:trainer_layer_forward:0.7610321044921875
INFO:trainer_layer_forward:0.9932518005371094
INFO:trainer_layer_forward:1.7104148864746094
INFO:trainer_layer_forward:1.4183521270751953
INFO:trainer_layer_forward:0.9133815765380859
INFO:trainer_layer_forward:1.2416839599609375
INFO:trainer_layer_forward:0.904083251953125
INFO:trainer_layer_forward:1.1374950408935547
INFO:trainer_layer_forward:0.9014606475830078
INFO:trainer_layer_forward:1.2018680572509766
INFO:trainer_layer_forward:1.3580322265625
INFO:trainer_layer_forward:1.0781288146972656
INFO:trainer_layer_forward:0.8847713470458984
INFO:trainer_layer_forward:1.4891624450683594
INFO:trainer_layer_forward:1.3048648834228516
INFO:trainer_layer_forward:0.8504390716552734
INFO:trainer_layer_forward:0.9016990661621094
INFO:trainer_layer_forward:0.7503032684326172
INFO:trainer_layer_forward:0.8592605590820312
INFO:trainer_layer_forward:0.8671283721923828
INFO:trainer_layer_forward:0.9539127349853516
INFO:trainer_layer_forward:0.8716583251953125
INFO:trainer_layer_forward:0.8702278137207031
INFO:trainer_layer_forward:0.995635986328125
INFO:trainer_layer_forward:1.8317699432373047
INFO:trainer_layer_forward:1.9195079803466797
INFO:trainer_layer_forward:1.7638206481933594
INFO:trainer_layer_forward:1.1227130889892578
INFO:trainer_layer_forward:1.0683536529541016
INFO:trainer_layer_forward:0.9479522705078125
INFO:trainer_layer_forward:1.8718242645263672
INFO:trainer_layer_forward:0.8475780487060547
INFO:trainer_layer_forward:0.8270740509033203
INFO:trainer_layer_forward:0.7832050323486328
INFO:trainer_layer_forward:0.9105205535888672
INFO:trainer_layer_forward:1.054525375366211
INFO:trainer_layer_forward:1.0962486267089844
INFO:trainer_layer_forward:0.9074211120605469
INFO:trainer_layer_forward:0.9889602661132812
INFO:trainer_layer_forward:0.9391307830810547
INFO:trainer_layer_forward:0.9284019470214844
INFO:trainer_layer_forward:0.7452964782714844
INFO:trainer_layer_forward:0.9565353393554688
INFO:trainer_layer_forward:0.7853507995605469
INFO:trainer_layer_forward:1.0633468627929688
INFO:trainer_layer_forward:1.0285377502441406
INFO:trainer_layer_forward:0.8077621459960938
INFO:trainer_layer_forward:1.0976791381835938
INFO:trainer_layer_forward:1.1279582977294922
INFO:trainer_layer_forward:1.4960765838623047
INFO:trainer_layer_forward:1.5954971313476562
INFO:trainer_layer_forward:1.3012886047363281
INFO:trainer_layer_forward:0.8804798126220703
INFO:trainer_layer_forward:0.8904933929443359
INFO:trainer_layer_forward:0.8580684661865234
INFO:trainer_layer_forward:1.2247562408447266
INFO:trainer_layer_forward:0.8561611175537109
INFO:trainer_layer_forward:0.9014606475830078
INFO:trainer_layer_forward:0.8509159088134766
INFO:trainer_layer_forward:0.9212493896484375
INFO:trainer_layer_forward:0.7915496826171875
INFO:trainer_layer_forward:0.736236572265625
INFO:trainer_layer_forward:0.7309913635253906
INFO:trainer_layer_forward:0.888824462890625
INFO:trainer_layer_forward:1.230478286743164
INFO:trainer_layer_forward:0.8196830749511719
INFO:trainer_layer_forward:0.7872581481933594
