INFO:trainer_layer_forward:FFT_CNNEx | mnist
INFO:trainer_layer_forward:in_size : 128 | epochs : 1 | batch : 1
INFO:trainer_layer_forward:kernel_l1 : 65 | 
INFO:trainer_layer_forward:o_channels_l1 : 20 | 
INFO:trainer_layer_forward:learn_num_train : 1000 | learn_num_validate : 0 
INFO:trainer_layer_forward::::::::::::::::::::::::::::::::::::::::::::::::::::::::::::
INFO:trainer_layer_forward:message : fft_conv1 
INFO:trainer_layer_forward::::::::::::::::::::::::::::::::::::::::::::::::::::::::::::
INFO:trainer_layer_forward:Ave_Time : 1.0139735058100536
INFO:trainer_layer_forward::::::::::::::::::::::::::::::::::::::::::::::::::::::::::::
INFO:trainer_layer_forward:0.8764266967773438
INFO:trainer_layer_forward:1.2562274932861328
INFO:trainer_layer_forward:0.8418560028076172
INFO:trainer_layer_forward:0.8609294891357422
INFO:trainer_layer_forward:0.9572505950927734
INFO:trainer_layer_forward:0.8544921875
INFO:trainer_layer_forward:0.93841552734375
INFO:trainer_layer_forward:0.8246898651123047
INFO:trainer_layer_forward:0.8342266082763672
INFO:trainer_layer_forward:1.3170242309570312
INFO:trainer_layer_forward:1.9197463989257812
INFO:trainer_layer_forward:1.1746883392333984
INFO:trainer_layer_forward:1.0538101196289062
INFO:trainer_layer_forward:1.0819435119628906
INFO:trainer_layer_forward:1.0907649993896484
INFO:trainer_layer_forward:1.0900497436523438
INFO:trainer_layer_forward:1.4913082122802734
INFO:trainer_layer_forward:1.8451213836669922
INFO:trainer_layer_forward:1.1115074157714844
INFO:trainer_layer_forward:1.1136531829833984
INFO:trainer_layer_forward:0.8585453033447266
INFO:trainer_layer_forward:1.27410888671875
INFO:trainer_layer_forward:0.9377002716064453
INFO:trainer_layer_forward:0.9479522705078125
INFO:trainer_layer_forward:0.9815692901611328
INFO:trainer_layer_forward:0.96893310546875
INFO:trainer_layer_forward:0.9307861328125
INFO:trainer_layer_forward:0.8606910705566406
INFO:trainer_layer_forward:1.3761520385742188
INFO:trainer_layer_forward:1.115560531616211
INFO:trainer_layer_forward:1.2350082397460938
INFO:trainer_layer_forward:1.6703605651855469
INFO:trainer_layer_forward:1.447439193725586
INFO:trainer_layer_forward:2.247333526611328
INFO:trainer_layer_forward:1.1487007141113281
INFO:trainer_layer_forward:1.1489391326904297
INFO:trainer_layer_forward:1.1250972747802734
INFO:trainer_layer_forward:1.0023117065429688
INFO:trainer_layer_forward:0.9455680847167969
INFO:trainer_layer_forward:1.1441707611083984
INFO:trainer_layer_forward:0.9009838104248047
INFO:trainer_layer_forward:0.885009765625
INFO:trainer_layer_forward:1.7242431640625
INFO:trainer_layer_forward:1.6281604766845703
INFO:trainer_layer_forward:0.9634494781494141
INFO:trainer_layer_forward:1.413583755493164
INFO:trainer_layer_forward:0.8282661437988281
INFO:trainer_layer_forward:0.9779930114746094
INFO:trainer_layer_forward:0.8852481842041016
INFO:trainer_layer_forward:0.7960796356201172
INFO:trainer_layer_forward:0.9107589721679688
INFO:trainer_layer_forward:0.9481906890869141
INFO:trainer_layer_forward:1.1091232299804688
INFO:trainer_layer_forward:0.9109973907470703
INFO:trainer_layer_forward:0.8778572082519531
INFO:trainer_layer_forward:0.9977817535400391
INFO:trainer_layer_forward:0.8256435394287109
INFO:trainer_layer_forward:0.8454322814941406
INFO:trainer_layer_forward:0.8132457733154297
INFO:trainer_layer_forward:0.8924007415771484
INFO:trainer_layer_forward:0.8692741394042969
INFO:trainer_layer_forward:0.8833408355712891
INFO:trainer_layer_forward:0.7920265197753906
INFO:trainer_layer_forward:0.8871555328369141
INFO:trainer_layer_forward:0.8099079132080078
INFO:trainer_layer_forward:1.1126995086669922
INFO:trainer_layer_forward:1.1963844299316406
INFO:trainer_layer_forward:1.1348724365234375
INFO:trainer_layer_forward:1.016855239868164
INFO:trainer_layer_forward:0.9381771087646484
INFO:trainer_layer_forward:0.8392333984375
INFO:trainer_layer_forward:0.8511543273925781
INFO:trainer_layer_forward:0.8218288421630859
INFO:trainer_layer_forward:0.9243488311767578
INFO:trainer_layer_forward:0.8065700531005859
INFO:trainer_layer_forward:0.8592605590820312
INFO:trainer_layer_forward:0.8394718170166016
INFO:trainer_layer_forward:0.8764266967773438
INFO:trainer_layer_forward:0.8282661437988281
INFO:trainer_layer_forward:0.8597373962402344
INFO:trainer_layer_forward:0.8447170257568359
INFO:trainer_layer_forward:0.9136199951171875
INFO:trainer_layer_forward:1.1928081512451172
INFO:trainer_layer_forward:0.7929801940917969
INFO:trainer_layer_forward:0.8785724639892578
INFO:trainer_layer_forward:0.8642673492431641
INFO:trainer_layer_forward:0.8857250213623047
INFO:trainer_layer_forward:0.8397102355957031
INFO:trainer_layer_forward:0.8637905120849609
INFO:trainer_layer_forward:1.0211467742919922
INFO:trainer_layer_forward:0.9963512420654297
INFO:trainer_layer_forward:1.0132789611816406
INFO:trainer_layer_forward:1.10626220703125
INFO:trainer_layer_forward:0.8783340454101562
INFO:trainer_layer_forward:0.8661746978759766
INFO:trainer_layer_forward:0.9417533874511719
INFO:trainer_layer_forward:0.8327960968017578
INFO:trainer_layer_forward:1.009225845336914
INFO:trainer_layer_forward:0.8006095886230469
INFO:trainer_layer_forward:0.7994174957275391
INFO:trainer_layer_forward:0.7948875427246094
INFO:trainer_layer_forward:0.7915496826171875
INFO:trainer_layer_forward:0.7894039154052734
INFO:trainer_layer_forward:0.8447170257568359
INFO:trainer_layer_forward:0.8461475372314453
INFO:trainer_layer_forward:1.0938644409179688
INFO:trainer_layer_forward:0.8902549743652344
INFO:trainer_layer_forward:0.8146762847900391
INFO:trainer_layer_forward:0.9033679962158203
INFO:trainer_layer_forward:0.8401870727539062
INFO:trainer_layer_forward:0.9000301361083984
INFO:trainer_layer_forward:0.8091926574707031
INFO:trainer_layer_forward:1.0917186737060547
INFO:trainer_layer_forward:0.7956027984619141
INFO:trainer_layer_forward:0.8537769317626953
INFO:trainer_layer_forward:0.8020401000976562
INFO:trainer_layer_forward:1.0037422180175781
INFO:trainer_layer_forward:0.8156299591064453
INFO:trainer_layer_forward:0.9133815765380859
INFO:trainer_layer_forward:0.8330345153808594
INFO:trainer_layer_forward:1.0526180267333984
INFO:trainer_layer_forward:1.0714530944824219
INFO:trainer_layer_forward:1.0383129119873047
INFO:trainer_layer_forward:1.138448715209961
INFO:trainer_layer_forward:1.1556148529052734
INFO:trainer_layer_forward:1.1959075927734375
INFO:trainer_layer_forward:1.1360645294189453
INFO:trainer_layer_forward:1.161336898803711
INFO:trainer_layer_forward:1.226663589477539
INFO:trainer_layer_forward:1.1937618255615234
INFO:trainer_layer_forward:1.1146068572998047
INFO:trainer_layer_forward:1.0423660278320312
INFO:trainer_layer_forward:0.8280277252197266
INFO:trainer_layer_forward:0.9858608245849609
INFO:trainer_layer_forward:1.0416507720947266
INFO:trainer_layer_forward:1.10626220703125
INFO:trainer_layer_forward:0.8976459503173828
INFO:trainer_layer_forward:0.9350776672363281
INFO:trainer_layer_forward:0.9138584136962891
INFO:trainer_layer_forward:1.7774105072021484
INFO:trainer_layer_forward:0.8299350738525391
INFO:trainer_layer_forward:1.0797977447509766
INFO:trainer_layer_forward:1.1837482452392578
INFO:trainer_layer_forward:0.8115768432617188
INFO:trainer_layer_forward:0.80108642578125
INFO:trainer_layer_forward:0.8070468902587891
INFO:trainer_layer_forward:0.9882450103759766
INFO:trainer_layer_forward:1.0445117950439453
INFO:trainer_layer_forward:1.1093616485595703
INFO:trainer_layer_forward:1.1823177337646484
INFO:trainer_layer_forward:0.9315013885498047
INFO:trainer_layer_forward:1.0077953338623047
INFO:trainer_layer_forward:0.9584426879882812
INFO:trainer_layer_forward:0.9279251098632812
INFO:trainer_layer_forward:0.9882450103759766
INFO:trainer_layer_forward:0.8120536804199219
INFO:trainer_layer_forward:1.3422966003417969
INFO:trainer_layer_forward:0.7963180541992188
INFO:trainer_layer_forward:0.9348392486572266
INFO:trainer_layer_forward:1.867532730102539
INFO:trainer_layer_forward:1.9805431365966797
INFO:trainer_layer_forward:1.4393329620361328
INFO:trainer_layer_forward:0.8769035339355469
INFO:trainer_layer_forward:0.8747577667236328
INFO:trainer_layer_forward:0.9906291961669922
INFO:trainer_layer_forward:0.9095668792724609
INFO:trainer_layer_forward:0.8332729339599609
INFO:trainer_layer_forward:0.9846687316894531
INFO:trainer_layer_forward:1.096487045288086
INFO:trainer_layer_forward:1.0941028594970703
INFO:trainer_layer_forward:0.8101463317871094
INFO:trainer_layer_forward:0.8380413055419922
INFO:trainer_layer_forward:0.9889602661132812
INFO:trainer_layer_forward:0.8211135864257812
INFO:trainer_layer_forward:0.8828639984130859
INFO:trainer_layer_forward:0.9162425994873047
INFO:trainer_layer_forward:1.0466575622558594
INFO:trainer_layer_forward:0.8144378662109375
INFO:trainer_layer_forward:1.2052059173583984
INFO:trainer_layer_forward:1.8439292907714844
INFO:trainer_layer_forward:0.8604526519775391
INFO:trainer_layer_forward:0.9860992431640625
INFO:trainer_layer_forward:1.0013580322265625
INFO:trainer_layer_forward:0.9028911590576172
INFO:trainer_layer_forward:0.8020401000976562
INFO:trainer_layer_forward:1.0287761688232422
INFO:trainer_layer_forward:0.8101463317871094
INFO:trainer_layer_forward:0.92315673828125
INFO:trainer_layer_forward:0.8959770202636719
INFO:trainer_layer_forward:1.102447509765625
INFO:trainer_layer_forward:1.1200904846191406
INFO:trainer_layer_forward:0.8180141448974609
INFO:trainer_layer_forward:0.7898807525634766
INFO:trainer_layer_forward:0.8034706115722656
INFO:trainer_layer_forward:0.8103847503662109
INFO:trainer_layer_forward:0.8070468902587891
INFO:trainer_layer_forward:0.8580684661865234
INFO:trainer_layer_forward:1.0962486267089844
INFO:trainer_layer_forward:1.0142326354980469
INFO:trainer_layer_forward:0.8268356323242188
INFO:trainer_layer_forward:0.8347034454345703
INFO:trainer_layer_forward:0.8215904235839844
INFO:trainer_layer_forward:0.8149147033691406
INFO:trainer_layer_forward:0.8597373962402344
INFO:trainer_layer_forward:1.9936561584472656
INFO:trainer_layer_forward:0.9350776672363281
INFO:trainer_layer_forward:1.0898113250732422
INFO:trainer_layer_forward:0.8244514465332031
INFO:trainer_layer_forward:0.8366107940673828
INFO:trainer_layer_forward:0.8373260498046875
INFO:trainer_layer_forward:0.8752346038818359
INFO:trainer_layer_forward:1.0366439819335938
INFO:trainer_layer_forward:1.1582374572753906
INFO:trainer_layer_forward:0.8726119995117188
INFO:trainer_layer_forward:0.8220672607421875
INFO:trainer_layer_forward:0.8769035339355469
INFO:trainer_layer_forward:0.8776187896728516
INFO:trainer_layer_forward:0.7910728454589844
INFO:trainer_layer_forward:1.4808177947998047
INFO:trainer_layer_forward:1.0733604431152344
INFO:trainer_layer_forward:0.9393692016601562
INFO:trainer_layer_forward:0.9691715240478516
INFO:trainer_layer_forward:0.8475780487060547
INFO:trainer_layer_forward:0.8990764617919922
INFO:trainer_layer_forward:0.8630752563476562
INFO:trainer_layer_forward:1.0116100311279297
INFO:trainer_layer_forward:1.1515617370605469
INFO:trainer_layer_forward:1.1813640594482422
INFO:trainer_layer_forward:1.5106201171875
INFO:trainer_layer_forward:1.653909683227539
INFO:trainer_layer_forward:1.4209747314453125
INFO:trainer_layer_forward:1.1823177337646484
INFO:trainer_layer_forward:1.0576248168945312
INFO:trainer_layer_forward:0.8790493011474609
INFO:trainer_layer_forward:0.8063316345214844
INFO:trainer_layer_forward:0.86212158203125
INFO:trainer_layer_forward:0.7984638214111328
INFO:trainer_layer_forward:0.8213520050048828
INFO:trainer_layer_forward:0.8695125579833984
INFO:trainer_layer_forward:1.4216899871826172
INFO:trainer_layer_forward:1.4643669128417969
INFO:trainer_layer_forward:0.8509159088134766
INFO:trainer_layer_forward:0.8158683776855469
INFO:trainer_layer_forward:0.8027553558349609
INFO:trainer_layer_forward:0.8504390716552734
INFO:trainer_layer_forward:0.8842945098876953
INFO:trainer_layer_forward:1.1463165283203125
INFO:trainer_layer_forward:1.5714168548583984
INFO:trainer_layer_forward:0.9541511535644531
INFO:trainer_layer_forward:0.7915496826171875
INFO:trainer_layer_forward:1.3091564178466797
INFO:trainer_layer_forward:1.5914440155029297
INFO:trainer_layer_forward:1.1737346649169922
INFO:trainer_layer_forward:0.9934902191162109
INFO:trainer_layer_forward:1.4338493347167969
INFO:trainer_layer_forward:1.0454654693603516
INFO:trainer_layer_forward:0.9889602661132812
INFO:trainer_layer_forward:0.9317398071289062
INFO:trainer_layer_forward:0.9875297546386719
INFO:trainer_layer_forward:1.1501312255859375
INFO:trainer_layer_forward:1.2593269348144531
INFO:trainer_layer_forward:0.9324550628662109
INFO:trainer_layer_forward:0.8950233459472656
INFO:trainer_layer_forward:0.9217262268066406
INFO:trainer_layer_forward:0.942230224609375
INFO:trainer_layer_forward:0.9167194366455078
INFO:trainer_layer_forward:0.9250640869140625
INFO:trainer_layer_forward:1.6245841979980469
INFO:trainer_layer_forward:0.9262561798095703
INFO:trainer_layer_forward:1.1036396026611328
INFO:trainer_layer_forward:0.9095668792724609
INFO:trainer_layer_forward:0.8976459503173828
INFO:trainer_layer_forward:0.9050369262695312
INFO:trainer_layer_forward:0.9241104125976562
INFO:trainer_layer_forward:0.9007453918457031
INFO:trainer_layer_forward:1.2662410736083984
INFO:trainer_layer_forward:1.7650127410888672
INFO:trainer_layer_forward:1.8017292022705078
INFO:trainer_layer_forward:0.8094310760498047
INFO:trainer_layer_forward:1.1451244354248047
INFO:trainer_layer_forward:1.1873245239257812
INFO:trainer_layer_forward:0.8254051208496094
INFO:trainer_layer_forward:0.9648799896240234
INFO:trainer_layer_forward:0.8165836334228516
INFO:trainer_layer_forward:0.9267330169677734
INFO:trainer_layer_forward:0.9608268737792969
INFO:trainer_layer_forward:0.9701251983642578
INFO:trainer_layer_forward:1.6531944274902344
INFO:trainer_layer_forward:1.8208026885986328
INFO:trainer_layer_forward:1.8281936645507812
INFO:trainer_layer_forward:0.8225440979003906
INFO:trainer_layer_forward:0.9362697601318359
INFO:trainer_layer_forward:0.9205341339111328
INFO:trainer_layer_forward:0.8571147918701172
INFO:trainer_layer_forward:1.3129711151123047
INFO:trainer_layer_forward:0.9396076202392578
INFO:trainer_layer_forward:0.9520053863525391
INFO:trainer_layer_forward:0.9748935699462891
INFO:trainer_layer_forward:1.0058879852294922
INFO:trainer_layer_forward:0.8807182312011719
INFO:trainer_layer_forward:1.550912857055664
INFO:trainer_layer_forward:0.9217262268066406
INFO:trainer_layer_forward:0.8330345153808594
INFO:trainer_layer_forward:1.1796951293945312
INFO:trainer_layer_forward:0.8726119995117188
INFO:trainer_layer_forward:0.8456707000732422
INFO:trainer_layer_forward:1.4519691467285156
INFO:trainer_layer_forward:1.1844635009765625
INFO:trainer_layer_forward:0.8471012115478516
INFO:trainer_layer_forward:0.8778572082519531
INFO:trainer_layer_forward:0.9715557098388672
INFO:trainer_layer_forward:0.8707046508789062
INFO:trainer_layer_forward:0.8828639984130859
INFO:trainer_layer_forward:1.4219284057617188
INFO:trainer_layer_forward:1.1734962463378906
INFO:trainer_layer_forward:0.8826255798339844
INFO:trainer_layer_forward:0.8642673492431641
INFO:trainer_layer_forward:0.8957386016845703
INFO:trainer_layer_forward:0.8833408355712891
INFO:trainer_layer_forward:0.8647441864013672
INFO:trainer_layer_forward:1.1661052703857422
INFO:trainer_layer_forward:1.1413097381591797
INFO:trainer_layer_forward:0.9958744049072266
INFO:trainer_layer_forward:1.2233257293701172
INFO:trainer_layer_forward:1.1491775512695312
INFO:trainer_layer_forward:1.3325214385986328
INFO:trainer_layer_forward:1.1398792266845703
INFO:trainer_layer_forward:1.1682510375976562
INFO:trainer_layer_forward:1.1763572692871094
INFO:trainer_layer_forward:1.2791156768798828
INFO:trainer_layer_forward:1.2462139129638672
INFO:trainer_layer_forward:1.1701583862304688
INFO:trainer_layer_forward:0.9744167327880859
INFO:trainer_layer_forward:1.1866092681884766
INFO:trainer_layer_forward:0.8871555328369141
INFO:trainer_layer_forward:1.4967918395996094
INFO:trainer_layer_forward:0.9284019470214844
INFO:trainer_layer_forward:0.8630752563476562
INFO:trainer_layer_forward:0.7984638214111328
INFO:trainer_layer_forward:0.7855892181396484
INFO:trainer_layer_forward:1.0466575622558594
INFO:trainer_layer_forward:1.2574195861816406
INFO:trainer_layer_forward:1.0449886322021484
INFO:trainer_layer_forward:1.125335693359375
INFO:trainer_layer_forward:1.0728836059570312
INFO:trainer_layer_forward:1.1348724365234375
INFO:trainer_layer_forward:0.8857250213623047
INFO:trainer_layer_forward:0.858306884765625
INFO:trainer_layer_forward:0.8425712585449219
INFO:trainer_layer_forward:0.8437633514404297
INFO:trainer_layer_forward:0.8139610290527344
INFO:trainer_layer_forward:0.8358955383300781
INFO:trainer_layer_forward:1.0843276977539062
INFO:trainer_layer_forward:0.8075237274169922
INFO:trainer_layer_forward:0.7908344268798828
INFO:trainer_layer_forward:0.782012939453125
INFO:trainer_layer_forward:0.9114742279052734
INFO:trainer_layer_forward:0.9188652038574219
INFO:trainer_layer_forward:0.8122920989990234
INFO:trainer_layer_forward:0.7658004760742188
INFO:trainer_layer_forward:0.8602142333984375
INFO:trainer_layer_forward:1.1670589447021484
INFO:trainer_layer_forward:1.5625953674316406
INFO:trainer_layer_forward:1.0457038879394531
INFO:trainer_layer_forward:0.9365081787109375
INFO:trainer_layer_forward:0.8006095886230469
INFO:trainer_layer_forward:0.9665489196777344
INFO:trainer_layer_forward:1.0683536529541016
INFO:trainer_layer_forward:1.1954307556152344
INFO:trainer_layer_forward:1.6641616821289062
INFO:trainer_layer_forward:1.5146732330322266
INFO:trainer_layer_forward:0.8909702301025391
INFO:trainer_layer_forward:0.9331703186035156
INFO:trainer_layer_forward:0.8440017700195312
INFO:trainer_layer_forward:0.9973049163818359
INFO:trainer_layer_forward:0.8511543273925781
INFO:trainer_layer_forward:0.9348392486572266
INFO:trainer_layer_forward:1.3115406036376953
INFO:trainer_layer_forward:0.8838176727294922
INFO:trainer_layer_forward:0.8435249328613281
INFO:trainer_layer_forward:0.8838176727294922
INFO:trainer_layer_forward:0.9617805480957031
INFO:trainer_layer_forward:1.2679100036621094
INFO:trainer_layer_forward:0.9138584136962891
INFO:trainer_layer_forward:0.8170604705810547
INFO:trainer_layer_forward:0.9672641754150391
INFO:trainer_layer_forward:0.9293556213378906
INFO:trainer_layer_forward:0.9717941284179688
INFO:trainer_layer_forward:0.9894371032714844
INFO:trainer_layer_forward:0.9322166442871094
INFO:trainer_layer_forward:1.0058879852294922
INFO:trainer_layer_forward:0.9479522705078125
INFO:trainer_layer_forward:1.287221908569336
INFO:trainer_layer_forward:0.9937286376953125
INFO:trainer_layer_forward:1.0755062103271484
INFO:trainer_layer_forward:0.9202957153320312
INFO:trainer_layer_forward:0.8418560028076172
INFO:trainer_layer_forward:0.9660720825195312
INFO:trainer_layer_forward:1.0526180267333984
INFO:trainer_layer_forward:0.9698867797851562
INFO:trainer_layer_forward:0.9350776672363281
INFO:trainer_layer_forward:0.9539127349853516
INFO:trainer_layer_forward:0.9646415710449219
INFO:trainer_layer_forward:1.4526844024658203
INFO:trainer_layer_forward:0.9481906890869141
INFO:trainer_layer_forward:0.8924007415771484
INFO:trainer_layer_forward:1.0998249053955078
INFO:trainer_layer_forward:1.3399124145507812
INFO:trainer_layer_forward:0.9517669677734375
INFO:trainer_layer_forward:0.9088516235351562
INFO:trainer_layer_forward:0.9953975677490234
INFO:trainer_layer_forward:0.9403228759765625
INFO:trainer_layer_forward:0.9167194366455078
INFO:trainer_layer_forward:0.9601116180419922
INFO:trainer_layer_forward:1.3194084167480469
INFO:trainer_layer_forward:1.020193099975586
INFO:trainer_layer_forward:1.0478496551513672
INFO:trainer_layer_forward:1.024484634399414
INFO:trainer_layer_forward:0.9741783142089844
INFO:trainer_layer_forward:1.3649463653564453
INFO:trainer_layer_forward:1.1553764343261719
INFO:trainer_layer_forward:0.8947849273681641
INFO:trainer_layer_forward:0.9236335754394531
INFO:trainer_layer_forward:0.8654594421386719
INFO:trainer_layer_forward:0.9324550628662109
INFO:trainer_layer_forward:0.9562969207763672
INFO:trainer_layer_forward:1.2111663818359375
INFO:trainer_layer_forward:0.8320808410644531
INFO:trainer_layer_forward:1.2197494506835938
INFO:trainer_layer_forward:0.8599758148193359
INFO:trainer_layer_forward:0.8652210235595703
INFO:trainer_layer_forward:0.919342041015625
INFO:trainer_layer_forward:0.9307861328125
INFO:trainer_layer_forward:0.9791851043701172
INFO:trainer_layer_forward:0.9188652038574219
INFO:trainer_layer_forward:0.8029937744140625
INFO:trainer_layer_forward:1.3065338134765625
INFO:trainer_layer_forward:0.84686279296875
INFO:trainer_layer_forward:0.8378028869628906
INFO:trainer_layer_forward:1.2660026550292969
INFO:trainer_layer_forward:1.1029243469238281
INFO:trainer_layer_forward:1.1081695556640625
INFO:trainer_layer_forward:1.0228157043457031
INFO:trainer_layer_forward:1.0256767272949219
INFO:trainer_layer_forward:1.1568069458007812
INFO:trainer_layer_forward:1.1453628540039062
INFO:trainer_layer_forward:0.8392333984375
INFO:trainer_layer_forward:0.9381771087646484
INFO:trainer_layer_forward:0.86212158203125
INFO:trainer_layer_forward:0.8473396301269531
INFO:trainer_layer_forward:0.7965564727783203
INFO:trainer_layer_forward:1.0638236999511719
INFO:trainer_layer_forward:1.2581348419189453
INFO:trainer_layer_forward:1.1289119720458984
INFO:trainer_layer_forward:0.8151531219482422
INFO:trainer_layer_forward:0.9758472442626953
INFO:trainer_layer_forward:0.9565353393554688
INFO:trainer_layer_forward:1.0004043579101562
INFO:trainer_layer_forward:0.850677490234375
INFO:trainer_layer_forward:0.9672641754150391
INFO:trainer_layer_forward:0.8742809295654297
INFO:trainer_layer_forward:0.9591579437255859
INFO:trainer_layer_forward:1.0232925415039062
INFO:trainer_layer_forward:1.224517822265625
INFO:trainer_layer_forward:0.8053779602050781
INFO:trainer_layer_forward:0.949859619140625
INFO:trainer_layer_forward:0.8530616760253906
INFO:trainer_layer_forward:0.8897781372070312
INFO:trainer_layer_forward:0.8275508880615234
INFO:trainer_layer_forward:0.8144378662109375
INFO:trainer_layer_forward:0.7965564727783203
INFO:trainer_layer_forward:0.8060932159423828
INFO:trainer_layer_forward:0.7944107055664062
INFO:trainer_layer_forward:1.0204315185546875
INFO:trainer_layer_forward:1.1353492736816406
INFO:trainer_layer_forward:1.5101432800292969
INFO:trainer_layer_forward:1.0313987731933594
INFO:trainer_layer_forward:0.9503364562988281
INFO:trainer_layer_forward:1.0046958923339844
INFO:trainer_layer_forward:1.6169548034667969
INFO:trainer_layer_forward:1.2638568878173828
INFO:trainer_layer_forward:1.4955997467041016
INFO:trainer_layer_forward:0.8325576782226562
INFO:trainer_layer_forward:0.9744167327880859
INFO:trainer_layer_forward:1.31988525390625
INFO:trainer_layer_forward:0.9837150573730469
INFO:trainer_layer_forward:0.9624958038330078
INFO:trainer_layer_forward:1.0466575622558594
INFO:trainer_layer_forward:0.8101463317871094
INFO:trainer_layer_forward:0.8394718170166016
INFO:trainer_layer_forward:0.8590221405029297
INFO:trainer_layer_forward:0.8378028869628906
INFO:trainer_layer_forward:0.8456707000732422
INFO:trainer_layer_forward:0.8120536804199219
INFO:trainer_layer_forward:0.8292198181152344
INFO:trainer_layer_forward:0.8616447448730469
INFO:trainer_layer_forward:0.8213520050048828
INFO:trainer_layer_forward:0.81634521484375
INFO:trainer_layer_forward:0.9369850158691406
INFO:trainer_layer_forward:1.3091564178466797
INFO:trainer_layer_forward:1.8150806427001953
INFO:trainer_layer_forward:1.6376972198486328
INFO:trainer_layer_forward:1.5528202056884766
INFO:trainer_layer_forward:0.8955001831054688
INFO:trainer_layer_forward:1.0669231414794922
INFO:trainer_layer_forward:0.9646415710449219
INFO:trainer_layer_forward:0.9284019470214844
INFO:trainer_layer_forward:1.0237693786621094
INFO:trainer_layer_forward:0.9295940399169922
INFO:trainer_layer_forward:0.9539127349853516
INFO:trainer_layer_forward:0.8206367492675781
INFO:trainer_layer_forward:1.0488033294677734
INFO:trainer_layer_forward:0.9074211120605469
INFO:trainer_layer_forward:0.9708404541015625
INFO:trainer_layer_forward:0.9562969207763672
INFO:trainer_layer_forward:0.9610652923583984
INFO:trainer_layer_forward:1.0266304016113281
INFO:trainer_layer_forward:1.268625259399414
INFO:trainer_layer_forward:1.0116100311279297
INFO:trainer_layer_forward:0.9028911590576172
INFO:trainer_layer_forward:0.8988380432128906
INFO:trainer_layer_forward:1.1081695556640625
INFO:trainer_layer_forward:0.9338855743408203
INFO:trainer_layer_forward:0.9844303131103516
INFO:trainer_layer_forward:0.9033679962158203
INFO:trainer_layer_forward:1.5971660614013672
INFO:trainer_layer_forward:1.9538402557373047
INFO:trainer_layer_forward:1.0573863983154297
INFO:trainer_layer_forward:0.8485317230224609
INFO:trainer_layer_forward:0.8897781372070312
INFO:trainer_layer_forward:1.125335693359375
INFO:trainer_layer_forward:0.8208751678466797
INFO:trainer_layer_forward:1.1284351348876953
INFO:trainer_layer_forward:1.5571117401123047
INFO:trainer_layer_forward:2.032756805419922
INFO:trainer_layer_forward:1.2373924255371094
INFO:trainer_layer_forward:1.1980533599853516
INFO:trainer_layer_forward:0.8988380432128906
INFO:trainer_layer_forward:1.5568733215332031
INFO:trainer_layer_forward:1.0285377502441406
INFO:trainer_layer_forward:0.8678436279296875
INFO:trainer_layer_forward:1.0118484497070312
INFO:trainer_layer_forward:0.8890628814697266
INFO:trainer_layer_forward:1.506805419921875
INFO:trainer_layer_forward:1.3706684112548828
INFO:trainer_layer_forward:1.3432502746582031
INFO:trainer_layer_forward:0.988006591796875
INFO:trainer_layer_forward:0.8339881896972656
INFO:trainer_layer_forward:1.1925697326660156
INFO:trainer_layer_forward:0.9174346923828125
INFO:trainer_layer_forward:0.8027553558349609
INFO:trainer_layer_forward:0.7998943328857422
INFO:trainer_layer_forward:0.7920265197753906
INFO:trainer_layer_forward:0.9899139404296875
INFO:trainer_layer_forward:0.91552734375
INFO:trainer_layer_forward:0.8091926574707031
INFO:trainer_layer_forward:0.8907318115234375
INFO:trainer_layer_forward:1.024484634399414
INFO:trainer_layer_forward:1.0383129119873047
INFO:trainer_layer_forward:1.1172294616699219
INFO:trainer_layer_forward:1.0638236999511719
INFO:trainer_layer_forward:1.1606216430664062
INFO:trainer_layer_forward:1.6350746154785156
INFO:trainer_layer_forward:1.361846923828125
INFO:trainer_layer_forward:0.9417533874511719
INFO:trainer_layer_forward:0.9963512420654297
INFO:trainer_layer_forward:0.8549690246582031
INFO:trainer_layer_forward:1.1789798736572266
INFO:trainer_layer_forward:0.8356571197509766
INFO:trainer_layer_forward:0.9007453918457031
INFO:trainer_layer_forward:0.9005069732666016
INFO:trainer_layer_forward:0.8816719055175781
INFO:trainer_layer_forward:1.165151596069336
INFO:trainer_layer_forward:1.0540485382080078
INFO:trainer_layer_forward:0.8525848388671875
INFO:trainer_layer_forward:0.9748935699462891
INFO:trainer_layer_forward:0.8146762847900391
INFO:trainer_layer_forward:0.8227825164794922
INFO:trainer_layer_forward:0.8244514465332031
INFO:trainer_layer_forward:1.1372566223144531
INFO:trainer_layer_forward:1.0688304901123047
INFO:trainer_layer_forward:0.8609294891357422
INFO:trainer_layer_forward:0.8511543273925781
INFO:trainer_layer_forward:0.9031295776367188
INFO:trainer_layer_forward:1.3592243194580078
INFO:trainer_layer_forward:1.0187625885009766
INFO:trainer_layer_forward:0.8862018585205078
INFO:trainer_layer_forward:0.8358955383300781
INFO:trainer_layer_forward:1.4307498931884766
INFO:trainer_layer_forward:1.7955303192138672
INFO:trainer_layer_forward:1.5456676483154297
INFO:trainer_layer_forward:0.8449554443359375
INFO:trainer_layer_forward:1.2018680572509766
INFO:trainer_layer_forward:0.7903575897216797
INFO:trainer_layer_forward:0.9102821350097656
INFO:trainer_layer_forward:0.8499622344970703
INFO:trainer_layer_forward:0.8146762847900391
INFO:trainer_layer_forward:0.8728504180908203
INFO:trainer_layer_forward:0.9675025939941406
INFO:trainer_layer_forward:0.8993148803710938
INFO:trainer_layer_forward:0.7994174957275391
INFO:trainer_layer_forward:0.8368492126464844
INFO:trainer_layer_forward:0.9021759033203125
INFO:trainer_layer_forward:0.885009765625
INFO:trainer_layer_forward:1.0306835174560547
INFO:trainer_layer_forward:1.2183189392089844
INFO:trainer_layer_forward:1.0135173797607422
INFO:trainer_layer_forward:0.8387565612792969
INFO:trainer_layer_forward:0.9024143218994141
INFO:trainer_layer_forward:0.797271728515625
INFO:trainer_layer_forward:0.8912086486816406
INFO:trainer_layer_forward:0.8141994476318359
INFO:trainer_layer_forward:1.0228157043457031
INFO:trainer_layer_forward:0.9851455688476562
INFO:trainer_layer_forward:1.1205673217773438
INFO:trainer_layer_forward:0.789642333984375
INFO:trainer_layer_forward:0.9167194366455078
INFO:trainer_layer_forward:0.8089542388916016
INFO:trainer_layer_forward:1.516580581665039
INFO:trainer_layer_forward:1.3308525085449219
INFO:trainer_layer_forward:0.9143352508544922
INFO:trainer_layer_forward:0.9684562683105469
INFO:trainer_layer_forward:0.9467601776123047
INFO:trainer_layer_forward:0.9076595306396484
INFO:trainer_layer_forward:0.896453857421875
INFO:trainer_layer_forward:0.8587837219238281
INFO:trainer_layer_forward:0.8234977722167969
INFO:trainer_layer_forward:0.8361339569091797
INFO:trainer_layer_forward:0.8306503295898438
INFO:trainer_layer_forward:0.99945068359375
INFO:trainer_layer_forward:0.7889270782470703
INFO:trainer_layer_forward:0.8871555328369141
INFO:trainer_layer_forward:0.9071826934814453
INFO:trainer_layer_forward:0.8761882781982422
INFO:trainer_layer_forward:0.8056163787841797
INFO:trainer_layer_forward:0.8318424224853516
INFO:trainer_layer_forward:0.8428096771240234
INFO:trainer_layer_forward:0.8060932159423828
INFO:trainer_layer_forward:0.7841587066650391
INFO:trainer_layer_forward:0.8947849273681641
INFO:trainer_layer_forward:0.8337497711181641
INFO:trainer_layer_forward:0.8623600006103516
INFO:trainer_layer_forward:0.9496212005615234
INFO:trainer_layer_forward:0.8831024169921875
INFO:trainer_layer_forward:0.8938312530517578
INFO:trainer_layer_forward:1.2202262878417969
INFO:trainer_layer_forward:0.8027553558349609
INFO:trainer_layer_forward:0.7960796356201172
INFO:trainer_layer_forward:0.9317398071289062
INFO:trainer_layer_forward:1.0485649108886719
INFO:trainer_layer_forward:1.0268688201904297
INFO:trainer_layer_forward:0.9765625
INFO:trainer_layer_forward:0.8671283721923828
INFO:trainer_layer_forward:1.489400863647461
INFO:trainer_layer_forward:1.825571060180664
INFO:trainer_layer_forward:1.081705093383789
INFO:trainer_layer_forward:0.8146762847900391
INFO:trainer_layer_forward:0.9198188781738281
INFO:trainer_layer_forward:0.9469985961914062
INFO:trainer_layer_forward:1.0294914245605469
INFO:trainer_layer_forward:1.8436908721923828
INFO:trainer_layer_forward:1.2853145599365234
INFO:trainer_layer_forward:0.8234977722167969
INFO:trainer_layer_forward:0.8704662322998047
INFO:trainer_layer_forward:0.8282661437988281
INFO:trainer_layer_forward:1.1489391326904297
INFO:trainer_layer_forward:0.7948875427246094
INFO:trainer_layer_forward:0.8084774017333984
INFO:trainer_layer_forward:0.8988380432128906
INFO:trainer_layer_forward:0.8544921875
INFO:trainer_layer_forward:0.9486675262451172
INFO:trainer_layer_forward:0.8590221405029297
INFO:trainer_layer_forward:1.1341571807861328
INFO:trainer_layer_forward:0.8904933929443359
INFO:trainer_layer_forward:1.1317729949951172
INFO:trainer_layer_forward:0.9484291076660156
INFO:trainer_layer_forward:1.0085105895996094
INFO:trainer_layer_forward:0.9131431579589844
INFO:trainer_layer_forward:1.1625289916992188
INFO:trainer_layer_forward:1.0983943939208984
INFO:trainer_layer_forward:0.8809566497802734
INFO:trainer_layer_forward:0.7903575897216797
INFO:trainer_layer_forward:0.9005069732666016
INFO:trainer_layer_forward:1.6629695892333984
INFO:trainer_layer_forward:1.0123252868652344
INFO:trainer_layer_forward:0.9882450103759766
INFO:trainer_layer_forward:1.1081695556640625
INFO:trainer_layer_forward:0.8487701416015625
INFO:trainer_layer_forward:0.9984970092773438
INFO:trainer_layer_forward:1.1332035064697266
INFO:trainer_layer_forward:1.6798973083496094
INFO:trainer_layer_forward:1.9178390502929688
INFO:trainer_layer_forward:1.0807514190673828
INFO:trainer_layer_forward:0.8924007415771484
INFO:trainer_layer_forward:0.8823871612548828
INFO:trainer_layer_forward:0.8571147918701172
INFO:trainer_layer_forward:0.8327960968017578
INFO:trainer_layer_forward:1.6133785247802734
INFO:trainer_layer_forward:1.31988525390625
INFO:trainer_layer_forward:1.165151596069336
INFO:trainer_layer_forward:1.077413558959961
INFO:trainer_layer_forward:0.8087158203125
INFO:trainer_layer_forward:0.9198188781738281
INFO:trainer_layer_forward:0.8337497711181641
INFO:trainer_layer_forward:1.1234283447265625
INFO:trainer_layer_forward:1.3911724090576172
INFO:trainer_layer_forward:0.8261203765869141
INFO:trainer_layer_forward:0.9894371032714844
INFO:trainer_layer_forward:0.8227825164794922
INFO:trainer_layer_forward:0.8206367492675781
INFO:trainer_layer_forward:0.9400844573974609
INFO:trainer_layer_forward:0.8511543273925781
INFO:trainer_layer_forward:0.8440017700195312
INFO:trainer_layer_forward:1.3275146484375
INFO:trainer_layer_forward:0.8156299591064453
INFO:trainer_layer_forward:0.9284019470214844
INFO:trainer_layer_forward:0.8761882781982422
INFO:trainer_layer_forward:0.9737014770507812
INFO:trainer_layer_forward:0.9121894836425781
INFO:trainer_layer_forward:0.9233951568603516
INFO:trainer_layer_forward:0.8447170257568359
INFO:trainer_layer_forward:0.9403228759765625
INFO:trainer_layer_forward:0.8466243743896484
INFO:trainer_layer_forward:0.9491443634033203
INFO:trainer_layer_forward:0.8847713470458984
INFO:trainer_layer_forward:0.9248256683349609
INFO:trainer_layer_forward:0.9543895721435547
INFO:trainer_layer_forward:1.0609626770019531
INFO:trainer_layer_forward:1.0509490966796875
INFO:trainer_layer_forward:0.9801387786865234
INFO:trainer_layer_forward:0.8680820465087891
INFO:trainer_layer_forward:0.8385181427001953
INFO:trainer_layer_forward:1.0116100311279297
INFO:trainer_layer_forward:1.0311603546142578
INFO:trainer_layer_forward:0.90789794921875
INFO:trainer_layer_forward:1.2421607971191406
INFO:trainer_layer_forward:0.8299350738525391
INFO:trainer_layer_forward:0.9300708770751953
INFO:trainer_layer_forward:1.020669937133789
INFO:trainer_layer_forward:1.0464191436767578
INFO:trainer_layer_forward:0.9124279022216797
INFO:trainer_layer_forward:1.3325214385986328
INFO:trainer_layer_forward:1.0268688201904297
INFO:trainer_layer_forward:0.92315673828125
INFO:trainer_layer_forward:1.0344982147216797
INFO:trainer_layer_forward:0.9298324584960938
INFO:trainer_layer_forward:0.9458065032958984
INFO:trainer_layer_forward:0.9176731109619141
INFO:trainer_layer_forward:1.5728473663330078
INFO:trainer_layer_forward:0.8881092071533203
INFO:trainer_layer_forward:0.8895397186279297
INFO:trainer_layer_forward:0.9310245513916016
INFO:trainer_layer_forward:0.8218288421630859
INFO:trainer_layer_forward:0.9601116180419922
INFO:trainer_layer_forward:1.6050338745117188
INFO:trainer_layer_forward:1.8558502197265625
INFO:trainer_layer_forward:0.8702278137207031
INFO:trainer_layer_forward:0.8544921875
INFO:trainer_layer_forward:0.8571147918701172
INFO:trainer_layer_forward:0.8091926574707031
INFO:trainer_layer_forward:0.8261203765869141
INFO:trainer_layer_forward:1.0106563568115234
INFO:trainer_layer_forward:0.9062290191650391
INFO:trainer_layer_forward:1.131296157836914
INFO:trainer_layer_forward:0.8616447448730469
INFO:trainer_layer_forward:0.8296966552734375
INFO:trainer_layer_forward:0.8192062377929688
INFO:trainer_layer_forward:0.9267330169677734
INFO:trainer_layer_forward:0.8642673492431641
INFO:trainer_layer_forward:0.8392333984375
INFO:trainer_layer_forward:1.0693073272705078
INFO:trainer_layer_forward:1.592874526977539
INFO:trainer_layer_forward:0.8862018585205078
INFO:trainer_layer_forward:0.7998943328857422
INFO:trainer_layer_forward:0.8513927459716797
INFO:trainer_layer_forward:1.0120868682861328
INFO:trainer_layer_forward:0.89263916015625
INFO:trainer_layer_forward:0.8080005645751953
INFO:trainer_layer_forward:0.9520053863525391
INFO:trainer_layer_forward:1.5058517456054688
INFO:trainer_layer_forward:4.283428192138672
INFO:trainer_layer_forward:1.0662078857421875
INFO:trainer_layer_forward:0.9825229644775391
INFO:trainer_layer_forward:1.1358261108398438
INFO:trainer_layer_forward:1.026153564453125
INFO:trainer_layer_forward:1.4064311981201172
INFO:trainer_layer_forward:0.9398460388183594
INFO:trainer_layer_forward:1.0678768157958984
INFO:trainer_layer_forward:1.058816909790039
INFO:trainer_layer_forward:1.3012886047363281
INFO:trainer_layer_forward:1.1067390441894531
INFO:trainer_layer_forward:0.8451938629150391
INFO:trainer_layer_forward:0.9577274322509766
INFO:trainer_layer_forward:0.8776187896728516
INFO:trainer_layer_forward:0.8804798126220703
INFO:trainer_layer_forward:0.8180141448974609
INFO:trainer_layer_forward:0.9059906005859375
INFO:trainer_layer_forward:0.823974609375
INFO:trainer_layer_forward:0.8769035339355469
INFO:trainer_layer_forward:0.8244514465332031
INFO:trainer_layer_forward:1.0917186737060547
INFO:trainer_layer_forward:1.252889633178711
INFO:trainer_layer_forward:1.0466575622558594
INFO:trainer_layer_forward:0.8265972137451172
INFO:trainer_layer_forward:0.8616447448730469
INFO:trainer_layer_forward:0.8633136749267578
INFO:trainer_layer_forward:0.8797645568847656
INFO:trainer_layer_forward:0.9751319885253906
INFO:trainer_layer_forward:1.111745834350586
INFO:trainer_layer_forward:0.9362697601318359
INFO:trainer_layer_forward:0.9925365447998047
INFO:trainer_layer_forward:1.0128021240234375
INFO:trainer_layer_forward:1.055002212524414
INFO:trainer_layer_forward:0.9987354278564453
INFO:trainer_layer_forward:1.0478496551513672
INFO:trainer_layer_forward:1.0423660278320312
INFO:trainer_layer_forward:0.7977485656738281
INFO:trainer_layer_forward:0.9286403656005859
INFO:trainer_layer_forward:0.8487701416015625
INFO:trainer_layer_forward:0.9353160858154297
INFO:trainer_layer_forward:0.9746551513671875
INFO:trainer_layer_forward:0.9672641754150391
INFO:trainer_layer_forward:1.2998580932617188
INFO:trainer_layer_forward:0.8358955383300781
INFO:trainer_layer_forward:0.8347034454345703
INFO:trainer_layer_forward:0.9496212005615234
INFO:trainer_layer_forward:0.9458065032958984
INFO:trainer_layer_forward:0.9481906890869141
INFO:trainer_layer_forward:0.9591579437255859
INFO:trainer_layer_forward:0.8587837219238281
INFO:trainer_layer_forward:0.8664131164550781
INFO:trainer_layer_forward:0.8909702301025391
INFO:trainer_layer_forward:0.8461475372314453
INFO:trainer_layer_forward:1.2578964233398438
INFO:trainer_layer_forward:1.0132789611816406
INFO:trainer_layer_forward:1.0523796081542969
INFO:trainer_layer_forward:1.2993812561035156
INFO:trainer_layer_forward:0.9977817535400391
INFO:trainer_layer_forward:1.0271072387695312
INFO:trainer_layer_forward:0.9827613830566406
INFO:trainer_layer_forward:0.8654594421386719
INFO:trainer_layer_forward:0.9777545928955078
INFO:trainer_layer_forward:1.1432170867919922
INFO:trainer_layer_forward:1.127004623413086
INFO:trainer_layer_forward:0.8289813995361328
INFO:trainer_layer_forward:0.8339881896972656
INFO:trainer_layer_forward:0.9434223175048828
INFO:trainer_layer_forward:1.092672348022461
INFO:trainer_layer_forward:1.0106563568115234
INFO:trainer_layer_forward:0.8611679077148438
INFO:trainer_layer_forward:0.8440017700195312
INFO:trainer_layer_forward:1.1401176452636719
INFO:trainer_layer_forward:0.9932518005371094
INFO:trainer_layer_forward:0.9729862213134766
INFO:trainer_layer_forward:0.9813308715820312
INFO:trainer_layer_forward:1.0790824890136719
INFO:trainer_layer_forward:1.1246204376220703
INFO:trainer_layer_forward:0.9593963623046875
INFO:trainer_layer_forward:0.8575916290283203
INFO:trainer_layer_forward:1.0416507720947266
INFO:trainer_layer_forward:1.0590553283691406
INFO:trainer_layer_forward:1.0175704956054688
INFO:trainer_layer_forward:0.9679794311523438
INFO:trainer_layer_forward:1.291036605834961
INFO:trainer_layer_forward:1.0120868682861328
INFO:trainer_layer_forward:0.8394718170166016
INFO:trainer_layer_forward:1.1484622955322266
INFO:trainer_layer_forward:0.8361339569091797
INFO:trainer_layer_forward:0.9872913360595703
INFO:trainer_layer_forward:0.8502006530761719
INFO:trainer_layer_forward:0.9038448333740234
INFO:trainer_layer_forward:0.8680820465087891
INFO:trainer_layer_forward:0.8990764617919922
INFO:trainer_layer_forward:1.260995864868164
INFO:trainer_layer_forward:1.4882087707519531
INFO:trainer_layer_forward:1.4061927795410156
INFO:trainer_layer_forward:1.5134811401367188
INFO:trainer_layer_forward:0.8685588836669922
INFO:trainer_layer_forward:0.8099079132080078
INFO:trainer_layer_forward:0.8304119110107422
INFO:trainer_layer_forward:0.8406639099121094
INFO:trainer_layer_forward:0.8480548858642578
INFO:trainer_layer_forward:0.8294582366943359
INFO:trainer_layer_forward:0.8721351623535156
INFO:trainer_layer_forward:0.8380413055419922
INFO:trainer_layer_forward:0.843048095703125
INFO:trainer_layer_forward:0.8606910705566406
INFO:trainer_layer_forward:0.8294582366943359
INFO:trainer_layer_forward:0.9553432464599609
INFO:trainer_layer_forward:1.5101432800292969
INFO:trainer_layer_forward:1.0192394256591797
INFO:trainer_layer_forward:1.0399818420410156
INFO:trainer_layer_forward:1.0573863983154297
INFO:trainer_layer_forward:0.8335113525390625
INFO:trainer_layer_forward:0.9131431579589844
INFO:trainer_layer_forward:0.8349418640136719
INFO:trainer_layer_forward:0.9055137634277344
INFO:trainer_layer_forward:0.8382797241210938
INFO:trainer_layer_forward:0.9784698486328125
INFO:trainer_layer_forward:1.241445541381836
INFO:trainer_layer_forward:0.8842945098876953
INFO:trainer_layer_forward:0.8528232574462891
INFO:trainer_layer_forward:1.0380744934082031
INFO:trainer_layer_forward:1.1143684387207031
INFO:trainer_layer_forward:1.3875961303710938
INFO:trainer_layer_forward:1.0540485382080078
INFO:trainer_layer_forward:1.0974407196044922
INFO:trainer_layer_forward:1.0035037994384766
INFO:trainer_layer_forward:0.8234977722167969
INFO:trainer_layer_forward:0.8642673492431641
INFO:trainer_layer_forward:1.0862350463867188
INFO:trainer_layer_forward:1.2958049774169922
INFO:trainer_layer_forward:0.8237361907958984
INFO:trainer_layer_forward:0.8680820465087891
INFO:trainer_layer_forward:0.9181499481201172
INFO:trainer_layer_forward:0.8828639984130859
INFO:trainer_layer_forward:0.9784698486328125
INFO:trainer_layer_forward:0.8604526519775391
INFO:trainer_layer_forward:0.9365081787109375
INFO:trainer_layer_forward:0.8261203765869141
INFO:trainer_layer_forward:1.2509822845458984
INFO:trainer_layer_forward:0.9002685546875
INFO:trainer_layer_forward:0.9067058563232422
INFO:trainer_layer_forward:1.1701583862304688
INFO:trainer_layer_forward:1.016855239868164
INFO:trainer_layer_forward:1.0170936584472656
INFO:trainer_layer_forward:1.2087821960449219
INFO:trainer_layer_forward:0.8146762847900391
INFO:trainer_layer_forward:0.8502006530761719
INFO:trainer_layer_forward:0.8668899536132812
INFO:trainer_layer_forward:0.8268356323242188
INFO:trainer_layer_forward:0.8814334869384766
INFO:trainer_layer_forward:0.8480548858642578
INFO:trainer_layer_forward:0.8132457733154297
INFO:trainer_layer_forward:1.1687278747558594
INFO:trainer_layer_forward:0.8413791656494141
INFO:trainer_layer_forward:0.8599758148193359
INFO:trainer_layer_forward:0.8604526519775391
INFO:trainer_layer_forward:0.8561611175537109
INFO:trainer_layer_forward:0.8559226989746094
INFO:trainer_layer_forward:0.8008480072021484
INFO:trainer_layer_forward:0.9317398071289062
INFO:trainer_layer_forward:0.9491443634033203
INFO:trainer_layer_forward:0.8790493011474609
INFO:trainer_layer_forward:0.8652210235595703
INFO:trainer_layer_forward:0.8552074432373047
INFO:trainer_layer_forward:0.9062290191650391
INFO:trainer_layer_forward:0.8594989776611328
INFO:trainer_layer_forward:0.9012222290039062
INFO:trainer_layer_forward:0.8080005645751953
INFO:trainer_layer_forward:1.0912418365478516
INFO:trainer_layer_forward:0.9653568267822266
INFO:trainer_layer_forward:1.3873577117919922
INFO:trainer_layer_forward:1.1322498321533203
INFO:trainer_layer_forward:1.0104179382324219
INFO:trainer_layer_forward:1.0142326354980469
INFO:trainer_layer_forward:0.9198188781738281
INFO:trainer_layer_forward:0.92315673828125
INFO:trainer_layer_forward:0.8876323699951172
INFO:trainer_layer_forward:1.0294914245605469
INFO:trainer_layer_forward:1.1096000671386719
INFO:trainer_layer_forward:0.9253025054931641
INFO:trainer_layer_forward:0.8077621459960938
INFO:trainer_layer_forward:0.8423328399658203
INFO:trainer_layer_forward:0.8127689361572266
INFO:trainer_layer_forward:1.524209976196289
INFO:trainer_layer_forward:1.5337467193603516
INFO:trainer_layer_forward:1.4066696166992188
INFO:trainer_layer_forward:1.2679100036621094
INFO:trainer_layer_forward:0.8330345153808594
INFO:trainer_layer_forward:0.9951591491699219
INFO:trainer_layer_forward:0.8633136749267578
INFO:trainer_layer_forward:0.9603500366210938
INFO:trainer_layer_forward:0.8649826049804688
INFO:trainer_layer_forward:1.2218952178955078
INFO:trainer_layer_forward:0.8699893951416016
INFO:trainer_layer_forward:0.9286403656005859
INFO:trainer_layer_forward:0.8959770202636719
INFO:trainer_layer_forward:1.3210773468017578
INFO:trainer_layer_forward:0.8413791656494141
INFO:trainer_layer_forward:0.8587837219238281
INFO:trainer_layer_forward:1.1096000671386719
INFO:trainer_layer_forward:1.0986328125
INFO:trainer_layer_forward:0.7977485656738281
INFO:trainer_layer_forward:0.8976459503173828
INFO:trainer_layer_forward:0.8263587951660156
INFO:trainer_layer_forward:0.9360313415527344
INFO:trainer_layer_forward:0.8828639984130859
INFO:trainer_layer_forward:0.9188652038574219
INFO:trainer_layer_forward:0.7894039154052734
