INFO:trainer_layer_backward:CNNEx | mnist
INFO:trainer_layer_backward:in_size : 128 | epochs : 1 | batch : 1
INFO:trainer_layer_backward:kernel_l1 : 65 | 
INFO:trainer_layer_backward:o_channels_l1 : 20 | 
INFO:trainer_layer_backward::::::::::::::::::::::::::::::::::::::::::::::::::::::::::::
INFO:trainer_layer_backward:message : cnn_conv1 
INFO:trainer_layer_backward::::::::::::::::::::::::::::::::::::::::::::::::::::::::::::
INFO:trainer_layer_backward:Ave_Time : 1.4821139248934658
INFO:trainer_layer_backward::::::::::::::::::::::::::::::::::::::::::::::::::::::::::::
INFO:trainer_layer_backward:2.1355152130126953
INFO:trainer_layer_backward:1.7936229705810547
INFO:trainer_layer_backward:1.8808841705322266
INFO:trainer_layer_backward:1.5044212341308594
INFO:trainer_layer_backward:1.8169879913330078
INFO:trainer_layer_backward:1.6326904296875
INFO:trainer_layer_backward:1.6856193542480469
INFO:trainer_layer_backward:1.680135726928711
INFO:trainer_layer_backward:1.5468597412109375
INFO:trainer_layer_backward:1.5339851379394531
INFO:trainer_layer_backward:1.6961097717285156
INFO:trainer_layer_backward:1.7139911651611328
INFO:trainer_layer_backward:1.5048980712890625
INFO:trainer_layer_backward:1.5411376953125
INFO:trainer_layer_backward:1.6148090362548828
INFO:trainer_layer_backward:3.2074451446533203
INFO:trainer_layer_backward:1.5990734100341797
INFO:trainer_layer_backward:1.8489360809326172
INFO:trainer_layer_backward:1.7282962799072266
INFO:trainer_layer_backward:1.6629695892333984
INFO:trainer_layer_backward:1.6820430755615234
INFO:trainer_layer_backward:1.9202232360839844
INFO:trainer_layer_backward:1.36566162109375
INFO:trainer_layer_backward:1.77764892578125
INFO:trainer_layer_backward:1.8575191497802734
INFO:trainer_layer_backward:1.7011165618896484
INFO:trainer_layer_backward:1.5461444854736328
INFO:trainer_layer_backward:1.5108585357666016
INFO:trainer_layer_backward:2.2225379943847656
INFO:trainer_layer_backward:1.8110275268554688
INFO:trainer_layer_backward:1.8007755279541016
INFO:trainer_layer_backward:1.8227100372314453
INFO:trainer_layer_backward:1.7442703247070312
INFO:trainer_layer_backward:1.7344951629638672
INFO:trainer_layer_backward:1.6024112701416016
INFO:trainer_layer_backward:1.64031982421875
INFO:trainer_layer_backward:2.115488052368164
INFO:trainer_layer_backward:2.020597457885742
INFO:trainer_layer_backward:1.764535903930664
INFO:trainer_layer_backward:2.307891845703125
INFO:trainer_layer_backward:1.890420913696289
INFO:trainer_layer_backward:1.9609928131103516
INFO:trainer_layer_backward:1.6548633575439453
INFO:trainer_layer_backward:2.1207332611083984
INFO:trainer_layer_backward:1.7125606536865234
INFO:trainer_layer_backward:1.7828941345214844
INFO:trainer_layer_backward:1.9145011901855469
INFO:trainer_layer_backward:2.2835731506347656
INFO:trainer_layer_backward:1.7333030700683594
INFO:trainer_layer_backward:1.424551010131836
INFO:trainer_layer_backward:1.285552978515625
INFO:trainer_layer_backward:1.249074935913086
INFO:trainer_layer_backward:1.535177230834961
INFO:trainer_layer_backward:1.314401626586914
INFO:trainer_layer_backward:1.3928413391113281
INFO:trainer_layer_backward:1.3318061828613281
INFO:trainer_layer_backward:1.2905597686767578
INFO:trainer_layer_backward:1.4147758483886719
INFO:trainer_layer_backward:1.6665458679199219
INFO:trainer_layer_backward:1.6515254974365234
INFO:trainer_layer_backward:1.5790462493896484
INFO:trainer_layer_backward:1.4719963073730469
INFO:trainer_layer_backward:1.6019344329833984
INFO:trainer_layer_backward:1.7218589782714844
INFO:trainer_layer_backward:2.259492874145508
INFO:trainer_layer_backward:1.6455650329589844
INFO:trainer_layer_backward:1.7287731170654297
INFO:trainer_layer_backward:1.756906509399414
INFO:trainer_layer_backward:1.7523765563964844
INFO:trainer_layer_backward:1.7409324645996094
INFO:trainer_layer_backward:1.688241958618164
INFO:trainer_layer_backward:1.6567707061767578
INFO:trainer_layer_backward:1.917123794555664
INFO:trainer_layer_backward:1.642465591430664
INFO:trainer_layer_backward:1.5230178833007812
INFO:trainer_layer_backward:1.5532970428466797
INFO:trainer_layer_backward:1.77001953125
INFO:trainer_layer_backward:1.8246173858642578
INFO:trainer_layer_backward:1.7557144165039062
INFO:trainer_layer_backward:1.6512870788574219
INFO:trainer_layer_backward:1.6596317291259766
INFO:trainer_layer_backward:1.5468597412109375
INFO:trainer_layer_backward:1.4870166778564453
INFO:trainer_layer_backward:1.4541149139404297
INFO:trainer_layer_backward:1.3184547424316406
INFO:trainer_layer_backward:2.0949840545654297
INFO:trainer_layer_backward:1.5649795532226562
INFO:trainer_layer_backward:1.47247314453125
INFO:trainer_layer_backward:1.2996196746826172
INFO:trainer_layer_backward:1.7631053924560547
INFO:trainer_layer_backward:1.3079643249511719
INFO:trainer_layer_backward:1.5072822570800781
INFO:trainer_layer_backward:1.3015270233154297
INFO:trainer_layer_backward:1.3728141784667969
INFO:trainer_layer_backward:1.275777816772461
INFO:trainer_layer_backward:1.550436019897461
INFO:trainer_layer_backward:1.3818740844726562
INFO:trainer_layer_backward:1.3589859008789062
INFO:trainer_layer_backward:1.2309551239013672
INFO:trainer_layer_backward:1.2774467468261719
INFO:trainer_layer_backward:1.241445541381836
INFO:trainer_layer_backward:1.6927719116210938
INFO:trainer_layer_backward:1.2416839599609375
INFO:trainer_layer_backward:1.3992786407470703
INFO:trainer_layer_backward:1.2657642364501953
INFO:trainer_layer_backward:1.2471675872802734
INFO:trainer_layer_backward:1.3151168823242188
INFO:trainer_layer_backward:1.3692378997802734
INFO:trainer_layer_backward:1.3909339904785156
INFO:trainer_layer_backward:1.371622085571289
INFO:trainer_layer_backward:1.4193058013916016
INFO:trainer_layer_backward:1.3585090637207031
INFO:trainer_layer_backward:1.4073848724365234
INFO:trainer_layer_backward:1.4524459838867188
INFO:trainer_layer_backward:1.3818740844726562
INFO:trainer_layer_backward:1.470804214477539
INFO:trainer_layer_backward:1.306772232055664
INFO:trainer_layer_backward:1.7206668853759766
INFO:trainer_layer_backward:1.7592906951904297
INFO:trainer_layer_backward:1.405477523803711
INFO:trainer_layer_backward:1.3022422790527344
INFO:trainer_layer_backward:1.6627311706542969
INFO:trainer_layer_backward:1.3689994812011719
INFO:trainer_layer_backward:1.3179779052734375
INFO:trainer_layer_backward:1.6655921936035156
INFO:trainer_layer_backward:1.1856555938720703
INFO:trainer_layer_backward:1.2369155883789062
INFO:trainer_layer_backward:1.6376972198486328
INFO:trainer_layer_backward:1.6715526580810547
INFO:trainer_layer_backward:1.295328140258789
INFO:trainer_layer_backward:1.6868114471435547
INFO:trainer_layer_backward:1.6872882843017578
INFO:trainer_layer_backward:1.5101432800292969
INFO:trainer_layer_backward:1.4269351959228516
INFO:trainer_layer_backward:1.5532970428466797
INFO:trainer_layer_backward:1.485586166381836
INFO:trainer_layer_backward:1.3837814331054688
INFO:trainer_layer_backward:1.8687248229980469
INFO:trainer_layer_backward:1.5673637390136719
INFO:trainer_layer_backward:1.5101432800292969
INFO:trainer_layer_backward:1.4376640319824219
INFO:trainer_layer_backward:1.3811588287353516
INFO:trainer_layer_backward:1.5549659729003906
INFO:trainer_layer_backward:1.737356185913086
INFO:trainer_layer_backward:1.5635490417480469
INFO:trainer_layer_backward:1.3375282287597656
INFO:trainer_layer_backward:1.219034194946289
INFO:trainer_layer_backward:1.3060569763183594
INFO:trainer_layer_backward:1.2400150299072266
INFO:trainer_layer_backward:1.222848892211914
INFO:trainer_layer_backward:1.2822151184082031
INFO:trainer_layer_backward:1.1947154998779297
INFO:trainer_layer_backward:1.428365707397461
INFO:trainer_layer_backward:1.4367103576660156
INFO:trainer_layer_backward:1.3108253479003906
INFO:trainer_layer_backward:1.3015270233154297
INFO:trainer_layer_backward:1.2431144714355469
INFO:trainer_layer_backward:1.7330646514892578
INFO:trainer_layer_backward:1.4455318450927734
INFO:trainer_layer_backward:1.295328140258789
INFO:trainer_layer_backward:1.2047290802001953
INFO:trainer_layer_backward:1.1777877807617188
INFO:trainer_layer_backward:1.194000244140625
INFO:trainer_layer_backward:1.1584758758544922
INFO:trainer_layer_backward:1.2710094451904297
INFO:trainer_layer_backward:1.24359130859375
INFO:trainer_layer_backward:1.3234615325927734
INFO:trainer_layer_backward:1.2629032135009766
INFO:trainer_layer_backward:1.476287841796875
INFO:trainer_layer_backward:1.3692378997802734
INFO:trainer_layer_backward:1.3556480407714844
INFO:trainer_layer_backward:1.2989044189453125
INFO:trainer_layer_backward:1.2023448944091797
INFO:trainer_layer_backward:1.3251304626464844
INFO:trainer_layer_backward:2.069234848022461
INFO:trainer_layer_backward:1.5971660614013672
INFO:trainer_layer_backward:1.4655590057373047
INFO:trainer_layer_backward:1.270294189453125
INFO:trainer_layer_backward:1.7192363739013672
INFO:trainer_layer_backward:1.8248558044433594
INFO:trainer_layer_backward:1.4660358428955078
INFO:trainer_layer_backward:1.5192031860351562
INFO:trainer_layer_backward:1.2977123260498047
INFO:trainer_layer_backward:1.6176700592041016
INFO:trainer_layer_backward:1.4569759368896484
INFO:trainer_layer_backward:1.6720294952392578
INFO:trainer_layer_backward:1.2917518615722656
INFO:trainer_layer_backward:1.4522075653076172
INFO:trainer_layer_backward:1.7879009246826172
INFO:trainer_layer_backward:1.1799335479736328
INFO:trainer_layer_backward:1.4584064483642578
INFO:trainer_layer_backward:1.5728473663330078
INFO:trainer_layer_backward:1.5728473663330078
INFO:trainer_layer_backward:1.4429092407226562
INFO:trainer_layer_backward:1.5721321105957031
INFO:trainer_layer_backward:1.2316703796386719
INFO:trainer_layer_backward:1.4147758483886719
INFO:trainer_layer_backward:1.8157958984375
INFO:trainer_layer_backward:1.3730525970458984
INFO:trainer_layer_backward:1.19781494140625
INFO:trainer_layer_backward:1.1091232299804688
INFO:trainer_layer_backward:1.4340877532958984
INFO:trainer_layer_backward:2.2194385528564453
INFO:trainer_layer_backward:1.33514404296875
INFO:trainer_layer_backward:1.1594295501708984
INFO:trainer_layer_backward:1.1184215545654297
INFO:trainer_layer_backward:1.249551773071289
INFO:trainer_layer_backward:1.4655590057373047
INFO:trainer_layer_backward:1.6827583312988281
INFO:trainer_layer_backward:1.390218734741211
INFO:trainer_layer_backward:1.3148784637451172
INFO:trainer_layer_backward:1.2383460998535156
INFO:trainer_layer_backward:1.413583755493164
INFO:trainer_layer_backward:1.4722347259521484
INFO:trainer_layer_backward:1.4529228210449219
INFO:trainer_layer_backward:1.3480186462402344
INFO:trainer_layer_backward:1.3797283172607422
INFO:trainer_layer_backward:1.3265609741210938
INFO:trainer_layer_backward:1.3947486877441406
INFO:trainer_layer_backward:1.7228126525878906
INFO:trainer_layer_backward:1.4824867248535156
INFO:trainer_layer_backward:1.4653205871582031
INFO:trainer_layer_backward:1.4078617095947266
INFO:trainer_layer_backward:1.5799999237060547
INFO:trainer_layer_backward:1.573801040649414
INFO:trainer_layer_backward:1.3060569763183594
INFO:trainer_layer_backward:1.2874603271484375
INFO:trainer_layer_backward:1.203298568725586
INFO:trainer_layer_backward:1.6095638275146484
INFO:trainer_layer_backward:1.5494823455810547
INFO:trainer_layer_backward:1.1684894561767578
INFO:trainer_layer_backward:1.1277198791503906
INFO:trainer_layer_backward:1.1944770812988281
INFO:trainer_layer_backward:1.607656478881836
INFO:trainer_layer_backward:1.468658447265625
INFO:trainer_layer_backward:1.287698745727539
INFO:trainer_layer_backward:1.1298656463623047
INFO:trainer_layer_backward:1.1565685272216797
INFO:trainer_layer_backward:15.074968338012695
INFO:trainer_layer_backward:1.2128353118896484
INFO:trainer_layer_backward:1.4569759368896484
INFO:trainer_layer_backward:1.2204647064208984
INFO:trainer_layer_backward:1.2629032135009766
INFO:trainer_layer_backward:1.2578964233398438
INFO:trainer_layer_backward:1.2850761413574219
INFO:trainer_layer_backward:1.6219615936279297
INFO:trainer_layer_backward:1.33514404296875
INFO:trainer_layer_backward:1.4841556549072266
INFO:trainer_layer_backward:3.4723281860351562
INFO:trainer_layer_backward:1.5225410461425781
INFO:trainer_layer_backward:1.6853809356689453
INFO:trainer_layer_backward:1.5511512756347656
INFO:trainer_layer_backward:1.7762184143066406
INFO:trainer_layer_backward:1.6200542449951172
INFO:trainer_layer_backward:1.5735626220703125
INFO:trainer_layer_backward:1.5621185302734375
INFO:trainer_layer_backward:1.4233589172363281
INFO:trainer_layer_backward:1.421213150024414
INFO:trainer_layer_backward:1.7175674438476562
INFO:trainer_layer_backward:1.6450881958007812
INFO:trainer_layer_backward:1.756906509399414
INFO:trainer_layer_backward:1.7383098602294922
INFO:trainer_layer_backward:2.1190643310546875
INFO:trainer_layer_backward:1.6646385192871094
INFO:trainer_layer_backward:1.6274452209472656
INFO:trainer_layer_backward:1.1761188507080078
INFO:trainer_layer_backward:1.1963844299316406
INFO:trainer_layer_backward:1.0223388671875
INFO:trainer_layer_backward:1.3451576232910156
INFO:trainer_layer_backward:1.7895698547363281
INFO:trainer_layer_backward:1.3370513916015625
INFO:trainer_layer_backward:1.1780261993408203
INFO:trainer_layer_backward:1.2958049774169922
INFO:trainer_layer_backward:1.669168472290039
INFO:trainer_layer_backward:1.6434192657470703
INFO:trainer_layer_backward:1.7042160034179688
INFO:trainer_layer_backward:1.626729965209961
INFO:trainer_layer_backward:1.2242794036865234
INFO:trainer_layer_backward:1.6224384307861328
INFO:trainer_layer_backward:1.5883445739746094
INFO:trainer_layer_backward:1.6138553619384766
INFO:trainer_layer_backward:1.4019012451171875
INFO:trainer_layer_backward:1.4493465423583984
INFO:trainer_layer_backward:1.6744136810302734
INFO:trainer_layer_backward:1.683950424194336
INFO:trainer_layer_backward:1.5110969543457031
INFO:trainer_layer_backward:1.4653205871582031
INFO:trainer_layer_backward:1.6999244689941406
INFO:trainer_layer_backward:1.7027854919433594
INFO:trainer_layer_backward:1.6357898712158203
INFO:trainer_layer_backward:1.4157295227050781
INFO:trainer_layer_backward:1.5501976013183594
INFO:trainer_layer_backward:1.7063617706298828
INFO:trainer_layer_backward:1.6815662384033203
INFO:trainer_layer_backward:1.4848709106445312
INFO:trainer_layer_backward:1.4069080352783203
INFO:trainer_layer_backward:1.1916160583496094
INFO:trainer_layer_backward:1.6024112701416016
INFO:trainer_layer_backward:1.3589859008789062
INFO:trainer_layer_backward:1.4748573303222656
INFO:trainer_layer_backward:1.4603137969970703
INFO:trainer_layer_backward:1.453399658203125
INFO:trainer_layer_backward:1.611948013305664
INFO:trainer_layer_backward:1.5783309936523438
INFO:trainer_layer_backward:1.5842914581298828
INFO:trainer_layer_backward:1.3692378997802734
INFO:trainer_layer_backward:1.598358154296875
INFO:trainer_layer_backward:1.5587806701660156
INFO:trainer_layer_backward:1.4798641204833984
INFO:trainer_layer_backward:1.40380859375
INFO:trainer_layer_backward:1.486063003540039
INFO:trainer_layer_backward:1.766204833984375
INFO:trainer_layer_backward:1.7466545104980469
INFO:trainer_layer_backward:1.7354488372802734
INFO:trainer_layer_backward:1.1773109436035156
INFO:trainer_layer_backward:1.2710094451904297
INFO:trainer_layer_backward:1.51824951171875
INFO:trainer_layer_backward:1.6329288482666016
INFO:trainer_layer_backward:1.5587806701660156
INFO:trainer_layer_backward:1.2958049774169922
INFO:trainer_layer_backward:1.6243457794189453
INFO:trainer_layer_backward:1.8854141235351562
INFO:trainer_layer_backward:1.506805419921875
INFO:trainer_layer_backward:1.4925003051757812
INFO:trainer_layer_backward:1.1589527130126953
INFO:trainer_layer_backward:1.2493133544921875
INFO:trainer_layer_backward:1.657247543334961
INFO:trainer_layer_backward:1.642465591430664
INFO:trainer_layer_backward:1.440286636352539
INFO:trainer_layer_backward:1.3341903686523438
INFO:trainer_layer_backward:1.6019344329833984
INFO:trainer_layer_backward:1.6520023345947266
INFO:trainer_layer_backward:1.3828277587890625
INFO:trainer_layer_backward:1.3937950134277344
INFO:trainer_layer_backward:1.390695571899414
INFO:trainer_layer_backward:1.5492439270019531
INFO:trainer_layer_backward:1.2996196746826172
INFO:trainer_layer_backward:1.5685558319091797
INFO:trainer_layer_backward:1.264810562133789
INFO:trainer_layer_backward:1.2590885162353516
INFO:trainer_layer_backward:1.8420219421386719
INFO:trainer_layer_backward:1.4717578887939453
INFO:trainer_layer_backward:1.4202594757080078
INFO:trainer_layer_backward:1.5599727630615234
INFO:trainer_layer_backward:1.3871192932128906
INFO:trainer_layer_backward:1.5408992767333984
INFO:trainer_layer_backward:1.413106918334961
INFO:trainer_layer_backward:1.2784004211425781
INFO:trainer_layer_backward:1.0957717895507812
INFO:trainer_layer_backward:1.4786720275878906
INFO:trainer_layer_backward:1.3163089752197266
INFO:trainer_layer_backward:1.5363693237304688
INFO:trainer_layer_backward:1.3625621795654297
INFO:trainer_layer_backward:1.8513202667236328
INFO:trainer_layer_backward:1.695394515991211
INFO:trainer_layer_backward:1.5306472778320312
INFO:trainer_layer_backward:1.6226768493652344
INFO:trainer_layer_backward:1.4083385467529297
INFO:trainer_layer_backward:1.4522075653076172
INFO:trainer_layer_backward:1.2688636779785156
INFO:trainer_layer_backward:1.4100074768066406
INFO:trainer_layer_backward:1.1570453643798828
INFO:trainer_layer_backward:1.440286636352539
INFO:trainer_layer_backward:1.5811920166015625
INFO:trainer_layer_backward:1.4009475708007812
INFO:trainer_layer_backward:1.5287399291992188
INFO:trainer_layer_backward:1.4691352844238281
INFO:trainer_layer_backward:1.3141632080078125
INFO:trainer_layer_backward:1.1663436889648438
INFO:trainer_layer_backward:1.1992454528808594
INFO:trainer_layer_backward:1.2049674987792969
INFO:trainer_layer_backward:1.3113021850585938
INFO:trainer_layer_backward:1.0836124420166016
INFO:trainer_layer_backward:1.180410385131836
INFO:trainer_layer_backward:1.3735294342041016
INFO:trainer_layer_backward:1.245260238647461
INFO:trainer_layer_backward:1.132965087890625
INFO:trainer_layer_backward:1.344442367553711
INFO:trainer_layer_backward:1.6181468963623047
INFO:trainer_layer_backward:1.542806625366211
INFO:trainer_layer_backward:1.5532970428466797
INFO:trainer_layer_backward:1.310586929321289
INFO:trainer_layer_backward:1.3484954833984375
INFO:trainer_layer_backward:1.3322830200195312
INFO:trainer_layer_backward:1.676797866821289
INFO:trainer_layer_backward:1.512289047241211
INFO:trainer_layer_backward:1.3570785522460938
INFO:trainer_layer_backward:1.4500617980957031
INFO:trainer_layer_backward:1.7511844635009766
INFO:trainer_layer_backward:1.3058185577392578
INFO:trainer_layer_backward:1.5931129455566406
INFO:trainer_layer_backward:1.3380050659179688
INFO:trainer_layer_backward:1.4331340789794922
INFO:trainer_layer_backward:1.4140605926513672
INFO:trainer_layer_backward:1.7862319946289062
INFO:trainer_layer_backward:1.5325546264648438
INFO:trainer_layer_backward:1.3782978057861328
INFO:trainer_layer_backward:1.1951923370361328
INFO:trainer_layer_backward:1.4352798461914062
INFO:trainer_layer_backward:1.5842914581298828
INFO:trainer_layer_backward:1.422882080078125
INFO:trainer_layer_backward:1.432657241821289
INFO:trainer_layer_backward:1.3730525970458984
INFO:trainer_layer_backward:1.3604164123535156
INFO:trainer_layer_backward:1.5103816986083984
INFO:trainer_layer_backward:1.4417171478271484
INFO:trainer_layer_backward:1.3880729675292969
INFO:trainer_layer_backward:1.3744831085205078
INFO:trainer_layer_backward:1.2865066528320312
INFO:trainer_layer_backward:1.2652873992919922
INFO:trainer_layer_backward:1.4216899871826172
INFO:trainer_layer_backward:1.0976791381835938
INFO:trainer_layer_backward:1.1181831359863281
INFO:trainer_layer_backward:1.1401176452636719
INFO:trainer_layer_backward:1.1894702911376953
INFO:trainer_layer_backward:1.4426708221435547
INFO:trainer_layer_backward:1.4739036560058594
INFO:trainer_layer_backward:1.3260841369628906
INFO:trainer_layer_backward:1.0869503021240234
INFO:trainer_layer_backward:1.0464191436767578
INFO:trainer_layer_backward:1.3668537139892578
INFO:trainer_layer_backward:1.4100074768066406
INFO:trainer_layer_backward:1.2497901916503906
INFO:trainer_layer_backward:1.2187957763671875
INFO:trainer_layer_backward:1.211404800415039
INFO:trainer_layer_backward:1.308441162109375
INFO:trainer_layer_backward:1.5001296997070312
INFO:trainer_layer_backward:1.5859603881835938
INFO:trainer_layer_backward:1.4564990997314453
INFO:trainer_layer_backward:1.2047290802001953
INFO:trainer_layer_backward:1.262664794921875
INFO:trainer_layer_backward:1.2288093566894531
INFO:trainer_layer_backward:1.5053749084472656
INFO:trainer_layer_backward:1.3470649719238281
INFO:trainer_layer_backward:1.192331314086914
INFO:trainer_layer_backward:1.18255615234375
INFO:trainer_layer_backward:1.2149810791015625
INFO:trainer_layer_backward:1.4102458953857422
INFO:trainer_layer_backward:1.3544559478759766
INFO:trainer_layer_backward:1.3074874877929688
INFO:trainer_layer_backward:1.3878345489501953
INFO:trainer_layer_backward:1.1641979217529297
INFO:trainer_layer_backward:1.3780593872070312
INFO:trainer_layer_backward:1.4300346374511719
INFO:trainer_layer_backward:1.3873577117919922
INFO:trainer_layer_backward:1.2042522430419922
INFO:trainer_layer_backward:1.2514591217041016
INFO:trainer_layer_backward:1.184225082397461
INFO:trainer_layer_backward:1.8062591552734375
INFO:trainer_layer_backward:1.790761947631836
INFO:trainer_layer_backward:1.3682842254638672
INFO:trainer_layer_backward:1.2693405151367188
INFO:trainer_layer_backward:1.2629032135009766
INFO:trainer_layer_backward:1.2500286102294922
INFO:trainer_layer_backward:1.377105712890625
INFO:trainer_layer_backward:1.3990402221679688
INFO:trainer_layer_backward:1.5845298767089844
INFO:trainer_layer_backward:1.2257099151611328
INFO:trainer_layer_backward:1.3229846954345703
INFO:trainer_layer_backward:1.5411376953125
INFO:trainer_layer_backward:1.6334056854248047
INFO:trainer_layer_backward:1.4445781707763672
INFO:trainer_layer_backward:1.3854503631591797
INFO:trainer_layer_backward:1.3828277587890625
INFO:trainer_layer_backward:1.2521743774414062
INFO:trainer_layer_backward:1.1661052703857422
INFO:trainer_layer_backward:1.2187957763671875
INFO:trainer_layer_backward:1.180887222290039
INFO:trainer_layer_backward:1.1398792266845703
INFO:trainer_layer_backward:1.1506080627441406
INFO:trainer_layer_backward:1.333475112915039
INFO:trainer_layer_backward:1.4731884002685547
INFO:trainer_layer_backward:1.2793540954589844
INFO:trainer_layer_backward:1.295328140258789
INFO:trainer_layer_backward:1.5363693237304688
INFO:trainer_layer_backward:1.331329345703125
INFO:trainer_layer_backward:1.4331340789794922
INFO:trainer_layer_backward:1.3568401336669922
INFO:trainer_layer_backward:1.3763904571533203
INFO:trainer_layer_backward:1.1987686157226562
INFO:trainer_layer_backward:1.1775493621826172
INFO:trainer_layer_backward:1.3072490692138672
INFO:trainer_layer_backward:1.219034194946289
INFO:trainer_layer_backward:1.1763572692871094
INFO:trainer_layer_backward:1.1584758758544922
INFO:trainer_layer_backward:1.2149810791015625
INFO:trainer_layer_backward:1.3511180877685547
INFO:trainer_layer_backward:1.155853271484375
INFO:trainer_layer_backward:1.2576580047607422
INFO:trainer_layer_backward:1.2187957763671875
INFO:trainer_layer_backward:1.1692047119140625
INFO:trainer_layer_backward:1.45721435546875
INFO:trainer_layer_backward:1.4827251434326172
INFO:trainer_layer_backward:1.2218952178955078
INFO:trainer_layer_backward:1.2624263763427734
INFO:trainer_layer_backward:1.2204647064208984
INFO:trainer_layer_backward:1.312255859375
INFO:trainer_layer_backward:1.7485618591308594
INFO:trainer_layer_backward:1.47247314453125
INFO:trainer_layer_backward:1.123189926147461
INFO:trainer_layer_backward:1.542806625366211
INFO:trainer_layer_backward:1.7199516296386719
INFO:trainer_layer_backward:1.5957355499267578
INFO:trainer_layer_backward:1.6400814056396484
INFO:trainer_layer_backward:1.308441162109375
INFO:trainer_layer_backward:1.712799072265625
INFO:trainer_layer_backward:1.4224052429199219
INFO:trainer_layer_backward:1.5399456024169922
INFO:trainer_layer_backward:1.2714862823486328
INFO:trainer_layer_backward:1.3689994812011719
INFO:trainer_layer_backward:1.4562606811523438
INFO:trainer_layer_backward:1.7707347869873047
INFO:trainer_layer_backward:1.2688636779785156
INFO:trainer_layer_backward:1.2116432189941406
INFO:trainer_layer_backward:1.1284351348876953
INFO:trainer_layer_backward:1.547098159790039
INFO:trainer_layer_backward:1.5957355499267578
INFO:trainer_layer_backward:1.3000965118408203
INFO:trainer_layer_backward:1.2466907501220703
INFO:trainer_layer_backward:1.255035400390625
INFO:trainer_layer_backward:1.5501976013183594
INFO:trainer_layer_backward:1.558065414428711
INFO:trainer_layer_backward:1.453399658203125
INFO:trainer_layer_backward:1.2705326080322266
INFO:trainer_layer_backward:1.7657279968261719
INFO:trainer_layer_backward:1.2753009796142578
INFO:trainer_layer_backward:1.2867450714111328
INFO:trainer_layer_backward:1.2106895446777344
INFO:trainer_layer_backward:1.1551380157470703
INFO:trainer_layer_backward:1.1577606201171875
INFO:trainer_layer_backward:1.2171268463134766
INFO:trainer_layer_backward:1.4426708221435547
INFO:trainer_layer_backward:1.2011528015136719
INFO:trainer_layer_backward:1.1620521545410156
INFO:trainer_layer_backward:1.1737346649169922
INFO:trainer_layer_backward:2.078533172607422
INFO:trainer_layer_backward:1.6293525695800781
INFO:trainer_layer_backward:1.3203620910644531
INFO:trainer_layer_backward:1.2073516845703125
INFO:trainer_layer_backward:1.2118816375732422
INFO:trainer_layer_backward:1.3086795806884766
INFO:trainer_layer_backward:1.2853145599365234
INFO:trainer_layer_backward:1.2722015380859375
INFO:trainer_layer_backward:1.1582374572753906
INFO:trainer_layer_backward:1.1653900146484375
INFO:trainer_layer_backward:1.3146400451660156
INFO:trainer_layer_backward:1.4848709106445312
INFO:trainer_layer_backward:1.6126632690429688
INFO:trainer_layer_backward:1.3780593872070312
INFO:trainer_layer_backward:1.4753341674804688
INFO:trainer_layer_backward:1.6143321990966797
INFO:trainer_layer_backward:1.38092041015625
INFO:trainer_layer_backward:1.8591880798339844
INFO:trainer_layer_backward:1.726388931274414
INFO:trainer_layer_backward:1.5799999237060547
INFO:trainer_layer_backward:1.5521049499511719
INFO:trainer_layer_backward:1.262664794921875
INFO:trainer_layer_backward:1.485586166381836
INFO:trainer_layer_backward:1.287698745727539
INFO:trainer_layer_backward:1.3964176177978516
INFO:trainer_layer_backward:1.4901161193847656
INFO:trainer_layer_backward:1.583099365234375
INFO:trainer_layer_backward:1.4319419860839844
INFO:trainer_layer_backward:1.1866092681884766
INFO:trainer_layer_backward:1.5745162963867188
INFO:trainer_layer_backward:1.415252685546875
INFO:trainer_layer_backward:1.8055438995361328
INFO:trainer_layer_backward:1.5366077423095703
INFO:trainer_layer_backward:2.3822784423828125
INFO:trainer_layer_backward:1.6777515411376953
INFO:trainer_layer_backward:2.168416976928711
INFO:trainer_layer_backward:1.5120506286621094
INFO:trainer_layer_backward:1.201629638671875
INFO:trainer_layer_backward:1.1246204376220703
INFO:trainer_layer_backward:1.1112689971923828
INFO:trainer_layer_backward:1.1131763458251953
INFO:trainer_layer_backward:1.6317367553710938
INFO:trainer_layer_backward:1.7521381378173828
INFO:trainer_layer_backward:1.580953598022461
INFO:trainer_layer_backward:1.4424324035644531
INFO:trainer_layer_backward:1.4684200286865234
INFO:trainer_layer_backward:1.2450218200683594
INFO:trainer_layer_backward:1.1675357818603516
INFO:trainer_layer_backward:1.5954971313476562
INFO:trainer_layer_backward:1.1320114135742188
INFO:trainer_layer_backward:1.1491775512695312
INFO:trainer_layer_backward:1.3790130615234375
INFO:trainer_layer_backward:1.2135505676269531
INFO:trainer_layer_backward:1.1990070343017578
INFO:trainer_layer_backward:1.2755393981933594
INFO:trainer_layer_backward:1.0998249053955078
INFO:trainer_layer_backward:1.2574195861816406
INFO:trainer_layer_backward:1.5845298767089844
INFO:trainer_layer_backward:1.379251480102539
INFO:trainer_layer_backward:1.626729965209961
INFO:trainer_layer_backward:1.4486312866210938
INFO:trainer_layer_backward:1.4729499816894531
INFO:trainer_layer_backward:1.7201900482177734
INFO:trainer_layer_backward:1.4390945434570312
INFO:trainer_layer_backward:1.3492107391357422
INFO:trainer_layer_backward:1.5671253204345703
INFO:trainer_layer_backward:1.2679100036621094
INFO:trainer_layer_backward:1.1792182922363281
INFO:trainer_layer_backward:1.199483871459961
INFO:trainer_layer_backward:1.3315677642822266
INFO:trainer_layer_backward:1.1556148529052734
INFO:trainer_layer_backward:1.394510269165039
INFO:trainer_layer_backward:1.3043880462646484
INFO:trainer_layer_backward:1.299142837524414
INFO:trainer_layer_backward:1.129150390625
INFO:trainer_layer_backward:1.41143798828125
INFO:trainer_layer_backward:2.0830631256103516
INFO:trainer_layer_backward:1.3282299041748047
INFO:trainer_layer_backward:1.6605854034423828
INFO:trainer_layer_backward:1.2848377227783203
INFO:trainer_layer_backward:1.127481460571289
INFO:trainer_layer_backward:1.1589527130126953
INFO:trainer_layer_backward:1.4286041259765625
INFO:trainer_layer_backward:1.2359619140625
INFO:trainer_layer_backward:1.1107921600341797
INFO:trainer_layer_backward:1.2090206146240234
INFO:trainer_layer_backward:1.31988525390625
INFO:trainer_layer_backward:1.4979839324951172
INFO:trainer_layer_backward:1.4119148254394531
INFO:trainer_layer_backward:1.2309551239013672
INFO:trainer_layer_backward:1.4605522155761719
INFO:trainer_layer_backward:1.581430435180664
INFO:trainer_layer_backward:1.3782978057861328
INFO:trainer_layer_backward:1.6584396362304688
INFO:trainer_layer_backward:1.3704299926757812
INFO:trainer_layer_backward:1.4519691467285156
INFO:trainer_layer_backward:1.880645751953125
INFO:trainer_layer_backward:1.6226768493652344
INFO:trainer_layer_backward:1.264333724975586
INFO:trainer_layer_backward:1.2917518615722656
INFO:trainer_layer_backward:1.6832351684570312
INFO:trainer_layer_backward:1.5764236450195312
INFO:trainer_layer_backward:1.2996196746826172
INFO:trainer_layer_backward:1.4455318450927734
INFO:trainer_layer_backward:1.0695457458496094
INFO:trainer_layer_backward:1.5301704406738281
INFO:trainer_layer_backward:1.6179084777832031
INFO:trainer_layer_backward:1.4963150024414062
INFO:trainer_layer_backward:1.153707504272461
INFO:trainer_layer_backward:1.367330551147461
INFO:trainer_layer_backward:1.6872882843017578
INFO:trainer_layer_backward:1.199960708618164
INFO:trainer_layer_backward:1.1725425720214844
INFO:trainer_layer_backward:1.1584758758544922
INFO:trainer_layer_backward:1.0461807250976562
INFO:trainer_layer_backward:1.0776519775390625
INFO:trainer_layer_backward:1.4255046844482422
INFO:trainer_layer_backward:1.4374256134033203
INFO:trainer_layer_backward:1.2323856353759766
INFO:trainer_layer_backward:1.210927963256836
INFO:trainer_layer_backward:1.1098384857177734
INFO:trainer_layer_backward:1.598358154296875
INFO:trainer_layer_backward:1.3344287872314453
INFO:trainer_layer_backward:1.3768672943115234
INFO:trainer_layer_backward:1.2388229370117188
INFO:trainer_layer_backward:1.3370513916015625
INFO:trainer_layer_backward:1.2707710266113281
INFO:trainer_layer_backward:1.3039112091064453
INFO:trainer_layer_backward:1.239776611328125
INFO:trainer_layer_backward:1.283884048461914
INFO:trainer_layer_backward:1.184701919555664
INFO:trainer_layer_backward:1.397848129272461
INFO:trainer_layer_backward:1.538991928100586
INFO:trainer_layer_backward:1.4338493347167969
INFO:trainer_layer_backward:1.399993896484375
INFO:trainer_layer_backward:1.1026859283447266
INFO:trainer_layer_backward:1.239776611328125
INFO:trainer_layer_backward:2.0325183868408203
INFO:trainer_layer_backward:1.3897418975830078
INFO:trainer_layer_backward:1.3120174407958984
INFO:trainer_layer_backward:1.2581348419189453
INFO:trainer_layer_backward:1.5268325805664062
INFO:trainer_layer_backward:1.424551010131836
INFO:trainer_layer_backward:1.4162063598632812
INFO:trainer_layer_backward:1.1649131774902344
INFO:trainer_layer_backward:1.2807846069335938
INFO:trainer_layer_backward:1.3012886047363281
INFO:trainer_layer_backward:1.2862682342529297
INFO:trainer_layer_backward:1.2133121490478516
INFO:trainer_layer_backward:1.2333393096923828
INFO:trainer_layer_backward:1.5554428100585938
INFO:trainer_layer_backward:1.4514923095703125
INFO:trainer_layer_backward:1.2149810791015625
INFO:trainer_layer_backward:1.386880874633789
INFO:trainer_layer_backward:1.31988525390625
INFO:trainer_layer_backward:1.5311241149902344
INFO:trainer_layer_backward:1.6286373138427734
INFO:trainer_layer_backward:1.424551010131836
INFO:trainer_layer_backward:1.3942718505859375
INFO:trainer_layer_backward:1.1563301086425781
INFO:trainer_layer_backward:1.245737075805664
INFO:trainer_layer_backward:1.3780593872070312
INFO:trainer_layer_backward:1.7619132995605469
INFO:trainer_layer_backward:1.3806819915771484
INFO:trainer_layer_backward:1.3709068298339844
INFO:trainer_layer_backward:1.264810562133789
INFO:trainer_layer_backward:1.2316703796386719
INFO:trainer_layer_backward:1.249551773071289
INFO:trainer_layer_backward:1.1241436004638672
INFO:trainer_layer_backward:1.3501644134521484
INFO:trainer_layer_backward:1.5702247619628906
INFO:trainer_layer_backward:1.142263412475586
INFO:trainer_layer_backward:1.4345645904541016
INFO:trainer_layer_backward:1.0857582092285156
INFO:trainer_layer_backward:1.4946460723876953
INFO:trainer_layer_backward:1.8222332000732422
INFO:trainer_layer_backward:1.1637210845947266
INFO:trainer_layer_backward:1.5490055084228516
INFO:trainer_layer_backward:1.4944076538085938
INFO:trainer_layer_backward:1.873016357421875
INFO:trainer_layer_backward:1.1224746704101562
INFO:trainer_layer_backward:1.2705326080322266
INFO:trainer_layer_backward:1.615285873413086
INFO:trainer_layer_backward:2.0186901092529297
INFO:trainer_layer_backward:1.8458366394042969
INFO:trainer_layer_backward:1.2078285217285156
INFO:trainer_layer_backward:1.1205673217773438
INFO:trainer_layer_backward:1.4276504516601562
INFO:trainer_layer_backward:1.4424324035644531
INFO:trainer_layer_backward:1.5535354614257812
INFO:trainer_layer_backward:1.5087127685546875
INFO:trainer_layer_backward:1.209259033203125
INFO:trainer_layer_backward:1.444101333618164
INFO:trainer_layer_backward:1.6913414001464844
INFO:trainer_layer_backward:1.7502307891845703
INFO:trainer_layer_backward:1.344919204711914
INFO:trainer_layer_backward:1.4185905456542969
INFO:trainer_layer_backward:1.6810894012451172
INFO:trainer_layer_backward:1.2638568878173828
INFO:trainer_layer_backward:1.605987548828125
INFO:trainer_layer_backward:1.3124942779541016
INFO:trainer_layer_backward:1.2404918670654297
INFO:trainer_layer_backward:1.5668869018554688
INFO:trainer_layer_backward:1.5420913696289062
INFO:trainer_layer_backward:1.219034194946289
INFO:trainer_layer_backward:1.2142658233642578
INFO:trainer_layer_backward:1.3666152954101562
INFO:trainer_layer_backward:1.4350414276123047
INFO:trainer_layer_backward:1.668691635131836
INFO:trainer_layer_backward:1.6529560089111328
INFO:trainer_layer_backward:1.466512680053711
INFO:trainer_layer_backward:1.4662742614746094
INFO:trainer_layer_backward:1.8434524536132812
INFO:trainer_layer_backward:1.3661384582519531
INFO:trainer_layer_backward:1.3275146484375
INFO:trainer_layer_backward:1.2774467468261719
INFO:trainer_layer_backward:1.4257431030273438
INFO:trainer_layer_backward:1.4989376068115234
INFO:trainer_layer_backward:1.230478286743164
INFO:trainer_layer_backward:1.5010833740234375
INFO:trainer_layer_backward:1.5368461608886719
INFO:trainer_layer_backward:2.218008041381836
INFO:trainer_layer_backward:1.8193721771240234
INFO:trainer_layer_backward:1.4491081237792969
INFO:trainer_layer_backward:1.2450218200683594
INFO:trainer_layer_backward:1.4338493347167969
INFO:trainer_layer_backward:1.7147064208984375
INFO:trainer_layer_backward:1.880645751953125
INFO:trainer_layer_backward:1.5401840209960938
INFO:trainer_layer_backward:1.8436908721923828
INFO:trainer_layer_backward:1.3391971588134766
INFO:trainer_layer_backward:1.1823177337646484
INFO:trainer_layer_backward:1.5282630920410156
INFO:trainer_layer_backward:1.2509822845458984
INFO:trainer_layer_backward:1.2199878692626953
INFO:trainer_layer_backward:1.9328594207763672
INFO:trainer_layer_backward:1.3523101806640625
INFO:trainer_layer_backward:1.295328140258789
INFO:trainer_layer_backward:1.2006759643554688
INFO:trainer_layer_backward:1.2547969818115234
INFO:trainer_layer_backward:1.4951229095458984
INFO:trainer_layer_backward:1.756906509399414
INFO:trainer_layer_backward:1.796722412109375
INFO:trainer_layer_backward:1.3759136199951172
INFO:trainer_layer_backward:1.2619495391845703
INFO:trainer_layer_backward:1.8815994262695312
INFO:trainer_layer_backward:1.4629364013671875
INFO:trainer_layer_backward:1.3496875762939453
INFO:trainer_layer_backward:1.2004375457763672
INFO:trainer_layer_backward:2.2962093353271484
INFO:trainer_layer_backward:1.9755363464355469
INFO:trainer_layer_backward:1.4078617095947266
INFO:trainer_layer_backward:1.2729167938232422
INFO:trainer_layer_backward:1.322031021118164
INFO:trainer_layer_backward:1.802682876586914
INFO:trainer_layer_backward:1.627206802368164
INFO:trainer_layer_backward:2.000093460083008
INFO:trainer_layer_backward:1.5978813171386719
INFO:trainer_layer_backward:2.2923946380615234
INFO:trainer_layer_backward:1.5070438385009766
INFO:trainer_layer_backward:1.6312599182128906
INFO:trainer_layer_backward:1.6033649444580078
INFO:trainer_layer_backward:1.5642642974853516
INFO:trainer_layer_backward:1.6894340515136719
INFO:trainer_layer_backward:2.0253658294677734
INFO:trainer_layer_backward:1.5246868133544922
INFO:trainer_layer_backward:1.6105175018310547
INFO:trainer_layer_backward:1.4035701751708984
INFO:trainer_layer_backward:1.3399124145507812
INFO:trainer_layer_backward:1.149892807006836
INFO:trainer_layer_backward:1.7957687377929688
INFO:trainer_layer_backward:1.8658638000488281
INFO:trainer_layer_backward:1.634836196899414
INFO:trainer_layer_backward:1.2226104736328125
INFO:trainer_layer_backward:1.5285015106201172
INFO:trainer_layer_backward:1.3108253479003906
INFO:trainer_layer_backward:1.8379688262939453
INFO:trainer_layer_backward:1.4443397521972656
INFO:trainer_layer_backward:1.3358592987060547
INFO:trainer_layer_backward:1.5883445739746094
INFO:trainer_layer_backward:1.882791519165039
INFO:trainer_layer_backward:2.1369457244873047
INFO:trainer_layer_backward:1.4371871948242188
INFO:trainer_layer_backward:1.2505054473876953
INFO:trainer_layer_backward:1.2481212615966797
INFO:trainer_layer_backward:1.7504692077636719
INFO:trainer_layer_backward:1.0828971862792969
INFO:trainer_layer_backward:1.4722347259521484
INFO:trainer_layer_backward:1.1124610900878906
INFO:trainer_layer_backward:1.25885009765625
INFO:trainer_layer_backward:1.186370849609375
INFO:trainer_layer_backward:1.5048980712890625
INFO:trainer_layer_backward:1.2602806091308594
INFO:trainer_layer_backward:1.1141300201416016
INFO:trainer_layer_backward:1.0895729064941406
INFO:trainer_layer_backward:1.0883808135986328
INFO:trainer_layer_backward:1.1658668518066406
INFO:trainer_layer_backward:1.2562274932861328
INFO:trainer_layer_backward:1.331329345703125
INFO:trainer_layer_backward:1.1355876922607422
INFO:trainer_layer_backward:1.2781620025634766
INFO:trainer_layer_backward:1.2772083282470703
INFO:trainer_layer_backward:2.3889541625976562
INFO:trainer_layer_backward:1.46484375
INFO:trainer_layer_backward:1.0859966278076172
INFO:trainer_layer_backward:1.1584758758544922
INFO:trainer_layer_backward:1.3134479522705078
INFO:trainer_layer_backward:1.5125274658203125
INFO:trainer_layer_backward:1.756429672241211
INFO:trainer_layer_backward:1.4719963073730469
INFO:trainer_layer_backward:2.333402633666992
INFO:trainer_layer_backward:1.4472007751464844
INFO:trainer_layer_backward:1.5211105346679688
INFO:trainer_layer_backward:1.5892982482910156
INFO:trainer_layer_backward:1.8041133880615234
INFO:trainer_layer_backward:1.348257064819336
INFO:trainer_layer_backward:0.9796619415283203
INFO:trainer_layer_backward:1.7673969268798828
INFO:trainer_layer_backward:1.566171646118164
INFO:trainer_layer_backward:1.5630722045898438
INFO:trainer_layer_backward:1.2660026550292969
INFO:trainer_layer_backward:2.071857452392578
INFO:trainer_layer_backward:1.5423297882080078
INFO:trainer_layer_backward:1.3730525970458984
INFO:trainer_layer_backward:1.4591217041015625
INFO:trainer_layer_backward:1.5687942504882812
INFO:trainer_layer_backward:1.5597343444824219
INFO:trainer_layer_backward:1.4350414276123047
INFO:trainer_layer_backward:1.1441707611083984
INFO:trainer_layer_backward:1.2593269348144531
INFO:trainer_layer_backward:1.6553401947021484
INFO:trainer_layer_backward:1.691579818725586
INFO:trainer_layer_backward:1.33514404296875
INFO:trainer_layer_backward:1.3034343719482422
INFO:trainer_layer_backward:1.6169548034667969
INFO:trainer_layer_backward:1.6183853149414062
INFO:trainer_layer_backward:1.4662742614746094
INFO:trainer_layer_backward:1.6102790832519531
INFO:trainer_layer_backward:1.7101764678955078
INFO:trainer_layer_backward:1.8024444580078125
INFO:trainer_layer_backward:1.9261837005615234
INFO:trainer_layer_backward:1.6086101531982422
INFO:trainer_layer_backward:1.6810894012451172
INFO:trainer_layer_backward:1.3840198516845703
INFO:trainer_layer_backward:1.5723705291748047
INFO:trainer_layer_backward:1.6088485717773438
INFO:trainer_layer_backward:1.1363029479980469
INFO:trainer_layer_backward:1.4882087707519531
INFO:trainer_layer_backward:1.6241073608398438
INFO:trainer_layer_backward:1.5368461608886719
INFO:trainer_layer_backward:1.5635490417480469
INFO:trainer_layer_backward:1.5783309936523438
INFO:trainer_layer_backward:1.071929931640625
INFO:trainer_layer_backward:1.5230178833007812
INFO:trainer_layer_backward:1.2395381927490234
INFO:trainer_layer_backward:1.6596317291259766
INFO:trainer_layer_backward:1.2650489807128906
INFO:trainer_layer_backward:1.7054080963134766
INFO:trainer_layer_backward:1.6002655029296875
INFO:trainer_layer_backward:1.3151168823242188
INFO:trainer_layer_backward:1.9958019256591797
INFO:trainer_layer_backward:1.3742446899414062
INFO:trainer_layer_backward:1.6024112701416016
INFO:trainer_layer_backward:1.3644695281982422
INFO:trainer_layer_backward:1.1272430419921875
INFO:trainer_layer_backward:1.4119148254394531
INFO:trainer_layer_backward:2.055644989013672
INFO:trainer_layer_backward:2.2115707397460938
INFO:trainer_layer_backward:1.341104507446289
INFO:trainer_layer_backward:1.5292167663574219
INFO:trainer_layer_backward:1.48773193359375
INFO:trainer_layer_backward:1.6794204711914062
INFO:trainer_layer_backward:1.3256072998046875
INFO:trainer_layer_backward:1.4014244079589844
INFO:trainer_layer_backward:1.119852066040039
INFO:trainer_layer_backward:1.360177993774414
INFO:trainer_layer_backward:1.4955997467041016
INFO:trainer_layer_backward:1.6109943389892578
INFO:trainer_layer_backward:1.4448165893554688
INFO:trainer_layer_backward:1.5375614166259766
INFO:trainer_layer_backward:1.6489028930664062
INFO:trainer_layer_backward:1.5869140625
INFO:trainer_layer_backward:1.699686050415039
INFO:trainer_layer_backward:1.6055107116699219
INFO:trainer_layer_backward:1.3706684112548828
INFO:trainer_layer_backward:1.5864372253417969
INFO:trainer_layer_backward:1.1489391326904297
INFO:trainer_layer_backward:1.2288093566894531
INFO:trainer_layer_backward:0.9796619415283203
INFO:trainer_layer_backward:1.4050006866455078
INFO:trainer_layer_backward:1.4491081237792969
INFO:trainer_layer_backward:1.5537738800048828
INFO:trainer_layer_backward:1.3697147369384766
INFO:trainer_layer_backward:1.3186931610107422
INFO:trainer_layer_backward:1.3949871063232422
INFO:trainer_layer_backward:1.7096996307373047
INFO:trainer_layer_backward:1.821279525756836
INFO:trainer_layer_backward:1.5597343444824219
INFO:trainer_layer_backward:1.3933181762695312
INFO:trainer_layer_backward:1.9729137420654297
INFO:trainer_layer_backward:1.5146732330322266
INFO:trainer_layer_backward:1.5120506286621094
INFO:trainer_layer_backward:1.5048980712890625
INFO:trainer_layer_backward:1.634359359741211
INFO:trainer_layer_backward:2.1817684173583984
INFO:trainer_layer_backward:1.943349838256836
INFO:trainer_layer_backward:1.3248920440673828
INFO:trainer_layer_backward:1.8086433410644531
INFO:trainer_layer_backward:2.296924591064453
INFO:trainer_layer_backward:1.6508102416992188
INFO:trainer_layer_backward:1.8260478973388672
INFO:trainer_layer_backward:1.6121864318847656
INFO:trainer_layer_backward:1.6326904296875
INFO:trainer_layer_backward:1.4996528625488281
INFO:trainer_layer_backward:1.3599395751953125
INFO:trainer_layer_backward:1.6448497772216797
INFO:trainer_layer_backward:2.8662681579589844
INFO:trainer_layer_backward:1.4574527740478516
INFO:trainer_layer_backward:1.1789798736572266
INFO:trainer_layer_backward:1.2013912200927734
INFO:trainer_layer_backward:1.7135143280029297
INFO:trainer_layer_backward:1.4808177947998047
INFO:trainer_layer_backward:1.4963150024414062
INFO:trainer_layer_backward:1.3511180877685547
INFO:trainer_layer_backward:1.4045238494873047
INFO:trainer_layer_backward:1.5048980712890625
INFO:trainer_layer_backward:1.7473697662353516
INFO:trainer_layer_backward:1.3928413391113281
INFO:trainer_layer_backward:1.4808177947998047
INFO:trainer_layer_backward:1.0685920715332031
INFO:trainer_layer_backward:1.7039775848388672
INFO:trainer_layer_backward:1.7507076263427734
INFO:trainer_layer_backward:1.3871192932128906
INFO:trainer_layer_backward:1.432180404663086
INFO:trainer_layer_backward:1.7020702362060547
INFO:trainer_layer_backward:1.4989376068115234
INFO:trainer_layer_backward:1.5180110931396484
INFO:trainer_layer_backward:1.5244483947753906
INFO:trainer_layer_backward:1.6341209411621094
INFO:trainer_layer_backward:1.4400482177734375
INFO:trainer_layer_backward:1.4891624450683594
INFO:trainer_layer_backward:1.2018680572509766
INFO:trainer_layer_backward:1.3208389282226562
INFO:trainer_layer_backward:1.348257064819336
INFO:trainer_layer_backward:1.3310909271240234
INFO:trainer_layer_backward:1.6777515411376953
INFO:trainer_layer_backward:1.6934871673583984
INFO:trainer_layer_backward:1.384735107421875
INFO:trainer_layer_backward:1.2879371643066406
INFO:trainer_layer_backward:1.4293193817138672
INFO:trainer_layer_backward:2.0089149475097656
INFO:trainer_layer_backward:1.8672943115234375
INFO:trainer_layer_backward:1.6121864318847656
INFO:trainer_layer_backward:1.4460086822509766
INFO:trainer_layer_backward:1.3773441314697266
