INFO:trainer_layer_backward:CNNEx | mnist
INFO:trainer_layer_backward:in_size : 64 | epochs : 1 | batch : 1
INFO:trainer_layer_backward:kernel_l1 : 33 | 
INFO:trainer_layer_backward:o_channels_l1 : 20 | 
INFO:trainer_layer_backward::::::::::::::::::::::::::::::::::::::::::::::::::::::::::::
INFO:trainer_layer_backward:message : cnn_conv2 
INFO:trainer_layer_backward::::::::::::::::::::::::::::::::::::::::::::::::::::::::::::
INFO:trainer_layer_backward:Ave_Time : 1.1417208295879941
INFO:trainer_layer_backward::::::::::::::::::::::::::::::::::::::::::::::::::::::::::::
INFO:trainer_layer_backward:1.0683536529541016
INFO:trainer_layer_backward:1.1157989501953125
INFO:trainer_layer_backward:1.2209415435791016
INFO:trainer_layer_backward:1.1365413665771484
INFO:trainer_layer_backward:1.2183189392089844
INFO:trainer_layer_backward:1.2705326080322266
INFO:trainer_layer_backward:1.0170936584472656
INFO:trainer_layer_backward:0.8988380432128906
INFO:trainer_layer_backward:1.0249614715576172
INFO:trainer_layer_backward:1.3761520385742188
INFO:trainer_layer_backward:1.1391639709472656
INFO:trainer_layer_backward:1.004934310913086
INFO:trainer_layer_backward:0.965118408203125
INFO:trainer_layer_backward:0.8368492126464844
INFO:trainer_layer_backward:0.8842945098876953
INFO:trainer_layer_backward:1.383066177368164
INFO:trainer_layer_backward:0.9922981262207031
INFO:trainer_layer_backward:0.9295940399169922
INFO:trainer_layer_backward:0.9939670562744141
INFO:trainer_layer_backward:0.8945465087890625
INFO:trainer_layer_backward:0.9381771087646484
INFO:trainer_layer_backward:0.9510517120361328
INFO:trainer_layer_backward:1.2373924255371094
INFO:trainer_layer_backward:0.9329319000244141
INFO:trainer_layer_backward:0.9598731994628906
INFO:trainer_layer_backward:0.9222030639648438
INFO:trainer_layer_backward:1.007080078125
INFO:trainer_layer_backward:0.9098052978515625
INFO:trainer_layer_backward:0.9529590606689453
INFO:trainer_layer_backward:0.9307861328125
INFO:trainer_layer_backward:1.0721683502197266
INFO:trainer_layer_backward:0.9694099426269531
INFO:trainer_layer_backward:1.0600090026855469
INFO:trainer_layer_backward:0.8869171142578125
INFO:trainer_layer_backward:1.0366439819335938
INFO:trainer_layer_backward:0.9233951568603516
INFO:trainer_layer_backward:1.6138553619384766
INFO:trainer_layer_backward:3.2186508178710938
INFO:trainer_layer_backward:2.1200180053710938
INFO:trainer_layer_backward:1.214742660522461
INFO:trainer_layer_backward:0.9810924530029297
INFO:trainer_layer_backward:1.1167526245117188
INFO:trainer_layer_backward:1.2011528015136719
INFO:trainer_layer_backward:1.0859966278076172
INFO:trainer_layer_backward:1.1823177337646484
INFO:trainer_layer_backward:1.130819320678711
INFO:trainer_layer_backward:1.0547637939453125
INFO:trainer_layer_backward:0.8771419525146484
INFO:trainer_layer_backward:0.8139610290527344
INFO:trainer_layer_backward:0.9031295776367188
INFO:trainer_layer_backward:0.8306503295898438
INFO:trainer_layer_backward:0.8115768432617188
INFO:trainer_layer_backward:1.0652542114257812
INFO:trainer_layer_backward:0.9701251983642578
INFO:trainer_layer_backward:1.03759765625
INFO:trainer_layer_backward:0.9455680847167969
INFO:trainer_layer_backward:0.8628368377685547
INFO:trainer_layer_backward:0.9877681732177734
INFO:trainer_layer_backward:0.9732246398925781
INFO:trainer_layer_backward:1.203298568725586
INFO:trainer_layer_backward:1.1758804321289062
INFO:trainer_layer_backward:1.0690689086914062
INFO:trainer_layer_backward:0.9245872497558594
INFO:trainer_layer_backward:1.0242462158203125
INFO:trainer_layer_backward:1.1205673217773438
INFO:trainer_layer_backward:1.257181167602539
INFO:trainer_layer_backward:1.0249614715576172
INFO:trainer_layer_backward:1.0476112365722656
INFO:trainer_layer_backward:1.0590553283691406
INFO:trainer_layer_backward:1.3790130615234375
INFO:trainer_layer_backward:1.012563705444336
INFO:trainer_layer_backward:1.0869503021240234
INFO:trainer_layer_backward:0.949859619140625
INFO:trainer_layer_backward:0.8223056793212891
INFO:trainer_layer_backward:0.8299350738525391
INFO:trainer_layer_backward:1.0216236114501953
INFO:trainer_layer_backward:0.8957386016845703
INFO:trainer_layer_backward:0.8902549743652344
INFO:trainer_layer_backward:0.8230209350585938
INFO:trainer_layer_backward:0.7495880126953125
INFO:trainer_layer_backward:0.7488727569580078
INFO:trainer_layer_backward:0.9412765502929688
INFO:trainer_layer_backward:0.8573532104492188
INFO:trainer_layer_backward:0.8223056793212891
INFO:trainer_layer_backward:0.8857250213623047
INFO:trainer_layer_backward:0.8087158203125
INFO:trainer_layer_backward:0.8251667022705078
INFO:trainer_layer_backward:0.7431507110595703
INFO:trainer_layer_backward:0.7417201995849609
INFO:trainer_layer_backward:0.9560585021972656
INFO:trainer_layer_backward:0.8733272552490234
INFO:trainer_layer_backward:1.1963844299316406
INFO:trainer_layer_backward:1.001596450805664
INFO:trainer_layer_backward:1.0769367218017578
INFO:trainer_layer_backward:0.8804798126220703
INFO:trainer_layer_backward:0.8347034454345703
INFO:trainer_layer_backward:0.7965564727783203
INFO:trainer_layer_backward:0.8733272552490234
INFO:trainer_layer_backward:0.9894371032714844
INFO:trainer_layer_backward:0.9398460388183594
INFO:trainer_layer_backward:1.2295246124267578
INFO:trainer_layer_backward:1.1508464813232422
INFO:trainer_layer_backward:1.0263919830322266
INFO:trainer_layer_backward:0.9865760803222656
INFO:trainer_layer_backward:0.9264945983886719
INFO:trainer_layer_backward:0.9601116180419922
INFO:trainer_layer_backward:0.8814334869384766
INFO:trainer_layer_backward:0.8823871612548828
INFO:trainer_layer_backward:1.1243820190429688
INFO:trainer_layer_backward:1.0483264923095703
INFO:trainer_layer_backward:1.1854171752929688
INFO:trainer_layer_backward:1.050710678100586
INFO:trainer_layer_backward:1.1510848999023438
INFO:trainer_layer_backward:1.5306472778320312
INFO:trainer_layer_backward:1.0371208190917969
INFO:trainer_layer_backward:0.8766651153564453
INFO:trainer_layer_backward:0.9613037109375
INFO:trainer_layer_backward:0.9851455688476562
INFO:trainer_layer_backward:1.0135173797607422
INFO:trainer_layer_backward:1.1360645294189453
INFO:trainer_layer_backward:1.194000244140625
INFO:trainer_layer_backward:1.0144710540771484
INFO:trainer_layer_backward:0.8921623229980469
INFO:trainer_layer_backward:1.3091564178466797
INFO:trainer_layer_backward:1.0876655578613281
INFO:trainer_layer_backward:1.2335777282714844
INFO:trainer_layer_backward:1.1186599731445312
INFO:trainer_layer_backward:0.8845329284667969
INFO:trainer_layer_backward:0.7886886596679688
INFO:trainer_layer_backward:1.0371208190917969
INFO:trainer_layer_backward:0.9415149688720703
INFO:trainer_layer_backward:0.81634521484375
INFO:trainer_layer_backward:1.1050701141357422
INFO:trainer_layer_backward:1.1737346649169922
INFO:trainer_layer_backward:0.9489059448242188
INFO:trainer_layer_backward:0.9555816650390625
INFO:trainer_layer_backward:0.7402896881103516
INFO:trainer_layer_backward:1.1134147644042969
INFO:trainer_layer_backward:1.3339519500732422
INFO:trainer_layer_backward:1.2691020965576172
INFO:trainer_layer_backward:1.230478286743164
INFO:trainer_layer_backward:0.9357929229736328
INFO:trainer_layer_backward:0.8623600006103516
INFO:trainer_layer_backward:0.8392333984375
INFO:trainer_layer_backward:0.9059906005859375
INFO:trainer_layer_backward:1.0335445404052734
INFO:trainer_layer_backward:0.8814334869384766
INFO:trainer_layer_backward:0.9424686431884766
INFO:trainer_layer_backward:0.9980201721191406
INFO:trainer_layer_backward:0.9322166442871094
INFO:trainer_layer_backward:1.2047290802001953
INFO:trainer_layer_backward:1.4579296112060547
INFO:trainer_layer_backward:0.9107589721679688
INFO:trainer_layer_backward:0.7774829864501953
INFO:trainer_layer_backward:0.7736682891845703
INFO:trainer_layer_backward:1.0061264038085938
INFO:trainer_layer_backward:1.180887222290039
INFO:trainer_layer_backward:1.9688606262207031
INFO:trainer_layer_backward:0.8807182312011719
INFO:trainer_layer_backward:0.7522106170654297
INFO:trainer_layer_backward:0.7371902465820312
INFO:trainer_layer_backward:0.9977817535400391
INFO:trainer_layer_backward:1.317739486694336
INFO:trainer_layer_backward:1.4700889587402344
INFO:trainer_layer_backward:1.1665821075439453
INFO:trainer_layer_backward:1.0907649993896484
INFO:trainer_layer_backward:1.3706684112548828
INFO:trainer_layer_backward:1.483917236328125
INFO:trainer_layer_backward:1.4040470123291016
INFO:trainer_layer_backward:0.9441375732421875
INFO:trainer_layer_backward:0.904083251953125
INFO:trainer_layer_backward:0.865936279296875
INFO:trainer_layer_backward:0.8699893951416016
INFO:trainer_layer_backward:1.2278556823730469
INFO:trainer_layer_backward:1.3539791107177734
INFO:trainer_layer_backward:1.1653900146484375
INFO:trainer_layer_backward:1.852273941040039
INFO:trainer_layer_backward:3.2286643981933594
INFO:trainer_layer_backward:1.1327266693115234
INFO:trainer_layer_backward:1.3129711151123047
INFO:trainer_layer_backward:1.1715888977050781
INFO:trainer_layer_backward:1.1534690856933594
INFO:trainer_layer_backward:1.8761157989501953
INFO:trainer_layer_backward:1.3802051544189453
INFO:trainer_layer_backward:1.7986297607421875
INFO:trainer_layer_backward:1.2371540069580078
INFO:trainer_layer_backward:1.4312267303466797
INFO:trainer_layer_backward:1.0323524475097656
INFO:trainer_layer_backward:0.9584426879882812
INFO:trainer_layer_backward:0.8575916290283203
INFO:trainer_layer_backward:1.4295578002929688
INFO:trainer_layer_backward:1.5149116516113281
INFO:trainer_layer_backward:1.2857913970947266
INFO:trainer_layer_backward:1.7595291137695312
INFO:trainer_layer_backward:1.299142837524414
INFO:trainer_layer_backward:1.1169910430908203
INFO:trainer_layer_backward:1.1718273162841797
INFO:trainer_layer_backward:1.4553070068359375
INFO:trainer_layer_backward:1.1854171752929688
INFO:trainer_layer_backward:1.0304450988769531
INFO:trainer_layer_backward:1.079559326171875
INFO:trainer_layer_backward:1.0559558868408203
INFO:trainer_layer_backward:1.2285709381103516
INFO:trainer_layer_backward:1.2097358703613281
INFO:trainer_layer_backward:1.0712146759033203
INFO:trainer_layer_backward:0.9016990661621094
INFO:trainer_layer_backward:0.8690357208251953
INFO:trainer_layer_backward:1.2331008911132812
INFO:trainer_layer_backward:1.580953598022461
INFO:trainer_layer_backward:1.1448860168457031
INFO:trainer_layer_backward:1.0924339294433594
INFO:trainer_layer_backward:1.2199878692626953
INFO:trainer_layer_backward:1.2102127075195312
INFO:trainer_layer_backward:1.2695789337158203
INFO:trainer_layer_backward:1.2161731719970703
INFO:trainer_layer_backward:1.2576580047607422
INFO:trainer_layer_backward:1.3356208801269531
INFO:trainer_layer_backward:1.0921955108642578
INFO:trainer_layer_backward:1.2481212615966797
INFO:trainer_layer_backward:1.1887550354003906
INFO:trainer_layer_backward:1.52587890625
INFO:trainer_layer_backward:1.218557357788086
INFO:trainer_layer_backward:1.4369487762451172
INFO:trainer_layer_backward:1.4488697052001953
INFO:trainer_layer_backward:0.881195068359375
INFO:trainer_layer_backward:1.0232925415039062
INFO:trainer_layer_backward:0.8034706115722656
INFO:trainer_layer_backward:0.7922649383544922
INFO:trainer_layer_backward:1.1577606201171875
INFO:trainer_layer_backward:1.1737346649169922
INFO:trainer_layer_backward:2.3686885833740234
INFO:trainer_layer_backward:1.3377666473388672
INFO:trainer_layer_backward:1.4290809631347656
INFO:trainer_layer_backward:1.5518665313720703
INFO:trainer_layer_backward:0.9691715240478516
INFO:trainer_layer_backward:0.7333755493164062
INFO:trainer_layer_backward:1.0039806365966797
INFO:trainer_layer_backward:1.251220703125
INFO:trainer_layer_backward:1.5327930450439453
INFO:trainer_layer_backward:1.0395050048828125
INFO:trainer_layer_backward:1.1751651763916016
INFO:trainer_layer_backward:0.9472370147705078
INFO:trainer_layer_backward:1.1594295501708984
INFO:trainer_layer_backward:1.2726783752441406
INFO:trainer_layer_backward:1.4090538024902344
INFO:trainer_layer_backward:1.2736320495605469
INFO:trainer_layer_backward:1.0805130004882812
INFO:trainer_layer_backward:1.1856555938720703
INFO:trainer_layer_backward:1.4297962188720703
INFO:trainer_layer_backward:1.417398452758789
INFO:trainer_layer_backward:1.3880729675292969
INFO:trainer_layer_backward:1.2655258178710938
INFO:trainer_layer_backward:1.3239383697509766
INFO:trainer_layer_backward:1.0793209075927734
INFO:trainer_layer_backward:1.234292984008789
INFO:trainer_layer_backward:1.0445117950439453
INFO:trainer_layer_backward:0.8485317230224609
INFO:trainer_layer_backward:1.0013580322265625
INFO:trainer_layer_backward:0.9672641754150391
INFO:trainer_layer_backward:1.1436939239501953
INFO:trainer_layer_backward:1.0018348693847656
INFO:trainer_layer_backward:1.0993480682373047
INFO:trainer_layer_backward:0.9129047393798828
INFO:trainer_layer_backward:0.9453296661376953
INFO:trainer_layer_backward:1.0673999786376953
INFO:trainer_layer_backward:1.3053417205810547
INFO:trainer_layer_backward:1.341104507446289
INFO:trainer_layer_backward:1.611471176147461
INFO:trainer_layer_backward:1.1680126190185547
INFO:trainer_layer_backward:1.0981559753417969
INFO:trainer_layer_backward:1.4197826385498047
INFO:trainer_layer_backward:1.2099742889404297
INFO:trainer_layer_backward:1.0921955108642578
INFO:trainer_layer_backward:1.112222671508789
INFO:trainer_layer_backward:1.1904239654541016
INFO:trainer_layer_backward:1.1570453643798828
INFO:trainer_layer_backward:1.2772083282470703
INFO:trainer_layer_backward:0.9913444519042969
INFO:trainer_layer_backward:1.2171268463134766
INFO:trainer_layer_backward:1.2314319610595703
INFO:trainer_layer_backward:1.3217926025390625
INFO:trainer_layer_backward:1.2359619140625
INFO:trainer_layer_backward:0.9591579437255859
INFO:trainer_layer_backward:0.6327629089355469
INFO:trainer_layer_backward:0.9438991546630859
INFO:trainer_layer_backward:0.988006591796875
INFO:trainer_layer_backward:1.3020038604736328
INFO:trainer_layer_backward:1.1882781982421875
INFO:trainer_layer_backward:1.0771751403808594
INFO:trainer_layer_backward:1.0132789611816406
INFO:trainer_layer_backward:1.2731552124023438
INFO:trainer_layer_backward:0.9608268737792969
INFO:trainer_layer_backward:1.9130706787109375
INFO:trainer_layer_backward:1.6021728515625
INFO:trainer_layer_backward:1.4922618865966797
INFO:trainer_layer_backward:1.314401626586914
INFO:trainer_layer_backward:1.3325214385986328
INFO:trainer_layer_backward:1.2879371643066406
INFO:trainer_layer_backward:1.4002323150634766
INFO:trainer_layer_backward:1.0607242584228516
INFO:trainer_layer_backward:1.1851787567138672
INFO:trainer_layer_backward:1.24359130859375
INFO:trainer_layer_backward:1.2540817260742188
INFO:trainer_layer_backward:0.9403228759765625
INFO:trainer_layer_backward:0.9634494781494141
INFO:trainer_layer_backward:0.6597042083740234
INFO:trainer_layer_backward:1.3158321380615234
INFO:trainer_layer_backward:1.0464191436767578
INFO:trainer_layer_backward:1.4162063598632812
INFO:trainer_layer_backward:1.0347366333007812
INFO:trainer_layer_backward:1.1301040649414062
INFO:trainer_layer_backward:1.1589527130126953
INFO:trainer_layer_backward:1.6579627990722656
INFO:trainer_layer_backward:1.5795230865478516
INFO:trainer_layer_backward:1.173257827758789
INFO:trainer_layer_backward:1.012563705444336
INFO:trainer_layer_backward:1.092672348022461
INFO:trainer_layer_backward:1.3124942779541016
INFO:trainer_layer_backward:1.6336441040039062
INFO:trainer_layer_backward:1.4886856079101562
INFO:trainer_layer_backward:1.0623931884765625
INFO:trainer_layer_backward:1.2085437774658203
INFO:trainer_layer_backward:1.9710063934326172
INFO:trainer_layer_backward:1.2545585632324219
INFO:trainer_layer_backward:1.2145042419433594
INFO:trainer_layer_backward:0.8943080902099609
INFO:trainer_layer_backward:1.125335693359375
INFO:trainer_layer_backward:0.9632110595703125
INFO:trainer_layer_backward:1.0123252868652344
INFO:trainer_layer_backward:0.8175373077392578
INFO:trainer_layer_backward:0.8497238159179688
INFO:trainer_layer_backward:0.8192062377929688
INFO:trainer_layer_backward:0.9253025054931641
INFO:trainer_layer_backward:1.7876625061035156
INFO:trainer_layer_backward:1.245737075805664
INFO:trainer_layer_backward:0.9095668792724609
INFO:trainer_layer_backward:0.9028911590576172
INFO:trainer_layer_backward:0.7567405700683594
INFO:trainer_layer_backward:1.54876708984375
INFO:trainer_layer_backward:0.7631778717041016
INFO:trainer_layer_backward:0.8585453033447266
INFO:trainer_layer_backward:0.7305145263671875
INFO:trainer_layer_backward:0.7834434509277344
INFO:trainer_layer_backward:0.7698535919189453
INFO:trainer_layer_backward:0.9462833404541016
INFO:trainer_layer_backward:0.865936279296875
INFO:trainer_layer_backward:0.8525848388671875
INFO:trainer_layer_backward:0.7388591766357422
INFO:trainer_layer_backward:0.8602142333984375
INFO:trainer_layer_backward:0.7445812225341797
INFO:trainer_layer_backward:0.8916854858398438
INFO:trainer_layer_backward:1.0104179382324219
INFO:trainer_layer_backward:0.9262561798095703
INFO:trainer_layer_backward:1.2464523315429688
INFO:trainer_layer_backward:1.5387535095214844
INFO:trainer_layer_backward:0.9131431579589844
INFO:trainer_layer_backward:1.5709400177001953
INFO:trainer_layer_backward:0.9400844573974609
INFO:trainer_layer_backward:1.089334487915039
INFO:trainer_layer_backward:1.1899471282958984
INFO:trainer_layer_backward:1.2230873107910156
INFO:trainer_layer_backward:0.9763240814208984
INFO:trainer_layer_backward:1.0831356048583984
INFO:trainer_layer_backward:0.8108615875244141
INFO:trainer_layer_backward:0.7534027099609375
INFO:trainer_layer_backward:0.7541179656982422
INFO:trainer_layer_backward:0.9095668792724609
INFO:trainer_layer_backward:0.7832050323486328
INFO:trainer_layer_backward:0.8542537689208984
INFO:trainer_layer_backward:0.7994174957275391
INFO:trainer_layer_backward:0.8411407470703125
INFO:trainer_layer_backward:0.7543563842773438
INFO:trainer_layer_backward:0.8726119995117188
INFO:trainer_layer_backward:0.949859619140625
INFO:trainer_layer_backward:2.3865699768066406
INFO:trainer_layer_backward:1.049041748046875
INFO:trainer_layer_backward:0.9160041809082031
INFO:trainer_layer_backward:0.8409023284912109
INFO:trainer_layer_backward:1.0042190551757812
INFO:trainer_layer_backward:1.1196136474609375
INFO:trainer_layer_backward:1.3647079467773438
INFO:trainer_layer_backward:0.9777545928955078
INFO:trainer_layer_backward:0.9112358093261719
INFO:trainer_layer_backward:1.0018348693847656
INFO:trainer_layer_backward:1.1339187622070312
INFO:trainer_layer_backward:0.8409023284912109
INFO:trainer_layer_backward:1.0225772857666016
INFO:trainer_layer_backward:1.125335693359375
INFO:trainer_layer_backward:0.9553432464599609
INFO:trainer_layer_backward:1.1866092681884766
INFO:trainer_layer_backward:1.0004043579101562
INFO:trainer_layer_backward:1.1293888092041016
INFO:trainer_layer_backward:1.5954971313476562
INFO:trainer_layer_backward:1.2600421905517578
INFO:trainer_layer_backward:1.5532970428466797
INFO:trainer_layer_backward:1.0135173797607422
INFO:trainer_layer_backward:1.1720657348632812
INFO:trainer_layer_backward:1.5168190002441406
INFO:trainer_layer_backward:1.0111331939697266
INFO:trainer_layer_backward:0.9219646453857422
INFO:trainer_layer_backward:0.9310245513916016
INFO:trainer_layer_backward:0.8845329284667969
INFO:trainer_layer_backward:1.0683536529541016
INFO:trainer_layer_backward:1.4383792877197266
INFO:trainer_layer_backward:1.4503002166748047
INFO:trainer_layer_backward:1.275777816772461
INFO:trainer_layer_backward:1.280069351196289
INFO:trainer_layer_backward:1.3303756713867188
INFO:trainer_layer_backward:1.2743473052978516
INFO:trainer_layer_backward:1.2612342834472656
INFO:trainer_layer_backward:1.138448715209961
INFO:trainer_layer_backward:1.2102127075195312
INFO:trainer_layer_backward:1.224517822265625
INFO:trainer_layer_backward:1.230001449584961
INFO:trainer_layer_backward:1.3570785522460938
INFO:trainer_layer_backward:0.9715557098388672
INFO:trainer_layer_backward:1.1019706726074219
INFO:trainer_layer_backward:1.1599063873291016
INFO:trainer_layer_backward:1.0750293731689453
INFO:trainer_layer_backward:1.36566162109375
INFO:trainer_layer_backward:1.336812973022461
INFO:trainer_layer_backward:1.0094642639160156
INFO:trainer_layer_backward:0.8366107940673828
INFO:trainer_layer_backward:0.8087158203125
INFO:trainer_layer_backward:0.8471012115478516
INFO:trainer_layer_backward:0.9808540344238281
INFO:trainer_layer_backward:1.2662410736083984
INFO:trainer_layer_backward:1.1696815490722656
INFO:trainer_layer_backward:1.1510848999023438
INFO:trainer_layer_backward:1.3167858123779297
INFO:trainer_layer_backward:0.9489059448242188
INFO:trainer_layer_backward:1.2614727020263672
INFO:trainer_layer_backward:1.3039112091064453
INFO:trainer_layer_backward:1.2040138244628906
INFO:trainer_layer_backward:1.1632442474365234
INFO:trainer_layer_backward:1.0230541229248047
INFO:trainer_layer_backward:1.0120868682861328
INFO:trainer_layer_backward:1.2307167053222656
INFO:trainer_layer_backward:1.2314319610595703
INFO:trainer_layer_backward:1.1303424835205078
INFO:trainer_layer_backward:1.0409355163574219
INFO:trainer_layer_backward:0.9541511535644531
INFO:trainer_layer_backward:0.9665489196777344
INFO:trainer_layer_backward:0.8630752563476562
INFO:trainer_layer_backward:1.6522407531738281
INFO:trainer_layer_backward:1.085042953491211
INFO:trainer_layer_backward:0.9984970092773438
INFO:trainer_layer_backward:0.8223056793212891
INFO:trainer_layer_backward:1.0533332824707031
INFO:trainer_layer_backward:1.283884048461914
INFO:trainer_layer_backward:0.9918212890625
INFO:trainer_layer_backward:0.9839534759521484
INFO:trainer_layer_backward:1.0952949523925781
INFO:trainer_layer_backward:1.1594295501708984
INFO:trainer_layer_backward:1.2285709381103516
INFO:trainer_layer_backward:1.3813972473144531
INFO:trainer_layer_backward:1.2426376342773438
INFO:trainer_layer_backward:0.9176731109619141
INFO:trainer_layer_backward:0.8106231689453125
INFO:trainer_layer_backward:0.8118152618408203
INFO:trainer_layer_backward:1.2371540069580078
INFO:trainer_layer_backward:1.4219284057617188
INFO:trainer_layer_backward:1.4586448669433594
INFO:trainer_layer_backward:0.9448528289794922
INFO:trainer_layer_backward:0.9124279022216797
INFO:trainer_layer_backward:0.8590221405029297
INFO:trainer_layer_backward:0.9882450103759766
INFO:trainer_layer_backward:0.8375644683837891
INFO:trainer_layer_backward:1.0192394256591797
INFO:trainer_layer_backward:1.1103153228759766
INFO:trainer_layer_backward:0.9748935699462891
INFO:trainer_layer_backward:0.8668899536132812
INFO:trainer_layer_backward:0.9050369262695312
INFO:trainer_layer_backward:0.8692741394042969
INFO:trainer_layer_backward:0.9224414825439453
INFO:trainer_layer_backward:1.0790824890136719
INFO:trainer_layer_backward:0.9875297546386719
INFO:trainer_layer_backward:0.8261203765869141
INFO:trainer_layer_backward:0.9353160858154297
INFO:trainer_layer_backward:0.8459091186523438
INFO:trainer_layer_backward:0.9961128234863281
INFO:trainer_layer_backward:1.3451576232910156
INFO:trainer_layer_backward:1.3375282287597656
INFO:trainer_layer_backward:1.2347698211669922
INFO:trainer_layer_backward:1.4064311981201172
INFO:trainer_layer_backward:1.2238025665283203
INFO:trainer_layer_backward:1.249551773071289
INFO:trainer_layer_backward:1.4896392822265625
INFO:trainer_layer_backward:1.77001953125
INFO:trainer_layer_backward:0.9176731109619141
INFO:trainer_layer_backward:0.8707046508789062
INFO:trainer_layer_backward:1.0917186737060547
INFO:trainer_layer_backward:0.8869171142578125
INFO:trainer_layer_backward:1.0294914245605469
INFO:trainer_layer_backward:1.1096000671386719
INFO:trainer_layer_backward:0.9810924530029297
INFO:trainer_layer_backward:1.0495185852050781
INFO:trainer_layer_backward:1.2960433959960938
INFO:trainer_layer_backward:1.6679763793945312
INFO:trainer_layer_backward:1.1298656463623047
INFO:trainer_layer_backward:1.3651847839355469
INFO:trainer_layer_backward:1.0464191436767578
INFO:trainer_layer_backward:0.9922981262207031
INFO:trainer_layer_backward:0.9131431579589844
INFO:trainer_layer_backward:1.125335693359375
INFO:trainer_layer_backward:0.9992122650146484
INFO:trainer_layer_backward:1.0311603546142578
INFO:trainer_layer_backward:0.904083251953125
INFO:trainer_layer_backward:1.0826587677001953
INFO:trainer_layer_backward:1.1148452758789062
INFO:trainer_layer_backward:1.2297630310058594
INFO:trainer_layer_backward:1.081228256225586
INFO:trainer_layer_backward:1.4357566833496094
INFO:trainer_layer_backward:1.8761157989501953
INFO:trainer_layer_backward:1.172780990600586
INFO:trainer_layer_backward:0.9407997131347656
INFO:trainer_layer_backward:1.1861324310302734
INFO:trainer_layer_backward:1.1487007141113281
INFO:trainer_layer_backward:1.2400150299072266
INFO:trainer_layer_backward:1.0933876037597656
INFO:trainer_layer_backward:1.2950897216796875
INFO:trainer_layer_backward:1.2059211730957031
INFO:trainer_layer_backward:1.0170936584472656
INFO:trainer_layer_backward:0.9140968322753906
INFO:trainer_layer_backward:0.8945465087890625
INFO:trainer_layer_backward:1.6827583312988281
INFO:trainer_layer_backward:1.1334419250488281
INFO:trainer_layer_backward:1.1763572692871094
INFO:trainer_layer_backward:1.447916030883789
INFO:trainer_layer_backward:1.3363361358642578
INFO:trainer_layer_backward:1.2781620025634766
INFO:trainer_layer_backward:1.119375228881836
INFO:trainer_layer_backward:0.896453857421875
INFO:trainer_layer_backward:1.0123252868652344
INFO:trainer_layer_backward:1.1494159698486328
INFO:trainer_layer_backward:0.9801387786865234
INFO:trainer_layer_backward:1.4238357543945312
INFO:trainer_layer_backward:1.0974407196044922
INFO:trainer_layer_backward:1.209259033203125
INFO:trainer_layer_backward:1.1966228485107422
INFO:trainer_layer_backward:1.0864734649658203
INFO:trainer_layer_backward:1.0440349578857422
INFO:trainer_layer_backward:1.1060237884521484
INFO:trainer_layer_backward:1.5091896057128906
INFO:trainer_layer_backward:1.2493133544921875
INFO:trainer_layer_backward:1.28936767578125
INFO:trainer_layer_backward:1.3470649719238281
INFO:trainer_layer_backward:1.0499954223632812
INFO:trainer_layer_backward:0.9658336639404297
INFO:trainer_layer_backward:0.9095668792724609
INFO:trainer_layer_backward:1.0075569152832031
INFO:trainer_layer_backward:0.9303092956542969
INFO:trainer_layer_backward:1.0638236999511719
INFO:trainer_layer_backward:0.980377197265625
INFO:trainer_layer_backward:1.3222694396972656
INFO:trainer_layer_backward:1.3039112091064453
INFO:trainer_layer_backward:1.1632442474365234
INFO:trainer_layer_backward:1.0983943939208984
INFO:trainer_layer_backward:1.0790824890136719
INFO:trainer_layer_backward:1.1124610900878906
INFO:trainer_layer_backward:1.300811767578125
INFO:trainer_layer_backward:1.523733139038086
INFO:trainer_layer_backward:1.1439323425292969
INFO:trainer_layer_backward:1.2574195861816406
INFO:trainer_layer_backward:1.1403560638427734
INFO:trainer_layer_backward:1.0333061218261719
INFO:trainer_layer_backward:0.9965896606445312
INFO:trainer_layer_backward:1.2104511260986328
INFO:trainer_layer_backward:1.2431144714355469
INFO:trainer_layer_backward:1.4085769653320312
INFO:trainer_layer_backward:1.461029052734375
INFO:trainer_layer_backward:1.4004707336425781
INFO:trainer_layer_backward:1.0616779327392578
INFO:trainer_layer_backward:1.0573863983154297
INFO:trainer_layer_backward:0.8928775787353516
INFO:trainer_layer_backward:1.096487045288086
INFO:trainer_layer_backward:1.2028217315673828
INFO:trainer_layer_backward:1.165151596069336
INFO:trainer_layer_backward:1.0378360748291016
INFO:trainer_layer_backward:1.0769367218017578
INFO:trainer_layer_backward:0.8556842803955078
INFO:trainer_layer_backward:1.2302398681640625
INFO:trainer_layer_backward:1.111745834350586
INFO:trainer_layer_backward:1.2328624725341797
INFO:trainer_layer_backward:1.058340072631836
INFO:trainer_layer_backward:1.1897087097167969
INFO:trainer_layer_backward:0.9636878967285156
INFO:trainer_layer_backward:1.1947154998779297
INFO:trainer_layer_backward:1.6138553619384766
INFO:trainer_layer_backward:1.2946128845214844
INFO:trainer_layer_backward:1.2860298156738281
INFO:trainer_layer_backward:1.039743423461914
INFO:trainer_layer_backward:1.35040283203125
INFO:trainer_layer_backward:1.3170242309570312
INFO:trainer_layer_backward:1.2850761413574219
INFO:trainer_layer_backward:1.3484954833984375
INFO:trainer_layer_backward:0.9524822235107422
INFO:trainer_layer_backward:0.8015632629394531
INFO:trainer_layer_backward:1.0771751403808594
INFO:trainer_layer_backward:1.7278194427490234
INFO:trainer_layer_backward:1.1751651763916016
INFO:trainer_layer_backward:1.0385513305664062
INFO:trainer_layer_backward:0.9882450103759766
INFO:trainer_layer_backward:1.3117790222167969
INFO:trainer_layer_backward:1.390695571899414
INFO:trainer_layer_backward:1.2853145599365234
INFO:trainer_layer_backward:0.8685588836669922
INFO:trainer_layer_backward:0.9300708770751953
INFO:trainer_layer_backward:1.4526844024658203
INFO:trainer_layer_backward:1.0135173797607422
INFO:trainer_layer_backward:1.6760826110839844
INFO:trainer_layer_backward:1.3933181762695312
INFO:trainer_layer_backward:1.0848045349121094
INFO:trainer_layer_backward:1.270294189453125
INFO:trainer_layer_backward:1.6148090362548828
INFO:trainer_layer_backward:1.605987548828125
INFO:trainer_layer_backward:1.1658668518066406
INFO:trainer_layer_backward:1.28173828125
INFO:trainer_layer_backward:1.2195110321044922
INFO:trainer_layer_backward:1.4562606811523438
INFO:trainer_layer_backward:1.5676021575927734
INFO:trainer_layer_backward:1.489400863647461
INFO:trainer_layer_backward:1.0492801666259766
INFO:trainer_layer_backward:1.4019012451171875
INFO:trainer_layer_backward:1.2216567993164062
INFO:trainer_layer_backward:1.3403892517089844
INFO:trainer_layer_backward:0.904083251953125
INFO:trainer_layer_backward:0.713348388671875
INFO:trainer_layer_backward:1.2884140014648438
INFO:trainer_layer_backward:1.2845993041992188
INFO:trainer_layer_backward:1.4858245849609375
INFO:trainer_layer_backward:1.2078285217285156
INFO:trainer_layer_backward:0.8578300476074219
INFO:trainer_layer_backward:0.7953643798828125
INFO:trainer_layer_backward:1.1954307556152344
INFO:trainer_layer_backward:1.3666152954101562
INFO:trainer_layer_backward:1.2025833129882812
INFO:trainer_layer_backward:0.9074211120605469
INFO:trainer_layer_backward:0.9262561798095703
INFO:trainer_layer_backward:0.8795261383056641
INFO:trainer_layer_backward:1.2140274047851562
INFO:trainer_layer_backward:1.451730728149414
INFO:trainer_layer_backward:1.1096000671386719
INFO:trainer_layer_backward:1.1341571807861328
INFO:trainer_layer_backward:0.9491443634033203
INFO:trainer_layer_backward:1.1780261993408203
INFO:trainer_layer_backward:1.3279914855957031
INFO:trainer_layer_backward:1.4476776123046875
INFO:trainer_layer_backward:1.3582706451416016
INFO:trainer_layer_backward:1.1017322540283203
INFO:trainer_layer_backward:1.0752677917480469
INFO:trainer_layer_backward:1.6100406646728516
INFO:trainer_layer_backward:1.0454654693603516
INFO:trainer_layer_backward:1.5265941619873047
INFO:trainer_layer_backward:1.241922378540039
INFO:trainer_layer_backward:1.3470649719238281
INFO:trainer_layer_backward:1.123666763305664
INFO:trainer_layer_backward:1.7583370208740234
INFO:trainer_layer_backward:1.0921955108642578
INFO:trainer_layer_backward:1.0602474212646484
INFO:trainer_layer_backward:1.0802745819091797
INFO:trainer_layer_backward:1.331329345703125
INFO:trainer_layer_backward:1.6095638275146484
INFO:trainer_layer_backward:1.2421607971191406
INFO:trainer_layer_backward:1.0876655578613281
INFO:trainer_layer_backward:1.348733901977539
INFO:trainer_layer_backward:1.2607574462890625
INFO:trainer_layer_backward:1.4495849609375
INFO:trainer_layer_backward:1.4104843139648438
INFO:trainer_layer_backward:1.3821125030517578
INFO:trainer_layer_backward:1.294851303100586
INFO:trainer_layer_backward:1.3158321380615234
INFO:trainer_layer_backward:1.1987686157226562
INFO:trainer_layer_backward:1.0044574737548828
INFO:trainer_layer_backward:0.8389949798583984
INFO:trainer_layer_backward:0.9217262268066406
INFO:trainer_layer_backward:1.1756420135498047
INFO:trainer_layer_backward:1.1589527130126953
INFO:trainer_layer_backward:1.1687278747558594
INFO:trainer_layer_backward:1.0502338409423828
INFO:trainer_layer_backward:0.9706020355224609
INFO:trainer_layer_backward:1.1608600616455078
INFO:trainer_layer_backward:1.1587142944335938
INFO:trainer_layer_backward:1.3325214385986328
INFO:trainer_layer_backward:1.1069774627685547
INFO:trainer_layer_backward:1.0211467742919922
INFO:trainer_layer_backward:1.2478828430175781
INFO:trainer_layer_backward:1.4727115631103516
INFO:trainer_layer_backward:0.9684562683105469
INFO:trainer_layer_backward:1.088857650756836
INFO:trainer_layer_backward:1.2912750244140625
INFO:trainer_layer_backward:0.9317398071289062
INFO:trainer_layer_backward:0.8401870727539062
INFO:trainer_layer_backward:1.0809898376464844
INFO:trainer_layer_backward:1.4231204986572266
INFO:trainer_layer_backward:1.1200904846191406
INFO:trainer_layer_backward:1.0190010070800781
INFO:trainer_layer_backward:1.1031627655029297
INFO:trainer_layer_backward:1.0647773742675781
INFO:trainer_layer_backward:0.9865760803222656
INFO:trainer_layer_backward:0.850677490234375
INFO:trainer_layer_backward:1.4367103576660156
INFO:trainer_layer_backward:1.5842914581298828
INFO:trainer_layer_backward:1.268148422241211
INFO:trainer_layer_backward:0.9007453918457031
INFO:trainer_layer_backward:1.2135505676269531
INFO:trainer_layer_backward:0.8602142333984375
INFO:trainer_layer_backward:0.9849071502685547
INFO:trainer_layer_backward:0.9443759918212891
INFO:trainer_layer_backward:1.2845993041992188
INFO:trainer_layer_backward:1.039266586303711
INFO:trainer_layer_backward:0.9145736694335938
INFO:trainer_layer_backward:0.9741783142089844
INFO:trainer_layer_backward:1.2285709381103516
INFO:trainer_layer_backward:1.293182373046875
INFO:trainer_layer_backward:1.1212825775146484
INFO:trainer_layer_backward:1.977682113647461
INFO:trainer_layer_backward:1.1436939239501953
INFO:trainer_layer_backward:0.8947849273681641
INFO:trainer_layer_backward:1.0340213775634766
INFO:trainer_layer_backward:0.9710788726806641
INFO:trainer_layer_backward:0.9114742279052734
INFO:trainer_layer_backward:0.957489013671875
INFO:trainer_layer_backward:0.9474754333496094
INFO:trainer_layer_backward:1.0139942169189453
INFO:trainer_layer_backward:1.1935234069824219
INFO:trainer_layer_backward:0.8089542388916016
INFO:trainer_layer_backward:0.7774829864501953
INFO:trainer_layer_backward:0.9484291076660156
INFO:trainer_layer_backward:1.6062259674072266
INFO:trainer_layer_backward:1.2447834014892578
INFO:trainer_layer_backward:0.8056163787841797
INFO:trainer_layer_backward:1.0120868682861328
INFO:trainer_layer_backward:1.2972354888916016
INFO:trainer_layer_backward:1.2867450714111328
INFO:trainer_layer_backward:1.7418861389160156
INFO:trainer_layer_backward:1.2874603271484375
INFO:trainer_layer_backward:1.3210773468017578
INFO:trainer_layer_backward:1.3818740844726562
INFO:trainer_layer_backward:1.4634132385253906
INFO:trainer_layer_backward:0.9503364562988281
INFO:trainer_layer_backward:0.701904296875
INFO:trainer_layer_backward:0.7975101470947266
INFO:trainer_layer_backward:1.1229515075683594
INFO:trainer_layer_backward:1.3022422790527344
INFO:trainer_layer_backward:1.4235973358154297
INFO:trainer_layer_backward:1.5230178833007812
INFO:trainer_layer_backward:1.4081001281738281
INFO:trainer_layer_backward:1.9156932830810547
INFO:trainer_layer_backward:1.2886524200439453
INFO:trainer_layer_backward:1.1589527130126953
INFO:trainer_layer_backward:1.5227794647216797
INFO:trainer_layer_backward:2.513885498046875
INFO:trainer_layer_backward:1.0159015655517578
INFO:trainer_layer_backward:0.7336139678955078
INFO:trainer_layer_backward:0.7293224334716797
INFO:trainer_layer_backward:0.8969306945800781
INFO:trainer_layer_backward:1.3935565948486328
INFO:trainer_layer_backward:2.3086071014404297
INFO:trainer_layer_backward:1.5480518341064453
INFO:trainer_layer_backward:1.5218257904052734
INFO:trainer_layer_backward:1.1761188507080078
INFO:trainer_layer_backward:1.0652542114257812
INFO:trainer_layer_backward:1.2247562408447266
INFO:trainer_layer_backward:1.1696815490722656
INFO:trainer_layer_backward:1.1143684387207031
INFO:trainer_layer_backward:1.0967254638671875
INFO:trainer_layer_backward:1.1267662048339844
INFO:trainer_layer_backward:1.0600090026855469
INFO:trainer_layer_backward:1.1343955993652344
INFO:trainer_layer_backward:0.9121894836425781
INFO:trainer_layer_backward:1.123666763305664
INFO:trainer_layer_backward:1.1434555053710938
INFO:trainer_layer_backward:1.0149478912353516
INFO:trainer_layer_backward:1.283407211303711
INFO:trainer_layer_backward:1.1515617370605469
INFO:trainer_layer_backward:0.9481906890869141
INFO:trainer_layer_backward:1.1997222900390625
INFO:trainer_layer_backward:1.4693737030029297
INFO:trainer_layer_backward:1.38092041015625
INFO:trainer_layer_backward:1.2426376342773438
INFO:trainer_layer_backward:1.435995101928711
INFO:trainer_layer_backward:0.8709430694580078
INFO:trainer_layer_backward:1.0411739349365234
INFO:trainer_layer_backward:1.3227462768554688
INFO:trainer_layer_backward:1.9724369049072266
INFO:trainer_layer_backward:1.2776851654052734
INFO:trainer_layer_backward:1.0387897491455078
INFO:trainer_layer_backward:0.9839534759521484
INFO:trainer_layer_backward:1.7058849334716797
INFO:trainer_layer_backward:1.2850761413574219
INFO:trainer_layer_backward:1.1398792266845703
INFO:trainer_layer_backward:0.9779930114746094
INFO:trainer_layer_backward:1.2242794036865234
INFO:trainer_layer_backward:2.0046234130859375
INFO:trainer_layer_backward:1.4121532440185547
INFO:trainer_layer_backward:1.1332035064697266
INFO:trainer_layer_backward:1.3358592987060547
INFO:trainer_layer_backward:1.1487007141113281
INFO:trainer_layer_backward:1.1150836944580078
INFO:trainer_layer_backward:1.2240409851074219
INFO:trainer_layer_backward:0.9849071502685547
INFO:trainer_layer_backward:0.9343624114990234
INFO:trainer_layer_backward:1.3108253479003906
INFO:trainer_layer_backward:1.201629638671875
INFO:trainer_layer_backward:1.2989044189453125
INFO:trainer_layer_backward:0.9741783142089844
INFO:trainer_layer_backward:1.0819435119628906
INFO:trainer_layer_backward:0.8709430694580078
INFO:trainer_layer_backward:1.1467933654785156
INFO:trainer_layer_backward:1.3000965118408203
INFO:trainer_layer_backward:1.466512680053711
INFO:trainer_layer_backward:1.27410888671875
INFO:trainer_layer_backward:0.8883476257324219
INFO:trainer_layer_backward:1.287221908569336
INFO:trainer_layer_backward:1.5358924865722656
INFO:trainer_layer_backward:1.2242794036865234
INFO:trainer_layer_backward:1.0533332824707031
INFO:trainer_layer_backward:1.4293193817138672
INFO:trainer_layer_backward:1.2221336364746094
INFO:trainer_layer_backward:0.9615421295166016
INFO:trainer_layer_backward:1.0259151458740234
INFO:trainer_layer_backward:0.946044921875
INFO:trainer_layer_backward:0.8981227874755859
INFO:trainer_layer_backward:0.9295940399169922
INFO:trainer_layer_backward:1.1210441589355469
INFO:trainer_layer_backward:1.2440681457519531
INFO:trainer_layer_backward:1.552581787109375
INFO:trainer_layer_backward:1.8801689147949219
INFO:trainer_layer_backward:0.9829998016357422
INFO:trainer_layer_backward:1.1115074157714844
INFO:trainer_layer_backward:1.0700225830078125
INFO:trainer_layer_backward:0.9834766387939453
INFO:trainer_layer_backward:1.0662078857421875
INFO:trainer_layer_backward:1.0786056518554688
INFO:trainer_layer_backward:1.0428428649902344
INFO:trainer_layer_backward:1.016855239868164
INFO:trainer_layer_backward:1.3310909271240234
INFO:trainer_layer_backward:1.3103485107421875
INFO:trainer_layer_backward:1.3871192932128906
INFO:trainer_layer_backward:1.1959075927734375
INFO:trainer_layer_backward:1.1222362518310547
INFO:trainer_layer_backward:1.3322830200195312
INFO:trainer_layer_backward:1.5108585357666016
INFO:trainer_layer_backward:1.0488033294677734
INFO:trainer_layer_backward:1.1131763458251953
INFO:trainer_layer_backward:1.1641979217529297
INFO:trainer_layer_backward:1.4941692352294922
INFO:trainer_layer_backward:1.314401626586914
INFO:trainer_layer_backward:0.9729862213134766
INFO:trainer_layer_backward:1.422882080078125
INFO:trainer_layer_backward:1.2655258178710938
INFO:trainer_layer_backward:1.4910697937011719
INFO:trainer_layer_backward:1.3308525085449219
INFO:trainer_layer_backward:0.946044921875
INFO:trainer_layer_backward:1.0612010955810547
INFO:trainer_layer_backward:0.8463859558105469
INFO:trainer_layer_backward:1.2302398681640625
INFO:trainer_layer_backward:1.2710094451904297
INFO:trainer_layer_backward:1.001596450805664
INFO:trainer_layer_backward:1.123666763305664
INFO:trainer_layer_backward:1.3270378112792969
INFO:trainer_layer_backward:1.1358261108398438
INFO:trainer_layer_backward:1.310586929321289
INFO:trainer_layer_backward:1.2814998626708984
INFO:trainer_layer_backward:1.111745834350586
INFO:trainer_layer_backward:1.2366771697998047
INFO:trainer_layer_backward:1.1985301971435547
INFO:trainer_layer_backward:1.293182373046875
INFO:trainer_layer_backward:1.1143684387207031
INFO:trainer_layer_backward:0.9407997131347656
INFO:trainer_layer_backward:0.8859634399414062
INFO:trainer_layer_backward:0.9005069732666016
INFO:trainer_layer_backward:1.1911392211914062
INFO:trainer_layer_backward:1.0449886322021484
INFO:trainer_layer_backward:1.5444755554199219
INFO:trainer_layer_backward:1.1534690856933594
INFO:trainer_layer_backward:1.2238025665283203
INFO:trainer_layer_backward:1.219034194946289
INFO:trainer_layer_backward:1.1608600616455078
INFO:trainer_layer_backward:1.3751983642578125
INFO:trainer_layer_backward:1.028299331665039
INFO:trainer_layer_backward:1.1000633239746094
INFO:trainer_layer_backward:0.8661746978759766
INFO:trainer_layer_backward:1.1150836944580078
INFO:trainer_layer_backward:1.2493133544921875
INFO:trainer_layer_backward:1.1196136474609375
INFO:trainer_layer_backward:0.9567737579345703
INFO:trainer_layer_backward:0.8699893951416016
INFO:trainer_layer_backward:1.3158321380615234
INFO:trainer_layer_backward:1.4605522155761719
INFO:trainer_layer_backward:1.5156269073486328
INFO:trainer_layer_backward:1.1322498321533203
INFO:trainer_layer_backward:0.9145736694335938
INFO:trainer_layer_backward:1.2559890747070312
INFO:trainer_layer_backward:0.9825229644775391
INFO:trainer_layer_backward:1.0571479797363281
INFO:trainer_layer_backward:1.1432170867919922
INFO:trainer_layer_backward:1.0294914245605469
INFO:trainer_layer_backward:0.8625984191894531
INFO:trainer_layer_backward:1.1203289031982422
INFO:trainer_layer_backward:1.0380744934082031
INFO:trainer_layer_backward:1.646280288696289
INFO:trainer_layer_backward:1.0542869567871094
INFO:trainer_layer_backward:0.8380413055419922
INFO:trainer_layer_backward:0.7271766662597656
INFO:trainer_layer_backward:0.9324550628662109
INFO:trainer_layer_backward:0.7476806640625
INFO:trainer_layer_backward:0.9157657623291016
INFO:trainer_layer_backward:0.9300708770751953
INFO:trainer_layer_backward:1.0075569152832031
INFO:trainer_layer_backward:1.298666000366211
INFO:trainer_layer_backward:1.1038780212402344
INFO:trainer_layer_backward:1.012563705444336
INFO:trainer_layer_backward:0.9081363677978516
INFO:trainer_layer_backward:0.9844303131103516
INFO:trainer_layer_backward:0.8044242858886719
INFO:trainer_layer_backward:1.2252330780029297
INFO:trainer_layer_backward:1.161336898803711
INFO:trainer_layer_backward:0.835418701171875
INFO:trainer_layer_backward:1.0373592376708984
INFO:trainer_layer_backward:1.3430118560791016
INFO:trainer_layer_backward:0.9589195251464844
INFO:trainer_layer_backward:0.9572505950927734
INFO:trainer_layer_backward:0.9732246398925781
INFO:trainer_layer_backward:1.1625289916992188
INFO:trainer_layer_backward:1.0349750518798828
INFO:trainer_layer_backward:1.108407974243164
INFO:trainer_layer_backward:0.8957386016845703
INFO:trainer_layer_backward:0.8368492126464844
INFO:trainer_layer_backward:0.8912086486816406
INFO:trainer_layer_backward:1.3475418090820312
INFO:trainer_layer_backward:1.7223358154296875
INFO:trainer_layer_backward:1.600503921508789
INFO:trainer_layer_backward:1.2257099151611328
INFO:trainer_layer_backward:1.260995864868164
INFO:trainer_layer_backward:1.1162757873535156
INFO:trainer_layer_backward:1.0094642639160156
INFO:trainer_layer_backward:1.2333393096923828
INFO:trainer_layer_backward:1.4650821685791016
INFO:trainer_layer_backward:1.2309551239013672
INFO:trainer_layer_backward:1.3930797576904297
INFO:trainer_layer_backward:1.3942718505859375
INFO:trainer_layer_backward:1.0347366333007812
INFO:trainer_layer_backward:1.0869503021240234
INFO:trainer_layer_backward:1.4772415161132812
INFO:trainer_layer_backward:1.4224052429199219
INFO:trainer_layer_backward:1.2788772583007812
INFO:trainer_layer_backward:1.1138916015625
INFO:trainer_layer_backward:0.9219646453857422
INFO:trainer_layer_backward:0.9319782257080078
INFO:trainer_layer_backward:1.0790824890136719
INFO:trainer_layer_backward:1.6224384307861328
INFO:trainer_layer_backward:1.4450550079345703
INFO:trainer_layer_backward:1.2645721435546875
INFO:trainer_layer_backward:0.9548664093017578
INFO:trainer_layer_backward:1.2483596801757812
INFO:trainer_layer_backward:0.9992122650146484
INFO:trainer_layer_backward:0.9508132934570312
INFO:trainer_layer_backward:1.1703968048095703
INFO:trainer_layer_backward:1.1954307556152344
INFO:trainer_layer_backward:1.0898113250732422
INFO:trainer_layer_backward:1.5857219696044922
INFO:trainer_layer_backward:1.2600421905517578
INFO:trainer_layer_backward:1.0251998901367188
INFO:trainer_layer_backward:1.0271072387695312
INFO:trainer_layer_backward:1.241445541381836
INFO:trainer_layer_backward:1.207113265991211
INFO:trainer_layer_backward:0.9989738464355469
INFO:trainer_layer_backward:0.8525848388671875
INFO:trainer_layer_backward:0.99945068359375
INFO:trainer_layer_backward:0.6873607635498047
INFO:trainer_layer_backward:0.7932186126708984
INFO:trainer_layer_backward:0.9388923645019531
INFO:trainer_layer_backward:1.071929931640625
INFO:trainer_layer_backward:0.873565673828125
INFO:trainer_layer_backward:0.8137226104736328
INFO:trainer_layer_backward:1.0955333709716797
INFO:trainer_layer_backward:1.0230541229248047
INFO:trainer_layer_backward:1.2362003326416016
INFO:trainer_layer_backward:1.1799335479736328
INFO:trainer_layer_backward:1.0454654693603516
INFO:trainer_layer_backward:0.9033679962158203
INFO:trainer_layer_backward:0.7545948028564453
INFO:trainer_layer_backward:1.1310577392578125
INFO:trainer_layer_backward:1.0552406311035156
INFO:trainer_layer_backward:1.0097026824951172
INFO:trainer_layer_backward:0.8635520935058594
INFO:trainer_layer_backward:0.9009838104248047
INFO:trainer_layer_backward:1.0693073272705078
