INFO:trainer_layer_backward:CNNEx | mnist
INFO:trainer_layer_backward:in_size : 32 | epochs : 1 | batch : 1
INFO:trainer_layer_backward:kernel_l1 : 17 | 
INFO:trainer_layer_backward:o_channels_l1 : 20 | 
INFO:trainer_layer_backward::::::::::::::::::::::::::::::::::::::::::::::::::::::::::::
INFO:trainer_layer_backward:message : cnn_conv3 
INFO:trainer_layer_backward::::::::::::::::::::::::::::::::::::::::::::::::::::::::::::
INFO:trainer_layer_backward:Ave_Time : 1.0575882112136994
INFO:trainer_layer_backward::::::::::::::::::::::::::::::::::::::::::::::::::::::::::::
INFO:trainer_layer_backward:1.013040542602539
INFO:trainer_layer_backward:1.155853271484375
INFO:trainer_layer_backward:1.0700225830078125
INFO:trainer_layer_backward:1.0781288146972656
INFO:trainer_layer_backward:1.0483264923095703
INFO:trainer_layer_backward:0.9169578552246094
INFO:trainer_layer_backward:0.8566379547119141
INFO:trainer_layer_backward:1.6257762908935547
INFO:trainer_layer_backward:1.3473033905029297
INFO:trainer_layer_backward:0.9725093841552734
INFO:trainer_layer_backward:1.4269351959228516
INFO:trainer_layer_backward:1.2073516845703125
INFO:trainer_layer_backward:1.6007423400878906
INFO:trainer_layer_backward:1.1053085327148438
INFO:trainer_layer_backward:1.1525154113769531
INFO:trainer_layer_backward:1.2619495391845703
INFO:trainer_layer_backward:1.0900497436523438
INFO:trainer_layer_backward:1.1425018310546875
INFO:trainer_layer_backward:0.9284019470214844
INFO:trainer_layer_backward:1.2004375457763672
INFO:trainer_layer_backward:0.8778572082519531
INFO:trainer_layer_backward:1.0461807250976562
INFO:trainer_layer_backward:1.0068416595458984
INFO:trainer_layer_backward:1.0480880737304688
INFO:trainer_layer_backward:1.03759765625
INFO:trainer_layer_backward:1.0495185852050781
INFO:trainer_layer_backward:0.9949207305908203
INFO:trainer_layer_backward:2.2306442260742188
INFO:trainer_layer_backward:1.4634132385253906
INFO:trainer_layer_backward:0.9000301361083984
INFO:trainer_layer_backward:1.6012191772460938
INFO:trainer_layer_backward:1.1653900146484375
INFO:trainer_layer_backward:1.1172294616699219
INFO:trainer_layer_backward:1.2521743774414062
INFO:trainer_layer_backward:1.3086795806884766
INFO:trainer_layer_backward:1.9848346710205078
INFO:trainer_layer_backward:1.0726451873779297
INFO:trainer_layer_backward:0.7939338684082031
INFO:trainer_layer_backward:0.7576942443847656
INFO:trainer_layer_backward:0.8394718170166016
INFO:trainer_layer_backward:1.0709762573242188
INFO:trainer_layer_backward:1.199483871459961
INFO:trainer_layer_backward:0.9210109710693359
INFO:trainer_layer_backward:1.5354156494140625
INFO:trainer_layer_backward:1.262664794921875
INFO:trainer_layer_backward:1.077413558959961
INFO:trainer_layer_backward:1.09100341796875
INFO:trainer_layer_backward:0.89263916015625
INFO:trainer_layer_backward:0.9102821350097656
INFO:trainer_layer_backward:0.8699893951416016
INFO:trainer_layer_backward:0.9717941284179688
INFO:trainer_layer_backward:0.8993148803710938
INFO:trainer_layer_backward:0.7717609405517578
INFO:trainer_layer_backward:0.8270740509033203
INFO:trainer_layer_backward:0.7655620574951172
INFO:trainer_layer_backward:1.1105537414550781
INFO:trainer_layer_backward:0.7588863372802734
INFO:trainer_layer_backward:1.0204315185546875
INFO:trainer_layer_backward:1.0151863098144531
INFO:trainer_layer_backward:0.8046627044677734
INFO:trainer_layer_backward:0.7522106170654297
INFO:trainer_layer_backward:0.7889270782470703
INFO:trainer_layer_backward:0.7994174957275391
INFO:trainer_layer_backward:0.7202625274658203
INFO:trainer_layer_backward:0.9999275207519531
INFO:trainer_layer_backward:1.0273456573486328
INFO:trainer_layer_backward:0.7109642028808594
INFO:trainer_layer_backward:0.8759498596191406
INFO:trainer_layer_backward:1.1909008026123047
INFO:trainer_layer_backward:0.7357597351074219
INFO:trainer_layer_backward:1.386404037475586
INFO:trainer_layer_backward:0.96893310546875
INFO:trainer_layer_backward:1.4503002166748047
INFO:trainer_layer_backward:0.9920597076416016
INFO:trainer_layer_backward:1.375436782836914
INFO:trainer_layer_backward:1.2180805206298828
INFO:trainer_layer_backward:0.9901523590087891
INFO:trainer_layer_backward:1.062631607055664
INFO:trainer_layer_backward:0.9396076202392578
INFO:trainer_layer_backward:1.2729167938232422
INFO:trainer_layer_backward:1.012563705444336
INFO:trainer_layer_backward:0.9946823120117188
INFO:trainer_layer_backward:0.9217262268066406
INFO:trainer_layer_backward:0.9596347808837891
INFO:trainer_layer_backward:1.5304088592529297
INFO:trainer_layer_backward:1.2958049774169922
INFO:trainer_layer_backward:1.0232925415039062
INFO:trainer_layer_backward:0.7295608520507812
INFO:trainer_layer_backward:0.9882450103759766
INFO:trainer_layer_backward:0.7946491241455078
INFO:trainer_layer_backward:0.8206367492675781
INFO:trainer_layer_backward:0.8141994476318359
INFO:trainer_layer_backward:1.0447502136230469
INFO:trainer_layer_backward:0.7002353668212891
INFO:trainer_layer_backward:0.6914138793945312
INFO:trainer_layer_backward:1.0139942169189453
INFO:trainer_layer_backward:1.0128021240234375
INFO:trainer_layer_backward:0.9434223175048828
INFO:trainer_layer_backward:0.9775161743164062
INFO:trainer_layer_backward:1.0590553283691406
INFO:trainer_layer_backward:0.9109973907470703
INFO:trainer_layer_backward:0.8783340454101562
INFO:trainer_layer_backward:1.1823177337646484
INFO:trainer_layer_backward:0.9534358978271484
INFO:trainer_layer_backward:1.5366077423095703
INFO:trainer_layer_backward:0.9717941284179688
INFO:trainer_layer_backward:0.9303092956542969
INFO:trainer_layer_backward:0.8854866027832031
INFO:trainer_layer_backward:0.8916854858398438
INFO:trainer_layer_backward:1.13677978515625
INFO:trainer_layer_backward:0.7658004760742188
INFO:trainer_layer_backward:1.0514259338378906
INFO:trainer_layer_backward:0.8475780487060547
INFO:trainer_layer_backward:1.1038780212402344
INFO:trainer_layer_backward:1.1866092681884766
INFO:trainer_layer_backward:0.8461475372314453
INFO:trainer_layer_backward:0.7987022399902344
INFO:trainer_layer_backward:1.0459423065185547
INFO:trainer_layer_backward:0.7727146148681641
INFO:trainer_layer_backward:0.7190704345703125
INFO:trainer_layer_backward:0.8111000061035156
INFO:trainer_layer_backward:1.1377334594726562
INFO:trainer_layer_backward:1.4333724975585938
INFO:trainer_layer_backward:1.0826587677001953
INFO:trainer_layer_backward:1.0249614715576172
INFO:trainer_layer_backward:1.1103153228759766
INFO:trainer_layer_backward:0.7579326629638672
INFO:trainer_layer_backward:1.9202232360839844
INFO:trainer_layer_backward:1.2195110321044922
INFO:trainer_layer_backward:1.302480697631836
INFO:trainer_layer_backward:1.0476112365722656
INFO:trainer_layer_backward:1.0447502136230469
INFO:trainer_layer_backward:0.8924007415771484
INFO:trainer_layer_backward:0.8194446563720703
INFO:trainer_layer_backward:1.6779899597167969
INFO:trainer_layer_backward:1.399993896484375
INFO:trainer_layer_backward:1.697540283203125
INFO:trainer_layer_backward:1.1684894561767578
INFO:trainer_layer_backward:0.8251667022705078
INFO:trainer_layer_backward:0.9226799011230469
INFO:trainer_layer_backward:1.161813735961914
INFO:trainer_layer_backward:1.3172626495361328
INFO:trainer_layer_backward:1.3039112091064453
INFO:trainer_layer_backward:0.8399486541748047
INFO:trainer_layer_backward:0.7147789001464844
INFO:trainer_layer_backward:0.9143352508544922
INFO:trainer_layer_backward:1.1758804321289062
INFO:trainer_layer_backward:1.3747215270996094
INFO:trainer_layer_backward:1.1348724365234375
INFO:trainer_layer_backward:1.0495185852050781
INFO:trainer_layer_backward:0.8542537689208984
INFO:trainer_layer_backward:0.8788108825683594
INFO:trainer_layer_backward:0.9791851043701172
INFO:trainer_layer_backward:0.89263916015625
INFO:trainer_layer_backward:1.3935565948486328
INFO:trainer_layer_backward:1.3911724090576172
INFO:trainer_layer_backward:1.1951923370361328
INFO:trainer_layer_backward:1.0025501251220703
INFO:trainer_layer_backward:1.1818408966064453
INFO:trainer_layer_backward:1.2319087982177734
INFO:trainer_layer_backward:1.4951229095458984
INFO:trainer_layer_backward:0.9970664978027344
INFO:trainer_layer_backward:0.9784698486328125
INFO:trainer_layer_backward:1.1341571807861328
INFO:trainer_layer_backward:1.1324882507324219
INFO:trainer_layer_backward:1.4677047729492188
INFO:trainer_layer_backward:1.1429786682128906
INFO:trainer_layer_backward:0.8523464202880859
INFO:trainer_layer_backward:1.01470947265625
INFO:trainer_layer_backward:1.06048583984375
INFO:trainer_layer_backward:0.9322166442871094
INFO:trainer_layer_backward:0.9324550628662109
INFO:trainer_layer_backward:0.8544921875
INFO:trainer_layer_backward:0.8001327514648438
INFO:trainer_layer_backward:0.9679794311523438
INFO:trainer_layer_backward:0.9386539459228516
INFO:trainer_layer_backward:1.1677742004394531
INFO:trainer_layer_backward:1.0917186737060547
INFO:trainer_layer_backward:1.0590553283691406
INFO:trainer_layer_backward:0.8842945098876953
INFO:trainer_layer_backward:1.386880874633789
INFO:trainer_layer_backward:1.1303424835205078
INFO:trainer_layer_backward:1.3074874877929688
INFO:trainer_layer_backward:1.2676715850830078
INFO:trainer_layer_backward:1.287221908569336
INFO:trainer_layer_backward:0.9024143218994141
INFO:trainer_layer_backward:0.8573532104492188
INFO:trainer_layer_backward:1.2106895446777344
INFO:trainer_layer_backward:0.9086132049560547
INFO:trainer_layer_backward:1.0619163513183594
INFO:trainer_layer_backward:1.0786056518554688
INFO:trainer_layer_backward:0.8790493011474609
INFO:trainer_layer_backward:0.9176731109619141
INFO:trainer_layer_backward:1.1687278747558594
INFO:trainer_layer_backward:1.119375228881836
INFO:trainer_layer_backward:1.2202262878417969
INFO:trainer_layer_backward:1.0488033294677734
INFO:trainer_layer_backward:0.9677410125732422
INFO:trainer_layer_backward:0.8807182312011719
INFO:trainer_layer_backward:1.0530948638916016
INFO:trainer_layer_backward:1.0225772857666016
INFO:trainer_layer_backward:1.2836456298828125
INFO:trainer_layer_backward:1.077890396118164
INFO:trainer_layer_backward:1.1279582977294922
INFO:trainer_layer_backward:1.4050006866455078
INFO:trainer_layer_backward:1.2204647064208984
INFO:trainer_layer_backward:0.9069442749023438
INFO:trainer_layer_backward:1.0862350463867188
INFO:trainer_layer_backward:1.1599063873291016
INFO:trainer_layer_backward:0.8981227874755859
INFO:trainer_layer_backward:0.9145736694335938
INFO:trainer_layer_backward:0.7436275482177734
INFO:trainer_layer_backward:1.081228256225586
INFO:trainer_layer_backward:0.9663105010986328
INFO:trainer_layer_backward:1.611471176147461
INFO:trainer_layer_backward:1.3270378112792969
INFO:trainer_layer_backward:1.1761188507080078
INFO:trainer_layer_backward:1.001119613647461
INFO:trainer_layer_backward:0.9300708770751953
INFO:trainer_layer_backward:1.0404586791992188
INFO:trainer_layer_backward:1.3854503631591797
INFO:trainer_layer_backward:1.1944770812988281
INFO:trainer_layer_backward:1.0142326354980469
INFO:trainer_layer_backward:1.0852813720703125
INFO:trainer_layer_backward:0.8649826049804688
INFO:trainer_layer_backward:0.9677410125732422
INFO:trainer_layer_backward:1.3670921325683594
INFO:trainer_layer_backward:0.9362697601318359
INFO:trainer_layer_backward:0.98419189453125
INFO:trainer_layer_backward:1.0161399841308594
INFO:trainer_layer_backward:1.0933876037597656
INFO:trainer_layer_backward:1.3463497161865234
INFO:trainer_layer_backward:1.2807846069335938
INFO:trainer_layer_backward:1.0564327239990234
INFO:trainer_layer_backward:1.0807514190673828
INFO:trainer_layer_backward:3.125905990600586
INFO:trainer_layer_backward:0.8428096771240234
INFO:trainer_layer_backward:0.9906291961669922
INFO:trainer_layer_backward:0.7984638214111328
INFO:trainer_layer_backward:0.9369850158691406
INFO:trainer_layer_backward:1.0797977447509766
INFO:trainer_layer_backward:1.0254383087158203
INFO:trainer_layer_backward:1.104116439819336
INFO:trainer_layer_backward:0.9555816650390625
INFO:trainer_layer_backward:0.9672641754150391
INFO:trainer_layer_backward:0.8206367492675781
INFO:trainer_layer_backward:0.9298324584960938
INFO:trainer_layer_backward:0.8668899536132812
INFO:trainer_layer_backward:0.9784698486328125
INFO:trainer_layer_backward:1.3492107391357422
INFO:trainer_layer_backward:1.155853271484375
INFO:trainer_layer_backward:1.6639232635498047
INFO:trainer_layer_backward:1.3785362243652344
INFO:trainer_layer_backward:0.9794235229492188
INFO:trainer_layer_backward:0.9887218475341797
INFO:trainer_layer_backward:1.0247230529785156
INFO:trainer_layer_backward:1.2061595916748047
INFO:trainer_layer_backward:0.9894371032714844
INFO:trainer_layer_backward:1.0273456573486328
INFO:trainer_layer_backward:1.2233257293701172
INFO:trainer_layer_backward:1.2621879577636719
INFO:trainer_layer_backward:0.9839534759521484
INFO:trainer_layer_backward:0.9949207305908203
INFO:trainer_layer_backward:0.9489059448242188
INFO:trainer_layer_backward:1.0018348693847656
INFO:trainer_layer_backward:0.9949207305908203
INFO:trainer_layer_backward:1.10626220703125
INFO:trainer_layer_backward:1.1341571807861328
INFO:trainer_layer_backward:1.0514259338378906
INFO:trainer_layer_backward:0.9922981262207031
INFO:trainer_layer_backward:0.9064674377441406
INFO:trainer_layer_backward:0.9834766387939453
INFO:trainer_layer_backward:0.9641647338867188
INFO:trainer_layer_backward:1.207590103149414
INFO:trainer_layer_backward:1.0457038879394531
INFO:trainer_layer_backward:0.8745193481445312
INFO:trainer_layer_backward:0.8909702301025391
INFO:trainer_layer_backward:1.1746883392333984
INFO:trainer_layer_backward:1.1463165283203125
INFO:trainer_layer_backward:1.0833740234375
INFO:trainer_layer_backward:1.1196136474609375
INFO:trainer_layer_backward:1.2264251708984375
INFO:trainer_layer_backward:1.0538101196289062
INFO:trainer_layer_backward:1.3785362243652344
INFO:trainer_layer_backward:1.1441707611083984
INFO:trainer_layer_backward:1.5721321105957031
INFO:trainer_layer_backward:1.2814998626708984
INFO:trainer_layer_backward:1.0366439819335938
INFO:trainer_layer_backward:1.0259151458740234
INFO:trainer_layer_backward:1.1072158813476562
INFO:trainer_layer_backward:1.3155937194824219
INFO:trainer_layer_backward:1.1196136474609375
INFO:trainer_layer_backward:0.9634494781494141
INFO:trainer_layer_backward:1.0273456573486328
INFO:trainer_layer_backward:1.5358924865722656
INFO:trainer_layer_backward:1.1048316955566406
INFO:trainer_layer_backward:1.1174678802490234
INFO:trainer_layer_backward:1.1477470397949219
INFO:trainer_layer_backward:1.2507438659667969
INFO:trainer_layer_backward:1.1327266693115234
INFO:trainer_layer_backward:1.28173828125
INFO:trainer_layer_backward:1.3492107391357422
INFO:trainer_layer_backward:1.0170936584472656
INFO:trainer_layer_backward:0.8051395416259766
INFO:trainer_layer_backward:1.1012554168701172
INFO:trainer_layer_backward:0.8146762847900391
INFO:trainer_layer_backward:0.9119510650634766
INFO:trainer_layer_backward:1.207590103149414
INFO:trainer_layer_backward:1.3420581817626953
INFO:trainer_layer_backward:1.0876655578613281
INFO:trainer_layer_backward:0.9770393371582031
INFO:trainer_layer_backward:1.0313987731933594
INFO:trainer_layer_backward:1.2187957763671875
INFO:trainer_layer_backward:1.0225772857666016
INFO:trainer_layer_backward:1.2047290802001953
INFO:trainer_layer_backward:1.3420581817626953
INFO:trainer_layer_backward:0.9946823120117188
INFO:trainer_layer_backward:1.155853271484375
INFO:trainer_layer_backward:1.2824535369873047
INFO:trainer_layer_backward:1.5954971313476562
INFO:trainer_layer_backward:1.5032291412353516
INFO:trainer_layer_backward:0.8809566497802734
INFO:trainer_layer_backward:0.8103847503662109
INFO:trainer_layer_backward:0.8904933929443359
INFO:trainer_layer_backward:1.0988712310791016
INFO:trainer_layer_backward:1.0209083557128906
INFO:trainer_layer_backward:1.346588134765625
INFO:trainer_layer_backward:0.9307861328125
INFO:trainer_layer_backward:1.3146400451660156
INFO:trainer_layer_backward:1.0688304901123047
INFO:trainer_layer_backward:0.9837150573730469
INFO:trainer_layer_backward:1.2509822845458984
INFO:trainer_layer_backward:1.6109943389892578
INFO:trainer_layer_backward:0.9541511535644531
INFO:trainer_layer_backward:1.0499954223632812
INFO:trainer_layer_backward:1.0199546813964844
INFO:trainer_layer_backward:0.8015632629394531
INFO:trainer_layer_backward:1.2688636779785156
INFO:trainer_layer_backward:1.2021064758300781
INFO:trainer_layer_backward:1.3079643249511719
INFO:trainer_layer_backward:1.0221004486083984
INFO:trainer_layer_backward:0.9677410125732422
INFO:trainer_layer_backward:1.0941028594970703
INFO:trainer_layer_backward:1.3892650604248047
INFO:trainer_layer_backward:1.2743473052978516
INFO:trainer_layer_backward:0.9174346923828125
INFO:trainer_layer_backward:0.8068084716796875
INFO:trainer_layer_backward:0.7615089416503906
INFO:trainer_layer_backward:0.9028911590576172
INFO:trainer_layer_backward:1.1241436004638672
INFO:trainer_layer_backward:1.15966796875
INFO:trainer_layer_backward:1.009225845336914
INFO:trainer_layer_backward:0.9715557098388672
INFO:trainer_layer_backward:0.9989738464355469
INFO:trainer_layer_backward:0.8802413940429688
INFO:trainer_layer_backward:0.6780624389648438
INFO:trainer_layer_backward:0.7867813110351562
INFO:trainer_layer_backward:1.1775493621826172
INFO:trainer_layer_backward:1.2197494506835938
INFO:trainer_layer_backward:1.0993480682373047
INFO:trainer_layer_backward:1.0716915130615234
INFO:trainer_layer_backward:0.942230224609375
INFO:trainer_layer_backward:1.0709762573242188
INFO:trainer_layer_backward:1.7390251159667969
INFO:trainer_layer_backward:1.0983943939208984
INFO:trainer_layer_backward:0.9217262268066406
INFO:trainer_layer_backward:0.9918212890625
INFO:trainer_layer_backward:0.8175373077392578
INFO:trainer_layer_backward:0.7126331329345703
INFO:trainer_layer_backward:1.0685920715332031
INFO:trainer_layer_backward:1.1358261108398438
INFO:trainer_layer_backward:1.081228256225586
INFO:trainer_layer_backward:1.1205673217773438
INFO:trainer_layer_backward:1.0287761688232422
INFO:trainer_layer_backward:1.125335693359375
INFO:trainer_layer_backward:1.4336109161376953
INFO:trainer_layer_backward:1.129150390625
INFO:trainer_layer_backward:1.012563705444336
INFO:trainer_layer_backward:1.224517822265625
INFO:trainer_layer_backward:0.8373260498046875
INFO:trainer_layer_backward:1.275777816772461
INFO:trainer_layer_backward:1.0752677917480469
INFO:trainer_layer_backward:1.2006759643554688
INFO:trainer_layer_backward:0.9551048278808594
INFO:trainer_layer_backward:1.0013580322265625
INFO:trainer_layer_backward:0.8111000061035156
INFO:trainer_layer_backward:1.2636184692382812
INFO:trainer_layer_backward:1.2068748474121094
INFO:trainer_layer_backward:1.0769367218017578
INFO:trainer_layer_backward:1.2059211730957031
INFO:trainer_layer_backward:1.1439323425292969
INFO:trainer_layer_backward:1.1959075927734375
INFO:trainer_layer_backward:1.2447834014892578
INFO:trainer_layer_backward:1.2650489807128906
INFO:trainer_layer_backward:0.9810924530029297
INFO:trainer_layer_backward:1.1320114135742188
INFO:trainer_layer_backward:0.9143352508544922
INFO:trainer_layer_backward:1.0612010955810547
INFO:trainer_layer_backward:1.3453960418701172
INFO:trainer_layer_backward:1.535177230834961
INFO:trainer_layer_backward:1.0683536529541016
INFO:trainer_layer_backward:0.9684562683105469
INFO:trainer_layer_backward:1.0306835174560547
INFO:trainer_layer_backward:1.0025501251220703
INFO:trainer_layer_backward:1.3930797576904297
INFO:trainer_layer_backward:1.4023780822753906
INFO:trainer_layer_backward:1.8627643585205078
INFO:trainer_layer_backward:1.6121864318847656
INFO:trainer_layer_backward:1.0488033294677734
INFO:trainer_layer_backward:1.2612342834472656
INFO:trainer_layer_backward:1.007080078125
INFO:trainer_layer_backward:1.428365707397461
INFO:trainer_layer_backward:1.2998580932617188
INFO:trainer_layer_backward:0.8504390716552734
INFO:trainer_layer_backward:0.8165836334228516
INFO:trainer_layer_backward:0.8006095886230469
INFO:trainer_layer_backward:1.1262893676757812
INFO:trainer_layer_backward:0.8912086486816406
INFO:trainer_layer_backward:1.455068588256836
INFO:trainer_layer_backward:0.9121894836425781
INFO:trainer_layer_backward:1.543283462524414
INFO:trainer_layer_backward:1.190185546875
INFO:trainer_layer_backward:1.0807514190673828
INFO:trainer_layer_backward:1.1262893676757812
INFO:trainer_layer_backward:0.8873939514160156
INFO:trainer_layer_backward:0.8957386016845703
INFO:trainer_layer_backward:1.0957717895507812
INFO:trainer_layer_backward:0.8630752563476562
INFO:trainer_layer_backward:1.1453628540039062
INFO:trainer_layer_backward:0.8389949798583984
INFO:trainer_layer_backward:1.0285377502441406
INFO:trainer_layer_backward:0.9486675262451172
INFO:trainer_layer_backward:0.9717941284179688
INFO:trainer_layer_backward:1.0004043579101562
INFO:trainer_layer_backward:1.1386871337890625
INFO:trainer_layer_backward:1.0776519775390625
INFO:trainer_layer_backward:1.013040542602539
INFO:trainer_layer_backward:1.0578632354736328
INFO:trainer_layer_backward:1.0743141174316406
INFO:trainer_layer_backward:0.9160041809082031
INFO:trainer_layer_backward:1.0514259338378906
INFO:trainer_layer_backward:1.4204978942871094
INFO:trainer_layer_backward:0.8549690246582031
INFO:trainer_layer_backward:0.7004737854003906
INFO:trainer_layer_backward:0.6992816925048828
INFO:trainer_layer_backward:0.8575916290283203
INFO:trainer_layer_backward:0.9944438934326172
INFO:trainer_layer_backward:0.7226467132568359
INFO:trainer_layer_backward:0.79345703125
INFO:trainer_layer_backward:0.965118408203125
INFO:trainer_layer_backward:0.8153915405273438
INFO:trainer_layer_backward:0.6923675537109375
INFO:trainer_layer_backward:0.7245540618896484
INFO:trainer_layer_backward:0.78582763671875
INFO:trainer_layer_backward:0.732421875
INFO:trainer_layer_backward:0.743865966796875
INFO:trainer_layer_backward:0.7030963897705078
INFO:trainer_layer_backward:0.8122920989990234
INFO:trainer_layer_backward:0.7624626159667969
INFO:trainer_layer_backward:0.8752346038818359
INFO:trainer_layer_backward:0.8103847503662109
INFO:trainer_layer_backward:0.9710788726806641
INFO:trainer_layer_backward:0.9219646453857422
INFO:trainer_layer_backward:0.9074211120605469
INFO:trainer_layer_backward:0.9818077087402344
INFO:trainer_layer_backward:0.9059906005859375
INFO:trainer_layer_backward:0.8456707000732422
INFO:trainer_layer_backward:0.946044921875
INFO:trainer_layer_backward:0.7839202880859375
INFO:trainer_layer_backward:0.9887218475341797
INFO:trainer_layer_backward:0.7581710815429688
INFO:trainer_layer_backward:0.7860660552978516
INFO:trainer_layer_backward:0.7853507995605469
INFO:trainer_layer_backward:0.7903575897216797
INFO:trainer_layer_backward:0.8327960968017578
INFO:trainer_layer_backward:0.8275508880615234
INFO:trainer_layer_backward:0.7536411285400391
INFO:trainer_layer_backward:0.8800029754638672
INFO:trainer_layer_backward:0.8459091186523438
INFO:trainer_layer_backward:0.7760524749755859
INFO:trainer_layer_backward:0.8656978607177734
INFO:trainer_layer_backward:0.7956027984619141
INFO:trainer_layer_backward:0.7619857788085938
INFO:trainer_layer_backward:0.7722377777099609
INFO:trainer_layer_backward:0.7486343383789062
INFO:trainer_layer_backward:0.9214878082275391
INFO:trainer_layer_backward:0.9133815765380859
INFO:trainer_layer_backward:0.823974609375
INFO:trainer_layer_backward:0.9009838104248047
INFO:trainer_layer_backward:0.7650852203369141
INFO:trainer_layer_backward:0.7793903350830078
INFO:trainer_layer_backward:0.8177757263183594
INFO:trainer_layer_backward:0.7879734039306641
INFO:trainer_layer_backward:0.8552074432373047
INFO:trainer_layer_backward:0.8952617645263672
INFO:trainer_layer_backward:1.131296157836914
INFO:trainer_layer_backward:0.8766651153564453
INFO:trainer_layer_backward:0.7486343383789062
INFO:trainer_layer_backward:0.8351802825927734
INFO:trainer_layer_backward:0.7584095001220703
INFO:trainer_layer_backward:0.8704662322998047
INFO:trainer_layer_backward:0.7703304290771484
INFO:trainer_layer_backward:0.9829998016357422
INFO:trainer_layer_backward:0.9763240814208984
INFO:trainer_layer_backward:1.1839866638183594
INFO:trainer_layer_backward:0.9794235229492188
INFO:trainer_layer_backward:1.0442733764648438
INFO:trainer_layer_backward:1.3408660888671875
INFO:trainer_layer_backward:1.2447834014892578
INFO:trainer_layer_backward:1.1396408081054688
INFO:trainer_layer_backward:0.7915496826171875
INFO:trainer_layer_backward:0.7917881011962891
INFO:trainer_layer_backward:0.7610321044921875
INFO:trainer_layer_backward:1.2161731719970703
INFO:trainer_layer_backward:0.8664131164550781
INFO:trainer_layer_backward:1.0771751403808594
INFO:trainer_layer_backward:0.8566379547119141
INFO:trainer_layer_backward:0.9484291076660156
INFO:trainer_layer_backward:1.1494159698486328
INFO:trainer_layer_backward:1.1212825775146484
INFO:trainer_layer_backward:1.1637210845947266
INFO:trainer_layer_backward:1.1866092681884766
INFO:trainer_layer_backward:0.9825229644775391
INFO:trainer_layer_backward:1.0020732879638672
INFO:trainer_layer_backward:0.8645057678222656
INFO:trainer_layer_backward:1.7249584197998047
INFO:trainer_layer_backward:1.1944770812988281
INFO:trainer_layer_backward:1.196146011352539
INFO:trainer_layer_backward:0.9446144104003906
INFO:trainer_layer_backward:1.050710678100586
INFO:trainer_layer_backward:1.1928081512451172
INFO:trainer_layer_backward:1.111745834350586
INFO:trainer_layer_backward:1.129150390625
INFO:trainer_layer_backward:1.2073516845703125
INFO:trainer_layer_backward:1.5044212341308594
INFO:trainer_layer_backward:1.0080337524414062
INFO:trainer_layer_backward:1.238107681274414
INFO:trainer_layer_backward:1.0027885437011719
INFO:trainer_layer_backward:1.201629638671875
INFO:trainer_layer_backward:0.9000301361083984
INFO:trainer_layer_backward:0.9827613830566406
INFO:trainer_layer_backward:1.1301040649414062
INFO:trainer_layer_backward:1.2354850769042969
INFO:trainer_layer_backward:1.256704330444336
INFO:trainer_layer_backward:1.0330677032470703
INFO:trainer_layer_backward:0.9744167327880859
INFO:trainer_layer_backward:0.9026527404785156
INFO:trainer_layer_backward:0.9865760803222656
INFO:trainer_layer_backward:0.9729862213134766
INFO:trainer_layer_backward:1.2736320495605469
INFO:trainer_layer_backward:1.3327598571777344
INFO:trainer_layer_backward:1.3737678527832031
INFO:trainer_layer_backward:0.9629726409912109
INFO:trainer_layer_backward:0.9429454803466797
INFO:trainer_layer_backward:0.9517669677734375
INFO:trainer_layer_backward:1.0962486267089844
INFO:trainer_layer_backward:0.8587837219238281
INFO:trainer_layer_backward:1.1539459228515625
INFO:trainer_layer_backward:0.946044921875
INFO:trainer_layer_backward:0.9870529174804688
INFO:trainer_layer_backward:1.1663436889648438
INFO:trainer_layer_backward:1.1026859283447266
INFO:trainer_layer_backward:0.9915828704833984
INFO:trainer_layer_backward:1.123189926147461
INFO:trainer_layer_backward:0.8065700531005859
INFO:trainer_layer_backward:0.9667873382568359
INFO:trainer_layer_backward:0.9059906005859375
INFO:trainer_layer_backward:1.0159015655517578
INFO:trainer_layer_backward:1.1610984802246094
INFO:trainer_layer_backward:0.9219646453857422
INFO:trainer_layer_backward:1.1327266693115234
INFO:trainer_layer_backward:1.0950565338134766
INFO:trainer_layer_backward:1.0004043579101562
INFO:trainer_layer_backward:1.1687278747558594
INFO:trainer_layer_backward:1.3651847839355469
INFO:trainer_layer_backward:1.2660026550292969
INFO:trainer_layer_backward:1.1892318725585938
INFO:trainer_layer_backward:1.2633800506591797
INFO:trainer_layer_backward:1.5726089477539062
INFO:trainer_layer_backward:0.9138584136962891
INFO:trainer_layer_backward:1.188516616821289
INFO:trainer_layer_backward:1.1665821075439453
INFO:trainer_layer_backward:0.9353160858154297
INFO:trainer_layer_backward:0.9381771087646484
INFO:trainer_layer_backward:1.2638568878173828
INFO:trainer_layer_backward:1.5320777893066406
INFO:trainer_layer_backward:1.1110305786132812
INFO:trainer_layer_backward:0.9448528289794922
INFO:trainer_layer_backward:0.9934902191162109
INFO:trainer_layer_backward:1.1637210845947266
INFO:trainer_layer_backward:1.1868476867675781
INFO:trainer_layer_backward:1.3942718505859375
INFO:trainer_layer_backward:1.1205673217773438
INFO:trainer_layer_backward:0.98419189453125
INFO:trainer_layer_backward:1.2285709381103516
INFO:trainer_layer_backward:1.1153221130371094
INFO:trainer_layer_backward:1.1339187622070312
INFO:trainer_layer_backward:1.3134479522705078
INFO:trainer_layer_backward:1.0721683502197266
INFO:trainer_layer_backward:1.1386871337890625
INFO:trainer_layer_backward:0.9768009185791016
INFO:trainer_layer_backward:0.9939670562744141
INFO:trainer_layer_backward:1.455545425415039
INFO:trainer_layer_backward:1.2972354888916016
INFO:trainer_layer_backward:0.9906291961669922
INFO:trainer_layer_backward:1.0230541229248047
INFO:trainer_layer_backward:1.0242462158203125
INFO:trainer_layer_backward:1.0411739349365234
INFO:trainer_layer_backward:1.207113265991211
INFO:trainer_layer_backward:1.134634017944336
INFO:trainer_layer_backward:0.9298324584960938
INFO:trainer_layer_backward:1.0030269622802734
INFO:trainer_layer_backward:1.1167526245117188
INFO:trainer_layer_backward:1.0824203491210938
INFO:trainer_layer_backward:1.0929107666015625
INFO:trainer_layer_backward:1.4300346374511719
INFO:trainer_layer_backward:1.4863014221191406
INFO:trainer_layer_backward:1.2164115905761719
INFO:trainer_layer_backward:0.9787082672119141
INFO:trainer_layer_backward:1.3608932495117188
INFO:trainer_layer_backward:1.2204647064208984
INFO:trainer_layer_backward:1.2562274932861328
INFO:trainer_layer_backward:0.9491443634033203
INFO:trainer_layer_backward:1.1513233184814453
INFO:trainer_layer_backward:1.232147216796875
INFO:trainer_layer_backward:1.1713504791259766
INFO:trainer_layer_backward:1.4500617980957031
INFO:trainer_layer_backward:1.318216323852539
INFO:trainer_layer_backward:1.3208389282226562
INFO:trainer_layer_backward:1.4863014221191406
INFO:trainer_layer_backward:0.9610652923583984
INFO:trainer_layer_backward:1.0001659393310547
INFO:trainer_layer_backward:0.9334087371826172
INFO:trainer_layer_backward:0.7855892181396484
INFO:trainer_layer_backward:0.8139610290527344
INFO:trainer_layer_backward:1.1675357818603516
INFO:trainer_layer_backward:1.2383460998535156
INFO:trainer_layer_backward:1.1336803436279297
INFO:trainer_layer_backward:1.249074935913086
INFO:trainer_layer_backward:1.5666484832763672
INFO:trainer_layer_backward:1.4209747314453125
INFO:trainer_layer_backward:1.1296272277832031
INFO:trainer_layer_backward:1.0328292846679688
INFO:trainer_layer_backward:1.2929439544677734
INFO:trainer_layer_backward:1.132965087890625
INFO:trainer_layer_backward:1.2187957763671875
INFO:trainer_layer_backward:1.1489391326904297
INFO:trainer_layer_backward:1.1098384857177734
INFO:trainer_layer_backward:1.5513896942138672
INFO:trainer_layer_backward:1.512765884399414
INFO:trainer_layer_backward:1.2552738189697266
INFO:trainer_layer_backward:0.8904933929443359
INFO:trainer_layer_backward:0.7216930389404297
INFO:trainer_layer_backward:1.3782978057861328
INFO:trainer_layer_backward:1.4050006866455078
INFO:trainer_layer_backward:1.3751983642578125
INFO:trainer_layer_backward:1.070261001586914
INFO:trainer_layer_backward:1.3377666473388672
INFO:trainer_layer_backward:1.0623931884765625
INFO:trainer_layer_backward:1.3167858123779297
INFO:trainer_layer_backward:1.3856887817382812
INFO:trainer_layer_backward:1.2242794036865234
INFO:trainer_layer_backward:1.0569095611572266
INFO:trainer_layer_backward:0.9973049163818359
INFO:trainer_layer_backward:1.0542869567871094
INFO:trainer_layer_backward:1.3988018035888672
INFO:trainer_layer_backward:1.283407211303711
INFO:trainer_layer_backward:1.051187515258789
INFO:trainer_layer_backward:0.7393360137939453
INFO:trainer_layer_backward:1.1777877807617188
INFO:trainer_layer_backward:1.5714168548583984
INFO:trainer_layer_backward:1.0061264038085938
INFO:trainer_layer_backward:0.8370876312255859
INFO:trainer_layer_backward:0.8034706115722656
INFO:trainer_layer_backward:0.8306503295898438
INFO:trainer_layer_backward:1.0976791381835938
INFO:trainer_layer_backward:1.5764236450195312
INFO:trainer_layer_backward:1.153707504272461
INFO:trainer_layer_backward:0.8370876312255859
INFO:trainer_layer_backward:0.9624958038330078
INFO:trainer_layer_backward:1.066446304321289
INFO:trainer_layer_backward:1.1203289031982422
INFO:trainer_layer_backward:1.0290145874023438
INFO:trainer_layer_backward:1.901865005493164
INFO:trainer_layer_backward:1.3473033905029297
INFO:trainer_layer_backward:1.0902881622314453
INFO:trainer_layer_backward:1.115560531616211
INFO:trainer_layer_backward:0.8640289306640625
INFO:trainer_layer_backward:1.2445449829101562
INFO:trainer_layer_backward:1.1584758758544922
INFO:trainer_layer_backward:1.0514259338378906
INFO:trainer_layer_backward:1.1496543884277344
INFO:trainer_layer_backward:1.0075569152832031
INFO:trainer_layer_backward:1.25885009765625
INFO:trainer_layer_backward:1.0542869567871094
INFO:trainer_layer_backward:0.9942054748535156
INFO:trainer_layer_backward:1.077413558959961
INFO:trainer_layer_backward:0.9732246398925781
INFO:trainer_layer_backward:1.0595321655273438
INFO:trainer_layer_backward:1.0945796966552734
INFO:trainer_layer_backward:1.207113265991211
INFO:trainer_layer_backward:1.127004623413086
INFO:trainer_layer_backward:0.9214878082275391
INFO:trainer_layer_backward:1.1205673217773438
INFO:trainer_layer_backward:1.2378692626953125
INFO:trainer_layer_backward:1.3012886047363281
INFO:trainer_layer_backward:0.9241104125976562
INFO:trainer_layer_backward:0.8704662322998047
INFO:trainer_layer_backward:0.9908676147460938
INFO:trainer_layer_backward:0.8325576782226562
INFO:trainer_layer_backward:1.455068588256836
INFO:trainer_layer_backward:0.9055137634277344
INFO:trainer_layer_backward:0.9350776672363281
INFO:trainer_layer_backward:0.9939670562744141
INFO:trainer_layer_backward:0.8966922760009766
INFO:trainer_layer_backward:1.5752315521240234
INFO:trainer_layer_backward:0.9465217590332031
INFO:trainer_layer_backward:1.1823177337646484
INFO:trainer_layer_backward:0.8418560028076172
INFO:trainer_layer_backward:0.6954669952392578
INFO:trainer_layer_backward:0.7731914520263672
INFO:trainer_layer_backward:1.1272430419921875
INFO:trainer_layer_backward:1.271963119506836
INFO:trainer_layer_backward:1.2552738189697266
INFO:trainer_layer_backward:0.9682178497314453
INFO:trainer_layer_backward:0.8294582366943359
INFO:trainer_layer_backward:0.8671283721923828
INFO:trainer_layer_backward:0.8730888366699219
INFO:trainer_layer_backward:1.0075569152832031
INFO:trainer_layer_backward:0.9350776672363281
INFO:trainer_layer_backward:0.9858608245849609
INFO:trainer_layer_backward:1.0156631469726562
INFO:trainer_layer_backward:1.0039806365966797
INFO:trainer_layer_backward:1.0762214660644531
INFO:trainer_layer_backward:1.0275840759277344
INFO:trainer_layer_backward:1.1148452758789062
INFO:trainer_layer_backward:1.0504722595214844
INFO:trainer_layer_backward:0.8676052093505859
INFO:trainer_layer_backward:0.9119510650634766
INFO:trainer_layer_backward:1.2903213500976562
INFO:trainer_layer_backward:1.0609626770019531
INFO:trainer_layer_backward:1.617431640625
INFO:trainer_layer_backward:1.1050701141357422
INFO:trainer_layer_backward:0.7829666137695312
INFO:trainer_layer_backward:0.8485317230224609
INFO:trainer_layer_backward:0.7278919219970703
INFO:trainer_layer_backward:0.8161067962646484
INFO:trainer_layer_backward:0.9276866912841797
INFO:trainer_layer_backward:0.8952617645263672
INFO:trainer_layer_backward:0.9322166442871094
INFO:trainer_layer_backward:0.8335113525390625
INFO:trainer_layer_backward:0.8656978607177734
INFO:trainer_layer_backward:0.8683204650878906
INFO:trainer_layer_backward:1.0733604431152344
INFO:trainer_layer_backward:0.9717941284179688
INFO:trainer_layer_backward:1.2023448944091797
INFO:trainer_layer_backward:1.0089874267578125
INFO:trainer_layer_backward:0.8654594421386719
INFO:trainer_layer_backward:1.4750957489013672
INFO:trainer_layer_backward:0.9696483612060547
INFO:trainer_layer_backward:1.1200904846191406
INFO:trainer_layer_backward:1.1959075927734375
INFO:trainer_layer_backward:1.115560531616211
INFO:trainer_layer_backward:1.0166168212890625
INFO:trainer_layer_backward:0.9150505065917969
INFO:trainer_layer_backward:0.7314682006835938
INFO:trainer_layer_backward:1.2629032135009766
INFO:trainer_layer_backward:1.233816146850586
INFO:trainer_layer_backward:1.1909008026123047
INFO:trainer_layer_backward:0.7793903350830078
INFO:trainer_layer_backward:0.9758472442626953
INFO:trainer_layer_backward:0.6864070892333984
INFO:trainer_layer_backward:0.8437633514404297
INFO:trainer_layer_backward:0.995635986328125
INFO:trainer_layer_backward:0.9915828704833984
INFO:trainer_layer_backward:2.44903564453125
INFO:trainer_layer_backward:1.0976791381835938
INFO:trainer_layer_backward:1.123189926147461
INFO:trainer_layer_backward:1.1396408081054688
INFO:trainer_layer_backward:1.0459423065185547
INFO:trainer_layer_backward:1.0142326354980469
INFO:trainer_layer_backward:1.5435218811035156
INFO:trainer_layer_backward:1.1835098266601562
INFO:trainer_layer_backward:1.0814666748046875
INFO:trainer_layer_backward:1.0633468627929688
INFO:trainer_layer_backward:0.6654262542724609
INFO:trainer_layer_backward:0.7157325744628906
INFO:trainer_layer_backward:1.1491775512695312
INFO:trainer_layer_backward:0.9229183197021484
INFO:trainer_layer_backward:0.6661415100097656
INFO:trainer_layer_backward:1.237630844116211
INFO:trainer_layer_backward:1.1951923370361328
INFO:trainer_layer_backward:0.9534358978271484
INFO:trainer_layer_backward:1.8951892852783203
INFO:trainer_layer_backward:1.245737075805664
INFO:trainer_layer_backward:0.9157657623291016
INFO:trainer_layer_backward:0.7040500640869141
INFO:trainer_layer_backward:0.8962154388427734
INFO:trainer_layer_backward:0.8723735809326172
INFO:trainer_layer_backward:0.8299350738525391
INFO:trainer_layer_backward:0.7119178771972656
INFO:trainer_layer_backward:0.8292198181152344
INFO:trainer_layer_backward:0.8082389831542969
INFO:trainer_layer_backward:0.8711814880371094
INFO:trainer_layer_backward:0.7827281951904297
INFO:trainer_layer_backward:0.8611679077148438
INFO:trainer_layer_backward:0.7100105285644531
INFO:trainer_layer_backward:0.8692741394042969
INFO:trainer_layer_backward:0.7989406585693359
INFO:trainer_layer_backward:0.7717609405517578
INFO:trainer_layer_backward:0.8971691131591797
INFO:trainer_layer_backward:0.9226799011230469
INFO:trainer_layer_backward:0.9102821350097656
INFO:trainer_layer_backward:0.8571147918701172
INFO:trainer_layer_backward:0.8831024169921875
INFO:trainer_layer_backward:1.3463497161865234
INFO:trainer_layer_backward:1.093149185180664
INFO:trainer_layer_backward:1.2159347534179688
INFO:trainer_layer_backward:0.7460117340087891
INFO:trainer_layer_backward:1.0552406311035156
INFO:trainer_layer_backward:0.9627342224121094
INFO:trainer_layer_backward:0.7729530334472656
INFO:trainer_layer_backward:0.9577274322509766
INFO:trainer_layer_backward:0.7712841033935547
INFO:trainer_layer_backward:1.039266586303711
INFO:trainer_layer_backward:1.031637191772461
INFO:trainer_layer_backward:1.0230541229248047
INFO:trainer_layer_backward:1.0571479797363281
INFO:trainer_layer_backward:0.9958744049072266
INFO:trainer_layer_backward:1.1892318725585938
INFO:trainer_layer_backward:0.782012939453125
INFO:trainer_layer_backward:0.7259845733642578
INFO:trainer_layer_backward:0.7991790771484375
INFO:trainer_layer_backward:0.8533000946044922
INFO:trainer_layer_backward:0.7092952728271484
INFO:trainer_layer_backward:1.4655590057373047
INFO:trainer_layer_backward:1.1456012725830078
INFO:trainer_layer_backward:0.8630752563476562
INFO:trainer_layer_backward:0.6577968597412109
INFO:trainer_layer_backward:1.0366439819335938
INFO:trainer_layer_backward:0.9732246398925781
INFO:trainer_layer_backward:1.0628700256347656
INFO:trainer_layer_backward:1.0058879852294922
INFO:trainer_layer_backward:0.9822845458984375
INFO:trainer_layer_backward:0.7686614990234375
INFO:trainer_layer_backward:0.9636878967285156
INFO:trainer_layer_backward:0.9834766387939453
INFO:trainer_layer_backward:0.9691715240478516
INFO:trainer_layer_backward:1.2524127960205078
INFO:trainer_layer_backward:1.5683174133300781
INFO:trainer_layer_backward:1.209259033203125
INFO:trainer_layer_backward:1.2569427490234375
INFO:trainer_layer_backward:1.3272762298583984
INFO:trainer_layer_backward:0.8885860443115234
INFO:trainer_layer_backward:0.8335113525390625
INFO:trainer_layer_backward:0.9174346923828125
INFO:trainer_layer_backward:0.8311271667480469
INFO:trainer_layer_backward:1.2617111206054688
INFO:trainer_layer_backward:1.489877700805664
INFO:trainer_layer_backward:0.8833408355712891
INFO:trainer_layer_backward:0.9884834289550781
INFO:trainer_layer_backward:0.9195804595947266
INFO:trainer_layer_backward:0.8342266082763672
INFO:trainer_layer_backward:1.0149478912353516
INFO:trainer_layer_backward:1.2848377227783203
INFO:trainer_layer_backward:1.0437965393066406
INFO:trainer_layer_backward:0.9562969207763672
INFO:trainer_layer_backward:0.9307861328125
INFO:trainer_layer_backward:0.6115436553955078
INFO:trainer_layer_backward:0.7984638214111328
INFO:trainer_layer_backward:1.0991096496582031
INFO:trainer_layer_backward:0.8366107940673828
INFO:trainer_layer_backward:1.2745857238769531
INFO:trainer_layer_backward:1.0724067687988281
INFO:trainer_layer_backward:1.4214515686035156
INFO:trainer_layer_backward:1.018524169921875
INFO:trainer_layer_backward:0.6771087646484375
INFO:trainer_layer_backward:0.7402896881103516
INFO:trainer_layer_backward:0.8051395416259766
INFO:trainer_layer_backward:1.249074935913086
INFO:trainer_layer_backward:0.8077621459960938
INFO:trainer_layer_backward:0.9300708770751953
INFO:trainer_layer_backward:1.1749267578125
INFO:trainer_layer_backward:0.9858608245849609
INFO:trainer_layer_backward:1.005411148071289
INFO:trainer_layer_backward:0.9479522705078125
INFO:trainer_layer_backward:0.8223056793212891
INFO:trainer_layer_backward:1.4233589172363281
INFO:trainer_layer_backward:0.9524822235107422
INFO:trainer_layer_backward:0.8041858673095703
INFO:trainer_layer_backward:0.7834434509277344
INFO:trainer_layer_backward:0.7419586181640625
INFO:trainer_layer_backward:0.8065700531005859
INFO:trainer_layer_backward:0.7817745208740234
INFO:trainer_layer_backward:1.1105537414550781
INFO:trainer_layer_backward:0.8342266082763672
INFO:trainer_layer_backward:0.7355213165283203
INFO:trainer_layer_backward:1.1823177337646484
INFO:trainer_layer_backward:0.7774829864501953
INFO:trainer_layer_backward:0.9441375732421875
INFO:trainer_layer_backward:1.0251998901367188
INFO:trainer_layer_backward:0.7140636444091797
INFO:trainer_layer_backward:0.6504058837890625
INFO:trainer_layer_backward:1.6193389892578125
INFO:trainer_layer_backward:1.2617111206054688
INFO:trainer_layer_backward:1.2290477752685547
INFO:trainer_layer_backward:0.9639263153076172
INFO:trainer_layer_backward:0.9491443634033203
INFO:trainer_layer_backward:1.2676715850830078
INFO:trainer_layer_backward:1.3229846954345703
INFO:trainer_layer_backward:1.5196800231933594
INFO:trainer_layer_backward:1.2176036834716797
INFO:trainer_layer_backward:1.1250972747802734
INFO:trainer_layer_backward:0.9605884552001953
INFO:trainer_layer_backward:1.2149810791015625
INFO:trainer_layer_backward:1.4579296112060547
INFO:trainer_layer_backward:1.104116439819336
INFO:trainer_layer_backward:0.9589195251464844
INFO:trainer_layer_backward:0.7536411285400391
INFO:trainer_layer_backward:1.2962818145751953
INFO:trainer_layer_backward:0.9787082672119141
INFO:trainer_layer_backward:0.7810592651367188
INFO:trainer_layer_backward:0.8730888366699219
INFO:trainer_layer_backward:1.1208057403564453
INFO:trainer_layer_backward:0.8320808410644531
INFO:trainer_layer_backward:1.1534690856933594
INFO:trainer_layer_backward:1.4922618865966797
INFO:trainer_layer_backward:1.1777877807617188
INFO:trainer_layer_backward:0.8864402770996094
INFO:trainer_layer_backward:0.8242130279541016
INFO:trainer_layer_backward:0.8234977722167969
INFO:trainer_layer_backward:1.1706352233886719
INFO:trainer_layer_backward:1.1992454528808594
INFO:trainer_layer_backward:1.0151863098144531
INFO:trainer_layer_backward:0.7808208465576172
INFO:trainer_layer_backward:0.9474754333496094
INFO:trainer_layer_backward:0.8487701416015625
INFO:trainer_layer_backward:1.4564990997314453
INFO:trainer_layer_backward:1.3339519500732422
INFO:trainer_layer_backward:1.0838508605957031
INFO:trainer_layer_backward:1.018524169921875
INFO:trainer_layer_backward:0.9150505065917969
INFO:trainer_layer_backward:1.107931137084961
INFO:trainer_layer_backward:1.1773109436035156
INFO:trainer_layer_backward:1.0242462158203125
INFO:trainer_layer_backward:1.1281967163085938
INFO:trainer_layer_backward:1.1904239654541016
INFO:trainer_layer_backward:1.1248588562011719
INFO:trainer_layer_backward:0.8916854858398438
INFO:trainer_layer_backward:1.1754035949707031
INFO:trainer_layer_backward:0.8897781372070312
INFO:trainer_layer_backward:0.9562969207763672
INFO:trainer_layer_backward:0.8730888366699219
INFO:trainer_layer_backward:0.9696483612060547
INFO:trainer_layer_backward:0.9992122650146484
INFO:trainer_layer_backward:1.1072158813476562
INFO:trainer_layer_backward:0.9663105010986328
INFO:trainer_layer_backward:0.7586479187011719
INFO:trainer_layer_backward:1.0154247283935547
INFO:trainer_layer_backward:1.397848129272461
INFO:trainer_layer_backward:1.1105537414550781
INFO:trainer_layer_backward:1.0805130004882812
INFO:trainer_layer_backward:0.9691715240478516
INFO:trainer_layer_backward:1.1756420135498047
INFO:trainer_layer_backward:0.9312629699707031
INFO:trainer_layer_backward:1.5201568603515625
INFO:trainer_layer_backward:1.1200904846191406
INFO:trainer_layer_backward:1.2433528900146484
INFO:trainer_layer_backward:1.0094642639160156
INFO:trainer_layer_backward:1.1301040649414062
INFO:trainer_layer_backward:0.8780956268310547
INFO:trainer_layer_backward:0.9286403656005859
INFO:trainer_layer_backward:0.7002353668212891
INFO:trainer_layer_backward:0.8490085601806641
INFO:trainer_layer_backward:0.7169246673583984
INFO:trainer_layer_backward:0.9856224060058594
INFO:trainer_layer_backward:0.8544921875
INFO:trainer_layer_backward:1.2345314025878906
INFO:trainer_layer_backward:0.8721351623535156
INFO:trainer_layer_backward:0.8127689361572266
INFO:trainer_layer_backward:0.7574558258056641
INFO:trainer_layer_backward:0.8244514465332031
INFO:trainer_layer_backward:0.8924007415771484
INFO:trainer_layer_backward:1.005411148071289
INFO:trainer_layer_backward:1.1332035064697266
INFO:trainer_layer_backward:0.7450580596923828
INFO:trainer_layer_backward:0.9510517120361328
INFO:trainer_layer_backward:0.7574558258056641
INFO:trainer_layer_backward:0.7932186126708984
INFO:trainer_layer_backward:0.949859619140625
