INFO:trainer_layer_backward:FFT_CNNEx | mnist
INFO:trainer_layer_backward:in_size : 64 | epochs : 1 | batch : 1
INFO:trainer_layer_backward:kernel_l1 : 33 | 
INFO:trainer_layer_backward:o_channels_l1 : 20 | 
INFO:trainer_layer_backward::::::::::::::::::::::::::::::::::::::::::::::::::::::::::::
INFO:trainer_layer_backward:message : fft_conv2 
INFO:trainer_layer_backward::::::::::::::::::::::::::::::::::::::::::::::::::::::::::::
INFO:trainer_layer_backward:Ave_Time : 3.157906098799272
INFO:trainer_layer_backward::::::::::::::::::::::::::::::::::::::::::::::::::::::::::::
INFO:trainer_layer_backward:3.3452510833740234
INFO:trainer_layer_backward:3.132343292236328
INFO:trainer_layer_backward:2.294778823852539
INFO:trainer_layer_backward:2.4306774139404297
INFO:trainer_layer_backward:4.438638687133789
INFO:trainer_layer_backward:4.353523254394531
INFO:trainer_layer_backward:2.8579235076904297
INFO:trainer_layer_backward:6.17671012878418
INFO:trainer_layer_backward:2.8176307678222656
INFO:trainer_layer_backward:4.038572311401367
INFO:trainer_layer_backward:4.854440689086914
INFO:trainer_layer_backward:2.4862289428710938
INFO:trainer_layer_backward:2.8128623962402344
INFO:trainer_layer_backward:2.8154850006103516
INFO:trainer_layer_backward:2.2614002227783203
INFO:trainer_layer_backward:3.9801597595214844
INFO:trainer_layer_backward:4.088163375854492
INFO:trainer_layer_backward:3.030061721801758
INFO:trainer_layer_backward:2.321481704711914
INFO:trainer_layer_backward:2.1982192993164062
INFO:trainer_layer_backward:2.9764175415039062
INFO:trainer_layer_backward:2.7811527252197266
INFO:trainer_layer_backward:2.942323684692383
INFO:trainer_layer_backward:3.0570030212402344
INFO:trainer_layer_backward:2.980947494506836
INFO:trainer_layer_backward:2.979278564453125
INFO:trainer_layer_backward:3.099203109741211
INFO:trainer_layer_backward:2.774477005004883
INFO:trainer_layer_backward:2.8510093688964844
INFO:trainer_layer_backward:3.237485885620117
INFO:trainer_layer_backward:2.9151439666748047
INFO:trainer_layer_backward:2.8340816497802734
INFO:trainer_layer_backward:2.8944015502929688
INFO:trainer_layer_backward:2.889394760131836
INFO:trainer_layer_backward:2.946615219116211
INFO:trainer_layer_backward:2.7086734771728516
INFO:trainer_layer_backward:3.0286312103271484
INFO:trainer_layer_backward:4.514932632446289
INFO:trainer_layer_backward:4.245996475219727
INFO:trainer_layer_backward:2.7365684509277344
INFO:trainer_layer_backward:3.1042098999023438
INFO:trainer_layer_backward:2.8672218322753906
INFO:trainer_layer_backward:2.8107166290283203
INFO:trainer_layer_backward:3.0667781829833984
INFO:trainer_layer_backward:3.4492015838623047
INFO:trainer_layer_backward:2.7806758880615234
INFO:trainer_layer_backward:2.903461456298828
INFO:trainer_layer_backward:3.114461898803711
INFO:trainer_layer_backward:4.215717315673828
INFO:trainer_layer_backward:4.202604293823242
INFO:trainer_layer_backward:3.2117366790771484
INFO:trainer_layer_backward:4.337072372436523
INFO:trainer_layer_backward:3.2172203063964844
INFO:trainer_layer_backward:3.2606124877929688
INFO:trainer_layer_backward:2.6197433471679688
INFO:trainer_layer_backward:2.0945072174072266
INFO:trainer_layer_backward:2.260446548461914
INFO:trainer_layer_backward:3.4742355346679688
INFO:trainer_layer_backward:3.1003952026367188
INFO:trainer_layer_backward:3.0057430267333984
INFO:trainer_layer_backward:4.590272903442383
INFO:trainer_layer_backward:3.7984848022460938
INFO:trainer_layer_backward:2.207040786743164
INFO:trainer_layer_backward:2.1162033081054688
INFO:trainer_layer_backward:3.2820701599121094
INFO:trainer_layer_backward:3.350973129272461
INFO:trainer_layer_backward:3.6242008209228516
INFO:trainer_layer_backward:3.940105438232422
INFO:trainer_layer_backward:3.028392791748047
INFO:trainer_layer_backward:4.93621826171875
INFO:trainer_layer_backward:2.831697463989258
INFO:trainer_layer_backward:3.1948089599609375
INFO:trainer_layer_backward:4.3315887451171875
INFO:trainer_layer_backward:2.9401779174804688
INFO:trainer_layer_backward:2.9604434967041016
INFO:trainer_layer_backward:3.119945526123047
INFO:trainer_layer_backward:3.4720897674560547
INFO:trainer_layer_backward:3.1125545501708984
INFO:trainer_layer_backward:3.161191940307617
INFO:trainer_layer_backward:3.171682357788086
INFO:trainer_layer_backward:3.10516357421875
INFO:trainer_layer_backward:2.3026466369628906
INFO:trainer_layer_backward:2.2356510162353516
INFO:trainer_layer_backward:4.010200500488281
INFO:trainer_layer_backward:3.5088062286376953
INFO:trainer_layer_backward:5.036354064941406
INFO:trainer_layer_backward:2.482175827026367
INFO:trainer_layer_backward:3.3860206604003906
INFO:trainer_layer_backward:2.260923385620117
INFO:trainer_layer_backward:3.096342086791992
INFO:trainer_layer_backward:2.297639846801758
INFO:trainer_layer_backward:3.849506378173828
INFO:trainer_layer_backward:2.5839805603027344
INFO:trainer_layer_backward:3.235340118408203
INFO:trainer_layer_backward:3.4172534942626953
INFO:trainer_layer_backward:2.6895999908447266
INFO:trainer_layer_backward:3.955364227294922
INFO:trainer_layer_backward:3.5216808319091797
INFO:trainer_layer_backward:3.4284591674804688
INFO:trainer_layer_backward:5.379915237426758
INFO:trainer_layer_backward:2.5315284729003906
INFO:trainer_layer_backward:2.2089481353759766
INFO:trainer_layer_backward:2.8061866760253906
INFO:trainer_layer_backward:3.2901763916015625
INFO:trainer_layer_backward:4.959344863891602
INFO:trainer_layer_backward:2.084016799926758
INFO:trainer_layer_backward:2.3822784423828125
INFO:trainer_layer_backward:3.357410430908203
INFO:trainer_layer_backward:4.141569137573242
INFO:trainer_layer_backward:3.276824951171875
INFO:trainer_layer_backward:4.212856292724609
INFO:trainer_layer_backward:2.8679370880126953
INFO:trainer_layer_backward:4.174947738647461
INFO:trainer_layer_backward:3.679990768432617
INFO:trainer_layer_backward:4.033327102661133
INFO:trainer_layer_backward:3.475666046142578
INFO:trainer_layer_backward:3.924131393432617
INFO:trainer_layer_backward:5.47480583190918
INFO:trainer_layer_backward:5.194187164306641
INFO:trainer_layer_backward:3.0858516693115234
INFO:trainer_layer_backward:2.1982192993164062
INFO:trainer_layer_backward:2.1457672119140625
INFO:trainer_layer_backward:2.719879150390625
INFO:trainer_layer_backward:3.0143260955810547
INFO:trainer_layer_backward:3.0221939086914062
INFO:trainer_layer_backward:3.103017807006836
INFO:trainer_layer_backward:3.1251907348632812
INFO:trainer_layer_backward:3.103494644165039
INFO:trainer_layer_backward:3.069639205932617
INFO:trainer_layer_backward:3.1731128692626953
INFO:trainer_layer_backward:4.589319229125977
INFO:trainer_layer_backward:2.8290748596191406
INFO:trainer_layer_backward:3.2601356506347656
INFO:trainer_layer_backward:2.8853416442871094
INFO:trainer_layer_backward:2.7937889099121094
INFO:trainer_layer_backward:2.918243408203125
INFO:trainer_layer_backward:3.8204193115234375
INFO:trainer_layer_backward:4.248619079589844
INFO:trainer_layer_backward:3.6995410919189453
INFO:trainer_layer_backward:2.1088123321533203
INFO:trainer_layer_backward:2.1545886993408203
INFO:trainer_layer_backward:2.240419387817383
INFO:trainer_layer_backward:4.549980163574219
INFO:trainer_layer_backward:4.60052490234375
INFO:trainer_layer_backward:3.685474395751953
INFO:trainer_layer_backward:2.877950668334961
INFO:trainer_layer_backward:3.3316612243652344
INFO:trainer_layer_backward:3.755331039428711
INFO:trainer_layer_backward:2.7582645416259766
INFO:trainer_layer_backward:3.7505626678466797
INFO:trainer_layer_backward:3.125905990600586
INFO:trainer_layer_backward:4.693031311035156
INFO:trainer_layer_backward:4.091978073120117
INFO:trainer_layer_backward:3.7415027618408203
INFO:trainer_layer_backward:3.0565261840820312
INFO:trainer_layer_backward:4.622936248779297
INFO:trainer_layer_backward:5.475521087646484
INFO:trainer_layer_backward:3.1583309173583984
INFO:trainer_layer_backward:4.1713714599609375
INFO:trainer_layer_backward:3.4978389739990234
INFO:trainer_layer_backward:4.561185836791992
INFO:trainer_layer_backward:4.422903060913086
INFO:trainer_layer_backward:3.1425952911376953
INFO:trainer_layer_backward:2.3698806762695312
INFO:trainer_layer_backward:3.854513168334961
INFO:trainer_layer_backward:3.8819313049316406
INFO:trainer_layer_backward:4.850625991821289
INFO:trainer_layer_backward:4.353523254394531
INFO:trainer_layer_backward:3.072977066040039
INFO:trainer_layer_backward:3.9937496185302734
INFO:trainer_layer_backward:4.501104354858398
INFO:trainer_layer_backward:3.5805702209472656
INFO:trainer_layer_backward:4.146337509155273
INFO:trainer_layer_backward:4.212141036987305
INFO:trainer_layer_backward:3.2491683959960938
INFO:trainer_layer_backward:3.389596939086914
INFO:trainer_layer_backward:4.232645034790039
INFO:trainer_layer_backward:4.600763320922852
INFO:trainer_layer_backward:3.779888153076172
INFO:trainer_layer_backward:3.5860538482666016
INFO:trainer_layer_backward:4.155397415161133
INFO:trainer_layer_backward:3.1197071075439453
INFO:trainer_layer_backward:3.125905990600586
INFO:trainer_layer_backward:3.027677536010742
INFO:trainer_layer_backward:3.2808780670166016
INFO:trainer_layer_backward:3.6630630493164062
INFO:trainer_layer_backward:3.0205249786376953
INFO:trainer_layer_backward:3.1080245971679688
INFO:trainer_layer_backward:3.2744407653808594
INFO:trainer_layer_backward:3.4842491149902344
INFO:trainer_layer_backward:3.8537979125976562
INFO:trainer_layer_backward:4.200935363769531
INFO:trainer_layer_backward:3.856182098388672
INFO:trainer_layer_backward:4.708766937255859
INFO:trainer_layer_backward:3.8270950317382812
INFO:trainer_layer_backward:2.4743080139160156
INFO:trainer_layer_backward:3.1647682189941406
INFO:trainer_layer_backward:3.1630992889404297
INFO:trainer_layer_backward:3.445148468017578
INFO:trainer_layer_backward:4.321813583374023
INFO:trainer_layer_backward:5.028724670410156
INFO:trainer_layer_backward:2.4912357330322266
INFO:trainer_layer_backward:2.2695064544677734
INFO:trainer_layer_backward:3.793478012084961
INFO:trainer_layer_backward:4.731655120849609
INFO:trainer_layer_backward:4.312038421630859
INFO:trainer_layer_backward:2.727031707763672
INFO:trainer_layer_backward:2.5818347930908203
INFO:trainer_layer_backward:4.155158996582031
INFO:trainer_layer_backward:3.0574798583984375
INFO:trainer_layer_backward:3.452777862548828
INFO:trainer_layer_backward:4.582643508911133
INFO:trainer_layer_backward:3.1914710998535156
INFO:trainer_layer_backward:3.428936004638672
INFO:trainer_layer_backward:4.094600677490234
INFO:trainer_layer_backward:4.494905471801758
INFO:trainer_layer_backward:3.874540328979492
INFO:trainer_layer_backward:3.6423206329345703
INFO:trainer_layer_backward:4.781484603881836
INFO:trainer_layer_backward:2.448558807373047
INFO:trainer_layer_backward:3.0596256256103516
INFO:trainer_layer_backward:4.914522171020508
INFO:trainer_layer_backward:3.865480422973633
INFO:trainer_layer_backward:4.18543815612793
INFO:trainer_layer_backward:3.9937496185302734
INFO:trainer_layer_backward:2.8247833251953125
INFO:trainer_layer_backward:2.285480499267578
INFO:trainer_layer_backward:3.3402442932128906
INFO:trainer_layer_backward:3.529071807861328
INFO:trainer_layer_backward:4.729270935058594
INFO:trainer_layer_backward:3.5817623138427734
INFO:trainer_layer_backward:3.603219985961914
INFO:trainer_layer_backward:2.7587413787841797
INFO:trainer_layer_backward:2.276897430419922
INFO:trainer_layer_backward:2.5975704193115234
INFO:trainer_layer_backward:3.556489944458008
INFO:trainer_layer_backward:3.3812522888183594
INFO:trainer_layer_backward:4.136085510253906
INFO:trainer_layer_backward:3.712892532348633
INFO:trainer_layer_backward:3.4177303314208984
INFO:trainer_layer_backward:4.63557243347168
INFO:trainer_layer_backward:3.431558609008789
INFO:trainer_layer_backward:3.696918487548828
INFO:trainer_layer_backward:3.2646656036376953
INFO:trainer_layer_backward:3.2656192779541016
INFO:trainer_layer_backward:3.673553466796875
INFO:trainer_layer_backward:3.3571720123291016
INFO:trainer_layer_backward:3.461122512817383
INFO:trainer_layer_backward:4.385709762573242
INFO:trainer_layer_backward:3.5386085510253906
INFO:trainer_layer_backward:4.229068756103516
INFO:trainer_layer_backward:3.6249160766601562
INFO:trainer_layer_backward:2.8655529022216797
INFO:trainer_layer_backward:2.4297237396240234
INFO:trainer_layer_backward:3.835916519165039
INFO:trainer_layer_backward:4.418134689331055
INFO:trainer_layer_backward:3.2815933227539062
INFO:trainer_layer_backward:3.370523452758789
INFO:trainer_layer_backward:4.628658294677734
INFO:trainer_layer_backward:4.511117935180664
INFO:trainer_layer_backward:3.2072067260742188
INFO:trainer_layer_backward:4.097700119018555
INFO:trainer_layer_backward:3.6361217498779297
INFO:trainer_layer_backward:4.463434219360352
INFO:trainer_layer_backward:2.7098655700683594
INFO:trainer_layer_backward:3.131389617919922
INFO:trainer_layer_backward:4.176616668701172
INFO:trainer_layer_backward:3.894805908203125
INFO:trainer_layer_backward:3.9162635803222656
INFO:trainer_layer_backward:3.512144088745117
INFO:trainer_layer_backward:4.220485687255859
INFO:trainer_layer_backward:2.293825149536133
INFO:trainer_layer_backward:2.3064613342285156
INFO:trainer_layer_backward:3.505706787109375
INFO:trainer_layer_backward:3.143310546875
INFO:trainer_layer_backward:5.665779113769531
INFO:trainer_layer_backward:3.805875778198242
INFO:trainer_layer_backward:3.1080245971679688
INFO:trainer_layer_backward:3.4584999084472656
INFO:trainer_layer_backward:2.3636817932128906
INFO:trainer_layer_backward:3.430604934692383
INFO:trainer_layer_backward:3.8967132568359375
INFO:trainer_layer_backward:2.417325973510742
INFO:trainer_layer_backward:4.65846061706543
INFO:trainer_layer_backward:3.7009716033935547
INFO:trainer_layer_backward:3.697633743286133
INFO:trainer_layer_backward:2.782583236694336
INFO:trainer_layer_backward:2.467632293701172
INFO:trainer_layer_backward:4.499912261962891
INFO:trainer_layer_backward:3.2236576080322266
INFO:trainer_layer_backward:3.6966800689697266
INFO:trainer_layer_backward:3.298521041870117
INFO:trainer_layer_backward:3.7229061126708984
INFO:trainer_layer_backward:4.165410995483398
INFO:trainer_layer_backward:3.317117691040039
INFO:trainer_layer_backward:3.9510726928710938
INFO:trainer_layer_backward:3.948688507080078
INFO:trainer_layer_backward:3.1309127807617188
INFO:trainer_layer_backward:4.498720169067383
INFO:trainer_layer_backward:2.73895263671875
INFO:trainer_layer_backward:3.828763961791992
INFO:trainer_layer_backward:3.7713050842285156
INFO:trainer_layer_backward:4.388570785522461
INFO:trainer_layer_backward:3.2105445861816406
INFO:trainer_layer_backward:3.5042762756347656
INFO:trainer_layer_backward:4.375934600830078
INFO:trainer_layer_backward:2.347230911254883
INFO:trainer_layer_backward:3.2501220703125
INFO:trainer_layer_backward:3.9811134338378906
INFO:trainer_layer_backward:4.543304443359375
INFO:trainer_layer_backward:4.606723785400391
INFO:trainer_layer_backward:3.1366348266601562
INFO:trainer_layer_backward:4.15492057800293
INFO:trainer_layer_backward:4.416227340698242
INFO:trainer_layer_backward:3.074169158935547
INFO:trainer_layer_backward:3.4134387969970703
INFO:trainer_layer_backward:5.257129669189453
INFO:trainer_layer_backward:3.9310455322265625
INFO:trainer_layer_backward:5.019903182983398
INFO:trainer_layer_backward:2.924203872680664
INFO:trainer_layer_backward:2.7713775634765625
INFO:trainer_layer_backward:3.5223960876464844
INFO:trainer_layer_backward:2.5475025177001953
INFO:trainer_layer_backward:2.9211044311523438
INFO:trainer_layer_backward:3.2241344451904297
INFO:trainer_layer_backward:3.3457279205322266
INFO:trainer_layer_backward:2.382516860961914
INFO:trainer_layer_backward:2.393484115600586
INFO:trainer_layer_backward:2.789735794067383
INFO:trainer_layer_backward:3.4499168395996094
INFO:trainer_layer_backward:3.6001205444335938
INFO:trainer_layer_backward:2.7496814727783203
INFO:trainer_layer_backward:2.241849899291992
INFO:trainer_layer_backward:2.7904510498046875
INFO:trainer_layer_backward:2.9201507568359375
INFO:trainer_layer_backward:3.423452377319336
INFO:trainer_layer_backward:3.427743911743164
INFO:trainer_layer_backward:3.379344940185547
INFO:trainer_layer_backward:4.3430328369140625
INFO:trainer_layer_backward:4.8770904541015625
INFO:trainer_layer_backward:2.7272701263427734
INFO:trainer_layer_backward:3.7889480590820312
INFO:trainer_layer_backward:2.52532958984375
INFO:trainer_layer_backward:2.7086734771728516
INFO:trainer_layer_backward:3.6497116088867188
INFO:trainer_layer_backward:3.206014633178711
INFO:trainer_layer_backward:3.543376922607422
INFO:trainer_layer_backward:4.206180572509766
INFO:trainer_layer_backward:3.857135772705078
INFO:trainer_layer_backward:3.8411617279052734
INFO:trainer_layer_backward:3.4797191619873047
INFO:trainer_layer_backward:4.161596298217773
INFO:trainer_layer_backward:3.900289535522461
INFO:trainer_layer_backward:3.3431053161621094
INFO:trainer_layer_backward:4.676103591918945
INFO:trainer_layer_backward:2.95257568359375
INFO:trainer_layer_backward:3.270387649536133
INFO:trainer_layer_backward:3.489255905151367
INFO:trainer_layer_backward:2.8967857360839844
INFO:trainer_layer_backward:2.758502960205078
INFO:trainer_layer_backward:3.2494068145751953
INFO:trainer_layer_backward:2.9366016387939453
INFO:trainer_layer_backward:4.62651252746582
INFO:trainer_layer_backward:3.2067298889160156
INFO:trainer_layer_backward:2.9201507568359375
INFO:trainer_layer_backward:2.862691879272461
INFO:trainer_layer_backward:2.9823780059814453
INFO:trainer_layer_backward:3.28826904296875
INFO:trainer_layer_backward:3.389120101928711
INFO:trainer_layer_backward:3.465414047241211
INFO:trainer_layer_backward:2.1622180938720703
INFO:trainer_layer_backward:2.9430389404296875
INFO:trainer_layer_backward:3.6780834197998047
INFO:trainer_layer_backward:4.390954971313477
INFO:trainer_layer_backward:2.2454261779785156
INFO:trainer_layer_backward:2.058267593383789
INFO:trainer_layer_backward:3.3032894134521484
INFO:trainer_layer_backward:3.9682388305664062
INFO:trainer_layer_backward:2.490520477294922
INFO:trainer_layer_backward:2.6407241821289062
INFO:trainer_layer_backward:3.0794143676757812
INFO:trainer_layer_backward:2.9706954956054688
INFO:trainer_layer_backward:2.2928714752197266
INFO:trainer_layer_backward:2.4213790893554688
INFO:trainer_layer_backward:3.3140182495117188
INFO:trainer_layer_backward:2.179384231567383
INFO:trainer_layer_backward:2.2346973419189453
INFO:trainer_layer_backward:2.4366378784179688
INFO:trainer_layer_backward:3.065824508666992
INFO:trainer_layer_backward:3.662586212158203
INFO:trainer_layer_backward:4.3163299560546875
INFO:trainer_layer_backward:4.718303680419922
INFO:trainer_layer_backward:3.194093704223633
INFO:trainer_layer_backward:3.4253597259521484
INFO:trainer_layer_backward:2.7208328247070312
INFO:trainer_layer_backward:2.559661865234375
INFO:trainer_layer_backward:2.254962921142578
INFO:trainer_layer_backward:2.3980140686035156
INFO:trainer_layer_backward:2.407550811767578
INFO:trainer_layer_backward:2.6466846466064453
INFO:trainer_layer_backward:2.228260040283203
INFO:trainer_layer_backward:2.481698989868164
INFO:trainer_layer_backward:2.512216567993164
INFO:trainer_layer_backward:4.547834396362305
INFO:trainer_layer_backward:4.258871078491211
INFO:trainer_layer_backward:4.341602325439453
INFO:trainer_layer_backward:3.0341148376464844
INFO:trainer_layer_backward:3.5653114318847656
INFO:trainer_layer_backward:3.4170150756835938
INFO:trainer_layer_backward:4.0454864501953125
INFO:trainer_layer_backward:4.598140716552734
INFO:trainer_layer_backward:2.8061866760253906
INFO:trainer_layer_backward:4.631757736206055
INFO:trainer_layer_backward:3.7004947662353516
INFO:trainer_layer_backward:3.0901432037353516
INFO:trainer_layer_backward:2.7997493743896484
INFO:trainer_layer_backward:2.3450851440429688
INFO:trainer_layer_backward:2.250194549560547
INFO:trainer_layer_backward:4.16111946105957
INFO:trainer_layer_backward:3.648042678833008
INFO:trainer_layer_backward:2.302408218383789
INFO:trainer_layer_backward:3.264188766479492
INFO:trainer_layer_backward:3.2761096954345703
INFO:trainer_layer_backward:3.795623779296875
INFO:trainer_layer_backward:5.024194717407227
INFO:trainer_layer_backward:3.191232681274414
INFO:trainer_layer_backward:2.1355152130126953
INFO:trainer_layer_backward:4.047155380249023
INFO:trainer_layer_backward:3.275632858276367
INFO:trainer_layer_backward:3.284931182861328
INFO:trainer_layer_backward:4.277944564819336
INFO:trainer_layer_backward:4.996061325073242
INFO:trainer_layer_backward:4.212141036987305
INFO:trainer_layer_backward:3.9322376251220703
INFO:trainer_layer_backward:4.258871078491211
INFO:trainer_layer_backward:2.2437572479248047
INFO:trainer_layer_backward:3.572702407836914
INFO:trainer_layer_backward:4.204511642456055
INFO:trainer_layer_backward:4.1675567626953125
INFO:trainer_layer_backward:2.733469009399414
INFO:trainer_layer_backward:2.512693405151367
INFO:trainer_layer_backward:2.7670860290527344
INFO:trainer_layer_backward:2.770662307739258
INFO:trainer_layer_backward:3.658294677734375
INFO:trainer_layer_backward:3.7512779235839844
INFO:trainer_layer_backward:2.7992725372314453
INFO:trainer_layer_backward:3.1087398529052734
INFO:trainer_layer_backward:2.9754638671875
INFO:trainer_layer_backward:2.621889114379883
INFO:trainer_layer_backward:2.3844242095947266
INFO:trainer_layer_backward:3.1387805938720703
INFO:trainer_layer_backward:3.002166748046875
INFO:trainer_layer_backward:3.3042430877685547
INFO:trainer_layer_backward:4.582881927490234
INFO:trainer_layer_backward:5.198001861572266
INFO:trainer_layer_backward:4.258394241333008
INFO:trainer_layer_backward:3.0510425567626953
INFO:trainer_layer_backward:2.4390220642089844
INFO:trainer_layer_backward:2.6082992553710938
INFO:trainer_layer_backward:4.024267196655273
INFO:trainer_layer_backward:3.4308433532714844
INFO:trainer_layer_backward:4.170417785644531
INFO:trainer_layer_backward:4.2591094970703125
INFO:trainer_layer_backward:3.9229393005371094
INFO:trainer_layer_backward:4.934072494506836
INFO:trainer_layer_backward:2.451658248901367
INFO:trainer_layer_backward:3.9131641387939453
INFO:trainer_layer_backward:4.691123962402344
INFO:trainer_layer_backward:4.7454833984375
INFO:trainer_layer_backward:2.5866031646728516
INFO:trainer_layer_backward:3.7255287170410156
INFO:trainer_layer_backward:3.5521984100341797
INFO:trainer_layer_backward:3.9937496185302734
INFO:trainer_layer_backward:3.3371448516845703
INFO:trainer_layer_backward:3.3288002014160156
INFO:trainer_layer_backward:3.282785415649414
INFO:trainer_layer_backward:4.128217697143555
INFO:trainer_layer_backward:3.8299560546875
INFO:trainer_layer_backward:3.9970874786376953
INFO:trainer_layer_backward:3.0295848846435547
INFO:trainer_layer_backward:3.3402442932128906
INFO:trainer_layer_backward:4.958629608154297
INFO:trainer_layer_backward:4.281282424926758
INFO:trainer_layer_backward:4.676103591918945
INFO:trainer_layer_backward:4.818916320800781
INFO:trainer_layer_backward:3.1745433807373047
INFO:trainer_layer_backward:3.8824081420898438
INFO:trainer_layer_backward:2.578258514404297
INFO:trainer_layer_backward:2.2978782653808594
INFO:trainer_layer_backward:2.2661685943603516
INFO:trainer_layer_backward:2.6497840881347656
INFO:trainer_layer_backward:3.3905506134033203
INFO:trainer_layer_backward:3.101348876953125
INFO:trainer_layer_backward:3.3109188079833984
INFO:trainer_layer_backward:3.2949447631835938
INFO:trainer_layer_backward:2.3314952850341797
INFO:trainer_layer_backward:2.926349639892578
INFO:trainer_layer_backward:2.111673355102539
INFO:trainer_layer_backward:3.4101009368896484
INFO:trainer_layer_backward:2.292633056640625
INFO:trainer_layer_backward:2.2242069244384766
INFO:trainer_layer_backward:3.1156539916992188
INFO:trainer_layer_backward:3.7033557891845703
INFO:trainer_layer_backward:2.2966861724853516
INFO:trainer_layer_backward:2.110719680786133
INFO:trainer_layer_backward:3.4232139587402344
INFO:trainer_layer_backward:3.175973892211914
INFO:trainer_layer_backward:2.3775100708007812
INFO:trainer_layer_backward:2.253293991088867
INFO:trainer_layer_backward:2.6314258575439453
INFO:trainer_layer_backward:2.821207046508789
INFO:trainer_layer_backward:3.255128860473633
INFO:trainer_layer_backward:3.1461715698242188
INFO:trainer_layer_backward:2.871990203857422
INFO:trainer_layer_backward:3.8809776306152344
INFO:trainer_layer_backward:4.765510559082031
INFO:trainer_layer_backward:3.238677978515625
INFO:trainer_layer_backward:1.9893646240234375
INFO:trainer_layer_backward:3.0412673950195312
INFO:trainer_layer_backward:3.547191619873047
INFO:trainer_layer_backward:2.293109893798828
INFO:trainer_layer_backward:2.351045608520508
INFO:trainer_layer_backward:2.235889434814453
INFO:trainer_layer_backward:2.1049976348876953
INFO:trainer_layer_backward:2.7582645416259766
INFO:trainer_layer_backward:2.1622180938720703
INFO:trainer_layer_backward:2.335786819458008
INFO:trainer_layer_backward:3.2796859741210938
INFO:trainer_layer_backward:3.032684326171875
INFO:trainer_layer_backward:3.7078857421875
INFO:trainer_layer_backward:4.332542419433594
INFO:trainer_layer_backward:3.6475658416748047
INFO:trainer_layer_backward:3.557920455932617
INFO:trainer_layer_backward:2.8908252716064453
INFO:trainer_layer_backward:2.491474151611328
INFO:trainer_layer_backward:2.507925033569336
INFO:trainer_layer_backward:3.9463043212890625
INFO:trainer_layer_backward:2.5718212127685547
INFO:trainer_layer_backward:2.2945404052734375
INFO:trainer_layer_backward:2.6204586029052734
INFO:trainer_layer_backward:3.418445587158203
INFO:trainer_layer_backward:2.817392349243164
INFO:trainer_layer_backward:2.583026885986328
INFO:trainer_layer_backward:2.856731414794922
INFO:trainer_layer_backward:3.200531005859375
INFO:trainer_layer_backward:2.470254898071289
INFO:trainer_layer_backward:6.534337997436523
INFO:trainer_layer_backward:2.5937557220458984
INFO:trainer_layer_backward:5.325078964233398
INFO:trainer_layer_backward:2.2706985473632812
INFO:trainer_layer_backward:2.535104751586914
INFO:trainer_layer_backward:2.9900074005126953
INFO:trainer_layer_backward:3.76129150390625
INFO:trainer_layer_backward:4.630565643310547
INFO:trainer_layer_backward:3.2351016998291016
INFO:trainer_layer_backward:2.6445388793945312
INFO:trainer_layer_backward:2.2056102752685547
INFO:trainer_layer_backward:2.2335052490234375
INFO:trainer_layer_backward:2.4220943450927734
INFO:trainer_layer_backward:2.3865699768066406
INFO:trainer_layer_backward:2.2919178009033203
INFO:trainer_layer_backward:2.2592544555664062
INFO:trainer_layer_backward:2.3679733276367188
INFO:trainer_layer_backward:2.4938583374023438
INFO:trainer_layer_backward:2.3746490478515625
INFO:trainer_layer_backward:2.1872520446777344
INFO:trainer_layer_backward:2.187013626098633
INFO:trainer_layer_backward:2.514362335205078
INFO:trainer_layer_backward:2.2449493408203125
INFO:trainer_layer_backward:2.0313262939453125
INFO:trainer_layer_backward:2.254486083984375
INFO:trainer_layer_backward:2.0427703857421875
INFO:trainer_layer_backward:2.2318363189697266
INFO:trainer_layer_backward:2.038240432739258
INFO:trainer_layer_backward:2.2742748260498047
INFO:trainer_layer_backward:2.2382736206054688
INFO:trainer_layer_backward:2.3107528686523438
INFO:trainer_layer_backward:2.1104812622070312
INFO:trainer_layer_backward:2.3038387298583984
INFO:trainer_layer_backward:2.4611949920654297
INFO:trainer_layer_backward:2.214670181274414
INFO:trainer_layer_backward:2.09808349609375
INFO:trainer_layer_backward:2.2885799407958984
INFO:trainer_layer_backward:2.050638198852539
INFO:trainer_layer_backward:2.280712127685547
INFO:trainer_layer_backward:2.161741256713867
INFO:trainer_layer_backward:2.229452133178711
INFO:trainer_layer_backward:2.3097991943359375
INFO:trainer_layer_backward:2.413511276245117
INFO:trainer_layer_backward:2.1724700927734375
INFO:trainer_layer_backward:2.262592315673828
INFO:trainer_layer_backward:2.0885467529296875
INFO:trainer_layer_backward:2.431154251098633
INFO:trainer_layer_backward:2.283334732055664
INFO:trainer_layer_backward:2.2368431091308594
INFO:trainer_layer_backward:2.0689964294433594
INFO:trainer_layer_backward:2.4657249450683594
INFO:trainer_layer_backward:2.244234085083008
INFO:trainer_layer_backward:2.311229705810547
INFO:trainer_layer_backward:1.9848346710205078
INFO:trainer_layer_backward:2.2389888763427734
INFO:trainer_layer_backward:1.9228458404541016
INFO:trainer_layer_backward:2.1092891693115234
INFO:trainer_layer_backward:2.2170543670654297
INFO:trainer_layer_backward:2.2852420806884766
INFO:trainer_layer_backward:2.2416114807128906
INFO:trainer_layer_backward:2.236604690551758
INFO:trainer_layer_backward:2.4116039276123047
INFO:trainer_layer_backward:2.5870800018310547
INFO:trainer_layer_backward:2.131938934326172
INFO:trainer_layer_backward:2.484560012817383
INFO:trainer_layer_backward:2.068042755126953
INFO:trainer_layer_backward:2.238750457763672
INFO:trainer_layer_backward:2.1572113037109375
INFO:trainer_layer_backward:2.296924591064453
INFO:trainer_layer_backward:1.9402503967285156
INFO:trainer_layer_backward:2.266407012939453
INFO:trainer_layer_backward:2.0551681518554688
INFO:trainer_layer_backward:2.154827117919922
INFO:trainer_layer_backward:2.056598663330078
INFO:trainer_layer_backward:2.3653507232666016
INFO:trainer_layer_backward:1.9989013671875
INFO:trainer_layer_backward:4.071712493896484
INFO:trainer_layer_backward:4.159212112426758
INFO:trainer_layer_backward:2.2211074829101562
INFO:trainer_layer_backward:3.4809112548828125
INFO:trainer_layer_backward:3.7696361541748047
INFO:trainer_layer_backward:2.785921096801758
INFO:trainer_layer_backward:5.072832107543945
INFO:trainer_layer_backward:3.9136409759521484
INFO:trainer_layer_backward:2.6831626892089844
INFO:trainer_layer_backward:3.4132003784179688
INFO:trainer_layer_backward:2.3720264434814453
INFO:trainer_layer_backward:2.4559497833251953
INFO:trainer_layer_backward:3.4079551696777344
INFO:trainer_layer_backward:2.5894641876220703
INFO:trainer_layer_backward:2.3055076599121094
INFO:trainer_layer_backward:2.414226531982422
INFO:trainer_layer_backward:2.379179000854492
INFO:trainer_layer_backward:2.7358531951904297
INFO:trainer_layer_backward:2.668619155883789
INFO:trainer_layer_backward:2.281665802001953
INFO:trainer_layer_backward:3.0989646911621094
INFO:trainer_layer_backward:3.221750259399414
INFO:trainer_layer_backward:3.3190250396728516
INFO:trainer_layer_backward:2.7060508728027344
INFO:trainer_layer_backward:3.2558441162109375
INFO:trainer_layer_backward:2.867460250854492
INFO:trainer_layer_backward:2.44140625
INFO:trainer_layer_backward:1.9845962524414062
INFO:trainer_layer_backward:2.973318099975586
INFO:trainer_layer_backward:3.2587051391601562
INFO:trainer_layer_backward:2.7899742126464844
INFO:trainer_layer_backward:2.9304027557373047
INFO:trainer_layer_backward:3.1571388244628906
INFO:trainer_layer_backward:3.610372543334961
INFO:trainer_layer_backward:2.5873184204101562
INFO:trainer_layer_backward:2.2377967834472656
INFO:trainer_layer_backward:2.0303726196289062
INFO:trainer_layer_backward:2.1414756774902344
INFO:trainer_layer_backward:3.3054351806640625
INFO:trainer_layer_backward:2.893209457397461
INFO:trainer_layer_backward:2.9544830322265625
INFO:trainer_layer_backward:2.963542938232422
INFO:trainer_layer_backward:3.540515899658203
INFO:trainer_layer_backward:3.0083656311035156
INFO:trainer_layer_backward:2.8302669525146484
INFO:trainer_layer_backward:3.6153793334960938
INFO:trainer_layer_backward:4.077911376953125
INFO:trainer_layer_backward:5.489587783813477
INFO:trainer_layer_backward:3.4139156341552734
INFO:trainer_layer_backward:3.2508373260498047
INFO:trainer_layer_backward:3.210306167602539
INFO:trainer_layer_backward:2.366304397583008
INFO:trainer_layer_backward:2.9604434967041016
INFO:trainer_layer_backward:3.1414031982421875
INFO:trainer_layer_backward:3.361225128173828
INFO:trainer_layer_backward:3.204822540283203
INFO:trainer_layer_backward:3.1096935272216797
INFO:trainer_layer_backward:3.0384063720703125
INFO:trainer_layer_backward:3.000020980834961
INFO:trainer_layer_backward:3.12042236328125
INFO:trainer_layer_backward:3.066539764404297
INFO:trainer_layer_backward:2.7856826782226562
INFO:trainer_layer_backward:3.3180713653564453
INFO:trainer_layer_backward:2.842426300048828
INFO:trainer_layer_backward:2.9134750366210938
INFO:trainer_layer_backward:2.7799606323242188
INFO:trainer_layer_backward:2.9375553131103516
INFO:trainer_layer_backward:2.8417110443115234
INFO:trainer_layer_backward:4.868745803833008
INFO:trainer_layer_backward:3.128528594970703
INFO:trainer_layer_backward:1.9726753234863281
INFO:trainer_layer_backward:2.6640892028808594
INFO:trainer_layer_backward:3.3006668090820312
INFO:trainer_layer_backward:2.167224884033203
INFO:trainer_layer_backward:2.3200511932373047
INFO:trainer_layer_backward:2.373218536376953
INFO:trainer_layer_backward:3.297567367553711
INFO:trainer_layer_backward:3.167867660522461
INFO:trainer_layer_backward:2.3250579833984375
INFO:trainer_layer_backward:2.0482540130615234
INFO:trainer_layer_backward:2.412080764770508
INFO:trainer_layer_backward:2.3572444915771484
INFO:trainer_layer_backward:2.726316452026367
INFO:trainer_layer_backward:2.2182464599609375
INFO:trainer_layer_backward:2.231597900390625
INFO:trainer_layer_backward:2.3920536041259766
INFO:trainer_layer_backward:3.6766529083251953
INFO:trainer_layer_backward:3.8957595825195312
INFO:trainer_layer_backward:3.8385391235351562
INFO:trainer_layer_backward:2.1257400512695312
INFO:trainer_layer_backward:2.4077892303466797
INFO:trainer_layer_backward:3.3485889434814453
INFO:trainer_layer_backward:3.319978713989258
INFO:trainer_layer_backward:3.0493736267089844
INFO:trainer_layer_backward:4.3392181396484375
INFO:trainer_layer_backward:3.9484500885009766
INFO:trainer_layer_backward:3.1151771545410156
INFO:trainer_layer_backward:2.8831958770751953
INFO:trainer_layer_backward:4.263639450073242
INFO:trainer_layer_backward:2.8901100158691406
INFO:trainer_layer_backward:2.3026466369628906
INFO:trainer_layer_backward:1.9271373748779297
INFO:trainer_layer_backward:2.633810043334961
INFO:trainer_layer_backward:3.127574920654297
INFO:trainer_layer_backward:2.9935836791992188
INFO:trainer_layer_backward:4.13823127746582
INFO:trainer_layer_backward:3.566265106201172
INFO:trainer_layer_backward:2.5815963745117188
INFO:trainer_layer_backward:2.5513172149658203
INFO:trainer_layer_backward:3.1499862670898438
INFO:trainer_layer_backward:3.081798553466797
INFO:trainer_layer_backward:2.9604434967041016
INFO:trainer_layer_backward:3.370523452758789
INFO:trainer_layer_backward:2.6009082794189453
INFO:trainer_layer_backward:2.042055130004883
INFO:trainer_layer_backward:3.190755844116211
INFO:trainer_layer_backward:3.4143924713134766
INFO:trainer_layer_backward:4.782676696777344
INFO:trainer_layer_backward:2.4394989013671875
INFO:trainer_layer_backward:2.103090286254883
INFO:trainer_layer_backward:3.4317970275878906
INFO:trainer_layer_backward:2.305269241333008
INFO:trainer_layer_backward:2.438068389892578
INFO:trainer_layer_backward:3.033876419067383
INFO:trainer_layer_backward:3.2858848571777344
INFO:trainer_layer_backward:3.358125686645508
INFO:trainer_layer_backward:3.064393997192383
INFO:trainer_layer_backward:2.9654502868652344
INFO:trainer_layer_backward:3.8869380950927734
INFO:trainer_layer_backward:4.753828048706055
INFO:trainer_layer_backward:3.2150745391845703
INFO:trainer_layer_backward:3.9415359497070312
INFO:trainer_layer_backward:3.075122833251953
INFO:trainer_layer_backward:3.531932830810547
INFO:trainer_layer_backward:3.328561782836914
INFO:trainer_layer_backward:4.097461700439453
INFO:trainer_layer_backward:3.818988800048828
INFO:trainer_layer_backward:2.8603076934814453
INFO:trainer_layer_backward:4.712820053100586
INFO:trainer_layer_backward:2.257108688354492
INFO:trainer_layer_backward:2.0351409912109375
INFO:trainer_layer_backward:2.227783203125
INFO:trainer_layer_backward:2.155780792236328
INFO:trainer_layer_backward:2.8862953186035156
INFO:trainer_layer_backward:2.736330032348633
INFO:trainer_layer_backward:2.9578208923339844
INFO:trainer_layer_backward:2.782583236694336
INFO:trainer_layer_backward:2.942323684692383
INFO:trainer_layer_backward:2.9098987579345703
INFO:trainer_layer_backward:3.047943115234375
INFO:trainer_layer_backward:4.559516906738281
INFO:trainer_layer_backward:3.3197402954101562
INFO:trainer_layer_backward:3.5610198974609375
INFO:trainer_layer_backward:2.902507781982422
INFO:trainer_layer_backward:3.28826904296875
INFO:trainer_layer_backward:2.760648727416992
INFO:trainer_layer_backward:2.7790069580078125
INFO:trainer_layer_backward:3.229856491088867
INFO:trainer_layer_backward:2.949953079223633
INFO:trainer_layer_backward:2.804994583129883
INFO:trainer_layer_backward:3.6835670471191406
INFO:trainer_layer_backward:3.834962844848633
INFO:trainer_layer_backward:3.2837390899658203
INFO:trainer_layer_backward:3.664731979370117
INFO:trainer_layer_backward:3.0260086059570312
INFO:trainer_layer_backward:2.156496047973633
INFO:trainer_layer_backward:2.8467178344726562
INFO:trainer_layer_backward:2.8982162475585938
INFO:trainer_layer_backward:2.9201507568359375
INFO:trainer_layer_backward:4.300117492675781
INFO:trainer_layer_backward:3.4132003784179688
INFO:trainer_layer_backward:2.8488636016845703
INFO:trainer_layer_backward:4.1904449462890625
INFO:trainer_layer_backward:3.1430721282958984
INFO:trainer_layer_backward:3.3283233642578125
INFO:trainer_layer_backward:2.8574466705322266
INFO:trainer_layer_backward:3.6487579345703125
INFO:trainer_layer_backward:3.862619400024414
INFO:trainer_layer_backward:2.7344226837158203
INFO:trainer_layer_backward:2.002239227294922
INFO:trainer_layer_backward:2.2776126861572266
INFO:trainer_layer_backward:2.8467178344726562
INFO:trainer_layer_backward:2.730846405029297
INFO:trainer_layer_backward:2.8848648071289062
INFO:trainer_layer_backward:2.8028488159179688
INFO:trainer_layer_backward:2.225160598754883
INFO:trainer_layer_backward:2.0563602447509766
INFO:trainer_layer_backward:2.1262168884277344
INFO:trainer_layer_backward:2.108335494995117
INFO:trainer_layer_backward:2.5289058685302734
INFO:trainer_layer_backward:3.801584243774414
INFO:trainer_layer_backward:2.2830963134765625
INFO:trainer_layer_backward:2.2618770599365234
INFO:trainer_layer_backward:3.07464599609375
INFO:trainer_layer_backward:2.87628173828125
INFO:trainer_layer_backward:2.9420852661132812
INFO:trainer_layer_backward:2.9227733612060547
INFO:trainer_layer_backward:4.352569580078125
INFO:trainer_layer_backward:3.4346580505371094
INFO:trainer_layer_backward:3.8213729858398438
INFO:trainer_layer_backward:4.300594329833984
INFO:trainer_layer_backward:3.39508056640625
INFO:trainer_layer_backward:2.997875213623047
INFO:trainer_layer_backward:2.5663375854492188
INFO:trainer_layer_backward:2.4819374084472656
INFO:trainer_layer_backward:2.660989761352539
INFO:trainer_layer_backward:3.097057342529297
INFO:trainer_layer_backward:2.8715133666992188
INFO:trainer_layer_backward:3.041982650756836
INFO:trainer_layer_backward:3.8504600524902344
INFO:trainer_layer_backward:3.596067428588867
INFO:trainer_layer_backward:4.087209701538086
INFO:trainer_layer_backward:3.7589073181152344
INFO:trainer_layer_backward:4.412174224853516
INFO:trainer_layer_backward:3.208160400390625
INFO:trainer_layer_backward:3.080129623413086
INFO:trainer_layer_backward:2.8929710388183594
INFO:trainer_layer_backward:2.1352767944335938
INFO:trainer_layer_backward:1.9707679748535156
INFO:trainer_layer_backward:3.0868053436279297
INFO:trainer_layer_backward:2.8533935546875
INFO:trainer_layer_backward:3.1888484954833984
INFO:trainer_layer_backward:5.089998245239258
INFO:trainer_layer_backward:2.9239654541015625
INFO:trainer_layer_backward:3.02886962890625
INFO:trainer_layer_backward:3.679037094116211
INFO:trainer_layer_backward:3.484487533569336
INFO:trainer_layer_backward:2.4192333221435547
INFO:trainer_layer_backward:2.1677017211914062
INFO:trainer_layer_backward:2.723217010498047
INFO:trainer_layer_backward:3.1185150146484375
INFO:trainer_layer_backward:2.8400421142578125
INFO:trainer_layer_backward:2.9408931732177734
INFO:trainer_layer_backward:2.8684139251708984
INFO:trainer_layer_backward:3.524303436279297
INFO:trainer_layer_backward:4.013538360595703
INFO:trainer_layer_backward:2.907276153564453
INFO:trainer_layer_backward:2.1708011627197266
INFO:trainer_layer_backward:2.382516860961914
INFO:trainer_layer_backward:2.1736621856689453
INFO:trainer_layer_backward:1.9958019256591797
INFO:trainer_layer_backward:2.0592212677001953
INFO:trainer_layer_backward:2.071380615234375
INFO:trainer_layer_backward:2.279043197631836
INFO:trainer_layer_backward:2.2559165954589844
INFO:trainer_layer_backward:2.0711421966552734
INFO:trainer_layer_backward:2.179861068725586
INFO:trainer_layer_backward:2.8862953186035156
INFO:trainer_layer_backward:2.8009414672851562
INFO:trainer_layer_backward:2.798795700073242
INFO:trainer_layer_backward:2.756357192993164
INFO:trainer_layer_backward:3.093719482421875
INFO:trainer_layer_backward:2.7778148651123047
INFO:trainer_layer_backward:3.4186840057373047
INFO:trainer_layer_backward:3.4716129302978516
INFO:trainer_layer_backward:2.016782760620117
INFO:trainer_layer_backward:2.076387405395508
INFO:trainer_layer_backward:2.925872802734375
INFO:trainer_layer_backward:2.776622772216797
INFO:trainer_layer_backward:3.764629364013672
INFO:trainer_layer_backward:3.840923309326172
INFO:trainer_layer_backward:2.846240997314453
INFO:trainer_layer_backward:2.942800521850586
INFO:trainer_layer_backward:5.440950393676758
INFO:trainer_layer_backward:3.6401748657226562
INFO:trainer_layer_backward:2.307891845703125
INFO:trainer_layer_backward:2.1245479583740234
INFO:trainer_layer_backward:2.1865367889404297
INFO:trainer_layer_backward:2.169370651245117
INFO:trainer_layer_backward:2.8815269470214844
INFO:trainer_layer_backward:3.0069351196289062
INFO:trainer_layer_backward:2.251148223876953
INFO:trainer_layer_backward:2.2563934326171875
INFO:trainer_layer_backward:2.2721290588378906
INFO:trainer_layer_backward:3.7391185760498047
INFO:trainer_layer_backward:2.1898746490478516
INFO:trainer_layer_backward:3.656625747680664
INFO:trainer_layer_backward:2.104043960571289
INFO:trainer_layer_backward:2.1524429321289062
INFO:trainer_layer_backward:2.210855484008789
INFO:trainer_layer_backward:2.404928207397461
INFO:trainer_layer_backward:2.5734901428222656
INFO:trainer_layer_backward:2.057313919067383
INFO:trainer_layer_backward:2.2346973419189453
INFO:trainer_layer_backward:1.9991397857666016
INFO:trainer_layer_backward:2.274036407470703
INFO:trainer_layer_backward:2.2263526916503906
INFO:trainer_layer_backward:2.2268295288085938
INFO:trainer_layer_backward:2.215147018432617
INFO:trainer_layer_backward:1.9893646240234375
INFO:trainer_layer_backward:2.098560333251953
INFO:trainer_layer_backward:3.910541534423828
INFO:trainer_layer_backward:3.1054019927978516
INFO:trainer_layer_backward:2.5398731231689453
INFO:trainer_layer_backward:3.0198097229003906
INFO:trainer_layer_backward:2.994060516357422
INFO:trainer_layer_backward:2.7539730072021484
INFO:trainer_layer_backward:3.05938720703125
INFO:trainer_layer_backward:2.9125213623046875
INFO:trainer_layer_backward:3.092527389526367
INFO:trainer_layer_backward:2.9249191284179688
INFO:trainer_layer_backward:2.6586055755615234
INFO:trainer_layer_backward:2.3505687713623047
INFO:trainer_layer_backward:2.2542476654052734
INFO:trainer_layer_backward:3.580331802368164
INFO:trainer_layer_backward:4.647493362426758
INFO:trainer_layer_backward:4.5375823974609375
INFO:trainer_layer_backward:4.297733306884766
INFO:trainer_layer_backward:2.4940967559814453
INFO:trainer_layer_backward:3.8254261016845703
INFO:trainer_layer_backward:3.674030303955078
INFO:trainer_layer_backward:2.993345260620117
INFO:trainer_layer_backward:4.995584487915039
INFO:trainer_layer_backward:2.9675960540771484
INFO:trainer_layer_backward:3.487110137939453
INFO:trainer_layer_backward:3.622293472290039
INFO:trainer_layer_backward:3.467559814453125
INFO:trainer_layer_backward:5.527734756469727
INFO:trainer_layer_backward:3.1855106353759766
INFO:trainer_layer_backward:2.1927356719970703
INFO:trainer_layer_backward:2.1135807037353516
INFO:trainer_layer_backward:2.191781997680664
INFO:trainer_layer_backward:3.1709671020507812
INFO:trainer_layer_backward:4.568576812744141
INFO:trainer_layer_backward:2.9981136322021484
INFO:trainer_layer_backward:3.022432327270508
INFO:trainer_layer_backward:2.923727035522461
INFO:trainer_layer_backward:4.38690185546875
INFO:trainer_layer_backward:4.670381546020508
INFO:trainer_layer_backward:2.3708343505859375
INFO:trainer_layer_backward:2.2919178009033203
INFO:trainer_layer_backward:2.0263195037841797
INFO:trainer_layer_backward:2.2547245025634766
INFO:trainer_layer_backward:2.125978469848633
INFO:trainer_layer_backward:2.026796340942383
INFO:trainer_layer_backward:2.1228790283203125
INFO:trainer_layer_backward:2.149343490600586
INFO:trainer_layer_backward:1.9862651824951172
INFO:trainer_layer_backward:2.1178722381591797
INFO:trainer_layer_backward:1.9905567169189453
INFO:trainer_layer_backward:2.3505687713623047
INFO:trainer_layer_backward:1.9779205322265625
INFO:trainer_layer_backward:2.4466514587402344
INFO:trainer_layer_backward:2.197742462158203
INFO:trainer_layer_backward:2.2962093353271484
INFO:trainer_layer_backward:2.2656917572021484
INFO:trainer_layer_backward:2.4416446685791016
INFO:trainer_layer_backward:2.537250518798828
INFO:trainer_layer_backward:2.3076534271240234
INFO:trainer_layer_backward:1.9993782043457031
INFO:trainer_layer_backward:2.419710159301758
INFO:trainer_layer_backward:3.4971237182617188
INFO:trainer_layer_backward:3.090381622314453
INFO:trainer_layer_backward:2.888202667236328
INFO:trainer_layer_backward:3.3867359161376953
INFO:trainer_layer_backward:3.7946701049804688
INFO:trainer_layer_backward:2.9754638671875
INFO:trainer_layer_backward:4.503965377807617
INFO:trainer_layer_backward:2.9489994049072266
INFO:trainer_layer_backward:3.0786991119384766
INFO:trainer_layer_backward:4.833459854125977
INFO:trainer_layer_backward:2.623319625854492
INFO:trainer_layer_backward:2.533435821533203
INFO:trainer_layer_backward:2.894163131713867
INFO:trainer_layer_backward:3.51715087890625
INFO:trainer_layer_backward:2.031564712524414
INFO:trainer_layer_backward:2.557992935180664
INFO:trainer_layer_backward:2.030611038208008
