INFO:trainer_layer_backward:FFT_CNNEx | mnist
INFO:trainer_layer_backward:in_size : 32 | epochs : 1 | batch : 1
INFO:trainer_layer_backward:kernel_l1 : 17 | 
INFO:trainer_layer_backward:o_channels_l1 : 20 | 
INFO:trainer_layer_backward::::::::::::::::::::::::::::::::::::::::::::::::::::::::::::
INFO:trainer_layer_backward:message : fft_conv3 
INFO:trainer_layer_backward::::::::::::::::::::::::::::::::::::::::::::::::::::::::::::
INFO:trainer_layer_backward:Ave_Time : 3.2199876477019957
INFO:trainer_layer_backward::::::::::::::::::::::::::::::::::::::::::::::::::::::::::::
INFO:trainer_layer_backward:3.1332969665527344
INFO:trainer_layer_backward:4.6787261962890625
INFO:trainer_layer_backward:2.4106502532958984
INFO:trainer_layer_backward:4.008293151855469
INFO:trainer_layer_backward:2.6144981384277344
INFO:trainer_layer_backward:2.4230480194091797
INFO:trainer_layer_backward:3.208160400390625
INFO:trainer_layer_backward:3.329038619995117
INFO:trainer_layer_backward:4.204988479614258
INFO:trainer_layer_backward:3.732919692993164
INFO:trainer_layer_backward:2.7163028717041016
INFO:trainer_layer_backward:3.775358200073242
INFO:trainer_layer_backward:2.437591552734375
INFO:trainer_layer_backward:3.3156871795654297
INFO:trainer_layer_backward:5.342245101928711
INFO:trainer_layer_backward:2.679586410522461
INFO:trainer_layer_backward:2.978801727294922
INFO:trainer_layer_backward:2.4213790893554688
INFO:trainer_layer_backward:3.1447410583496094
INFO:trainer_layer_backward:3.268003463745117
INFO:trainer_layer_backward:2.5899410247802734
INFO:trainer_layer_backward:3.5855770111083984
INFO:trainer_layer_backward:3.1676292419433594
INFO:trainer_layer_backward:2.9227733612060547
INFO:trainer_layer_backward:3.291606903076172
INFO:trainer_layer_backward:3.062009811401367
INFO:trainer_layer_backward:4.149198532104492
INFO:trainer_layer_backward:2.3717880249023438
INFO:trainer_layer_backward:2.3140907287597656
INFO:trainer_layer_backward:3.4406185150146484
INFO:trainer_layer_backward:2.979278564453125
INFO:trainer_layer_backward:3.0231475830078125
INFO:trainer_layer_backward:4.209756851196289
INFO:trainer_layer_backward:4.079341888427734
INFO:trainer_layer_backward:3.201007843017578
INFO:trainer_layer_backward:3.870725631713867
INFO:trainer_layer_backward:2.541065216064453
INFO:trainer_layer_backward:2.5370121002197266
INFO:trainer_layer_backward:2.221822738647461
INFO:trainer_layer_backward:3.645181655883789
INFO:trainer_layer_backward:3.0221939086914062
INFO:trainer_layer_backward:3.0379295349121094
INFO:trainer_layer_backward:4.396915435791016
INFO:trainer_layer_backward:2.9723644256591797
INFO:trainer_layer_backward:3.251314163208008
INFO:trainer_layer_backward:5.529642105102539
INFO:trainer_layer_backward:3.1783580780029297
INFO:trainer_layer_backward:3.0481815338134766
INFO:trainer_layer_backward:3.658771514892578
INFO:trainer_layer_backward:3.6308765411376953
INFO:trainer_layer_backward:3.841876983642578
INFO:trainer_layer_backward:2.865314483642578
INFO:trainer_layer_backward:2.0482540130615234
INFO:trainer_layer_backward:1.9969940185546875
INFO:trainer_layer_backward:3.129243850708008
INFO:trainer_layer_backward:4.54258918762207
INFO:trainer_layer_backward:3.6008358001708984
INFO:trainer_layer_backward:3.5080909729003906
INFO:trainer_layer_backward:3.453493118286133
INFO:trainer_layer_backward:2.9311180114746094
INFO:trainer_layer_backward:5.507469177246094
INFO:trainer_layer_backward:3.217458724975586
INFO:trainer_layer_backward:3.111124038696289
INFO:trainer_layer_backward:3.9186477661132812
INFO:trainer_layer_backward:4.675149917602539
INFO:trainer_layer_backward:4.073858261108398
INFO:trainer_layer_backward:2.9592514038085938
INFO:trainer_layer_backward:2.0427703857421875
INFO:trainer_layer_backward:3.0243396759033203
INFO:trainer_layer_backward:3.218412399291992
INFO:trainer_layer_backward:3.322601318359375
INFO:trainer_layer_backward:3.3266544342041016
INFO:trainer_layer_backward:4.8580169677734375
INFO:trainer_layer_backward:3.443479537963867
INFO:trainer_layer_backward:3.0193328857421875
INFO:trainer_layer_backward:4.944086074829102
INFO:trainer_layer_backward:3.1392574310302734
INFO:trainer_layer_backward:3.0324459075927734
INFO:trainer_layer_backward:2.3550987243652344
INFO:trainer_layer_backward:3.164529800415039
INFO:trainer_layer_backward:3.0221939086914062
INFO:trainer_layer_backward:3.3140182495117188
INFO:trainer_layer_backward:3.361940383911133
INFO:trainer_layer_backward:3.1981468200683594
INFO:trainer_layer_backward:3.019571304321289
INFO:trainer_layer_backward:3.6754608154296875
INFO:trainer_layer_backward:3.5676956176757812
INFO:trainer_layer_backward:3.6280155181884766
INFO:trainer_layer_backward:2.0062923431396484
INFO:trainer_layer_backward:2.7093887329101562
INFO:trainer_layer_backward:2.2821426391601562
INFO:trainer_layer_backward:3.3779144287109375
INFO:trainer_layer_backward:2.627849578857422
INFO:trainer_layer_backward:2.4869441986083984
INFO:trainer_layer_backward:2.3093223571777344
INFO:trainer_layer_backward:2.292156219482422
INFO:trainer_layer_backward:2.002239227294922
INFO:trainer_layer_backward:2.2635459899902344
INFO:trainer_layer_backward:2.104043960571289
INFO:trainer_layer_backward:2.5441646575927734
INFO:trainer_layer_backward:2.2771358489990234
INFO:trainer_layer_backward:2.2611618041992188
INFO:trainer_layer_backward:2.9163360595703125
INFO:trainer_layer_backward:3.0939579010009766
INFO:trainer_layer_backward:3.934621810913086
INFO:trainer_layer_backward:4.130125045776367
INFO:trainer_layer_backward:2.7616024017333984
INFO:trainer_layer_backward:3.1652450561523438
INFO:trainer_layer_backward:2.9883384704589844
INFO:trainer_layer_backward:3.478527069091797
INFO:trainer_layer_backward:3.171682357788086
INFO:trainer_layer_backward:4.508018493652344
INFO:trainer_layer_backward:4.041194915771484
INFO:trainer_layer_backward:3.649473190307617
INFO:trainer_layer_backward:3.7817955017089844
INFO:trainer_layer_backward:2.551555633544922
INFO:trainer_layer_backward:3.1745433807373047
INFO:trainer_layer_backward:2.974987030029297
INFO:trainer_layer_backward:3.200531005859375
INFO:trainer_layer_backward:3.2057762145996094
INFO:trainer_layer_backward:4.100322723388672
INFO:trainer_layer_backward:2.202272415161133
INFO:trainer_layer_backward:2.315998077392578
INFO:trainer_layer_backward:2.2690296173095703
INFO:trainer_layer_backward:3.690958023071289
INFO:trainer_layer_backward:4.156827926635742
INFO:trainer_layer_backward:3.2160282135009766
INFO:trainer_layer_backward:3.1709671020507812
INFO:trainer_layer_backward:3.1890869140625
INFO:trainer_layer_backward:4.154205322265625
INFO:trainer_layer_backward:2.4666786193847656
INFO:trainer_layer_backward:4.120349884033203
INFO:trainer_layer_backward:3.54766845703125
INFO:trainer_layer_backward:4.2819976806640625
INFO:trainer_layer_backward:2.885103225708008
INFO:trainer_layer_backward:2.6504993438720703
INFO:trainer_layer_backward:2.4836063385009766
INFO:trainer_layer_backward:2.6297569274902344
INFO:trainer_layer_backward:2.4521350860595703
INFO:trainer_layer_backward:2.5556087493896484
INFO:trainer_layer_backward:2.9387474060058594
INFO:trainer_layer_backward:2.2170543670654297
INFO:trainer_layer_backward:3.2176971435546875
INFO:trainer_layer_backward:4.170417785644531
INFO:trainer_layer_backward:3.3540725708007812
INFO:trainer_layer_backward:3.447294235229492
INFO:trainer_layer_backward:3.5202503204345703
INFO:trainer_layer_backward:3.0312538146972656
INFO:trainer_layer_backward:3.4406185150146484
INFO:trainer_layer_backward:3.008604049682617
INFO:trainer_layer_backward:3.364086151123047
INFO:trainer_layer_backward:4.005670547485352
INFO:trainer_layer_backward:3.191232681274414
INFO:trainer_layer_backward:3.3631324768066406
INFO:trainer_layer_backward:3.124237060546875
INFO:trainer_layer_backward:3.139972686767578
INFO:trainer_layer_backward:3.7097930908203125
INFO:trainer_layer_backward:3.813028335571289
INFO:trainer_layer_backward:2.627849578857422
INFO:trainer_layer_backward:2.277851104736328
INFO:trainer_layer_backward:2.120494842529297
INFO:trainer_layer_backward:3.3392906188964844
INFO:trainer_layer_backward:3.0689239501953125
INFO:trainer_layer_backward:3.183603286743164
INFO:trainer_layer_backward:3.1893253326416016
INFO:trainer_layer_backward:3.097057342529297
INFO:trainer_layer_backward:4.022121429443359
INFO:trainer_layer_backward:3.3416748046875
INFO:trainer_layer_backward:3.9162635803222656
INFO:trainer_layer_backward:3.8580894470214844
INFO:trainer_layer_backward:3.1943321228027344
INFO:trainer_layer_backward:3.1931400299072266
INFO:trainer_layer_backward:3.0510425567626953
INFO:trainer_layer_backward:3.7555694580078125
INFO:trainer_layer_backward:2.981901168823242
INFO:trainer_layer_backward:2.943277359008789
INFO:trainer_layer_backward:3.3249855041503906
INFO:trainer_layer_backward:4.955053329467773
INFO:trainer_layer_backward:3.5638809204101562
INFO:trainer_layer_backward:3.660917282104492
INFO:trainer_layer_backward:3.6334991455078125
INFO:trainer_layer_backward:3.3626556396484375
INFO:trainer_layer_backward:3.552675247192383
INFO:trainer_layer_backward:4.040002822875977
INFO:trainer_layer_backward:3.674745559692383
INFO:trainer_layer_backward:3.6432743072509766
INFO:trainer_layer_backward:3.1669139862060547
INFO:trainer_layer_backward:3.1976699829101562
INFO:trainer_layer_backward:4.638195037841797
INFO:trainer_layer_backward:3.2224655151367188
INFO:trainer_layer_backward:2.2132396697998047
INFO:trainer_layer_backward:2.3272037506103516
INFO:trainer_layer_backward:2.2835731506347656
INFO:trainer_layer_backward:2.2115707397460938
INFO:trainer_layer_backward:2.2809505462646484
INFO:trainer_layer_backward:2.4259090423583984
INFO:trainer_layer_backward:2.344846725463867
INFO:trainer_layer_backward:2.55584716796875
INFO:trainer_layer_backward:2.4318695068359375
INFO:trainer_layer_backward:2.4766921997070312
INFO:trainer_layer_backward:2.369403839111328
INFO:trainer_layer_backward:2.3376941680908203
INFO:trainer_layer_backward:2.541780471801758
INFO:trainer_layer_backward:2.4878978729248047
INFO:trainer_layer_backward:2.4728775024414062
INFO:trainer_layer_backward:2.3174285888671875
INFO:trainer_layer_backward:2.479076385498047
INFO:trainer_layer_backward:2.37274169921875
INFO:trainer_layer_backward:2.40325927734375
INFO:trainer_layer_backward:2.405881881713867
INFO:trainer_layer_backward:2.5262832641601562
INFO:trainer_layer_backward:2.363443374633789
INFO:trainer_layer_backward:2.4521350860595703
INFO:trainer_layer_backward:2.4275779724121094
INFO:trainer_layer_backward:2.5489330291748047
INFO:trainer_layer_backward:2.35748291015625
INFO:trainer_layer_backward:3.2362937927246094
INFO:trainer_layer_backward:3.249645233154297
INFO:trainer_layer_backward:3.181934356689453
INFO:trainer_layer_backward:3.1168460845947266
INFO:trainer_layer_backward:3.2753944396972656
INFO:trainer_layer_backward:3.8738250732421875
INFO:trainer_layer_backward:3.5479068756103516
INFO:trainer_layer_backward:3.2875537872314453
INFO:trainer_layer_backward:3.353595733642578
INFO:trainer_layer_backward:3.7682056427001953
INFO:trainer_layer_backward:2.8486251831054688
INFO:trainer_layer_backward:2.269744873046875
INFO:trainer_layer_backward:2.1982192993164062
INFO:trainer_layer_backward:3.4818649291992188
INFO:trainer_layer_backward:3.275156021118164
INFO:trainer_layer_backward:2.2704601287841797
INFO:trainer_layer_backward:2.4480819702148438
INFO:trainer_layer_backward:3.627777099609375
INFO:trainer_layer_backward:2.789735794067383
INFO:trainer_layer_backward:3.4058094024658203
INFO:trainer_layer_backward:2.697467803955078
INFO:trainer_layer_backward:2.6352405548095703
INFO:trainer_layer_backward:2.496004104614258
INFO:trainer_layer_backward:2.343416213989258
INFO:trainer_layer_backward:2.187967300415039
INFO:trainer_layer_backward:2.314329147338867
INFO:trainer_layer_backward:2.0842552185058594
INFO:trainer_layer_backward:2.9036998748779297
INFO:trainer_layer_backward:3.0455589294433594
INFO:trainer_layer_backward:3.0405521392822266
INFO:trainer_layer_backward:2.9392242431640625
INFO:trainer_layer_backward:3.0164718627929688
INFO:trainer_layer_backward:3.276348114013672
INFO:trainer_layer_backward:3.66973876953125
INFO:trainer_layer_backward:2.878904342651367
INFO:trainer_layer_backward:3.4332275390625
INFO:trainer_layer_backward:3.396749496459961
INFO:trainer_layer_backward:4.035234451293945
INFO:trainer_layer_backward:4.091739654541016
INFO:trainer_layer_backward:3.0791759490966797
INFO:trainer_layer_backward:3.0455589294433594
INFO:trainer_layer_backward:4.1866302490234375
INFO:trainer_layer_backward:2.9892921447753906
INFO:trainer_layer_backward:2.8617382049560547
INFO:trainer_layer_backward:2.928018569946289
INFO:trainer_layer_backward:2.9289722442626953
INFO:trainer_layer_backward:2.904653549194336
INFO:trainer_layer_backward:3.0274391174316406
INFO:trainer_layer_backward:2.811431884765625
INFO:trainer_layer_backward:3.2944679260253906
INFO:trainer_layer_backward:4.668235778808594
INFO:trainer_layer_backward:3.282308578491211
INFO:trainer_layer_backward:2.9206275939941406
INFO:trainer_layer_backward:3.374814987182617
INFO:trainer_layer_backward:3.7713050842285156
INFO:trainer_layer_backward:2.595186233520508
INFO:trainer_layer_backward:2.6171207427978516
INFO:trainer_layer_backward:2.6504993438720703
INFO:trainer_layer_backward:2.7298927307128906
INFO:trainer_layer_backward:3.2188892364501953
INFO:trainer_layer_backward:2.3844242095947266
INFO:trainer_layer_backward:2.266407012939453
INFO:trainer_layer_backward:2.1555423736572266
INFO:trainer_layer_backward:2.1462440490722656
INFO:trainer_layer_backward:2.576112747192383
INFO:trainer_layer_backward:3.2956600189208984
INFO:trainer_layer_backward:4.242181777954102
INFO:trainer_layer_backward:2.482891082763672
INFO:trainer_layer_backward:2.635478973388672
INFO:trainer_layer_backward:2.694368362426758
INFO:trainer_layer_backward:2.6099681854248047
INFO:trainer_layer_backward:3.062725067138672
INFO:trainer_layer_backward:2.4530887603759766
INFO:trainer_layer_backward:2.431154251098633
INFO:trainer_layer_backward:2.5463104248046875
INFO:trainer_layer_backward:2.290964126586914
INFO:trainer_layer_backward:2.413511276245117
INFO:trainer_layer_backward:3.1588077545166016
INFO:trainer_layer_backward:2.654552459716797
INFO:trainer_layer_backward:3.260374069213867
INFO:trainer_layer_backward:3.3664703369140625
INFO:trainer_layer_backward:3.2808780670166016
INFO:trainer_layer_backward:2.4242401123046875
INFO:trainer_layer_backward:2.26593017578125
INFO:trainer_layer_backward:3.6122798919677734
INFO:trainer_layer_backward:3.613710403442383
INFO:trainer_layer_backward:4.18400764465332
INFO:trainer_layer_backward:4.001379013061523
INFO:trainer_layer_backward:3.2186508178710938
INFO:trainer_layer_backward:3.0126571655273438
INFO:trainer_layer_backward:2.985715866088867
INFO:trainer_layer_backward:3.521442413330078
INFO:trainer_layer_backward:3.9322376251220703
INFO:trainer_layer_backward:3.696441650390625
INFO:trainer_layer_backward:2.775907516479492
INFO:trainer_layer_backward:4.426717758178711
INFO:trainer_layer_backward:3.3965110778808594
INFO:trainer_layer_backward:2.9010772705078125
INFO:trainer_layer_backward:2.8259754180908203
INFO:trainer_layer_backward:2.9463768005371094
INFO:trainer_layer_backward:2.8107166290283203
INFO:trainer_layer_backward:2.2284984588623047
INFO:trainer_layer_backward:2.5548934936523438
INFO:trainer_layer_backward:2.519369125366211
INFO:trainer_layer_backward:2.6357173919677734
INFO:trainer_layer_backward:3.36456298828125
INFO:trainer_layer_backward:2.938508987426758
INFO:trainer_layer_backward:2.784252166748047
INFO:trainer_layer_backward:2.3283958435058594
INFO:trainer_layer_backward:2.653360366821289
INFO:trainer_layer_backward:2.6161670684814453
INFO:trainer_layer_backward:2.3279190063476562
INFO:trainer_layer_backward:2.4161338806152344
INFO:trainer_layer_backward:3.872394561767578
INFO:trainer_layer_backward:3.365755081176758
INFO:trainer_layer_backward:3.161907196044922
INFO:trainer_layer_backward:2.210378646850586
INFO:trainer_layer_backward:2.7337074279785156
INFO:trainer_layer_backward:3.335237503051758
INFO:trainer_layer_backward:3.4685134887695312
INFO:trainer_layer_backward:3.6232471466064453
INFO:trainer_layer_backward:3.5712718963623047
INFO:trainer_layer_backward:3.358602523803711
INFO:trainer_layer_backward:3.506898880004883
INFO:trainer_layer_backward:3.348112106323242
INFO:trainer_layer_backward:3.1583309173583984
INFO:trainer_layer_backward:4.309892654418945
INFO:trainer_layer_backward:4.118204116821289
INFO:trainer_layer_backward:3.5941600799560547
INFO:trainer_layer_backward:3.4284591674804688
INFO:trainer_layer_backward:3.762483596801758
INFO:trainer_layer_backward:3.583192825317383
INFO:trainer_layer_backward:2.646207809448242
INFO:trainer_layer_backward:2.710580825805664
INFO:trainer_layer_backward:3.6208629608154297
INFO:trainer_layer_backward:3.559112548828125
INFO:trainer_layer_backward:2.672910690307617
INFO:trainer_layer_backward:2.460479736328125
INFO:trainer_layer_backward:2.3598670959472656
INFO:trainer_layer_backward:2.6133060455322266
INFO:trainer_layer_backward:2.2649765014648438
INFO:trainer_layer_backward:2.1872520446777344
INFO:trainer_layer_backward:2.3593902587890625
INFO:trainer_layer_backward:2.2776126861572266
INFO:trainer_layer_backward:2.4003982543945312
INFO:trainer_layer_backward:4.011631011962891
INFO:trainer_layer_backward:3.7152767181396484
INFO:trainer_layer_backward:3.178834915161133
INFO:trainer_layer_backward:3.0694007873535156
INFO:trainer_layer_backward:2.9075145721435547
INFO:trainer_layer_backward:3.8840770721435547
INFO:trainer_layer_backward:2.9611587524414062
INFO:trainer_layer_backward:3.211498260498047
INFO:trainer_layer_backward:3.2851696014404297
INFO:trainer_layer_backward:3.4821033477783203
INFO:trainer_layer_backward:3.526926040649414
INFO:trainer_layer_backward:3.522634506225586
INFO:trainer_layer_backward:3.393888473510742
INFO:trainer_layer_backward:3.3168792724609375
INFO:trainer_layer_backward:3.272533416748047
INFO:trainer_layer_backward:4.169464111328125
INFO:trainer_layer_backward:3.387451171875
INFO:trainer_layer_backward:4.131793975830078
INFO:trainer_layer_backward:4.3354034423828125
INFO:trainer_layer_backward:3.2241344451904297
INFO:trainer_layer_backward:4.89354133605957
INFO:trainer_layer_backward:3.702402114868164
INFO:trainer_layer_backward:3.370046615600586
INFO:trainer_layer_backward:3.5452842712402344
INFO:trainer_layer_backward:4.543066024780273
INFO:trainer_layer_backward:5.649089813232422
INFO:trainer_layer_backward:3.1015872955322266
INFO:trainer_layer_backward:3.22723388671875
INFO:trainer_layer_backward:4.690885543823242
INFO:trainer_layer_backward:3.2935142517089844
INFO:trainer_layer_backward:2.9077529907226562
INFO:trainer_layer_backward:4.8580169677734375
INFO:trainer_layer_backward:3.292560577392578
INFO:trainer_layer_backward:3.5715103149414062
INFO:trainer_layer_backward:3.2749176025390625
INFO:trainer_layer_backward:3.332853317260742
INFO:trainer_layer_backward:3.3636093139648438
INFO:trainer_layer_backward:4.144191741943359
INFO:trainer_layer_backward:3.1206607818603516
INFO:trainer_layer_backward:3.632783889770508
INFO:trainer_layer_backward:3.4606456756591797
INFO:trainer_layer_backward:3.219127655029297
INFO:trainer_layer_backward:2.548694610595703
INFO:trainer_layer_backward:2.4871826171875
INFO:trainer_layer_backward:3.847360610961914
INFO:trainer_layer_backward:3.9000511169433594
INFO:trainer_layer_backward:3.6399364471435547
INFO:trainer_layer_backward:3.6690235137939453
INFO:trainer_layer_backward:3.386974334716797
INFO:trainer_layer_backward:3.7665367126464844
INFO:trainer_layer_backward:4.141330718994141
INFO:trainer_layer_backward:3.5529136657714844
INFO:trainer_layer_backward:3.7305355072021484
INFO:trainer_layer_backward:2.76947021484375
INFO:trainer_layer_backward:2.9540061950683594
INFO:trainer_layer_backward:3.692150115966797
INFO:trainer_layer_backward:2.4521350860595703
INFO:trainer_layer_backward:2.772808074951172
INFO:trainer_layer_backward:2.6242733001708984
INFO:trainer_layer_backward:2.1872520446777344
INFO:trainer_layer_backward:4.7550201416015625
INFO:trainer_layer_backward:4.315853118896484
INFO:trainer_layer_backward:3.8347244262695312
INFO:trainer_layer_backward:2.2819042205810547
INFO:trainer_layer_backward:2.3758411407470703
INFO:trainer_layer_backward:3.2100677490234375
INFO:trainer_layer_backward:5.216121673583984
INFO:trainer_layer_backward:3.387928009033203
INFO:trainer_layer_backward:3.47137451171875
INFO:trainer_layer_backward:3.5839080810546875
INFO:trainer_layer_backward:3.724336624145508
INFO:trainer_layer_backward:3.908395767211914
INFO:trainer_layer_backward:3.4551620483398438
INFO:trainer_layer_backward:3.4284591674804688
INFO:trainer_layer_backward:3.5915374755859375
INFO:trainer_layer_backward:2.402067184448242
INFO:trainer_layer_backward:4.459142684936523
INFO:trainer_layer_backward:2.7387142181396484
INFO:trainer_layer_backward:3.6461353302001953
INFO:trainer_layer_backward:3.5552978515625
INFO:trainer_layer_backward:2.8295516967773438
INFO:trainer_layer_backward:3.681182861328125
INFO:trainer_layer_backward:4.033327102661133
INFO:trainer_layer_backward:2.5606155395507812
INFO:trainer_layer_backward:2.2971630096435547
INFO:trainer_layer_backward:3.065824508666992
INFO:trainer_layer_backward:3.272533416748047
INFO:trainer_layer_backward:4.310131072998047
INFO:trainer_layer_backward:3.131389617919922
INFO:trainer_layer_backward:4.536151885986328
INFO:trainer_layer_backward:3.0999183654785156
INFO:trainer_layer_backward:3.167867660522461
INFO:trainer_layer_backward:2.87628173828125
INFO:trainer_layer_backward:3.7240982055664062
INFO:trainer_layer_backward:5.227565765380859
INFO:trainer_layer_backward:3.880023956298828
INFO:trainer_layer_backward:2.4857521057128906
INFO:trainer_layer_backward:3.1919479370117188
INFO:trainer_layer_backward:4.323720932006836
INFO:trainer_layer_backward:2.483844757080078
INFO:trainer_layer_backward:2.8357505798339844
INFO:trainer_layer_backward:4.561424255371094
INFO:trainer_layer_backward:4.058599472045898
INFO:trainer_layer_backward:4.900932312011719
INFO:trainer_layer_backward:3.2749176025390625
INFO:trainer_layer_backward:4.478931427001953
INFO:trainer_layer_backward:3.611326217651367
INFO:trainer_layer_backward:3.279447555541992
INFO:trainer_layer_backward:4.340410232543945
INFO:trainer_layer_backward:3.9021968841552734
INFO:trainer_layer_backward:3.183603286743164
INFO:trainer_layer_backward:2.2170543670654297
INFO:trainer_layer_backward:2.583026885986328
INFO:trainer_layer_backward:2.5496482849121094
INFO:trainer_layer_backward:4.334688186645508
INFO:trainer_layer_backward:2.977132797241211
INFO:trainer_layer_backward:2.5305747985839844
INFO:trainer_layer_backward:2.724885940551758
INFO:trainer_layer_backward:3.9377212524414062
INFO:trainer_layer_backward:2.8624534606933594
INFO:trainer_layer_backward:2.820253372192383
INFO:trainer_layer_backward:2.8562545776367188
INFO:trainer_layer_backward:3.279447555541992
INFO:trainer_layer_backward:3.0565261840820312
INFO:trainer_layer_backward:2.8028488159179688
INFO:trainer_layer_backward:3.2367706298828125
INFO:trainer_layer_backward:4.152059555053711
INFO:trainer_layer_backward:2.9108524322509766
INFO:trainer_layer_backward:2.8123855590820312
INFO:trainer_layer_backward:3.3500194549560547
INFO:trainer_layer_backward:3.0705928802490234
INFO:trainer_layer_backward:3.2224655151367188
INFO:trainer_layer_backward:3.487825393676758
INFO:trainer_layer_backward:3.1218528747558594
INFO:trainer_layer_backward:3.753185272216797
INFO:trainer_layer_backward:4.126310348510742
INFO:trainer_layer_backward:3.031015396118164
INFO:trainer_layer_backward:4.0283203125
INFO:trainer_layer_backward:5.812406539916992
INFO:trainer_layer_backward:2.7887821197509766
INFO:trainer_layer_backward:3.434896469116211
INFO:trainer_layer_backward:3.679037094116211
INFO:trainer_layer_backward:2.4068355560302734
INFO:trainer_layer_backward:2.4356842041015625
INFO:trainer_layer_backward:2.9900074005126953
INFO:trainer_layer_backward:2.3648738861083984
INFO:trainer_layer_backward:2.3806095123291016
INFO:trainer_layer_backward:2.1181106567382812
INFO:trainer_layer_backward:2.1767616271972656
INFO:trainer_layer_backward:2.12860107421875
INFO:trainer_layer_backward:2.3813247680664062
INFO:trainer_layer_backward:2.2134780883789062
INFO:trainer_layer_backward:2.4602413177490234
INFO:trainer_layer_backward:4.7702789306640625
INFO:trainer_layer_backward:3.257274627685547
INFO:trainer_layer_backward:2.287149429321289
INFO:trainer_layer_backward:2.2194385528564453
INFO:trainer_layer_backward:2.1729469299316406
INFO:trainer_layer_backward:2.3953914642333984
INFO:trainer_layer_backward:2.0956993103027344
INFO:trainer_layer_backward:1.9977092742919922
INFO:trainer_layer_backward:2.1152496337890625
INFO:trainer_layer_backward:1.9755363464355469
INFO:trainer_layer_backward:2.8100013732910156
INFO:trainer_layer_backward:2.085447311401367
INFO:trainer_layer_backward:2.1944046020507812
INFO:trainer_layer_backward:1.8963813781738281
INFO:trainer_layer_backward:2.122640609741211
INFO:trainer_layer_backward:3.313779830932617
INFO:trainer_layer_backward:3.3998489379882812
INFO:trainer_layer_backward:3.5092830657958984
INFO:trainer_layer_backward:3.350973129272461
INFO:trainer_layer_backward:2.329587936401367
INFO:trainer_layer_backward:1.9807815551757812
INFO:trainer_layer_backward:2.7289390563964844
INFO:trainer_layer_backward:2.8104782104492188
INFO:trainer_layer_backward:2.989053726196289
INFO:trainer_layer_backward:4.221200942993164
INFO:trainer_layer_backward:3.9048194885253906
INFO:trainer_layer_backward:2.887725830078125
INFO:trainer_layer_backward:3.8957595825195312
INFO:trainer_layer_backward:3.870248794555664
INFO:trainer_layer_backward:3.6907196044921875
INFO:trainer_layer_backward:4.272937774658203
INFO:trainer_layer_backward:3.919363021850586
INFO:trainer_layer_backward:2.4924278259277344
INFO:trainer_layer_backward:3.0128955841064453
INFO:trainer_layer_backward:3.2253265380859375
INFO:trainer_layer_backward:3.218412399291992
INFO:trainer_layer_backward:3.1261444091796875
INFO:trainer_layer_backward:4.599809646606445
INFO:trainer_layer_backward:3.091573715209961
INFO:trainer_layer_backward:2.908945083618164
INFO:trainer_layer_backward:2.910614013671875
INFO:trainer_layer_backward:3.042936325073242
INFO:trainer_layer_backward:2.9439926147460938
INFO:trainer_layer_backward:2.8760433197021484
INFO:trainer_layer_backward:5.8994293212890625
INFO:trainer_layer_backward:2.6848316192626953
INFO:trainer_layer_backward:2.599954605102539
INFO:trainer_layer_backward:2.2182464599609375
INFO:trainer_layer_backward:2.276897430419922
INFO:trainer_layer_backward:3.0694007873535156
INFO:trainer_layer_backward:2.907991409301758
INFO:trainer_layer_backward:3.0820369720458984
INFO:trainer_layer_backward:2.9802322387695312
INFO:trainer_layer_backward:2.8154850006103516
INFO:trainer_layer_backward:4.622220993041992
INFO:trainer_layer_backward:3.1807422637939453
INFO:trainer_layer_backward:2.820730209350586
INFO:trainer_layer_backward:2.7992725372314453
INFO:trainer_layer_backward:3.1096935272216797
INFO:trainer_layer_backward:4.910707473754883
INFO:trainer_layer_backward:2.881765365600586
INFO:trainer_layer_backward:2.1436214447021484
INFO:trainer_layer_backward:2.8192996978759766
INFO:trainer_layer_backward:3.350496292114258
INFO:trainer_layer_backward:3.9849281311035156
INFO:trainer_layer_backward:4.966259002685547
INFO:trainer_layer_backward:3.0930042266845703
INFO:trainer_layer_backward:2.5322437286376953
INFO:trainer_layer_backward:1.9948482513427734
INFO:trainer_layer_backward:2.0341873168945312
INFO:trainer_layer_backward:3.5920143127441406
INFO:trainer_layer_backward:3.6144256591796875
INFO:trainer_layer_backward:2.829313278198242
INFO:trainer_layer_backward:2.918243408203125
INFO:trainer_layer_backward:4.087209701538086
INFO:trainer_layer_backward:3.1709671020507812
INFO:trainer_layer_backward:3.1042098999023438
INFO:trainer_layer_backward:4.230260848999023
INFO:trainer_layer_backward:3.931283950805664
INFO:trainer_layer_backward:2.606630325317383
INFO:trainer_layer_backward:2.1882057189941406
INFO:trainer_layer_backward:2.6993751525878906
INFO:trainer_layer_backward:3.092527389526367
INFO:trainer_layer_backward:3.6160945892333984
INFO:trainer_layer_backward:4.068613052368164
INFO:trainer_layer_backward:3.8535594940185547
INFO:trainer_layer_backward:2.864360809326172
INFO:trainer_layer_backward:3.7910938262939453
INFO:trainer_layer_backward:4.0493011474609375
INFO:trainer_layer_backward:2.049684524536133
INFO:trainer_layer_backward:2.1331310272216797
INFO:trainer_layer_backward:1.9245147705078125
INFO:trainer_layer_backward:2.2592544555664062
INFO:trainer_layer_backward:4.014492034912109
INFO:trainer_layer_backward:5.1212310791015625
INFO:trainer_layer_backward:2.5284290313720703
INFO:trainer_layer_backward:3.178119659423828
INFO:trainer_layer_backward:3.5126209259033203
INFO:trainer_layer_backward:3.1576156616210938
INFO:trainer_layer_backward:2.5360584259033203
INFO:trainer_layer_backward:2.435922622680664
INFO:trainer_layer_backward:2.682209014892578
INFO:trainer_layer_backward:3.2224655151367188
INFO:trainer_layer_backward:2.4034976959228516
INFO:trainer_layer_backward:2.70843505859375
INFO:trainer_layer_backward:2.953767776489258
INFO:trainer_layer_backward:2.7594566345214844
INFO:trainer_layer_backward:2.7115345001220703
INFO:trainer_layer_backward:3.0155181884765625
INFO:trainer_layer_backward:3.521442413330078
INFO:trainer_layer_backward:2.5408267974853516
INFO:trainer_layer_backward:2.701282501220703
INFO:trainer_layer_backward:2.823352813720703
INFO:trainer_layer_backward:2.7456283569335938
INFO:trainer_layer_backward:3.857135772705078
INFO:trainer_layer_backward:3.6864280700683594
INFO:trainer_layer_backward:2.515554428100586
INFO:trainer_layer_backward:2.9311180114746094
INFO:trainer_layer_backward:3.1442642211914062
INFO:trainer_layer_backward:3.050088882446289
INFO:trainer_layer_backward:3.0965805053710938
INFO:trainer_layer_backward:4.563570022583008
INFO:trainer_layer_backward:3.8216114044189453
INFO:trainer_layer_backward:3.5974979400634766
INFO:trainer_layer_backward:4.788637161254883
INFO:trainer_layer_backward:3.0510425567626953
INFO:trainer_layer_backward:3.278017044067383
INFO:trainer_layer_backward:3.154277801513672
INFO:trainer_layer_backward:4.6596527099609375
INFO:trainer_layer_backward:3.909587860107422
INFO:trainer_layer_backward:3.168344497680664
INFO:trainer_layer_backward:4.246234893798828
INFO:trainer_layer_backward:4.685878753662109
INFO:trainer_layer_backward:4.010200500488281
INFO:trainer_layer_backward:3.8938522338867188
INFO:trainer_layer_backward:2.9861927032470703
INFO:trainer_layer_backward:4.395484924316406
INFO:trainer_layer_backward:3.9992332458496094
INFO:trainer_layer_backward:3.2100677490234375
INFO:trainer_layer_backward:3.880023956298828
INFO:trainer_layer_backward:3.869771957397461
INFO:trainer_layer_backward:3.5462379455566406
INFO:trainer_layer_backward:3.3767223358154297
INFO:trainer_layer_backward:4.116535186767578
INFO:trainer_layer_backward:2.507925033569336
INFO:trainer_layer_backward:3.2401084899902344
INFO:trainer_layer_backward:3.7055015563964844
INFO:trainer_layer_backward:3.3926963806152344
INFO:trainer_layer_backward:4.753589630126953
INFO:trainer_layer_backward:3.179788589477539
INFO:trainer_layer_backward:2.693653106689453
INFO:trainer_layer_backward:2.394437789916992
INFO:trainer_layer_backward:5.54347038269043
INFO:trainer_layer_backward:3.448009490966797
INFO:trainer_layer_backward:3.0105113983154297
INFO:trainer_layer_backward:3.450632095336914
INFO:trainer_layer_backward:3.551483154296875
INFO:trainer_layer_backward:3.541231155395508
INFO:trainer_layer_backward:2.9442310333251953
INFO:trainer_layer_backward:3.0298233032226562
INFO:trainer_layer_backward:5.227088928222656
INFO:trainer_layer_backward:3.164052963256836
INFO:trainer_layer_backward:2.696514129638672
INFO:trainer_layer_backward:2.241849899291992
INFO:trainer_layer_backward:3.9987564086914062
INFO:trainer_layer_backward:3.0329227447509766
INFO:trainer_layer_backward:4.5070648193359375
INFO:trainer_layer_backward:4.384756088256836
INFO:trainer_layer_backward:4.103899002075195
INFO:trainer_layer_backward:4.441499710083008
INFO:trainer_layer_backward:3.542661666870117
INFO:trainer_layer_backward:3.0670166015625
INFO:trainer_layer_backward:3.2634735107421875
INFO:trainer_layer_backward:2.5522708892822266
INFO:trainer_layer_backward:2.051115036010742
INFO:trainer_layer_backward:1.9693374633789062
INFO:trainer_layer_backward:2.086162567138672
INFO:trainer_layer_backward:2.131223678588867
INFO:trainer_layer_backward:2.855062484741211
INFO:trainer_layer_backward:2.6619434356689453
INFO:trainer_layer_backward:2.9850006103515625
INFO:trainer_layer_backward:4.204988479614258
INFO:trainer_layer_backward:3.15093994140625
INFO:trainer_layer_backward:3.1888484954833984
INFO:trainer_layer_backward:2.799510955810547
INFO:trainer_layer_backward:2.4297237396240234
INFO:trainer_layer_backward:3.347635269165039
INFO:trainer_layer_backward:3.122091293334961
INFO:trainer_layer_backward:3.3893585205078125
INFO:trainer_layer_backward:3.077268600463867
INFO:trainer_layer_backward:2.2873878479003906
INFO:trainer_layer_backward:2.0155906677246094
INFO:trainer_layer_backward:2.0198822021484375
INFO:trainer_layer_backward:2.7861595153808594
INFO:trainer_layer_backward:4.712104797363281
INFO:trainer_layer_backward:3.0913352966308594
INFO:trainer_layer_backward:2.9649734497070312
INFO:trainer_layer_backward:2.859830856323242
INFO:trainer_layer_backward:2.9268264770507812
INFO:trainer_layer_backward:5.046606063842773
INFO:trainer_layer_backward:3.448963165283203
INFO:trainer_layer_backward:2.3174285888671875
INFO:trainer_layer_backward:3.3380985260009766
INFO:trainer_layer_backward:3.3609867095947266
INFO:trainer_layer_backward:4.452228546142578
INFO:trainer_layer_backward:4.160165786743164
INFO:trainer_layer_backward:3.827810287475586
INFO:trainer_layer_backward:2.929210662841797
INFO:trainer_layer_backward:4.152774810791016
INFO:trainer_layer_backward:3.106832504272461
INFO:trainer_layer_backward:3.0448436737060547
INFO:trainer_layer_backward:2.8896331787109375
INFO:trainer_layer_backward:4.324436187744141
INFO:trainer_layer_backward:3.5779476165771484
INFO:trainer_layer_backward:3.038167953491211
INFO:trainer_layer_backward:4.035234451293945
INFO:trainer_layer_backward:2.686023712158203
INFO:trainer_layer_backward:2.191305160522461
INFO:trainer_layer_backward:3.3588409423828125
INFO:trainer_layer_backward:2.580404281616211
INFO:trainer_layer_backward:2.183675765991211
INFO:trainer_layer_backward:3.1919479370117188
INFO:trainer_layer_backward:2.8488636016845703
INFO:trainer_layer_backward:3.641843795776367
INFO:trainer_layer_backward:4.502058029174805
INFO:trainer_layer_backward:2.490520477294922
INFO:trainer_layer_backward:2.3124217987060547
INFO:trainer_layer_backward:1.9130706787109375
INFO:trainer_layer_backward:2.1250247955322266
INFO:trainer_layer_backward:2.9516220092773438
INFO:trainer_layer_backward:4.45866584777832
INFO:trainer_layer_backward:3.257274627685547
INFO:trainer_layer_backward:4.038095474243164
INFO:trainer_layer_backward:3.279447555541992
INFO:trainer_layer_backward:2.400636672973633
INFO:trainer_layer_backward:1.9545555114746094
INFO:trainer_layer_backward:4.525423049926758
INFO:trainer_layer_backward:2.7010440826416016
INFO:trainer_layer_backward:3.7946701049804688
INFO:trainer_layer_backward:3.147602081298828
INFO:trainer_layer_backward:2.9876232147216797
INFO:trainer_layer_backward:3.012418746948242
INFO:trainer_layer_backward:3.2341480255126953
INFO:trainer_layer_backward:2.875089645385742
INFO:trainer_layer_backward:3.752470016479492
INFO:trainer_layer_backward:3.492593765258789
INFO:trainer_layer_backward:3.0281543731689453
INFO:trainer_layer_backward:3.8743019104003906
INFO:trainer_layer_backward:3.6725997924804688
INFO:trainer_layer_backward:2.9854774475097656
INFO:trainer_layer_backward:3.232240676879883
INFO:trainer_layer_backward:3.10516357421875
INFO:trainer_layer_backward:3.1447410583496094
INFO:trainer_layer_backward:2.833843231201172
INFO:trainer_layer_backward:3.2341480255126953
INFO:trainer_layer_backward:4.0149688720703125
INFO:trainer_layer_backward:2.905130386352539
INFO:trainer_layer_backward:3.094196319580078
INFO:trainer_layer_backward:4.03594970703125
INFO:trainer_layer_backward:2.6636123657226562
INFO:trainer_layer_backward:3.1714439392089844
INFO:trainer_layer_backward:3.6363601684570312
INFO:trainer_layer_backward:3.1270980834960938
INFO:trainer_layer_backward:4.12750244140625
INFO:trainer_layer_backward:3.5207271575927734
INFO:trainer_layer_backward:4.532814025878906
INFO:trainer_layer_backward:2.9649734497070312
INFO:trainer_layer_backward:2.0771026611328125
INFO:trainer_layer_backward:2.894878387451172
INFO:trainer_layer_backward:2.6988983154296875
INFO:trainer_layer_backward:3.1909942626953125
INFO:trainer_layer_backward:2.972126007080078
INFO:trainer_layer_backward:2.8460025787353516
INFO:trainer_layer_backward:3.098011016845703
INFO:trainer_layer_backward:2.062082290649414
INFO:trainer_layer_backward:2.1224021911621094
INFO:trainer_layer_backward:1.9905567169189453
INFO:trainer_layer_backward:3.5004615783691406
INFO:trainer_layer_backward:3.2830238342285156
INFO:trainer_layer_backward:3.5309791564941406
INFO:trainer_layer_backward:4.862070083618164
INFO:trainer_layer_backward:3.1855106353759766
INFO:trainer_layer_backward:3.078937530517578
INFO:trainer_layer_backward:3.7920475006103516
INFO:trainer_layer_backward:3.3812522888183594
INFO:trainer_layer_backward:3.1442642211914062
INFO:trainer_layer_backward:3.5941600799560547
INFO:trainer_layer_backward:4.369258880615234
INFO:trainer_layer_backward:4.214763641357422
INFO:trainer_layer_backward:3.6287307739257812
INFO:trainer_layer_backward:2.299785614013672
INFO:trainer_layer_backward:2.3615360260009766
INFO:trainer_layer_backward:2.1605491638183594
INFO:trainer_layer_backward:3.241300582885742
INFO:trainer_layer_backward:3.094196319580078
INFO:trainer_layer_backward:2.296924591064453
INFO:trainer_layer_backward:2.048015594482422
INFO:trainer_layer_backward:3.949403762817383
INFO:trainer_layer_backward:4.321098327636719
INFO:trainer_layer_backward:3.2639503479003906
INFO:trainer_layer_backward:3.264904022216797
INFO:trainer_layer_backward:2.695798873901367
INFO:trainer_layer_backward:3.1104087829589844
INFO:trainer_layer_backward:3.742218017578125
INFO:trainer_layer_backward:2.9494762420654297
INFO:trainer_layer_backward:3.340482711791992
INFO:trainer_layer_backward:3.156423568725586
INFO:trainer_layer_backward:3.198862075805664
INFO:trainer_layer_backward:3.1201839447021484
INFO:trainer_layer_backward:3.79180908203125
INFO:trainer_layer_backward:2.9947757720947266
INFO:trainer_layer_backward:2.6946067810058594
INFO:trainer_layer_backward:3.507375717163086
INFO:trainer_layer_backward:3.125429153442383
INFO:trainer_layer_backward:3.693819046020508
INFO:trainer_layer_backward:3.1843185424804688
INFO:trainer_layer_backward:2.3987293243408203
INFO:trainer_layer_backward:2.719879150390625
INFO:trainer_layer_backward:2.6044845581054688
INFO:trainer_layer_backward:2.7790069580078125
INFO:trainer_layer_backward:2.332448959350586
INFO:trainer_layer_backward:3.6644935607910156
INFO:trainer_layer_backward:2.7430057525634766
INFO:trainer_layer_backward:3.3843517303466797
INFO:trainer_layer_backward:4.164695739746094
INFO:trainer_layer_backward:2.4607181549072266
INFO:trainer_layer_backward:2.3801326751708984
INFO:trainer_layer_backward:3.1118392944335938
INFO:trainer_layer_backward:3.1042098999023438
INFO:trainer_layer_backward:3.3826828002929688
INFO:trainer_layer_backward:3.1423568725585938
INFO:trainer_layer_backward:3.1723976135253906
INFO:trainer_layer_backward:5.024909973144531
INFO:trainer_layer_backward:3.5817623138427734
INFO:trainer_layer_backward:3.1490325927734375
INFO:trainer_layer_backward:3.734588623046875
INFO:trainer_layer_backward:2.193450927734375
INFO:trainer_layer_backward:2.900362014770508
INFO:trainer_layer_backward:2.6552677154541016
INFO:trainer_layer_backward:2.4394989013671875
INFO:trainer_layer_backward:2.5665760040283203
INFO:trainer_layer_backward:2.1860599517822266
INFO:trainer_layer_backward:3.0128955841064453
INFO:trainer_layer_backward:2.238750457763672
INFO:trainer_layer_backward:2.446889877319336
INFO:trainer_layer_backward:2.5167465209960938
INFO:trainer_layer_backward:3.30352783203125
INFO:trainer_layer_backward:3.252267837524414
INFO:trainer_layer_backward:3.298044204711914
INFO:trainer_layer_backward:3.251791000366211
INFO:trainer_layer_backward:3.1621456146240234
INFO:trainer_layer_backward:2.4116039276123047
INFO:trainer_layer_backward:3.748178482055664
INFO:trainer_layer_backward:2.3698806762695312
INFO:trainer_layer_backward:4.1828155517578125
INFO:trainer_layer_backward:3.3178329467773438
INFO:trainer_layer_backward:2.3818016052246094
INFO:trainer_layer_backward:2.1696090698242188
INFO:trainer_layer_backward:2.1092891693115234
INFO:trainer_layer_backward:3.3135414123535156
INFO:trainer_layer_backward:2.9227733612060547
INFO:trainer_layer_backward:4.78053092956543
INFO:trainer_layer_backward:5.021572113037109
INFO:trainer_layer_backward:2.283811569213867
INFO:trainer_layer_backward:3.936767578125
INFO:trainer_layer_backward:3.5452842712402344
INFO:trainer_layer_backward:3.89862060546875
INFO:trainer_layer_backward:2.6531219482421875
INFO:trainer_layer_backward:2.939939498901367
INFO:trainer_layer_backward:3.178119659423828
INFO:trainer_layer_backward:4.009008407592773
INFO:trainer_layer_backward:3.4677982330322266
INFO:trainer_layer_backward:2.3543834686279297
INFO:trainer_layer_backward:3.6003589630126953
INFO:trainer_layer_backward:3.2858848571777344
INFO:trainer_layer_backward:3.0362606048583984
INFO:trainer_layer_backward:2.9218196868896484
INFO:trainer_layer_backward:2.359151840209961
INFO:trainer_layer_backward:3.532886505126953
INFO:trainer_layer_backward:4.2705535888671875
INFO:trainer_layer_backward:3.3826828002929688
INFO:trainer_layer_backward:2.5146007537841797
INFO:trainer_layer_backward:2.171039581298828
INFO:trainer_layer_backward:3.391265869140625
INFO:trainer_layer_backward:3.625631332397461
INFO:trainer_layer_backward:3.3996105194091797
INFO:trainer_layer_backward:4.271745681762695
INFO:trainer_layer_backward:3.2775402069091797
INFO:trainer_layer_backward:4.508733749389648
INFO:trainer_layer_backward:4.006385803222656
INFO:trainer_layer_backward:3.596067428588867
INFO:trainer_layer_backward:2.397298812866211
INFO:trainer_layer_backward:3.665924072265625
INFO:trainer_layer_backward:4.43720817565918
INFO:trainer_layer_backward:5.2852630615234375
INFO:trainer_layer_backward:3.0205249786376953
INFO:trainer_layer_backward:4.6749114990234375
INFO:trainer_layer_backward:3.7283897399902344
INFO:trainer_layer_backward:2.2611618041992188
INFO:trainer_layer_backward:2.2530555725097656
INFO:trainer_layer_backward:2.6853084564208984
INFO:trainer_layer_backward:4.254341125488281
INFO:trainer_layer_backward:4.300594329833984
INFO:trainer_layer_backward:3.5545825958251953
INFO:trainer_layer_backward:4.189491271972656
INFO:trainer_layer_backward:4.697322845458984
INFO:trainer_layer_backward:3.2110214233398438
INFO:trainer_layer_backward:3.3152103424072266
INFO:trainer_layer_backward:4.177570343017578
INFO:trainer_layer_backward:3.168344497680664
INFO:trainer_layer_backward:4.184722900390625
INFO:trainer_layer_backward:4.1866302490234375
INFO:trainer_layer_backward:3.1745433807373047
INFO:trainer_layer_backward:3.8216114044189453
INFO:trainer_layer_backward:2.3255348205566406
INFO:trainer_layer_backward:3.392457962036133
INFO:trainer_layer_backward:3.565549850463867
INFO:trainer_layer_backward:2.1092891693115234
INFO:trainer_layer_backward:3.7424564361572266
INFO:trainer_layer_backward:3.569364547729492
INFO:trainer_layer_backward:3.5707950592041016
INFO:trainer_layer_backward:3.7403106689453125
INFO:trainer_layer_backward:2.5496482849121094
INFO:trainer_layer_backward:3.5026073455810547
INFO:trainer_layer_backward:3.5855770111083984
INFO:trainer_layer_backward:2.2711753845214844
INFO:trainer_layer_backward:2.727508544921875
INFO:trainer_layer_backward:3.278493881225586
INFO:trainer_layer_backward:4.019737243652344
INFO:trainer_layer_backward:4.251003265380859
INFO:trainer_layer_backward:3.3507347106933594
INFO:trainer_layer_backward:4.653215408325195
INFO:trainer_layer_backward:3.3028125762939453
INFO:trainer_layer_backward:3.0121803283691406
INFO:trainer_layer_backward:3.7403106689453125
INFO:trainer_layer_backward:3.1960010528564453
INFO:trainer_layer_backward:2.6061534881591797
INFO:trainer_layer_backward:3.3507347106933594
INFO:trainer_layer_backward:3.121614456176758
INFO:trainer_layer_backward:4.726171493530273
INFO:trainer_layer_backward:4.71949577331543
INFO:trainer_layer_backward:3.244638442993164
INFO:trainer_layer_backward:3.2181739807128906
INFO:trainer_layer_backward:4.740715026855469
INFO:trainer_layer_backward:3.731966018676758
INFO:trainer_layer_backward:3.442049026489258
INFO:trainer_layer_backward:4.535675048828125
INFO:trainer_layer_backward:3.3686161041259766
INFO:trainer_layer_backward:2.6814937591552734
INFO:trainer_layer_backward:2.542257308959961
INFO:trainer_layer_backward:3.4780502319335938
INFO:trainer_layer_backward:3.714323043823242
INFO:trainer_layer_backward:4.275798797607422
INFO:trainer_layer_backward:2.770662307739258
INFO:trainer_layer_backward:2.5932788848876953
INFO:trainer_layer_backward:3.338336944580078
INFO:trainer_layer_backward:3.304719924926758
INFO:trainer_layer_backward:4.471778869628906
INFO:trainer_layer_backward:3.2758712768554688
INFO:trainer_layer_backward:3.1745433807373047
INFO:trainer_layer_backward:5.02777099609375
INFO:trainer_layer_backward:3.223419189453125
INFO:trainer_layer_backward:3.4317970275878906
INFO:trainer_layer_backward:3.136873245239258
INFO:trainer_layer_backward:2.269744873046875
INFO:trainer_layer_backward:2.254486083984375
INFO:trainer_layer_backward:4.190921783447266
INFO:trainer_layer_backward:4.239559173583984
INFO:trainer_layer_backward:3.250598907470703
INFO:trainer_layer_backward:2.9473304748535156
INFO:trainer_layer_backward:4.253864288330078
INFO:trainer_layer_backward:3.3724308013916016
INFO:trainer_layer_backward:3.503084182739258
INFO:trainer_layer_backward:4.034519195556641
INFO:trainer_layer_backward:3.104686737060547
INFO:trainer_layer_backward:2.9668807983398438
