INFO:trainer_layer_backward:FFT_CNNEx | mnist
INFO:trainer_layer_backward:in_size : 128 | epochs : 1 | batch : 1
INFO:trainer_layer_backward:kernel_l1 : 65 | 
INFO:trainer_layer_backward:o_channels_l1 : 20 | 
INFO:trainer_layer_backward::::::::::::::::::::::::::::::::::::::::::::::::::::::::::::
INFO:trainer_layer_backward:message : fft_conv1 
INFO:trainer_layer_backward::::::::::::::::::::::::::::::::::::::::::::::::::::::::::::
INFO:trainer_layer_backward:Ave_Time : 3.1493174909341213
INFO:trainer_layer_backward::::::::::::::::::::::::::::::::::::::::::::::::::::::::::::
INFO:trainer_layer_backward:4.572629928588867
INFO:trainer_layer_backward:3.270387649536133
INFO:trainer_layer_backward:3.8433074951171875
INFO:trainer_layer_backward:2.801179885864258
INFO:trainer_layer_backward:2.542734146118164
INFO:trainer_layer_backward:3.4689903259277344
INFO:trainer_layer_backward:3.821134567260742
INFO:trainer_layer_backward:3.0202865600585938
INFO:trainer_layer_backward:2.347230911254883
INFO:trainer_layer_backward:3.1785964965820312
INFO:trainer_layer_backward:3.803730010986328
INFO:trainer_layer_backward:2.905607223510742
INFO:trainer_layer_backward:3.0448436737060547
INFO:trainer_layer_backward:3.4742355346679688
INFO:trainer_layer_backward:2.353191375732422
INFO:trainer_layer_backward:2.5293827056884766
INFO:trainer_layer_backward:3.6056041717529297
INFO:trainer_layer_backward:2.6853084564208984
INFO:trainer_layer_backward:2.450227737426758
INFO:trainer_layer_backward:3.6263465881347656
INFO:trainer_layer_backward:3.6656856536865234
INFO:trainer_layer_backward:3.069162368774414
INFO:trainer_layer_backward:4.702091217041016
INFO:trainer_layer_backward:3.606557846069336
INFO:trainer_layer_backward:3.068685531616211
INFO:trainer_layer_backward:4.029989242553711
INFO:trainer_layer_backward:2.405881881713867
INFO:trainer_layer_backward:2.456188201904297
INFO:trainer_layer_backward:3.452777862548828
INFO:trainer_layer_backward:3.499269485473633
INFO:trainer_layer_backward:4.195213317871094
INFO:trainer_layer_backward:4.034996032714844
INFO:trainer_layer_backward:3.1707286834716797
INFO:trainer_layer_backward:4.591703414916992
INFO:trainer_layer_backward:4.005908966064453
INFO:trainer_layer_backward:2.5844573974609375
INFO:trainer_layer_backward:2.341032028198242
INFO:trainer_layer_backward:4.136323928833008
INFO:trainer_layer_backward:4.093408584594727
INFO:trainer_layer_backward:3.569364547729492
INFO:trainer_layer_backward:2.7387142181396484
INFO:trainer_layer_backward:2.6111602783203125
INFO:trainer_layer_backward:4.29987907409668
INFO:trainer_layer_backward:4.1179656982421875
INFO:trainer_layer_backward:2.5005340576171875
INFO:trainer_layer_backward:2.621173858642578
INFO:trainer_layer_backward:2.2928714752197266
INFO:trainer_layer_backward:3.8666725158691406
INFO:trainer_layer_backward:3.485441207885742
INFO:trainer_layer_backward:3.1287670135498047
INFO:trainer_layer_backward:3.3991336822509766
INFO:trainer_layer_backward:3.3948421478271484
INFO:trainer_layer_backward:3.1554698944091797
INFO:trainer_layer_backward:3.013134002685547
INFO:trainer_layer_backward:3.089427947998047
INFO:trainer_layer_backward:3.5026073455810547
INFO:trainer_layer_backward:2.105712890625
INFO:trainer_layer_backward:1.9655227661132812
INFO:trainer_layer_backward:2.745389938354492
INFO:trainer_layer_backward:3.3092498779296875
INFO:trainer_layer_backward:3.509521484375
INFO:trainer_layer_backward:3.8237571716308594
INFO:trainer_layer_backward:4.4193267822265625
INFO:trainer_layer_backward:3.0851364135742188
INFO:trainer_layer_backward:2.9811859130859375
INFO:trainer_layer_backward:3.2863616943359375
INFO:trainer_layer_backward:4.409074783325195
INFO:trainer_layer_backward:3.785848617553711
INFO:trainer_layer_backward:2.7396678924560547
INFO:trainer_layer_backward:2.520322799682617
INFO:trainer_layer_backward:2.666950225830078
INFO:trainer_layer_backward:2.7647018432617188
INFO:trainer_layer_backward:2.6073455810546875
INFO:trainer_layer_backward:2.4504661560058594
INFO:trainer_layer_backward:2.1157264709472656
INFO:trainer_layer_backward:3.0150413513183594
INFO:trainer_layer_backward:2.8994083404541016
INFO:trainer_layer_backward:3.6325454711914062
INFO:trainer_layer_backward:3.379344940185547
INFO:trainer_layer_backward:3.797292709350586
INFO:trainer_layer_backward:2.820730209350586
INFO:trainer_layer_backward:3.2787322998046875
INFO:trainer_layer_backward:3.576993942260742
INFO:trainer_layer_backward:2.971172332763672
INFO:trainer_layer_backward:2.7811527252197266
INFO:trainer_layer_backward:4.938840866088867
INFO:trainer_layer_backward:2.3186206817626953
INFO:trainer_layer_backward:2.2335052490234375
INFO:trainer_layer_backward:2.001523971557617
INFO:trainer_layer_backward:2.126455307006836
INFO:trainer_layer_backward:2.1538734436035156
INFO:trainer_layer_backward:2.2165775299072266
INFO:trainer_layer_backward:2.042055130004883
INFO:trainer_layer_backward:2.2509098052978516
INFO:trainer_layer_backward:2.321481704711914
INFO:trainer_layer_backward:2.1059513092041016
INFO:trainer_layer_backward:2.057790756225586
INFO:trainer_layer_backward:3.1392574310302734
INFO:trainer_layer_backward:3.091573715209961
INFO:trainer_layer_backward:3.0150413513183594
INFO:trainer_layer_backward:3.0417442321777344
INFO:trainer_layer_backward:3.4110546112060547
INFO:trainer_layer_backward:3.609180450439453
INFO:trainer_layer_backward:3.1969547271728516
INFO:trainer_layer_backward:2.532482147216797
INFO:trainer_layer_backward:2.291440963745117
INFO:trainer_layer_backward:2.119302749633789
INFO:trainer_layer_backward:2.8629302978515625
INFO:trainer_layer_backward:3.097057342529297
INFO:trainer_layer_backward:3.139972686767578
INFO:trainer_layer_backward:3.0329227447509766
INFO:trainer_layer_backward:2.9325485229492188
INFO:trainer_layer_backward:2.961874008178711
INFO:trainer_layer_backward:3.6830902099609375
INFO:trainer_layer_backward:3.917694091796875
INFO:trainer_layer_backward:3.115415573120117
INFO:trainer_layer_backward:3.0291080474853516
INFO:trainer_layer_backward:3.1480789184570312
INFO:trainer_layer_backward:2.974987030029297
INFO:trainer_layer_backward:2.9442310333251953
INFO:trainer_layer_backward:3.412961959838867
INFO:trainer_layer_backward:4.202604293823242
INFO:trainer_layer_backward:2.995014190673828
INFO:trainer_layer_backward:3.015756607055664
INFO:trainer_layer_backward:2.906322479248047
INFO:trainer_layer_backward:3.0014514923095703
INFO:trainer_layer_backward:2.992868423461914
INFO:trainer_layer_backward:3.080129623413086
INFO:trainer_layer_backward:3.0181407928466797
INFO:trainer_layer_backward:3.0176639556884766
INFO:trainer_layer_backward:3.0374526977539062
INFO:trainer_layer_backward:2.9985904693603516
INFO:trainer_layer_backward:3.2198429107666016
INFO:trainer_layer_backward:2.9573440551757812
INFO:trainer_layer_backward:3.054380416870117
INFO:trainer_layer_backward:2.958059310913086
INFO:trainer_layer_backward:2.941131591796875
INFO:trainer_layer_backward:2.2177696228027344
INFO:trainer_layer_backward:3.5467147827148438
INFO:trainer_layer_backward:3.1654834747314453
INFO:trainer_layer_backward:3.3752918243408203
INFO:trainer_layer_backward:2.8929710388183594
INFO:trainer_layer_backward:3.7186145782470703
INFO:trainer_layer_backward:3.2367706298828125
INFO:trainer_layer_backward:3.0374526977539062
INFO:trainer_layer_backward:3.4437179565429688
INFO:trainer_layer_backward:2.497434616088867
INFO:trainer_layer_backward:3.5910606384277344
INFO:trainer_layer_backward:3.216266632080078
INFO:trainer_layer_backward:2.409219741821289
INFO:trainer_layer_backward:3.1273365020751953
INFO:trainer_layer_backward:3.6029815673828125
INFO:trainer_layer_backward:2.4547576904296875
INFO:trainer_layer_backward:3.9734840393066406
INFO:trainer_layer_backward:3.08990478515625
INFO:trainer_layer_backward:3.560781478881836
INFO:trainer_layer_backward:2.7313232421875
INFO:trainer_layer_backward:2.6721954345703125
INFO:trainer_layer_backward:2.6259422302246094
INFO:trainer_layer_backward:2.4933815002441406
INFO:trainer_layer_backward:3.2401084899902344
INFO:trainer_layer_backward:4.070043563842773
INFO:trainer_layer_backward:3.8437843322753906
INFO:trainer_layer_backward:3.323078155517578
INFO:trainer_layer_backward:4.014015197753906
INFO:trainer_layer_backward:2.6667118072509766
INFO:trainer_layer_backward:2.740621566772461
INFO:trainer_layer_backward:2.5758743286132812
INFO:trainer_layer_backward:2.6023387908935547
INFO:trainer_layer_backward:3.3380985260009766
INFO:trainer_layer_backward:3.392934799194336
INFO:trainer_layer_backward:2.8183460235595703
INFO:trainer_layer_backward:2.465963363647461
INFO:trainer_layer_backward:2.37274169921875
INFO:trainer_layer_backward:2.8786659240722656
INFO:trainer_layer_backward:2.434968948364258
INFO:trainer_layer_backward:2.907991409301758
INFO:trainer_layer_backward:2.5262832641601562
INFO:trainer_layer_backward:3.587961196899414
INFO:trainer_layer_backward:4.087924957275391
INFO:trainer_layer_backward:3.9081573486328125
INFO:trainer_layer_backward:3.6411285400390625
INFO:trainer_layer_backward:3.814697265625
INFO:trainer_layer_backward:2.693653106689453
INFO:trainer_layer_backward:2.730131149291992
INFO:trainer_layer_backward:4.582643508911133
INFO:trainer_layer_backward:3.783702850341797
INFO:trainer_layer_backward:3.3485889434814453
INFO:trainer_layer_backward:4.244565963745117
INFO:trainer_layer_backward:3.607511520385742
INFO:trainer_layer_backward:3.2358169555664062
INFO:trainer_layer_backward:2.4313926696777344
INFO:trainer_layer_backward:2.374887466430664
INFO:trainer_layer_backward:3.8785934448242188
INFO:trainer_layer_backward:3.898143768310547
INFO:trainer_layer_backward:3.5779476165771484
INFO:trainer_layer_backward:3.207683563232422
INFO:trainer_layer_backward:3.6203861236572266
INFO:trainer_layer_backward:4.213809967041016
INFO:trainer_layer_backward:3.4570693969726562
INFO:trainer_layer_backward:2.6388168334960938
INFO:trainer_layer_backward:2.5129318237304688
INFO:trainer_layer_backward:2.479076385498047
INFO:trainer_layer_backward:2.2840499877929688
INFO:trainer_layer_backward:2.3403167724609375
INFO:trainer_layer_backward:2.956867218017578
INFO:trainer_layer_backward:2.6171207427978516
INFO:trainer_layer_backward:2.6640892028808594
INFO:trainer_layer_backward:2.0995140075683594
INFO:trainer_layer_backward:3.5867691040039062
INFO:trainer_layer_backward:3.1757354736328125
INFO:trainer_layer_backward:3.4279823303222656
INFO:trainer_layer_backward:5.08570671081543
INFO:trainer_layer_backward:3.1180381774902344
INFO:trainer_layer_backward:2.4662017822265625
INFO:trainer_layer_backward:2.962350845336914
INFO:trainer_layer_backward:3.4499168395996094
INFO:trainer_layer_backward:3.5331249237060547
INFO:trainer_layer_backward:5.283594131469727
INFO:trainer_layer_backward:3.634929656982422
INFO:trainer_layer_backward:4.848003387451172
INFO:trainer_layer_backward:3.7975311279296875
INFO:trainer_layer_backward:3.9141178131103516
INFO:trainer_layer_backward:4.944801330566406
INFO:trainer_layer_backward:3.017902374267578
INFO:trainer_layer_backward:2.330303192138672
INFO:trainer_layer_backward:3.2296180725097656
INFO:trainer_layer_backward:3.3316612243652344
INFO:trainer_layer_backward:4.38690185546875
INFO:trainer_layer_backward:4.317522048950195
INFO:trainer_layer_backward:3.7593841552734375
INFO:trainer_layer_backward:2.69317626953125
INFO:trainer_layer_backward:2.8009414672851562
INFO:trainer_layer_backward:2.6979446411132812
INFO:trainer_layer_backward:2.4759769439697266
INFO:trainer_layer_backward:2.6416778564453125
INFO:trainer_layer_backward:3.893136978149414
INFO:trainer_layer_backward:3.248453140258789
INFO:trainer_layer_backward:3.1566619873046875
INFO:trainer_layer_backward:5.511283874511719
INFO:trainer_layer_backward:3.5839080810546875
INFO:trainer_layer_backward:2.6099681854248047
INFO:trainer_layer_backward:2.8672218322753906
INFO:trainer_layer_backward:2.3550987243652344
INFO:trainer_layer_backward:2.689838409423828
INFO:trainer_layer_backward:2.433300018310547
INFO:trainer_layer_backward:3.1561851501464844
INFO:trainer_layer_backward:3.114461898803711
INFO:trainer_layer_backward:4.079580307006836
INFO:trainer_layer_backward:4.729509353637695
INFO:trainer_layer_backward:3.098726272583008
INFO:trainer_layer_backward:4.414081573486328
INFO:trainer_layer_backward:4.799842834472656
INFO:trainer_layer_backward:3.641366958618164
INFO:trainer_layer_backward:3.6292076110839844
INFO:trainer_layer_backward:3.6737918853759766
INFO:trainer_layer_backward:3.6246776580810547
INFO:trainer_layer_backward:3.056764602661133
INFO:trainer_layer_backward:3.428936004638672
INFO:trainer_layer_backward:3.565549850463867
INFO:trainer_layer_backward:3.1785964965820312
INFO:trainer_layer_backward:2.7496814727783203
INFO:trainer_layer_backward:4.354238510131836
INFO:trainer_layer_backward:3.4563541412353516
INFO:trainer_layer_backward:2.8319358825683594
INFO:trainer_layer_backward:2.760171890258789
INFO:trainer_layer_backward:2.694845199584961
INFO:trainer_layer_backward:3.011941909790039
INFO:trainer_layer_backward:2.779245376586914
INFO:trainer_layer_backward:3.209352493286133
INFO:trainer_layer_backward:4.445075988769531
INFO:trainer_layer_backward:3.6373138427734375
INFO:trainer_layer_backward:2.8226375579833984
INFO:trainer_layer_backward:3.1380653381347656
INFO:trainer_layer_backward:3.6351680755615234
INFO:trainer_layer_backward:3.2045841217041016
INFO:trainer_layer_backward:2.557992935180664
INFO:trainer_layer_backward:2.79998779296875
INFO:trainer_layer_backward:2.374410629272461
INFO:trainer_layer_backward:2.5129318237304688
INFO:trainer_layer_backward:4.003286361694336
INFO:trainer_layer_backward:4.7588348388671875
INFO:trainer_layer_backward:3.154754638671875
INFO:trainer_layer_backward:2.7282238006591797
INFO:trainer_layer_backward:3.4761428833007812
INFO:trainer_layer_backward:3.4193992614746094
INFO:trainer_layer_backward:2.953767776489258
INFO:trainer_layer_backward:3.0519962310791016
INFO:trainer_layer_backward:5.14531135559082
INFO:trainer_layer_backward:3.8101673126220703
INFO:trainer_layer_backward:2.935171127319336
INFO:trainer_layer_backward:3.484010696411133
INFO:trainer_layer_backward:3.906726837158203
INFO:trainer_layer_backward:4.218816757202148
INFO:trainer_layer_backward:2.969980239868164
INFO:trainer_layer_backward:3.084897994995117
INFO:trainer_layer_backward:3.2799243927001953
INFO:trainer_layer_backward:8.275508880615234
INFO:trainer_layer_backward:3.2112598419189453
INFO:trainer_layer_backward:2.966642379760742
INFO:trainer_layer_backward:2.785205841064453
INFO:trainer_layer_backward:4.648447036743164
INFO:trainer_layer_backward:2.889871597290039
INFO:trainer_layer_backward:2.847909927368164
INFO:trainer_layer_backward:2.615213394165039
INFO:trainer_layer_backward:3.30352783203125
INFO:trainer_layer_backward:3.1549930572509766
INFO:trainer_layer_backward:3.868579864501953
INFO:trainer_layer_backward:3.9000511169433594
INFO:trainer_layer_backward:3.844738006591797
INFO:trainer_layer_backward:3.2358169555664062
INFO:trainer_layer_backward:2.7718544006347656
INFO:trainer_layer_backward:3.401041030883789
INFO:trainer_layer_backward:2.619028091430664
INFO:trainer_layer_backward:2.3581981658935547
INFO:trainer_layer_backward:2.5217533111572266
INFO:trainer_layer_backward:2.404451370239258
INFO:trainer_layer_backward:3.3164024353027344
INFO:trainer_layer_backward:3.194093704223633
INFO:trainer_layer_backward:2.587556838989258
INFO:trainer_layer_backward:3.2722949981689453
INFO:trainer_layer_backward:2.9594898223876953
INFO:trainer_layer_backward:3.9224624633789062
INFO:trainer_layer_backward:4.066228866577148
INFO:trainer_layer_backward:3.122568130493164
INFO:trainer_layer_backward:4.0378570556640625
INFO:trainer_layer_backward:4.500150680541992
INFO:trainer_layer_backward:3.2422542572021484
INFO:trainer_layer_backward:3.447294235229492
INFO:trainer_layer_backward:2.4924278259277344
INFO:trainer_layer_backward:2.3431777954101562
INFO:trainer_layer_backward:2.121448516845703
INFO:trainer_layer_backward:2.5610923767089844
INFO:trainer_layer_backward:3.5834312438964844
INFO:trainer_layer_backward:3.8907527923583984
INFO:trainer_layer_backward:4.240274429321289
INFO:trainer_layer_backward:3.772258758544922
INFO:trainer_layer_backward:4.039764404296875
INFO:trainer_layer_backward:3.905057907104492
INFO:trainer_layer_backward:3.1807422637939453
INFO:trainer_layer_backward:3.204822540283203
INFO:trainer_layer_backward:3.6478042602539062
INFO:trainer_layer_backward:3.039121627807617
INFO:trainer_layer_backward:3.9911270141601562
INFO:trainer_layer_backward:2.5000572204589844
INFO:trainer_layer_backward:2.4003982543945312
INFO:trainer_layer_backward:2.3889541625976562
INFO:trainer_layer_backward:2.2258758544921875
INFO:trainer_layer_backward:2.504110336303711
INFO:trainer_layer_backward:2.4671554565429688
INFO:trainer_layer_backward:2.2106170654296875
INFO:trainer_layer_backward:2.3844242095947266
INFO:trainer_layer_backward:2.5167465209960938
INFO:trainer_layer_backward:2.5031566619873047
INFO:trainer_layer_backward:2.174854278564453
INFO:trainer_layer_backward:3.396749496459961
INFO:trainer_layer_backward:2.9146671295166016
INFO:trainer_layer_backward:2.7692317962646484
INFO:trainer_layer_backward:3.3447742462158203
INFO:trainer_layer_backward:3.4563541412353516
INFO:trainer_layer_backward:3.5517215728759766
INFO:trainer_layer_backward:3.2007694244384766
INFO:trainer_layer_backward:3.4122467041015625
INFO:trainer_layer_backward:4.375934600830078
INFO:trainer_layer_backward:2.4716854095458984
INFO:trainer_layer_backward:2.7108192443847656
INFO:trainer_layer_backward:3.1206607818603516
INFO:trainer_layer_backward:2.877950668334961
INFO:trainer_layer_backward:3.1070709228515625
INFO:trainer_layer_backward:3.767251968383789
INFO:trainer_layer_backward:3.159046173095703
INFO:trainer_layer_backward:6.082057952880859
INFO:trainer_layer_backward:5.069255828857422
INFO:trainer_layer_backward:3.3516883850097656
INFO:trainer_layer_backward:3.412961959838867
INFO:trainer_layer_backward:3.0336380004882812
INFO:trainer_layer_backward:2.5374889373779297
INFO:trainer_layer_backward:2.248048782348633
INFO:trainer_layer_backward:2.2385120391845703
INFO:trainer_layer_backward:2.465486526489258
INFO:trainer_layer_backward:2.465486526489258
INFO:trainer_layer_backward:2.433300018310547
INFO:trainer_layer_backward:3.1991004943847656
INFO:trainer_layer_backward:2.5365352630615234
INFO:trainer_layer_backward:2.343893051147461
INFO:trainer_layer_backward:2.23541259765625
INFO:trainer_layer_backward:2.2237300872802734
INFO:trainer_layer_backward:2.103567123413086
INFO:trainer_layer_backward:3.239154815673828
INFO:trainer_layer_backward:3.2930374145507812
INFO:trainer_layer_backward:3.175973892211914
INFO:trainer_layer_backward:3.1991004943847656
INFO:trainer_layer_backward:3.535032272338867
INFO:trainer_layer_backward:3.274679183959961
INFO:trainer_layer_backward:3.3054351806640625
INFO:trainer_layer_backward:3.5691261291503906
INFO:trainer_layer_backward:2.306222915649414
INFO:trainer_layer_backward:2.3193359375
INFO:trainer_layer_backward:3.4637451171875
INFO:trainer_layer_backward:3.6716461181640625
INFO:trainer_layer_backward:2.1288394927978516
INFO:trainer_layer_backward:2.2950172424316406
INFO:trainer_layer_backward:3.377676010131836
INFO:trainer_layer_backward:3.3235549926757812
INFO:trainer_layer_backward:3.025054931640625
INFO:trainer_layer_backward:2.9976367950439453
INFO:trainer_layer_backward:3.5614967346191406
INFO:trainer_layer_backward:3.9408206939697266
INFO:trainer_layer_backward:3.2951831817626953
INFO:trainer_layer_backward:3.4818649291992188
INFO:trainer_layer_backward:3.1578540802001953
INFO:trainer_layer_backward:5.606412887573242
INFO:trainer_layer_backward:2.8340816497802734
INFO:trainer_layer_backward:3.3233165740966797
INFO:trainer_layer_backward:4.392862319946289
INFO:trainer_layer_backward:2.909421920776367
INFO:trainer_layer_backward:4.7664642333984375
INFO:trainer_layer_backward:3.5495758056640625
INFO:trainer_layer_backward:3.226757049560547
INFO:trainer_layer_backward:4.293680191040039
INFO:trainer_layer_backward:4.395961761474609
INFO:trainer_layer_backward:3.1914710998535156
INFO:trainer_layer_backward:4.5318603515625
INFO:trainer_layer_backward:3.131389617919922
INFO:trainer_layer_backward:2.9561519622802734
INFO:trainer_layer_backward:2.404451370239258
INFO:trainer_layer_backward:2.760171890258789
INFO:trainer_layer_backward:2.522706985473633
INFO:trainer_layer_backward:2.521514892578125
INFO:trainer_layer_backward:2.6590824127197266
INFO:trainer_layer_backward:2.8312206268310547
INFO:trainer_layer_backward:2.2270679473876953
INFO:trainer_layer_backward:2.2499561309814453
INFO:trainer_layer_backward:3.5860538482666016
INFO:trainer_layer_backward:3.1960010528564453
INFO:trainer_layer_backward:2.1829605102539062
INFO:trainer_layer_backward:2.290010452270508
INFO:trainer_layer_backward:3.084897994995117
INFO:trainer_layer_backward:3.1175613403320312
INFO:trainer_layer_backward:2.8443336486816406
INFO:trainer_layer_backward:2.919435501098633
INFO:trainer_layer_backward:3.3397674560546875
INFO:trainer_layer_backward:3.949403762817383
INFO:trainer_layer_backward:3.5157203674316406
INFO:trainer_layer_backward:4.984140396118164
INFO:trainer_layer_backward:3.081798553466797
INFO:trainer_layer_backward:3.7178993225097656
INFO:trainer_layer_backward:4.063606262207031
INFO:trainer_layer_backward:3.162384033203125
INFO:trainer_layer_backward:2.8655529022216797
INFO:trainer_layer_backward:4.003286361694336
INFO:trainer_layer_backward:6.846904754638672
INFO:trainer_layer_backward:2.7701854705810547
INFO:trainer_layer_backward:2.7823448181152344
INFO:trainer_layer_backward:3.078460693359375
INFO:trainer_layer_backward:4.074573516845703
INFO:trainer_layer_backward:3.7412643432617188
INFO:trainer_layer_backward:4.003286361694336
INFO:trainer_layer_backward:2.885103225708008
INFO:trainer_layer_backward:4.484891891479492
INFO:trainer_layer_backward:3.6242008209228516
INFO:trainer_layer_backward:3.3512115478515625
INFO:trainer_layer_backward:3.9730072021484375
INFO:trainer_layer_backward:4.365205764770508
INFO:trainer_layer_backward:4.755496978759766
INFO:trainer_layer_backward:3.876209259033203
INFO:trainer_layer_backward:3.3104419708251953
INFO:trainer_layer_backward:3.4317970275878906
INFO:trainer_layer_backward:4.199028015136719
INFO:trainer_layer_backward:5.039215087890625
INFO:trainer_layer_backward:3.9637088775634766
INFO:trainer_layer_backward:4.13060188293457
INFO:trainer_layer_backward:3.6950111389160156
INFO:trainer_layer_backward:3.792285919189453
INFO:trainer_layer_backward:2.4335384368896484
INFO:trainer_layer_backward:2.611398696899414
INFO:trainer_layer_backward:3.984212875366211
INFO:trainer_layer_backward:2.919435501098633
INFO:trainer_layer_backward:3.2906532287597656
INFO:trainer_layer_backward:4.262447357177734
INFO:trainer_layer_backward:3.386259078979492
INFO:trainer_layer_backward:4.100799560546875
INFO:trainer_layer_backward:2.8908252716064453
INFO:trainer_layer_backward:2.1822452545166016
INFO:trainer_layer_backward:2.310514450073242
INFO:trainer_layer_backward:2.545595169067383
INFO:trainer_layer_backward:2.2728443145751953
INFO:trainer_layer_backward:2.1545886993408203
INFO:trainer_layer_backward:2.251863479614258
INFO:trainer_layer_backward:2.265453338623047
INFO:trainer_layer_backward:2.2406578063964844
INFO:trainer_layer_backward:2.137422561645508
INFO:trainer_layer_backward:2.1522045135498047
INFO:trainer_layer_backward:2.225160598754883
INFO:trainer_layer_backward:2.0902156829833984
INFO:trainer_layer_backward:2.2192001342773438
INFO:trainer_layer_backward:2.393007278442383
INFO:trainer_layer_backward:2.3441314697265625
INFO:trainer_layer_backward:2.740144729614258
INFO:trainer_layer_backward:2.3703575134277344
INFO:trainer_layer_backward:2.605438232421875
INFO:trainer_layer_backward:2.4242401123046875
INFO:trainer_layer_backward:2.4657249450683594
INFO:trainer_layer_backward:2.110719680786133
INFO:trainer_layer_backward:2.205371856689453
INFO:trainer_layer_backward:2.1390914916992188
INFO:trainer_layer_backward:3.0541419982910156
INFO:trainer_layer_backward:3.4987926483154297
INFO:trainer_layer_backward:3.0870437622070312
INFO:trainer_layer_backward:2.8412342071533203
INFO:trainer_layer_backward:3.790140151977539
INFO:trainer_layer_backward:4.231452941894531
INFO:trainer_layer_backward:3.717660903930664
INFO:trainer_layer_backward:2.99835205078125
INFO:trainer_layer_backward:3.645181655883789
INFO:trainer_layer_backward:4.652261734008789
INFO:trainer_layer_backward:3.0508041381835938
INFO:trainer_layer_backward:3.0510425567626953
INFO:trainer_layer_backward:3.0145645141601562
INFO:trainer_layer_backward:2.9723644256591797
INFO:trainer_layer_backward:2.9985904693603516
INFO:trainer_layer_backward:3.5696029663085938
INFO:trainer_layer_backward:4.875659942626953
INFO:trainer_layer_backward:6.491661071777344
INFO:trainer_layer_backward:4.673242568969727
INFO:trainer_layer_backward:3.754138946533203
INFO:trainer_layer_backward:4.799127578735352
INFO:trainer_layer_backward:3.543853759765625
INFO:trainer_layer_backward:2.925395965576172
INFO:trainer_layer_backward:2.4492740631103516
INFO:trainer_layer_backward:3.1795501708984375
INFO:trainer_layer_backward:4.317998886108398
INFO:trainer_layer_backward:2.9222965240478516
INFO:trainer_layer_backward:3.554105758666992
INFO:trainer_layer_backward:2.7184486389160156
INFO:trainer_layer_backward:3.1898021697998047
INFO:trainer_layer_backward:3.352642059326172
INFO:trainer_layer_backward:4.746675491333008
INFO:trainer_layer_backward:4.774808883666992
INFO:trainer_layer_backward:3.3578872680664062
INFO:trainer_layer_backward:3.0951499938964844
INFO:trainer_layer_backward:2.363920211791992
INFO:trainer_layer_backward:2.554178237915039
INFO:trainer_layer_backward:3.9598941802978516
INFO:trainer_layer_backward:2.768993377685547
INFO:trainer_layer_backward:2.5665760040283203
INFO:trainer_layer_backward:3.1981468200683594
INFO:trainer_layer_backward:3.692626953125
INFO:trainer_layer_backward:3.4639835357666016
INFO:trainer_layer_backward:2.5718212127685547
INFO:trainer_layer_backward:3.332376480102539
INFO:trainer_layer_backward:3.4165382385253906
INFO:trainer_layer_backward:3.372669219970703
INFO:trainer_layer_backward:2.4971961975097656
INFO:trainer_layer_backward:3.587007522583008
INFO:trainer_layer_backward:5.271434783935547
INFO:trainer_layer_backward:4.332304000854492
INFO:trainer_layer_backward:3.365755081176758
INFO:trainer_layer_backward:2.9518604278564453
INFO:trainer_layer_backward:2.162456512451172
INFO:trainer_layer_backward:2.948284149169922
INFO:trainer_layer_backward:3.4072399139404297
INFO:trainer_layer_backward:3.022909164428711
INFO:trainer_layer_backward:3.3309459686279297
INFO:trainer_layer_backward:4.267454147338867
INFO:trainer_layer_backward:2.6743412017822266
INFO:trainer_layer_backward:3.5486221313476562
INFO:trainer_layer_backward:3.260374069213867
INFO:trainer_layer_backward:4.109859466552734
INFO:trainer_layer_backward:3.4024715423583984
INFO:trainer_layer_backward:2.6383399963378906
INFO:trainer_layer_backward:2.0046234130859375
INFO:trainer_layer_backward:4.292488098144531
INFO:trainer_layer_backward:4.137516021728516
INFO:trainer_layer_backward:3.3690929412841797
INFO:trainer_layer_backward:2.0668506622314453
INFO:trainer_layer_backward:3.4847259521484375
INFO:trainer_layer_backward:2.9964447021484375
INFO:trainer_layer_backward:3.1621456146240234
INFO:trainer_layer_backward:3.7932395935058594
INFO:trainer_layer_backward:4.060983657836914
INFO:trainer_layer_backward:3.0930042266845703
INFO:trainer_layer_backward:5.323886871337891
INFO:trainer_layer_backward:3.047943115234375
INFO:trainer_layer_backward:3.1054019927978516
INFO:trainer_layer_backward:3.0939579010009766
INFO:trainer_layer_backward:3.1502246856689453
INFO:trainer_layer_backward:2.8939247131347656
INFO:trainer_layer_backward:3.6056041717529297
INFO:trainer_layer_backward:4.299640655517578
INFO:trainer_layer_backward:4.903554916381836
INFO:trainer_layer_backward:3.345489501953125
INFO:trainer_layer_backward:2.582073211669922
INFO:trainer_layer_backward:2.3088455200195312
INFO:trainer_layer_backward:3.015279769897461
INFO:trainer_layer_backward:3.8690567016601562
INFO:trainer_layer_backward:3.5538673400878906
INFO:trainer_layer_backward:4.51970100402832
INFO:trainer_layer_backward:4.348993301391602
INFO:trainer_layer_backward:2.9075145721435547
INFO:trainer_layer_backward:5.679607391357422
INFO:trainer_layer_backward:2.168416976928711
INFO:trainer_layer_backward:1.96075439453125
INFO:trainer_layer_backward:4.960536956787109
INFO:trainer_layer_backward:3.874063491821289
INFO:trainer_layer_backward:3.533601760864258
INFO:trainer_layer_backward:3.625631332397461
INFO:trainer_layer_backward:4.196405410766602
INFO:trainer_layer_backward:3.3953189849853516
INFO:trainer_layer_backward:2.7234554290771484
INFO:trainer_layer_backward:2.0170211791992188
INFO:trainer_layer_backward:3.4275054931640625
INFO:trainer_layer_backward:4.52423095703125
INFO:trainer_layer_backward:4.099369049072266
INFO:trainer_layer_backward:2.5429725646972656
INFO:trainer_layer_backward:2.6290416717529297
INFO:trainer_layer_backward:2.2134780883789062
INFO:trainer_layer_backward:2.2079944610595703
INFO:trainer_layer_backward:2.2034645080566406
INFO:trainer_layer_backward:2.3355484008789062
INFO:trainer_layer_backward:2.168416976928711
INFO:trainer_layer_backward:2.3627281188964844
INFO:trainer_layer_backward:2.271890640258789
INFO:trainer_layer_backward:2.5382041931152344
INFO:trainer_layer_backward:2.0978450775146484
INFO:trainer_layer_backward:2.394437789916992
INFO:trainer_layer_backward:2.1114349365234375
INFO:trainer_layer_backward:2.4862289428710938
INFO:trainer_layer_backward:2.386808395385742
INFO:trainer_layer_backward:2.299070358276367
INFO:trainer_layer_backward:2.101898193359375
INFO:trainer_layer_backward:2.4657249450683594
INFO:trainer_layer_backward:3.802061080932617
INFO:trainer_layer_backward:3.9811134338378906
INFO:trainer_layer_backward:3.214597702026367
INFO:trainer_layer_backward:2.3276805877685547
INFO:trainer_layer_backward:2.147674560546875
INFO:trainer_layer_backward:2.6950836181640625
INFO:trainer_layer_backward:1.951456069946289
INFO:trainer_layer_backward:2.1915435791015625
INFO:trainer_layer_backward:2.1212100982666016
INFO:trainer_layer_backward:2.2077560424804688
INFO:trainer_layer_backward:2.2842884063720703
INFO:trainer_layer_backward:2.1991729736328125
INFO:trainer_layer_backward:1.9130706787109375
INFO:trainer_layer_backward:3.131866455078125
INFO:trainer_layer_backward:4.232168197631836
INFO:trainer_layer_backward:3.1561851501464844
INFO:trainer_layer_backward:3.0477046966552734
INFO:trainer_layer_backward:3.133535385131836
INFO:trainer_layer_backward:3.7560462951660156
INFO:trainer_layer_backward:3.5130977630615234
INFO:trainer_layer_backward:2.342700958251953
INFO:trainer_layer_backward:2.3069381713867188
INFO:trainer_layer_backward:2.5670528411865234
INFO:trainer_layer_backward:2.895355224609375
INFO:trainer_layer_backward:3.1499862670898438
INFO:trainer_layer_backward:2.8841495513916016
INFO:trainer_layer_backward:2.770662307739258
INFO:trainer_layer_backward:2.9158592224121094
INFO:trainer_layer_backward:3.0069351196289062
INFO:trainer_layer_backward:2.9790401458740234
INFO:trainer_layer_backward:2.988576889038086
INFO:trainer_layer_backward:3.9768218994140625
INFO:trainer_layer_backward:3.7665367126464844
INFO:trainer_layer_backward:2.076387405395508
INFO:trainer_layer_backward:2.366304397583008
INFO:trainer_layer_backward:2.3260116577148438
INFO:trainer_layer_backward:2.973318099975586
INFO:trainer_layer_backward:3.961801528930664
INFO:trainer_layer_backward:3.4036636352539062
INFO:trainer_layer_backward:2.2835731506347656
INFO:trainer_layer_backward:2.0699501037597656
INFO:trainer_layer_backward:2.314329147338867
INFO:trainer_layer_backward:1.9559860229492188
INFO:trainer_layer_backward:2.0732879638671875
INFO:trainer_layer_backward:2.192974090576172
INFO:trainer_layer_backward:2.3584365844726562
INFO:trainer_layer_backward:2.1076202392578125
INFO:trainer_layer_backward:2.478361129760742
INFO:trainer_layer_backward:2.138376235961914
INFO:trainer_layer_backward:2.263784408569336
INFO:trainer_layer_backward:2.101421356201172
INFO:trainer_layer_backward:2.3546218872070312
INFO:trainer_layer_backward:1.9373893737792969
INFO:trainer_layer_backward:2.1300315856933594
INFO:trainer_layer_backward:4.470109939575195
INFO:trainer_layer_backward:2.6450157165527344
INFO:trainer_layer_backward:3.2219886779785156
INFO:trainer_layer_backward:3.1785964965820312
INFO:trainer_layer_backward:3.4999847412109375
INFO:trainer_layer_backward:4.607439041137695
INFO:trainer_layer_backward:2.422332763671875
INFO:trainer_layer_backward:2.2814273834228516
INFO:trainer_layer_backward:2.9251575469970703
INFO:trainer_layer_backward:2.911090850830078
INFO:trainer_layer_backward:3.9625167846679688
INFO:trainer_layer_backward:2.4247169494628906
INFO:trainer_layer_backward:2.312183380126953
INFO:trainer_layer_backward:2.740621566772461
INFO:trainer_layer_backward:3.638744354248047
INFO:trainer_layer_backward:2.380847930908203
INFO:trainer_layer_backward:2.385854721069336
INFO:trainer_layer_backward:2.6421546936035156
INFO:trainer_layer_backward:2.352476119995117
INFO:trainer_layer_backward:2.294301986694336
INFO:trainer_layer_backward:3.253936767578125
INFO:trainer_layer_backward:3.1871795654296875
INFO:trainer_layer_backward:2.1462440490722656
INFO:trainer_layer_backward:3.0667781829833984
INFO:trainer_layer_backward:2.4721622467041016
INFO:trainer_layer_backward:2.6001930236816406
INFO:trainer_layer_backward:2.813100814819336
INFO:trainer_layer_backward:3.470182418823242
INFO:trainer_layer_backward:3.4008026123046875
INFO:trainer_layer_backward:2.7544498443603516
INFO:trainer_layer_backward:2.933502197265625
INFO:trainer_layer_backward:3.07464599609375
INFO:trainer_layer_backward:2.881765365600586
INFO:trainer_layer_backward:3.0159950256347656
INFO:trainer_layer_backward:3.0100345611572266
INFO:trainer_layer_backward:4.062891006469727
INFO:trainer_layer_backward:3.5600662231445312
INFO:trainer_layer_backward:3.5772323608398438
INFO:trainer_layer_backward:3.3843517303466797
INFO:trainer_layer_backward:2.105712890625
INFO:trainer_layer_backward:2.283334732055664
INFO:trainer_layer_backward:3.271818161010742
INFO:trainer_layer_backward:3.2618045806884766
INFO:trainer_layer_backward:4.814624786376953
INFO:trainer_layer_backward:3.4890174865722656
INFO:trainer_layer_backward:2.4213790893554688
INFO:trainer_layer_backward:3.389120101928711
INFO:trainer_layer_backward:5.637168884277344
INFO:trainer_layer_backward:2.8412342071533203
INFO:trainer_layer_backward:2.900362014770508
INFO:trainer_layer_backward:2.897977828979492
INFO:trainer_layer_backward:2.6586055755615234
INFO:trainer_layer_backward:2.393484115600586
INFO:trainer_layer_backward:3.116130828857422
INFO:trainer_layer_backward:2.481698989868164
INFO:trainer_layer_backward:2.9463768005371094
INFO:trainer_layer_backward:2.681732177734375
INFO:trainer_layer_backward:2.813100814819336
INFO:trainer_layer_backward:3.451824188232422
INFO:trainer_layer_backward:3.6745071411132812
INFO:trainer_layer_backward:3.5965442657470703
INFO:trainer_layer_backward:3.1723976135253906
INFO:trainer_layer_backward:3.9472579956054688
INFO:trainer_layer_backward:2.817392349243164
INFO:trainer_layer_backward:2.098560333251953
INFO:trainer_layer_backward:2.918243408203125
INFO:trainer_layer_backward:4.354000091552734
INFO:trainer_layer_backward:3.155231475830078
INFO:trainer_layer_backward:2.9497146606445312
INFO:trainer_layer_backward:3.4978389739990234
INFO:trainer_layer_backward:3.3500194549560547
INFO:trainer_layer_backward:2.892732620239258
INFO:trainer_layer_backward:3.592252731323242
INFO:trainer_layer_backward:2.667665481567383
INFO:trainer_layer_backward:2.2640228271484375
INFO:trainer_layer_backward:2.910614013671875
INFO:trainer_layer_backward:3.754854202270508
INFO:trainer_layer_backward:2.0439624786376953
INFO:trainer_layer_backward:2.1142959594726562
INFO:trainer_layer_backward:2.6993751525878906
INFO:trainer_layer_backward:4.726409912109375
INFO:trainer_layer_backward:3.5448074340820312
INFO:trainer_layer_backward:5.270242691040039
INFO:trainer_layer_backward:2.989530563354492
INFO:trainer_layer_backward:2.962350845336914
INFO:trainer_layer_backward:3.9281845092773438
INFO:trainer_layer_backward:2.855062484741211
INFO:trainer_layer_backward:2.244710922241211
INFO:trainer_layer_backward:2.015352249145508
INFO:trainer_layer_backward:3.656148910522461
INFO:trainer_layer_backward:3.239870071411133
INFO:trainer_layer_backward:4.312753677368164
INFO:trainer_layer_backward:3.175020217895508
INFO:trainer_layer_backward:2.687692642211914
INFO:trainer_layer_backward:3.0760765075683594
INFO:trainer_layer_backward:3.435373306274414
INFO:trainer_layer_backward:2.919912338256836
INFO:trainer_layer_backward:3.0722618103027344
INFO:trainer_layer_backward:3.2532215118408203
INFO:trainer_layer_backward:3.4852027893066406
INFO:trainer_layer_backward:3.2155513763427734
INFO:trainer_layer_backward:3.5746097564697266
INFO:trainer_layer_backward:2.8243064880371094
INFO:trainer_layer_backward:2.480745315551758
INFO:trainer_layer_backward:2.433300018310547
INFO:trainer_layer_backward:2.786874771118164
INFO:trainer_layer_backward:2.5844573974609375
INFO:trainer_layer_backward:2.139568328857422
INFO:trainer_layer_backward:3.3636093139648438
INFO:trainer_layer_backward:3.8831233978271484
INFO:trainer_layer_backward:3.236532211303711
INFO:trainer_layer_backward:3.897428512573242
INFO:trainer_layer_backward:3.808259963989258
INFO:trainer_layer_backward:3.385782241821289
INFO:trainer_layer_backward:3.123760223388672
INFO:trainer_layer_backward:3.6368370056152344
INFO:trainer_layer_backward:3.0813217163085938
INFO:trainer_layer_backward:3.2677650451660156
INFO:trainer_layer_backward:3.5333633422851562
INFO:trainer_layer_backward:2.5131702423095703
INFO:trainer_layer_backward:2.2125244140625
INFO:trainer_layer_backward:2.705097198486328
INFO:trainer_layer_backward:4.054784774780273
INFO:trainer_layer_backward:2.059459686279297
INFO:trainer_layer_backward:2.187013626098633
INFO:trainer_layer_backward:3.3757686614990234
INFO:trainer_layer_backward:3.279447555541992
INFO:trainer_layer_backward:3.6199092864990234
INFO:trainer_layer_backward:3.410816192626953
INFO:trainer_layer_backward:2.5434494018554688
INFO:trainer_layer_backward:2.422332763671875
INFO:trainer_layer_backward:3.4418106079101562
INFO:trainer_layer_backward:3.252744674682617
INFO:trainer_layer_backward:3.165721893310547
INFO:trainer_layer_backward:3.670215606689453
INFO:trainer_layer_backward:4.404783248901367
INFO:trainer_layer_backward:2.8989315032958984
INFO:trainer_layer_backward:2.8533935546875
INFO:trainer_layer_backward:2.315521240234375
INFO:trainer_layer_backward:2.979755401611328
INFO:trainer_layer_backward:3.512859344482422
INFO:trainer_layer_backward:3.7178993225097656
INFO:trainer_layer_backward:3.629922866821289
INFO:trainer_layer_backward:2.2029876708984375
INFO:trainer_layer_backward:2.9840469360351562
INFO:trainer_layer_backward:3.0624866485595703
INFO:trainer_layer_backward:3.187417984008789
INFO:trainer_layer_backward:2.2432804107666016
INFO:trainer_layer_backward:2.0279884338378906
INFO:trainer_layer_backward:3.086566925048828
INFO:trainer_layer_backward:4.132509231567383
INFO:trainer_layer_backward:3.25775146484375
INFO:trainer_layer_backward:2.4225711822509766
INFO:trainer_layer_backward:2.712726593017578
INFO:trainer_layer_backward:2.431154251098633
INFO:trainer_layer_backward:2.5763511657714844
INFO:trainer_layer_backward:3.994464874267578
INFO:trainer_layer_backward:2.9158592224121094
INFO:trainer_layer_backward:2.534151077270508
INFO:trainer_layer_backward:3.0536651611328125
INFO:trainer_layer_backward:3.6704540252685547
INFO:trainer_layer_backward:2.3910999298095703
INFO:trainer_layer_backward:4.124641418457031
INFO:trainer_layer_backward:3.936290740966797
INFO:trainer_layer_backward:3.3292770385742188
INFO:trainer_layer_backward:2.7463436126708984
INFO:trainer_layer_backward:2.450227737426758
INFO:trainer_layer_backward:2.9392242431640625
INFO:trainer_layer_backward:3.247499465942383
INFO:trainer_layer_backward:3.0884742736816406
INFO:trainer_layer_backward:3.608226776123047
INFO:trainer_layer_backward:2.9392242431640625
INFO:trainer_layer_backward:2.557039260864258
INFO:trainer_layer_backward:2.238035202026367
INFO:trainer_layer_backward:2.989530563354492
INFO:trainer_layer_backward:4.236459732055664
INFO:trainer_layer_backward:2.4619102478027344
INFO:trainer_layer_backward:2.8870105743408203
INFO:trainer_layer_backward:3.2570362091064453
INFO:trainer_layer_backward:3.1425952911376953
INFO:trainer_layer_backward:3.7992000579833984
INFO:trainer_layer_backward:2.5510787963867188
INFO:trainer_layer_backward:2.5010108947753906
INFO:trainer_layer_backward:2.4352073669433594
INFO:trainer_layer_backward:3.6067962646484375
INFO:trainer_layer_backward:3.1189918518066406
INFO:trainer_layer_backward:3.505229949951172
INFO:trainer_layer_backward:6.41942024230957
INFO:trainer_layer_backward:2.309083938598633
INFO:trainer_layer_backward:2.4366378784179688
INFO:trainer_layer_backward:4.428863525390625
INFO:trainer_layer_backward:2.3038387298583984
INFO:trainer_layer_backward:2.55584716796875
INFO:trainer_layer_backward:4.031896591186523
INFO:trainer_layer_backward:2.462625503540039
INFO:trainer_layer_backward:2.5048255920410156
INFO:trainer_layer_backward:3.1228065490722656
INFO:trainer_layer_backward:3.3502578735351562
INFO:trainer_layer_backward:2.995729446411133
INFO:trainer_layer_backward:3.2215118408203125
INFO:trainer_layer_backward:3.5791397094726562
INFO:trainer_layer_backward:2.9036998748779297
INFO:trainer_layer_backward:2.9001235961914062
INFO:trainer_layer_backward:3.946542739868164
INFO:trainer_layer_backward:4.250526428222656
INFO:trainer_layer_backward:3.0012130737304688
INFO:trainer_layer_backward:2.7098655700683594
INFO:trainer_layer_backward:2.4085044860839844
INFO:trainer_layer_backward:2.3734569549560547
INFO:trainer_layer_backward:3.1752586364746094
INFO:trainer_layer_backward:3.315448760986328
INFO:trainer_layer_backward:3.0965805053710938
INFO:trainer_layer_backward:3.0188560485839844
INFO:trainer_layer_backward:4.506349563598633
INFO:trainer_layer_backward:2.9478073120117188
INFO:trainer_layer_backward:3.688335418701172
INFO:trainer_layer_backward:3.7186145782470703
INFO:trainer_layer_backward:2.0532608032226562
INFO:trainer_layer_backward:2.9757022857666016
INFO:trainer_layer_backward:3.1015872955322266
INFO:trainer_layer_backward:4.477739334106445
INFO:trainer_layer_backward:2.7904510498046875
INFO:trainer_layer_backward:3.63922119140625
INFO:trainer_layer_backward:4.593849182128906
INFO:trainer_layer_backward:2.0139217376708984
INFO:trainer_layer_backward:2.966642379760742
INFO:trainer_layer_backward:3.4797191619873047
INFO:trainer_layer_backward:2.6853084564208984
INFO:trainer_layer_backward:3.196239471435547
INFO:trainer_layer_backward:3.7870407104492188
INFO:trainer_layer_backward:2.090930938720703
INFO:trainer_layer_backward:2.924680709838867
INFO:trainer_layer_backward:3.2966136932373047
INFO:trainer_layer_backward:5.126953125
INFO:trainer_layer_backward:2.1293163299560547
INFO:trainer_layer_backward:4.3315887451171875
INFO:trainer_layer_backward:4.100322723388672
INFO:trainer_layer_backward:3.108978271484375
INFO:trainer_layer_backward:3.4019947052001953
INFO:trainer_layer_backward:2.8426647186279297
INFO:trainer_layer_backward:2.8839111328125
INFO:trainer_layer_backward:2.589702606201172
INFO:trainer_layer_backward:2.5670528411865234
INFO:trainer_layer_backward:3.5927295684814453
INFO:trainer_layer_backward:3.7899017333984375
INFO:trainer_layer_backward:3.162384033203125
INFO:trainer_layer_backward:2.1266937255859375
INFO:trainer_layer_backward:2.438783645629883
INFO:trainer_layer_backward:3.2701492309570312
INFO:trainer_layer_backward:3.5696029663085938
INFO:trainer_layer_backward:2.5780200958251953
INFO:trainer_layer_backward:2.264261245727539
INFO:trainer_layer_backward:2.6178359985351562
INFO:trainer_layer_backward:3.0028820037841797
INFO:trainer_layer_backward:2.8984546661376953
INFO:trainer_layer_backward:3.2651424407958984
INFO:trainer_layer_backward:3.4134387969970703
INFO:trainer_layer_backward:4.157066345214844
INFO:trainer_layer_backward:3.6191940307617188
INFO:trainer_layer_backward:2.9354095458984375
INFO:trainer_layer_backward:3.0684471130371094
INFO:trainer_layer_backward:4.019021987915039
INFO:trainer_layer_backward:3.0736923217773438
INFO:trainer_layer_backward:2.3353099822998047
INFO:trainer_layer_backward:2.254009246826172
INFO:trainer_layer_backward:2.7272701263427734
INFO:trainer_layer_backward:2.094745635986328
INFO:trainer_layer_backward:2.248048782348633
INFO:trainer_layer_backward:2.0520687103271484
INFO:trainer_layer_backward:2.742290496826172
INFO:trainer_layer_backward:2.2149085998535156
INFO:trainer_layer_backward:2.176046371459961
INFO:trainer_layer_backward:2.4881362915039062
INFO:trainer_layer_backward:2.3682117462158203
INFO:trainer_layer_backward:2.5899410247802734
INFO:trainer_layer_backward:2.1185874938964844
INFO:trainer_layer_backward:2.028226852416992
INFO:trainer_layer_backward:2.25067138671875
INFO:trainer_layer_backward:3.325223922729492
INFO:trainer_layer_backward:2.375364303588867
INFO:trainer_layer_backward:3.306865692138672
INFO:trainer_layer_backward:3.6182403564453125
INFO:trainer_layer_backward:3.0930042266845703
INFO:trainer_layer_backward:2.978086471557617
INFO:trainer_layer_backward:2.8853416442871094
INFO:trainer_layer_backward:4.846334457397461
INFO:trainer_layer_backward:2.1681785583496094
INFO:trainer_layer_backward:2.0170211791992188
INFO:trainer_layer_backward:3.262042999267578
INFO:trainer_layer_backward:2.695798873901367
INFO:trainer_layer_backward:2.1953582763671875
INFO:trainer_layer_backward:2.353191375732422
INFO:trainer_layer_backward:4.287958145141602
INFO:trainer_layer_backward:3.6249160766601562
INFO:trainer_layer_backward:4.1046142578125
INFO:trainer_layer_backward:2.5882720947265625
INFO:trainer_layer_backward:2.6891231536865234
INFO:trainer_layer_backward:2.8116703033447266
INFO:trainer_layer_backward:2.2339820861816406
INFO:trainer_layer_backward:3.0858516693115234
INFO:trainer_layer_backward:2.889394760131836
INFO:trainer_layer_backward:2.5610923767089844
INFO:trainer_layer_backward:3.830432891845703
INFO:trainer_layer_backward:2.6955604553222656
