INFO:trainer:CNNEx | mnist
INFO:trainer:in_size : 256 | epochs : 30 | batch : 8
INFO:trainer:kernel_l1 : 160 | kernel_l2 : 65 | kernel_l3 : 33 
INFO:trainer:o_channels_l1 : 10 | o_channels_l2 : 10 | o_channels_l3 : 10 
INFO:trainer:learn_num_train : 1000 | learn_num_validate : 1000 
INFO:trainer::::::::::::::::::::::::::::::::::::::::::::::::::::::::::::
INFO:trainer:message : conv1 
INFO:trainer::::::::::::::::::::::::::::::::::::::::::::::::::::::::::::
INFO:trainer:Epoch 1/30 | Train/Loss 1.747 Acc 0.399 | Val/Loss 0.905 Acc 69.088 Time 152.54 s
INFO:trainer:Epoch 2/30 | Train/Loss 1.449 Acc 0.507 | Val/Loss 0.709 Acc 78.438 Time 151.15 s
INFO:trainer:Epoch 3/30 | Train/Loss 1.376 Acc 0.540 | Val/Loss 0.589 Acc 87.000 Time 152.71 s
INFO:trainer:Epoch 4/30 | Train/Loss 1.333 Acc 0.549 | Val/Loss 0.567 Acc 88.138 Time 151.56 s
INFO:trainer:Epoch 5/30 | Train/Loss 1.285 Acc 0.578 | Val/Loss 0.553 Acc 89.688 Time 151.34 s
INFO:trainer:Epoch 6/30 | Train/Loss 1.277 Acc 0.573 | Val/Loss 0.461 Acc 91.638 Time 151.15 s
INFO:trainer:Epoch 7/30 | Train/Loss 1.216 Acc 0.596 | Val/Loss 0.409 Acc 91.763 Time 151.41 s
INFO:trainer:Epoch 8/30 | Train/Loss 1.220 Acc 0.592 | Val/Loss 0.467 Acc 90.850 Time 151.22 s
INFO:trainer:Epoch 9/30 | Train/Loss 1.150 Acc 0.623 | Val/Loss 0.380 Acc 92.812 Time 151.02 s
INFO:trainer:Epoch 10/30 | Train/Loss 1.154 Acc 0.614 | Val/Loss 0.412 Acc 90.838 Time 151.24 s
INFO:trainer:Epoch 11/30 | Train/Loss 1.122 Acc 0.628 | Val/Loss 0.418 Acc 91.912 Time 151.25 s
INFO:trainer:Epoch 12/30 | Train/Loss 1.139 Acc 0.624 | Val/Loss 0.373 Acc 93.013 Time 151.48 s
INFO:trainer:Epoch 13/30 | Train/Loss 1.118 Acc 0.625 | Val/Loss 0.353 Acc 93.150 Time 151.43 s
INFO:trainer:Epoch 14/30 | Train/Loss 1.106 Acc 0.638 | Val/Loss 0.362 Acc 93.088 Time 151.15 s
INFO:trainer:Epoch 15/30 | Train/Loss 1.084 Acc 0.635 | Val/Loss 0.304 Acc 94.275 Time 151.43 s
INFO:trainer:Epoch 16/30 | Train/Loss 1.058 Acc 0.640 | Val/Loss 0.304 Acc 93.888 Time 151.25 s
INFO:trainer:Epoch 17/30 | Train/Loss 1.064 Acc 0.641 | Val/Loss 0.322 Acc 94.650 Time 151.19 s
INFO:trainer:Epoch 18/30 | Train/Loss 1.075 Acc 0.640 | Val/Loss 0.291 Acc 94.363 Time 151.34 s
INFO:trainer:Epoch 19/30 | Train/Loss 1.056 Acc 0.645 | Val/Loss 0.313 Acc 93.050 Time 151.20 s
INFO:trainer:Epoch 20/30 | Train/Loss 1.059 Acc 0.641 | Val/Loss 0.273 Acc 94.575 Time 151.27 s
INFO:trainer:Epoch 21/30 | Train/Loss 1.052 Acc 0.647 | Val/Loss 0.261 Acc 95.225 Time 151.38 s
INFO:trainer:Epoch 22/30 | Train/Loss 1.038 Acc 0.653 | Val/Loss 0.285 Acc 93.925 Time 151.24 s
INFO:trainer:Epoch 23/30 | Train/Loss 1.033 Acc 0.658 | Val/Loss 0.296 Acc 94.612 Time 151.34 s
INFO:trainer:Epoch 24/30 | Train/Loss 1.049 Acc 0.650 | Val/Loss 0.308 Acc 94.938 Time 151.29 s
INFO:trainer:Epoch 25/30 | Train/Loss 1.031 Acc 0.659 | Val/Loss 0.266 Acc 94.850 Time 151.10 s
INFO:trainer:Epoch 26/30 | Train/Loss 1.046 Acc 0.645 | Val/Loss 0.276 Acc 94.400 Time 151.05 s
INFO:trainer:Epoch 27/30 | Train/Loss 1.024 Acc 0.654 | Val/Loss 0.300 Acc 93.975 Time 151.34 s
INFO:trainer:Epoch 28/30 | Train/Loss 1.062 Acc 0.652 | Val/Loss 0.289 Acc 94.388 Time 152.45 s
INFO:trainer:Epoch 29/30 | Train/Loss 1.017 Acc 0.654 | Val/Loss 0.338 Acc 94.112 Time 151.95 s
INFO:trainer:Epoch 30/30 | Train/Loss 1.069 Acc 0.644 | Val/Loss 0.288 Acc 94.725 Time 154.41 s
INFO:trainer:Best validation accuracy:95.225%
INFO:trainer:Average_Time 151.53 s
