INFO:trainer:CNNEx | mnist
INFO:trainer:in_size : 256 | epochs : 30 | batch : 8
INFO:trainer:kernel_l1 : 145 | kernel_l2 : 65 | kernel_l3 : 33 
INFO:trainer:o_channels_l1 : 10 | o_channels_l2 : 10 | o_channels_l3 : 10 
INFO:trainer:learn_num_train : 1000 | learn_num_validate : 1000 
INFO:trainer::::::::::::::::::::::::::::::::::::::::::::::::::::::::::::
INFO:trainer:message : conv1 
INFO:trainer::::::::::::::::::::::::::::::::::::::::::::::::::::::::::::
INFO:trainer:Epoch 1/30 | Train/Loss 1.838 Acc 0.649 | Val/Loss 0.562 Acc 84.262 Time 193.40 s
INFO:trainer:Epoch 2/30 | Train/Loss 0.652 Acc 0.816 | Val/Loss 0.415 Acc 88.075 Time 196.37 s
INFO:trainer:Epoch 3/30 | Train/Loss 0.547 Acc 0.848 | Val/Loss 0.351 Acc 89.862 Time 194.11 s
INFO:trainer:Epoch 4/30 | Train/Loss 0.523 Acc 0.852 | Val/Loss 0.361 Acc 89.162 Time 193.94 s
INFO:trainer:Epoch 5/30 | Train/Loss 0.472 Acc 0.868 | Val/Loss 0.264 Acc 92.650 Time 193.99 s
INFO:trainer:Epoch 6/30 | Train/Loss 0.440 Acc 0.874 | Val/Loss 0.250 Acc 92.787 Time 193.95 s
INFO:trainer:Epoch 7/30 | Train/Loss 0.406 Acc 0.887 | Val/Loss 0.269 Acc 92.463 Time 194.00 s
INFO:trainer:Epoch 8/30 | Train/Loss 0.418 Acc 0.884 | Val/Loss 0.220 Acc 93.263 Time 193.97 s
INFO:trainer:Epoch 9/30 | Train/Loss 0.375 Acc 0.897 | Val/Loss 0.241 Acc 93.212 Time 193.96 s
INFO:trainer:Epoch 10/30 | Train/Loss 0.362 Acc 0.901 | Val/Loss 0.204 Acc 93.925 Time 194.03 s
INFO:trainer:Epoch 11/30 | Train/Loss 0.330 Acc 0.907 | Val/Loss 0.190 Acc 94.412 Time 197.35 s
INFO:trainer:Epoch 12/30 | Train/Loss 0.310 Acc 0.910 | Val/Loss 0.241 Acc 92.650 Time 195.44 s
INFO:trainer:Epoch 13/30 | Train/Loss 0.307 Acc 0.913 | Val/Loss 0.232 Acc 93.150 Time 195.47 s
INFO:trainer:Epoch 14/30 | Train/Loss 0.284 Acc 0.918 | Val/Loss 0.203 Acc 94.150 Time 198.64 s
INFO:trainer:Epoch 15/30 | Train/Loss 0.276 Acc 0.921 | Val/Loss 0.208 Acc 94.013 Time 192.53 s
INFO:trainer:Epoch 16/30 | Train/Loss 0.271 Acc 0.922 | Val/Loss 0.183 Acc 94.650 Time 192.54 s
INFO:trainer:Epoch 17/30 | Train/Loss 0.251 Acc 0.928 | Val/Loss 0.182 Acc 94.950 Time 192.56 s
INFO:trainer:Epoch 18/30 | Train/Loss 0.252 Acc 0.926 | Val/Loss 0.170 Acc 94.888 Time 192.52 s
INFO:trainer:Epoch 19/30 | Train/Loss 0.234 Acc 0.929 | Val/Loss 0.168 Acc 95.200 Time 192.53 s
INFO:trainer:Epoch 20/30 | Train/Loss 0.248 Acc 0.933 | Val/Loss 0.154 Acc 95.675 Time 192.52 s
INFO:trainer:Epoch 21/30 | Train/Loss 0.240 Acc 0.932 | Val/Loss 0.176 Acc 94.788 Time 192.51 s
INFO:trainer:Epoch 22/30 | Train/Loss 0.209 Acc 0.938 | Val/Loss 0.172 Acc 94.812 Time 192.46 s
INFO:trainer:Epoch 23/30 | Train/Loss 0.224 Acc 0.935 | Val/Loss 0.133 Acc 96.112 Time 192.49 s
INFO:trainer:Epoch 24/30 | Train/Loss 0.213 Acc 0.938 | Val/Loss 0.178 Acc 94.875 Time 192.45 s
INFO:trainer:Epoch 25/30 | Train/Loss 0.219 Acc 0.937 | Val/Loss 0.151 Acc 95.525 Time 192.49 s
INFO:trainer:Epoch 26/30 | Train/Loss 0.193 Acc 0.943 | Val/Loss 0.150 Acc 95.537 Time 192.49 s
INFO:trainer:Epoch 27/30 | Train/Loss 0.222 Acc 0.936 | Val/Loss 0.154 Acc 95.537 Time 192.53 s
INFO:trainer:Epoch 28/30 | Train/Loss 0.193 Acc 0.944 | Val/Loss 0.129 Acc 96.100 Time 195.27 s
INFO:trainer:Epoch 29/30 | Train/Loss 0.196 Acc 0.940 | Val/Loss 0.144 Acc 95.912 Time 197.13 s
INFO:trainer:Epoch 30/30 | Train/Loss 0.198 Acc 0.938 | Val/Loss 0.151 Acc 95.638 Time 195.64 s
INFO:trainer:Best validation accuracy:96.112%
INFO:trainer:Average_Time 193.98 s
