INFO:trainer:CNNEx | mnist
INFO:trainer:in_size : 256 | epochs : 30 | batch : 8
INFO:trainer:kernel_l1 : 111 | kernel_l2 : 65 | kernel_l3 : 33 
INFO:trainer:o_channels_l1 : 10 | o_channels_l2 : 10 | o_channels_l3 : 10 
INFO:trainer:learn_num_train : 1000 | learn_num_validate : 1000 
INFO:trainer::::::::::::::::::::::::::::::::::::::::::::::::::::::::::::
INFO:trainer:message : conv1 
INFO:trainer::::::::::::::::::::::::::::::::::::::::::::::::::::::::::::
INFO:trainer:Epoch 1/30 | Train/Loss 9.915 Acc 0.680 | Val/Loss 1.523 Acc 79.987 Time 517.54 s
INFO:trainer:Epoch 2/30 | Train/Loss 1.397 Acc 0.811 | Val/Loss 1.051 Acc 82.325 Time 517.00 s
INFO:trainer:Epoch 3/30 | Train/Loss 0.928 Acc 0.838 | Val/Loss 0.427 Acc 88.413 Time 516.94 s
INFO:trainer:Epoch 4/30 | Train/Loss 0.491 Acc 0.883 | Val/Loss 0.346 Acc 91.163 Time 516.78 s
INFO:trainer:Epoch 5/30 | Train/Loss 0.509 Acc 0.876 | Val/Loss 0.398 Acc 88.475 Time 517.09 s
INFO:trainer:Epoch 6/30 | Train/Loss 0.383 Acc 0.895 | Val/Loss 0.293 Acc 91.938 Time 517.08 s
INFO:trainer:Epoch 7/30 | Train/Loss 0.397 Acc 0.893 | Val/Loss 0.265 Acc 92.325 Time 516.97 s
INFO:trainer:Epoch 8/30 | Train/Loss 0.365 Acc 0.904 | Val/Loss 0.340 Acc 90.963 Time 516.86 s
INFO:trainer:Epoch 9/30 | Train/Loss 0.325 Acc 0.912 | Val/Loss 0.322 Acc 91.412 Time 517.06 s
INFO:trainer:Epoch 10/30 | Train/Loss 0.348 Acc 0.904 | Val/Loss 0.251 Acc 92.263 Time 516.78 s
INFO:trainer:Epoch 11/30 | Train/Loss 0.337 Acc 0.909 | Val/Loss 0.323 Acc 91.000 Time 516.97 s
INFO:trainer:Epoch 12/30 | Train/Loss 0.347 Acc 0.911 | Val/Loss 0.226 Acc 93.225 Time 516.86 s
INFO:trainer:Epoch 13/30 | Train/Loss 0.313 Acc 0.915 | Val/Loss 0.273 Acc 92.312 Time 516.75 s
INFO:trainer:Epoch 14/30 | Train/Loss 0.297 Acc 0.920 | Val/Loss 0.284 Acc 93.450 Time 516.65 s
INFO:trainer:Epoch 15/30 | Train/Loss 0.294 Acc 0.919 | Val/Loss 0.248 Acc 92.850 Time 516.57 s
INFO:trainer:Epoch 16/30 | Train/Loss 0.253 Acc 0.930 | Val/Loss 0.218 Acc 94.000 Time 516.49 s
INFO:trainer:Epoch 17/30 | Train/Loss 0.251 Acc 0.931 | Val/Loss 0.214 Acc 94.275 Time 516.63 s
INFO:trainer:Epoch 18/30 | Train/Loss 0.257 Acc 0.929 | Val/Loss 0.253 Acc 93.075 Time 516.81 s
INFO:trainer:Epoch 19/30 | Train/Loss 0.244 Acc 0.933 | Val/Loss 0.186 Acc 94.900 Time 516.71 s
INFO:trainer:Epoch 20/30 | Train/Loss 0.251 Acc 0.934 | Val/Loss 0.225 Acc 94.125 Time 516.87 s
INFO:trainer:Epoch 21/30 | Train/Loss 0.228 Acc 0.940 | Val/Loss 0.204 Acc 94.388 Time 516.67 s
INFO:trainer:Epoch 22/30 | Train/Loss 0.224 Acc 0.938 | Val/Loss 0.201 Acc 94.737 Time 516.72 s
INFO:trainer:Epoch 23/30 | Train/Loss 0.243 Acc 0.934 | Val/Loss 0.174 Acc 95.213 Time 516.69 s
INFO:trainer:Epoch 24/30 | Train/Loss 0.208 Acc 0.945 | Val/Loss 0.194 Acc 95.013 Time 516.74 s
INFO:trainer:Epoch 25/30 | Train/Loss 0.202 Acc 0.941 | Val/Loss 0.200 Acc 94.800 Time 516.42 s
INFO:trainer:Epoch 26/30 | Train/Loss 0.220 Acc 0.940 | Val/Loss 0.184 Acc 95.288 Time 516.43 s
INFO:trainer:Epoch 27/30 | Train/Loss 0.223 Acc 0.941 | Val/Loss 0.164 Acc 95.312 Time 516.15 s
INFO:trainer:Epoch 28/30 | Train/Loss 0.185 Acc 0.950 | Val/Loss 0.168 Acc 95.625 Time 516.39 s
INFO:trainer:Epoch 29/30 | Train/Loss 0.215 Acc 0.942 | Val/Loss 0.192 Acc 94.550 Time 516.35 s
INFO:trainer:Epoch 30/30 | Train/Loss 0.195 Acc 0.946 | Val/Loss 0.166 Acc 95.462 Time 516.61 s
INFO:trainer:Best validation accuracy:95.625%
INFO:trainer:Average_Time 516.75 s
