INFO:trainer:CNNEx | mnist
INFO:trainer:in_size : 256 | epochs : 30 | batch : 8
INFO:trainer:kernel_l1 : 129 | kernel_l2 : 65 | kernel_l3 : 33 
INFO:trainer:o_channels_l1 : 10 | o_channels_l2 : 10 | o_channels_l3 : 10 
INFO:trainer:learn_num_train : 1000 | learn_num_validate : 1000 
INFO:trainer::::::::::::::::::::::::::::::::::::::::::::::::::::::::::::
INFO:trainer:message : conv1 
INFO:trainer::::::::::::::::::::::::::::::::::::::::::::::::::::::::::::
INFO:trainer:Epoch 1/30 | Train/Loss 4.277 Acc 0.686 | Val/Loss 0.615 Acc 85.288 Time 190.90 s
INFO:trainer:Epoch 2/30 | Train/Loss 0.665 Acc 0.830 | Val/Loss 0.419 Acc 88.625 Time 188.34 s
INFO:trainer:Epoch 3/30 | Train/Loss 0.480 Acc 0.867 | Val/Loss 0.447 Acc 86.213 Time 190.67 s
INFO:trainer:Epoch 4/30 | Train/Loss 0.480 Acc 0.866 | Val/Loss 0.366 Acc 88.862 Time 192.99 s
INFO:trainer:Epoch 5/30 | Train/Loss 0.418 Acc 0.879 | Val/Loss 0.365 Acc 90.862 Time 197.58 s
INFO:trainer:Epoch 6/30 | Train/Loss 0.390 Acc 0.887 | Val/Loss 0.407 Acc 89.325 Time 190.87 s
INFO:trainer:Epoch 7/30 | Train/Loss 0.386 Acc 0.894 | Val/Loss 0.275 Acc 92.475 Time 189.32 s
INFO:trainer:Epoch 8/30 | Train/Loss 0.346 Acc 0.907 | Val/Loss 0.284 Acc 92.388 Time 188.86 s
INFO:trainer:Epoch 9/30 | Train/Loss 0.359 Acc 0.902 | Val/Loss 0.320 Acc 91.525 Time 188.81 s
INFO:trainer:Epoch 10/30 | Train/Loss 0.340 Acc 0.906 | Val/Loss 0.242 Acc 92.725 Time 194.37 s
INFO:trainer:Epoch 11/30 | Train/Loss 0.343 Acc 0.906 | Val/Loss 0.270 Acc 92.562 Time 192.96 s
INFO:trainer:Epoch 12/30 | Train/Loss 0.332 Acc 0.909 | Val/Loss 0.225 Acc 93.713 Time 196.48 s
INFO:trainer:Epoch 13/30 | Train/Loss 0.303 Acc 0.919 | Val/Loss 0.306 Acc 92.300 Time 198.20 s
INFO:trainer:Epoch 14/30 | Train/Loss 0.299 Acc 0.920 | Val/Loss 0.233 Acc 93.362 Time 201.37 s
INFO:trainer:Epoch 15/30 | Train/Loss 0.297 Acc 0.922 | Val/Loss 0.298 Acc 91.900 Time 206.12 s
INFO:trainer:Epoch 16/30 | Train/Loss 0.289 Acc 0.921 | Val/Loss 0.246 Acc 93.388 Time 202.66 s
INFO:trainer:Epoch 17/30 | Train/Loss 0.282 Acc 0.925 | Val/Loss 0.244 Acc 93.825 Time 192.26 s
INFO:trainer:Epoch 18/30 | Train/Loss 0.259 Acc 0.932 | Val/Loss 0.203 Acc 94.525 Time 188.67 s
INFO:trainer:Epoch 19/30 | Train/Loss 0.278 Acc 0.928 | Val/Loss 0.209 Acc 94.537 Time 188.60 s
INFO:trainer:Epoch 20/30 | Train/Loss 0.286 Acc 0.924 | Val/Loss 0.207 Acc 94.088 Time 188.63 s
INFO:trainer:Epoch 21/30 | Train/Loss 0.246 Acc 0.932 | Val/Loss 0.194 Acc 94.725 Time 188.63 s
INFO:trainer:Epoch 22/30 | Train/Loss 0.278 Acc 0.928 | Val/Loss 0.207 Acc 94.062 Time 188.62 s
INFO:trainer:Epoch 23/30 | Train/Loss 0.258 Acc 0.929 | Val/Loss 0.177 Acc 94.925 Time 188.65 s
INFO:trainer:Epoch 24/30 | Train/Loss 0.247 Acc 0.933 | Val/Loss 0.168 Acc 95.325 Time 188.61 s
INFO:trainer:Epoch 25/30 | Train/Loss 0.246 Acc 0.934 | Val/Loss 0.239 Acc 93.362 Time 188.60 s
INFO:trainer:Epoch 26/30 | Train/Loss 0.231 Acc 0.936 | Val/Loss 0.191 Acc 94.438 Time 188.62 s
INFO:trainer:Epoch 27/30 | Train/Loss 0.246 Acc 0.938 | Val/Loss 0.192 Acc 94.950 Time 188.63 s
INFO:trainer:Epoch 28/30 | Train/Loss 0.216 Acc 0.941 | Val/Loss 0.224 Acc 93.775 Time 188.63 s
INFO:trainer:Epoch 29/30 | Train/Loss 0.258 Acc 0.933 | Val/Loss 0.172 Acc 95.125 Time 188.61 s
INFO:trainer:Epoch 30/30 | Train/Loss 0.232 Acc 0.940 | Val/Loss 0.191 Acc 95.088 Time 188.67 s
INFO:trainer:Best validation accuracy:95.325%
INFO:trainer:Average_Time 191.83 s
