INFO:trainer:FFT_CNNEx | mnist
INFO:trainer:in_size : 256 | epochs : 30 | batch : 8
INFO:trainer:kernel_l1 : 129 | kernel_l2 : 65 | kernel_l3 : 33 
INFO:trainer:o_channels_l1 : 10 | o_channels_l2 : 10 | o_channels_l3 : 10 
INFO:trainer:learn_num_train : 1000 | learn_num_validate : 1000 
INFO:trainer::::::::::::::::::::::::::::::::::::::::::::::::::::::::::::
INFO:trainer:Epoch 1/30 | Train/Loss 5.370 Acc 0.609 | Val/Loss 0.784 Acc 82.312 Time 57.85 s
INFO:trainer:Epoch 2/30 | Train/Loss 0.703 Acc 0.815 | Val/Loss 0.402 Acc 88.438 Time 57.83 s
INFO:trainer:Epoch 3/30 | Train/Loss 0.548 Acc 0.848 | Val/Loss 0.441 Acc 88.062 Time 57.21 s
INFO:trainer:Epoch 4/30 | Train/Loss 0.521 Acc 0.849 | Val/Loss 0.439 Acc 87.825 Time 56.64 s
INFO:trainer:Epoch 5/30 | Train/Loss 0.446 Acc 0.867 | Val/Loss 0.350 Acc 90.225 Time 56.96 s
INFO:trainer:Epoch 6/30 | Train/Loss 0.384 Acc 0.889 | Val/Loss 0.305 Acc 91.300 Time 56.54 s
INFO:trainer:Epoch 7/30 | Train/Loss 0.380 Acc 0.894 | Val/Loss 0.380 Acc 89.763 Time 57.07 s
INFO:trainer:Epoch 8/30 | Train/Loss 0.352 Acc 0.899 | Val/Loss 0.317 Acc 91.525 Time 56.57 s
INFO:trainer:Epoch 9/30 | Train/Loss 0.371 Acc 0.902 | Val/Loss 0.290 Acc 91.750 Time 56.55 s
INFO:trainer:Epoch 10/30 | Train/Loss 0.337 Acc 0.908 | Val/Loss 0.317 Acc 90.938 Time 56.34 s
INFO:trainer:Epoch 11/30 | Train/Loss 0.324 Acc 0.910 | Val/Loss 0.220 Acc 93.500 Time 56.46 s
INFO:trainer:Epoch 12/30 | Train/Loss 0.304 Acc 0.914 | Val/Loss 0.237 Acc 92.875 Time 56.69 s
INFO:trainer:Epoch 13/30 | Train/Loss 0.295 Acc 0.919 | Val/Loss 0.244 Acc 92.837 Time 58.08 s
INFO:trainer:Epoch 14/30 | Train/Loss 0.293 Acc 0.920 | Val/Loss 0.261 Acc 92.612 Time 58.37 s
INFO:trainer:Epoch 15/30 | Train/Loss 0.275 Acc 0.920 | Val/Loss 0.217 Acc 93.600 Time 58.12 s
INFO:trainer:Epoch 16/30 | Train/Loss 0.291 Acc 0.920 | Val/Loss 0.216 Acc 93.663 Time 56.97 s
INFO:trainer:Epoch 17/30 | Train/Loss 0.254 Acc 0.928 | Val/Loss 0.239 Acc 93.637 Time 56.53 s
INFO:trainer:Epoch 18/30 | Train/Loss 0.273 Acc 0.926 | Val/Loss 0.226 Acc 93.500 Time 56.95 s
INFO:trainer:Epoch 19/30 | Train/Loss 0.253 Acc 0.927 | Val/Loss 0.234 Acc 93.375 Time 57.91 s
INFO:trainer:Epoch 20/30 | Train/Loss 0.258 Acc 0.928 | Val/Loss 0.178 Acc 94.675 Time 57.11 s
INFO:trainer:Epoch 21/30 | Train/Loss 0.222 Acc 0.936 | Val/Loss 0.304 Acc 92.375 Time 57.02 s
INFO:trainer:Epoch 22/30 | Train/Loss 0.234 Acc 0.933 | Val/Loss 0.182 Acc 94.638 Time 57.00 s
INFO:trainer:Epoch 23/30 | Train/Loss 0.223 Acc 0.935 | Val/Loss 0.255 Acc 93.250 Time 57.37 s
INFO:trainer:Epoch 24/30 | Train/Loss 0.217 Acc 0.940 | Val/Loss 0.193 Acc 94.138 Time 56.89 s
INFO:trainer:Epoch 25/30 | Train/Loss 0.211 Acc 0.938 | Val/Loss 0.167 Acc 95.175 Time 57.03 s
INFO:trainer:Epoch 26/30 | Train/Loss 0.210 Acc 0.939 | Val/Loss 0.196 Acc 94.475 Time 56.96 s
INFO:trainer:Epoch 27/30 | Train/Loss 0.218 Acc 0.937 | Val/Loss 0.182 Acc 94.875 Time 57.46 s
INFO:trainer:Epoch 28/30 | Train/Loss 0.206 Acc 0.943 | Val/Loss 0.176 Acc 94.925 Time 57.13 s
INFO:trainer:Epoch 29/30 | Train/Loss 0.217 Acc 0.937 | Val/Loss 0.154 Acc 95.100 Time 56.98 s
INFO:trainer:Epoch 30/30 | Train/Loss 0.191 Acc 0.946 | Val/Loss 0.156 Acc 95.450 Time 57.03 s
INFO:trainer:Best validation accuracy:95.450%
INFO:trainer:Average_Time 57.12 s
