INFO:trainer:FFT_CNNEx | mnist
INFO:trainer:in_size : 256 | epochs : 30 | batch : 8
INFO:trainer:kernel_l1 : 145 | kernel_l2 : 65 | kernel_l3 : 33 
INFO:trainer:o_channels_l1 : 10 | o_channels_l2 : 10 | o_channels_l3 : 10 
INFO:trainer:learn_num_train : 1000 | learn_num_validate : 1000 
INFO:trainer::::::::::::::::::::::::::::::::::::::::::::::::::::::::::::
INFO:trainer:Epoch 1/30 | Train/Loss 1.892 Acc 0.656 | Val/Loss 0.561 Acc 84.300 Time 50.02 s
INFO:trainer:Epoch 2/30 | Train/Loss 0.648 Acc 0.817 | Val/Loss 0.568 Acc 83.750 Time 50.04 s
INFO:trainer:Epoch 3/30 | Train/Loss 0.559 Acc 0.839 | Val/Loss 0.353 Acc 89.587 Time 49.84 s
INFO:trainer:Epoch 4/30 | Train/Loss 0.477 Acc 0.863 | Val/Loss 0.352 Acc 89.750 Time 49.74 s
INFO:trainer:Epoch 5/30 | Train/Loss 0.458 Acc 0.871 | Val/Loss 0.279 Acc 91.550 Time 49.91 s
INFO:trainer:Epoch 6/30 | Train/Loss 0.454 Acc 0.869 | Val/Loss 0.243 Acc 92.912 Time 49.71 s
INFO:trainer:Epoch 7/30 | Train/Loss 0.418 Acc 0.882 | Val/Loss 0.286 Acc 91.825 Time 50.20 s
INFO:trainer:Epoch 8/30 | Train/Loss 0.398 Acc 0.886 | Val/Loss 0.273 Acc 91.712 Time 49.80 s
INFO:trainer:Epoch 9/30 | Train/Loss 0.371 Acc 0.891 | Val/Loss 0.197 Acc 93.950 Time 49.71 s
INFO:trainer:Epoch 10/30 | Train/Loss 0.348 Acc 0.903 | Val/Loss 0.250 Acc 92.612 Time 50.11 s
INFO:trainer:Epoch 11/30 | Train/Loss 0.335 Acc 0.904 | Val/Loss 0.233 Acc 93.537 Time 49.91 s
INFO:trainer:Epoch 12/30 | Train/Loss 0.327 Acc 0.912 | Val/Loss 0.217 Acc 93.975 Time 49.83 s
INFO:trainer:Epoch 13/30 | Train/Loss 0.320 Acc 0.910 | Val/Loss 0.206 Acc 93.675 Time 49.62 s
INFO:trainer:Epoch 14/30 | Train/Loss 0.298 Acc 0.915 | Val/Loss 0.212 Acc 94.000 Time 49.69 s
INFO:trainer:Epoch 15/30 | Train/Loss 0.288 Acc 0.917 | Val/Loss 0.193 Acc 94.400 Time 49.69 s
INFO:trainer:Epoch 16/30 | Train/Loss 0.283 Acc 0.921 | Val/Loss 0.192 Acc 94.037 Time 50.15 s
INFO:trainer:Epoch 17/30 | Train/Loss 0.271 Acc 0.922 | Val/Loss 0.150 Acc 95.662 Time 49.95 s
INFO:trainer:Epoch 18/30 | Train/Loss 0.266 Acc 0.924 | Val/Loss 0.176 Acc 95.025 Time 49.69 s
INFO:trainer:Epoch 19/30 | Train/Loss 0.265 Acc 0.924 | Val/Loss 0.177 Acc 95.000 Time 50.39 s
INFO:trainer:Epoch 20/30 | Train/Loss 0.259 Acc 0.928 | Val/Loss 0.169 Acc 95.075 Time 50.01 s
INFO:trainer:Epoch 21/30 | Train/Loss 0.224 Acc 0.935 | Val/Loss 0.155 Acc 95.525 Time 49.34 s
INFO:trainer:Epoch 22/30 | Train/Loss 0.242 Acc 0.930 | Val/Loss 0.150 Acc 95.912 Time 49.47 s
INFO:trainer:Epoch 23/30 | Train/Loss 0.235 Acc 0.930 | Val/Loss 0.153 Acc 95.425 Time 49.51 s
INFO:trainer:Epoch 24/30 | Train/Loss 0.228 Acc 0.936 | Val/Loss 0.191 Acc 94.612 Time 49.38 s
INFO:trainer:Epoch 25/30 | Train/Loss 0.223 Acc 0.935 | Val/Loss 0.155 Acc 95.438 Time 49.52 s
INFO:trainer:Epoch 26/30 | Train/Loss 0.229 Acc 0.934 | Val/Loss 0.170 Acc 95.237 Time 49.70 s
INFO:trainer:Epoch 27/30 | Train/Loss 0.222 Acc 0.936 | Val/Loss 0.138 Acc 95.825 Time 49.46 s
INFO:trainer:Epoch 28/30 | Train/Loss 0.198 Acc 0.942 | Val/Loss 0.160 Acc 94.963 Time 49.66 s
INFO:trainer:Epoch 29/30 | Train/Loss 0.202 Acc 0.941 | Val/Loss 0.160 Acc 95.225 Time 49.89 s
INFO:trainer:Epoch 30/30 | Train/Loss 0.199 Acc 0.943 | Val/Loss 0.163 Acc 95.175 Time 50.28 s
INFO:trainer:Best validation accuracy:95.912%
INFO:trainer:Average_Time 49.81 s
