INFO:trainer:FFT_CNNEx | mnist
INFO:trainer:in_size : 256 | epochs : 30 | batch : 8
INFO:trainer:kernel_l1 : 160 | kernel_l2 : 65 | kernel_l3 : 33 
INFO:trainer:o_channels_l1 : 10 | o_channels_l2 : 10 | o_channels_l3 : 10 
INFO:trainer:learn_num_train : 1000 | learn_num_validate : 1000 
INFO:trainer::::::::::::::::::::::::::::::::::::::::::::::::::::::::::::
INFO:trainer:Epoch 1/30 | Train/Loss 1.702 Acc 0.400 | Val/Loss 0.911 Acc 71.450 Time 45.89 s
INFO:trainer:Epoch 2/30 | Train/Loss 1.446 Acc 0.474 | Val/Loss 0.729 Acc 77.275 Time 45.59 s
INFO:trainer:Epoch 3/30 | Train/Loss 1.399 Acc 0.511 | Val/Loss 0.670 Acc 83.513 Time 46.08 s
INFO:trainer:Epoch 4/30 | Train/Loss 1.371 Acc 0.517 | Val/Loss 0.576 Acc 84.462 Time 45.84 s
INFO:trainer:Epoch 5/30 | Train/Loss 1.285 Acc 0.542 | Val/Loss 0.495 Acc 88.013 Time 46.09 s
INFO:trainer:Epoch 6/30 | Train/Loss 1.264 Acc 0.552 | Val/Loss 0.521 Acc 88.800 Time 46.10 s
INFO:trainer:Epoch 7/30 | Train/Loss 1.270 Acc 0.554 | Val/Loss 0.534 Acc 86.775 Time 45.62 s
INFO:trainer:Epoch 8/30 | Train/Loss 1.193 Acc 0.574 | Val/Loss 0.475 Acc 91.412 Time 45.67 s
INFO:trainer:Epoch 9/30 | Train/Loss 1.200 Acc 0.574 | Val/Loss 0.420 Acc 87.850 Time 45.76 s
INFO:trainer:Epoch 10/30 | Train/Loss 1.190 Acc 0.586 | Val/Loss 0.440 Acc 91.225 Time 46.02 s
INFO:trainer:Epoch 11/30 | Train/Loss 1.161 Acc 0.593 | Val/Loss 0.413 Acc 92.888 Time 46.03 s
INFO:trainer:Epoch 12/30 | Train/Loss 1.133 Acc 0.601 | Val/Loss 0.383 Acc 92.637 Time 45.78 s
INFO:trainer:Epoch 13/30 | Train/Loss 1.135 Acc 0.607 | Val/Loss 0.383 Acc 89.912 Time 46.21 s
INFO:trainer:Epoch 14/30 | Train/Loss 1.110 Acc 0.618 | Val/Loss 0.381 Acc 92.725 Time 46.04 s
INFO:trainer:Epoch 15/30 | Train/Loss 1.116 Acc 0.614 | Val/Loss 0.337 Acc 93.925 Time 46.30 s
INFO:trainer:Epoch 16/30 | Train/Loss 1.102 Acc 0.614 | Val/Loss 0.305 Acc 94.000 Time 45.42 s
INFO:trainer:Epoch 17/30 | Train/Loss 1.090 Acc 0.618 | Val/Loss 0.321 Acc 93.825 Time 46.13 s
INFO:trainer:Epoch 18/30 | Train/Loss 1.079 Acc 0.615 | Val/Loss 0.343 Acc 93.438 Time 45.57 s
INFO:trainer:Epoch 19/30 | Train/Loss 1.063 Acc 0.628 | Val/Loss 0.314 Acc 94.138 Time 45.70 s
INFO:trainer:Epoch 20/30 | Train/Loss 1.076 Acc 0.629 | Val/Loss 0.330 Acc 94.537 Time 45.31 s
INFO:trainer:Epoch 21/30 | Train/Loss 1.073 Acc 0.627 | Val/Loss 0.291 Acc 94.713 Time 46.11 s
INFO:trainer:Epoch 22/30 | Train/Loss 1.074 Acc 0.620 | Val/Loss 0.300 Acc 94.650 Time 45.69 s
INFO:trainer:Epoch 23/30 | Train/Loss 1.078 Acc 0.625 | Val/Loss 0.334 Acc 94.000 Time 45.72 s
INFO:trainer:Epoch 24/30 | Train/Loss 1.042 Acc 0.630 | Val/Loss 0.284 Acc 95.000 Time 45.28 s
INFO:trainer:Epoch 25/30 | Train/Loss 1.044 Acc 0.638 | Val/Loss 0.288 Acc 94.263 Time 46.19 s
INFO:trainer:Epoch 26/30 | Train/Loss 1.070 Acc 0.627 | Val/Loss 0.273 Acc 95.138 Time 46.38 s
INFO:trainer:Epoch 27/30 | Train/Loss 1.059 Acc 0.635 | Val/Loss 0.290 Acc 95.037 Time 46.01 s
INFO:trainer:Epoch 28/30 | Train/Loss 1.043 Acc 0.633 | Val/Loss 0.277 Acc 94.938 Time 45.77 s
INFO:trainer:Epoch 29/30 | Train/Loss 1.011 Acc 0.648 | Val/Loss 0.282 Acc 94.875 Time 45.54 s
INFO:trainer:Epoch 30/30 | Train/Loss 1.029 Acc 0.648 | Val/Loss 0.271 Acc 94.638 Time 45.40 s
INFO:trainer:Best validation accuracy:95.138%
INFO:trainer:Average_Time 45.84 s
