INFO:trainer:FFT_CNNEx | mnist
INFO:trainer:in_size : 256 | epochs : 30 | batch : 8
INFO:trainer:kernel_l1 : 111 | kernel_l2 : 65 | kernel_l3 : 33 
INFO:trainer:o_channels_l1 : 10 | o_channels_l2 : 10 | o_channels_l3 : 10 
INFO:trainer:learn_num_train : 1000 | learn_num_validate : 1000 
INFO:trainer::::::::::::::::::::::::::::::::::::::::::::::::::::::::::::
INFO:trainer:Epoch 1/30 | Train/Loss 7.042 Acc 0.755 | Val/Loss 2.084 Acc 83.312 Time 73.33 s
INFO:trainer:Epoch 2/30 | Train/Loss 0.704 Acc 0.863 | Val/Loss 0.284 Acc 92.225 Time 72.73 s
INFO:trainer:Epoch 3/30 | Train/Loss 0.418 Acc 0.889 | Val/Loss 0.417 Acc 88.375 Time 72.67 s
INFO:trainer:Epoch 4/30 | Train/Loss 0.447 Acc 0.888 | Val/Loss 0.251 Acc 92.637 Time 72.96 s
INFO:trainer:Epoch 5/30 | Train/Loss 0.382 Acc 0.898 | Val/Loss 0.273 Acc 91.412 Time 72.83 s
INFO:trainer:Epoch 6/30 | Train/Loss 0.350 Acc 0.905 | Val/Loss 0.265 Acc 91.875 Time 72.69 s
INFO:trainer:Epoch 7/30 | Train/Loss 0.321 Acc 0.909 | Val/Loss 0.317 Acc 91.500 Time 72.69 s
INFO:trainer:Epoch 8/30 | Train/Loss 0.361 Acc 0.901 | Val/Loss 0.260 Acc 92.250 Time 72.69 s
INFO:trainer:Epoch 9/30 | Train/Loss 0.307 Acc 0.915 | Val/Loss 0.264 Acc 92.688 Time 72.55 s
INFO:trainer:Epoch 10/30 | Train/Loss 0.319 Acc 0.916 | Val/Loss 0.253 Acc 93.000 Time 72.62 s
INFO:trainer:Epoch 11/30 | Train/Loss 0.303 Acc 0.920 | Val/Loss 0.215 Acc 94.050 Time 72.60 s
INFO:trainer:Epoch 12/30 | Train/Loss 0.289 Acc 0.927 | Val/Loss 0.200 Acc 93.850 Time 72.68 s
INFO:trainer:Epoch 13/30 | Train/Loss 0.272 Acc 0.926 | Val/Loss 0.180 Acc 94.537 Time 72.61 s
INFO:trainer:Epoch 14/30 | Train/Loss 0.270 Acc 0.930 | Val/Loss 0.152 Acc 95.762 Time 72.67 s
INFO:trainer:Epoch 15/30 | Train/Loss 0.269 Acc 0.927 | Val/Loss 0.218 Acc 93.863 Time 72.71 s
INFO:trainer:Epoch 16/30 | Train/Loss 0.251 Acc 0.934 | Val/Loss 0.162 Acc 95.275 Time 72.80 s
INFO:trainer:Epoch 17/30 | Train/Loss 0.253 Acc 0.936 | Val/Loss 0.188 Acc 94.700 Time 72.67 s
INFO:trainer:Epoch 18/30 | Train/Loss 0.232 Acc 0.938 | Val/Loss 0.190 Acc 94.600 Time 72.53 s
INFO:trainer:Epoch 19/30 | Train/Loss 0.235 Acc 0.938 | Val/Loss 0.235 Acc 94.725 Time 72.69 s
INFO:trainer:Epoch 20/30 | Train/Loss 0.218 Acc 0.941 | Val/Loss 0.167 Acc 95.337 Time 72.66 s
INFO:trainer:Epoch 21/30 | Train/Loss 0.227 Acc 0.939 | Val/Loss 0.187 Acc 94.775 Time 72.55 s
INFO:trainer:Epoch 22/30 | Train/Loss 0.229 Acc 0.939 | Val/Loss 0.198 Acc 94.000 Time 72.62 s
INFO:trainer:Epoch 23/30 | Train/Loss 0.197 Acc 0.948 | Val/Loss 0.152 Acc 95.837 Time 72.70 s
INFO:trainer:Epoch 24/30 | Train/Loss 0.189 Acc 0.948 | Val/Loss 0.175 Acc 95.150 Time 73.18 s
INFO:trainer:Epoch 25/30 | Train/Loss 0.195 Acc 0.948 | Val/Loss 0.165 Acc 95.163 Time 73.38 s
INFO:trainer:Epoch 26/30 | Train/Loss 0.219 Acc 0.941 | Val/Loss 0.152 Acc 95.612 Time 72.73 s
INFO:trainer:Epoch 27/30 | Train/Loss 0.202 Acc 0.946 | Val/Loss 0.197 Acc 94.263 Time 72.63 s
INFO:trainer:Epoch 28/30 | Train/Loss 0.189 Acc 0.946 | Val/Loss 0.155 Acc 95.788 Time 72.66 s
INFO:trainer:Epoch 29/30 | Train/Loss 0.198 Acc 0.945 | Val/Loss 0.156 Acc 95.487 Time 72.75 s
INFO:trainer:Epoch 30/30 | Train/Loss 0.167 Acc 0.951 | Val/Loss 0.169 Acc 95.362 Time 72.77 s
INFO:trainer:Best validation accuracy:95.837%
INFO:trainer:Average_Time 72.75 s
